1521771094.440601 select(5, [4], NULL, NULL, NULL) = 1 (in [4])
1521771094.460905 read(4, "n\2408\256S\274\264j\203\276-k{\310\353*UD\251l\377#;7?X,1\347\34[\363"..., 8192) = 44
1521771094.461688 write(4, "Nda\247\16h\254\26\0P\234\317h\365L\37\355\2711\16#1\220\327'\253\357\255\323\340~,"..., 68) = 68
1521771094.461753 select(5, [4], NULL, NULL, NULL) = 1 (in [4])
1521771094.462591 read(4, "\200\31+\36\337\220\376\205\314i$\333J9\241\306a&\340\256-\305\324\254'\373\34\206\336\327`\27"..., 8192) = 84
1521771094.462643 futex(0x7fe8d50e1530, FUTEX_WAKE_PRIVATE, 2147483647) = 0
1521771094.462680 futex(0x7fe8d50e13d0, FUTEX_WAKE_PRIVATE, 2147483647) = 0
1521771094.462713 futex(0x7fe8d76befa0, FUTEX_WAKE_PRIVATE, 2147483647) = 0
1521771094.462730 lstat("/etc/gss/mech", 0x7fff76d54ae0) = -1 ENOENT (No such file or directory)
1521771094.462779 openat(AT_FDCWD, "/etc/gss/mech.d", O_RDONLY|O_NONBLOCK|O_DIRECTORY|O_CLOEXEC) = 5
1521771094.462873 getdents(5, /* 3 entries */, 32768) = 88
1521771094.462906 open("/usr/lib64/gconv/gconv-modules.cache", O_RDONLY) = 6
1521771094.462926 fstat(6, {st_mode=S_IFREG|0644, st_size=26254, ...}) = 0
1521771094.462946 mmap(NULL, 26254, PROT_READ, MAP_SHARED, 6, 0) = 0x7fe8d9035000
1521771094.462965 close(6)              = 0
1521771094.462977 futex(0x7fe8d6d4ea80, FUTEX_WAKE_PRIVATE, 2147483647) = 0
1521771094.463000 getdents(5, /* 0 entries */, 32768) = 0
1521771094.463012 close(5)              = 0
1521771094.463026 lstat("/etc/gss/mech.d/gssproxy.conf", {st_mode=S_IFREG|0644, st_size=189, ...}) = 0
1521771094.463048 open("/etc/gss/mech.d/gssproxy.conf", O_RDONLY) = 5
1521771094.463066 fstat(5, {st_mode=S_IFREG|0644, st_size=189, ...}) = 0
1521771094.463078 mmap(NULL, 4096, PROT_READ|PROT_WRITE, MAP_PRIVATE|MAP_ANONYMOUS, -1, 0) = 0x7fe8d9034000
1521771094.463094 read(5, "# GSS-API mechanism plugins\n#\n# "..., 4096) = 189
1521771094.463122 read(5, "", 4096)     = 0
1521771094.463137 close(5)              = 0
1521771094.463150 munmap(0x7fe8d9034000, 4096) = 0
1521771094.463177 stat("/usr/lib64/gssproxy/proxymech.so", {st_mode=S_IFREG|0755, st_size=115072, ...}) = 0
1521771094.463203 futex(0x7fe8d85900d0, FUTEX_WAKE_PRIVATE, 2147483647) = 0
1521771094.463224 open("/usr/lib64/gssproxy/proxymech.so", O_RDONLY|O_CLOEXEC) = 5
1521771094.463239 read(5, "\177ELF\2\1\1\0\0\0\0\0\0\0\0\0\3\0>\0\1\0\0\0\320x\0\0\0\0\0\0"..., 832) = 832
1521771094.463252 fstat(5, {st_mode=S_IFREG|0755, st_size=115072, ...}) = 0
1521771094.463267 mmap(NULL, 2208224, PROT_READ|PROT_EXEC, MAP_PRIVATE|MAP_DENYWRITE, 5, 0) = 0x7fe8ce170000
1521771094.463281 mprotect(0x7fe8ce18b000, 2093056, PROT_NONE) = 0
1521771094.463297 mmap(0x7fe8ce38a000, 8192, PROT_READ|PROT_WRITE, MAP_PRIVATE|MAP_FIXED|MAP_DENYWRITE, 5, 0x1a000) = 0x7fe8ce38a000
1521771094.463320 close(5)              = 0
1521771094.463341 open("/etc/ld.so.cache", O_RDONLY|O_CLOEXEC) = 5
1521771094.463372 fstat(5, {st_mode=S_IFREG|0644, st_size=74765, ...}) = 0
1521771094.463385 mmap(NULL, 74765, PROT_READ, MAP_PRIVATE, 5, 0) = 0x7fe8d9007000
1521771094.463397 close(5)              = 0
1521771094.463416 open("/lib64/libgssrpc.so.4", O_RDONLY|O_CLOEXEC) = 5
1521771094.463436 read(5, "\177ELF\2\1\1\0\0\0\0\0\0\0\0\0\3\0>\0\1\0\0\0\340Z\0\0\0\0\0\0"..., 832) = 832
1521771094.463449 fstat(5, {st_mode=S_IFREG|0755, st_size=134368, ...}) = 0
1521771094.463463 mmap(NULL, 2227072, PROT_READ|PROT_EXEC, MAP_PRIVATE|MAP_DENYWRITE, 5, 0) = 0x7fe8cdf50000
1521771094.463476 mprotect(0x7fe8cdf6e000, 2097152, PROT_NONE) = 0
1521771094.463489 mmap(0x7fe8ce16e000, 8192, PROT_READ|PROT_WRITE, MAP_PRIVATE|MAP_FIXED|MAP_DENYWRITE, 5, 0x1e000) = 0x7fe8ce16e000
1521771094.463512 close(5)              = 0
1521771094.463667 mprotect(0x7fe8ce16e000, 4096, PROT_READ) = 0
1521771094.463824 mprotect(0x7fe8ce38a000, 4096, PROT_READ) = 0
1521771094.463845 munmap(0x7fe8d9007000, 74765) = 0
1521771094.463938 stat("/usr/lib64/gssproxy/proxymech.so", {st_mode=S_IFREG|0755, st_size=115072, ...}) = 0
1521771094.464029 futex(0x7fe8d7471480, FUTEX_WAKE_PRIVATE, 2147483647) = 0
1521771094.464056 futex(0x7fe8d74726d0, FUTEX_WAKE_PRIVATE, 2147483647) = 0
1521771094.464090 stat("/etc/krb5.conf", {st_mode=S_IFREG|0644, st_size=590, ...}) = 0
1521771094.464280 open("/etc/krb5.conf", O_RDONLY) = 5
1521771094.464299 fcntl(5, F_SETFD, FD_CLOEXEC) = 0
1521771094.464319 fstat(5, {st_mode=S_IFREG|0644, st_size=590, ...}) = 0
1521771094.464332 mmap(NULL, 4096, PROT_READ|PROT_WRITE, MAP_PRIVATE|MAP_ANONYMOUS, -1, 0) = 0x7fe8d9034000
1521771094.464346 read(5, "# Configuration snippets may be "..., 4096) = 590
1521771094.464381 openat(AT_FDCWD, "/etc/krb5.conf.d/", O_RDONLY|O_NONBLOCK|O_DIRECTORY|O_CLOEXEC) = 6
1521771094.464401 getdents(6, /* 2 entries */, 32768) = 48
1521771094.464415 getdents(6, /* 0 entries */, 32768) = 0
1521771094.464428 close(6)              = 0
1521771094.464450 read(5, "", 4096)     = 0
1521771094.464464 close(5)              = 0
1521771094.464475 munmap(0x7fe8d9034000, 4096) = 0
1521771094.464606 stat("/etc/krb5.conf", {st_mode=S_IFREG|0644, st_size=590, ...}) = 0
1521771094.464628 open("/etc/krb5.conf", O_RDONLY) = 5
1521771094.464643 fcntl(5, F_SETFD, FD_CLOEXEC) = 0
1521771094.464655 fstat(5, {st_mode=S_IFREG|0644, st_size=590, ...}) = 0
1521771094.464668 mmap(NULL, 4096, PROT_READ|PROT_WRITE, MAP_PRIVATE|MAP_ANONYMOUS, -1, 0) = 0x7fe8d9034000
1521771094.464681 read(5, "# Configuration snippets may be "..., 4096) = 590
1521771094.464696 openat(AT_FDCWD, "/etc/krb5.conf.d/", O_RDONLY|O_NONBLOCK|O_DIRECTORY|O_CLOEXEC) = 6
1521771094.464712 getdents(6, /* 2 entries */, 32768) = 48
1521771094.464726 getdents(6, /* 0 entries */, 32768) = 0
1521771094.464736 close(6)              = 0
1521771094.464754 read(5, "", 4096)     = 0
1521771094.464766 close(5)              = 0
1521771094.464777 munmap(0x7fe8d9034000, 4096) = 0
1521771094.464810 access("/etc/krb5.conf", R_OK) = 0
1521771094.464829 stat("/etc/krb5.conf", {st_mode=S_IFREG|0644, st_size=590, ...}) = 0
1521771094.464896 stat("/etc/sysconfig/64bit_strstr_via_64bit_strstr_sse2_unaligned", 0x7fff76d54070) = -1 ENOENT (No such file or directory)
1521771094.464927 geteuid()             = 1001
1521771094.464959 open("/var/kerberos/krb5/user/1001/client.keytab", O_RDONLY) = -1 ENOENT (No such file or directory)
1521771094.464998 getuid()              = 1001
1521771094.465025 keyctl(KEYCTL_GET_PERSISTENT, 1001, KEY_SPEC_PROCESS_KEYRING) = 314351014
1521771094.465847 keyctl(KEYCTL_SEARCH, 314351014, "keyring", "_krb", KEY_SPEC_PROCESS_KEYRING) = 842596139
1521771094.465884 keyctl(KEYCTL_SEARCH, 842596139, "user", "krb_ccache:primary", 0) = 488544336
1521771094.465903 keyctl(KEYCTL_READ, 488544336, NULL, 0) = 12
1521771094.465917 keyctl(KEYCTL_READ, 488544336, "", 12) = 12
1521771094.465930 keyctl(KEYCTL_READ, 842596139, NULL, 0) = 4
1521771094.465941 keyctl(KEYCTL_READ, 842596139, "P\230\36\35", 4) = 4
1521771094.465952 keyctl(KEYCTL_SEARCH, 842596139, "keyring", "1001", 0) = -1 ENOKEY (Required key not available)
1521771094.465969 keyctl(KEYCTL_DESCRIBE, 488544336, NULL, 0) = 43
1521771094.465982 keyctl(KEYCTL_DESCRIBE, 488544336, "user;1001;1001;3f010000;krb_ccac"..., 43) = 43
1521771094.466027 stat("/etc/krb5.conf", {st_mode=S_IFREG|0644, st_size=590, ...}) = 0
1521771094.466047 open("/etc/krb5.conf", O_RDONLY) = 5
1521771094.466061 fcntl(5, F_SETFD, FD_CLOEXEC) = 0
1521771094.466074 fstat(5, {st_mode=S_IFREG|0644, st_size=590, ...}) = 0
1521771094.466086 mmap(NULL, 4096, PROT_READ|PROT_WRITE, MAP_PRIVATE|MAP_ANONYMOUS, -1, 0) = 0x7fe8d9034000
1521771094.466100 read(5, "# Configuration snippets may be "..., 4096) = 590
1521771094.466116 openat(AT_FDCWD, "/etc/krb5.conf.d/", O_RDONLY|O_NONBLOCK|O_DIRECTORY|O_CLOEXEC) = 6
1521771094.466131 getdents(6, /* 2 entries */, 32768) = 48
1521771094.466144 getdents(6, /* 0 entries */, 32768) = 0
1521771094.466155 close(6)              = 0
1521771094.466173 read(5, "", 4096)     = 0
1521771094.466185 close(5)              = 0
1521771094.466197 munmap(0x7fe8d9034000, 4096) = 0
1521771094.466238 stat("/etc/krb5.conf", {st_mode=S_IFREG|0644, st_size=590, ...}) = 0
1521771094.466258 open("/etc/krb5.conf", O_RDONLY) = 5
1521771094.466272 fcntl(5, F_SETFD, FD_CLOEXEC) = 0
1521771094.466290 fstat(5, {st_mode=S_IFREG|0644, st_size=590, ...}) = 0
1521771094.466302 mmap(NULL, 4096, PROT_READ|PROT_WRITE, MAP_PRIVATE|MAP_ANONYMOUS, -1, 0) = 0x7fe8d9034000
1521771094.466315 read(5, "# Configuration snippets may be "..., 4096) = 590
1521771094.466331 openat(AT_FDCWD, "/etc/krb5.conf.d/", O_RDONLY|O_NONBLOCK|O_DIRECTORY|O_CLOEXEC) = 6
1521771094.466345 getdents(6, /* 2 entries */, 32768) = 48
1521771094.466358 getdents(6, /* 0 entries */, 32768) = 0
1521771094.466384 close(6)              = 0
1521771094.466402 read(5, "", 4096)     = 0
1521771094.466414 close(5)              = 0
1521771094.466425 munmap(0x7fe8d9034000, 4096) = 0
1521771094.466459 stat("/etc/krb5.conf", {st_mode=S_IFREG|0644, st_size=590, ...}) = 0
1521771094.466478 open("/etc/krb5.conf", O_RDONLY) = 5
1521771094.466492 fcntl(5, F_SETFD, FD_CLOEXEC) = 0
1521771094.466504 fstat(5, {st_mode=S_IFREG|0644, st_size=590, ...}) = 0
1521771094.466516 mmap(NULL, 4096, PROT_READ|PROT_WRITE, MAP_PRIVATE|MAP_ANONYMOUS, -1, 0) = 0x7fe8d9034000
1521771094.466528 read(5, "# Configuration snippets may be "..., 4096) = 590
1521771094.466544 openat(AT_FDCWD, "/etc/krb5.conf.d/", O_RDONLY|O_NONBLOCK|O_DIRECTORY|O_CLOEXEC) = 6
1521771094.466558 getdents(6, /* 2 entries */, 32768) = 48
1521771094.466571 getdents(6, /* 0 entries */, 32768) = 0
1521771094.466582 close(6)              = 0
1521771094.466599 read(5, "", 4096)     = 0
1521771094.466611 close(5)              = 0
1521771094.466622 munmap(0x7fe8d9034000, 4096) = 0
1521771094.466647 access("/etc/krb5.conf", R_OK) = 0
1521771094.466663 stat("/etc/krb5.conf", {st_mode=S_IFREG|0644, st_size=590, ...}) = 0
1521771094.466682 geteuid()             = 1001
1521771094.466697 open("/var/kerberos/krb5/user/1001/client.keytab", O_RDONLY) = -1 ENOENT (No such file or directory)
1521771094.466719 getuid()              = 1001
1521771094.466733 keyctl(KEYCTL_GET_PERSISTENT, 1001, KEY_SPEC_PROCESS_KEYRING) = 314351014
1521771094.466747 keyctl(KEYCTL_SEARCH, 314351014, "keyring", "_krb", KEY_SPEC_PROCESS_KEYRING) = 842596139
1521771094.466762 keyctl(KEYCTL_SEARCH, 842596139, "user", "krb_ccache:primary", 0) = 488544336
1521771094.466775 keyctl(KEYCTL_READ, 488544336, NULL, 0) = 12
1521771094.466786 keyctl(KEYCTL_READ, 488544336, "", 12) = 12
1521771094.466798 keyctl(KEYCTL_READ, 842596139, NULL, 0) = 4
1521771094.466809 keyctl(KEYCTL_READ, 842596139, "P\230\36\35", 4) = 4
1521771094.466820 keyctl(KEYCTL_SEARCH, 842596139, "keyring", "1001", 0) = -1 ENOKEY (Required key not available)
1521771094.466833 keyctl(KEYCTL_DESCRIBE, 488544336, NULL, 0) = 43
1521771094.466845 keyctl(KEYCTL_DESCRIBE, 488544336, "user;1001;1001;3f010000;krb_ccac"..., 43) = 43
1521771094.466890 access("/etc/krb5.conf", R_OK) = 0
1521771094.466909 stat("/etc/krb5.conf", {st_mode=S_IFREG|0644, st_size=590, ...}) = 0
1521771094.466941 stat("/etc/krb5.conf", {st_mode=S_IFREG|0644, st_size=590, ...}) = 0
1521771094.466957 open("/etc/krb5.conf", O_RDONLY) = 5
1521771094.466971 fcntl(5, F_SETFD, FD_CLOEXEC) = 0
1521771094.466984 fstat(5, {st_mode=S_IFREG|0644, st_size=590, ...}) = 0
1521771094.466996 mmap(NULL, 4096, PROT_READ|PROT_WRITE, MAP_PRIVATE|MAP_ANONYMOUS, -1, 0) = 0x7fe8d9034000
1521771094.467009 read(5, "# Configuration snippets may be "..., 4096) = 590
1521771094.467025 openat(AT_FDCWD, "/etc/krb5.conf.d/", O_RDONLY|O_NONBLOCK|O_DIRECTORY|O_CLOEXEC) = 6
1521771094.467040 getdents(6, /* 2 entries */, 32768) = 48
1521771094.467052 getdents(6, /* 0 entries */, 32768) = 0
1521771094.467063 close(6)              = 0
1521771094.467080 read(5, "", 4096)     = 0
1521771094.467092 close(5)              = 0
1521771094.467103 munmap(0x7fe8d9034000, 4096) = 0
1521771094.467135 stat("/home/king/.ssh/id_rsa", 0x7fff76d54b60) = -1 ENOENT (No such file or directory)
1521771094.467473 stat("/home/king/.ssh/id_dsa", 0x7fff76d54b60) = -1 ENOENT (No such file or directory)
1521771094.467490 stat("/home/king/.ssh/id_ecdsa", 0x7fff76d54b60) = -1 ENOENT (No such file or directory)
1521771094.467503 stat("/home/king/.ssh/id_ed25519", 0x7fff76d54b60) = -1 ENOENT (No such file or directory)
1521771094.467528 open("/dev/tty", O_RDWR) = 5
1521771094.467591 close(5)              = 0
1521771094.467604 open("/dev/tty", O_RDWR) = 5
1521771094.467618 ioctl(5, TCGETS, {B38400 opost isig icanon echo ...}) = 0
1521771094.467642 ioctl(5, SNDCTL_TMR_CONTINUE or TCSETSF, {B38400 opost isig icanon -echo ...}) = 0
1521771094.467657 rt_sigaction(SIGALRM, {0x55da6c8345b0, [], SA_RESTORER, 0x7fe8d69c6270}, {SIG_DFL, [], 0}, 8) = 0
1521771094.467673 rt_sigaction(SIGHUP, {0x55da6c8345b0, [], SA_RESTORER, 0x7fe8d69c6270}, {SIG_DFL, [], 0}, 8) = 0
1521771094.467685 rt_sigaction(SIGINT, {0x55da6c8345b0, [], SA_RESTORER, 0x7fe8d69c6270}, {SIG_DFL, [], 0}, 8) = 0
1521771094.467697 rt_sigaction(SIGPIPE, {0x55da6c8345b0, [], SA_RESTORER, 0x7fe8d69c6270}, {SIG_IGN, [], SA_RESTORER, 0x7fe8d69c6270}, 8) = 0
1521771094.467709 rt_sigaction(SIGQUIT, {0x55da6c8345b0, [], SA_RESTORER, 0x7fe8d69c6270}, {SIG_DFL, [], 0}, 8) = 0
1521771094.467721 rt_sigaction(SIGTERM, {0x55da6c8345b0, [], SA_RESTORER, 0x7fe8d69c6270}, {SIG_DFL, [], 0}, 8) = 0
1521771094.467732 rt_sigaction(SIGTSTP, {0x55da6c8345b0, [], SA_RESTORER, 0x7fe8d69c6270}, {SIG_DFL, [], 0}, 8) = 0
1521771094.467744 rt_sigaction(SIGTTIN, {0x55da6c8345b0, [], SA_RESTORER, 0x7fe8d69c6270}, {SIG_DFL, [], 0}, 8) = 0
1521771094.467755 rt_sigaction(SIGTTOU, {0x55da6c8345b0, [], SA_RESTORER, 0x7fe8d69c6270}, {SIG_DFL, [], 0}, 8) = 0
1521771094.467767 write(5, "jacob@192.168.125.180's password"..., 34) = 34
1521771094.467803 read(5, "b", 1)       = 1
1521771094.467911 read(5, "b", 1)       = 1
1521771094.467925 read(5, "c", 1)       = 1
1521771094.467936 read(5, "0", 1)       = 1
1521771094.467947 read(5, "0", 1)       = 1
1521771094.467959 read(5, "0", 1)       = 1
1521771094.467970 read(5, "7", 1)       = 1
1521771094.467981 read(5, "3", 1)       = 1
1521771094.467992 read(5, "1", 1)       = 1
1521771094.468004 read(5, "\n", 1)      = 1
1521771094.468015 write(5, "\n", 1)     = 1
1521771094.468047 ioctl(5, SNDCTL_TMR_CONTINUE or TCSETSF, {B38400 opost isig icanon echo ...}) = 0
1521771094.468063 rt_sigaction(SIGALRM, {SIG_DFL, [], SA_RESTORER, 0x7fe8d69c6270}, NULL, 8) = 0
1521771094.468075 rt_sigaction(SIGHUP, {SIG_DFL, [], SA_RESTORER, 0x7fe8d69c6270}, NULL, 8) = 0
1521771094.468087 rt_sigaction(SIGINT, {SIG_DFL, [], SA_RESTORER, 0x7fe8d69c6270}, NULL, 8) = 0
1521771094.468098 rt_sigaction(SIGQUIT, {SIG_DFL, [], SA_RESTORER, 0x7fe8d69c6270}, NULL, 8) = 0
1521771094.468109 rt_sigaction(SIGPIPE, {SIG_IGN, [], SA_RESTORER, 0x7fe8d69c6270}, NULL, 8) = 0
1521771094.468120 rt_sigaction(SIGTERM, {SIG_DFL, [], SA_RESTORER, 0x7fe8d69c6270}, NULL, 8) = 0
1521771094.468131 rt_sigaction(SIGTSTP, {SIG_DFL, [], SA_RESTORER, 0x7fe8d69c6270}, NULL, 8) = 0
1521771094.468142 rt_sigaction(SIGTTIN, {SIG_DFL, [], SA_RESTORER, 0x7fe8d69c6270}, NULL, 8) = 0
1521771094.468153 rt_sigaction(SIGTTOU, {SIG_DFL, [], SA_RESTORER, 0x7fe8d69c6270}, NULL, 8) = 0
1521771094.468164 close(5)              = 0
1521771094.468184 write(4, "\241\6\214\245a\321F\17z3n\250\262\214\325z\351\227f\364\22i3\3605\t\326\251\260 r\25"..., 148) = 148
1521771094.468251 select(5, [4], NULL, NULL, NULL) = 1 (in [4])
1521771094.482222 read(4, "G\347\276s\5\203*\333\16\303\240R\330\3654g\377l{\31\203\214\5\264KQU\334", 8192) = 28
1521771094.482264 dup(0)                = 5
1521771094.482276 dup(1)                = 6
1521771094.482286 dup(2)                = 7
1521771094.482295 ioctl(5, TCGETS, {B38400 opost isig icanon echo ...}) = 0
1521771094.482313 ioctl(6, TCGETS, {B38400 opost isig icanon echo ...}) = 0
1521771094.482325 ioctl(7, TCGETS, {B38400 opost isig icanon echo ...}) = 0
1521771094.482340 fcntl(5, F_SETFD, FD_CLOEXEC) = 0
1521771094.482353 fcntl(6, F_SETFD, FD_CLOEXEC) = 0
1521771094.482363 fcntl(7, F_SETFD, FD_CLOEXEC) = 0
1521771094.482402 rt_sigaction(SIGHUP, NULL, {SIG_DFL, [], SA_RESTORER, 0x7fe8d69c6270}, 8) = 0
1521771094.482420 rt_sigaction(SIGHUP, {SIG_IGN, [], SA_RESTORER, 0x7fe8d69c6270}, NULL, 8) = 0
1521771094.482431 rt_sigaction(SIGHUP, NULL, {SIG_IGN, [], SA_RESTORER, 0x7fe8d69c6270}, 8) = 0
1521771094.482453 rt_sigaction(SIGHUP, {0x55da6c7d71a0, [], SA_RESTORER, 0x7fe8d69c6270}, NULL, 8) = 0
1521771094.482465 rt_sigaction(SIGINT, NULL, {SIG_DFL, [], SA_RESTORER, 0x7fe8d69c6270}, 8) = 0
1521771094.482476 rt_sigaction(SIGINT, {SIG_IGN, [], SA_RESTORER, 0x7fe8d69c6270}, NULL, 8) = 0
1521771094.482487 rt_sigaction(SIGINT, NULL, {SIG_IGN, [], SA_RESTORER, 0x7fe8d69c6270}, 8) = 0
1521771094.482498 rt_sigaction(SIGINT, {0x55da6c7d71a0, [], SA_RESTORER, 0x7fe8d69c6270}, NULL, 8) = 0
1521771094.482509 rt_sigaction(SIGQUIT, NULL, {SIG_DFL, [], SA_RESTORER, 0x7fe8d69c6270}, 8) = 0
1521771094.482520 rt_sigaction(SIGQUIT, {SIG_IGN, [], SA_RESTORER, 0x7fe8d69c6270}, NULL, 8) = 0
1521771094.482531 rt_sigaction(SIGQUIT, NULL, {SIG_IGN, [], SA_RESTORER, 0x7fe8d69c6270}, 8) = 0
1521771094.482542 rt_sigaction(SIGQUIT, {0x55da6c7d71a0, [], SA_RESTORER, 0x7fe8d69c6270}, NULL, 8) = 0
1521771094.482553 rt_sigaction(SIGTERM, NULL, {SIG_DFL, [], SA_RESTORER, 0x7fe8d69c6270}, 8) = 0
1521771094.482564 rt_sigaction(SIGTERM, {SIG_IGN, [], SA_RESTORER, 0x7fe8d69c6270}, NULL, 8) = 0
1521771094.482575 rt_sigaction(SIGTERM, NULL, {SIG_IGN, [], SA_RESTORER, 0x7fe8d69c6270}, 8) = 0
1521771094.482586 rt_sigaction(SIGTERM, {0x55da6c7d71a0, [], SA_RESTORER, 0x7fe8d69c6270}, NULL, 8) = 0
1521771094.482597 rt_sigaction(SIGWINCH, NULL, {SIG_DFL, [], 0}, 8) = 0
1521771094.482609 rt_sigaction(SIGWINCH, {0x55da6c7d7430, [], SA_RESTORER, 0x7fe8d69c6270}, NULL, 8) = 0
1521771094.482620 ioctl(0, TCGETS, {B38400 opost isig icanon echo ...}) = 0
1521771094.482634 ioctl(0, SNDCTL_TMR_STOP or TCSETSW, {B38400 -opost -isig -icanon -echo ...}) = 0
1521771094.482650 clock_gettime(CLOCK_BOOTTIME, {4620, 690826026}) = 0
1521771094.482664 clock_gettime(CLOCK_BOOTTIME, {4620, 690838644}) = 0
1521771094.482676 select(8, [4], [4], NULL, NULL) = 1 (out [4])
1521771094.482692 clock_gettime(CLOCK_BOOTTIME, {4620, 690867234}) = 0
1521771094.482704 write(4, "\325\350R\203\f\332IwF\326X\2335Yt\366\351\220\212\220\364\22k\212{v%I54\335\343"..., 112) = 112
1521771094.482780 clock_gettime(CLOCK_BOOTTIME, {4620, 690957992}) = 0
1521771094.482802 clock_gettime(CLOCK_BOOTTIME, {4620, 690977441}) = 0
1521771094.482814 select(8, [4], [], NULL, NULL) = 1 (in [4])
1521771094.632602 clock_gettime(CLOCK_BOOTTIME, {4620, 840780432}) = 0
1521771094.632620 read(4, "o\24\320\250\367\311\277_\347\3\362\361he\367rN\n U\262~F\327\256\2%\315\357A\3360"..., 8192) = 500
1521771094.632660 clock_gettime(CLOCK_BOOTTIME, {4620, 840835452}) = 0
1521771094.632673 clock_gettime(CLOCK_BOOTTIME, {4620, 840847593}) = 0
1521771094.632685 select(8, [4], [], NULL, NULL) = 1 (in [4])
1521771094.673016 clock_gettime(CLOCK_BOOTTIME, {4620, 881193545}) = 0
1521771094.673033 read(4, "MB\251u%\205\337\361vy\313\320T\321\240\355\22\352\365\6a9\253y\vk\6:\304\266\265O"..., 8192) = 44
1521771094.673063 getsockopt(4, SOL_TCP, TCP_NODELAY, [0], [4]) = 0
1521771094.673085 setsockopt(4, SOL_TCP, TCP_NODELAY, [1], 4) = 0
1521771094.673098 getsockname(4, {sa_family=AF_INET, sin_port=htons(43046), sin_addr=inet_addr("192.168.125.181")}, [16]) = 0
1521771094.673125 setsockopt(4, SOL_IP, IP_TOS, [16], 4) = 0
1521771094.673138 ioctl(0, TIOCGWINSZ, {ws_row=38, ws_col=194, ws_xpixel=0, ws_ypixel=0}) = 0
1521771094.673186 clock_gettime(CLOCK_BOOTTIME, {4620, 881362785}) = 0
1521771094.673200 clock_gettime(CLOCK_BOOTTIME, {4620, 881374930}) = 0
1521771094.673212 select(8, [4], [4], NULL, NULL) = 1 (out [4])
1521771094.673228 clock_gettime(CLOCK_BOOTTIME, {4620, 881402746}) = 0
1521771094.673242 write(4, "zC\360\263D~5U\370\17\231\310:6\370\320\362a\317\242\323uG\336x\377{\324wK\323\17"..., 504) = 504
1521771094.673306 clock_gettime(CLOCK_BOOTTIME, {4620, 881480989}) = 0
1521771094.673318 clock_gettime(CLOCK_BOOTTIME, {4620, 881493082}) = 0
1521771094.673330 select(8, [4], [], NULL, NULL) = 1 (in [4])
1521771094.678617 clock_gettime(CLOCK_BOOTTIME, {4620, 886794285}) = 0
1521771094.678634 read(4, ".\250\212nX\325j\252\220\254\221\26\351\271]m\0Mkl`\362.h^\370\27\363\224\\\337e"..., 8192) = 108
1521771094.678704 clock_gettime(CLOCK_BOOTTIME, {4620, 886880842}) = 0
1521771094.678718 clock_gettime(CLOCK_BOOTTIME, {4620, 886893144}) = 0
1521771094.678730 select(8, [4 5], [], NULL, NULL) = 1 (in [4])
1521771094.680495 clock_gettime(CLOCK_BOOTTIME, {4620, 888671342}) = 0
1521771094.680509 read(4, "?VwDiH\343\224\3458\355{\262\236\211\216\213\342\256\344\312\373\30\201f\362`X\235\204\2305"..., 8192) = 100
1521771094.680578 clock_gettime(CLOCK_BOOTTIME, {4620, 888754149}) = 0
1521771094.680591 clock_gettime(CLOCK_BOOTTIME, {4620, 888765686}) = 0
1521771094.680603 select(8, [4 5], [6], NULL, NULL) = 1 (out [6])
1521771094.680621 clock_gettime(CLOCK_BOOTTIME, {4620, 888795948}) = 0
1521771094.680633 write(6, "Last login: Fri Mar 23 10:07:23 "..., 60) = 60
1521771094.680697 clock_gettime(CLOCK_BOOTTIME, {4620, 888872759}) = 0
1521771094.680710 clock_gettime(CLOCK_BOOTTIME, {4620, 888884909}) = 0
1521771094.680722 select(8, [4 5], [], NULL, NULL) = 1 (in [4])
1521771094.790569 clock_gettime(CLOCK_BOOTTIME, {4620, 998746842}) = 0
1521771094.790587 read(4, "\6\314\344b\26\340\346s4<\203\201\203\256\251\200Q\210\206\24\34\7\354,\343\340hq\356\225\31)"..., 8192) = 84
1521771094.790615 clock_gettime(CLOCK_BOOTTIME, {4620, 998790858}) = 0
1521771094.790628 clock_gettime(CLOCK_BOOTTIME, {4620, 998802432}) = 0
1521771094.790640 select(8, [4 5], [6], NULL, NULL) = 1 (out [6])
1521771094.790657 clock_gettime(CLOCK_BOOTTIME, {4620, 998832381}) = 0
1521771094.790669 write(6, "\33]0;jacob@study:~\7\33[?1034h[jacob"..., 43) = 43
1521771094.790707 clock_gettime(CLOCK_BOOTTIME, {4620, 998882555}) = 0
1521771094.790730 clock_gettime(CLOCK_BOOTTIME, {4620, 998907161}) = 0
1521771094.790744 select(8, [4 5], [], NULL, NULL) = 1 (in [5])
1521771132.795265 clock_gettime(CLOCK_BOOTTIME, {4659, 3443168}) = 0
1521771132.795283 read(5, "\4", 16384)  = 1
1521771132.795316 clock_gettime(CLOCK_BOOTTIME, {4659, 3491611}) = 0
1521771132.795328 clock_gettime(CLOCK_BOOTTIME, {4659, 3503365}) = 0
1521771132.795341 select(8, [4 5], [4], NULL, NULL) = 1 (out [4])
1521771132.795358 clock_gettime(CLOCK_BOOTTIME, {4659, 3532590}) = 0
1521771132.795370 write(4, "R\34\22\366\346*i36_\n\335\350\276b+ g\271M\267\325\236\0\225%U\251\"0\327."..., 36) = 36
1521771132.795447 clock_gettime(CLOCK_BOOTTIME, {4659, 3622488}) = 0
1521771132.795460 clock_gettime(CLOCK_BOOTTIME, {4659, 3634859}) = 0
1521771132.795472 select(8, [4 5], [], NULL, NULL) = 1 (in [4])
1521771132.796441 clock_gettime(CLOCK_BOOTTIME, {4659, 4617636}) = 0
1521771132.796456 read(4, "\247\244\37E\341H\276\251\334A\226)\210lRf[\37@\227\321\246\235\351D\265\334\3233\304\5\214"..., 8192) = 220
1521771132.796482 close(5)              = 0
1521771132.796500 clock_gettime(CLOCK_BOOTTIME, {4659, 4675057}) = 0
1521771132.796512 clock_gettime(CLOCK_BOOTTIME, {4659, 4686653}) = 0
1521771132.796523 select(8, [4], [6], NULL, NULL) = 1 (out [6])
1521771132.796540 clock_gettime(CLOCK_BOOTTIME, {4659, 4715291}) = 0
1521771132.796552 write(6, "logout\r\n", 8) = 8
1521771132.796568 clock_gettime(CLOCK_BOOTTIME, {4659, 4742744}) = 0
1521771132.796579 clock_gettime(CLOCK_BOOTTIME, {4659, 4754089}) = 0
1521771132.796591 close(6)              = 0
1521771132.796602 ioctl(0, SNDCTL_TMR_STOP or TCSETSW, {B38400 opost isig icanon echo ...}) = 0
1521771132.796630 close(7)              = 0
1521771132.796643 select(8, [4], [4], NULL, NULL) = 1 (out [4])
1521771132.796659 clock_gettime(CLOCK_BOOTTIME, {4659, 4834048}) = 0
1521771132.796671 write(4, "I\345\203\344\264[sL\215\362\26W\214\375\334\356\36\1)\25\360\t\322c\225\302\220\325VdA\21"..., 36) = 36
1521771132.796735 rt_sigaction(SIGWINCH, NULL, {0x55da6c7d7430, [], SA_RESTORER, 0x7fe8d69c6270}, 8) = 0
1521771132.796752 rt_sigaction(SIGWINCH, {SIG_DFL, [], SA_RESTORER, 0x7fe8d69c6270}, NULL, 8) = 0
1521771132.796768 write(4, "\2473-\357\266\357\271\377\2;\227\372L\220\332\344i\306\177\t\266\342C\273\30\355\377\317\274\n\204&"..., 60) = 60
1521771132.796820 ioctl(0, TCGETS, {B38400 opost isig icanon echo ...}) = 0
1521771132.796835 ioctl(1, TCGETS, {B38400 opost isig icanon echo ...}) = 0
1521771132.796857 ioctl(2, TCGETS, {B38400 opost isig icanon echo ...}) = 0
1521771132.796871 write(2, "Connection to 192.168.125.180 cl"..., 39) = 39
1521771132.796892 shutdown(4, SHUT_RDWR) = 0
1521771132.796971 close(4)              = 0
1521771132.797257 exit_group(0)         = ?
1521771132.797745 +++ exited with 0 +++
