1521792789.932783 clock_gettime(CLOCK_BOOTTIME, {26316, 140985442}) = 0
1521792789.932835 read(4, "\10<\222\311\376|\10{\317lg-\36\256`[!r;\301\226\345\315D\333\213\232\374\n\177\220i"..., 8192) = 44
1521792789.932885 getsockopt(4, SOL_TCP, TCP_NODELAY, [0], [4]) = 0
1521792789.932973 setsockopt(4, SOL_TCP, TCP_NODELAY, [1], 4) = 0
1521792789.932987 getsockname(4, {sa_family=AF_INET, sin_port=htons(43132), sin_addr=inet_addr("192.168.125.181")}, [16]) = 0
1521792789.933010 setsockopt(4, SOL_IP, IP_TOS, [16], 4) = 0
1521792789.933025 ioctl(0, TIOCGWINSZ, {ws_row=54, ws_col=270, ws_xpixel=0, ws_ypixel=0}) = 0
1521792789.933086 clock_gettime(CLOCK_BOOTTIME, {26316, 141264173}) = 0
1521792789.933102 clock_gettime(CLOCK_BOOTTIME, {26316, 141277461}) = 0
1521792789.933115 select(8, [4], [4], NULL, NULL) = 1 (out [4])
1521792789.933137 clock_gettime(CLOCK_BOOTTIME, {26316, 141312004}) = 0
1521792789.933152 write(4, ">*\353\220J1\"\20\350f\245\360\243\252=\324\240\27\fq>\4G\370\3437h\222'<Z\223"..., 504) = 504
1521792789.933231 clock_gettime(CLOCK_BOOTTIME, {26316, 141406757}) = 0
1521792789.933245 clock_gettime(CLOCK_BOOTTIME, {26316, 141421970}) = 0
1521792789.933262 select(8, [4], [], NULL, NULL) = 1 (in [4])
1521792789.940596 clock_gettime(CLOCK_BOOTTIME, {26316, 148773430}) = 0
1521792789.940614 read(4, "\7\342\355K\7\201:b\334um\242\375\325\360\2307y\33\340\301\210\261t\263\32t~\361\266\2\306"..., 8192) = 108
1521792789.940650 clock_gettime(CLOCK_BOOTTIME, {26316, 148825698}) = 0
1521792789.940663 clock_gettime(CLOCK_BOOTTIME, {26316, 148838069}) = 0
1521792789.940675 select(8, [4 5], [], NULL, NULL) = 1 (in [4])
1521792789.943012 clock_gettime(CLOCK_BOOTTIME, {26316, 151189205}) = 0
1521792789.943029 read(4, "\300\277\0Y\231\3012\7r\364u\3260\276Q \204@i\303\321)G\350\233\337[\302g\354\"f"..., 8192) = 100
1521792789.943110 clock_gettime(CLOCK_BOOTTIME, {26316, 151285570}) = 0
1521792789.943123 clock_gettime(CLOCK_BOOTTIME, {26316, 151297951}) = 0
1521792789.943135 select(8, [4 5], [6], NULL, NULL) = 1 (out [6])
1521792789.943155 clock_gettime(CLOCK_BOOTTIME, {26316, 151329686}) = 0
1521792789.943167 write(6, "Last login: Fri Mar 23 15:54:34 "..., 60) = 60
1521792789.943277 clock_gettime(CLOCK_BOOTTIME, {26316, 151452759}) = 0
1521792789.943291 clock_gettime(CLOCK_BOOTTIME, {26316, 151465798}) = 0
1521792789.943303 select(8, [4 5], [], NULL, NULL) = 1 (in [4])
1521792790.116802 clock_gettime(CLOCK_BOOTTIME, {26316, 324979354}) = 0
1521792790.116819 read(4, "\321\311\200\220W\2\211F\332\354X\323\351}U8\361f\20\r\322\247~!\270\\=QF\2\32\253"..., 8192) = 84
1521792790.116848 clock_gettime(CLOCK_BOOTTIME, {26316, 325023823}) = 0
1521792790.116861 clock_gettime(CLOCK_BOOTTIME, {26316, 325036040}) = 0
1521792790.116874 select(8, [4 5], [6], NULL, NULL) = 1 (out [6])
1521792790.116892 clock_gettime(CLOCK_BOOTTIME, {26316, 325066706}) = 0
1521792790.116904 write(6, "\33]0;jacob@study:~\7\33[?1034h[jacob"..., 43) = 43
1521792790.117032 clock_gettime(CLOCK_BOOTTIME, {26316, 325207479}) = 0
1521792790.117045 clock_gettime(CLOCK_BOOTTIME, {26316, 325220552}) = 0
1521792790.117057 select(8, [4 5], [], NULL, NULL) = 1 (in [5])
1521793175.969496 clock_gettime(CLOCK_BOOTTIME, {26702, 177673656}) = 0
1521793175.969514 read(5, "q", 16384)   = 1
1521793175.969624 clock_gettime(CLOCK_BOOTTIME, {26702, 177803422}) = 0
1521793175.969642 clock_gettime(CLOCK_BOOTTIME, {26702, 177816752}) = 0
1521793175.969654 select(8, [4 5], [4], NULL, NULL) = 1 (out [4])
1521793175.969673 clock_gettime(CLOCK_BOOTTIME, {26702, 177847882}) = 0
1521793175.969685 write(4, "\365uT\310G\276K\7\356*\333`\352O\307V*#\rv\252\244\2\23my2\347d\242Z\276"..., 36) = 36
1521793175.969752 clock_gettime(CLOCK_BOOTTIME, {26702, 177927272}) = 0
1521793175.969765 clock_gettime(CLOCK_BOOTTIME, {26702, 177939932}) = 0
1521793175.969777 select(8, [4 5], [], NULL, NULL) = 1 (in [4])
1521793175.970729 clock_gettime(CLOCK_BOOTTIME, {26702, 178905154}) = 0
1521793175.970743 read(4, "rO\3/\2\21>\202|R\21\227\237\347\260T\330j]F\254\367\312\32\v\326\0\24\25\22\3413"..., 8192) = 36
1521793175.970796 clock_gettime(CLOCK_BOOTTIME, {26702, 178981487}) = 0
1521793175.970820 clock_gettime(CLOCK_BOOTTIME, {26702, 178995570}) = 0
1521793175.970833 select(8, [4 5], [6], NULL, NULL) = 1 (out [6])
1521793175.970852 clock_gettime(CLOCK_BOOTTIME, {26702, 179026705}) = 0
1521793175.970863 write(6, "q", 1)      = 1
1521793175.970960 clock_gettime(CLOCK_BOOTTIME, {26702, 179135958}) = 0
1521793175.970974 clock_gettime(CLOCK_BOOTTIME, {26702, 179149039}) = 0
1521793175.970986 select(8, [4 5], [], NULL, NULL) = 1 (in [5])
1521793176.240585 clock_gettime(CLOCK_BOOTTIME, {26702, 448766183}) = 0
1521793176.240614 read(5, "\r", 16384)  = 1
1521793176.240654 clock_gettime(CLOCK_BOOTTIME, {26702, 448833692}) = 0
1521793176.240677 clock_gettime(CLOCK_BOOTTIME, {26702, 448854410}) = 0
1521793176.240699 select(8, [4 5], [4], NULL, NULL) = 1 (out [4])
1521793176.240728 clock_gettime(CLOCK_BOOTTIME, {26702, 448905836}) = 0
1521793176.240749 write(4, "EmG\0228\3\352u\201\305\264\357r\221\r\347L\205\216\362\223\24\366\1\353P\243|4/S\275"..., 36) = 36
1521793176.240885 clock_gettime(CLOCK_BOOTTIME, {26702, 449071564}) = 0
1521793176.240917 clock_gettime(CLOCK_BOOTTIME, {26702, 449094205}) = 0
1521793176.240938 select(8, [4 5], [], NULL, NULL) = 1 (in [4])
1521793176.244335 clock_gettime(CLOCK_BOOTTIME, {26702, 452512635}) = 0
1521793176.244389 read(4, "F\3005\341\207\0001\34\370\360\326\t\312\5ok\214\374\321\223K+\327\tyU\225l\1\220IP"..., 8192) = 36
1521793176.244423 clock_gettime(CLOCK_BOOTTIME, {26702, 452598469}) = 0
1521793176.244436 clock_gettime(CLOCK_BOOTTIME, {26702, 452610675}) = 0
1521793176.244448 select(8, [4 5], [6], NULL, NULL) = 1 (out [6])
1521793176.244468 clock_gettime(CLOCK_BOOTTIME, {26702, 452643405}) = 0
1521793176.244481 write(6, "\r\n", 2)   = 2
1521793176.244594 clock_gettime(CLOCK_BOOTTIME, {26702, 452769928}) = 0
1521793176.244608 clock_gettime(CLOCK_BOOTTIME, {26702, 452783178}) = 0
1521793176.244620 select(8, [4 5], [], NULL, NULL) = 1 (in [4])
1521793176.247715 clock_gettime(CLOCK_BOOTTIME, {26702, 455892517}) = 0
1521793176.247732 read(4, "S\270\363\3\365\6\230\226\21?A\"\310]\316\315\6\255\5\26#11M\356\236X\6\364\2\337}"..., 8192) = 68
1521793176.247761 clock_gettime(CLOCK_BOOTTIME, {26702, 455936455}) = 0
1521793176.247773 clock_gettime(CLOCK_BOOTTIME, {26702, 455948494}) = 0
1521793176.247786 select(8, [4 5], [6], NULL, NULL) = 1 (out [6])
1521793176.247804 clock_gettime(CLOCK_BOOTTIME, {26702, 455979069}) = 0
1521793176.247816 write(6, "bash: q: command not found...\r\n", 31) = 31
1521793176.247940 clock_gettime(CLOCK_BOOTTIME, {26702, 456115937}) = 0
1521793176.247954 clock_gettime(CLOCK_BOOTTIME, {26702, 456129514}) = 0
1521793176.247966 select(8, [4 5], [], NULL, NULL) = 1 (in [4])
1521793176.248615 clock_gettime(CLOCK_BOOTTIME, {26702, 456796460}) = 0
1521793176.248643 read(4, "\225\344Fq\356\333\340\5Rl\10\5\245:\233\303\310\31\243y\366\372i|n/Hc\353_\241\24"..., 8192) = 76
1521793176.248692 clock_gettime(CLOCK_BOOTTIME, {26702, 456873288}) = 0
1521793176.248718 clock_gettime(CLOCK_BOOTTIME, {26702, 456896544}) = 0
1521793176.248741 select(8, [4 5], [6], NULL, NULL) = 1 (out [6])
1521793176.248775 clock_gettime(CLOCK_BOOTTIME, {26702, 456953638}) = 0
1521793176.248811 write(6, "\33]0;jacob@study:~\7[jacob@study ~"..., 35) = 35
1521793176.248881 clock_gettime(CLOCK_BOOTTIME, {26702, 457059006}) = 0
1521793176.248904 clock_gettime(CLOCK_BOOTTIME, {26702, 457081329}) = 0
1521793176.248926 select(8, [4 5], [], NULL, NULL) = 1 (in [5])
1521793176.524516 clock_gettime(CLOCK_BOOTTIME, {26702, 732693693}) = 0
1521793176.524533 read(5, "q", 16384)   = 1
1521793176.524559 clock_gettime(CLOCK_BOOTTIME, {26702, 732735081}) = 0
1521793176.524572 clock_gettime(CLOCK_BOOTTIME, {26702, 732747028}) = 0
1521793176.524584 select(8, [4 5], [4], NULL, NULL) = 1 (out [4])
1521793176.524602 clock_gettime(CLOCK_BOOTTIME, {26702, 732776905}) = 0
1521793176.524614 write(4, "\371\310\nx\236\326\247\330X\331)\314\277\362\323Y\375\244\200<\26\205\245\373\224*q\236Z\317P\272"..., 36) = 36
1521793176.524726 clock_gettime(CLOCK_BOOTTIME, {26702, 732910444}) = 0
1521793176.524749 clock_gettime(CLOCK_BOOTTIME, {26702, 732924356}) = 0
1521793176.524761 select(8, [4 5], [], NULL, NULL) = 1 (in [4])
1521793176.525653 clock_gettime(CLOCK_BOOTTIME, {26702, 733829137}) = 0
1521793176.525667 read(4, "\177\24\330Ud\24\224\304\244\244B\tm\34\377\205w\275\230ud\205\376\321a\311\316\1\1h\321V"..., 8192) = 36
1521793176.525689 clock_gettime(CLOCK_BOOTTIME, {26702, 733864199}) = 0
1521793176.525701 clock_gettime(CLOCK_BOOTTIME, {26702, 733876038}) = 0
1521793176.525713 select(8, [4 5], [6], NULL, NULL) = 1 (out [6])
1521793176.525730 clock_gettime(CLOCK_BOOTTIME, {26702, 733905532}) = 0
1521793176.525743 write(6, "q", 1)      = 1
1521793176.525833 clock_gettime(CLOCK_BOOTTIME, {26702, 734008908}) = 0
1521793176.525847 clock_gettime(CLOCK_BOOTTIME, {26702, 734022023}) = 0
1521793176.525859 select(8, [4 5], [], NULL, NULL) = 1 (in [5])
1521793176.649968 clock_gettime(CLOCK_BOOTTIME, {26702, 858145322}) = 0
1521793176.649985 read(5, "\r", 16384)  = 1
1521793176.650012 clock_gettime(CLOCK_BOOTTIME, {26702, 858187666}) = 0
1521793176.650025 clock_gettime(CLOCK_BOOTTIME, {26702, 858199587}) = 0
1521793176.650037 select(8, [4 5], [4], NULL, NULL) = 1 (out [4])
1521793176.650054 clock_gettime(CLOCK_BOOTTIME, {26702, 858229290}) = 0
1521793176.650066 write(4, "Y\372\206\36r1\375\332\0305\222\373\2506;\272\3306\23\1\31\322\20\307\372\22\247Q\367.\25\327"..., 36) = 36
1521793176.650142 clock_gettime(CLOCK_BOOTTIME, {26702, 858317250}) = 0
1521793176.650155 clock_gettime(CLOCK_BOOTTIME, {26702, 858330037}) = 0
1521793176.650167 select(8, [4 5], [], NULL, NULL) = 1 (in [4])
1521793176.651585 clock_gettime(CLOCK_BOOTTIME, {26702, 859762906}) = 0
1521793176.651602 read(4, "\236\237@\306Q)\20GO\377KN\235/\302(\27\312\222A_WJ\6lG\355B\361(\242\247"..., 8192) = 36
1521793176.651624 clock_gettime(CLOCK_BOOTTIME, {26702, 859799945}) = 0
1521793176.651637 clock_gettime(CLOCK_BOOTTIME, {26702, 859811607}) = 0
1521793176.651649 select(8, [4 5], [6], NULL, NULL) = 1 (out [6])
1521793176.651667 clock_gettime(CLOCK_BOOTTIME, {26702, 859842109}) = 0
1521793176.651679 write(6, "\r\n", 2)   = 2
1521793176.651778 clock_gettime(CLOCK_BOOTTIME, {26702, 859953485}) = 0
1521793176.651791 clock_gettime(CLOCK_BOOTTIME, {26702, 859966198}) = 0
1521793176.651803 select(8, [4 5], [], NULL, NULL) = 1 (in [4])
1521793176.654404 clock_gettime(CLOCK_BOOTTIME, {26702, 862584925}) = 0
1521793176.654432 read(4, "C\300z\332\fw\2352\232\31\237\31.\321\3600\233Nz\375\306M\3\301\35\320\253\316\250;\240\367"..., 8192) = 68
1521793176.654474 clock_gettime(CLOCK_BOOTTIME, {26702, 862653727}) = 0
1521793176.654498 clock_gettime(CLOCK_BOOTTIME, {26702, 862675850}) = 0
1521793176.654519 select(8, [4 5], [6], NULL, NULL) = 1 (out [6])
1521793176.654551 clock_gettime(CLOCK_BOOTTIME, {26702, 862729363}) = 0
1521793176.654573 write(6, "bash: q: command not found...\r\n", 31) = 31
1521793176.654728 clock_gettime(CLOCK_BOOTTIME, {26702, 862910067}) = 0
1521793176.654756 clock_gettime(CLOCK_BOOTTIME, {26702, 862933509}) = 0
1521793176.654777 select(8, [4 5], [], NULL, NULL) = 1 (in [4])
1521793176.654806 clock_gettime(CLOCK_BOOTTIME, {26702, 862983767}) = 0
1521793176.654827 read(4, "\0319u\0364K\n{a\252\377Zm[\311$\361\30\364=qP\205\375\322\240\244\361m\5iu"..., 8192) = 76
1521793176.654857 clock_gettime(CLOCK_BOOTTIME, {26702, 863036059}) = 0
1521793176.654879 clock_gettime(CLOCK_BOOTTIME, {26702, 863055979}) = 0
1521793176.654900 select(8, [4 5], [6], NULL, NULL) = 1 (out [6])
1521793176.654931 clock_gettime(CLOCK_BOOTTIME, {26702, 863108834}) = 0
1521793176.654952 write(6, "\33]0;jacob@study:~\7[jacob@study ~"..., 35) = 35
1521793176.657056 clock_gettime(CLOCK_BOOTTIME, {26702, 865241368}) = 0
1521793176.657106 clock_gettime(CLOCK_BOOTTIME, {26702, 865284146}) = 0
1521793176.657128 select(8, [4 5], [], NULL, NULL) = 1 (in [5])
1521793179.104796 clock_gettime(CLOCK_BOOTTIME, {26705, 312979590}) = 0
1521793179.104822 read(5, "\4", 16384)  = 1
1521793179.105233 clock_gettime(CLOCK_BOOTTIME, {26705, 313413981}) = 0
1521793179.105254 clock_gettime(CLOCK_BOOTTIME, {26705, 313437080}) = 0
1521793179.105276 select(8, [4 5], [4], NULL, NULL) = 1 (out [4])
1521793179.105296 clock_gettime(CLOCK_BOOTTIME, {26705, 313470795}) = 0
1521793179.105308 write(4, "\212X\300 \31\5\20\325\256J\332\t\6\301f[a\244\31 \377\255ja\337\"\247\2417\320\361T"..., 36) = 36
1521793179.105383 clock_gettime(CLOCK_BOOTTIME, {26705, 313558760}) = 0
1521793179.105397 clock_gettime(CLOCK_BOOTTIME, {26705, 313571689}) = 0
1521793179.105409 select(8, [4 5], [], NULL, NULL) = 1 (in [4])
1521793179.107454 clock_gettime(CLOCK_BOOTTIME, {26705, 315631575}) = 0
1521793179.107472 read(4, "\244\274\262\223\33\22\257&\237\3428ues\250\255\352^\365Q\232O7\212AM\222)\252\3735-"..., 8192) = 220
1521793179.107504 close(5)              = 0
1521793179.107522 clock_gettime(CLOCK_BOOTTIME, {26705, 315697428}) = 0
1521793179.107535 clock_gettime(CLOCK_BOOTTIME, {26705, 315709704}) = 0
1521793179.107547 select(8, [4], [6], NULL, NULL) = 1 (out [6])
1521793179.107566 clock_gettime(CLOCK_BOOTTIME, {26705, 315741097}) = 0
1521793179.107578 write(6, "logout\r\n", 8) = 8
1521793179.107616 clock_gettime(CLOCK_BOOTTIME, {26705, 315791839}) = 0
1521793179.107629 clock_gettime(CLOCK_BOOTTIME, {26705, 315804330}) = 0
1521793179.107641 close(6)              = 0
1521793179.107653 ioctl(0, SNDCTL_TMR_STOP or TCSETSW, {B38400 opost isig icanon echo ...}) = 0
1521793179.107684 close(7)              = 0
1521793179.107697 select(8, [4], [4], NULL, NULL) = 1 (out [4])
1521793179.107727 clock_gettime(CLOCK_BOOTTIME, {26705, 315903044}) = 0
1521793179.107741 write(4, "\36\304\206\366\v(7\247\17\t\271\344~\303\232\334\20h\244?I\230]\22\213\360q\221 S(\375"..., 36) = 36
1521793179.107801 rt_sigaction(SIGWINCH, NULL, {0x5585a05f2430, [], SA_RESTORER, 0x7f54df5f1270}, 8) = 0
1521793179.107828 rt_sigaction(SIGWINCH, {SIG_DFL, [], SA_RESTORER, 0x7f54df5f1270}, NULL, 8) = 0
1521793179.107845 write(4, "\0B\332\372\3213\241\301U\260\376E\275?v\240U\213\27'\336:\252\310\354X!+\215\254\37\355"..., 60) = 60
1521793179.107902 ioctl(0, TCGETS, {B38400 opost isig icanon echo ...}) = 0
1521793179.107917 ioctl(1, TCGETS, {B38400 opost isig icanon echo ...}) = 0
1521793179.107930 ioctl(2, TCGETS, {B38400 opost isig icanon echo ...}) = 0
1521793179.107944 write(2, "Connection to 192.168.125.180 cl"..., 39) = 39
1521793179.107967 shutdown(4, SHUT_RDWR) = 0
1521793179.108057 close(4)              = 0
1521793179.108570 exit_group(127)       = ?
1521793179.109109 +++ exited with 127 +++
