1521785118.846253 select(5, [4], NULL, NULL, NULL) = 1 (in [4])
1521785118.857612 read(4, "\"}e\314\366\247V\247\0036\340\242\314f^~j\20*\242Y\352\377\250\300\214\n\316", 8192) = 28
1521785118.857709 dup(0)                = 5
1521785118.857726 dup(1)                = 6
1521785118.857737 dup(2)                = 7
1521785118.857747 ioctl(5, TCGETS, {B38400 opost isig icanon echo ...}) = 0
1521785118.857911 ioctl(6, TCGETS, {B38400 opost isig icanon echo ...}) = 0
1521785118.857926 ioctl(7, TCGETS, {B38400 opost isig icanon echo ...}) = 0
1521785118.857965 fcntl(5, F_SETFD, FD_CLOEXEC) = 0
1521785118.858080 fcntl(6, F_SETFD, FD_CLOEXEC) = 0
1521785118.858100 fcntl(7, F_SETFD, FD_CLOEXEC) = 0
1521785118.858180 rt_sigaction(SIGHUP, NULL, {SIG_DFL, [], SA_RESTORER, 0x7fa0c1bcc270}, 8) = 0
1521785118.858279 rt_sigaction(SIGHUP, {SIG_IGN, [], SA_RESTORER, 0x7fa0c1bcc270}, NULL, 8) = 0
1521785118.858298 rt_sigaction(SIGHUP, NULL, {SIG_IGN, [], SA_RESTORER, 0x7fa0c1bcc270}, 8) = 0
1521785118.858315 rt_sigaction(SIGHUP, {0x561455f871a0, [], SA_RESTORER, 0x7fa0c1bcc270}, NULL, 8) = 0
1521785118.858333 rt_sigaction(SIGINT, NULL, {SIG_DFL, [], SA_RESTORER, 0x7fa0c1bcc270}, 8) = 0
1521785118.858351 rt_sigaction(SIGINT, {SIG_IGN, [], SA_RESTORER, 0x7fa0c1bcc270}, NULL, 8) = 0
1521785118.858370 rt_sigaction(SIGINT, NULL, {SIG_IGN, [], SA_RESTORER, 0x7fa0c1bcc270}, 8) = 0
1521785118.858387 rt_sigaction(SIGINT, {0x561455f871a0, [], SA_RESTORER, 0x7fa0c1bcc270}, NULL, 8) = 0
1521785118.858404 rt_sigaction(SIGQUIT, NULL, {SIG_DFL, [], SA_RESTORER, 0x7fa0c1bcc270}, 8) = 0
1521785118.858422 rt_sigaction(SIGQUIT, {SIG_IGN, [], SA_RESTORER, 0x7fa0c1bcc270}, NULL, 8) = 0
1521785118.858439 rt_sigaction(SIGQUIT, NULL, {SIG_IGN, [], SA_RESTORER, 0x7fa0c1bcc270}, 8) = 0
1521785118.858457 rt_sigaction(SIGQUIT, {0x561455f871a0, [], SA_RESTORER, 0x7fa0c1bcc270}, NULL, 8) = 0
1521785118.858474 rt_sigaction(SIGTERM, NULL, {SIG_DFL, [], SA_RESTORER, 0x7fa0c1bcc270}, 8) = 0
1521785118.858492 rt_sigaction(SIGTERM, {SIG_IGN, [], SA_RESTORER, 0x7fa0c1bcc270}, NULL, 8) = 0
1521785118.858509 rt_sigaction(SIGTERM, NULL, {SIG_IGN, [], SA_RESTORER, 0x7fa0c1bcc270}, 8) = 0
1521785118.858526 rt_sigaction(SIGTERM, {0x561455f871a0, [], SA_RESTORER, 0x7fa0c1bcc270}, NULL, 8) = 0
1521785118.858544 rt_sigaction(SIGWINCH, NULL, {SIG_DFL, [], 0}, 8) = 0
1521785118.858561 rt_sigaction(SIGWINCH, {0x561455f87430, [], SA_RESTORER, 0x7fa0c1bcc270}, NULL, 8) = 0
1521785118.858580 ioctl(0, TCGETS, {B38400 opost isig icanon echo ...}) = 0
1521785118.858600 ioctl(0, SNDCTL_TMR_STOP or TCSETSW, {B38400 -opost -isig -icanon -echo ...}) = 0
1521785118.858627 clock_gettime(CLOCK_BOOTTIME, {18645, 66805505}) = 0
1521785118.858650 clock_gettime(CLOCK_BOOTTIME, {18645, 66826795}) = 0
1521785118.858668 select(8, [4], [4], NULL, NULL) = 1 (out [4])
1521785118.858697 clock_gettime(CLOCK_BOOTTIME, {18645, 66873422}) = 0
1521785118.858715 write(4, "8-\226+\243ogES\307R\356H\306D1b\5g\230F\331\256f/\303\214\371\340\377\375\233"..., 112) = 112
1521785118.858822 clock_gettime(CLOCK_BOOTTIME, {18645, 66999552}) = 0
1521785118.858841 clock_gettime(CLOCK_BOOTTIME, {18645, 67017868}) = 0
1521785118.858859 select(8, [4], [], NULL, NULL) = 1 (in [4])
1521785119.038160 clock_gettime(CLOCK_BOOTTIME, {18645, 246344830}) = 0
1521785119.038185 read(4, ",\377Q\265rr\300<\1773hW\362\336\214\3669\r4\336\27\224>t\326\203\311V\\\377m\33"..., 8192) = 500
1521785119.038224 clock_gettime(CLOCK_BOOTTIME, {18645, 246399754}) = 0
1521785119.038237 clock_gettime(CLOCK_BOOTTIME, {18645, 246412309}) = 0
1521785119.038249 select(8, [4], [], NULL, NULL) = 1 (in [4])
1521785119.078552 clock_gettime(CLOCK_BOOTTIME, {18645, 286730405}) = 0
1521785119.078571 read(4, "\206Qv+\224B\10\210\362SP\312gZ\335\355\10\334\234\376*\326\10\27\355\323\302\25\260\337\355O"..., 8192) = 44
1521785119.078601 getsockopt(4, SOL_TCP, TCP_NODELAY, [0], [4]) = 0
1521785119.078697 setsockopt(4, SOL_TCP, TCP_NODELAY, [1], 4) = 0
1521785119.078711 getsockname(4, {sa_family=AF_INET, sin_port=htons(43084), sin_addr=inet_addr("192.168.125.181")}, [16]) = 0
1521785119.078778 setsockopt(4, SOL_IP, IP_TOS, [16], 4) = 0
1521785119.078793 ioctl(0, TIOCGWINSZ, {ws_row=38, ws_col=194, ws_xpixel=0, ws_ypixel=0}) = 0
1521785119.078876 clock_gettime(CLOCK_BOOTTIME, {18645, 287055479}) = 0
1521785119.078894 clock_gettime(CLOCK_BOOTTIME, {18645, 287069395}) = 0
1521785119.078907 select(8, [4], [4], NULL, NULL) = 1 (out [4])
1521785119.078924 clock_gettime(CLOCK_BOOTTIME, {18645, 287099546}) = 0
1521785119.078965 write(4, "\252\230j\212\351-=\2>\261v\375\343\304\377D\216H\250\204\222t\\\330\272\357\224\377\250\24\356q"..., 504) = 504
1521785119.079031 clock_gettime(CLOCK_BOOTTIME, {18645, 287207078}) = 0
1521785119.079045 clock_gettime(CLOCK_BOOTTIME, {18645, 287219936}) = 0
1521785119.079057 select(8, [4], [], NULL, NULL) = 1 (in [4])
1521785119.084517 clock_gettime(CLOCK_BOOTTIME, {18645, 292694066}) = 0
1521785119.084534 read(4, "\355:\372\222\264\317\240;\213kZ1\232\312\273\211\236\244\367\27H7-'/\234\336\225\22 \306\221"..., 8192) = 108
1521785119.084565 clock_gettime(CLOCK_BOOTTIME, {18645, 292741292}) = 0
1521785119.084578 clock_gettime(CLOCK_BOOTTIME, {18645, 292753646}) = 0
1521785119.084591 select(8, [4 5], [], NULL, NULL) = 1 (in [4])
1521785119.087050 clock_gettime(CLOCK_BOOTTIME, {18645, 295228391}) = 0
1521785119.087069 read(4, "\312z\16$\233y\352~\306OO\36\273\203\327~g\1\236\344\342\"\355K\363\311\35{\211\312 \314"..., 8192) = 100
1521785119.087144 clock_gettime(CLOCK_BOOTTIME, {18645, 295320575}) = 0
1521785119.087158 clock_gettime(CLOCK_BOOTTIME, {18645, 295333098}) = 0
1521785119.087171 select(8, [4 5], [6], NULL, NULL) = 1 (out [6])
1521785119.087191 clock_gettime(CLOCK_BOOTTIME, {18645, 295366354}) = 0
1521785119.087203 write(6, "Last login: Fri Mar 23 10:44:31 "..., 60) = 60
1521785119.087391 clock_gettime(CLOCK_BOOTTIME, {18645, 295567028}) = 0
1521785119.087405 clock_gettime(CLOCK_BOOTTIME, {18645, 295580659}) = 0
1521785119.087418 select(8, [4 5], [], NULL, NULL) = 1 (in [4])
1521785119.198284 clock_gettime(CLOCK_BOOTTIME, {18645, 406461994}) = 0
1521785119.198303 read(4, "\247G\34\332\340Z>\374\245\225\300*;8\202q\257\376\245\26\326\277\30\37=\2\3438\302\371=\324"..., 8192) = 84
1521785119.198344 clock_gettime(CLOCK_BOOTTIME, {18645, 406522762}) = 0
1521785119.198361 clock_gettime(CLOCK_BOOTTIME, {18645, 406535948}) = 0
1521785119.198373 select(8, [4 5], [6], NULL, NULL) = 1 (out [6])
1521785119.198394 clock_gettime(CLOCK_BOOTTIME, {18645, 406568886}) = 0
1521785119.198406 write(6, "\33]0;jacob@study:~\7\33[?1034h[jacob"..., 43) = 43
1521785119.198525 clock_gettime(CLOCK_BOOTTIME, {18645, 406700875}) = 0
1521785119.198539 clock_gettime(CLOCK_BOOTTIME, {18645, 406714129}) = 0
1521785119.198551 select(8, [4 5], [], NULL, NULL) = 1 (in [5])
1521785154.529858 clock_gettime(CLOCK_BOOTTIME, {18680, 738035499}) = 0
1521785154.529876 read(5, "\4", 16384)  = 1
1521785154.529973 clock_gettime(CLOCK_BOOTTIME, {18680, 738151577}) = 0
1521785154.529990 clock_gettime(CLOCK_BOOTTIME, {18680, 738164990}) = 0
1521785154.530002 select(8, [4 5], [4], NULL, NULL) = 1 (out [4])
1521785154.530021 clock_gettime(CLOCK_BOOTTIME, {18680, 738196705}) = 0
1521785154.530048 write(4, "\7\f@\325A\24\204Y\215O\31\0\2773\34\r+3\370\300\226\200e\20\264\235a_\2\247\261&"..., 36) = 36
1521785154.530121 clock_gettime(CLOCK_BOOTTIME, {18680, 738296338}) = 0
1521785154.530134 clock_gettime(CLOCK_BOOTTIME, {18680, 738309320}) = 0
1521785154.530146 select(8, [4 5], [], NULL, NULL) = 1 (in [4])
1521785154.530962 clock_gettime(CLOCK_BOOTTIME, {18680, 739138856}) = 0
1521785154.530978 read(4, "\7*\234|\362\262k\320\204\3005o\31[rn+d\206\260\r\362\246\v\36\345\246\346v\24\215\0"..., 8192) = 220
1521785154.531042 close(5)              = 0
1521785154.531061 clock_gettime(CLOCK_BOOTTIME, {18680, 739236563}) = 0
1521785154.531074 clock_gettime(CLOCK_BOOTTIME, {18680, 739249509}) = 0
1521785154.531087 select(8, [4], [6], NULL, NULL) = 1 (out [6])
1521785154.531105 clock_gettime(CLOCK_BOOTTIME, {18680, 739280571}) = 0
1521785154.531118 write(6, "logout\r\n", 8) = 8
1521785154.531134 clock_gettime(CLOCK_BOOTTIME, {18680, 739318911}) = 0
1521785154.531175 clock_gettime(CLOCK_BOOTTIME, {18680, 739351231}) = 0
1521785154.531189 close(6)              = 0
1521785154.531202 ioctl(0, SNDCTL_TMR_STOP or TCSETSW, {B38400 opost isig icanon echo ...}) = 0
1521785154.531232 close(7)              = 0
1521785154.531245 select(8, [4], [4], NULL, NULL) = 1 (out [4])
1521785154.531262 clock_gettime(CLOCK_BOOTTIME, {18680, 739437670}) = 0
1521785154.531275 write(4, "2\210\261]\244\321f\24\201\350\270ad\271\345\333?\376\255s1K\"\0232\6dc\313\365Z\370"..., 36) = 36
1521785154.531331 rt_sigaction(SIGWINCH, NULL, {0x561455f87430, [], SA_RESTORER, 0x7fa0c1bcc270}, 8) = 0
1521785154.531347 rt_sigaction(SIGWINCH, {SIG_DFL, [], SA_RESTORER, 0x7fa0c1bcc270}, NULL, 8) = 0
1521785154.531364 write(4, "\334.:\351$\227 \1 \364\320P\305\355\252\373,8\245\30\322\25\366`\213\205{\2441\245dF"..., 60) = 60
1521785154.531414 ioctl(0, TCGETS, {B38400 opost isig icanon echo ...}) = 0
1521785154.531430 ioctl(1, TCGETS, {B38400 opost isig icanon echo ...}) = 0
1521785154.531442 ioctl(2, TCGETS, {B38400 opost isig icanon echo ...}) = 0
1521785154.531457 write(2, "Connection to 192.168.125.180 cl"..., 39) = 39
1521785154.531478 shutdown(4, SHUT_RDWR) = 0
1521785154.531525 close(4)              = 0
1521785154.531717 exit_group(0)         = ?
1521785154.532213 +++ exited with 0 +++
