1521771903.037568 select(5, [4], NULL, NULL, NULL) = 1 (in [4])
1521771903.071292 read(4, "\326\352\236\300ig\334\255\361\3121\326jBlL\307\202\277\36x\363\4\375=\242~;\240%&\326"..., 8192) = 44
1521771903.071331 write(4, "\3143\360@\213z\300g\371\310\252\234s?e\242\4\233\30\210TQ\360d\347\3&9\337\34\215N"..., 68) = 68
1521771903.071389 select(5, [4], NULL, NULL, NULL) = 1 (in [4])
1521771903.072099 read(4, "\261\2346\237U\357\321\177\300\370\305eY\216\362e\310w\356\200\250Q{FH\210\373GB\3\255 "..., 8192) = 84
1521771903.072148 futex(0x7f9fa018c530, FUTEX_WAKE_PRIVATE, 2147483647) = 0
1521771903.072237 futex(0x7f9fa018c3d0, FUTEX_WAKE_PRIVATE, 2147483647) = 0
1521771903.072272 futex(0x7f9fa2769fa0, FUTEX_WAKE_PRIVATE, 2147483647) = 0
1521771903.072290 lstat("/etc/gss/mech", 0x7ffd52ac3510) = -1 ENOENT (No such file or directory)
1521771903.072340 openat(AT_FDCWD, "/etc/gss/mech.d", O_RDONLY|O_NONBLOCK|O_DIRECTORY|O_CLOEXEC) = 5
1521771903.072375 getdents(5, /* 3 entries */, 32768) = 88
1521771903.072400 open("/usr/lib64/gconv/gconv-modules.cache", O_RDONLY) = 6
1521771903.072419 fstat(6, {st_mode=S_IFREG|0644, st_size=26254, ...}) = 0
1521771903.072439 mmap(NULL, 26254, PROT_READ, MAP_SHARED, 6, 0) = 0x7f9fa40e0000
1521771903.072458 close(6)              = 0
1521771903.072470 futex(0x7f9fa1df9a80, FUTEX_WAKE_PRIVATE, 2147483647) = 0
1521771903.072494 getdents(5, /* 0 entries */, 32768) = 0
1521771903.072506 close(5)              = 0
1521771903.072520 lstat("/etc/gss/mech.d/gssproxy.conf", {st_mode=S_IFREG|0644, st_size=189, ...}) = 0
1521771903.072542 open("/etc/gss/mech.d/gssproxy.conf", O_RDONLY) = 5
1521771903.072560 fstat(5, {st_mode=S_IFREG|0644, st_size=189, ...}) = 0
1521771903.072573 mmap(NULL, 4096, PROT_READ|PROT_WRITE, MAP_PRIVATE|MAP_ANONYMOUS, -1, 0) = 0x7f9fa40df000
1521771903.072588 read(5, "# GSS-API mechanism plugins\n#\n# "..., 4096) = 189
1521771903.072617 read(5, "", 4096)     = 0
1521771903.072631 close(5)              = 0
1521771903.072645 munmap(0x7f9fa40df000, 4096) = 0
1521771903.072672 stat("/usr/lib64/gssproxy/proxymech.so", {st_mode=S_IFREG|0755, st_size=115072, ...}) = 0
1521771903.072697 futex(0x7f9fa363b0d0, FUTEX_WAKE_PRIVATE, 2147483647) = 0
1521771903.072735 open("/usr/lib64/gssproxy/proxymech.so", O_RDONLY|O_CLOEXEC) = 5
1521771903.072754 read(5, "\177ELF\2\1\1\0\0\0\0\0\0\0\0\0\3\0>\0\1\0\0\0\320x\0\0\0\0\0\0"..., 832) = 832
1521771903.072768 fstat(5, {st_mode=S_IFREG|0755, st_size=115072, ...}) = 0
1521771903.072783 mmap(NULL, 2208224, PROT_READ|PROT_EXEC, MAP_PRIVATE|MAP_DENYWRITE, 5, 0) = 0x7f9f9921b000
1521771903.072797 mprotect(0x7f9f99236000, 2093056, PROT_NONE) = 0
1521771903.072811 mmap(0x7f9f99435000, 8192, PROT_READ|PROT_WRITE, MAP_PRIVATE|MAP_FIXED|MAP_DENYWRITE, 5, 0x1a000) = 0x7f9f99435000
1521771903.072836 close(5)              = 0
1521771903.072856 open("/etc/ld.so.cache", O_RDONLY|O_CLOEXEC) = 5
1521771903.072873 fstat(5, {st_mode=S_IFREG|0644, st_size=74765, ...}) = 0
1521771903.072886 mmap(NULL, 74765, PROT_READ, MAP_PRIVATE, 5, 0) = 0x7f9fa40b2000
1521771903.072898 close(5)              = 0
1521771903.072917 open("/lib64/libgssrpc.so.4", O_RDONLY|O_CLOEXEC) = 5
1521771903.072936 read(5, "\177ELF\2\1\1\0\0\0\0\0\0\0\0\0\3\0>\0\1\0\0\0\340Z\0\0\0\0\0\0"..., 832) = 832
1521771903.072948 fstat(5, {st_mode=S_IFREG|0755, st_size=134368, ...}) = 0
1521771903.072962 mmap(NULL, 2227072, PROT_READ|PROT_EXEC, MAP_PRIVATE|MAP_DENYWRITE, 5, 0) = 0x7f9f98ffb000
1521771903.072975 mprotect(0x7f9f99019000, 2097152, PROT_NONE) = 0
1521771903.072988 mmap(0x7f9f99219000, 8192, PROT_READ|PROT_WRITE, MAP_PRIVATE|MAP_FIXED|MAP_DENYWRITE, 5, 0x1e000) = 0x7f9f99219000
1521771903.073010 close(5)              = 0
1521771903.073163 mprotect(0x7f9f99219000, 4096, PROT_READ) = 0
1521771903.073326 mprotect(0x7f9f99435000, 4096, PROT_READ) = 0
1521771903.073347 munmap(0x7f9fa40b2000, 74765) = 0
1521771903.073385 stat("/usr/lib64/gssproxy/proxymech.so", {st_mode=S_IFREG|0755, st_size=115072, ...}) = 0
1521771903.073464 futex(0x7f9fa251c480, FUTEX_WAKE_PRIVATE, 2147483647) = 0
1521771903.073490 futex(0x7f9fa251d6d0, FUTEX_WAKE_PRIVATE, 2147483647) = 0
1521771903.073524 stat("/etc/krb5.conf", {st_mode=S_IFREG|0644, st_size=590, ...}) = 0
1521771903.073769 open("/etc/krb5.conf", O_RDONLY) = 5
1521771903.073789 fcntl(5, F_SETFD, FD_CLOEXEC) = 0
1521771903.073809 fstat(5, {st_mode=S_IFREG|0644, st_size=590, ...}) = 0
1521771903.073822 mmap(NULL, 4096, PROT_READ|PROT_WRITE, MAP_PRIVATE|MAP_ANONYMOUS, -1, 0) = 0x7f9fa40df000
1521771903.073835 read(5, "# Configuration snippets may be "..., 4096) = 590
1521771903.073855 openat(AT_FDCWD, "/etc/krb5.conf.d/", O_RDONLY|O_NONBLOCK|O_DIRECTORY|O_CLOEXEC) = 6
1521771903.073874 getdents(6, /* 2 entries */, 32768) = 48
1521771903.073888 getdents(6, /* 0 entries */, 32768) = 0
1521771903.073901 close(6)              = 0
1521771903.073923 read(5, "", 4096)     = 0
1521771903.073937 close(5)              = 0
1521771903.073949 munmap(0x7f9fa40df000, 4096) = 0
1521771903.074091 stat("/etc/krb5.conf", {st_mode=S_IFREG|0644, st_size=590, ...}) = 0
1521771903.074115 open("/etc/krb5.conf", O_RDONLY) = 5
1521771903.074130 fcntl(5, F_SETFD, FD_CLOEXEC) = 0
1521771903.074143 fstat(5, {st_mode=S_IFREG|0644, st_size=590, ...}) = 0
1521771903.074155 mmap(NULL, 4096, PROT_READ|PROT_WRITE, MAP_PRIVATE|MAP_ANONYMOUS, -1, 0) = 0x7f9fa40df000
1521771903.074169 read(5, "# Configuration snippets may be "..., 4096) = 590
1521771903.074185 openat(AT_FDCWD, "/etc/krb5.conf.d/", O_RDONLY|O_NONBLOCK|O_DIRECTORY|O_CLOEXEC) = 6
1521771903.074201 getdents(6, /* 2 entries */, 32768) = 48
1521771903.074214 getdents(6, /* 0 entries */, 32768) = 0
1521771903.074225 close(6)              = 0
1521771903.074244 read(5, "", 4096)     = 0
1521771903.074256 close(5)              = 0
1521771903.074267 munmap(0x7f9fa40df000, 4096) = 0
1521771903.074300 access("/etc/krb5.conf", R_OK) = 0
1521771903.074319 stat("/etc/krb5.conf", {st_mode=S_IFREG|0644, st_size=590, ...}) = 0
1521771903.074347 stat("/etc/sysconfig/64bit_strstr_via_64bit_strstr_sse2_unaligned", 0x7ffd52ac2ab0) = -1 ENOENT (No such file or directory)
1521771903.074371 geteuid()             = 1001
1521771903.074406 open("/var/kerberos/krb5/user/1001/client.keytab", O_RDONLY) = -1 ENOENT (No such file or directory)
1521771903.074444 getuid()              = 1001
1521771903.074471 keyctl(KEYCTL_GET_PERSISTENT, 1001, KEY_SPEC_PROCESS_KEYRING) = 314351014
1521771903.075339 keyctl(KEYCTL_SEARCH, 314351014, "keyring", "_krb", KEY_SPEC_PROCESS_KEYRING) = 842596139
1521771903.075358 keyctl(KEYCTL_SEARCH, 842596139, "user", "krb_ccache:primary", 0) = 488544336
1521771903.075375 keyctl(KEYCTL_READ, 488544336, NULL, 0) = 12
1521771903.075389 keyctl(KEYCTL_READ, 488544336, "", 12) = 12
1521771903.075402 keyctl(KEYCTL_READ, 842596139, NULL, 0) = 4
1521771903.075413 keyctl(KEYCTL_READ, 842596139, "P\230\36\35", 4) = 4
1521771903.075425 keyctl(KEYCTL_SEARCH, 842596139, "keyring", "1001", 0) = -1 ENOKEY (Required key not available)
1521771903.075442 keyctl(KEYCTL_DESCRIBE, 488544336, NULL, 0) = 43
1521771903.075456 keyctl(KEYCTL_DESCRIBE, 488544336, "user;1001;1001;3f010000;krb_ccac"..., 43) = 43
1521771903.075500 stat("/etc/krb5.conf", {st_mode=S_IFREG|0644, st_size=590, ...}) = 0
1521771903.075520 open("/etc/krb5.conf", O_RDONLY) = 5
1521771903.075534 fcntl(5, F_SETFD, FD_CLOEXEC) = 0
1521771903.075547 fstat(5, {st_mode=S_IFREG|0644, st_size=590, ...}) = 0
1521771903.075560 mmap(NULL, 4096, PROT_READ|PROT_WRITE, MAP_PRIVATE|MAP_ANONYMOUS, -1, 0) = 0x7f9fa40df000
1521771903.075573 read(5, "# Configuration snippets may be "..., 4096) = 590
1521771903.075590 openat(AT_FDCWD, "/etc/krb5.conf.d/", O_RDONLY|O_NONBLOCK|O_DIRECTORY|O_CLOEXEC) = 6
1521771903.075605 getdents(6, /* 2 entries */, 32768) = 48
1521771903.075618 getdents(6, /* 0 entries */, 32768) = 0
1521771903.075629 close(6)              = 0
1521771903.075647 read(5, "", 4096)     = 0
1521771903.075659 close(5)              = 0
1521771903.075671 munmap(0x7f9fa40df000, 4096) = 0
1521771903.075712 stat("/etc/krb5.conf", {st_mode=S_IFREG|0644, st_size=590, ...}) = 0
1521771903.075782 open("/etc/krb5.conf", O_RDONLY) = 5
1521771903.075798 fcntl(5, F_SETFD, FD_CLOEXEC) = 0
1521771903.075816 fstat(5, {st_mode=S_IFREG|0644, st_size=590, ...}) = 0
1521771903.075829 mmap(NULL, 4096, PROT_READ|PROT_WRITE, MAP_PRIVATE|MAP_ANONYMOUS, -1, 0) = 0x7f9fa40df000
1521771903.075843 read(5, "# Configuration snippets may be "..., 4096) = 590
1521771903.075859 openat(AT_FDCWD, "/etc/krb5.conf.d/", O_RDONLY|O_NONBLOCK|O_DIRECTORY|O_CLOEXEC) = 6
1521771903.075874 getdents(6, /* 2 entries */, 32768) = 48
1521771903.075887 getdents(6, /* 0 entries */, 32768) = 0
1521771903.075898 close(6)              = 0
1521771903.075916 read(5, "", 4096)     = 0
1521771903.075928 close(5)              = 0
1521771903.075939 munmap(0x7f9fa40df000, 4096) = 0
1521771903.075974 stat("/etc/krb5.conf", {st_mode=S_IFREG|0644, st_size=590, ...}) = 0
1521771903.075994 open("/etc/krb5.conf", O_RDONLY) = 5
1521771903.076008 fcntl(5, F_SETFD, FD_CLOEXEC) = 0
1521771903.076020 fstat(5, {st_mode=S_IFREG|0644, st_size=590, ...}) = 0
1521771903.076032 mmap(NULL, 4096, PROT_READ|PROT_WRITE, MAP_PRIVATE|MAP_ANONYMOUS, -1, 0) = 0x7f9fa40df000
1521771903.076045 read(5, "# Configuration snippets may be "..., 4096) = 590
1521771903.076061 openat(AT_FDCWD, "/etc/krb5.conf.d/", O_RDONLY|O_NONBLOCK|O_DIRECTORY|O_CLOEXEC) = 6
1521771903.076076 getdents(6, /* 2 entries */, 32768) = 48
1521771903.076088 getdents(6, /* 0 entries */, 32768) = 0
1521771903.076099 close(6)              = 0
1521771903.076117 read(5, "", 4096)     = 0
1521771903.076129 close(5)              = 0
1521771903.076140 munmap(0x7f9fa40df000, 4096) = 0
1521771903.076165 access("/etc/krb5.conf", R_OK) = 0
1521771903.076181 stat("/etc/krb5.conf", {st_mode=S_IFREG|0644, st_size=590, ...}) = 0
1521771903.076201 geteuid()             = 1001
1521771903.076216 open("/var/kerberos/krb5/user/1001/client.keytab", O_RDONLY) = -1 ENOENT (No such file or directory)
1521771903.076238 getuid()              = 1001
1521771903.076252 keyctl(KEYCTL_GET_PERSISTENT, 1001, KEY_SPEC_PROCESS_KEYRING) = 314351014
1521771903.076266 keyctl(KEYCTL_SEARCH, 314351014, "keyring", "_krb", KEY_SPEC_PROCESS_KEYRING) = 842596139
1521771903.076282 keyctl(KEYCTL_SEARCH, 842596139, "user", "krb_ccache:primary", 0) = 488544336
1521771903.076295 keyctl(KEYCTL_READ, 488544336, NULL, 0) = 12
1521771903.076307 keyctl(KEYCTL_READ, 488544336, "", 12) = 12
1521771903.076319 keyctl(KEYCTL_READ, 842596139, NULL, 0) = 4
1521771903.076330 keyctl(KEYCTL_READ, 842596139, "P\230\36\35", 4) = 4
1521771903.076342 keyctl(KEYCTL_SEARCH, 842596139, "keyring", "1001", 0) = -1 ENOKEY (Required key not available)
1521771903.076355 keyctl(KEYCTL_DESCRIBE, 488544336, NULL, 0) = 43
1521771903.076367 keyctl(KEYCTL_DESCRIBE, 488544336, "user;1001;1001;3f010000;krb_ccac"..., 43) = 43
1521771903.076389 access("/etc/krb5.conf", R_OK) = 0
1521771903.076403 stat("/etc/krb5.conf", {st_mode=S_IFREG|0644, st_size=590, ...}) = 0
1521771903.076434 stat("/etc/krb5.conf", {st_mode=S_IFREG|0644, st_size=590, ...}) = 0
1521771903.076450 open("/etc/krb5.conf", O_RDONLY) = 5
1521771903.076464 fcntl(5, F_SETFD, FD_CLOEXEC) = 0
1521771903.076477 fstat(5, {st_mode=S_IFREG|0644, st_size=590, ...}) = 0
1521771903.076489 mmap(NULL, 4096, PROT_READ|PROT_WRITE, MAP_PRIVATE|MAP_ANONYMOUS, -1, 0) = 0x7f9fa40df000
1521771903.076503 read(5, "# Configuration snippets may be "..., 4096) = 590
1521771903.076519 openat(AT_FDCWD, "/etc/krb5.conf.d/", O_RDONLY|O_NONBLOCK|O_DIRECTORY|O_CLOEXEC) = 6
1521771903.076533 getdents(6, /* 2 entries */, 32768) = 48
1521771903.076546 getdents(6, /* 0 entries */, 32768) = 0
1521771903.076557 close(6)              = 0
1521771903.076574 read(5, "", 4096)     = 0
1521771903.076586 close(5)              = 0
1521771903.076598 munmap(0x7f9fa40df000, 4096) = 0
1521771903.076629 stat("/home/king/.ssh/id_rsa", 0x7ffd52ac3590) = -1 ENOENT (No such file or directory)
1521771903.076650 stat("/home/king/.ssh/id_dsa", 0x7ffd52ac3590) = -1 ENOENT (No such file or directory)
1521771903.076665 stat("/home/king/.ssh/id_ecdsa", 0x7ffd52ac3590) = -1 ENOENT (No such file or directory)
1521771903.076678 stat("/home/king/.ssh/id_ed25519", 0x7ffd52ac3590) = -1 ENOENT (No such file or directory)
1521771903.076702 open("/dev/tty", O_RDWR) = 5
1521771903.076746 close(5)              = 0
1521771903.076759 open("/dev/tty", O_RDWR) = 5
1521771903.076775 ioctl(5, TCGETS, {B38400 opost isig icanon echo ...}) = 0
1521771903.076867 ioctl(5, SNDCTL_TMR_CONTINUE or TCSETSF, {B38400 opost isig icanon -echo ...}) = 0
1521771903.076883 rt_sigaction(SIGALRM, {0x5599480545b0, [], SA_RESTORER, 0x7f9fa1a71270}, {SIG_DFL, [], 0}, 8) = 0
1521771903.076901 rt_sigaction(SIGHUP, {0x5599480545b0, [], SA_RESTORER, 0x7f9fa1a71270}, {SIG_DFL, [], 0}, 8) = 0
1521771903.076914 rt_sigaction(SIGINT, {0x5599480545b0, [], SA_RESTORER, 0x7f9fa1a71270}, {SIG_DFL, [], 0}, 8) = 0
1521771903.076926 rt_sigaction(SIGPIPE, {0x5599480545b0, [], SA_RESTORER, 0x7f9fa1a71270}, {SIG_IGN, [], SA_RESTORER, 0x7f9fa1a71270}, 8) = 0
1521771903.076939 rt_sigaction(SIGQUIT, {0x5599480545b0, [], SA_RESTORER, 0x7f9fa1a71270}, {SIG_DFL, [], 0}, 8) = 0
1521771903.076951 rt_sigaction(SIGTERM, {0x5599480545b0, [], SA_RESTORER, 0x7f9fa1a71270}, {SIG_DFL, [], 0}, 8) = 0
1521771903.076963 rt_sigaction(SIGTSTP, {0x5599480545b0, [], SA_RESTORER, 0x7f9fa1a71270}, {SIG_DFL, [], 0}, 8) = 0
1521771903.076975 rt_sigaction(SIGTTIN, {0x5599480545b0, [], SA_RESTORER, 0x7f9fa1a71270}, {SIG_DFL, [], 0}, 8) = 0
1521771903.076988 rt_sigaction(SIGTTOU, {0x5599480545b0, [], SA_RESTORER, 0x7f9fa1a71270}, {SIG_DFL, [], 0}, 8) = 0
1521771903.077000 write(5, "jacob@192.168.125.180's password"..., 34) = 34
1521771903.077036 read(5, "b", 1)       = 1
1521771903.077151 read(5, "b", 1)       = 1
1521771903.077165 read(5, "c", 1)       = 1
1521771903.077177 read(5, "0", 1)       = 1
1521771903.077189 read(5, "0", 1)       = 1
1521771903.077200 read(5, "0", 1)       = 1
1521771903.077211 read(5, "7", 1)       = 1
1521771903.077223 read(5, "3", 1)       = 1
1521771903.077234 read(5, "1", 1)       = 1
1521771903.077246 read(5, "\n", 1)      = 1
1521771903.077258 write(5, "\n", 1)     = 1
1521771903.077290 ioctl(5, SNDCTL_TMR_CONTINUE or TCSETSF, {B38400 opost isig icanon echo ...}) = 0
1521771903.077306 rt_sigaction(SIGALRM, {SIG_DFL, [], SA_RESTORER, 0x7f9fa1a71270}, NULL, 8) = 0
1521771903.077319 rt_sigaction(SIGHUP, {SIG_DFL, [], SA_RESTORER, 0x7f9fa1a71270}, NULL, 8) = 0
1521771903.077331 rt_sigaction(SIGINT, {SIG_DFL, [], SA_RESTORER, 0x7f9fa1a71270}, NULL, 8) = 0
1521771903.077342 rt_sigaction(SIGQUIT, {SIG_DFL, [], SA_RESTORER, 0x7f9fa1a71270}, NULL, 8) = 0
1521771903.077354 rt_sigaction(SIGPIPE, {SIG_IGN, [], SA_RESTORER, 0x7f9fa1a71270}, NULL, 8) = 0
1521771903.077365 rt_sigaction(SIGTERM, {SIG_DFL, [], SA_RESTORER, 0x7f9fa1a71270}, NULL, 8) = 0
1521771903.077377 rt_sigaction(SIGTSTP, {SIG_DFL, [], SA_RESTORER, 0x7f9fa1a71270}, NULL, 8) = 0
1521771903.077388 rt_sigaction(SIGTTIN, {SIG_DFL, [], SA_RESTORER, 0x7f9fa1a71270}, NULL, 8) = 0
1521771903.077399 rt_sigaction(SIGTTOU, {SIG_DFL, [], SA_RESTORER, 0x7f9fa1a71270}, NULL, 8) = 0
1521771903.077411 close(5)              = 0
1521771903.077432 write(4, "\314\261\32\265\345\354qk7\204\35\347k\33a\310\20\230\302\"\23\243a\252\22_\311\232J;\217G"..., 148) = 148
1521771903.077505 select(5, [4], NULL, NULL, NULL) = 1 (in [4])
1521771903.091776 read(4, "S\0:\246\241\215\311\354x\3563\366\321\"\342\257\231\1*\336mC}c\234\370\10\345", 8192) = 28
1521771903.091816 dup(0)                = 5
1521771903.091828 dup(1)                = 6
1521771903.091838 dup(2)                = 7
1521771903.091849 ioctl(5, TCGETS, {B38400 opost isig icanon echo ...}) = 0
1521771903.091866 ioctl(6, TCGETS, {B38400 opost isig icanon echo ...}) = 0
1521771903.091878 ioctl(7, TCGETS, {B38400 opost isig icanon echo ...}) = 0
1521771903.091893 fcntl(5, F_SETFD, FD_CLOEXEC) = 0
1521771903.091906 fcntl(6, F_SETFD, FD_CLOEXEC) = 0
1521771903.091916 fcntl(7, F_SETFD, FD_CLOEXEC) = 0
1521771903.091940 rt_sigaction(SIGHUP, NULL, {SIG_DFL, [], SA_RESTORER, 0x7f9fa1a71270}, 8) = 0
1521771903.091954 rt_sigaction(SIGHUP, {SIG_IGN, [], SA_RESTORER, 0x7f9fa1a71270}, NULL, 8) = 0
1521771903.091966 rt_sigaction(SIGHUP, NULL, {SIG_IGN, [], SA_RESTORER, 0x7f9fa1a71270}, 8) = 0
1521771903.091989 rt_sigaction(SIGHUP, {0x559947ff71a0, [], SA_RESTORER, 0x7f9fa1a71270}, NULL, 8) = 0
1521771903.092001 rt_sigaction(SIGINT, NULL, {SIG_DFL, [], SA_RESTORER, 0x7f9fa1a71270}, 8) = 0
1521771903.092012 rt_sigaction(SIGINT, {SIG_IGN, [], SA_RESTORER, 0x7f9fa1a71270}, NULL, 8) = 0
1521771903.092024 rt_sigaction(SIGINT, NULL, {SIG_IGN, [], SA_RESTORER, 0x7f9fa1a71270}, 8) = 0
1521771903.092035 rt_sigaction(SIGINT, {0x559947ff71a0, [], SA_RESTORER, 0x7f9fa1a71270}, NULL, 8) = 0
1521771903.092047 rt_sigaction(SIGQUIT, NULL, {SIG_DFL, [], SA_RESTORER, 0x7f9fa1a71270}, 8) = 0
1521771903.092058 rt_sigaction(SIGQUIT, {SIG_IGN, [], SA_RESTORER, 0x7f9fa1a71270}, NULL, 8) = 0
1521771903.092070 rt_sigaction(SIGQUIT, NULL, {SIG_IGN, [], SA_RESTORER, 0x7f9fa1a71270}, 8) = 0
1521771903.092081 rt_sigaction(SIGQUIT, {0x559947ff71a0, [], SA_RESTORER, 0x7f9fa1a71270}, NULL, 8) = 0
1521771903.092092 rt_sigaction(SIGTERM, NULL, {SIG_DFL, [], SA_RESTORER, 0x7f9fa1a71270}, 8) = 0
1521771903.092104 rt_sigaction(SIGTERM, {SIG_IGN, [], SA_RESTORER, 0x7f9fa1a71270}, NULL, 8) = 0
1521771903.092115 rt_sigaction(SIGTERM, NULL, {SIG_IGN, [], SA_RESTORER, 0x7f9fa1a71270}, 8) = 0
1521771903.092126 rt_sigaction(SIGTERM, {0x559947ff71a0, [], SA_RESTORER, 0x7f9fa1a71270}, NULL, 8) = 0
1521771903.092138 rt_sigaction(SIGWINCH, NULL, {SIG_DFL, [], 0}, 8) = 0
1521771903.092149 rt_sigaction(SIGWINCH, {0x559947ff7430, [], SA_RESTORER, 0x7f9fa1a71270}, NULL, 8) = 0
1521771903.092161 ioctl(0, TCGETS, {B38400 opost isig icanon echo ...}) = 0
1521771903.092174 ioctl(0, SNDCTL_TMR_STOP or TCSETSW, {B38400 -opost -isig -icanon -echo ...}) = 0
1521771903.092190 clock_gettime(CLOCK_BOOTTIME, {5429, 300366199}) = 0
1521771903.092204 clock_gettime(CLOCK_BOOTTIME, {5429, 300378890}) = 0
1521771903.092216 select(8, [4], [4], NULL, NULL) = 1 (out [4])
1521771903.092233 clock_gettime(CLOCK_BOOTTIME, {5429, 300407655}) = 0
1521771903.092245 write(4, "Z\316[(\316y\305\7\257\336\241\330Q\374\363\231\5\354\215N\352\321\233@ U\247A\302IM\357"..., 112) = 112
1521771903.092326 clock_gettime(CLOCK_BOOTTIME, {5429, 300502055}) = 0
1521771903.092340 clock_gettime(CLOCK_BOOTTIME, {5429, 300514959}) = 0
1521771903.092351 select(8, [4], [], NULL, NULL) = 1 (in [4])
1521771903.242578 clock_gettime(CLOCK_BOOTTIME, {5429, 450756297}) = 0
1521771903.242596 read(4, "\17\316\336Z\7\344\6u\204\240\207\372\4\201s~\333dR\242\204W\247\334\7f\311\345E\215\37\5"..., 8192) = 500
1521771903.242634 clock_gettime(CLOCK_BOOTTIME, {5429, 450810340}) = 0
1521771903.242648 clock_gettime(CLOCK_BOOTTIME, {5429, 450822646}) = 0
1521771903.242660 select(8, [4], [], NULL, NULL) = 1 (in [4])
1521771903.283104 clock_gettime(CLOCK_BOOTTIME, {5429, 491281393}) = 0
1521771903.283121 read(4, "Om\230wB\253g\342hB*U\244>\232W[\354W^\251\247\30!\20\253\221\237\30\324\6\350"..., 8192) = 44
1521771903.283150 getsockopt(4, SOL_TCP, TCP_NODELAY, [0], [4]) = 0
1521771903.283172 setsockopt(4, SOL_TCP, TCP_NODELAY, [1], 4) = 0
1521771903.283185 getsockname(4, {sa_family=AF_INET, sin_port=htons(43052), sin_addr=inet_addr("192.168.125.181")}, [16]) = 0
1521771903.283212 setsockopt(4, SOL_IP, IP_TOS, [16], 4) = 0
1521771903.283226 ioctl(0, TIOCGWINSZ, {ws_row=38, ws_col=194, ws_xpixel=0, ws_ypixel=0}) = 0
1521771903.283274 clock_gettime(CLOCK_BOOTTIME, {5429, 491449600}) = 0
1521771903.283287 clock_gettime(CLOCK_BOOTTIME, {5429, 491461804}) = 0
1521771903.283299 select(8, [4], [4], NULL, NULL) = 1 (out [4])
1521771903.283316 clock_gettime(CLOCK_BOOTTIME, {5429, 491490576}) = 0
1521771903.283330 write(4, "\r\255\221\271TQ\261fpF\366\202\320.\32v&o\303@\323\r>\3302g\316\215,\263\"\276"..., 504) = 504
1521771903.283393 clock_gettime(CLOCK_BOOTTIME, {5429, 491568024}) = 0
1521771903.283406 clock_gettime(CLOCK_BOOTTIME, {5429, 491580482}) = 0
1521771903.283417 select(8, [4], [], NULL, NULL) = 1 (in [4])
1521771903.288298 clock_gettime(CLOCK_BOOTTIME, {5429, 496475102}) = 0
1521771903.288314 read(4, "h\220}\30\327\266\224\312\201\336G\246t\311U\311%U\2368\321Q|\364\372\221\342\261\277o>\263"..., 8192) = 108
1521771903.288354 clock_gettime(CLOCK_BOOTTIME, {5429, 496529916}) = 0
1521771903.288367 clock_gettime(CLOCK_BOOTTIME, {5429, 496542175}) = 0
1521771903.288379 select(8, [4 5], [], NULL, NULL) = 1 (in [4])
1521771903.290434 clock_gettime(CLOCK_BOOTTIME, {5429, 498611115}) = 0
1521771903.290450 read(4, "\35\237[\3k\324\204\253\224\253\225\306\311\267\243\251<k\323\205A~I\201ia\220s\37\voQ"..., 8192) = 100
1521771903.290518 clock_gettime(CLOCK_BOOTTIME, {5429, 498693933}) = 0
1521771903.290531 clock_gettime(CLOCK_BOOTTIME, {5429, 498705967}) = 0
1521771903.290543 select(8, [4 5], [6], NULL, NULL) = 1 (out [6])
1521771903.290562 clock_gettime(CLOCK_BOOTTIME, {5429, 498736842}) = 0
1521771903.290574 write(6, "Last login: Fri Mar 23 10:24:14 "..., 60) = 60
1521771903.290685 clock_gettime(CLOCK_BOOTTIME, {5429, 499756291}) = 0
1521771903.291605 clock_gettime(CLOCK_BOOTTIME, {5429, 499780840}) = 0
1521771903.291618 select(8, [4 5], [], NULL, NULL) = 1 (in [4])
1521771903.381204 clock_gettime(CLOCK_BOOTTIME, {5429, 589382465}) = 0
1521771903.381223 read(4, "\255dA\25\24\222\363\256\212\237\344\230*L\265\274\300\213\337kc\3608\27\241\253\245\324\10O>\376"..., 8192) = 84
1521771903.381252 clock_gettime(CLOCK_BOOTTIME, {5429, 589427595}) = 0
1521771903.381265 clock_gettime(CLOCK_BOOTTIME, {5429, 589439685}) = 0
1521771903.381277 select(8, [4 5], [6], NULL, NULL) = 1 (out [6])
1521771903.381332 clock_gettime(CLOCK_BOOTTIME, {5429, 589506886}) = 0
1521771903.381344 write(6, "\33]0;jacob@study:~\7\33[?1034h[jacob"..., 43) = 43
1521771903.381463 clock_gettime(CLOCK_BOOTTIME, {5429, 589638327}) = 0
1521771903.381476 clock_gettime(CLOCK_BOOTTIME, {5429, 589651146}) = 0
1521771903.381488 select(8, [4 5], [], NULL, NULL) = 1 (in [5])
1521771904.307762 clock_gettime(CLOCK_BOOTTIME, {5430, 515939607}) = 0
1521771904.307779 read(5, "l", 16384)   = 1
1521771904.307812 clock_gettime(CLOCK_BOOTTIME, {5430, 515987657}) = 0
1521771904.307825 clock_gettime(CLOCK_BOOTTIME, {5430, 515999692}) = 0
1521771904.307837 select(8, [4 5], [4], NULL, NULL) = 1 (out [4])
1521771904.307855 clock_gettime(CLOCK_BOOTTIME, {5430, 516029897}) = 0
1521771904.307867 write(4, "\334g\302iz\317!\362\222{\243\323a\363\323\371wF\377\361U\243\203a\213\7\357\234T\367\316\255"..., 36) = 36
1521771904.307956 clock_gettime(CLOCK_BOOTTIME, {5430, 516132650}) = 0
1521771904.307970 clock_gettime(CLOCK_BOOTTIME, {5430, 516145411}) = 0
1521771904.307982 select(8, [4 5], [], NULL, NULL) = 1 (in [4])
1521771904.308231 clock_gettime(CLOCK_BOOTTIME, {5430, 516406947}) = 0
1521771904.308244 read(4, "%\256*\226TE\2471\2109@`\200_\202x>\362$\2211\t!2\371\2224\211\272\266]/"..., 8192) = 36
1521771904.308264 clock_gettime(CLOCK_BOOTTIME, {5430, 516438949}) = 0
1521771904.308275 clock_gettime(CLOCK_BOOTTIME, {5430, 516450401}) = 0
1521771904.308287 select(8, [4 5], [6], NULL, NULL) = 1 (out [6])
1521771904.308303 clock_gettime(CLOCK_BOOTTIME, {5430, 516478120}) = 0
1521771904.308315 write(6, "l", 1)      = 1
1521771904.308405 clock_gettime(CLOCK_BOOTTIME, {5430, 516580241}) = 0
1521771904.308418 clock_gettime(CLOCK_BOOTTIME, {5430, 516593027}) = 0
1521771904.308430 select(8, [4 5], [], NULL, NULL) = 1 (in [5])
1521771904.426692 clock_gettime(CLOCK_BOOTTIME, {5430, 634869338}) = 0
1521771904.426709 read(5, "s", 16384)   = 1
1521771904.426735 clock_gettime(CLOCK_BOOTTIME, {5430, 634910636}) = 0
1521771904.426747 clock_gettime(CLOCK_BOOTTIME, {5430, 634922440}) = 0
1521771904.426759 select(8, [4 5], [4], NULL, NULL) = 1 (out [4])
1521771904.426778 clock_gettime(CLOCK_BOOTTIME, {5430, 634954078}) = 0
1521771904.426795 write(4, "\213Wn\266\263\264D\30\26\3559\204\333&bE\335(\212N\277\3424H\375\317\237I\333\347\215\340"..., 36) = 36
1521771904.426890 clock_gettime(CLOCK_BOOTTIME, {5430, 635065960}) = 0
1521771904.426904 clock_gettime(CLOCK_BOOTTIME, {5430, 635078919}) = 0
1521771904.426916 select(8, [4 5], [], NULL, NULL) = 1 (in [4])
1521771904.427477 clock_gettime(CLOCK_BOOTTIME, {5430, 635653696}) = 0
1521771904.427492 read(4, "WM\206<\215\200C\366\t6\244\266\221Y\3\351\252\353\251\22\245\nr%z~3\260\333y\266]"..., 8192) = 36
1521771904.427524 clock_gettime(CLOCK_BOOTTIME, {5430, 635700388}) = 0
1521771904.427538 clock_gettime(CLOCK_BOOTTIME, {5430, 635712682}) = 0
1521771904.427550 select(8, [4 5], [6], NULL, NULL) = 1 (out [6])
1521771904.427568 clock_gettime(CLOCK_BOOTTIME, {5430, 635742757}) = 0
1521771904.427580 write(6, "s", 1)      = 1
1521771904.427667 clock_gettime(CLOCK_BOOTTIME, {5430, 635842415}) = 0
1521771904.427680 clock_gettime(CLOCK_BOOTTIME, {5430, 635855516}) = 0
1521771904.427692 select(8, [4 5], [], NULL, NULL) = 1 (in [5])
1521771904.554539 clock_gettime(CLOCK_BOOTTIME, {5430, 762716225}) = 0
1521771904.554556 read(5, "\r", 16384)  = 1
1521771904.554582 clock_gettime(CLOCK_BOOTTIME, {5430, 762757279}) = 0
1521771904.554594 clock_gettime(CLOCK_BOOTTIME, {5430, 762769043}) = 0
1521771904.554606 select(8, [4 5], [4], NULL, NULL) = 1 (out [4])
1521771904.554624 clock_gettime(CLOCK_BOOTTIME, {5430, 762799054}) = 0
1521771904.554636 write(4, "ll$Ie7DM\341+\313YY\354\7\20\262\357\223;g\306\363|Om\330T\365B*\t"..., 36) = 36
1521771904.554712 clock_gettime(CLOCK_BOOTTIME, {5430, 762887412}) = 0
1521771904.554725 clock_gettime(CLOCK_BOOTTIME, {5430, 762899996}) = 0
1521771904.554737 select(8, [4 5], [], NULL, NULL) = 1 (in [4])
1521771904.555888 clock_gettime(CLOCK_BOOTTIME, {5430, 764064981}) = 0
1521771904.555903 read(4, ".\207\320P\32g\27a:\344j\30\326\205W\16\2124\215\365\355\326\234\3277m24\324>\2124"..., 8192) = 36
1521771904.555924 clock_gettime(CLOCK_BOOTTIME, {5430, 764099293}) = 0
1521771904.555936 clock_gettime(CLOCK_BOOTTIME, {5430, 764110976}) = 0
1521771904.555948 select(8, [4 5], [6], NULL, NULL) = 1 (out [6])
1521771904.555965 clock_gettime(CLOCK_BOOTTIME, {5430, 764139897}) = 0
1521771904.555976 write(6, "\r\n", 2)   = 2
1521771904.556061 clock_gettime(CLOCK_BOOTTIME, {5430, 764236918}) = 0
1521771904.556075 clock_gettime(CLOCK_BOOTTIME, {5430, 764249633}) = 0
1521771904.556086 select(8, [4 5], [], NULL, NULL) = 1 (in [4])
1521771904.557825 clock_gettime(CLOCK_BOOTTIME, {5430, 766001553}) = 0
1521771904.557841 read(4, "g\232y\300\275\226e\214\213O\275\244\235\245\275\320N%*y\202\376\36\345\331\244y{KG\\}"..., 8192) = 220
1521771904.557866 clock_gettime(CLOCK_BOOTTIME, {5430, 766042009}) = 0
1521771904.557879 clock_gettime(CLOCK_BOOTTIME, {5430, 766053954}) = 0
1521771904.557891 select(8, [4 5], [6], NULL, NULL) = 1 (out [6])
1521771904.557909 clock_gettime(CLOCK_BOOTTIME, {5430, 766083834}) = 0
1521771904.557921 write(6, "\33[0m\33[01;34mtmp\33[0m  \33[01;34m\344\270\213"..., 181) = 181
1521771904.558099 clock_gettime(CLOCK_BOOTTIME, {5430, 766277476}) = 0
1521771904.558116 clock_gettime(CLOCK_BOOTTIME, {5430, 766291201}) = 0
1521771904.558128 select(8, [4 5], [], NULL, NULL) = 1 (in [4])
1521771904.558145 clock_gettime(CLOCK_BOOTTIME, {5430, 766319805}) = 0
1521771904.558156 read(4, "\204\362\337\210%\357n\201\247\210\215#/t\253\25\215`%c]\31\23\343\21\223X\343/\262\242\326"..., 8192) = 76
1521771904.558175 clock_gettime(CLOCK_BOOTTIME, {5430, 766365560}) = 0
1521771904.558204 clock_gettime(CLOCK_BOOTTIME, {5430, 766380082}) = 0
1521771904.558220 select(8, [4 5], [6], NULL, NULL) = 1 (out [6])
1521771904.558245 clock_gettime(CLOCK_BOOTTIME, {5430, 766422025}) = 0
1521771904.558262 write(6, "\33]0;jacob@study:~\7[jacob@study ~"..., 35) = 35
1521771904.558341 clock_gettime(CLOCK_BOOTTIME, {5430, 766517013}) = 0
1521771904.558355 clock_gettime(CLOCK_BOOTTIME, {5430, 766529693}) = 0
1521771904.558366 select(8, [4 5], [], NULL, NULL) = 1 (in [5])
1521771904.866459 clock_gettime(CLOCK_BOOTTIME, {5431, 74638603}) = 0
1521771904.866479 read(5, "l", 16384)   = 1
1521771904.866507 clock_gettime(CLOCK_BOOTTIME, {5431, 74682672}) = 0
1521771904.866519 clock_gettime(CLOCK_BOOTTIME, {5431, 74694315}) = 0
1521771904.866531 select(8, [4 5], [4], NULL, NULL) = 1 (out [4])
1521771904.866549 clock_gettime(CLOCK_BOOTTIME, {5431, 74724386}) = 0
1521771904.866561 write(4, "\213k\360\330\236\317\246s\357(\331\351z\231\2277|:^<\320YHFO\0355\302\7\34\214\327"..., 36) = 36
1521771904.866642 clock_gettime(CLOCK_BOOTTIME, {5431, 74817860}) = 0
1521771904.866656 clock_gettime(CLOCK_BOOTTIME, {5431, 74830577}) = 0
1521771904.866668 select(8, [4 5], [], NULL, NULL) = 1 (in [4])
1521771904.866955 clock_gettime(CLOCK_BOOTTIME, {5431, 75131774}) = 0
1521771904.866970 read(4, "\312\312v\324)\230h7\232k_\216\364\370;\n\200\35Aj!W\347\302\6O0\332\251s=\217"..., 8192) = 36
1521771904.866991 clock_gettime(CLOCK_BOOTTIME, {5431, 75166116}) = 0
1521771904.867003 clock_gettime(CLOCK_BOOTTIME, {5431, 75177846}) = 0
1521771904.867015 select(8, [4 5], [6], NULL, NULL) = 1 (out [6])
1521771904.867032 clock_gettime(CLOCK_BOOTTIME, {5431, 75207022}) = 0
1521771904.867044 write(6, "l", 1)      = 1
1521771904.867128 clock_gettime(CLOCK_BOOTTIME, {5431, 75303241}) = 0
1521771904.867141 clock_gettime(CLOCK_BOOTTIME, {5431, 75315882}) = 0
1521771904.867153 select(8, [4 5], [], NULL, NULL) = 1 (in [5])
1521771904.994622 clock_gettime(CLOCK_BOOTTIME, {5431, 202799586}) = 0
1521771904.994639 read(5, "s", 16384)   = 1
1521771904.994666 clock_gettime(CLOCK_BOOTTIME, {5431, 202841251}) = 0
1521771904.994678 clock_gettime(CLOCK_BOOTTIME, {5431, 202853088}) = 0
1521771904.994690 select(8, [4 5], [4], NULL, NULL) = 1 (out [4])
1521771904.994708 clock_gettime(CLOCK_BOOTTIME, {5431, 202882688}) = 0
1521771904.994720 write(4, "}\316T\30\326`\242\30\337\327\355v\356zzx\371\235@bIa'\237\322\262\2364S\"\26\n"..., 36) = 36
1521771904.994797 clock_gettime(CLOCK_BOOTTIME, {5431, 202972955}) = 0
1521771904.994811 clock_gettime(CLOCK_BOOTTIME, {5431, 202985651}) = 0
1521771904.994822 select(8, [4 5], [], NULL, NULL) = 1 (in [4])
1521771904.995137 clock_gettime(CLOCK_BOOTTIME, {5431, 203313909}) = 0
1521771904.995152 read(4, "s\236\301\261ZDB\307\200T\244\10\253\276\320\252\317\225\340\347\353\243\3\3?\335\254\233E-\3^"..., 8192) = 36
1521771904.995173 clock_gettime(CLOCK_BOOTTIME, {5431, 203348657}) = 0
1521771904.995185 clock_gettime(CLOCK_BOOTTIME, {5431, 203360412}) = 0
1521771904.995197 select(8, [4 5], [6], NULL, NULL) = 1 (out [6])
1521771904.995214 clock_gettime(CLOCK_BOOTTIME, {5431, 203389474}) = 0
1521771904.995226 write(6, "s", 1)      = 1
1521771904.995308 clock_gettime(CLOCK_BOOTTIME, {5431, 203483601}) = 0
1521771904.995322 clock_gettime(CLOCK_BOOTTIME, {5431, 203496408}) = 0
1521771904.995333 select(8, [4 5], [], NULL, NULL) = 1 (in [5])
1521771905.106633 clock_gettime(CLOCK_BOOTTIME, {5431, 314810536}) = 0
1521771905.106651 read(5, "\r", 16384)  = 1
1521771905.106678 clock_gettime(CLOCK_BOOTTIME, {5431, 314854155}) = 0
1521771905.106691 clock_gettime(CLOCK_BOOTTIME, {5431, 314865849}) = 0
1521771905.106703 select(8, [4 5], [4], NULL, NULL) = 1 (out [4])
1521771905.106720 clock_gettime(CLOCK_BOOTTIME, {5431, 314895441}) = 0
1521771905.106733 write(4, "\17R\31\320\317\214\26\272}g\231\354N\304c/\236DV\345\215\262\226\346\373\30\350\331f\344\277\257"..., 36) = 36
1521771905.106803 clock_gettime(CLOCK_BOOTTIME, {5431, 314978120}) = 0
1521771905.106816 clock_gettime(CLOCK_BOOTTIME, {5431, 314990729}) = 0
1521771905.106827 select(8, [4 5], [], NULL, NULL) = 1 (in [4])
1521771905.107426 clock_gettime(CLOCK_BOOTTIME, {5431, 315602369}) = 0
1521771905.107441 read(4, "\4r\246x;\340\n\264(\0341\347`\0207Q\223\225\34\315\7\210xR\n\357~&\24\305{\5"..., 8192) = 36
1521771905.107462 clock_gettime(CLOCK_BOOTTIME, {5431, 315637086}) = 0
1521771905.107474 clock_gettime(CLOCK_BOOTTIME, {5431, 315648901}) = 0
1521771905.107486 select(8, [4 5], [6], NULL, NULL) = 1 (out [6])
1521771905.107503 clock_gettime(CLOCK_BOOTTIME, {5431, 315678031}) = 0
1521771905.107515 write(6, "\r\n", 2)   = 2
1521771905.107600 clock_gettime(CLOCK_BOOTTIME, {5431, 315775754}) = 0
1521771905.107614 clock_gettime(CLOCK_BOOTTIME, {5431, 315788481}) = 0
1521771905.107625 select(8, [4 5], [], NULL, NULL) = 1 (in [4])
1521771905.108689 clock_gettime(CLOCK_BOOTTIME, {5431, 316865484}) = 0
1521771905.108704 read(4, "\31\363H\323\201\256%\364h\231\272d\353\357)\350\21\202\357!\r\245L\2266\213Bmx\237z\376"..., 8192) = 220
1521771905.108727 clock_gettime(CLOCK_BOOTTIME, {5431, 316914074}) = 0
1521771905.108752 clock_gettime(CLOCK_BOOTTIME, {5431, 316926863}) = 0
1521771905.108764 select(8, [4 5], [6], NULL, NULL) = 1 (out [6])
1521771905.108782 clock_gettime(CLOCK_BOOTTIME, {5431, 316957274}) = 0
1521771905.108794 write(6, "\33[0m\33[01;34mtmp\33[0m  \33[01;34m\344\270\213"..., 181) = 181
1521771905.108934 clock_gettime(CLOCK_BOOTTIME, {5431, 317112548}) = 0
1521771905.108951 clock_gettime(CLOCK_BOOTTIME, {5431, 317126309}) = 0
1521771905.108963 select(8, [4 5], [], NULL, NULL) = 1 (in [4])
1521771905.108980 clock_gettime(CLOCK_BOOTTIME, {5431, 317154724}) = 0
1521771905.108991 read(4, "o\262\252\374\215\352\343\271\333\1778\273Z\264\241\0000\224\266\17\314\267\325\376\20\255\17o\201\242\216\344"..., 8192) = 76
1521771905.109023 clock_gettime(CLOCK_BOOTTIME, {5431, 317199249}) = 0
1521771905.109036 clock_gettime(CLOCK_BOOTTIME, {5431, 317211279}) = 0
1521771905.109048 select(8, [4 5], [6], NULL, NULL) = 1 (out [6])
1521771905.109065 clock_gettime(CLOCK_BOOTTIME, {5431, 317239678}) = 0
1521771905.109076 write(6, "\33]0;jacob@study:~\7[jacob@study ~"..., 35) = 35
1521771905.109148 clock_gettime(CLOCK_BOOTTIME, {5431, 317323349}) = 0
1521771905.109161 clock_gettime(CLOCK_BOOTTIME, {5431, 317335983}) = 0
1521771905.109173 select(8, [4 5], [], NULL, NULL) = 1 (in [5])
1521771905.986661 clock_gettime(CLOCK_BOOTTIME, {5432, 194838143}) = 0
1521771905.986678 read(5, "\4", 16384)  = 1
1521771905.986705 clock_gettime(CLOCK_BOOTTIME, {5432, 194880475}) = 0
1521771905.986717 clock_gettime(CLOCK_BOOTTIME, {5432, 194892347}) = 0
1521771905.986730 select(8, [4 5], [4], NULL, NULL) = 1 (out [4])
1521771905.986747 clock_gettime(CLOCK_BOOTTIME, {5432, 194922402}) = 0
1521771905.986759 write(4, "\220\224\252nP\24K@\2\303\224+\265\3147v\335\31>u\222\240\352v\177\2074\257A\2675+"..., 36) = 36
1521771905.986830 clock_gettime(CLOCK_BOOTTIME, {5432, 195005476}) = 0
1521771905.986843 clock_gettime(CLOCK_BOOTTIME, {5432, 195018091}) = 0
1521771905.986855 select(8, [4 5], [], NULL, NULL) = 1 (in [4])
1521771905.987612 clock_gettime(CLOCK_BOOTTIME, {5432, 195788852}) = 0
1521771905.987627 read(4, "\324\333A\tJ\303zD\220\35\363\265\214#[)=j\353\366\207\0\f\320MT\274\310Z\313\344\265"..., 8192) = 220
1521771905.987652 close(5)              = 0
1521771905.987670 clock_gettime(CLOCK_BOOTTIME, {5432, 195845327}) = 0
1521771905.987682 clock_gettime(CLOCK_BOOTTIME, {5432, 195857195}) = 0
1521771905.987694 select(8, [4], [6], NULL, NULL) = 1 (out [6])
1521771905.987711 clock_gettime(CLOCK_BOOTTIME, {5432, 195885941}) = 0
1521771905.987723 write(6, "logout\r\n", 8) = 8
1521771905.987814 clock_gettime(CLOCK_BOOTTIME, {5432, 195989997}) = 0
1521771905.987828 clock_gettime(CLOCK_BOOTTIME, {5432, 196002790}) = 0
1521771905.987840 close(6)              = 0
1521771905.987852 ioctl(0, SNDCTL_TMR_STOP or TCSETSW, {B38400 opost isig icanon echo ...}) = 0
1521771905.987884 close(7)              = 0
1521771905.987896 select(8, [4], [4], NULL, NULL) = 1 (out [4])
1521771905.987913 clock_gettime(CLOCK_BOOTTIME, {5432, 196087803}) = 0
1521771905.987924 write(4, "\367\344ztY\214.\3\330!\2\360\335\2735 \357\230]A\213\307\367\267\340\0210\227(A\rE"..., 36) = 36
1521771905.987984 rt_sigaction(SIGWINCH, NULL, {0x559947ff7430, [], SA_RESTORER, 0x7f9fa1a71270}, 8) = 0
1521771905.988000 rt_sigaction(SIGWINCH, {SIG_DFL, [], SA_RESTORER, 0x7f9fa1a71270}, NULL, 8) = 0
1521771905.988016 write(4, "\253w\203.Qm5z\302\363\263\327\2355\262\"\247\215\236\276\321\266\224\327\0~\360J\260\345\t\20"..., 60) = 60
1521771905.988064 ioctl(0, TCGETS, {B38400 opost isig icanon echo ...}) = 0
1521771905.988079 ioctl(1, TCGETS, {B38400 opost isig icanon echo ...}) = 0
1521771905.988091 ioctl(2, TCGETS, {B38400 opost isig icanon echo ...}) = 0
1521771905.988105 write(2, "Connection to 192.168.125.180 cl"..., 39) = 39
1521771905.988202 shutdown(4, SHUT_RDWR) = 0
1521771905.988275 close(4)              = 0
1521771905.988437 exit_group(0)         = ?
1521771905.988749 +++ exited with 0 +++
