1521771156.011738 clock_gettime(CLOCK_BOOTTIME, {4682, 219942617}) = 0
1521771156.011794 write(4, "\0\0\0\f\n\25\0\0\0\0\0\0\0\0\0\0", 16) = 16
1521771156.011883 write(4, "~sj\247\21\263\343\344D\373\207\3246\355\251\362\364\330j\25^\310\342G\215\24:)T\351\177\267"..., 44) = 44
1521771156.011907 select(5, [4], NULL, NULL, NULL) = 1 (in [4])
1521771156.052383 read(4, "\244\202\253o\n\336\360N\210lF\337\224\264S\307\24\1\204\30\212^_\330\345\306\270D\27\272o\247"..., 8192) = 44
1521771156.052419 write(4, "\10\23\354\r\335\361b\3035L\244\353s\t\20\264U\16u\370\343]\235Q\307{\201\302\nKTr"..., 68) = 68
1521771156.052479 select(5, [4], NULL, NULL, NULL) = 1 (in [4])
1521771156.053360 read(4, "\31;oS\366?\341\\\205f,+\215.\220\6\267\4\337\377\241!\300\323\327\36a$R\361\340\307"..., 8192) = 84
1521771156.053409 futex(0x7f88f63c7530, FUTEX_WAKE_PRIVATE, 2147483647) = 0
1521771156.053447 futex(0x7f88f63c73d0, FUTEX_WAKE_PRIVATE, 2147483647) = 0
1521771156.053479 futex(0x7f88f89a4fa0, FUTEX_WAKE_PRIVATE, 2147483647) = 0
1521771156.053496 lstat("/etc/gss/mech", 0x7ffc577ab420) = -1 ENOENT (No such file or directory)
1521771156.053547 openat(AT_FDCWD, "/etc/gss/mech.d", O_RDONLY|O_NONBLOCK|O_DIRECTORY|O_CLOEXEC) = 5
1521771156.053581 getdents(5, /* 3 entries */, 32768) = 88
1521771156.053607 open("/usr/lib64/gconv/gconv-modules.cache", O_RDONLY) = 6
1521771156.053625 fstat(6, {st_mode=S_IFREG|0644, st_size=26254, ...}) = 0
1521771156.053643 mmap(NULL, 26254, PROT_READ, MAP_SHARED, 6, 0) = 0x7f88fa31b000
1521771156.053664 close(6)              = 0
1521771156.053676 futex(0x7f88f8034a80, FUTEX_WAKE_PRIVATE, 2147483647) = 0
1521771156.053698 getdents(5, /* 0 entries */, 32768) = 0
1521771156.053710 close(5)              = 0
1521771156.053724 lstat("/etc/gss/mech.d/gssproxy.conf", {st_mode=S_IFREG|0644, st_size=189, ...}) = 0
1521771156.053747 open("/etc/gss/mech.d/gssproxy.conf", O_RDONLY) = 5
1521771156.053764 fstat(5, {st_mode=S_IFREG|0644, st_size=189, ...}) = 0
1521771156.053777 mmap(NULL, 4096, PROT_READ|PROT_WRITE, MAP_PRIVATE|MAP_ANONYMOUS, -1, 0) = 0x7f88fa31a000
1521771156.053792 read(5, "# GSS-API mechanism plugins\n#\n# "..., 4096) = 189
1521771156.053820 read(5, "", 4096)     = 0
1521771156.053834 close(5)              = 0
1521771156.053884 munmap(0x7f88fa31a000, 4096) = 0
1521771156.053912 stat("/usr/lib64/gssproxy/proxymech.so", {st_mode=S_IFREG|0755, st_size=115072, ...}) = 0
1521771156.053939 futex(0x7f88f98760d0, FUTEX_WAKE_PRIVATE, 2147483647) = 0
1521771156.054015 open("/usr/lib64/gssproxy/proxymech.so", O_RDONLY|O_CLOEXEC) = 5
1521771156.054033 read(5, "\177ELF\2\1\1\0\0\0\0\0\0\0\0\0\3\0>\0\1\0\0\0\320x\0\0\0\0\0\0"..., 832) = 832
1521771156.054047 fstat(5, {st_mode=S_IFREG|0755, st_size=115072, ...}) = 0
1521771156.054061 mmap(NULL, 2208224, PROT_READ|PROT_EXEC, MAP_PRIVATE|MAP_DENYWRITE, 5, 0) = 0x7f88ef456000
1521771156.054076 mprotect(0x7f88ef471000, 2093056, PROT_NONE) = 0
1521771156.054090 mmap(0x7f88ef670000, 8192, PROT_READ|PROT_WRITE, MAP_PRIVATE|MAP_FIXED|MAP_DENYWRITE, 5, 0x1a000) = 0x7f88ef670000
1521771156.054114 close(5)              = 0
1521771156.054136 open("/etc/ld.so.cache", O_RDONLY|O_CLOEXEC) = 5
1521771156.054153 fstat(5, {st_mode=S_IFREG|0644, st_size=74765, ...}) = 0
1521771156.054166 mmap(NULL, 74765, PROT_READ, MAP_PRIVATE, 5, 0) = 0x7f88fa2ed000
1521771156.054178 close(5)              = 0
1521771156.054197 open("/lib64/libgssrpc.so.4", O_RDONLY|O_CLOEXEC) = 5
1521771156.054215 read(5, "\177ELF\2\1\1\0\0\0\0\0\0\0\0\0\3\0>\0\1\0\0\0\340Z\0\0\0\0\0\0"..., 832) = 832
1521771156.054228 fstat(5, {st_mode=S_IFREG|0755, st_size=134368, ...}) = 0
1521771156.054241 mmap(NULL, 2227072, PROT_READ|PROT_EXEC, MAP_PRIVATE|MAP_DENYWRITE, 5, 0) = 0x7f88ef236000
1521771156.054254 mprotect(0x7f88ef254000, 2097152, PROT_NONE) = 0
1521771156.054267 mmap(0x7f88ef454000, 8192, PROT_READ|PROT_WRITE, MAP_PRIVATE|MAP_FIXED|MAP_DENYWRITE, 5, 0x1e000) = 0x7f88ef454000
1521771156.054290 close(5)              = 0
1521771156.054445 mprotect(0x7f88ef454000, 4096, PROT_READ) = 0
1521771156.054606 mprotect(0x7f88ef670000, 4096, PROT_READ) = 0
1521771156.054636 munmap(0x7f88fa2ed000, 74765) = 0
1521771156.054674 stat("/usr/lib64/gssproxy/proxymech.so", {st_mode=S_IFREG|0755, st_size=115072, ...}) = 0
1521771156.054754 futex(0x7f88f8757480, FUTEX_WAKE_PRIVATE, 2147483647) = 0
1521771156.054780 futex(0x7f88f87586d0, FUTEX_WAKE_PRIVATE, 2147483647) = 0
1521771156.054806 stat("/etc/krb5.conf", {st_mode=S_IFREG|0644, st_size=590, ...}) = 0
1521771156.055040 open("/etc/krb5.conf", O_RDONLY) = 5
1521771156.055060 fcntl(5, F_SETFD, FD_CLOEXEC) = 0
1521771156.055080 fstat(5, {st_mode=S_IFREG|0644, st_size=590, ...}) = 0
1521771156.055093 mmap(NULL, 4096, PROT_READ|PROT_WRITE, MAP_PRIVATE|MAP_ANONYMOUS, -1, 0) = 0x7f88fa31a000
1521771156.055106 read(5, "# Configuration snippets may be "..., 4096) = 590
1521771156.055126 openat(AT_FDCWD, "/etc/krb5.conf.d/", O_RDONLY|O_NONBLOCK|O_DIRECTORY|O_CLOEXEC) = 6
1521771156.055146 getdents(6, /* 2 entries */, 32768) = 48
1521771156.055160 getdents(6, /* 0 entries */, 32768) = 0
1521771156.055173 close(6)              = 0
1521771156.055194 read(5, "", 4096)     = 0
1521771156.055208 close(5)              = 0
1521771156.055220 munmap(0x7f88fa31a000, 4096) = 0
1521771156.055318 stat("/etc/krb5.conf", {st_mode=S_IFREG|0644, st_size=590, ...}) = 0
1521771156.055339 open("/etc/krb5.conf", O_RDONLY) = 5
1521771156.055354 fcntl(5, F_SETFD, FD_CLOEXEC) = 0
1521771156.055366 fstat(5, {st_mode=S_IFREG|0644, st_size=590, ...}) = 0
1521771156.055378 mmap(NULL, 4096, PROT_READ|PROT_WRITE, MAP_PRIVATE|MAP_ANONYMOUS, -1, 0) = 0x7f88fa31a000
1521771156.055391 read(5, "# Configuration snippets may be "..., 4096) = 590
1521771156.055407 openat(AT_FDCWD, "/etc/krb5.conf.d/", O_RDONLY|O_NONBLOCK|O_DIRECTORY|O_CLOEXEC) = 6
1521771156.055423 getdents(6, /* 2 entries */, 32768) = 48
1521771156.055436 getdents(6, /* 0 entries */, 32768) = 0
1521771156.055447 close(6)              = 0
1521771156.055465 read(5, "", 4096)     = 0
1521771156.055476 close(5)              = 0
1521771156.055487 munmap(0x7f88fa31a000, 4096) = 0
1521771156.055519 access("/etc/krb5.conf", R_OK) = 0
1521771156.055540 stat("/etc/krb5.conf", {st_mode=S_IFREG|0644, st_size=590, ...}) = 0
1521771156.055568 stat("/etc/sysconfig/64bit_strstr_via_64bit_strstr_sse2_unaligned", 0x7ffc577aa9b0) = -1 ENOENT (No such file or directory)
1521771156.055594 geteuid()             = 1001
1521771156.055625 open("/var/kerberos/krb5/user/1001/client.keytab", O_RDONLY) = -1 ENOENT (No such file or directory)
1521771156.055663 getuid()              = 1001
1521771156.055689 keyctl(KEYCTL_GET_PERSISTENT, 1001, KEY_SPEC_PROCESS_KEYRING) = 314351014
1521771156.056573 keyctl(KEYCTL_SEARCH, 314351014, "keyring", "_krb", KEY_SPEC_PROCESS_KEYRING) = 842596139
1521771156.056592 keyctl(KEYCTL_SEARCH, 842596139, "user", "krb_ccache:primary", 0) = 488544336
1521771156.056609 keyctl(KEYCTL_READ, 488544336, NULL, 0) = 12
1521771156.056622 keyctl(KEYCTL_READ, 488544336, "", 12) = 12
1521771156.056636 keyctl(KEYCTL_READ, 842596139, NULL, 0) = 4
1521771156.056647 keyctl(KEYCTL_READ, 842596139, "P\230\36\35", 4) = 4
1521771156.056659 keyctl(KEYCTL_SEARCH, 842596139, "keyring", "1001", 0) = -1 ENOKEY (Required key not available)
1521771156.056676 keyctl(KEYCTL_DESCRIBE, 488544336, NULL, 0) = 43
1521771156.056689 keyctl(KEYCTL_DESCRIBE, 488544336, "user;1001;1001;3f010000;krb_ccac"..., 43) = 43
1521771156.056734 stat("/etc/krb5.conf", {st_mode=S_IFREG|0644, st_size=590, ...}) = 0
1521771156.056754 open("/etc/krb5.conf", O_RDONLY) = 5
1521771156.056769 fcntl(5, F_SETFD, FD_CLOEXEC) = 0
1521771156.056781 fstat(5, {st_mode=S_IFREG|0644, st_size=590, ...}) = 0
1521771156.056794 mmap(NULL, 4096, PROT_READ|PROT_WRITE, MAP_PRIVATE|MAP_ANONYMOUS, -1, 0) = 0x7f88fa31a000
1521771156.056807 read(5, "# Configuration snippets may be "..., 4096) = 590
1521771156.056825 openat(AT_FDCWD, "/etc/krb5.conf.d/", O_RDONLY|O_NONBLOCK|O_DIRECTORY|O_CLOEXEC) = 6
1521771156.056840 getdents(6, /* 2 entries */, 32768) = 48
1521771156.056878 getdents(6, /* 0 entries */, 32768) = 0
1521771156.056889 close(6)              = 0
1521771156.056908 read(5, "", 4096)     = 0
1521771156.056926 close(5)              = 0
1521771156.056937 munmap(0x7f88fa31a000, 4096) = 0
1521771156.056979 stat("/etc/krb5.conf", {st_mode=S_IFREG|0644, st_size=590, ...}) = 0
1521771156.057000 open("/etc/krb5.conf", O_RDONLY) = 5
1521771156.057015 fcntl(5, F_SETFD, FD_CLOEXEC) = 0
1521771156.057027 fstat(5, {st_mode=S_IFREG|0644, st_size=590, ...}) = 0
1521771156.057039 mmap(NULL, 4096, PROT_READ|PROT_WRITE, MAP_PRIVATE|MAP_ANONYMOUS, -1, 0) = 0x7f88fa31a000
1521771156.057052 read(5, "# Configuration snippets may be "..., 4096) = 590
1521771156.057068 openat(AT_FDCWD, "/etc/krb5.conf.d/", O_RDONLY|O_NONBLOCK|O_DIRECTORY|O_CLOEXEC) = 6
1521771156.057083 getdents(6, /* 2 entries */, 32768) = 48
1521771156.057095 getdents(6, /* 0 entries */, 32768) = 0
1521771156.057106 close(6)              = 0
1521771156.057123 read(5, "", 4096)     = 0
1521771156.057135 close(5)              = 0
1521771156.057146 munmap(0x7f88fa31a000, 4096) = 0
1521771156.057180 stat("/etc/krb5.conf", {st_mode=S_IFREG|0644, st_size=590, ...}) = 0
1521771156.057200 open("/etc/krb5.conf", O_RDONLY) = 5
1521771156.057213 fcntl(5, F_SETFD, FD_CLOEXEC) = 0
1521771156.057225 fstat(5, {st_mode=S_IFREG|0644, st_size=590, ...}) = 0
1521771156.057237 mmap(NULL, 4096, PROT_READ|PROT_WRITE, MAP_PRIVATE|MAP_ANONYMOUS, -1, 0) = 0x7f88fa31a000
1521771156.057250 read(5, "# Configuration snippets may be "..., 4096) = 590
1521771156.057265 openat(AT_FDCWD, "/etc/krb5.conf.d/", O_RDONLY|O_NONBLOCK|O_DIRECTORY|O_CLOEXEC) = 6
1521771156.057280 getdents(6, /* 2 entries */, 32768) = 48
1521771156.057293 getdents(6, /* 0 entries */, 32768) = 0
1521771156.057303 close(6)              = 0
1521771156.057320 read(5, "", 4096)     = 0
1521771156.057331 close(5)              = 0
1521771156.057343 munmap(0x7f88fa31a000, 4096) = 0
1521771156.057368 access("/etc/krb5.conf", R_OK) = 0
1521771156.057385 stat("/etc/krb5.conf", {st_mode=S_IFREG|0644, st_size=590, ...}) = 0
1521771156.057405 geteuid()             = 1001
1521771156.057419 open("/var/kerberos/krb5/user/1001/client.keytab", O_RDONLY) = -1 ENOENT (No such file or directory)
1521771156.057442 getuid()              = 1001
1521771156.057457 keyctl(KEYCTL_GET_PERSISTENT, 1001, KEY_SPEC_PROCESS_KEYRING) = 314351014
1521771156.057471 keyctl(KEYCTL_SEARCH, 314351014, "keyring", "_krb", KEY_SPEC_PROCESS_KEYRING) = 842596139
1521771156.057486 keyctl(KEYCTL_SEARCH, 842596139, "user", "krb_ccache:primary", 0) = 488544336
1521771156.057499 keyctl(KEYCTL_READ, 488544336, NULL, 0) = 12
1521771156.057511 keyctl(KEYCTL_READ, 488544336, "", 12) = 12
1521771156.057523 keyctl(KEYCTL_READ, 842596139, NULL, 0) = 4
1521771156.057534 keyctl(KEYCTL_READ, 842596139, "P\230\36\35", 4) = 4
1521771156.057546 keyctl(KEYCTL_SEARCH, 842596139, "keyring", "1001", 0) = -1 ENOKEY (Required key not available)
1521771156.057559 keyctl(KEYCTL_DESCRIBE, 488544336, NULL, 0) = 43
1521771156.057571 keyctl(KEYCTL_DESCRIBE, 488544336, "user;1001;1001;3f010000;krb_ccac"..., 43) = 43
1521771156.057592 access("/etc/krb5.conf", R_OK) = 0
1521771156.057606 stat("/etc/krb5.conf", {st_mode=S_IFREG|0644, st_size=590, ...}) = 0
1521771156.057638 stat("/etc/krb5.conf", {st_mode=S_IFREG|0644, st_size=590, ...}) = 0
1521771156.057654 open("/etc/krb5.conf", O_RDONLY) = 5
1521771156.057668 fcntl(5, F_SETFD, FD_CLOEXEC) = 0
1521771156.057680 fstat(5, {st_mode=S_IFREG|0644, st_size=590, ...}) = 0
1521771156.057692 mmap(NULL, 4096, PROT_READ|PROT_WRITE, MAP_PRIVATE|MAP_ANONYMOUS, -1, 0) = 0x7f88fa31a000
1521771156.057705 read(5, "# Configuration snippets may be "..., 4096) = 590
1521771156.057721 openat(AT_FDCWD, "/etc/krb5.conf.d/", O_RDONLY|O_NONBLOCK|O_DIRECTORY|O_CLOEXEC) = 6
1521771156.057736 getdents(6, /* 2 entries */, 32768) = 48
1521771156.057749 getdents(6, /* 0 entries */, 32768) = 0
1521771156.057760 close(6)              = 0
1521771156.057777 read(5, "", 4096)     = 0
1521771156.057788 close(5)              = 0
1521771156.057799 munmap(0x7f88fa31a000, 4096) = 0
1521771156.057831 stat("/home/king/.ssh/id_rsa", 0x7ffc577ab4a0) = -1 ENOENT (No such file or directory)
1521771156.057892 stat("/home/king/.ssh/id_dsa", 0x7ffc577ab4a0) = -1 ENOENT (No such file or directory)
1521771156.057918 stat("/home/king/.ssh/id_ecdsa", 0x7ffc577ab4a0) = -1 ENOENT (No such file or directory)
1521771156.057937 stat("/home/king/.ssh/id_ed25519", 0x7ffc577ab4a0) = -1 ENOENT (No such file or directory)
1521771156.057957 open("/dev/tty", O_RDWR) = 5
1521771156.058138 close(5)              = 0
1521771156.058151 open("/dev/tty", O_RDWR) = 5
1521771156.058165 ioctl(5, TCGETS, {B38400 opost isig icanon echo ...}) = 0
1521771156.058189 ioctl(5, SNDCTL_TMR_CONTINUE or TCSETSF, {B38400 opost isig icanon -echo ...}) = 0
1521771156.058204 rt_sigaction(SIGALRM, {0x560df3a205b0, [], SA_RESTORER, 0x7f88f7cac270}, {SIG_DFL, [], 0}, 8) = 0
1521771156.058220 rt_sigaction(SIGHUP, {0x560df3a205b0, [], SA_RESTORER, 0x7f88f7cac270}, {SIG_DFL, [], 0}, 8) = 0
1521771156.058232 rt_sigaction(SIGINT, {0x560df3a205b0, [], SA_RESTORER, 0x7f88f7cac270}, {SIG_DFL, [], 0}, 8) = 0
1521771156.058244 rt_sigaction(SIGPIPE, {0x560df3a205b0, [], SA_RESTORER, 0x7f88f7cac270}, {SIG_IGN, [], SA_RESTORER, 0x7f88f7cac270}, 8) = 0
1521771156.058256 rt_sigaction(SIGQUIT, {0x560df3a205b0, [], SA_RESTORER, 0x7f88f7cac270}, {SIG_DFL, [], 0}, 8) = 0
1521771156.058268 rt_sigaction(SIGTERM, {0x560df3a205b0, [], SA_RESTORER, 0x7f88f7cac270}, {SIG_DFL, [], 0}, 8) = 0
1521771156.058280 rt_sigaction(SIGTSTP, {0x560df3a205b0, [], SA_RESTORER, 0x7f88f7cac270}, {SIG_DFL, [], 0}, 8) = 0
1521771156.058292 rt_sigaction(SIGTTIN, {0x560df3a205b0, [], SA_RESTORER, 0x7f88f7cac270}, {SIG_DFL, [], 0}, 8) = 0
1521771156.058304 rt_sigaction(SIGTTOU, {0x560df3a205b0, [], SA_RESTORER, 0x7f88f7cac270}, {SIG_DFL, [], 0}, 8) = 0
1521771156.058316 write(5, "jacob@192.168.125.180's password"..., 34) = 34
1521771156.058357 read(5, "b", 1)       = 1
1521771156.058371 read(5, "b", 1)       = 1
1521771156.058382 read(5, "c", 1)       = 1
1521771156.058393 read(5, "0", 1)       = 1
1521771156.058405 read(5, "0", 1)       = 1
1521771156.058416 read(5, "0", 1)       = 1
1521771156.058427 read(5, "7", 1)       = 1
1521771156.058438 read(5, "3", 1)       = 1
1521771156.058449 read(5, "1", 1)       = 1
1521771156.058461 read(5, "\n", 1)      = 1
1521771156.058472 write(5, "\n", 1)     = 1
1521771156.058490 ioctl(5, SNDCTL_TMR_CONTINUE or TCSETSF, {B38400 opost isig icanon echo ...}) = 0
1521771156.058504 rt_sigaction(SIGALRM, {SIG_DFL, [], SA_RESTORER, 0x7f88f7cac270}, NULL, 8) = 0
1521771156.058515 rt_sigaction(SIGHUP, {SIG_DFL, [], SA_RESTORER, 0x7f88f7cac270}, NULL, 8) = 0
1521771156.058526 rt_sigaction(SIGINT, {SIG_DFL, [], SA_RESTORER, 0x7f88f7cac270}, NULL, 8) = 0
1521771156.058537 rt_sigaction(SIGQUIT, {SIG_DFL, [], SA_RESTORER, 0x7f88f7cac270}, NULL, 8) = 0
1521771156.058548 rt_sigaction(SIGPIPE, {SIG_IGN, [], SA_RESTORER, 0x7f88f7cac270}, NULL, 8) = 0
1521771156.058559 rt_sigaction(SIGTERM, {SIG_DFL, [], SA_RESTORER, 0x7f88f7cac270}, NULL, 8) = 0
1521771156.058570 rt_sigaction(SIGTSTP, {SIG_DFL, [], SA_RESTORER, 0x7f88f7cac270}, NULL, 8) = 0
1521771156.058581 rt_sigaction(SIGTTIN, {SIG_DFL, [], SA_RESTORER, 0x7f88f7cac270}, NULL, 8) = 0
1521771156.058592 rt_sigaction(SIGTTOU, {SIG_DFL, [], SA_RESTORER, 0x7f88f7cac270}, NULL, 8) = 0
1521771156.058603 close(5)              = 0
1521771156.058622 write(4, "\7\330\374\t\307U\341V-\214\263\325\220%\337\1 \177\17\276\177\211H\233\267\256\366\204\264W\240)"..., 148) = 148
1521771156.058689 select(5, [4], NULL, NULL, NULL) = 1 (in [4])
1521771156.073156 read(4, "\217\275\222\262$9\376\314g\27M]\5\222\255~\\\6\3C\311X\324>\t8\250\231", 8192) = 28
1521771156.073195 dup(0)                = 5
1521771156.073208 dup(1)                = 6
1521771156.073217 dup(2)                = 7
1521771156.073227 ioctl(5, TCGETS, {B38400 opost isig icanon echo ...}) = 0
1521771156.073244 ioctl(6, TCGETS, {B38400 opost isig icanon echo ...}) = 0
1521771156.073255 ioctl(7, TCGETS, {B38400 opost isig icanon echo ...}) = 0
1521771156.073271 fcntl(5, F_SETFD, FD_CLOEXEC) = 0
1521771156.073284 fcntl(6, F_SETFD, FD_CLOEXEC) = 0
1521771156.073304 fcntl(7, F_SETFD, FD_CLOEXEC) = 0
1521771156.073329 rt_sigaction(SIGHUP, NULL, {SIG_DFL, [], SA_RESTORER, 0x7f88f7cac270}, 8) = 0
1521771156.073344 rt_sigaction(SIGHUP, {SIG_IGN, [], SA_RESTORER, 0x7f88f7cac270}, NULL, 8) = 0
1521771156.073369 rt_sigaction(SIGHUP, NULL, {SIG_IGN, [], SA_RESTORER, 0x7f88f7cac270}, 8) = 0
1521771156.073384 rt_sigaction(SIGHUP, {0x560df39c31a0, [], SA_RESTORER, 0x7f88f7cac270}, NULL, 8) = 0
1521771156.073395 rt_sigaction(SIGINT, NULL, {SIG_DFL, [], SA_RESTORER, 0x7f88f7cac270}, 8) = 0
1521771156.073406 rt_sigaction(SIGINT, {SIG_IGN, [], SA_RESTORER, 0x7f88f7cac270}, NULL, 8) = 0
1521771156.073417 rt_sigaction(SIGINT, NULL, {SIG_IGN, [], SA_RESTORER, 0x7f88f7cac270}, 8) = 0
1521771156.073428 rt_sigaction(SIGINT, {0x560df39c31a0, [], SA_RESTORER, 0x7f88f7cac270}, NULL, 8) = 0
1521771156.073440 rt_sigaction(SIGQUIT, NULL, {SIG_DFL, [], SA_RESTORER, 0x7f88f7cac270}, 8) = 0
1521771156.073451 rt_sigaction(SIGQUIT, {SIG_IGN, [], SA_RESTORER, 0x7f88f7cac270}, NULL, 8) = 0
1521771156.073462 rt_sigaction(SIGQUIT, NULL, {SIG_IGN, [], SA_RESTORER, 0x7f88f7cac270}, 8) = 0
1521771156.073473 rt_sigaction(SIGQUIT, {0x560df39c31a0, [], SA_RESTORER, 0x7f88f7cac270}, NULL, 8) = 0
1521771156.073484 rt_sigaction(SIGTERM, NULL, {SIG_DFL, [], SA_RESTORER, 0x7f88f7cac270}, 8) = 0
1521771156.073495 rt_sigaction(SIGTERM, {SIG_IGN, [], SA_RESTORER, 0x7f88f7cac270}, NULL, 8) = 0
1521771156.073506 rt_sigaction(SIGTERM, NULL, {SIG_IGN, [], SA_RESTORER, 0x7f88f7cac270}, 8) = 0
1521771156.073517 rt_sigaction(SIGTERM, {0x560df39c31a0, [], SA_RESTORER, 0x7f88f7cac270}, NULL, 8) = 0
1521771156.073528 rt_sigaction(SIGWINCH, NULL, {SIG_DFL, [], 0}, 8) = 0
1521771156.073539 rt_sigaction(SIGWINCH, {0x560df39c3430, [], SA_RESTORER, 0x7f88f7cac270}, NULL, 8) = 0
1521771156.073550 ioctl(0, TCGETS, {B38400 opost isig icanon echo ...}) = 0
1521771156.073563 ioctl(0, SNDCTL_TMR_STOP or TCSETSW, {B38400 -opost -isig -icanon -echo ...}) = 0
1521771156.073579 clock_gettime(CLOCK_BOOTTIME, {4682, 281754395}) = 0
1521771156.073592 clock_gettime(CLOCK_BOOTTIME, {4682, 281766843}) = 0
1521771156.073604 select(8, [4], [4], NULL, NULL) = 1 (out [4])
1521771156.073620 clock_gettime(CLOCK_BOOTTIME, {4682, 281794844}) = 0
1521771156.073631 write(4, "\10\6\21\245\304\262,\f\362\307\251\260o\356+| \232';\220\362\211\331pN*\325\3\360\332\\"..., 112) = 112
1521771156.073698 clock_gettime(CLOCK_BOOTTIME, {4682, 281873178}) = 0
1521771156.073711 clock_gettime(CLOCK_BOOTTIME, {4682, 281885532}) = 0
1521771156.073722 select(8, [4], [], NULL, NULL) = 1 (in [4])
1521771156.221652 clock_gettime(CLOCK_BOOTTIME, {4682, 429829568}) = 0
1521771156.221669 read(4, "y\16\220\236\3404\20C\235\323\3060~\236\voq\177\375 \335$\253\326\37a\220\323\3237*r"..., 8192) = 500
1521771156.221707 clock_gettime(CLOCK_BOOTTIME, {4682, 429883443}) = 0
1521771156.221720 clock_gettime(CLOCK_BOOTTIME, {4682, 429895253}) = 0
1521771156.221732 select(8, [4], [], NULL, NULL) = 1 (in [4])
1521771156.262245 clock_gettime(CLOCK_BOOTTIME, {4682, 470422557}) = 0
1521771156.262262 read(4, "\271\227\24\347\252N\201\251c\3718\364\243\350\30\300M\334\331\321\220\352z%\372\334BN\225\25RF"..., 8192) = 44
1521771156.262292 getsockopt(4, SOL_TCP, TCP_NODELAY, [0], [4]) = 0
1521771156.262314 setsockopt(4, SOL_TCP, TCP_NODELAY, [1], 4) = 0
1521771156.262327 getsockname(4, {sa_family=AF_INET, sin_port=htons(43048), sin_addr=inet_addr("192.168.125.181")}, [16]) = 0
1521771156.262353 setsockopt(4, SOL_IP, IP_TOS, [16], 4) = 0
1521771156.262367 ioctl(0, TIOCGWINSZ, {ws_row=38, ws_col=194, ws_xpixel=0, ws_ypixel=0}) = 0
1521771156.262415 clock_gettime(CLOCK_BOOTTIME, {4682, 470591424}) = 0
1521771156.262429 clock_gettime(CLOCK_BOOTTIME, {4682, 470603441}) = 0
1521771156.262440 select(8, [4], [4], NULL, NULL) = 1 (out [4])
1521771156.262456 clock_gettime(CLOCK_BOOTTIME, {4682, 470631344}) = 0
1521771156.262470 write(4, "N&\331\277\234\274[\325\221\34\236\353\207\177j\322\210\35\244\336\244\231s\376\364\260\211C\224\255\346["..., 504) = 504
1521771156.262537 clock_gettime(CLOCK_BOOTTIME, {4682, 470722542}) = 0
1521771156.262561 clock_gettime(CLOCK_BOOTTIME, {4682, 470735662}) = 0
1521771156.262572 select(8, [4], [], NULL, NULL) = 1 (in [4])
1521771156.269304 clock_gettime(CLOCK_BOOTTIME, {4682, 477481396}) = 0
1521771156.269320 read(4, "z\10\264}\"\203*\237|\341\226<U\312\206\16|\314\244<\fe\267\17\34\32\264\360r\253\246\333"..., 8192) = 108
1521771156.269388 clock_gettime(CLOCK_BOOTTIME, {4682, 477567626}) = 0
1521771156.269406 clock_gettime(CLOCK_BOOTTIME, {4682, 477580895}) = 0
1521771156.269418 select(8, [4 5], [], NULL, NULL) = 1 (in [4])
1521771156.271082 clock_gettime(CLOCK_BOOTTIME, {4682, 479258499}) = 0
1521771156.271097 read(4, "\272\305=\350\272C5(\3453\237\341\252\314\26\374\273\355V\271\37\316\342j\352\343\33\212\255\332\334O"..., 8192) = 100
1521771156.271179 clock_gettime(CLOCK_BOOTTIME, {4682, 479358607}) = 0
1521771156.271198 clock_gettime(CLOCK_BOOTTIME, {4682, 479372680}) = 0
1521771156.271210 select(8, [4 5], [6], NULL, NULL) = 1 (out [6])
1521771156.271228 clock_gettime(CLOCK_BOOTTIME, {4682, 479403191}) = 0
1521771156.271240 write(6, "Last login: Fri Mar 23 10:11:26 "..., 60) = 60
1521771156.271370 clock_gettime(CLOCK_BOOTTIME, {4682, 479546123}) = 0
1521771156.271384 clock_gettime(CLOCK_BOOTTIME, {4682, 479558809}) = 0
1521771156.271395 select(8, [4 5], [], NULL, NULL) = 1 (in [4])
1521771156.384687 clock_gettime(CLOCK_BOOTTIME, {4682, 592864412}) = 0
1521771156.384704 read(4, "\235~#`K*\226\3516\202\0U\344\22\226\233\363\326GV@V\231D\5\2653m\373\261Bv"..., 8192) = 84
1521771156.384734 clock_gettime(CLOCK_BOOTTIME, {4682, 592909677}) = 0
1521771156.384747 clock_gettime(CLOCK_BOOTTIME, {4682, 592921446}) = 0
1521771156.384758 select(8, [4 5], [6], NULL, NULL) = 1 (out [6])
1521771156.384777 clock_gettime(CLOCK_BOOTTIME, {4682, 592951812}) = 0
1521771156.384788 write(6, "\33]0;jacob@study:~\7\33[?1034h[jacob"..., 43) = 43
1521771156.384916 clock_gettime(CLOCK_BOOTTIME, {4682, 593091962}) = 0
1521771156.384930 clock_gettime(CLOCK_BOOTTIME, {4682, 593104571}) = 0
1521771156.384941 select(8, [4 5], [], NULL, NULL) = 1 (in [5])
1521771157.218986 clock_gettime(CLOCK_BOOTTIME, {4683, 427163599}) = 0
1521771157.219003 read(5, "l", 16384)   = 1
1521771157.219035 clock_gettime(CLOCK_BOOTTIME, {4683, 427211430}) = 0
1521771157.219048 clock_gettime(CLOCK_BOOTTIME, {4683, 427223204}) = 0
1521771157.219060 select(8, [4 5], [4], NULL, NULL) = 1 (out [4])
1521771157.219094 clock_gettime(CLOCK_BOOTTIME, {4683, 427274706}) = 0
1521771157.219119 write(4, "H\377\200\7R\20\316\210\237\264U,\217\211\333m\352\305\327\261h\216K'\237;\200\177\237\203?\371"..., 36) = 36
1521771157.219238 clock_gettime(CLOCK_BOOTTIME, {4683, 427416746}) = 0
1521771157.219260 clock_gettime(CLOCK_BOOTTIME, {4683, 427437708}) = 0
1521771157.219278 select(8, [4 5], [], NULL, NULL) = 1 (in [4])
1521771157.220231 clock_gettime(CLOCK_BOOTTIME, {4683, 428407952}) = 0
1521771157.220247 read(4, "\317^l7\371\203e \322el\0\235\337:\233\211u\35?Y\202\300\267nIL\265\334\32\272\16"..., 8192) = 36
1521771157.220269 clock_gettime(CLOCK_BOOTTIME, {4683, 428444457}) = 0
1521771157.220281 clock_gettime(CLOCK_BOOTTIME, {4683, 428455963}) = 0
1521771157.220293 select(8, [4 5], [6], NULL, NULL) = 1 (out [6])
1521771157.220310 clock_gettime(CLOCK_BOOTTIME, {4683, 428484998}) = 0
1521771157.220322 write(6, "l", 1)      = 1
1521771157.220416 clock_gettime(CLOCK_BOOTTIME, {4683, 428591763}) = 0
1521771157.220430 clock_gettime(CLOCK_BOOTTIME, {4683, 428604628}) = 0
1521771157.220441 select(8, [4 5], [], NULL, NULL) = 1 (in [5])
1521771157.330851 clock_gettime(CLOCK_BOOTTIME, {4683, 539028460}) = 0
1521771157.330868 read(5, "s", 16384)   = 1
1521771157.330894 clock_gettime(CLOCK_BOOTTIME, {4683, 539070323}) = 0
1521771157.330907 clock_gettime(CLOCK_BOOTTIME, {4683, 539081995}) = 0
1521771157.330919 select(8, [4 5], [4], NULL, NULL) = 1 (out [4])
1521771157.330936 clock_gettime(CLOCK_BOOTTIME, {4683, 539111296}) = 0
1521771157.330948 write(4, "\317\306\0178\10ox\201L<Q\220\273\224\225\270\326\203}\265O\265\4Ub\357\323A\vq\353K"..., 36) = 36
1521771157.331055 clock_gettime(CLOCK_BOOTTIME, {4683, 539242301}) = 0
1521771157.331081 clock_gettime(CLOCK_BOOTTIME, {4683, 539256301}) = 0
1521771157.331093 select(8, [4 5], [], NULL, NULL) = 1 (in [4])
1521771157.331595 clock_gettime(CLOCK_BOOTTIME, {4683, 539771500}) = 0
1521771157.331609 read(4, "_\304\354\"G\225/2\374\345\32\305\331\201j\360\27S\17LQ\352\355A\352\320\327\326\377\n2\3"..., 8192) = 36
1521771157.331630 clock_gettime(CLOCK_BOOTTIME, {4683, 539805578}) = 0
1521771157.331642 clock_gettime(CLOCK_BOOTTIME, {4683, 539817116}) = 0
1521771157.331654 select(8, [4 5], [6], NULL, NULL) = 1 (out [6])
1521771157.331671 clock_gettime(CLOCK_BOOTTIME, {4683, 539845562}) = 0
1521771157.331682 write(6, "s", 1)      = 1
1521771157.331764 clock_gettime(CLOCK_BOOTTIME, {4683, 539939288}) = 0
1521771157.331777 clock_gettime(CLOCK_BOOTTIME, {4683, 539951947}) = 0
1521771157.331789 select(8, [4 5], [], NULL, NULL) = 1 (in [5])
1521771157.466726 clock_gettime(CLOCK_BOOTTIME, {4683, 674903763}) = 0
1521771157.466744 read(5, "\r", 16384)  = 1
1521771157.466770 clock_gettime(CLOCK_BOOTTIME, {4683, 674946211}) = 0
1521771157.466783 clock_gettime(CLOCK_BOOTTIME, {4683, 674958036}) = 0
1521771157.466795 select(8, [4 5], [4], NULL, NULL) = 1 (out [4])
1521771157.466813 clock_gettime(CLOCK_BOOTTIME, {4683, 674987632}) = 0
1521771157.466825 write(4, "{r\335\355\324\346\1\200\262Y\"H\33\320FF0\245y6~tM>\n\302\34F\5\267Y\254"..., 36) = 36
1521771157.466899 clock_gettime(CLOCK_BOOTTIME, {4683, 675074499}) = 0
1521771157.466912 clock_gettime(CLOCK_BOOTTIME, {4683, 675087067}) = 0
1521771157.466924 select(8, [4 5], [], NULL, NULL) = 1 (in [4])
1521771157.468384 clock_gettime(CLOCK_BOOTTIME, {4683, 676560697}) = 0
1521771157.468399 read(4, "6=\10\340\365\226V\33aM\361^\276\362\201\26eTtl3\260\317\234\267av\247p\337:\6"..., 8192) = 36
1521771157.468421 clock_gettime(CLOCK_BOOTTIME, {4683, 676596708}) = 0
1521771157.468433 clock_gettime(CLOCK_BOOTTIME, {4683, 676608194}) = 0
1521771157.468445 select(8, [4 5], [6], NULL, NULL) = 1 (out [6])
1521771157.468462 clock_gettime(CLOCK_BOOTTIME, {4683, 676637022}) = 0
1521771157.468474 write(6, "\r\n", 2)   = 2
1521771157.468564 clock_gettime(CLOCK_BOOTTIME, {4683, 676739637}) = 0
1521771157.468577 clock_gettime(CLOCK_BOOTTIME, {4683, 676752191}) = 0
1521771157.468589 select(8, [4 5], [], NULL, NULL) = 1 (in [4])
1521771157.470309 clock_gettime(CLOCK_BOOTTIME, {4683, 678490470}) = 0
1521771157.470335 read(4, "\23\321*\212Ao>c\364Z5jn\221\236\262-tH\366\310M\3476e|@SQ\304\256\324"..., 8192) = 220
1521771157.470376 clock_gettime(CLOCK_BOOTTIME, {4683, 678554879}) = 0
1521771157.470399 clock_gettime(CLOCK_BOOTTIME, {4683, 678576111}) = 0
1521771157.470419 select(8, [4 5], [6], NULL, NULL) = 1 (out [6])
1521771157.470448 clock_gettime(CLOCK_BOOTTIME, {4683, 678625637}) = 0
1521771157.470470 write(6, "\33[0m\33[01;34mtmp\33[0m  \33[01;34m\344\270\213"..., 181) = 181
1521771157.470639 clock_gettime(CLOCK_BOOTTIME, {4683, 678815142}) = 0
1521771157.470653 clock_gettime(CLOCK_BOOTTIME, {4683, 678828243}) = 0
1521771157.470665 select(8, [4 5], [], NULL, NULL) = 1 (in [4])
1521771157.470695 clock_gettime(CLOCK_BOOTTIME, {4683, 678873297}) = 0
1521771157.470711 read(4, "\313\354\21\375fE\220\305\6\232@<\0052N\241l-Y\256Z\207\217\371\277j\254\26\24|\217\266"..., 8192) = 76
1521771157.470730 clock_gettime(CLOCK_BOOTTIME, {4683, 678905596}) = 0
1521771157.470742 clock_gettime(CLOCK_BOOTTIME, {4683, 678916816}) = 0
1521771157.470753 select(8, [4 5], [6], NULL, NULL) = 1 (out [6])
1521771157.470770 clock_gettime(CLOCK_BOOTTIME, {4683, 678944337}) = 0
1521771157.470781 write(6, "\33]0;jacob@study:~\7[jacob@study ~"..., 35) = 35
1521771157.470853 clock_gettime(CLOCK_BOOTTIME, {4683, 679027950}) = 0
1521771157.470866 clock_gettime(CLOCK_BOOTTIME, {4683, 679040644}) = 0
1521771157.470877 select(8, [4 5], [], NULL, NULL) = 1 (in [5])
1521771157.698908 clock_gettime(CLOCK_BOOTTIME, {4683, 907085461}) = 0
1521771157.698925 read(5, "l", 16384)   = 1
1521771157.698953 clock_gettime(CLOCK_BOOTTIME, {4683, 907129102}) = 0
1521771157.698966 clock_gettime(CLOCK_BOOTTIME, {4683, 907150887}) = 0
1521771157.698989 select(8, [4 5], [4], NULL, NULL) = 1 (out [4])
1521771157.699007 clock_gettime(CLOCK_BOOTTIME, {4683, 907181857}) = 0
1521771157.699019 write(4, "\305L4\363\10\\S\275\31\f\324\307D\213\361N\200\35s\236v\5m\6\316\210\6\212\350\253\245\354"..., 36) = 36
1521771157.699100 clock_gettime(CLOCK_BOOTTIME, {4683, 907275488}) = 0
1521771157.699113 clock_gettime(CLOCK_BOOTTIME, {4683, 907288341}) = 0
1521771157.699125 select(8, [4 5], [], NULL, NULL) = 1 (in [4])
1521771157.699428 clock_gettime(CLOCK_BOOTTIME, {4683, 907604047}) = 0
1521771157.699442 read(4, "\303\325\350\355\325\324\0\255\334\203/\335!\0360(\211\337d\356\245\332@\320l\250$\27>\244\371\305"..., 8192) = 36
1521771157.699463 clock_gettime(CLOCK_BOOTTIME, {4683, 907638418}) = 0
1521771157.699475 clock_gettime(CLOCK_BOOTTIME, {4683, 907650067}) = 0
1521771157.699487 select(8, [4 5], [6], NULL, NULL) = 1 (out [6])
1521771157.699503 clock_gettime(CLOCK_BOOTTIME, {4683, 907678362}) = 0
1521771157.699515 write(6, "l", 1)      = 1
1521771157.699595 clock_gettime(CLOCK_BOOTTIME, {4683, 907770688}) = 0
1521771157.699609 clock_gettime(CLOCK_BOOTTIME, {4683, 907783509}) = 0
1521771157.699620 select(8, [4 5], [], NULL, NULL) = 1 (in [5])
1521771157.826725 clock_gettime(CLOCK_BOOTTIME, {4684, 34901926}) = 0
1521771157.826742 read(5, "s", 16384)   = 1
1521771157.826768 clock_gettime(CLOCK_BOOTTIME, {4684, 34943491}) = 0
1521771157.826780 clock_gettime(CLOCK_BOOTTIME, {4684, 34955192}) = 0
1521771157.826792 select(8, [4 5], [4], NULL, NULL) = 1 (out [4])
1521771157.826810 clock_gettime(CLOCK_BOOTTIME, {4684, 34984543}) = 0
1521771157.826821 write(4, "B;{Q\236\5l\2oO\253\310;\4\304\352\27hK\222\221?\224\251\v\17\227#\336y\351z"..., 36) = 36
1521771157.826897 clock_gettime(CLOCK_BOOTTIME, {4684, 35072760}) = 0
1521771157.826911 clock_gettime(CLOCK_BOOTTIME, {4684, 35085568}) = 0
1521771157.826922 select(8, [4 5], [], NULL, NULL) = 1 (in [4])
1521771157.827426 clock_gettime(CLOCK_BOOTTIME, {4684, 35602777}) = 0
1521771157.827441 read(4, "\26\323\351\237\0377\302\32E\346\232\273\252\272\227>\360u\322\r^>=\343\264\304\204\t\\!B\302"..., 8192) = 36
1521771157.827461 clock_gettime(CLOCK_BOOTTIME, {4684, 35636670}) = 0
1521771157.827473 clock_gettime(CLOCK_BOOTTIME, {4684, 35648073}) = 0
1521771157.827485 select(8, [4 5], [6], NULL, NULL) = 1 (out [6])
1521771157.827502 clock_gettime(CLOCK_BOOTTIME, {4684, 35676457}) = 0
1521771157.827513 write(6, "s", 1)      = 1
1521771157.827594 clock_gettime(CLOCK_BOOTTIME, {4684, 35769928}) = 0
1521771157.827608 clock_gettime(CLOCK_BOOTTIME, {4684, 35782726}) = 0
1521771157.827619 select(8, [4 5], [], NULL, NULL) = 1 (in [5])
1521771157.954718 clock_gettime(CLOCK_BOOTTIME, {4684, 162895018}) = 0
1521771157.954735 read(5, "\r", 16384)  = 1
1521771157.954761 clock_gettime(CLOCK_BOOTTIME, {4684, 162936627}) = 0
1521771157.954773 clock_gettime(CLOCK_BOOTTIME, {4684, 162948171}) = 0
1521771157.954785 select(8, [4 5], [4], NULL, NULL) = 1 (out [4])
1521771157.954803 clock_gettime(CLOCK_BOOTTIME, {4684, 162977604}) = 0
1521771157.954814 write(4, "\320\334\252k\260\300WQ\10\263\35\242\214\333+\254`\370d\231\274\7\211@\"\316M\32\244IG\306"..., 36) = 36
1521771157.954901 clock_gettime(CLOCK_BOOTTIME, {4684, 163076469}) = 0
1521771157.954914 clock_gettime(CLOCK_BOOTTIME, {4684, 163089406}) = 0
1521771157.954926 select(8, [4 5], [], NULL, NULL) = 1 (in [4])
1521771157.955461 clock_gettime(CLOCK_BOOTTIME, {4684, 163637255}) = 0
1521771157.955475 read(4, "sE\354\361\350y\343\v\n2\325>JF\262\203\355\v\273\7\252aN\325)\241\215\325?\22\320\322"..., 8192) = 36
1521771157.955494 clock_gettime(CLOCK_BOOTTIME, {4684, 163669837}) = 0
1521771157.955506 clock_gettime(CLOCK_BOOTTIME, {4684, 163681179}) = 0
1521771157.955518 select(8, [4 5], [6], NULL, NULL) = 1 (out [6])
1521771157.955534 clock_gettime(CLOCK_BOOTTIME, {4684, 163708482}) = 0
1521771157.955545 write(6, "\r\n", 2)   = 2
1521771157.955627 clock_gettime(CLOCK_BOOTTIME, {4684, 163802925}) = 0
1521771157.955641 clock_gettime(CLOCK_BOOTTIME, {4684, 163815427}) = 0
1521771157.955663 select(8, [4 5], [], NULL, NULL) = 1 (in [4])
1521771157.956577 clock_gettime(CLOCK_BOOTTIME, {4684, 164753300}) = 0
1521771157.956592 read(4, "B\227%\312\267k\340\3\21?\375\316\365R\373\27\351\330r\322-\2529\255\350\210\337\321N\337Hv"..., 8192) = 220
1521771157.956615 clock_gettime(CLOCK_BOOTTIME, {4684, 164790829}) = 0
1521771157.956628 clock_gettime(CLOCK_BOOTTIME, {4684, 164802427}) = 0
1521771157.956639 select(8, [4 5], [6], NULL, NULL) = 1 (out [6])
1521771157.956657 clock_gettime(CLOCK_BOOTTIME, {4684, 164831492}) = 0
1521771157.956668 write(6, "\33[0m\33[01;34mtmp\33[0m  \33[01;34m\344\270\213"..., 181) = 181
1521771157.956796 clock_gettime(CLOCK_BOOTTIME, {4684, 164972228}) = 0
1521771157.956810 clock_gettime(CLOCK_BOOTTIME, {4684, 164985163}) = 0
1521771157.956822 select(8, [4 5], [], NULL, NULL) = 1 (in [4])
1521771157.956838 clock_gettime(CLOCK_BOOTTIME, {4684, 165012631}) = 0
1521771157.956849 read(4, "[c\32\203\26\204\245\275\263\2221\226\201D\222\3019\212\34\346\254\17\22\314\361\354\316>u\25\373b"..., 8192) = 76
1521771157.956867 clock_gettime(CLOCK_BOOTTIME, {4684, 165042674}) = 0
1521771157.956879 clock_gettime(CLOCK_BOOTTIME, {4684, 165053880}) = 0
1521771157.956890 select(8, [4 5], [6], NULL, NULL) = 1 (out [6])
1521771157.956906 clock_gettime(CLOCK_BOOTTIME, {4684, 165080403}) = 0
1521771157.956917 write(6, "\33]0;jacob@study:~\7[jacob@study ~"..., 35) = 35
1521771157.957008 clock_gettime(CLOCK_BOOTTIME, {4684, 165183809}) = 0
1521771157.957022 clock_gettime(CLOCK_BOOTTIME, {4684, 165196677}) = 0
1521771157.957033 select(8, [4 5], [], NULL, NULL) = 1 (in [5])
1521771158.226994 clock_gettime(CLOCK_BOOTTIME, {4684, 435171391}) = 0
1521771158.227011 read(5, "l", 16384)   = 1
1521771158.227038 clock_gettime(CLOCK_BOOTTIME, {4684, 435213600}) = 0
1521771158.227050 clock_gettime(CLOCK_BOOTTIME, {4684, 435225245}) = 0
1521771158.227062 select(8, [4 5], [4], NULL, NULL) = 1 (out [4])
1521771158.227080 clock_gettime(CLOCK_BOOTTIME, {4684, 435254896}) = 0
1521771158.227092 write(4, "{\30\307\303\344;\6\332\230\f\32\314\274\2663@\26\254+\323cA\223?v\3731\350\314\230>l"..., 36) = 36
1521771158.227163 clock_gettime(CLOCK_BOOTTIME, {4684, 435338837}) = 0
1521771158.227176 clock_gettime(CLOCK_BOOTTIME, {4684, 435351248}) = 0
1521771158.227188 select(8, [4 5], [], NULL, NULL) = 1 (in [4])
1521771158.227466 clock_gettime(CLOCK_BOOTTIME, {4684, 435641761}) = 0
1521771158.227479 read(4, "u\254\277\307\342&N\346\0328U\17a\214\32\342f\335m\4\367\373\205\0017=L\217W\33\265,"..., 8192) = 36
1521771158.227498 clock_gettime(CLOCK_BOOTTIME, {4684, 435673984}) = 0
1521771158.227510 clock_gettime(CLOCK_BOOTTIME, {4684, 435685267}) = 0
1521771158.227522 select(8, [4 5], [6], NULL, NULL) = 1 (out [6])
1521771158.227538 clock_gettime(CLOCK_BOOTTIME, {4684, 435712563}) = 0
1521771158.227549 write(6, "l", 1)      = 1
1521771158.227627 clock_gettime(CLOCK_BOOTTIME, {4684, 435802383}) = 0
1521771158.227640 clock_gettime(CLOCK_BOOTTIME, {4684, 435815074}) = 0
1521771158.227652 select(8, [4 5], [], NULL, NULL) = 1 (in [5])
1521771158.338701 clock_gettime(CLOCK_BOOTTIME, {4684, 546878655}) = 0
1521771158.338718 read(5, "s", 16384)   = 1
1521771158.338745 clock_gettime(CLOCK_BOOTTIME, {4684, 546920572}) = 0
1521771158.338757 clock_gettime(CLOCK_BOOTTIME, {4684, 546932194}) = 0
1521771158.338769 select(8, [4 5], [4], NULL, NULL) = 1 (out [4])
1521771158.338787 clock_gettime(CLOCK_BOOTTIME, {4684, 546961886}) = 0
1521771158.338799 write(4, "\t;\21S\327o\177\260\373@s\257J\373\360k!\16^\217\312\257@\3274\265\275\215\220W\342 "..., 36) = 36
1521771158.338874 clock_gettime(CLOCK_BOOTTIME, {4684, 547049828}) = 0
1521771158.338888 clock_gettime(CLOCK_BOOTTIME, {4684, 547075430}) = 0
1521771158.338913 select(8, [4 5], [], NULL, NULL) = 1 (in [4])
1521771158.339181 clock_gettime(CLOCK_BOOTTIME, {4684, 547357201}) = 0
1521771158.339195 read(4, "p=\t_y\331\262\7q\217\36\205\20\263\254\30\30\360s\274:\202\2506\212\230\5`\315\331@\262"..., 8192) = 36
1521771158.339215 clock_gettime(CLOCK_BOOTTIME, {4684, 547390995}) = 0
1521771158.339238 clock_gettime(CLOCK_BOOTTIME, {4684, 547413899}) = 0
1521771158.339251 select(8, [4 5], [6], NULL, NULL) = 1 (out [6])
1521771158.339268 clock_gettime(CLOCK_BOOTTIME, {4684, 547442638}) = 0
1521771158.339279 write(6, "s", 1)      = 1
1521771158.339360 clock_gettime(CLOCK_BOOTTIME, {4684, 547535515}) = 0
1521771158.339373 clock_gettime(CLOCK_BOOTTIME, {4684, 547548207}) = 0
1521771158.339385 select(8, [4 5], [], NULL, NULL) = 1 (in [5])
1521771158.466696 clock_gettime(CLOCK_BOOTTIME, {4684, 674873538}) = 0
1521771158.466713 read(5, "\r", 16384)  = 1
1521771158.466739 clock_gettime(CLOCK_BOOTTIME, {4684, 674914802}) = 0
1521771158.466751 clock_gettime(CLOCK_BOOTTIME, {4684, 674926345}) = 0
1521771158.466763 select(8, [4 5], [4], NULL, NULL) = 1 (out [4])
1521771158.466781 clock_gettime(CLOCK_BOOTTIME, {4684, 674955677}) = 0
1521771158.466793 write(4, "\271+\255;\210\23(\n^'jZ\36\320\253\311\207\264\227|\334q|\3239\273\\\231\200v\6d"..., 36) = 36
1521771158.466874 clock_gettime(CLOCK_BOOTTIME, {4684, 675049427}) = 0
1521771158.466887 clock_gettime(CLOCK_BOOTTIME, {4684, 675062055}) = 0
1521771158.466899 select(8, [4 5], [], NULL, NULL) = 1 (in [4])
1521771158.467823 clock_gettime(CLOCK_BOOTTIME, {4684, 675999577}) = 0
1521771158.467838 read(4, "\17\2502;c\214\220\202\266o\32\337\225\210\223W\355N\26y\272\177\363]\26\256\362\20Z\347\3503"..., 8192) = 36
1521771158.467858 clock_gettime(CLOCK_BOOTTIME, {4684, 676033674}) = 0
1521771158.467870 clock_gettime(CLOCK_BOOTTIME, {4684, 676045213}) = 0
1521771158.467882 select(8, [4 5], [6], NULL, NULL) = 1 (out [6])
1521771158.467899 clock_gettime(CLOCK_BOOTTIME, {4684, 676073883}) = 0
1521771158.467910 write(6, "\r\n", 2)   = 2
1521771158.468013 clock_gettime(CLOCK_BOOTTIME, {4684, 676188152}) = 0
1521771158.468026 clock_gettime(CLOCK_BOOTTIME, {4684, 676200939}) = 0
1521771158.468037 select(8, [4 5], [], NULL, NULL) = 1 (in [4])
1521771158.468944 clock_gettime(CLOCK_BOOTTIME, {4684, 677121230}) = 0
1521771158.468960 read(4, "\302/v\237b\26jR\210M\271\32Q\6\223e\215\f'\304r\234\255\256\217-\200\316\223H7\273"..., 8192) = 220
1521771158.468988 clock_gettime(CLOCK_BOOTTIME, {4684, 677166230}) = 0
1521771158.469005 clock_gettime(CLOCK_BOOTTIME, {4684, 677180128}) = 0
1521771158.469017 select(8, [4 5], [6], NULL, NULL) = 1 (out [6])
1521771158.469035 clock_gettime(CLOCK_BOOTTIME, {4684, 677209652}) = 0
1521771158.469046 write(6, "\33[0m\33[01;34mtmp\33[0m  \33[01;34m\344\270\213"..., 181) = 181
1521771158.469166 clock_gettime(CLOCK_BOOTTIME, {4684, 677341641}) = 0
1521771158.469180 clock_gettime(CLOCK_BOOTTIME, {4684, 677354606}) = 0
1521771158.469191 select(8, [4 5], [], NULL, NULL) = 1 (in [4])
1521771158.469207 clock_gettime(CLOCK_BOOTTIME, {4684, 677382101}) = 0
1521771158.469219 read(4, "\261?\27\257\7|\1&\242\227\351\224\237\245\256\227\341\323@])\\!\322M\215\212\16\325\2\216\324"..., 8192) = 76
1521771158.469236 clock_gettime(CLOCK_BOOTTIME, {4684, 677412162}) = 0
1521771158.469249 clock_gettime(CLOCK_BOOTTIME, {4684, 677423422}) = 0
1521771158.469260 select(8, [4 5], [6], NULL, NULL) = 1 (out [6])
1521771158.469275 clock_gettime(CLOCK_BOOTTIME, {4684, 677449894}) = 0
1521771158.469286 write(6, "\33]0;jacob@study:~\7[jacob@study ~"..., 35) = 35
1521771158.469357 clock_gettime(CLOCK_BOOTTIME, {4684, 677532430}) = 0
1521771158.469370 clock_gettime(CLOCK_BOOTTIME, {4684, 677544938}) = 0
1521771158.469381 select(8, [4 5], [], NULL, NULL) = 1 (in [5])
1521771194.243055 clock_gettime(CLOCK_BOOTTIME, {4720, 451232193}) = 0
1521771194.243072 read(5, "\33[A", 16384) = 3
1521771194.243100 clock_gettime(CLOCK_BOOTTIME, {4720, 451275696}) = 0
1521771194.243113 clock_gettime(CLOCK_BOOTTIME, {4720, 451287495}) = 0
1521771194.243124 select(8, [4 5], [4], NULL, NULL) = 1 (out [4])
1521771194.243141 clock_gettime(CLOCK_BOOTTIME, {4720, 451316389}) = 0
1521771194.243153 write(4, "\316\322\0072\360W\307\243\204\210-N\325o\242\274A\354\277F\300\4\350\rU\332\225\370\241\311\215\344"..., 44) = 44
1521771194.243225 clock_gettime(CLOCK_BOOTTIME, {4720, 451400150}) = 0
1521771194.243238 clock_gettime(CLOCK_BOOTTIME, {4720, 451422561}) = 0
1521771194.243260 select(8, [4 5], [], NULL, NULL) = 1 (in [4])
1521771194.243567 clock_gettime(CLOCK_BOOTTIME, {4720, 451743484}) = 0
1521771194.243581 read(4, "\225\251\\\203H\23\222\2119\177i\2\347\37\t\207\363\20T\235\37\374 *\3\253\346<\3422\f\363"..., 8192) = 36
1521771194.243603 clock_gettime(CLOCK_BOOTTIME, {4720, 451778629}) = 0
1521771194.243615 clock_gettime(CLOCK_BOOTTIME, {4720, 451790336}) = 0
1521771194.243627 select(8, [4 5], [6], NULL, NULL) = 1 (out [6])
1521771194.243644 clock_gettime(CLOCK_BOOTTIME, {4720, 451819345}) = 0
1521771194.243656 write(6, "ls", 2)     = 2
1521771194.243671 clock_gettime(CLOCK_BOOTTIME, {4720, 451845755}) = 0
1521771194.243682 clock_gettime(CLOCK_BOOTTIME, {4720, 451856976}) = 0
1521771194.243693 select(8, [4 5], [], NULL, NULL) = 1 (in [5])
1521771194.450408 clock_gettime(CLOCK_BOOTTIME, {4720, 658585919}) = 0
1521771194.450426 read(5, "\r", 16384)  = 1
1521771194.450454 clock_gettime(CLOCK_BOOTTIME, {4720, 658629345}) = 0
1521771194.450466 clock_gettime(CLOCK_BOOTTIME, {4720, 658640845}) = 0
1521771194.450478 select(8, [4 5], [4], NULL, NULL) = 1 (out [4])
1521771194.450496 clock_gettime(CLOCK_BOOTTIME, {4720, 658670664}) = 0
1521771194.450508 write(4, "\2304=8\256\221\312gEZ\353!\326t\375\31\303SH\362\212\372qI\353*\343g1\216\372\246"..., 36) = 36
1521771194.450582 clock_gettime(CLOCK_BOOTTIME, {4720, 658757511}) = 0
1521771194.450598 clock_gettime(CLOCK_BOOTTIME, {4720, 658775814}) = 0
1521771194.450616 select(8, [4 5], [], NULL, NULL) = 1 (in [4])
1521771194.451175 clock_gettime(CLOCK_BOOTTIME, {4720, 659351735}) = 0
1521771194.451190 read(4, "\23\211\207{\272\356\16\253\224&\10\241_\301\21>\272*/\224\340\341M\f\306\222\301\277=\336\314\250"..., 8192) = 36
1521771194.451210 clock_gettime(CLOCK_BOOTTIME, {4720, 659386066}) = 0
1521771194.451223 clock_gettime(CLOCK_BOOTTIME, {4720, 659397657}) = 0
1521771194.451234 select(8, [4 5], [6], NULL, NULL) = 1 (out [6])
1521771194.451251 clock_gettime(CLOCK_BOOTTIME, {4720, 659426323}) = 0
1521771194.451263 write(6, "\r\n", 2)   = 2
1521771194.451278 clock_gettime(CLOCK_BOOTTIME, {4720, 659453103}) = 0
1521771194.451290 clock_gettime(CLOCK_BOOTTIME, {4720, 659464503}) = 0
1521771194.451301 select(8, [4 5], [], NULL, NULL) = 1 (in [4])
1521771194.452565 clock_gettime(CLOCK_BOOTTIME, {4720, 660743295}) = 0
1521771194.452587 read(4, "\277\353\247Y\366\205G\25f>\17\301T\300z\340d\257,\263\370\327\33\214\273\1\260\33$\311\4l"..., 8192) = 220
1521771194.452618 clock_gettime(CLOCK_BOOTTIME, {4720, 660795169}) = 0
1521771194.452632 clock_gettime(CLOCK_BOOTTIME, {4720, 660807102}) = 0
1521771194.452644 select(8, [4 5], [6], NULL, NULL) = 1 (out [6])
1521771194.452662 clock_gettime(CLOCK_BOOTTIME, {4720, 660837272}) = 0
1521771194.452674 write(6, "\33[0m\33[01;34mtmp\33[0m  \33[01;34m\344\270\213"..., 181) = 181
1521771194.452690 clock_gettime(CLOCK_BOOTTIME, {4720, 660865396}) = 0
1521771194.452702 clock_gettime(CLOCK_BOOTTIME, {4720, 660876509}) = 0
1521771194.452713 select(8, [4 5], [], NULL, NULL) = 1 (in [4])
1521771194.452862 clock_gettime(CLOCK_BOOTTIME, {4720, 661038293}) = 0
1521771194.452876 read(4, "\25214y\335\v\267]\260\353 \214\214\237_\372\4\362\372\2C\205\273\310\311\24E\245S\242\226\36"..., 8192) = 76
1521771194.452895 clock_gettime(CLOCK_BOOTTIME, {4720, 661070142}) = 0
1521771194.452907 clock_gettime(CLOCK_BOOTTIME, {4720, 661081552}) = 0
1521771194.452918 select(8, [4 5], [6], NULL, NULL) = 1 (out [6])
1521771194.452934 clock_gettime(CLOCK_BOOTTIME, {4720, 661109354}) = 0
1521771194.452946 write(6, "\33]0;jacob@study:~\7[jacob@study ~"..., 35) = 35
1521771194.452960 clock_gettime(CLOCK_BOOTTIME, {4720, 661135522}) = 0
1521771194.452972 clock_gettime(CLOCK_BOOTTIME, {4720, 661146774}) = 0
1521771194.452983 select(8, [4 5], [], NULL, NULL) = 1 (in [5])
1521771194.706346 clock_gettime(CLOCK_BOOTTIME, {4720, 914523334}) = 0
1521771194.706364 read(5, "\33[A", 16384) = 3
1521771194.706393 clock_gettime(CLOCK_BOOTTIME, {4720, 914568928}) = 0
1521771194.706406 clock_gettime(CLOCK_BOOTTIME, {4720, 914592171}) = 0
1521771194.706430 select(8, [4 5], [4], NULL, NULL) = 1 (out [4])
1521771194.706448 clock_gettime(CLOCK_BOOTTIME, {4720, 914623290}) = 0
1521771194.706460 write(4, "?\270\4\350\2\233\336\326\237T\345[\257\367\fU:g\335\340\356\7&\304\304\7'P/\372I\340"..., 44) = 44
1521771194.706531 clock_gettime(CLOCK_BOOTTIME, {4720, 914706993}) = 0
1521771194.706545 clock_gettime(CLOCK_BOOTTIME, {4720, 914719530}) = 0
1521771194.706556 select(8, [4 5], [], NULL, NULL) = 1 (in [4])
1521771194.706884 clock_gettime(CLOCK_BOOTTIME, {4720, 915060254}) = 0
1521771194.706898 read(4, "\272D\203\26BN\333I@z/\35\230&\251H#.\205\273\351/\346\234\353\3012\233\37\25\243\316"..., 8192) = 36
1521771194.706919 clock_gettime(CLOCK_BOOTTIME, {4720, 915095103}) = 0
1521771194.706932 clock_gettime(CLOCK_BOOTTIME, {4720, 915106755}) = 0
1521771194.706944 select(8, [4 5], [6], NULL, NULL) = 1 (out [6])
1521771194.706961 clock_gettime(CLOCK_BOOTTIME, {4720, 915135562}) = 0
1521771194.706972 write(6, "ls", 2)     = 2
1521771194.706987 clock_gettime(CLOCK_BOOTTIME, {4720, 915162257}) = 0
1521771194.706999 clock_gettime(CLOCK_BOOTTIME, {4720, 915173472}) = 0
1521771194.707010 select(8, [4 5], [], NULL, NULL) = 1 (in [5])
1521771194.882690 clock_gettime(CLOCK_BOOTTIME, {4721, 90869339}) = 0
1521771194.882714 read(5, "\r", 16384)  = 1
1521771194.882752 clock_gettime(CLOCK_BOOTTIME, {4721, 90940958}) = 0
1521771194.882784 clock_gettime(CLOCK_BOOTTIME, {4721, 90960318}) = 0
1521771194.882802 select(8, [4 5], [4], NULL, NULL) = 1 (out [4])
1521771194.882826 clock_gettime(CLOCK_BOOTTIME, {4721, 91001603}) = 0
1521771194.882839 write(4, "\322\214ym\2\271+K\334f\253\312\247;\204_\272\330\224\207\361\250Xr\324\331\2\20@\333J/"..., 36) = 36
1521771194.882925 clock_gettime(CLOCK_BOOTTIME, {4721, 91103252}) = 0
1521771194.882943 clock_gettime(CLOCK_BOOTTIME, {4721, 91118459}) = 0
1521771194.882955 select(8, [4 5], [], NULL, NULL) = 1 (in [4])
1521771194.883466 clock_gettime(CLOCK_BOOTTIME, {4721, 91642055}) = 0
1521771194.883480 read(4, "\333*|\246\"j2j$\3\213\217\270d]\346Gx<P\2061\226\314\216A\356\260^\333\326q"..., 8192) = 36
1521771194.883502 clock_gettime(CLOCK_BOOTTIME, {4721, 91677403}) = 0
1521771194.883514 clock_gettime(CLOCK_BOOTTIME, {4721, 91689047}) = 0
1521771194.883526 select(8, [4 5], [6], NULL, NULL) = 1 (out [6])
1521771194.883543 clock_gettime(CLOCK_BOOTTIME, {4721, 91717893}) = 0
1521771194.883555 write(6, "\r\n", 2)   = 2
1521771194.883570 clock_gettime(CLOCK_BOOTTIME, {4721, 91744576}) = 0
1521771194.883581 clock_gettime(CLOCK_BOOTTIME, {4721, 91755830}) = 0
1521771194.883592 select(8, [4 5], [], NULL, NULL) = 1 (in [4])
1521771194.884531 clock_gettime(CLOCK_BOOTTIME, {4721, 92707119}) = 0
1521771194.884545 read(4, "\234\270\260^\rA$\0173\263\205'=\3722IS~\33\22\251\302\304*\346|+\234\350n\37r"..., 8192) = 220
1521771194.884568 clock_gettime(CLOCK_BOOTTIME, {4721, 92743621}) = 0
1521771194.884580 clock_gettime(CLOCK_BOOTTIME, {4721, 92755099}) = 0
1521771194.884592 select(8, [4 5], [6], NULL, NULL) = 1 (out [6])
1521771194.884609 clock_gettime(CLOCK_BOOTTIME, {4721, 92783839}) = 0
1521771194.884620 write(6, "\33[0m\33[01;34mtmp\33[0m  \33[01;34m\344\270\213"..., 181) = 181
1521771194.884636 clock_gettime(CLOCK_BOOTTIME, {4721, 92810757}) = 0
1521771194.884647 clock_gettime(CLOCK_BOOTTIME, {4721, 92822003}) = 0
1521771194.884658 select(8, [4 5], [], NULL, NULL) = 1 (in [4])
1521771194.884784 clock_gettime(CLOCK_BOOTTIME, {4721, 92959888}) = 0
1521771194.884797 read(4, "\17\347l\0\315%\231v\225\266\"_(\244\360\213\261\\\253\363\261@\337Gcl\313\333\241\236\254\211"..., 8192) = 76
1521771194.884815 clock_gettime(CLOCK_BOOTTIME, {4721, 92991728}) = 0
1521771194.884833 clock_gettime(CLOCK_BOOTTIME, {4721, 93009704}) = 0
1521771194.884847 select(8, [4 5], [6], NULL, NULL) = 1 (out [6])
1521771194.884863 clock_gettime(CLOCK_BOOTTIME, {4721, 93037990}) = 0
1521771194.884874 write(6, "\33]0;jacob@study:~\7[jacob@study ~"..., 35) = 35
1521771194.884893 clock_gettime(CLOCK_BOOTTIME, {4721, 93067877}) = 0
1521771194.884904 clock_gettime(CLOCK_BOOTTIME, {4721, 93090910}) = 0
1521771194.884928 select(8, [4 5], [], NULL, NULL) = 1 (in [5])
1521771195.322546 clock_gettime(CLOCK_BOOTTIME, {4721, 530723686}) = 0
1521771195.322564 read(5, "\4", 16384)  = 1
1521771195.322591 clock_gettime(CLOCK_BOOTTIME, {4721, 530767198}) = 0
1521771195.322604 clock_gettime(CLOCK_BOOTTIME, {4721, 530778952}) = 0
1521771195.322616 select(8, [4 5], [4], NULL, NULL) = 1 (out [4])
1521771195.322634 clock_gettime(CLOCK_BOOTTIME, {4721, 530808867}) = 0
1521771195.322646 write(4, "\3573\244\22t\25,\25\214\257\205\276Xe\304\363P\210Tz\332\37<\357}\352ol\271\24243"..., 36) = 36
1521771195.322716 clock_gettime(CLOCK_BOOTTIME, {4721, 530891884}) = 0
1521771195.322730 clock_gettime(CLOCK_BOOTTIME, {4721, 530904460}) = 0
1521771195.322741 select(8, [4 5], [], NULL, NULL) = 1 (in [4])
1521771195.323966 clock_gettime(CLOCK_BOOTTIME, {4721, 532142733}) = 0
1521771195.323981 read(4, "\332\254;\255*1\267hOdO-\244\310*\31\323\340h\3343k\205\257\213\217\263}\360\343O\330"..., 8192) = 220
1521771195.324007 close(5)              = 0
1521771195.324025 clock_gettime(CLOCK_BOOTTIME, {4721, 532200388}) = 0
1521771195.324037 clock_gettime(CLOCK_BOOTTIME, {4721, 532212065}) = 0
1521771195.324049 select(8, [4], [6], NULL, NULL) = 1 (out [6])
1521771195.324066 clock_gettime(CLOCK_BOOTTIME, {4721, 532240810}) = 0
1521771195.324077 write(6, "logout\r\n", 8) = 8
1521771195.324093 clock_gettime(CLOCK_BOOTTIME, {4721, 532267700}) = 0
1521771195.324104 clock_gettime(CLOCK_BOOTTIME, {4721, 532278951}) = 0
1521771195.324116 close(6)              = 0
1521771195.324128 ioctl(0, SNDCTL_TMR_STOP or TCSETSW, {B38400 opost isig icanon echo ...}) = 0
1521771195.324174 close(7)              = 0
1521771195.324187 select(8, [4], [4], NULL, NULL) = 1 (out [4])
1521771195.324203 clock_gettime(CLOCK_BOOTTIME, {4721, 532378088}) = 0
1521771195.324215 write(4, "n\225,\1mn\367\214\313\210\356\235\366$\310\226\6\300\270n\230\t+d\301\224\202\330\210;.\205"..., 36) = 36
1521771195.324268 rt_sigaction(SIGWINCH, NULL, {0x560df39c3430, [], SA_RESTORER, 0x7f88f7cac270}, 8) = 0
1521771195.324284 rt_sigaction(SIGWINCH, {SIG_DFL, [], SA_RESTORER, 0x7f88f7cac270}, NULL, 8) = 0
1521771195.324300 write(4, "TP5\322\235\327\26\357\2\36\31\317o\375G\216\v\23\377d\v\230\270x\343\212\323\17,\33\240\314"..., 60) = 60
1521771195.324349 ioctl(0, TCGETS, {B38400 opost isig icanon echo ...}) = 0
1521771195.324364 ioctl(1, TCGETS, {B38400 opost isig icanon echo ...}) = 0
1521771195.324376 ioctl(2, TCGETS, {B38400 opost isig icanon echo ...}) = 0
1521771195.324391 write(2, "Connection to 192.168.125.180 cl"..., 39) = 39
1521771195.324412 shutdown(4, SHUT_RDWR) = 0
1521771195.324459 close(4)              = 0
1521771195.324637 exit_group(0)         = ?
1521771195.325102 +++ exited with 0 +++
