1521799950.476506 select(5, [4], NULL, NULL, NULL) = 1 (in [4])
1521799950.478399 read(4, "\0\0\4\374\n\0249[y\243\251\302\211\323c\224\315\206\361w\335\325\0\0\1@curve2"..., 8192) = 1280
1521799950.480527 write(4, "\0\0\0,\6\36\0\0\0 \307\244\36e\260>\355g\332\236 \24\35\273\361\2412\301\361\327?,"..., 48) = 48
1521799950.480623 select(5, [4], NULL, NULL, NULL) = 1 (in [4])
1521799950.485337 read(4, "\0\0\1\4\n\37\0\0\0h\0\0\0\23ecdsa-sha2-nistp25"..., 8192) = 364
1521799950.485517 open("/home/king/.ssh/known_hosts", O_RDONLY) = 5
1521799950.485630 fstat(5, {st_mode=S_IFREG|0644, st_size=177, ...}) = 0
1521799950.485654 mmap(NULL, 4096, PROT_READ|PROT_WRITE, MAP_PRIVATE|MAP_ANONYMOUS, -1, 0) = 0x7f49f8d7a000
1521799950.485677 read(5, "192.168.125.180 ecdsa-sha2-nistp"..., 4096) = 177
1521799950.485802 read(5, "", 4096)     = 0
1521799950.485817 close(5)              = 0
1521799950.485832 munmap(0x7f49f8d7a000, 4096) = 0
1521799950.485905 open("/home/king/.ssh/known_hosts2", O_RDONLY) = -1 ENOENT (No such file or directory)
1521799950.485934 open("/etc/ssh/ssh_known_hosts", O_RDONLY) = -1 ENOENT (No such file or directory)
1521799950.485951 open("/etc/ssh/ssh_known_hosts2", O_RDONLY) = -1 ENOENT (No such file or directory)
1521799950.488191 clock_gettime(CLOCK_BOOTTIME, {33476, 696373465}) = 0
1521799950.488216 write(4, "\0\0\0\f\n\25\0\0\0\0\0\0\0\0\0\0", 16) = 16
1521799950.488309 write(4, "\10\316\260\330\277\2\354\305P_\230\331\"Y\340\370\27\\\257\206m\251\317\3\373\262\334\246\33\35\264\350"..., 44) = 44
1521799950.488332 select(5, [4], NULL, NULL, NULL) = 1 (in [4])
1521799950.528750 read(4, "\342\33\250\3778K\377\364X\3648\341o\331\225\17<*\313o\276`\270\335i\345D\371\313\357\32?"..., 8192) = 44
1521799950.528798 write(4, "\t\237D\320\345:X\332#Y\3021\362[x\t\376k\216\372\257\320L6(\365|\307\230\1\32\244"..., 68) = 68
1521799950.528866 select(5, [4], NULL, NULL, NULL) = 1 (in [4])
1521799950.529653 read(4, "\20X\304\316bA\236\343\10}'c\1\235An\335y\243\221\364\235\224\236\242\310\314)\202\270$\361"..., 8192) = 84
1521799950.529704 futex(0x7f49f4e20530, FUTEX_WAKE_PRIVATE, 2147483647) = 0
1521799950.529743 futex(0x7f49f4e203d0, FUTEX_WAKE_PRIVATE, 2147483647) = 0
1521799950.529776 futex(0x7f49f73fdfa0, FUTEX_WAKE_PRIVATE, 2147483647) = 0
1521799950.529810 lstat("/etc/gss/mech", 0x7fff647d3f40) = -1 ENOENT (No such file or directory)
1521799950.529843 openat(AT_FDCWD, "/etc/gss/mech.d", O_RDONLY|O_NONBLOCK|O_DIRECTORY|O_CLOEXEC) = 5
1521799950.529878 getdents(5, /* 3 entries */, 32768) = 88
1521799950.529903 open("/usr/lib64/gconv/gconv-modules.cache", O_RDONLY) = 6
1521799950.529921 fstat(6, {st_mode=S_IFREG|0644, st_size=26254, ...}) = 0
1521799950.529936 mmap(NULL, 26254, PROT_READ, MAP_SHARED, 6, 0) = 0x7f49f8d74000
1521799950.529955 close(6)              = 0
1521799950.529967 futex(0x7f49f6a8da80, FUTEX_WAKE_PRIVATE, 2147483647) = 0
1521799950.529991 getdents(5, /* 0 entries */, 32768) = 0
1521799950.530003 close(5)              = 0
1521799950.530017 lstat("/etc/gss/mech.d/gssproxy.conf", {st_mode=S_IFREG|0644, st_size=189, ...}) = 0
1521799950.530055 open("/etc/gss/mech.d/gssproxy.conf", O_RDONLY) = 5
1521799950.530075 fstat(5, {st_mode=S_IFREG|0644, st_size=189, ...}) = 0
1521799950.530089 mmap(NULL, 4096, PROT_READ|PROT_WRITE, MAP_PRIVATE|MAP_ANONYMOUS, -1, 0) = 0x7f49f8d73000
1521799950.530103 read(5, "# GSS-API mechanism plugins\n#\n# "..., 4096) = 189
1521799950.530133 read(5, "", 4096)     = 0
1521799950.530148 close(5)              = 0
1521799950.530162 munmap(0x7f49f8d73000, 4096) = 0
1521799950.530189 stat("/usr/lib64/gssproxy/proxymech.so", {st_mode=S_IFREG|0755, st_size=115072, ...}) = 0
1521799950.530216 futex(0x7f49f82cf0d0, FUTEX_WAKE_PRIVATE, 2147483647) = 0
1521799950.530239 open("/usr/lib64/gssproxy/proxymech.so", O_RDONLY|O_CLOEXEC) = 5
1521799950.530256 read(5, "\177ELF\2\1\1\0\0\0\0\0\0\0\0\0\3\0>\0\1\0\0\0\320x\0\0\0\0\0\0"..., 832) = 832
1521799950.530270 fstat(5, {st_mode=S_IFREG|0755, st_size=115072, ...}) = 0
1521799950.530320 mmap(NULL, 2208224, PROT_READ|PROT_EXEC, MAP_PRIVATE|MAP_DENYWRITE, 5, 0) = 0x7f49edeaf000
1521799950.530347 mprotect(0x7f49edeca000, 2093056, PROT_NONE) = 0
1521799950.530363 mmap(0x7f49ee0c9000, 8192, PROT_READ|PROT_WRITE, MAP_PRIVATE|MAP_FIXED|MAP_DENYWRITE, 5, 0x1a000) = 0x7f49ee0c9000
1521799950.530387 close(5)              = 0
1521799950.530410 open("/etc/ld.so.cache", O_RDONLY|O_CLOEXEC) = 5
1521799950.530428 fstat(5, {st_mode=S_IFREG|0644, st_size=74765, ...}) = 0
1521799950.530441 mmap(NULL, 74765, PROT_READ, MAP_PRIVATE, 5, 0) = 0x7f49f8d46000
1521799950.530454 close(5)              = 0
1521799950.530475 open("/lib64/libgssrpc.so.4", O_RDONLY|O_CLOEXEC) = 5
1521799950.530495 read(5, "\177ELF\2\1\1\0\0\0\0\0\0\0\0\0\3\0>\0\1\0\0\0\340Z\0\0\0\0\0\0"..., 832) = 832
1521799950.530508 fstat(5, {st_mode=S_IFREG|0755, st_size=134368, ...}) = 0
1521799950.530523 mmap(NULL, 2227072, PROT_READ|PROT_EXEC, MAP_PRIVATE|MAP_DENYWRITE, 5, 0) = 0x7f49edc8f000
1521799950.530537 mprotect(0x7f49edcad000, 2097152, PROT_NONE) = 0
1521799950.530549 mmap(0x7f49edead000, 8192, PROT_READ|PROT_WRITE, MAP_PRIVATE|MAP_FIXED|MAP_DENYWRITE, 5, 0x1e000) = 0x7f49edead000
1521799950.530572 close(5)              = 0
1521799950.530728 mprotect(0x7f49edead000, 4096, PROT_READ) = 0
1521799950.530909 mprotect(0x7f49ee0c9000, 4096, PROT_READ) = 0
1521799950.530932 munmap(0x7f49f8d46000, 74765) = 0
1521799950.530971 stat("/usr/lib64/gssproxy/proxymech.so", {st_mode=S_IFREG|0755, st_size=115072, ...}) = 0
1521799950.531052 futex(0x7f49f71b0480, FUTEX_WAKE_PRIVATE, 2147483647) = 0
1521799950.531079 futex(0x7f49f71b16d0, FUTEX_WAKE_PRIVATE, 2147483647) = 0
1521799950.531106 stat("/etc/krb5.conf", {st_mode=S_IFREG|0644, st_size=590, ...}) = 0
1521799950.531129 open("/etc/krb5.conf", O_RDONLY) = 5
1521799950.531148 fcntl(5, F_SETFD, FD_CLOEXEC) = 0
1521799950.531170 fstat(5, {st_mode=S_IFREG|0644, st_size=590, ...}) = 0
1521799950.531183 mmap(NULL, 4096, PROT_READ|PROT_WRITE, MAP_PRIVATE|MAP_ANONYMOUS, -1, 0) = 0x7f49f8d73000
1521799950.531197 read(5, "# Configuration snippets may be "..., 4096) = 590
1521799950.531217 openat(AT_FDCWD, "/etc/krb5.conf.d/", O_RDONLY|O_NONBLOCK|O_DIRECTORY|O_CLOEXEC) = 6
1521799950.531236 getdents(6, /* 2 entries */, 32768) = 48
1521799950.531251 getdents(6, /* 0 entries */, 32768) = 0
1521799950.531263 close(6)              = 0
1521799950.531305 read(5, "", 4096)     = 0
1521799950.531324 close(5)              = 0
1521799950.531337 munmap(0x7f49f8d73000, 4096) = 0
1521799950.531438 stat("/etc/krb5.conf", {st_mode=S_IFREG|0644, st_size=590, ...}) = 0
1521799950.531460 open("/etc/krb5.conf", O_RDONLY) = 5
1521799950.531475 fcntl(5, F_SETFD, FD_CLOEXEC) = 0
1521799950.531488 fstat(5, {st_mode=S_IFREG|0644, st_size=590, ...}) = 0
1521799950.531501 mmap(NULL, 4096, PROT_READ|PROT_WRITE, MAP_PRIVATE|MAP_ANONYMOUS, -1, 0) = 0x7f49f8d73000
1521799950.531514 read(5, "# Configuration snippets may be "..., 4096) = 590
1521799950.531530 openat(AT_FDCWD, "/etc/krb5.conf.d/", O_RDONLY|O_NONBLOCK|O_DIRECTORY|O_CLOEXEC) = 6
1521799950.531547 getdents(6, /* 2 entries */, 32768) = 48
1521799950.531560 getdents(6, /* 0 entries */, 32768) = 0
1521799950.531571 close(6)              = 0
1521799950.531589 read(5, "", 4096)     = 0
1521799950.531601 close(5)              = 0
1521799950.531613 munmap(0x7f49f8d73000, 4096) = 0
1521799950.531646 access("/etc/krb5.conf", R_OK) = 0
1521799950.531667 stat("/etc/krb5.conf", {st_mode=S_IFREG|0644, st_size=590, ...}) = 0
1521799950.531698 stat("/etc/sysconfig/64bit_strstr_via_64bit_strstr_sse2_unaligned", 0x7fff647d34f0) = -1 ENOENT (No such file or directory)
1521799950.531723 geteuid()             = 1001
1521799950.531756 open("/var/kerberos/krb5/user/1001/client.keytab", O_RDONLY) = -1 ENOENT (No such file or directory)
1521799950.531810 getuid()              = 1001
1521799950.531841 keyctl(KEYCTL_GET_PERSISTENT, 1001, KEY_SPEC_PROCESS_KEYRING) = 314351014
1521799950.531870 keyctl(KEYCTL_SEARCH, 314351014, "keyring", "_krb", KEY_SPEC_PROCESS_KEYRING) = 842596139
1521799950.531888 keyctl(KEYCTL_SEARCH, 842596139, "user", "krb_ccache:primary", 0) = 488544336
1521799950.531905 keyctl(KEYCTL_READ, 488544336, NULL, 0) = 12
1521799950.531925 keyctl(KEYCTL_READ, 488544336, "", 12) = 12
1521799950.531939 keyctl(KEYCTL_READ, 842596139, NULL, 0) = 4
1521799950.531950 keyctl(KEYCTL_READ, 842596139, "P\230\36\35", 4) = 4
1521799950.531962 keyctl(KEYCTL_SEARCH, 842596139, "keyring", "1001", 0) = -1 ENOKEY (Required key not available)
1521799950.531979 keyctl(KEYCTL_DESCRIBE, 488544336, NULL, 0) = 43
1521799950.531993 keyctl(KEYCTL_DESCRIBE, 488544336, "user;1001;1001;3f010000;krb_ccac"..., 43) = 43
1521799950.532037 stat("/etc/krb5.conf", {st_mode=S_IFREG|0644, st_size=590, ...}) = 0
1521799950.532057 open("/etc/krb5.conf", O_RDONLY) = 5
1521799950.532072 fcntl(5, F_SETFD, FD_CLOEXEC) = 0
1521799950.532085 fstat(5, {st_mode=S_IFREG|0644, st_size=590, ...}) = 0
1521799950.532097 mmap(NULL, 4096, PROT_READ|PROT_WRITE, MAP_PRIVATE|MAP_ANONYMOUS, -1, 0) = 0x7f49f8d73000
1521799950.532111 read(5, "# Configuration snippets may be "..., 4096) = 590
1521799950.532127 openat(AT_FDCWD, "/etc/krb5.conf.d/", O_RDONLY|O_NONBLOCK|O_DIRECTORY|O_CLOEXEC) = 6
1521799950.532142 getdents(6, /* 2 entries */, 32768) = 48
1521799950.532155 getdents(6, /* 0 entries */, 32768) = 0
1521799950.532166 close(6)              = 0
1521799950.532184 read(5, "", 4096)     = 0
1521799950.532196 close(5)              = 0
1521799950.532208 munmap(0x7f49f8d73000, 4096) = 0
1521799950.532250 stat("/etc/krb5.conf", {st_mode=S_IFREG|0644, st_size=590, ...}) = 0
1521799950.532271 open("/etc/krb5.conf", O_RDONLY) = 5
1521799950.532307 fcntl(5, F_SETFD, FD_CLOEXEC) = 0
1521799950.532324 fstat(5, {st_mode=S_IFREG|0644, st_size=590, ...}) = 0
1521799950.532338 mmap(NULL, 4096, PROT_READ|PROT_WRITE, MAP_PRIVATE|MAP_ANONYMOUS, -1, 0) = 0x7f49f8d73000
1521799950.532351 read(5, "# Configuration snippets may be "..., 4096) = 590
1521799950.532368 openat(AT_FDCWD, "/etc/krb5.conf.d/", O_RDONLY|O_NONBLOCK|O_DIRECTORY|O_CLOEXEC) = 6
1521799950.532385 getdents(6, /* 2 entries */, 32768) = 48
1521799950.532398 getdents(6, /* 0 entries */, 32768) = 0
1521799950.532409 close(6)              = 0
1521799950.532427 read(5, "", 4096)     = 0
1521799950.532439 close(5)              = 0
1521799950.532454 munmap(0x7f49f8d73000, 4096) = 0
1521799950.532502 stat("/etc/krb5.conf", {st_mode=S_IFREG|0644, st_size=590, ...}) = 0
1521799950.532530 open("/etc/krb5.conf", O_RDONLY) = 5
1521799950.532545 fcntl(5, F_SETFD, FD_CLOEXEC) = 0
1521799950.532559 fstat(5, {st_mode=S_IFREG|0644, st_size=590, ...}) = 0
1521799950.532571 mmap(NULL, 4096, PROT_READ|PROT_WRITE, MAP_PRIVATE|MAP_ANONYMOUS, -1, 0) = 0x7f49f8d73000
1521799950.532585 read(5, "# Configuration snippets may be "..., 4096) = 590
1521799950.532602 openat(AT_FDCWD, "/etc/krb5.conf.d/", O_RDONLY|O_NONBLOCK|O_DIRECTORY|O_CLOEXEC) = 6
1521799950.532617 getdents(6, /* 2 entries */, 32768) = 48
1521799950.532630 getdents(6, /* 0 entries */, 32768) = 0
1521799950.532641 close(6)              = 0
1521799950.532659 read(5, "", 4096)     = 0
1521799950.532671 close(5)              = 0
1521799950.532683 munmap(0x7f49f8d73000, 4096) = 0
1521799950.532710 access("/etc/krb5.conf", R_OK) = 0
1521799950.532727 stat("/etc/krb5.conf", {st_mode=S_IFREG|0644, st_size=590, ...}) = 0
1521799950.532748 geteuid()             = 1001
1521799950.532764 open("/var/kerberos/krb5/user/1001/client.keytab", O_RDONLY) = -1 ENOENT (No such file or directory)
1521799950.532804 getuid()              = 1001
1521799950.532825 keyctl(KEYCTL_GET_PERSISTENT, 1001, KEY_SPEC_PROCESS_KEYRING) = 314351014
1521799950.532839 keyctl(KEYCTL_SEARCH, 314351014, "keyring", "_krb", KEY_SPEC_PROCESS_KEYRING) = 842596139
1521799950.532856 keyctl(KEYCTL_SEARCH, 842596139, "user", "krb_ccache:primary", 0) = 488544336
1521799950.532869 keyctl(KEYCTL_READ, 488544336, NULL, 0) = 12
1521799950.532880 keyctl(KEYCTL_READ, 488544336, "", 12) = 12
1521799950.532893 keyctl(KEYCTL_READ, 842596139, NULL, 0) = 4
1521799950.532904 keyctl(KEYCTL_READ, 842596139, "P\230\36\35", 4) = 4
1521799950.532915 keyctl(KEYCTL_SEARCH, 842596139, "keyring", "1001", 0) = -1 ENOKEY (Required key not available)
1521799950.532934 keyctl(KEYCTL_DESCRIBE, 488544336, NULL, 0) = 43
1521799950.532947 keyctl(KEYCTL_DESCRIBE, 488544336, "user;1001;1001;3f010000;krb_ccac"..., 43) = 43
1521799950.532970 access("/etc/krb5.conf", R_OK) = 0
1521799950.532986 stat("/etc/krb5.conf", {st_mode=S_IFREG|0644, st_size=590, ...}) = 0
1521799950.533020 stat("/etc/krb5.conf", {st_mode=S_IFREG|0644, st_size=590, ...}) = 0
1521799950.533038 open("/etc/krb5.conf", O_RDONLY) = 5
1521799950.533052 fcntl(5, F_SETFD, FD_CLOEXEC) = 0
1521799950.533065 fstat(5, {st_mode=S_IFREG|0644, st_size=590, ...}) = 0
1521799950.533078 mmap(NULL, 4096, PROT_READ|PROT_WRITE, MAP_PRIVATE|MAP_ANONYMOUS, -1, 0) = 0x7f49f8d73000
1521799950.533091 read(5, "# Configuration snippets may be "..., 4096) = 590
1521799950.533108 openat(AT_FDCWD, "/etc/krb5.conf.d/", O_RDONLY|O_NONBLOCK|O_DIRECTORY|O_CLOEXEC) = 6
1521799950.533123 getdents(6, /* 2 entries */, 32768) = 48
1521799950.533136 getdents(6, /* 0 entries */, 32768) = 0
1521799950.533147 close(6)              = 0
1521799950.533165 read(5, "", 4096)     = 0
1521799950.533177 close(5)              = 0
1521799950.533188 munmap(0x7f49f8d73000, 4096) = 0
1521799950.533221 stat("/home/king/.ssh/id_rsa", 0x7fff647d3fc0) = -1 ENOENT (No such file or directory)
1521799950.533244 stat("/home/king/.ssh/id_dsa", 0x7fff647d3fc0) = -1 ENOENT (No such file or directory)
1521799950.533259 stat("/home/king/.ssh/id_ecdsa", 0x7fff647d3fc0) = -1 ENOENT (No such file or directory)
1521799950.533292 stat("/home/king/.ssh/id_ed25519", 0x7fff647d3fc0) = -1 ENOENT (No such file or directory)
1521799950.533318 open("/dev/tty", O_RDWR) = 5
1521799950.533338 close(5)              = 0
1521799950.533351 open("/dev/tty", O_RDWR) = 5
1521799950.533364 ioctl(5, TCGETS, {B38400 opost isig icanon echo ...}) = 0
1521799950.533403 ioctl(5, SNDCTL_TMR_CONTINUE or TCSETSF, {B38400 opost isig icanon -echo ...}) = 0
1521799950.533419 rt_sigaction(SIGALRM, {0x56090a83a5b0, [], SA_RESTORER, 0x7f49f6705270}, {SIG_DFL, [], 0}, 8) = 0
1521799950.533436 rt_sigaction(SIGHUP, {0x56090a83a5b0, [], SA_RESTORER, 0x7f49f6705270}, {SIG_DFL, [], 0}, 8) = 0
1521799950.533448 rt_sigaction(SIGINT, {0x56090a83a5b0, [], SA_RESTORER, 0x7f49f6705270}, {SIG_DFL, [], 0}, 8) = 0
1521799950.533460 rt_sigaction(SIGPIPE, {0x56090a83a5b0, [], SA_RESTORER, 0x7f49f6705270}, {SIG_IGN, [], SA_RESTORER, 0x7f49f6705270}, 8) = 0
1521799950.533472 rt_sigaction(SIGQUIT, {0x56090a83a5b0, [], SA_RESTORER, 0x7f49f6705270}, {SIG_DFL, [], 0}, 8) = 0
1521799950.533484 rt_sigaction(SIGTERM, {0x56090a83a5b0, [], SA_RESTORER, 0x7f49f6705270}, {SIG_DFL, [], 0}, 8) = 0
1521799950.533496 rt_sigaction(SIGTSTP, {0x56090a83a5b0, [], SA_RESTORER, 0x7f49f6705270}, {SIG_DFL, [], 0}, 8) = 0
1521799950.533508 rt_sigaction(SIGTTIN, {0x56090a83a5b0, [], SA_RESTORER, 0x7f49f6705270}, {SIG_DFL, [], 0}, 8) = 0
1521799950.533520 rt_sigaction(SIGTTOU, {0x56090a83a5b0, [], SA_RESTORER, 0x7f49f6705270}, {SIG_DFL, [], 0}, 8) = 0
1521799950.533536 write(5, "jacob@192.168.125.180's password"..., 34) = 34
1521799950.533573 read(5, "b", 1)       = 1
1521799950.533813 read(5, "b", 1)       = 1
1521799950.533828 read(5, "c", 1)       = 1
1521799950.533840 read(5, "0", 1)       = 1
1521799950.533851 read(5, "0", 1)       = 1
1521799950.533863 read(5, "0", 1)       = 1
1521799950.533874 read(5, "7", 1)       = 1
1521799950.533886 read(5, "3", 1)       = 1
1521799950.533897 read(5, "1", 1)       = 1
1521799950.533909 read(5, "\n", 1)      = 1
1521799950.533921 write(5, "\n", 1)     = 1
1521799950.533963 ioctl(5, SNDCTL_TMR_CONTINUE or TCSETSF, {B38400 opost isig icanon echo ...}) = 0
1521799950.533985 rt_sigaction(SIGALRM, {SIG_DFL, [], SA_RESTORER, 0x7f49f6705270}, NULL, 8) = 0
1521799950.533998 rt_sigaction(SIGHUP, {SIG_DFL, [], SA_RESTORER, 0x7f49f6705270}, NULL, 8) = 0
1521799950.534010 rt_sigaction(SIGINT, {SIG_DFL, [], SA_RESTORER, 0x7f49f6705270}, NULL, 8) = 0
1521799950.534022 rt_sigaction(SIGQUIT, {SIG_DFL, [], SA_RESTORER, 0x7f49f6705270}, NULL, 8) = 0
1521799950.534033 rt_sigaction(SIGPIPE, {SIG_IGN, [], SA_RESTORER, 0x7f49f6705270}, NULL, 8) = 0
1521799950.534051 rt_sigaction(SIGTERM, {SIG_DFL, [], SA_RESTORER, 0x7f49f6705270}, NULL, 8) = 0
1521799950.534063 rt_sigaction(SIGTSTP, {SIG_DFL, [], SA_RESTORER, 0x7f49f6705270}, NULL, 8) = 0
1521799950.534074 rt_sigaction(SIGTTIN, {SIG_DFL, [], SA_RESTORER, 0x7f49f6705270}, NULL, 8) = 0
1521799950.534085 rt_sigaction(SIGTTOU, {SIG_DFL, [], SA_RESTORER, 0x7f49f6705270}, NULL, 8) = 0
1521799950.534097 close(5)              = 0
1521799950.534121 write(4, "\266\343\2415*0L\31\36\262\313\311n\302\212^[\33\302\326S\333\336\325\342\353\323\261\361x\343\323"..., 148) = 148
1521799950.534204 select(5, [4], NULL, NULL, NULL) = 1 (in [4])
1521799950.548094 read(4, "\35\305U\355\371\261\311\311\262\344\243\221\314\270\216\323\230\356\7n\326\355N\317\36g\3<", 8192) = 28
1521799950.548135 dup(0)                = 5
1521799950.548147 dup(1)                = 6
1521799950.548157 dup(2)                = 7
1521799950.548167 ioctl(5, TCGETS, {B38400 opost isig icanon echo ...}) = 0
1521799950.548185 ioctl(6, TCGETS, {B38400 opost isig icanon echo ...}) = 0
1521799950.548197 ioctl(7, TCGETS, {B38400 opost isig icanon echo ...}) = 0
1521799950.548212 fcntl(5, F_SETFD, FD_CLOEXEC) = 0
1521799950.548225 fcntl(6, F_SETFD, FD_CLOEXEC) = 0
1521799950.548236 fcntl(7, F_SETFD, FD_CLOEXEC) = 0
1521799950.548260 rt_sigaction(SIGHUP, NULL, {SIG_DFL, [], SA_RESTORER, 0x7f49f6705270}, 8) = 0
1521799950.548274 rt_sigaction(SIGHUP, {SIG_IGN, [], SA_RESTORER, 0x7f49f6705270}, NULL, 8) = 0
1521799950.548286 rt_sigaction(SIGHUP, NULL, {SIG_IGN, [], SA_RESTORER, 0x7f49f6705270}, 8) = 0
1521799950.548297 rt_sigaction(SIGHUP, {0x56090a7dd1a0, [], SA_RESTORER, 0x7f49f6705270}, NULL, 8) = 0
1521799950.548309 rt_sigaction(SIGINT, NULL, {SIG_DFL, [], SA_RESTORER, 0x7f49f6705270}, 8) = 0
1521799950.548320 rt_sigaction(SIGINT, {SIG_IGN, [], SA_RESTORER, 0x7f49f6705270}, NULL, 8) = 0
1521799950.548331 rt_sigaction(SIGINT, NULL, {SIG_IGN, [], SA_RESTORER, 0x7f49f6705270}, 8) = 0
1521799950.548342 rt_sigaction(SIGINT, {0x56090a7dd1a0, [], SA_RESTORER, 0x7f49f6705270}, NULL, 8) = 0
1521799950.548353 rt_sigaction(SIGQUIT, NULL, {SIG_DFL, [], SA_RESTORER, 0x7f49f6705270}, 8) = 0
1521799950.548364 rt_sigaction(SIGQUIT, {SIG_IGN, [], SA_RESTORER, 0x7f49f6705270}, NULL, 8) = 0
1521799950.548375 rt_sigaction(SIGQUIT, NULL, {SIG_IGN, [], SA_RESTORER, 0x7f49f6705270}, 8) = 0
1521799950.548386 rt_sigaction(SIGQUIT, {0x56090a7dd1a0, [], SA_RESTORER, 0x7f49f6705270}, NULL, 8) = 0
1521799950.548397 rt_sigaction(SIGTERM, NULL, {SIG_DFL, [], SA_RESTORER, 0x7f49f6705270}, 8) = 0
1521799950.548409 rt_sigaction(SIGTERM, {SIG_IGN, [], SA_RESTORER, 0x7f49f6705270}, NULL, 8) = 0
1521799950.548420 rt_sigaction(SIGTERM, NULL, {SIG_IGN, [], SA_RESTORER, 0x7f49f6705270}, 8) = 0
1521799950.548431 rt_sigaction(SIGTERM, {0x56090a7dd1a0, [], SA_RESTORER, 0x7f49f6705270}, NULL, 8) = 0
1521799950.548442 rt_sigaction(SIGWINCH, NULL, {SIG_DFL, [], 0}, 8) = 0
1521799950.548453 rt_sigaction(SIGWINCH, {0x56090a7dd430, [], SA_RESTORER, 0x7f49f6705270}, NULL, 8) = 0
1521799950.548465 ioctl(0, TCGETS, {B38400 opost isig icanon echo ...}) = 0
1521799950.548477 ioctl(0, SNDCTL_TMR_STOP or TCSETSW, {B38400 -opost -isig -icanon -echo ...}) = 0
1521799950.548493 clock_gettime(CLOCK_BOOTTIME, {33476, 756669208}) = 0
1521799950.548507 clock_gettime(CLOCK_BOOTTIME, {33476, 756681814}) = 0
1521799950.548519 select(8, [4], [4], NULL, NULL) = 1 (out [4])
1521799950.548535 clock_gettime(CLOCK_BOOTTIME, {33476, 756710396}) = 0
1521799950.548547 write(4, "?r=6\315\362\220\2178\326f\216q\v\234@\335'\252\20|\250\233\311,\221\340\326\223K(\221"..., 112) = 112
1521799950.548614 clock_gettime(CLOCK_BOOTTIME, {33476, 756789218}) = 0
1521799950.548627 clock_gettime(CLOCK_BOOTTIME, {33476, 756801766}) = 0
1521799950.548638 select(8, [4], [], NULL, NULL) = 1 (in [4])
1521799950.732354 clock_gettime(CLOCK_BOOTTIME, {33476, 940531831}) = 0
1521799950.732372 read(4, "\217\320\203\n<N*\\\236jc\352H\250\376\16\231g\351B=Y\265t\316O\240\330R\353M\276"..., 8192) = 500
1521799950.732412 clock_gettime(CLOCK_BOOTTIME, {33476, 940598284}) = 0
1521799950.732436 clock_gettime(CLOCK_BOOTTIME, {33476, 940611301}) = 0
1521799950.732448 select(8, [4], [], NULL, NULL) = 1 (in [4])
1521799950.772832 clock_gettime(CLOCK_BOOTTIME, {33476, 981009775}) = 0
1521799950.772850 read(4, "e\271\361\336\22j\30\215(X\267\26\342yJ\17\347\1\251\2342\367\216;o/p\353\365D\22\233"..., 8192) = 44
1521799950.772879 getsockopt(4, SOL_TCP, TCP_NODELAY, [0], [4]) = 0
1521799950.772901 setsockopt(4, SOL_TCP, TCP_NODELAY, [1], 4) = 0
1521799950.772914 getsockname(4, {sa_family=AF_INET, sin_port=htons(43174), sin_addr=inet_addr("192.168.125.181")}, [16]) = 0
1521799950.772940 setsockopt(4, SOL_IP, IP_TOS, [16], 4) = 0
1521799950.772954 ioctl(0, TIOCGWINSZ, {ws_row=54, ws_col=270, ws_xpixel=0, ws_ypixel=0}) = 0
1521799950.773009 clock_gettime(CLOCK_BOOTTIME, {33476, 981185441}) = 0
1521799950.773023 clock_gettime(CLOCK_BOOTTIME, {33476, 981197726}) = 0
1521799950.773035 select(8, [4], [4], NULL, NULL) = 1 (out [4])
1521799950.773052 clock_gettime(CLOCK_BOOTTIME, {33476, 981226523}) = 0
1521799950.773066 write(4, "5X/r*\220c\244\325\205\343&\224\215\225\327\245\262\23\227G\307\315\313;\353\267A,\3031\35"..., 504) = 504
1521799950.773135 clock_gettime(CLOCK_BOOTTIME, {33476, 981310029}) = 0
1521799950.773148 clock_gettime(CLOCK_BOOTTIME, {33476, 981322502}) = 0
1521799950.773159 select(8, [4], [], NULL, NULL) = 1 (in [4])
1521799950.778948 clock_gettime(CLOCK_BOOTTIME, {33476, 987124973}) = 0
1521799950.778964 read(4, "\25\0208\252=\365\313D\326\351\340\10\224O\372\346\347\336\tE\2218\26\265\333\264M3\365c\376\242"..., 8192) = 108
1521799950.778994 clock_gettime(CLOCK_BOOTTIME, {33476, 987169698}) = 0
1521799950.779007 clock_gettime(CLOCK_BOOTTIME, {33476, 987181572}) = 0
1521799950.779019 select(8, [4 5], [], NULL, NULL) = 1 (in [4])
1521799950.780767 clock_gettime(CLOCK_BOOTTIME, {33476, 988943129}) = 0
1521799950.780781 read(4, "\344\352\276\345\177U2\252\250\262i\341[T|\37\262W\311\2\377\217X\200&\250C'\273\274r#"..., 8192) = 100
1521799950.780845 clock_gettime(CLOCK_BOOTTIME, {33476, 989021318}) = 0
1521799950.780858 clock_gettime(CLOCK_BOOTTIME, {33476, 989033013}) = 0
1521799950.780870 select(8, [4 5], [6], NULL, NULL) = 1 (out [6])
1521799950.780888 clock_gettime(CLOCK_BOOTTIME, {33476, 989063039}) = 0
1521799950.780900 write(6, "Last login: Fri Mar 23 18:09:53 "..., 60) = 60
1521799950.780947 clock_gettime(CLOCK_BOOTTIME, {33476, 989122509}) = 0
1521799950.780960 clock_gettime(CLOCK_BOOTTIME, {33476, 989134795}) = 0
1521799950.780971 select(8, [4 5], [], NULL, NULL) = 1 (in [4])
1521799950.873330 clock_gettime(CLOCK_BOOTTIME, {33477, 81507065}) = 0
1521799950.873348 read(4, "\250\10\245\337\227*\230\306\26\266tn\366\314<xb\347\30:r~\217\233\31\201[$-\323\353\16"..., 8192) = 84
1521799950.873376 clock_gettime(CLOCK_BOOTTIME, {33477, 81551546}) = 0
1521799950.873388 clock_gettime(CLOCK_BOOTTIME, {33477, 81563263}) = 0
1521799950.873400 select(8, [4 5], [6], NULL, NULL) = 1 (out [6])
1521799950.873419 clock_gettime(CLOCK_BOOTTIME, {33477, 81594187}) = 0
1521799950.873431 write(6, "\33]0;jacob@study:~\7\33[?1034h[jacob"..., 43) = 43
1521799950.873470 clock_gettime(CLOCK_BOOTTIME, {33477, 81645857}) = 0
1521799950.873483 clock_gettime(CLOCK_BOOTTIME, {33477, 81658151}) = 0
1521799950.873495 select(8, [4 5], [], NULL, NULL) = 1 (in [5])
1521799951.546548 clock_gettime(CLOCK_BOOTTIME, {33477, 754725184}) = 0
1521799951.546566 read(5, "a", 16384)   = 1
1521799951.546599 clock_gettime(CLOCK_BOOTTIME, {33477, 754774838}) = 0
1521799951.546612 clock_gettime(CLOCK_BOOTTIME, {33477, 754786676}) = 0
1521799951.546624 select(8, [4 5], [4], NULL, NULL) = 1 (out [4])
1521799951.546642 clock_gettime(CLOCK_BOOTTIME, {33477, 754816675}) = 0
1521799951.546654 write(4, "\20j\234\301Ed\202\234V\247\217\355l\2442\177\205!\365\343M\10\316g\353\2403`\336[rj"..., 36) = 36
1521799951.546726 clock_gettime(CLOCK_BOOTTIME, {33477, 754901138}) = 0
1521799951.546739 clock_gettime(CLOCK_BOOTTIME, {33477, 754913834}) = 0
1521799951.546750 select(8, [4 5], [], NULL, NULL) = 1 (in [4])
1521799951.547180 clock_gettime(CLOCK_BOOTTIME, {33477, 755357125}) = 0
1521799951.547195 read(4, "\262.G\34\t\275\273\316\313S\224\210<\231\335\232\t0\340\3S\273\304\320\204\2254\354\227\372\30\234"..., 8192) = 36
1521799951.547216 clock_gettime(CLOCK_BOOTTIME, {33477, 755391069}) = 0
1521799951.547228 clock_gettime(CLOCK_BOOTTIME, {33477, 755402639}) = 0
1521799951.547239 select(8, [4 5], [6], NULL, NULL) = 1 (out [6])
1521799951.547257 clock_gettime(CLOCK_BOOTTIME, {33477, 755431891}) = 0
1521799951.547268 write(6, "a", 1)      = 1
1521799951.547353 clock_gettime(CLOCK_BOOTTIME, {33477, 755528931}) = 0
1521799951.547367 clock_gettime(CLOCK_BOOTTIME, {33477, 755541698}) = 0
1521799951.547378 select(8, [4 5], [], NULL, NULL) = 1 (in [5])
1521799951.722654 clock_gettime(CLOCK_BOOTTIME, {33477, 930831003}) = 0
1521799951.722671 read(5, "s", 16384)   = 1
1521799951.722697 clock_gettime(CLOCK_BOOTTIME, {33477, 930872282}) = 0
1521799951.722709 clock_gettime(CLOCK_BOOTTIME, {33477, 930883779}) = 0
1521799951.722721 select(8, [4 5], [4], NULL, NULL) = 1 (out [4])
1521799951.722739 clock_gettime(CLOCK_BOOTTIME, {33477, 930914036}) = 0
1521799951.722751 write(4, "U\31!\271\265\0wt\303\355\315iE\270FG\251;\307\263\334\322\365\233\274\27\263\374\327!U\250"..., 36) = 36
1521799951.722824 clock_gettime(CLOCK_BOOTTIME, {33477, 930999257}) = 0
1521799951.722837 clock_gettime(CLOCK_BOOTTIME, {33477, 931011884}) = 0
1521799951.722849 select(8, [4 5], [], NULL, NULL) = 1 (in [4])
1521799951.723433 clock_gettime(CLOCK_BOOTTIME, {33477, 931609747}) = 0
1521799951.723448 read(4, "\203g\2055\235\242$\377\302\0059\217\301H\337\3208R\33\27\340n]R\6\327\353\326?\316Lw"..., 8192) = 36
1521799951.723468 clock_gettime(CLOCK_BOOTTIME, {33477, 931643152}) = 0
1521799951.723480 clock_gettime(CLOCK_BOOTTIME, {33477, 931654552}) = 0
1521799951.723491 select(8, [4 5], [6], NULL, NULL) = 1 (out [6])
1521799951.723508 clock_gettime(CLOCK_BOOTTIME, {33477, 931683375}) = 0
1521799951.723520 write(6, "s", 1)      = 1
1521799951.723603 clock_gettime(CLOCK_BOOTTIME, {33477, 931778816}) = 0
1521799951.723617 clock_gettime(CLOCK_BOOTTIME, {33477, 931791699}) = 0
1521799951.723628 select(8, [4 5], [], NULL, NULL) = 1 (in [5])
1521799951.818497 clock_gettime(CLOCK_BOOTTIME, {33478, 26674269}) = 0
1521799951.818515 read(5, "d", 16384)   = 1
1521799951.818541 clock_gettime(CLOCK_BOOTTIME, {33478, 26716459}) = 0
1521799951.818553 clock_gettime(CLOCK_BOOTTIME, {33478, 26728058}) = 0
1521799951.818565 select(8, [4 5], [4], NULL, NULL) = 1 (out [4])
1521799951.818583 clock_gettime(CLOCK_BOOTTIME, {33478, 26758145}) = 0
1521799951.818595 write(4, "\216\376\205\245\375\v\267@\253K\375o#%\25hr\213\302\357\317>\216\203\35A#O\320 Z\373"..., 36) = 36
1521799951.818667 clock_gettime(CLOCK_BOOTTIME, {33478, 26843064}) = 0
1521799951.818681 clock_gettime(CLOCK_BOOTTIME, {33478, 26855755}) = 0
1521799951.818692 select(8, [4 5], [], NULL, NULL) = 1 (in [4])
1521799951.819077 clock_gettime(CLOCK_BOOTTIME, {33478, 27252523}) = 0
1521799951.819090 read(4, "\325\\]\267\217\256t\275\10\325\226\250\230\"\255\224\332!4Y;\20dL\264\211F\304*.\375^"..., 8192) = 36
1521799951.819109 clock_gettime(CLOCK_BOOTTIME, {33478, 27284555}) = 0
1521799951.819121 clock_gettime(CLOCK_BOOTTIME, {33478, 27295960}) = 0
1521799951.819133 select(8, [4 5], [6], NULL, NULL) = 1 (out [6])
1521799951.819149 clock_gettime(CLOCK_BOOTTIME, {33478, 27323924}) = 0
1521799951.819160 write(6, "d", 1)      = 1
1521799951.819240 clock_gettime(CLOCK_BOOTTIME, {33478, 27415946}) = 0
1521799951.819254 clock_gettime(CLOCK_BOOTTIME, {33478, 27428677}) = 0
1521799951.819265 select(8, [4 5], [], NULL, NULL) = 1 (in [5])
1521799951.922648 clock_gettime(CLOCK_BOOTTIME, {33478, 130825599}) = 0
1521799951.922666 read(5, "\r", 16384)  = 1
1521799951.922694 clock_gettime(CLOCK_BOOTTIME, {33478, 130869251}) = 0
1521799951.922706 clock_gettime(CLOCK_BOOTTIME, {33478, 130880711}) = 0
1521799951.922718 select(8, [4 5], [4], NULL, NULL) = 1 (out [4])
1521799951.922736 clock_gettime(CLOCK_BOOTTIME, {33478, 130910623}) = 0
1521799951.922748 write(4, "\241\262\205W)\267\341\246x\333),\232\351\207o\275=\3552\266V\253f\242\254T\244}y\267\356"..., 36) = 36
1521799951.922832 clock_gettime(CLOCK_BOOTTIME, {33478, 131007326}) = 0
1521799951.922845 clock_gettime(CLOCK_BOOTTIME, {33478, 131020069}) = 0
1521799951.922857 select(8, [4 5], [], NULL, NULL) = 1 (in [4])
1521799951.925267 clock_gettime(CLOCK_BOOTTIME, {33478, 133443109}) = 0
1521799951.925282 read(4, ".\205X\23\315\327J0\277$\370\262\200\372E\313\211\253u=\f\256`\212#\310\317`\336R\222\257"..., 8192) = 36
1521799951.925302 clock_gettime(CLOCK_BOOTTIME, {33478, 133477788}) = 0
1521799951.925314 clock_gettime(CLOCK_BOOTTIME, {33478, 133489235}) = 0
1521799951.925326 select(8, [4 5], [6], NULL, NULL) = 1 (out [6])
1521799951.925343 clock_gettime(CLOCK_BOOTTIME, {33478, 133517831}) = 0
1521799951.925354 write(6, "\r\n", 2)   = 2
1521799951.925447 clock_gettime(CLOCK_BOOTTIME, {33478, 133623001}) = 0
1521799951.925461 clock_gettime(CLOCK_BOOTTIME, {33478, 133636001}) = 0
1521799951.925473 select(8, [4 5], [], NULL, NULL) = 1 (in [4])
1521799951.928322 clock_gettime(CLOCK_BOOTTIME, {33478, 136499316}) = 0
1521799951.928340 read(4, "\371\307\3305\177\21\270S\222\27\307\360\330R~\203\203\347E+\4x\261\177\n\330\276\303\221\207\203\264"..., 8192) = 68
1521799951.928367 clock_gettime(CLOCK_BOOTTIME, {33478, 136542126}) = 0
1521799951.928379 clock_gettime(CLOCK_BOOTTIME, {33478, 136553642}) = 0
1521799951.928391 select(8, [4 5], [6], NULL, NULL) = 1 (out [6])
1521799951.928409 clock_gettime(CLOCK_BOOTTIME, {33478, 136583893}) = 0
1521799951.928421 write(6, "bash: asd: command not found...\r"..., 33) = 33
1521799951.928527 clock_gettime(CLOCK_BOOTTIME, {33478, 136702070}) = 0
1521799951.928540 clock_gettime(CLOCK_BOOTTIME, {33478, 136714943}) = 0
1521799951.928552 select(8, [4 5], [], NULL, NULL) = 1 (in [4])
1521799951.935254 clock_gettime(CLOCK_BOOTTIME, {33478, 143431927}) = 0
1521799951.935272 read(4, "\373\320\2148\254\320\207\262\377\304\351\275}X\334\245z\3.\202\312\326\31\177\206\201\350\"BcN\253"..., 8192) = 76
1521799951.935299 clock_gettime(CLOCK_BOOTTIME, {33478, 143474575}) = 0
1521799951.935311 clock_gettime(CLOCK_BOOTTIME, {33478, 143486186}) = 0
1521799951.935323 select(8, [4 5], [6], NULL, NULL) = 1 (out [6])
1521799951.935342 clock_gettime(CLOCK_BOOTTIME, {33478, 143517295}) = 0
1521799951.935354 write(6, "\33]0;jacob@study:~\7[jacob@study ~"..., 35) = 35
1521799951.935465 clock_gettime(CLOCK_BOOTTIME, {33478, 143640800}) = 0
1521799951.935479 clock_gettime(CLOCK_BOOTTIME, {33478, 143653803}) = 0
1521799951.935490 select(8, [4 5], [], NULL, NULL) = 1 (in [5])
1521799952.098479 clock_gettime(CLOCK_BOOTTIME, {33478, 306662772}) = 0
1521799952.098504 read(5, "a", 16384)   = 1
1521799952.098531 clock_gettime(CLOCK_BOOTTIME, {33478, 306706553}) = 0
1521799952.098543 clock_gettime(CLOCK_BOOTTIME, {33478, 306718145}) = 0
1521799952.098555 select(8, [4 5], [4], NULL, NULL) = 1 (out [4])
1521799952.098574 clock_gettime(CLOCK_BOOTTIME, {33478, 306748679}) = 0
1521799952.098586 write(4, "3;\37R(\235\270\26oS\325\206\201M\326\274\302\364\204pu>\320\230w{}\250\223\253\220\376"..., 36) = 36
1521799952.098657 clock_gettime(CLOCK_BOOTTIME, {33478, 306832533}) = 0
1521799952.098670 clock_gettime(CLOCK_BOOTTIME, {33478, 306845180}) = 0
1521799952.098682 select(8, [4 5], [], NULL, NULL) = 1 (in [4])
1521799952.099039 clock_gettime(CLOCK_BOOTTIME, {33478, 307215375}) = 0
1521799952.099053 read(4, "=\232&\371.\343y\200\322\2710\33\272\277\0I\24G9TS\355=\241sT$\253\313\256J\23"..., 8192) = 36
1521799952.099073 clock_gettime(CLOCK_BOOTTIME, {33478, 307248688}) = 0
1521799952.099089 clock_gettime(CLOCK_BOOTTIME, {33478, 307266313}) = 0
1521799952.099107 select(8, [4 5], [6], NULL, NULL) = 1 (out [6])
1521799952.099134 clock_gettime(CLOCK_BOOTTIME, {33478, 307310616}) = 0
1521799952.099153 write(6, "a", 1)      = 1
1521799952.099239 clock_gettime(CLOCK_BOOTTIME, {33478, 307414966}) = 0
1521799952.099275 clock_gettime(CLOCK_BOOTTIME, {33478, 307453063}) = 0
1521799952.099291 select(8, [4 5], [], NULL, NULL) = 1 (in [5])
1521799952.186698 clock_gettime(CLOCK_BOOTTIME, {33478, 394875838}) = 0
1521799952.186717 read(5, "s", 16384)   = 1
1521799952.186742 clock_gettime(CLOCK_BOOTTIME, {33478, 394917903}) = 0
1521799952.186755 clock_gettime(CLOCK_BOOTTIME, {33478, 394929495}) = 0
1521799952.186767 select(8, [4 5], [4], NULL, NULL) = 1 (out [4])
1521799952.186785 clock_gettime(CLOCK_BOOTTIME, {33478, 394959508}) = 0
1521799952.186796 write(4, "5h\371B:\217\340\207\317s^N8\366\324\34\203\256W\312\3\220\212\272\302\24\253O\36g\5a"..., 36) = 36
1521799952.186882 clock_gettime(CLOCK_BOOTTIME, {33478, 395057407}) = 0
1521799952.186895 clock_gettime(CLOCK_BOOTTIME, {33478, 395070202}) = 0
1521799952.186907 select(8, [4 5], [], NULL, NULL) = 1 (in [4])
1521799952.187294 clock_gettime(CLOCK_BOOTTIME, {33478, 395470855}) = 0
1521799952.187309 read(4, "\341\5W\264\260?\243\2Q\346m\t\356\34\vd\313\333'\243\242\355P\243\365\211p\240\r\211\242\20"..., 8192) = 36
1521799952.187329 clock_gettime(CLOCK_BOOTTIME, {33478, 395504527}) = 0
1521799952.187341 clock_gettime(CLOCK_BOOTTIME, {33478, 395515964}) = 0
1521799952.187353 select(8, [4 5], [6], NULL, NULL) = 1 (out [6])
1521799952.187370 clock_gettime(CLOCK_BOOTTIME, {33478, 395544926}) = 0
1521799952.187382 write(6, "s", 1)      = 1
1521799952.187463 clock_gettime(CLOCK_BOOTTIME, {33478, 395638432}) = 0
1521799952.187476 clock_gettime(CLOCK_BOOTTIME, {33478, 395651344}) = 0
1521799952.187488 select(8, [4 5], [], NULL, NULL) = 1 (in [5])
1521799952.274603 clock_gettime(CLOCK_BOOTTIME, {33478, 482780369}) = 0
1521799952.274621 read(5, "d", 16384)   = 1
1521799952.274648 clock_gettime(CLOCK_BOOTTIME, {33478, 482823542}) = 0
1521799952.274660 clock_gettime(CLOCK_BOOTTIME, {33478, 482835194}) = 0
1521799952.274672 select(8, [4 5], [4], NULL, NULL) = 1 (out [4])
1521799952.274690 clock_gettime(CLOCK_BOOTTIME, {33478, 482864850}) = 0
1521799952.274702 write(4, "+\316\305\231Y\202|\271\333E\344\322\240\364\37\307\325\220\373\261\313\363\27\342\220\305\16h\232)w\273"..., 36) = 36
1521799952.274773 clock_gettime(CLOCK_BOOTTIME, {33478, 482948294}) = 0
1521799952.274786 clock_gettime(CLOCK_BOOTTIME, {33478, 482962221}) = 0
1521799952.274804 select(8, [4 5], [], NULL, NULL) = 1 (in [4])
1521799952.275250 clock_gettime(CLOCK_BOOTTIME, {33478, 483427072}) = 0
1521799952.275266 read(4, "_\0\203\256\v~g\331\365\243\307\260Gv<h4\25J\33\306\34i{\333\333\344\362\346\276\4\v"..., 8192) = 36
1521799952.275326 clock_gettime(CLOCK_BOOTTIME, {33478, 483501981}) = 0
1521799952.275339 clock_gettime(CLOCK_BOOTTIME, {33478, 483513826}) = 0
1521799952.275351 select(8, [4 5], [6], NULL, NULL) = 1 (out [6])
1521799952.275369 clock_gettime(CLOCK_BOOTTIME, {33478, 483544144}) = 0
1521799952.275381 write(6, "d", 1)      = 1
1521799952.275462 clock_gettime(CLOCK_BOOTTIME, {33478, 483637947}) = 0
1521799952.275476 clock_gettime(CLOCK_BOOTTIME, {33478, 483650731}) = 0
1521799952.275488 select(8, [4 5], [], NULL, NULL) = 1 (in [5])
1521799952.370630 clock_gettime(CLOCK_BOOTTIME, {33478, 578807145}) = 0
1521799952.370648 read(5, "\r", 16384)  = 1
1521799952.370675 clock_gettime(CLOCK_BOOTTIME, {33478, 578850477}) = 0
1521799952.370687 clock_gettime(CLOCK_BOOTTIME, {33478, 578861873}) = 0
1521799952.370699 select(8, [4 5], [4], NULL, NULL) = 1 (out [4])
1521799952.370717 clock_gettime(CLOCK_BOOTTIME, {33478, 578891521}) = 0
1521799952.370729 write(4, "\10^%^\332\277\362\266/\267\261@\263\251\202\265\332Y\20\357[\f\10\215,\33\335#\204\334yv"..., 36) = 36
1521799952.370801 clock_gettime(CLOCK_BOOTTIME, {33478, 578976066}) = 0
1521799952.370814 clock_gettime(CLOCK_BOOTTIME, {33478, 578988729}) = 0
1521799952.370825 select(8, [4 5], [], NULL, NULL) = 1 (in [4])
1521799952.372021 clock_gettime(CLOCK_BOOTTIME, {33478, 580197533}) = 0
1521799952.372036 read(4, "\212(\253\355U\274\346+\17Qn\342\246gEu\264S\226\214[\257\201\375\237\243^\323\177I\1\212"..., 8192) = 36
1521799952.372097 clock_gettime(CLOCK_BOOTTIME, {33478, 580272661}) = 0
1521799952.372109 clock_gettime(CLOCK_BOOTTIME, {33478, 580284426}) = 0
1521799952.372121 select(8, [4 5], [6], NULL, NULL) = 1 (out [6])
1521799952.372152 clock_gettime(CLOCK_BOOTTIME, {33478, 580327538}) = 0
1521799952.372164 write(6, "\r\n", 2)   = 2
1521799952.372253 clock_gettime(CLOCK_BOOTTIME, {33478, 580440998}) = 0
1521799952.372280 clock_gettime(CLOCK_BOOTTIME, {33478, 580454671}) = 0
1521799952.372291 select(8, [4 5], [], NULL, NULL) = 1 (in [4])
1521799952.374358 clock_gettime(CLOCK_BOOTTIME, {33478, 582534642}) = 0
1521799952.374375 read(4, "1\206\f \26\3013\210 \216\267\254\337\4\324]\327\266|:^_\370\336\343S\263\225{\227\32\232"..., 8192) = 68
1521799952.374444 clock_gettime(CLOCK_BOOTTIME, {33478, 582619515}) = 0
1521799952.374457 clock_gettime(CLOCK_BOOTTIME, {33478, 582631671}) = 0
1521799952.374469 select(8, [4 5], [6], NULL, NULL) = 1 (out [6])
1521799952.374488 clock_gettime(CLOCK_BOOTTIME, {33478, 582662915}) = 0
1521799952.374500 write(6, "bash: asd: command not found...\r"..., 33) = 33
1521799952.374632 clock_gettime(CLOCK_BOOTTIME, {33478, 582807976}) = 0
1521799952.374647 clock_gettime(CLOCK_BOOTTIME, {33478, 582821536}) = 0
1521799952.374659 select(8, [4 5], [], NULL, NULL) = 1 (in [4])
1521799952.379021 clock_gettime(CLOCK_BOOTTIME, {33478, 587198052}) = 0
1521799952.379039 read(4, "%\224\343\351\243\2360\300\4\374\265\6\241\312\37\270\243\316\272\337v\1\217\246@\324z\330i\250\37\366"..., 8192) = 76
1521799952.379120 clock_gettime(CLOCK_BOOTTIME, {33478, 587295990}) = 0
1521799952.379133 clock_gettime(CLOCK_BOOTTIME, {33478, 587307905}) = 0
1521799952.379145 select(8, [4 5], [6], NULL, NULL) = 1 (out [6])
1521799952.379165 clock_gettime(CLOCK_BOOTTIME, {33478, 587340044}) = 0
1521799952.379177 write(6, "\33]0;jacob@study:~\7[jacob@study ~"..., 35) = 35
1521799952.379289 clock_gettime(CLOCK_BOOTTIME, {33478, 587464589}) = 0
1521799952.379303 clock_gettime(CLOCK_BOOTTIME, {33478, 587477793}) = 0
1521799952.379315 select(8, [4 5], [], NULL, NULL) = 1 (in [5])
1521799952.450683 clock_gettime(CLOCK_BOOTTIME, {33478, 658860655}) = 0
1521799952.450702 read(5, "a", 16384)   = 1
1521799952.450729 clock_gettime(CLOCK_BOOTTIME, {33478, 658904809}) = 0
1521799952.450741 clock_gettime(CLOCK_BOOTTIME, {33478, 658916429}) = 0
1521799952.450754 select(8, [4 5], [4], NULL, NULL) = 1 (out [4])
1521799952.450772 clock_gettime(CLOCK_BOOTTIME, {33478, 658947077}) = 0
1521799952.450784 write(4, "<\205,\335{\326\257\366\335\235\224\327\210\6q\224\2540\2312\247\224:\37\314\352$mg\26\3\266"..., 36) = 36
1521799952.450882 clock_gettime(CLOCK_BOOTTIME, {33478, 659060460}) = 0
1521799952.450900 clock_gettime(CLOCK_BOOTTIME, {33478, 659075234}) = 0
1521799952.450912 select(8, [4 5], [], NULL, NULL) = 1 (in [4])
1521799952.451272 clock_gettime(CLOCK_BOOTTIME, {33478, 659447564}) = 0
1521799952.451285 read(4, "\335Uxi\223G\354\203\260\214m\235\0@\241\317'SC\241\276\253\t]\"\306\10\311`\264\26\372"..., 8192) = 36
1521799952.451344 clock_gettime(CLOCK_BOOTTIME, {33478, 659519735}) = 0
1521799952.451370 clock_gettime(CLOCK_BOOTTIME, {33478, 659546078}) = 0
1521799952.451384 select(8, [4 5], [6], NULL, NULL) = 1 (out [6])
1521799952.451402 clock_gettime(CLOCK_BOOTTIME, {33478, 659576709}) = 0
1521799952.451413 write(6, "a", 1)      = 1
1521799952.451501 clock_gettime(CLOCK_BOOTTIME, {33478, 659676553}) = 0
1521799952.451514 clock_gettime(CLOCK_BOOTTIME, {33478, 659689407}) = 0
1521799952.451526 select(8, [4 5], [], NULL, NULL) = 1 (in [5])
1521799952.554554 clock_gettime(CLOCK_BOOTTIME, {33478, 762731536}) = 0
1521799952.554572 read(5, "s", 16384)   = 1
1521799952.554598 clock_gettime(CLOCK_BOOTTIME, {33478, 762773776}) = 0
1521799952.554610 clock_gettime(CLOCK_BOOTTIME, {33478, 762785413}) = 0
1521799952.554622 select(8, [4 5], [4], NULL, NULL) = 1 (out [4])
1521799952.554641 clock_gettime(CLOCK_BOOTTIME, {33478, 762815764}) = 0
1521799952.554653 write(4, "\216\4\215B-[\37\302d\370d\367\221\314\0100E\316\347\351h\373\324A\10\311\322\233\327~lg"..., 36) = 36
1521799952.554725 clock_gettime(CLOCK_BOOTTIME, {33478, 762901038}) = 0
1521799952.554739 clock_gettime(CLOCK_BOOTTIME, {33478, 762913620}) = 0
1521799952.554750 select(8, [4 5], [], NULL, NULL) = 1 (in [4])
1521799952.555153 clock_gettime(CLOCK_BOOTTIME, {33478, 763329153}) = 0
1521799952.555167 read(4, "\1\267\0\303\317\3\330\205\336\320\317\320\216-\316ia\v\333\265%\2324\321'\362O??\232\250b"..., 8192) = 36
1521799952.555227 clock_gettime(CLOCK_BOOTTIME, {33478, 763403117}) = 0
1521799952.555240 clock_gettime(CLOCK_BOOTTIME, {33478, 763414950}) = 0
1521799952.555252 select(8, [4 5], [6], NULL, NULL) = 1 (out [6])
1521799952.555270 clock_gettime(CLOCK_BOOTTIME, {33478, 763445137}) = 0
1521799952.555282 write(6, "s", 1)      = 1
1521799952.555363 clock_gettime(CLOCK_BOOTTIME, {33478, 763539030}) = 0
1521799952.555377 clock_gettime(CLOCK_BOOTTIME, {33478, 763552019}) = 0
1521799952.555389 select(8, [4 5], [], NULL, NULL) = 1 (in [5])
1521799952.626618 clock_gettime(CLOCK_BOOTTIME, {33478, 834795363}) = 0
1521799952.626636 read(5, "d", 16384)   = 1
1521799952.626662 clock_gettime(CLOCK_BOOTTIME, {33478, 834837696}) = 0
1521799952.626674 clock_gettime(CLOCK_BOOTTIME, {33478, 834849401}) = 0
1521799952.626703 select(8, [4 5], [4], NULL, NULL) = 1 (out [4])
1521799952.626736 clock_gettime(CLOCK_BOOTTIME, {33478, 834911090}) = 0
1521799952.626761 write(4, "\260\251\244\237\322\315\\\307o\32\271q\264[ YE2{\206\302\0\356G!\352\234\341\372\\y\334"..., 36) = 36
1521799952.626886 clock_gettime(CLOCK_BOOTTIME, {33478, 835064661}) = 0
1521799952.626907 clock_gettime(CLOCK_BOOTTIME, {33478, 835085036}) = 0
1521799952.626923 select(8, [4 5], [], NULL, NULL) = 1 (in [4])
1521799952.627500 clock_gettime(CLOCK_BOOTTIME, {33478, 835676471}) = 0
1521799952.627515 read(4, "\210\277*\6\227G\341\223B\372%\242C\307\316t\215]\356Y_\217\200\212b5\344\367\251\212\335;"..., 8192) = 36
1521799952.627576 clock_gettime(CLOCK_BOOTTIME, {33478, 835751458}) = 0
1521799952.627588 clock_gettime(CLOCK_BOOTTIME, {33478, 835763275}) = 0
1521799952.627600 select(8, [4 5], [6], NULL, NULL) = 1 (out [6])
1521799952.627618 clock_gettime(CLOCK_BOOTTIME, {33478, 835793206}) = 0
1521799952.627630 write(6, "d", 1)      = 1
1521799952.627724 clock_gettime(CLOCK_BOOTTIME, {33478, 835899871}) = 0
1521799952.627738 clock_gettime(CLOCK_BOOTTIME, {33478, 835912900}) = 0
1521799952.627750 select(8, [4 5], [], NULL, NULL) = 1 (in [5])
1521799952.746548 clock_gettime(CLOCK_BOOTTIME, {33478, 954725324}) = 0
1521799952.746566 read(5, "\r", 16384)  = 1
1521799952.746593 clock_gettime(CLOCK_BOOTTIME, {33478, 954768909}) = 0
1521799952.746606 clock_gettime(CLOCK_BOOTTIME, {33478, 954780488}) = 0
1521799952.746618 select(8, [4 5], [4], NULL, NULL) = 1 (out [4])
1521799952.746636 clock_gettime(CLOCK_BOOTTIME, {33478, 954811149}) = 0
1521799952.746648 write(4, "\v\277%9\215H\263\25\232#A\277\30JZ\205\315V\316\212\220\352\22\322z<\23\315\255\n\352i"..., 36) = 36
1521799952.746718 clock_gettime(CLOCK_BOOTTIME, {33478, 954893869}) = 0
1521799952.746731 clock_gettime(CLOCK_BOOTTIME, {33478, 954906351}) = 0
1521799952.746743 select(8, [4 5], [], NULL, NULL) = 1 (in [4])
1521799952.747901 clock_gettime(CLOCK_BOOTTIME, {33478, 956077974}) = 0
1521799952.747917 read(4, "\371S\2344\37s\21\t\232\224\362\4!\243\377\321\234_\363\6\6\200\361\25\202\253\213^\273v]\324"..., 8192) = 36
1521799952.747979 clock_gettime(CLOCK_BOOTTIME, {33478, 956155167}) = 0
1521799952.747992 clock_gettime(CLOCK_BOOTTIME, {33478, 956166997}) = 0
1521799952.748004 select(8, [4 5], [6], NULL, NULL) = 1 (out [6])
1521799952.748023 clock_gettime(CLOCK_BOOTTIME, {33478, 956197532}) = 0
1521799952.748034 write(6, "\r\n", 2)   = 2
1521799952.748123 clock_gettime(CLOCK_BOOTTIME, {33478, 956298644}) = 0
1521799952.748137 clock_gettime(CLOCK_BOOTTIME, {33478, 956311463}) = 0
1521799952.748148 select(8, [4 5], [], NULL, NULL) = 1 (in [4])
1521799952.750923 clock_gettime(CLOCK_BOOTTIME, {33478, 959101144}) = 0
1521799952.750942 read(4, "\260H\315\200\310\367d\250\322\301O*'\240\350\0u\241\273\265h\363\352\250\274\341d\272\302\261?\360"..., 8192) = 68
1521799952.751023 clock_gettime(CLOCK_BOOTTIME, {33478, 959198668}) = 0
1521799952.751036 clock_gettime(CLOCK_BOOTTIME, {33478, 959210752}) = 0
1521799952.751048 select(8, [4 5], [6], NULL, NULL) = 1 (out [6])
1521799952.751083 clock_gettime(CLOCK_BOOTTIME, {33478, 959257838}) = 0
1521799952.751095 write(6, "bash: asd: command not found...\r"..., 33) = 33
1521799952.751209 clock_gettime(CLOCK_BOOTTIME, {33478, 959385050}) = 0
1521799952.751223 clock_gettime(CLOCK_BOOTTIME, {33478, 959397792}) = 0
1521799952.751234 select(8, [4 5], [], NULL, NULL) = 1 (in [4])
1521799952.754985 clock_gettime(CLOCK_BOOTTIME, {33478, 963161891}) = 0
1521799952.755002 read(4, ".sJ\211f \3608\335\232K@\216\353<\317O\372l\343\273\360TJ\353\303Q\325L/\375%"..., 8192) = 76
1521799952.755072 clock_gettime(CLOCK_BOOTTIME, {33478, 963248114}) = 0
1521799952.755085 clock_gettime(CLOCK_BOOTTIME, {33478, 963259882}) = 0
1521799952.755097 select(8, [4 5], [6], NULL, NULL) = 1 (out [6])
1521799952.755116 clock_gettime(CLOCK_BOOTTIME, {33478, 963291313}) = 0
1521799952.755128 write(6, "\33]0;jacob@study:~\7[jacob@study ~"..., 35) = 35
1521799952.755228 clock_gettime(CLOCK_BOOTTIME, {33478, 963403505}) = 0
1521799952.755241 clock_gettime(CLOCK_BOOTTIME, {33478, 963416332}) = 0
1521799952.755253 select(8, [4 5], [], NULL, NULL) = 1 (in [5])
1521799952.778431 clock_gettime(CLOCK_BOOTTIME, {33478, 986607695}) = 0
1521799952.778448 read(5, "a", 16384)   = 1
1521799952.778473 clock_gettime(CLOCK_BOOTTIME, {33478, 986648851}) = 0
1521799952.778486 clock_gettime(CLOCK_BOOTTIME, {33478, 986660411}) = 0
1521799952.778497 select(8, [4 5], [4], NULL, NULL) = 1 (out [4])
1521799952.778516 clock_gettime(CLOCK_BOOTTIME, {33478, 986702028}) = 0
1521799952.778544 write(4, "\37q\300\305|!\250\354.$\2B\335F\204?\335\375\350\230x=q\7~\264Bd\177\335x\340"..., 36) = 36
1521799952.778613 clock_gettime(CLOCK_BOOTTIME, {33478, 986788578}) = 0
1521799952.778626 clock_gettime(CLOCK_BOOTTIME, {33478, 986801124}) = 0
1521799952.778638 select(8, [4 5], [], NULL, NULL) = 1 (in [4])
1521799952.780736 clock_gettime(CLOCK_BOOTTIME, {33478, 988912364}) = 0
1521799952.780750 read(4, "\2628\271[.\344H\17(\371{\31\332\231\336\222\\\242`b\2512\270\6\205=\242G\v|&\205"..., 8192) = 36
1521799952.780770 clock_gettime(CLOCK_BOOTTIME, {33478, 988945942}) = 0
1521799952.780782 clock_gettime(CLOCK_BOOTTIME, {33478, 988957399}) = 0
1521799952.780794 select(8, [4 5], [6], NULL, NULL) = 1 (out [6])
1521799952.780811 clock_gettime(CLOCK_BOOTTIME, {33478, 988986255}) = 0
1521799952.780823 write(6, "a", 1)      = 1
1521799952.780927 clock_gettime(CLOCK_BOOTTIME, {33478, 989102681}) = 0
1521799952.780941 clock_gettime(CLOCK_BOOTTIME, {33478, 989115602}) = 0
1521799952.780952 select(8, [4 5], [], NULL, NULL) = 1 (in [5])
1521799952.810592 clock_gettime(CLOCK_BOOTTIME, {33479, 18769365}) = 0
1521799952.810620 read(5, "s", 16384)   = 1
1521799952.810652 clock_gettime(CLOCK_BOOTTIME, {33479, 18827430}) = 0
1521799952.810664 clock_gettime(CLOCK_BOOTTIME, {33479, 18838900}) = 0
1521799952.810676 select(8, [4 5], [4], NULL, NULL) = 1 (out [4])
1521799952.810694 clock_gettime(CLOCK_BOOTTIME, {33479, 18869389}) = 0
1521799952.810706 write(4, "\33F\341\205\354\241S\240J\247hS.kqd\260\252\321\5!\220h\35\225\257\23\34\251\364\3k"..., 36) = 36
1521799952.810776 clock_gettime(CLOCK_BOOTTIME, {33479, 18951302}) = 0
1521799952.810789 clock_gettime(CLOCK_BOOTTIME, {33479, 18963882}) = 0
1521799952.810801 select(8, [4 5], [], NULL, NULL) = 1 (in [4])
1521799952.811195 clock_gettime(CLOCK_BOOTTIME, {33479, 19371382}) = 0
1521799952.811209 read(4, "\200+\23`\325HE-7\t,@\"5\335I\223\246\332\377\371?\344\236\246\356\r_,k\377\326"..., 8192) = 36
1521799952.811229 clock_gettime(CLOCK_BOOTTIME, {33479, 19404863}) = 0
1521799952.811241 clock_gettime(CLOCK_BOOTTIME, {33479, 19416401}) = 0
1521799952.811253 select(8, [4 5], [6], NULL, NULL) = 1 (out [6])
1521799952.811270 clock_gettime(CLOCK_BOOTTIME, {33479, 19445161}) = 0
1521799952.811282 write(6, "s", 1)      = 1
1521799952.811365 clock_gettime(CLOCK_BOOTTIME, {33479, 19540480}) = 0
1521799952.811378 clock_gettime(CLOCK_BOOTTIME, {33479, 19553372}) = 0
1521799952.811390 select(8, [4 5], [], NULL, NULL) = 1 (in [5])
1521799952.914492 clock_gettime(CLOCK_BOOTTIME, {33479, 122683179}) = 0
1521799952.914524 read(5, "d", 16384)   = 1
1521799952.914550 clock_gettime(CLOCK_BOOTTIME, {33479, 122725315}) = 0
1521799952.914562 clock_gettime(CLOCK_BOOTTIME, {33479, 122736904}) = 0
1521799952.914574 select(8, [4 5], [4], NULL, NULL) = 1 (out [4])
1521799952.914592 clock_gettime(CLOCK_BOOTTIME, {33479, 122767236}) = 0
1521799952.914604 write(4, "\301R\217N\377\374\353(\220\244\366\32\0331^'\6\214\343\303\177\272r\237\210\362u\277\207\377r\276"..., 36) = 36
1521799952.914673 clock_gettime(CLOCK_BOOTTIME, {33479, 122848989}) = 0
1521799952.914687 clock_gettime(CLOCK_BOOTTIME, {33479, 122861591}) = 0
1521799952.914698 select(8, [4 5], [], NULL, NULL) = 1 (in [4])
1521799952.915089 clock_gettime(CLOCK_BOOTTIME, {33479, 123265181}) = 0
1521799952.915103 read(4, "\321\210\31\t\356\301\331>\240Et\362\251\213i\237\213\10\221\255\3\354:\260\321\273fUL\342\17/"..., 8192) = 36
1521799952.915164 clock_gettime(CLOCK_BOOTTIME, {33479, 123340285}) = 0
1521799952.915209 clock_gettime(CLOCK_BOOTTIME, {33479, 123384179}) = 0
1521799952.915221 select(8, [4 5], [6], NULL, NULL) = 1 (out [6])
1521799952.915240 clock_gettime(CLOCK_BOOTTIME, {33479, 123414845}) = 0
1521799952.915251 write(6, "d", 1)      = 1
1521799952.915335 clock_gettime(CLOCK_BOOTTIME, {33479, 123510142}) = 0
1521799952.915348 clock_gettime(CLOCK_BOOTTIME, {33479, 123522944}) = 0
1521799952.915360 select(8, [4 5], [], NULL, NULL) = 1 (in [5])
1521799953.394596 clock_gettime(CLOCK_BOOTTIME, {33479, 602777069}) = 0
1521799953.394619 read(5, "\4", 16384)  = 1
1521799953.394646 clock_gettime(CLOCK_BOOTTIME, {33479, 602821950}) = 0
1521799953.394659 clock_gettime(CLOCK_BOOTTIME, {33479, 602833519}) = 0
1521799953.394670 select(8, [4 5], [4], NULL, NULL) = 1 (out [4])
1521799953.394689 clock_gettime(CLOCK_BOOTTIME, {33479, 602864039}) = 0
1521799953.394701 write(4, "\352\303\344X\204c\222r\243\0%\37|\3600\301\273\210b\323jb\235\6\277a\344\357!4\\\245"..., 36) = 36
1521799953.394782 clock_gettime(CLOCK_BOOTTIME, {33479, 602958005}) = 0
1521799953.394796 clock_gettime(CLOCK_BOOTTIME, {33479, 602970780}) = 0
1521799953.394808 select(8, [4 5], [], NULL, NULL) = 1 (in [4])
1521799953.395273 clock_gettime(CLOCK_BOOTTIME, {33479, 603450128}) = 0
1521799953.395288 read(4, "h\354\253f#\256\373O}\274\346+\3114g\315z\322N\320\274\310\262\353j\262 9\205\16\234G"..., 8192) = 36
1521799953.395310 clock_gettime(CLOCK_BOOTTIME, {33479, 603485704}) = 0
1521799953.395322 clock_gettime(CLOCK_BOOTTIME, {33479, 603497262}) = 0
1521799953.395334 select(8, [4 5], [6], NULL, NULL) = 1 (out [6])
1521799953.395351 clock_gettime(CLOCK_BOOTTIME, {33479, 603526203}) = 0
1521799953.395363 write(6, "\7", 1)     = 1
1521799953.395464 clock_gettime(CLOCK_BOOTTIME, {33479, 603639786}) = 0
1521799953.395478 clock_gettime(CLOCK_BOOTTIME, {33479, 603652557}) = 0
1521799953.395489 select(8, [4 5], [], NULL, NULL) = 1 (in [5])
1521799954.170583 clock_gettime(CLOCK_BOOTTIME, {33480, 378760259}) = 0
1521799954.170601 read(5, "\r", 16384)  = 1
1521799954.170629 clock_gettime(CLOCK_BOOTTIME, {33480, 378804204}) = 0
1521799954.170641 clock_gettime(CLOCK_BOOTTIME, {33480, 378815697}) = 0
1521799954.170653 select(8, [4 5], [4], NULL, NULL) = 1 (out [4])
1521799954.170672 clock_gettime(CLOCK_BOOTTIME, {33480, 378849330}) = 0
1521799954.170689 write(4, "Zh\305\0011\22\221wZ\307hJ\21~\302\360\362y\35`.\307\243S\241\t\301\323\362\31\356\230"..., 36) = 36
1521799954.170779 clock_gettime(CLOCK_BOOTTIME, {33480, 378955249}) = 0
1521799954.170793 clock_gettime(CLOCK_BOOTTIME, {33480, 378968326}) = 0
1521799954.170805 select(8, [4 5], [], NULL, NULL) = 1 (in [4])
1521799954.172521 clock_gettime(CLOCK_BOOTTIME, {33480, 380699206}) = 0
1521799954.172539 read(4, "\235?\254\350\351\220>$\26\31`\1\341w\366\253v\366&i\340N\216\31{\367\232W\203\30R\205"..., 8192) = 36
1521799954.172566 clock_gettime(CLOCK_BOOTTIME, {33480, 380741317}) = 0
1521799954.172578 clock_gettime(CLOCK_BOOTTIME, {33480, 380753070}) = 0
1521799954.172590 select(8, [4 5], [6], NULL, NULL) = 1 (out [6])
1521799954.172609 clock_gettime(CLOCK_BOOTTIME, {33480, 380795431}) = 0
1521799954.172633 write(6, "\r\n", 2)   = 2
1521799954.172742 clock_gettime(CLOCK_BOOTTIME, {33480, 380918038}) = 0
1521799954.172756 clock_gettime(CLOCK_BOOTTIME, {33480, 380931285}) = 0
1521799954.172768 select(8, [4 5], [], NULL, NULL) = 1 (in [4])
1521799954.176360 clock_gettime(CLOCK_BOOTTIME, {33480, 384542069}) = 0
1521799954.176391 read(4, "<V\376wL\260\355{\340\273J\334C\3\2t,<\243\343\230V\3\21\250\n\346/\36-\354\350"..., 8192) = 68
1521799954.176432 clock_gettime(CLOCK_BOOTTIME, {33480, 384611486}) = 0
1521799954.176454 clock_gettime(CLOCK_BOOTTIME, {33480, 384631104}) = 0
1521799954.176473 select(8, [4 5], [6], NULL, NULL) = 1 (out [6])
1521799954.176495 clock_gettime(CLOCK_BOOTTIME, {33480, 384670326}) = 0
1521799954.176507 write(6, "bash: asd: command not found...\r"..., 33) = 33
1521799954.176631 clock_gettime(CLOCK_BOOTTIME, {33480, 384806984}) = 0
1521799954.176646 clock_gettime(CLOCK_BOOTTIME, {33480, 384820488}) = 0
1521799954.176657 select(8, [4 5], [], NULL, NULL) = 1 (in [4])
1521799954.182194 clock_gettime(CLOCK_BOOTTIME, {33480, 390372031}) = 0
1521799954.182227 read(4, "\t\343\31@\203y\222z\27\362fR\326l\202\363\230\5\214u\377\331R.\322\2562\327\275.\207\370"..., 8192) = 76
1521799954.182271 clock_gettime(CLOCK_BOOTTIME, {33480, 390447375}) = 0
1521799954.182285 clock_gettime(CLOCK_BOOTTIME, {33480, 390459630}) = 0
1521799954.182297 select(8, [4 5], [6], NULL, NULL) = 1 (out [6])
1521799954.182317 clock_gettime(CLOCK_BOOTTIME, {33480, 390491851}) = 0
1521799954.182329 write(6, "\33]0;jacob@study:~\7[jacob@study ~"..., 35) = 35
1521799954.182453 clock_gettime(CLOCK_BOOTTIME, {33480, 390631570}) = 0
1521799954.182471 clock_gettime(CLOCK_BOOTTIME, {33480, 390646229}) = 0
1521799954.182483 select(8, [4 5], [], NULL, NULL) = 1 (in [5])
1521799954.490523 clock_gettime(CLOCK_BOOTTIME, {33480, 698700949}) = 0
1521799954.490541 read(5, "\4", 16384)  = 1
1521799954.490572 clock_gettime(CLOCK_BOOTTIME, {33480, 698747767}) = 0
1521799954.490584 clock_gettime(CLOCK_BOOTTIME, {33480, 698759356}) = 0
1521799954.490596 select(8, [4 5], [4], NULL, NULL) = 1 (out [4])
1521799954.490614 clock_gettime(CLOCK_BOOTTIME, {33480, 698789314}) = 0
1521799954.490626 write(4, "\2h\320\4\231\363\254\207\360\246\264c\riA\221\202h\37\271\237k\214n\v\17\376\"M~)]"..., 36) = 36
1521799954.490699 clock_gettime(CLOCK_BOOTTIME, {33480, 698874220}) = 0
1521799954.490712 clock_gettime(CLOCK_BOOTTIME, {33480, 698886846}) = 0
1521799954.490724 select(8, [4 5], [], NULL, NULL) = 1 (in [4])
1521799954.492449 clock_gettime(CLOCK_BOOTTIME, {33480, 700625820}) = 0
1521799954.492465 read(4, "\373\257\340\256\347\310\266\251\332\247\2407wy\352B\246`V\354,H\20\33\274@\337\35Y\20\37\247"..., 8192) = 220
1521799954.492498 close(5)              = 0
1521799954.492517 clock_gettime(CLOCK_BOOTTIME, {33480, 700692607}) = 0
1521799954.492530 clock_gettime(CLOCK_BOOTTIME, {33480, 700704710}) = 0
1521799954.492542 select(8, [4], [6], NULL, NULL) = 1 (out [6])
1521799954.492559 clock_gettime(CLOCK_BOOTTIME, {33480, 700734535}) = 0
1521799954.492572 write(6, "logout\r\n", 8) = 8
1521799954.492674 clock_gettime(CLOCK_BOOTTIME, {33480, 700849346}) = 0
1521799954.492687 clock_gettime(CLOCK_BOOTTIME, {33480, 700862416}) = 0
1521799954.492700 close(6)              = 0
1521799954.492712 ioctl(0, SNDCTL_TMR_STOP or TCSETSW, {B38400 opost isig icanon echo ...}) = 0
1521799954.492742 close(7)              = 0
1521799954.492755 select(8, [4], [4], NULL, NULL) = 1 (out [4])
1521799954.492771 clock_gettime(CLOCK_BOOTTIME, {33480, 700946328}) = 0
1521799954.492783 write(4, "{M\261H\376G\267\211\374\17\203\355\375J\5\371z\225\251'\223\325-\204\f\241\351iP<\212\267"..., 36) = 36
1521799954.492835 rt_sigaction(SIGWINCH, NULL, {0x56090a7dd430, [], SA_RESTORER, 0x7f49f6705270}, 8) = 0
1521799954.492851 rt_sigaction(SIGWINCH, {SIG_DFL, [], SA_RESTORER, 0x7f49f6705270}, NULL, 8) = 0
1521799954.492867 write(4, "\241\200\35>\327j\374\2650\2537\302\3317\207C\212\v\"?::#4\35J%R\222#FL"..., 60) = 60
1521799954.492926 ioctl(0, TCGETS, {B38400 opost isig icanon echo ...}) = 0
1521799954.492952 ioctl(1, TCGETS, {B38400 opost isig icanon echo ...}) = 0
1521799954.492964 ioctl(2, TCGETS, {B38400 opost isig icanon echo ...}) = 0
1521799954.492978 write(2, "Connection to 192.168.125.180 cl"..., 39) = 39
1521799954.493078 shutdown(4, SHUT_RDWR) = 0
1521799954.493128 close(4)              = 0
1521799954.493296 exit_group(127)       = ?
1521799954.493625 +++ exited with 127 +++
