1521799867.545279 select(5, [4], NULL, NULL, NULL) = 1 (in [4])
1521799867.545675 read(4, "\0\0\4\374\n\24\240\216\311,~\207\307>.\27\316\233\366;?\375\0\0\1@curve2"..., 8192) = 1280
1521799867.547784 write(4, "\0\0\0,\6\36\0\0\0 \226\242\\\n\227R\32\367Z\352\225\234\27\376\0005\303\230!\234N\207"..., 48) = 48
1521799867.547868 select(5, [4], NULL, NULL, NULL) = 1 (in [4])
1521799867.552537 read(4, "\0\0\1\4\t\37\0\0\0h\0\0\0\23ecdsa-sha2-nistp25"..., 8192) = 364
1521799867.552710 open("/home/king/.ssh/known_hosts", O_RDONLY) = 5
1521799867.600043 fstat(5, {st_mode=S_IFREG|0644, st_size=177, ...}) = 0
1521799867.600135 mmap(NULL, 4096, PROT_READ|PROT_WRITE, MAP_PRIVATE|MAP_ANONYMOUS, -1, 0) = 0x7f08fef71000
1521799867.600252 read(5, "192.168.125.180 ecdsa-sha2-nistp"..., 4096) = 177
1521799867.600400 read(5, "", 4096)     = 0
1521799867.600416 close(5)              = 0
1521799867.600430 munmap(0x7f08fef71000, 4096) = 0
1521799867.600456 open("/home/king/.ssh/known_hosts2", O_RDONLY) = -1 ENOENT (No such file or directory)
1521799867.600485 open("/etc/ssh/ssh_known_hosts", O_RDONLY) = -1 ENOENT (No such file or directory)
1521799867.600502 open("/etc/ssh/ssh_known_hosts2", O_RDONLY) = -1 ENOENT (No such file or directory)
1521799867.602894 clock_gettime(CLOCK_BOOTTIME, {33393, 811077351}) = 0
1521799867.602921 write(4, "\0\0\0\f\n\25\0\0\0\0\0\0\0\0\0\0", 16) = 16
1521799867.603060 write(4, "nmwW\265,\3_*p\v\2162\226>{|\344\32\24;\31\311\225a\270\232~M\245Y\302"..., 44) = 44
1521799867.603087 select(5, [4], NULL, NULL, NULL) = 1 (in [4])
1521799867.643392 read(4, "\336\311\222\37\270\202\342L\354\371\233K\305\f\201\326,,\214\241~\227\216T\\q\344\322\263\371\3427"..., 8192) = 44
1521799867.643427 write(4, "G\323\5\315\235\267\357\356N\244:\372\302\366\210\311\17\216K2\225gN_\254\342\26\214_\360\252\373"..., 68) = 68
1521799867.643482 select(5, [4], NULL, NULL, NULL) = 1 (in [4])
1521799867.644380 read(4, "\22C;\364U\370P\2\225\353M\226\0\0\335\370\222&\376\364+[\24\276\355Y\377A\335\314M5"..., 8192) = 84
1521799867.644433 futex(0x7f08fb017530, FUTEX_WAKE_PRIVATE, 2147483647) = 0
1521799867.644471 futex(0x7f08fb0173d0, FUTEX_WAKE_PRIVATE, 2147483647) = 0
1521799867.644504 futex(0x7f08fd5f4fa0, FUTEX_WAKE_PRIVATE, 2147483647) = 0
1521799867.644522 lstat("/etc/gss/mech", 0x7ffd3790ef80) = -1 ENOENT (No such file or directory)
1521799867.644553 openat(AT_FDCWD, "/etc/gss/mech.d", O_RDONLY|O_NONBLOCK|O_DIRECTORY|O_CLOEXEC) = 5
1521799867.644588 getdents(5, /* 3 entries */, 32768) = 88
1521799867.644613 open("/usr/lib64/gconv/gconv-modules.cache", O_RDONLY) = 6
1521799867.644632 fstat(6, {st_mode=S_IFREG|0644, st_size=26254, ...}) = 0
1521799867.644647 mmap(NULL, 26254, PROT_READ, MAP_SHARED, 6, 0) = 0x7f08fef6b000
1521799867.644666 close(6)              = 0
1521799867.644678 futex(0x7f08fcc84a80, FUTEX_WAKE_PRIVATE, 2147483647) = 0
1521799867.644701 getdents(5, /* 0 entries */, 32768) = 0
1521799867.644714 close(5)              = 0
1521799867.644728 lstat("/etc/gss/mech.d/gssproxy.conf", {st_mode=S_IFREG|0644, st_size=189, ...}) = 0
1521799867.644898 open("/etc/gss/mech.d/gssproxy.conf", O_RDONLY) = 5
1521799867.644923 fstat(5, {st_mode=S_IFREG|0644, st_size=189, ...}) = 0
1521799867.644936 mmap(NULL, 4096, PROT_READ|PROT_WRITE, MAP_PRIVATE|MAP_ANONYMOUS, -1, 0) = 0x7f08fef6a000
1521799867.644950 read(5, "# GSS-API mechanism plugins\n#\n# "..., 4096) = 189
1521799867.644980 read(5, "", 4096)     = 0
1521799867.644995 close(5)              = 0
1521799867.645009 munmap(0x7f08fef6a000, 4096) = 0
1521799867.645036 stat("/usr/lib64/gssproxy/proxymech.so", {st_mode=S_IFREG|0755, st_size=115072, ...}) = 0
1521799867.645062 futex(0x7f08fe4c60d0, FUTEX_WAKE_PRIVATE, 2147483647) = 0
1521799867.645086 open("/usr/lib64/gssproxy/proxymech.so", O_RDONLY|O_CLOEXEC) = 5
1521799867.645101 read(5, "\177ELF\2\1\1\0\0\0\0\0\0\0\0\0\3\0>\0\1\0\0\0\320x\0\0\0\0\0\0"..., 832) = 832
1521799867.645144 fstat(5, {st_mode=S_IFREG|0755, st_size=115072, ...}) = 0
1521799867.645160 mmap(NULL, 2208224, PROT_READ|PROT_EXEC, MAP_PRIVATE|MAP_DENYWRITE, 5, 0) = 0x7f08f40a6000
1521799867.645184 mprotect(0x7f08f40c1000, 2093056, PROT_NONE) = 0
1521799867.645199 mmap(0x7f08f42c0000, 8192, PROT_READ|PROT_WRITE, MAP_PRIVATE|MAP_FIXED|MAP_DENYWRITE, 5, 0x1a000) = 0x7f08f42c0000
1521799867.645224 close(5)              = 0
1521799867.645246 open("/etc/ld.so.cache", O_RDONLY|O_CLOEXEC) = 5
1521799867.645264 fstat(5, {st_mode=S_IFREG|0644, st_size=74765, ...}) = 0
1521799867.645276 mmap(NULL, 74765, PROT_READ, MAP_PRIVATE, 5, 0) = 0x7f08fef3d000
1521799867.645288 close(5)              = 0
1521799867.645307 open("/lib64/libgssrpc.so.4", O_RDONLY|O_CLOEXEC) = 5
1521799867.645327 read(5, "\177ELF\2\1\1\0\0\0\0\0\0\0\0\0\3\0>\0\1\0\0\0\340Z\0\0\0\0\0\0"..., 832) = 832
1521799867.645340 fstat(5, {st_mode=S_IFREG|0755, st_size=134368, ...}) = 0
1521799867.645353 mmap(NULL, 2227072, PROT_READ|PROT_EXEC, MAP_PRIVATE|MAP_DENYWRITE, 5, 0) = 0x7f08f3e86000
1521799867.645367 mprotect(0x7f08f3ea4000, 2097152, PROT_NONE) = 0
1521799867.645379 mmap(0x7f08f40a4000, 8192, PROT_READ|PROT_WRITE, MAP_PRIVATE|MAP_FIXED|MAP_DENYWRITE, 5, 0x1e000) = 0x7f08f40a4000
1521799867.645402 close(5)              = 0
1521799867.645559 mprotect(0x7f08f40a4000, 4096, PROT_READ) = 0
1521799867.645720 mprotect(0x7f08f42c0000, 4096, PROT_READ) = 0
1521799867.645741 munmap(0x7f08fef3d000, 74765) = 0
1521799867.645814 stat("/usr/lib64/gssproxy/proxymech.so", {st_mode=S_IFREG|0755, st_size=115072, ...}) = 0
1521799867.645900 futex(0x7f08fd3a7480, FUTEX_WAKE_PRIVATE, 2147483647) = 0
1521799867.645926 futex(0x7f08fd3a86d0, FUTEX_WAKE_PRIVATE, 2147483647) = 0
1521799867.645952 stat("/etc/krb5.conf", {st_mode=S_IFREG|0644, st_size=590, ...}) = 0
1521799867.646160 open("/etc/krb5.conf", O_RDONLY) = 5
1521799867.646180 fcntl(5, F_SETFD, FD_CLOEXEC) = 0
1521799867.646244 fstat(5, {st_mode=S_IFREG|0644, st_size=590, ...}) = 0
1521799867.646258 mmap(NULL, 4096, PROT_READ|PROT_WRITE, MAP_PRIVATE|MAP_ANONYMOUS, -1, 0) = 0x7f08fef6a000
1521799867.646272 read(5, "# Configuration snippets may be "..., 4096) = 590
1521799867.646292 openat(AT_FDCWD, "/etc/krb5.conf.d/", O_RDONLY|O_NONBLOCK|O_DIRECTORY|O_CLOEXEC) = 6
1521799867.646314 getdents(6, /* 2 entries */, 32768) = 48
1521799867.646328 getdents(6, /* 0 entries */, 32768) = 0
1521799867.646341 close(6)              = 0
1521799867.646364 read(5, "", 4096)     = 0
1521799867.646379 close(5)              = 0
1521799867.646391 munmap(0x7f08fef6a000, 4096) = 0
1521799867.646588 stat("/etc/krb5.conf", {st_mode=S_IFREG|0644, st_size=590, ...}) = 0
1521799867.646612 open("/etc/krb5.conf", O_RDONLY) = 5
1521799867.646627 fcntl(5, F_SETFD, FD_CLOEXEC) = 0
1521799867.646640 fstat(5, {st_mode=S_IFREG|0644, st_size=590, ...}) = 0
1521799867.646652 mmap(NULL, 4096, PROT_READ|PROT_WRITE, MAP_PRIVATE|MAP_ANONYMOUS, -1, 0) = 0x7f08fef6a000
1521799867.646666 read(5, "# Configuration snippets may be "..., 4096) = 590
1521799867.646682 openat(AT_FDCWD, "/etc/krb5.conf.d/", O_RDONLY|O_NONBLOCK|O_DIRECTORY|O_CLOEXEC) = 6
1521799867.646699 getdents(6, /* 2 entries */, 32768) = 48
1521799867.646712 getdents(6, /* 0 entries */, 32768) = 0
1521799867.646723 close(6)              = 0
1521799867.646742 read(5, "", 4096)     = 0
1521799867.646754 close(5)              = 0
1521799867.646765 munmap(0x7f08fef6a000, 4096) = 0
1521799867.646799 access("/etc/krb5.conf", R_OK) = 0
1521799867.646834 stat("/etc/krb5.conf", {st_mode=S_IFREG|0644, st_size=590, ...}) = 0
1521799867.646867 stat("/etc/sysconfig/64bit_strstr_via_64bit_strstr_sse2_unaligned", 0x7ffd3790e530) = -1 ENOENT (No such file or directory)
1521799867.646893 geteuid()             = 1001
1521799867.646925 open("/var/kerberos/krb5/user/1001/client.keytab", O_RDONLY) = -1 ENOENT (No such file or directory)
1521799867.647004 getuid()              = 1001
1521799867.647033 keyctl(KEYCTL_GET_PERSISTENT, 1001, KEY_SPEC_PROCESS_KEYRING) = 314351014
1521799867.647899 keyctl(KEYCTL_SEARCH, 314351014, "keyring", "_krb", KEY_SPEC_PROCESS_KEYRING) = 842596139
1521799867.647919 keyctl(KEYCTL_SEARCH, 842596139, "user", "krb_ccache:primary", 0) = 488544336
1521799867.647937 keyctl(KEYCTL_READ, 488544336, NULL, 0) = 12
1521799867.647958 keyctl(KEYCTL_READ, 488544336, "", 12) = 12
1521799867.647972 keyctl(KEYCTL_READ, 842596139, NULL, 0) = 4
1521799867.647983 keyctl(KEYCTL_READ, 842596139, "P\230\36\35", 4) = 4
1521799867.647995 keyctl(KEYCTL_SEARCH, 842596139, "keyring", "1001", 0) = -1 ENOKEY (Required key not available)
1521799867.648014 keyctl(KEYCTL_DESCRIBE, 488544336, NULL, 0) = 43
1521799867.648028 keyctl(KEYCTL_DESCRIBE, 488544336, "user;1001;1001;3f010000;krb_ccac"..., 43) = 43
1521799867.648131 stat("/etc/krb5.conf", {st_mode=S_IFREG|0644, st_size=590, ...}) = 0
1521799867.648154 open("/etc/krb5.conf", O_RDONLY) = 5
1521799867.648170 fcntl(5, F_SETFD, FD_CLOEXEC) = 0
1521799867.648183 fstat(5, {st_mode=S_IFREG|0644, st_size=590, ...}) = 0
1521799867.648195 mmap(NULL, 4096, PROT_READ|PROT_WRITE, MAP_PRIVATE|MAP_ANONYMOUS, -1, 0) = 0x7f08fef6a000
1521799867.648209 read(5, "# Configuration snippets may be "..., 4096) = 590
1521799867.648227 openat(AT_FDCWD, "/etc/krb5.conf.d/", O_RDONLY|O_NONBLOCK|O_DIRECTORY|O_CLOEXEC) = 6
1521799867.648242 getdents(6, /* 2 entries */, 32768) = 48
1521799867.648256 getdents(6, /* 0 entries */, 32768) = 0
1521799867.648267 close(6)              = 0
1521799867.648286 read(5, "", 4096)     = 0
1521799867.648298 close(5)              = 0
1521799867.648310 munmap(0x7f08fef6a000, 4096) = 0
1521799867.648353 stat("/etc/krb5.conf", {st_mode=S_IFREG|0644, st_size=590, ...}) = 0
1521799867.648374 open("/etc/krb5.conf", O_RDONLY) = 5
1521799867.648389 fcntl(5, F_SETFD, FD_CLOEXEC) = 0
1521799867.648401 fstat(5, {st_mode=S_IFREG|0644, st_size=590, ...}) = 0
1521799867.648414 mmap(NULL, 4096, PROT_READ|PROT_WRITE, MAP_PRIVATE|MAP_ANONYMOUS, -1, 0) = 0x7f08fef6a000
1521799867.648427 read(5, "# Configuration snippets may be "..., 4096) = 590
1521799867.648443 openat(AT_FDCWD, "/etc/krb5.conf.d/", O_RDONLY|O_NONBLOCK|O_DIRECTORY|O_CLOEXEC) = 6
1521799867.648457 getdents(6, /* 2 entries */, 32768) = 48
1521799867.648470 getdents(6, /* 0 entries */, 32768) = 0
1521799867.648481 close(6)              = 0
1521799867.648500 read(5, "", 4096)     = 0
1521799867.648512 close(5)              = 0
1521799867.648523 munmap(0x7f08fef6a000, 4096) = 0
1521799867.648558 stat("/etc/krb5.conf", {st_mode=S_IFREG|0644, st_size=590, ...}) = 0
1521799867.648578 open("/etc/krb5.conf", O_RDONLY) = 5
1521799867.648592 fcntl(5, F_SETFD, FD_CLOEXEC) = 0
1521799867.648604 fstat(5, {st_mode=S_IFREG|0644, st_size=590, ...}) = 0
1521799867.648616 mmap(NULL, 4096, PROT_READ|PROT_WRITE, MAP_PRIVATE|MAP_ANONYMOUS, -1, 0) = 0x7f08fef6a000
1521799867.648629 read(5, "# Configuration snippets may be "..., 4096) = 590
1521799867.648645 openat(AT_FDCWD, "/etc/krb5.conf.d/", O_RDONLY|O_NONBLOCK|O_DIRECTORY|O_CLOEXEC) = 6
1521799867.648660 getdents(6, /* 2 entries */, 32768) = 48
1521799867.648672 getdents(6, /* 0 entries */, 32768) = 0
1521799867.648683 close(6)              = 0
1521799867.648701 read(5, "", 4096)     = 0
1521799867.648713 close(5)              = 0
1521799867.648724 munmap(0x7f08fef6a000, 4096) = 0
1521799867.648750 access("/etc/krb5.conf", R_OK) = 0
1521799867.648767 stat("/etc/krb5.conf", {st_mode=S_IFREG|0644, st_size=590, ...}) = 0
1521799867.648787 geteuid()             = 1001
1521799867.648818 open("/var/kerberos/krb5/user/1001/client.keytab", O_RDONLY) = -1 ENOENT (No such file or directory)
1521799867.648847 getuid()              = 1001
1521799867.648862 keyctl(KEYCTL_GET_PERSISTENT, 1001, KEY_SPEC_PROCESS_KEYRING) = 314351014
1521799867.648877 keyctl(KEYCTL_SEARCH, 314351014, "keyring", "_krb", KEY_SPEC_PROCESS_KEYRING) = 842596139
1521799867.648892 keyctl(KEYCTL_SEARCH, 842596139, "user", "krb_ccache:primary", 0) = 488544336
1521799867.648906 keyctl(KEYCTL_READ, 488544336, NULL, 0) = 12
1521799867.648917 keyctl(KEYCTL_READ, 488544336, "", 12) = 12
1521799867.648930 keyctl(KEYCTL_READ, 842596139, NULL, 0) = 4
1521799867.648941 keyctl(KEYCTL_READ, 842596139, "P\230\36\35", 4) = 4
1521799867.648952 keyctl(KEYCTL_SEARCH, 842596139, "keyring", "1001", 0) = -1 ENOKEY (Required key not available)
1521799867.648970 keyctl(KEYCTL_DESCRIBE, 488544336, NULL, 0) = 43
1521799867.648983 keyctl(KEYCTL_DESCRIBE, 488544336, "user;1001;1001;3f010000;krb_ccac"..., 43) = 43
1521799867.649006 access("/etc/krb5.conf", R_OK) = 0
1521799867.649021 stat("/etc/krb5.conf", {st_mode=S_IFREG|0644, st_size=590, ...}) = 0
1521799867.649093 stat("/etc/krb5.conf", {st_mode=S_IFREG|0644, st_size=590, ...}) = 0
1521799867.649116 open("/etc/krb5.conf", O_RDONLY) = 5
1521799867.649130 fcntl(5, F_SETFD, FD_CLOEXEC) = 0
1521799867.649143 fstat(5, {st_mode=S_IFREG|0644, st_size=590, ...}) = 0
1521799867.649155 mmap(NULL, 4096, PROT_READ|PROT_WRITE, MAP_PRIVATE|MAP_ANONYMOUS, -1, 0) = 0x7f08fef6a000
1521799867.649169 read(5, "# Configuration snippets may be "..., 4096) = 590
1521799867.649186 openat(AT_FDCWD, "/etc/krb5.conf.d/", O_RDONLY|O_NONBLOCK|O_DIRECTORY|O_CLOEXEC) = 6
1521799867.649201 getdents(6, /* 2 entries */, 32768) = 48
1521799867.649214 getdents(6, /* 0 entries */, 32768) = 0
1521799867.649225 close(6)              = 0
1521799867.649243 read(5, "", 4096)     = 0
1521799867.649255 close(5)              = 0
1521799867.649267 munmap(0x7f08fef6a000, 4096) = 0
1521799867.649300 stat("/home/king/.ssh/id_rsa", 0x7ffd3790f000) = -1 ENOENT (No such file or directory)
1521799867.649324 stat("/home/king/.ssh/id_dsa", 0x7ffd3790f000) = -1 ENOENT (No such file or directory)
1521799867.649338 stat("/home/king/.ssh/id_ecdsa", 0x7ffd3790f000) = -1 ENOENT (No such file or directory)
1521799867.649351 stat("/home/king/.ssh/id_ed25519", 0x7ffd3790f000) = -1 ENOENT (No such file or directory)
1521799867.649371 open("/dev/tty", O_RDWR) = 5
1521799867.649391 close(5)              = 0
1521799867.649403 open("/dev/tty", O_RDWR) = 5
1521799867.649416 ioctl(5, TCGETS, {B38400 opost isig icanon echo ...}) = 0
1521799867.649524 ioctl(5, SNDCTL_TMR_CONTINUE or TCSETSF, {B38400 opost isig icanon -echo ...}) = 0
1521799867.649540 rt_sigaction(SIGALRM, {0x55c62ea1d5b0, [], SA_RESTORER, 0x7f08fc8fc270}, {SIG_DFL, [], 0}, 8) = 0
1521799867.649584 rt_sigaction(SIGHUP, {0x55c62ea1d5b0, [], SA_RESTORER, 0x7f08fc8fc270}, {SIG_DFL, [], 0}, 8) = 0
1521799867.649596 rt_sigaction(SIGINT, {0x55c62ea1d5b0, [], SA_RESTORER, 0x7f08fc8fc270}, {SIG_DFL, [], 0}, 8) = 0
1521799867.649608 rt_sigaction(SIGPIPE, {0x55c62ea1d5b0, [], SA_RESTORER, 0x7f08fc8fc270}, {SIG_IGN, [], SA_RESTORER, 0x7f08fc8fc270}, 8) = 0
1521799867.649620 rt_sigaction(SIGQUIT, {0x55c62ea1d5b0, [], SA_RESTORER, 0x7f08fc8fc270}, {SIG_DFL, [], 0}, 8) = 0
1521799867.649633 rt_sigaction(SIGTERM, {0x55c62ea1d5b0, [], SA_RESTORER, 0x7f08fc8fc270}, {SIG_DFL, [], 0}, 8) = 0
1521799867.649645 rt_sigaction(SIGTSTP, {0x55c62ea1d5b0, [], SA_RESTORER, 0x7f08fc8fc270}, {SIG_DFL, [], 0}, 8) = 0
1521799867.649657 rt_sigaction(SIGTTIN, {0x55c62ea1d5b0, [], SA_RESTORER, 0x7f08fc8fc270}, {SIG_DFL, [], 0}, 8) = 0
1521799867.649669 rt_sigaction(SIGTTOU, {0x55c62ea1d5b0, [], SA_RESTORER, 0x7f08fc8fc270}, {SIG_DFL, [], 0}, 8) = 0
1521799867.649681 write(5, "jacob@192.168.125.180's password"..., 34) = 34
1521799867.649716 read(5, "b", 1)       = 1
1521799867.649825 read(5, "b", 1)       = 1
1521799867.649842 read(5, "c", 1)       = 1
1521799867.649854 read(5, "0", 1)       = 1
1521799867.649866 read(5, "0", 1)       = 1
1521799867.649877 read(5, "0", 1)       = 1
1521799867.649889 read(5, "7", 1)       = 1
1521799867.649901 read(5, "3", 1)       = 1
1521799867.649912 read(5, "1", 1)       = 1
1521799867.649924 read(5, "\n", 1)      = 1
1521799867.649936 write(5, "\n", 1)     = 1
1521799867.649975 ioctl(5, SNDCTL_TMR_CONTINUE or TCSETSF, {B38400 opost isig icanon echo ...}) = 0
1521799867.649992 rt_sigaction(SIGALRM, {SIG_DFL, [], SA_RESTORER, 0x7f08fc8fc270}, NULL, 8) = 0
1521799867.650005 rt_sigaction(SIGHUP, {SIG_DFL, [], SA_RESTORER, 0x7f08fc8fc270}, NULL, 8) = 0
1521799867.650016 rt_sigaction(SIGINT, {SIG_DFL, [], SA_RESTORER, 0x7f08fc8fc270}, NULL, 8) = 0
1521799867.650028 rt_sigaction(SIGQUIT, {SIG_DFL, [], SA_RESTORER, 0x7f08fc8fc270}, NULL, 8) = 0
1521799867.650039 rt_sigaction(SIGPIPE, {SIG_IGN, [], SA_RESTORER, 0x7f08fc8fc270}, NULL, 8) = 0
1521799867.650056 rt_sigaction(SIGTERM, {SIG_DFL, [], SA_RESTORER, 0x7f08fc8fc270}, NULL, 8) = 0
1521799867.650068 rt_sigaction(SIGTSTP, {SIG_DFL, [], SA_RESTORER, 0x7f08fc8fc270}, NULL, 8) = 0
1521799867.650079 rt_sigaction(SIGTTIN, {SIG_DFL, [], SA_RESTORER, 0x7f08fc8fc270}, NULL, 8) = 0
1521799867.650090 rt_sigaction(SIGTTOU, {SIG_DFL, [], SA_RESTORER, 0x7f08fc8fc270}, NULL, 8) = 0
1521799867.650102 close(5)              = 0
1521799867.650123 write(4, "\274k\372L\266>\305\r\371\207\325Tb,\360\226F\300\305\6\312\3034\33C`\271\3070\233\236\206"..., 148) = 148
1521799867.650196 select(5, [4], NULL, NULL, NULL) = 1 (in [4])
1521799867.664076 read(4, "\275.\21\23K\200>A;l\364~\336=\205\215_\17\341\361\332\322\0\317&\213V\17", 8192) = 28
1521799867.664167 dup(0)                = 5
1521799867.664183 dup(1)                = 6
1521799867.664193 dup(2)                = 7
1521799867.664203 ioctl(5, TCGETS, {B38400 opost isig icanon echo ...}) = 0
1521799867.664223 ioctl(6, TCGETS, {B38400 opost isig icanon echo ...}) = 0
1521799867.664234 ioctl(7, TCGETS, {B38400 opost isig icanon echo ...}) = 0
1521799867.664251 fcntl(5, F_SETFD, FD_CLOEXEC) = 0
1521799867.664264 fcntl(6, F_SETFD, FD_CLOEXEC) = 0
1521799867.664275 fcntl(7, F_SETFD, FD_CLOEXEC) = 0
1521799867.664299 rt_sigaction(SIGHUP, NULL, {SIG_DFL, [], SA_RESTORER, 0x7f08fc8fc270}, 8) = 0
1521799867.664315 rt_sigaction(SIGHUP, {SIG_IGN, [], SA_RESTORER, 0x7f08fc8fc270}, NULL, 8) = 0
1521799867.664327 rt_sigaction(SIGHUP, NULL, {SIG_IGN, [], SA_RESTORER, 0x7f08fc8fc270}, 8) = 0
1521799867.664338 rt_sigaction(SIGHUP, {0x55c62e9c01a0, [], SA_RESTORER, 0x7f08fc8fc270}, NULL, 8) = 0
1521799867.664349 rt_sigaction(SIGINT, NULL, {SIG_DFL, [], SA_RESTORER, 0x7f08fc8fc270}, 8) = 0
1521799867.664360 rt_sigaction(SIGINT, {SIG_IGN, [], SA_RESTORER, 0x7f08fc8fc270}, NULL, 8) = 0
1521799867.664371 rt_sigaction(SIGINT, NULL, {SIG_IGN, [], SA_RESTORER, 0x7f08fc8fc270}, 8) = 0
1521799867.664382 rt_sigaction(SIGINT, {0x55c62e9c01a0, [], SA_RESTORER, 0x7f08fc8fc270}, NULL, 8) = 0
1521799867.664394 rt_sigaction(SIGQUIT, NULL, {SIG_DFL, [], SA_RESTORER, 0x7f08fc8fc270}, 8) = 0
1521799867.664405 rt_sigaction(SIGQUIT, {SIG_IGN, [], SA_RESTORER, 0x7f08fc8fc270}, NULL, 8) = 0
1521799867.664416 rt_sigaction(SIGQUIT, NULL, {SIG_IGN, [], SA_RESTORER, 0x7f08fc8fc270}, 8) = 0
1521799867.664427 rt_sigaction(SIGQUIT, {0x55c62e9c01a0, [], SA_RESTORER, 0x7f08fc8fc270}, NULL, 8) = 0
1521799867.664439 rt_sigaction(SIGTERM, NULL, {SIG_DFL, [], SA_RESTORER, 0x7f08fc8fc270}, 8) = 0
1521799867.664450 rt_sigaction(SIGTERM, {SIG_IGN, [], SA_RESTORER, 0x7f08fc8fc270}, NULL, 8) = 0
1521799867.664461 rt_sigaction(SIGTERM, NULL, {SIG_IGN, [], SA_RESTORER, 0x7f08fc8fc270}, 8) = 0
1521799867.664473 rt_sigaction(SIGTERM, {0x55c62e9c01a0, [], SA_RESTORER, 0x7f08fc8fc270}, NULL, 8) = 0
1521799867.664484 rt_sigaction(SIGWINCH, NULL, {SIG_DFL, [], 0}, 8) = 0
1521799867.664495 rt_sigaction(SIGWINCH, {0x55c62e9c0430, [], SA_RESTORER, 0x7f08fc8fc270}, NULL, 8) = 0
1521799867.664507 ioctl(0, TCGETS, {B38400 opost isig icanon echo ...}) = 0
1521799867.664520 ioctl(0, SNDCTL_TMR_STOP or TCSETSW, {B38400 -opost -isig -icanon -echo ...}) = 0
1521799867.664536 clock_gettime(CLOCK_BOOTTIME, {33393, 872712331}) = 0
1521799867.664550 clock_gettime(CLOCK_BOOTTIME, {33393, 872725100}) = 0
1521799867.664562 select(8, [4], [4], NULL, NULL) = 1 (out [4])
1521799867.664579 clock_gettime(CLOCK_BOOTTIME, {33393, 872754232}) = 0
1521799867.664591 write(4, "E*\340\220\226\236i\23\n\231w=U\3336\271}\n\275\241Z\260\211/X\230tV\312\260!\1"..., 112) = 112
1521799867.664659 clock_gettime(CLOCK_BOOTTIME, {33393, 872834655}) = 0
1521799867.664672 clock_gettime(CLOCK_BOOTTIME, {33393, 872847348}) = 0
1521799867.664684 select(8, [4], [], NULL, NULL) = 1 (in [4])
1521799867.817450 clock_gettime(CLOCK_BOOTTIME, {33394, 25629808}) = 0
1521799867.817472 read(4, "\376e\200\227\223J\373>q\205\243\342\3208\24\177B\277e\fX\206\f:\360U\326\235 f\364P"..., 8192) = 500
1521799867.817517 clock_gettime(CLOCK_BOOTTIME, {33394, 25692788}) = 0
1521799867.817530 clock_gettime(CLOCK_BOOTTIME, {33394, 25716221}) = 0
1521799867.817554 select(8, [4], [], NULL, NULL) = 1 (in [4])
1521799867.857746 clock_gettime(CLOCK_BOOTTIME, {33394, 65923829}) = 0
1521799867.857764 read(4, "d\24\325t\3223\255\247,\241\300\271\234s\257-.\252\257\207#\22\324G\347\365U\232C!\324u"..., 8192) = 44
1521799867.857793 getsockopt(4, SOL_TCP, TCP_NODELAY, [0], [4]) = 0
1521799867.857816 setsockopt(4, SOL_TCP, TCP_NODELAY, [1], 4) = 0
1521799867.857829 getsockname(4, {sa_family=AF_INET, sin_port=htons(43172), sin_addr=inet_addr("192.168.125.181")}, [16]) = 0
1521799867.857856 setsockopt(4, SOL_IP, IP_TOS, [16], 4) = 0
1521799867.857869 ioctl(0, TIOCGWINSZ, {ws_row=54, ws_col=270, ws_xpixel=0, ws_ypixel=0}) = 0
1521799867.857918 clock_gettime(CLOCK_BOOTTIME, {33394, 66094326}) = 0
1521799867.857932 clock_gettime(CLOCK_BOOTTIME, {33394, 66106397}) = 0
1521799867.857943 select(8, [4], [4], NULL, NULL) = 1 (out [4])
1521799867.857960 clock_gettime(CLOCK_BOOTTIME, {33394, 66134656}) = 0
1521799867.857974 write(4, "\214^\253k-\312\342\222\354F\\\211\17\270`d\266\334!\337\221\221\200\30$\24\254\213\246\225\256\23"..., 504) = 504
1521799867.858044 clock_gettime(CLOCK_BOOTTIME, {33394, 66219126}) = 0
1521799867.858057 clock_gettime(CLOCK_BOOTTIME, {33394, 66231616}) = 0
1521799867.858068 select(8, [4], [], NULL, NULL) = 1 (in [4])
1521799867.863774 clock_gettime(CLOCK_BOOTTIME, {33394, 71951315}) = 0
1521799867.863791 read(4, "U\225@\212\234odMU\1 \333\223=Sk\307\371\220\314\251r\24\255\341\210n\250\361\276\202\30"..., 8192) = 108
1521799867.863822 clock_gettime(CLOCK_BOOTTIME, {33394, 71998338}) = 0
1521799867.863835 clock_gettime(CLOCK_BOOTTIME, {33394, 72010011}) = 0
1521799867.863847 select(8, [4 5], [], NULL, NULL) = 1 (in [4])
1521799867.865580 clock_gettime(CLOCK_BOOTTIME, {33394, 73756739}) = 0
1521799867.865595 read(4, "\361\\C`I\23\360~\350\242\231\257\222\177\2147\257\232\370\337:\3424+\301*\25\5\16\266\277\215"..., 8192) = 100
1521799867.865660 clock_gettime(CLOCK_BOOTTIME, {33394, 73835835}) = 0
1521799867.865673 clock_gettime(CLOCK_BOOTTIME, {33394, 73847520}) = 0
1521799867.865684 select(8, [4 5], [6], NULL, NULL) = 1 (out [6])
1521799867.865703 clock_gettime(CLOCK_BOOTTIME, {33394, 73878111}) = 0
1521799867.865715 write(6, "Last login: Fri Mar 23 17:43:05 "..., 60) = 60
1521799867.865825 clock_gettime(CLOCK_BOOTTIME, {33394, 74001014}) = 0
1521799867.865839 clock_gettime(CLOCK_BOOTTIME, {33394, 74013999}) = 0
1521799867.865851 select(8, [4 5], [], NULL, NULL) = 1 (in [4])
1521799867.969684 clock_gettime(CLOCK_BOOTTIME, {33394, 177861916}) = 0
1521799867.969703 read(4, "\266\233%\215QS\213K22\333\212+[\335\nc\266\5\326.\34\365\265\232Ji\364\300\21\266\5"..., 8192) = 84
1521799867.969733 clock_gettime(CLOCK_BOOTTIME, {33394, 177908443}) = 0
1521799867.969745 clock_gettime(CLOCK_BOOTTIME, {33394, 177920066}) = 0
1521799867.969757 select(8, [4 5], [6], NULL, NULL) = 1 (out [6])
1521799867.969777 clock_gettime(CLOCK_BOOTTIME, {33394, 177951597}) = 0
1521799867.969788 write(6, "\33]0;jacob@study:~\7\33[?1034h[jacob"..., 43) = 43
1521799867.969926 clock_gettime(CLOCK_BOOTTIME, {33394, 178101850}) = 0
1521799867.969940 clock_gettime(CLOCK_BOOTTIME, {33394, 178114791}) = 0
1521799867.969952 select(8, [4 5], [], NULL, NULL) = 1 (in [5])
1521799870.067658 clock_gettime(CLOCK_BOOTTIME, {33396, 275840378}) = 0
1521799870.067681 read(5, "l", 16384)   = 1
1521799870.067713 clock_gettime(CLOCK_BOOTTIME, {33396, 275889036}) = 0
1521799870.067726 clock_gettime(CLOCK_BOOTTIME, {33396, 275901301}) = 0
1521799870.067739 select(8, [4 5], [4], NULL, NULL) = 1 (out [4])
1521799870.067757 clock_gettime(CLOCK_BOOTTIME, {33396, 275931765}) = 0
1521799870.067769 write(4, "\330t$\204e\266\7\201\231\345\363\360\327\235\317\357\376\24\205\360\305\271\5\35\363x\336\220{\315\236\272"..., 36) = 36
1521799870.067839 clock_gettime(CLOCK_BOOTTIME, {33396, 276015185}) = 0
1521799870.067853 clock_gettime(CLOCK_BOOTTIME, {33396, 276028057}) = 0
1521799870.067865 select(8, [4 5], [], NULL, NULL) = 1 (in [4])
1521799870.068398 clock_gettime(CLOCK_BOOTTIME, {33396, 276585161}) = 0
1521799870.068424 read(4, "U-T\302\1I\211\371\320e_\17\364c-G\324\340X\266\207\351\34\327\n\373\"o\17\266\272\303"..., 8192) = 36
1521799870.068445 clock_gettime(CLOCK_BOOTTIME, {33396, 276620324}) = 0
1521799870.068457 clock_gettime(CLOCK_BOOTTIME, {33396, 276631937}) = 0
1521799870.068469 select(8, [4 5], [6], NULL, NULL) = 1 (out [6])
1521799870.068486 clock_gettime(CLOCK_BOOTTIME, {33396, 276661035}) = 0
1521799870.068498 write(6, "l", 1)      = 1
1521799870.068513 clock_gettime(CLOCK_BOOTTIME, {33396, 276688625}) = 0
1521799870.068525 clock_gettime(CLOCK_BOOTTIME, {33396, 276700057}) = 0
1521799870.068537 select(8, [4 5], [], NULL, NULL) = 1 (in [5])
1521799870.211537 clock_gettime(CLOCK_BOOTTIME, {33396, 419714518}) = 0
1521799870.211555 read(5, "l", 16384)   = 1
1521799870.211583 clock_gettime(CLOCK_BOOTTIME, {33396, 419758801}) = 0
1521799870.211596 clock_gettime(CLOCK_BOOTTIME, {33396, 419770564}) = 0
1521799870.211608 select(8, [4 5], [4], NULL, NULL) = 1 (out [4])
1521799870.211625 clock_gettime(CLOCK_BOOTTIME, {33396, 419800357}) = 0
1521799870.211637 write(4, "\255%\350\275\305:\333\20\320\267/\313\240\246\255\201\36W\2752\20f\10\255k\311\235\354\21\6\22\335"..., 36) = 36
1521799870.211709 clock_gettime(CLOCK_BOOTTIME, {33396, 419884258}) = 0
1521799870.211722 clock_gettime(CLOCK_BOOTTIME, {33396, 419896936}) = 0
1521799870.211734 select(8, [4 5], [], NULL, NULL) = 1 (in [4])
1521799870.212041 clock_gettime(CLOCK_BOOTTIME, {33396, 420217606}) = 0
1521799870.212056 read(4, "f\210\7\254_\r\366~\221\370\333\336x\205%\2705\302q!\301\342\245\317J\222\323u\331\304}Y"..., 8192) = 36
1521799870.212076 clock_gettime(CLOCK_BOOTTIME, {33396, 420252013}) = 0
1521799870.212089 clock_gettime(CLOCK_BOOTTIME, {33396, 420263547}) = 0
1521799870.212100 select(8, [4 5], [6], NULL, NULL) = 1 (out [6])
1521799870.212118 clock_gettime(CLOCK_BOOTTIME, {33396, 420292615}) = 0
1521799870.212129 write(6, "l", 1)      = 1
1521799870.212145 clock_gettime(CLOCK_BOOTTIME, {33396, 420320068}) = 0
1521799870.212157 clock_gettime(CLOCK_BOOTTIME, {33396, 420331550}) = 0
1521799870.212168 select(8, [4 5], [], NULL, NULL) = 1 (in [5])
1521799870.467650 clock_gettime(CLOCK_BOOTTIME, {33396, 675826612}) = 0
1521799870.467667 read(5, "\r", 16384)  = 1
1521799870.467697 clock_gettime(CLOCK_BOOTTIME, {33396, 675872754}) = 0
1521799870.467710 clock_gettime(CLOCK_BOOTTIME, {33396, 675884589}) = 0
1521799870.467722 select(8, [4 5], [4], NULL, NULL) = 1 (out [4])
1521799870.467740 clock_gettime(CLOCK_BOOTTIME, {33396, 675915004}) = 0
1521799870.467752 write(4, "\335b\3\223Y\232\202H\330\206\360\356\26=\332\34\2\365\237\362#\370\325?L\26`\4\304\363\355\253"..., 36) = 36
1521799870.467837 clock_gettime(CLOCK_BOOTTIME, {33396, 676012292}) = 0
1521799870.467850 clock_gettime(CLOCK_BOOTTIME, {33396, 676025296}) = 0
1521799870.467862 select(8, [4 5], [], NULL, NULL) = 1 (in [4])
1521799870.469128 clock_gettime(CLOCK_BOOTTIME, {33396, 677305008}) = 0
1521799870.469144 read(4, "v\254\263\21\257=\374\5\375\252#\326\336\30j\333\206\267C\212\25\230\220\375\233S{\304-G\353\212"..., 8192) = 36
1521799870.469165 clock_gettime(CLOCK_BOOTTIME, {33396, 677340556}) = 0
1521799870.469177 clock_gettime(CLOCK_BOOTTIME, {33396, 677352009}) = 0
1521799870.469189 select(8, [4 5], [6], NULL, NULL) = 1 (out [6])
1521799870.469206 clock_gettime(CLOCK_BOOTTIME, {33396, 677380956}) = 0
1521799870.469218 write(6, "\r\n", 2)   = 2
1521799870.469234 clock_gettime(CLOCK_BOOTTIME, {33396, 677409006}) = 0
1521799870.469246 clock_gettime(CLOCK_BOOTTIME, {33396, 677420519}) = 0
1521799870.469257 select(8, [4 5], [], NULL, NULL) = 1 (in [4])
1521799870.472558 clock_gettime(CLOCK_BOOTTIME, {33396, 680735752}) = 0
1521799870.472576 read(4, "\216\337\340\366\323=\253\206\336\2228\375\212\34\v\275n#\201\253\1\354wO\364\251<\231\341\35)\36"..., 8192) = 596
1521799870.472608 clock_gettime(CLOCK_BOOTTIME, {33396, 680783410}) = 0
1521799870.472620 clock_gettime(CLOCK_BOOTTIME, {33396, 680795364}) = 0
1521799870.472633 select(8, [4 5], [6], NULL, NULL) = 1 (out [6])
1521799870.472663 clock_gettime(CLOCK_BOOTTIME, {33396, 680838147}) = 0
1521799870.472675 write(6, "total 0\r\ndrwxrwxr-x. 2 jacob jac"..., 559) = 559
1521799870.472695 clock_gettime(CLOCK_BOOTTIME, {33396, 680869752}) = 0
1521799870.472706 clock_gettime(CLOCK_BOOTTIME, {33396, 680881142}) = 0
1521799870.472718 select(8, [4 5], [], NULL, NULL) = 1 (in [4])
1521799870.472915 clock_gettime(CLOCK_BOOTTIME, {33396, 681090062}) = 0
1521799870.472928 read(4, "9\230x\20\201\2758\363\274\t\3513=\330t/JZgb*\351\204\f\263\255\273\227is\307\207"..., 8192) = 76
1521799870.472947 clock_gettime(CLOCK_BOOTTIME, {33396, 681122263}) = 0
1521799870.472959 clock_gettime(CLOCK_BOOTTIME, {33396, 681133645}) = 0
1521799870.472970 select(8, [4 5], [6], NULL, NULL) = 1 (out [6])
1521799870.472986 clock_gettime(CLOCK_BOOTTIME, {33396, 681161470}) = 0
1521799870.472998 write(6, "\33]0;jacob@study:~\7[jacob@study ~"..., 35) = 35
1521799870.473013 clock_gettime(CLOCK_BOOTTIME, {33396, 681188284}) = 0
1521799870.473025 clock_gettime(CLOCK_BOOTTIME, {33396, 681199594}) = 0
1521799870.473036 select(8, [4 5], [], NULL, NULL) = 1 (in [5])
1521799870.931477 clock_gettime(CLOCK_BOOTTIME, {33397, 139654074}) = 0
1521799870.931495 read(5, "l", 16384)   = 1
1521799870.931522 clock_gettime(CLOCK_BOOTTIME, {33397, 139698448}) = 0
1521799870.931535 clock_gettime(CLOCK_BOOTTIME, {33397, 139710215}) = 0
1521799870.931547 select(8, [4 5], [4], NULL, NULL) = 1 (out [4])
1521799870.931565 clock_gettime(CLOCK_BOOTTIME, {33397, 139740004}) = 0
1521799870.931577 write(4, "zU\275/m\325\fh\224\2\252\343\376\22$\277\vtRS\22^\254\272M~S\331\207qc\217"..., 36) = 36
1521799870.931648 clock_gettime(CLOCK_BOOTTIME, {33397, 139823344}) = 0
1521799870.931661 clock_gettime(CLOCK_BOOTTIME, {33397, 139836204}) = 0
1521799870.931673 select(8, [4 5], [], NULL, NULL) = 1 (in [4])
1521799870.931986 clock_gettime(CLOCK_BOOTTIME, {33397, 140162379}) = 0
1521799870.932001 read(4, "\222\346\361\312\301\216\355\31\244\243>9\20h\325\321/\17\315\263\23\306\31\340\24+\330k\277\27\5\30"..., 8192) = 36
1521799870.932021 clock_gettime(CLOCK_BOOTTIME, {33397, 140196548}) = 0
1521799870.932033 clock_gettime(CLOCK_BOOTTIME, {33397, 140207984}) = 0
1521799870.932045 select(8, [4 5], [6], NULL, NULL) = 1 (out [6])
1521799870.932062 clock_gettime(CLOCK_BOOTTIME, {33397, 140236744}) = 0
1521799870.932073 write(6, "l", 1)      = 1
1521799870.932089 clock_gettime(CLOCK_BOOTTIME, {33397, 140264027}) = 0
1521799870.932101 clock_gettime(CLOCK_BOOTTIME, {33397, 140275405}) = 0
1521799870.932112 select(8, [4 5], [], NULL, NULL) = 1 (in [5])
1521799871.083534 clock_gettime(CLOCK_BOOTTIME, {33397, 291712028}) = 0
1521799871.083553 read(5, "l", 16384)   = 1
1521799871.083580 clock_gettime(CLOCK_BOOTTIME, {33397, 291755597}) = 0
1521799871.083593 clock_gettime(CLOCK_BOOTTIME, {33397, 291767468}) = 0
1521799871.083605 select(8, [4 5], [4], NULL, NULL) = 1 (out [4])
1521799871.083623 clock_gettime(CLOCK_BOOTTIME, {33397, 291797706}) = 0
1521799871.083635 write(4, "Hn\214\253ZLR\\\254\335\221zR\34\334c\265?\246\305P\re\245\206!_\232\367x\35\305"..., 36) = 36
1521799871.083705 clock_gettime(CLOCK_BOOTTIME, {33397, 291881226}) = 0
1521799871.083719 clock_gettime(CLOCK_BOOTTIME, {33397, 291894144}) = 0
1521799871.083731 select(8, [4 5], [], NULL, NULL) = 1 (in [4])
1521799871.084180 clock_gettime(CLOCK_BOOTTIME, {33397, 292356090}) = 0
1521799871.084195 read(4, "\"\3\375\307\32\276 D\241\362\215\210\350\255b\261Z\323\37\367\4\323\177+d\215T\260\312\327\273\10"..., 8192) = 36
1521799871.084216 clock_gettime(CLOCK_BOOTTIME, {33397, 292391590}) = 0
1521799871.084228 clock_gettime(CLOCK_BOOTTIME, {33397, 292403314}) = 0
1521799871.084240 select(8, [4 5], [6], NULL, NULL) = 1 (out [6])
1521799871.084258 clock_gettime(CLOCK_BOOTTIME, {33397, 292432702}) = 0
1521799871.084270 write(6, "l", 1)      = 1
1521799871.084285 clock_gettime(CLOCK_BOOTTIME, {33397, 292460715}) = 0
1521799871.084297 clock_gettime(CLOCK_BOOTTIME, {33397, 292472191}) = 0
1521799871.084309 select(8, [4 5], [], NULL, NULL) = 1 (in [5])
1521799871.332852 clock_gettime(CLOCK_BOOTTIME, {33397, 541029446}) = 0
1521799871.332870 read(5, "\r", 16384)  = 1
1521799871.333161 clock_gettime(CLOCK_BOOTTIME, {33397, 541336872}) = 0
1521799871.333174 clock_gettime(CLOCK_BOOTTIME, {33397, 541349082}) = 0
1521799871.333186 select(8, [4 5], [4], NULL, NULL) = 1 (out [4])
1521799871.333205 clock_gettime(CLOCK_BOOTTIME, {33397, 541380194}) = 0
1521799871.333217 write(4, "\300\2636\211\2\336\3267d\304\20\3109E.\221&\233^\2w\362\32Ha\212\315\256\255\362}\367"..., 36) = 36
1521799871.333291 clock_gettime(CLOCK_BOOTTIME, {33397, 541466526}) = 0
1521799871.333305 clock_gettime(CLOCK_BOOTTIME, {33397, 541479413}) = 0
1521799871.333316 select(8, [4 5], [], NULL, NULL) = 1 (in [4])
1521799871.333872 clock_gettime(CLOCK_BOOTTIME, {33397, 542048155}) = 0
1521799871.333887 read(4, "\207b\311\351\364e\235\264,\5y3K\357F\250\30\350\331\307\223)\16#\321\307hl\300u&\333"..., 8192) = 36
1521799871.333927 clock_gettime(CLOCK_BOOTTIME, {33397, 542103078}) = 0
1521799871.333941 clock_gettime(CLOCK_BOOTTIME, {33397, 542115699}) = 0
1521799871.333953 select(8, [4 5], [6], NULL, NULL) = 1 (out [6])
1521799871.333972 clock_gettime(CLOCK_BOOTTIME, {33397, 542147166}) = 0
1521799871.333984 write(6, "\r\n", 2)   = 2
1521799871.334078 clock_gettime(CLOCK_BOOTTIME, {33397, 542253434}) = 0
1521799871.334091 clock_gettime(CLOCK_BOOTTIME, {33397, 542266377}) = 0
1521799871.334103 select(8, [4 5], [], NULL, NULL) = 1 (in [4])
1521799871.335981 clock_gettime(CLOCK_BOOTTIME, {33397, 544158764}) = 0
1521799871.335999 read(4, "O\333e\0000#\254\r\3366\332\26w\20\252u\371[u\241\326b\361\327\230M\31\314W\325K\333"..., 8192) = 596
1521799871.336027 clock_gettime(CLOCK_BOOTTIME, {33397, 544202846}) = 0
1521799871.336040 clock_gettime(CLOCK_BOOTTIME, {33397, 544214532}) = 0
1521799871.336052 select(8, [4 5], [6], NULL, NULL) = 1 (out [6])
1521799871.336070 clock_gettime(CLOCK_BOOTTIME, {33397, 544244580}) = 0
1521799871.336081 write(6, "total 0\r\ndrwxrwxr-x. 2 jacob jac"..., 559) = 559
1521799871.336228 clock_gettime(CLOCK_BOOTTIME, {33397, 544404130}) = 0
1521799871.336242 clock_gettime(CLOCK_BOOTTIME, {33397, 544417229}) = 0
1521799871.336254 select(8, [4 5], [], NULL, NULL) = 1 (in [4])
1521799871.336270 clock_gettime(CLOCK_BOOTTIME, {33397, 544444947}) = 0
1521799871.336282 read(4, "\241\254!K\310\21k\213ZB\214\265\206,\355\2268S\240\225q\241\0254\nW\3118\334E\251H"..., 8192) = 76
1521799871.336300 clock_gettime(CLOCK_BOOTTIME, {33397, 544475282}) = 0
1521799871.336312 clock_gettime(CLOCK_BOOTTIME, {33397, 544486649}) = 0
1521799871.336323 select(8, [4 5], [6], NULL, NULL) = 1 (out [6])
1521799871.336339 clock_gettime(CLOCK_BOOTTIME, {33397, 544513658}) = 0
1521799871.336350 write(6, "\33]0;jacob@study:~\7[jacob@study ~"..., 35) = 35
1521799871.336421 clock_gettime(CLOCK_BOOTTIME, {33397, 544596712}) = 0
1521799871.336435 clock_gettime(CLOCK_BOOTTIME, {33397, 544609505}) = 0
1521799871.336446 select(8, [4 5], [], NULL, NULL) = 1 (in [5])
1521799871.987585 clock_gettime(CLOCK_BOOTTIME, {33398, 195764454}) = 0
1521799871.987606 read(5, "l", 16384)   = 1
1521799871.987633 clock_gettime(CLOCK_BOOTTIME, {33398, 195809098}) = 0
1521799871.987646 clock_gettime(CLOCK_BOOTTIME, {33398, 195820872}) = 0
1521799871.987658 select(8, [4 5], [4], NULL, NULL) = 1 (out [4])
1521799871.987677 clock_gettime(CLOCK_BOOTTIME, {33398, 195851623}) = 0
1521799871.987689 write(4, "IGr\5\242\3042\327\220\237\220%gh\303\221\324\233\264\340\350);C2\273!pQwA\236"..., 36) = 36
1521799871.987760 clock_gettime(CLOCK_BOOTTIME, {33398, 195935217}) = 0
1521799871.987773 clock_gettime(CLOCK_BOOTTIME, {33398, 195948057}) = 0
1521799871.987785 select(8, [4 5], [], NULL, NULL) = 1 (in [4])
1521799871.988580 clock_gettime(CLOCK_BOOTTIME, {33398, 196756586}) = 0
1521799871.988596 read(4, "$g\317 \242\223\327\217\377\201\271\321G\362\354}n\204j\277\321\303;\231\3655\211c\214Q\2424"..., 8192) = 36
1521799871.988622 clock_gettime(CLOCK_BOOTTIME, {33398, 196797371}) = 0
1521799871.988634 clock_gettime(CLOCK_BOOTTIME, {33398, 196808938}) = 0
1521799871.988646 select(8, [4 5], [6], NULL, NULL) = 1 (out [6])
1521799871.988676 clock_gettime(CLOCK_BOOTTIME, {33398, 196850892}) = 0
1521799871.988688 write(6, "l", 1)      = 1
1521799871.988779 clock_gettime(CLOCK_BOOTTIME, {33398, 196954588}) = 0
1521799871.988793 clock_gettime(CLOCK_BOOTTIME, {33398, 196967476}) = 0
1521799871.988804 select(8, [4 5], [], NULL, NULL) = 1 (in [5])
1521799872.147406 clock_gettime(CLOCK_BOOTTIME, {33398, 355583397}) = 0
1521799872.147425 read(5, "l", 16384)   = 1
1521799872.147453 clock_gettime(CLOCK_BOOTTIME, {33398, 355628724}) = 0
1521799872.147466 clock_gettime(CLOCK_BOOTTIME, {33398, 355640623}) = 0
1521799872.147478 select(8, [4 5], [4], NULL, NULL) = 1 (out [4])
1521799872.147496 clock_gettime(CLOCK_BOOTTIME, {33398, 355670877}) = 0
1521799872.147508 write(4, "i\235\324\266\274\256\365\352:\17\31v\377\23\250\247\245\1s\227\245\314\203\21\251U\21=\332\307o\326"..., 36) = 36
1521799872.147598 clock_gettime(CLOCK_BOOTTIME, {33398, 355776528}) = 0
1521799872.147615 clock_gettime(CLOCK_BOOTTIME, {33398, 355790168}) = 0
1521799872.147627 select(8, [4 5], [], NULL, NULL) = 1 (in [4])
1521799872.147852 clock_gettime(CLOCK_BOOTTIME, {33398, 356027727}) = 0
1521799872.147865 read(4, "cpD/B, \27c\325\24\254\251\214I0\10\25rb>\372\363+,i\253\347H\344J\30"..., 8192) = 36
1521799872.147884 clock_gettime(CLOCK_BOOTTIME, {33398, 356059842}) = 0
1521799872.147896 clock_gettime(CLOCK_BOOTTIME, {33398, 356071119}) = 0
1521799872.147908 select(8, [4 5], [6], NULL, NULL) = 1 (out [6])
1521799872.147924 clock_gettime(CLOCK_BOOTTIME, {33398, 356098824}) = 0
1521799872.147935 write(6, "l", 1)      = 1
1521799872.148032 clock_gettime(CLOCK_BOOTTIME, {33398, 356207916}) = 0
1521799872.148046 clock_gettime(CLOCK_BOOTTIME, {33398, 356220714}) = 0
1521799872.148057 select(8, [4 5], [], NULL, NULL) = 1 (in [5])
1521799872.395533 clock_gettime(CLOCK_BOOTTIME, {33398, 603711011}) = 0
1521799872.395553 read(5, "\r", 16384)  = 1
1521799872.395581 clock_gettime(CLOCK_BOOTTIME, {33398, 603756483}) = 0
1521799872.395593 clock_gettime(CLOCK_BOOTTIME, {33398, 603768218}) = 0
1521799872.395606 select(8, [4 5], [4], NULL, NULL) = 1 (out [4])
1521799872.395623 clock_gettime(CLOCK_BOOTTIME, {33398, 603798280}) = 0
1521799872.395635 write(4, "\233\333\374 \352Jq\344\350\314 \261\327\232\30p!&M\302z9qT\254\317\305\335\271\217\324\7"..., 36) = 36
1521799872.395719 clock_gettime(CLOCK_BOOTTIME, {33398, 603896820}) = 0
1521799872.395739 clock_gettime(CLOCK_BOOTTIME, {33398, 603914614}) = 0
1521799872.395752 select(8, [4 5], [], NULL, NULL) = 1 (in [4])
1521799872.396678 clock_gettime(CLOCK_BOOTTIME, {33398, 604854253}) = 0
1521799872.396693 read(4, "h\0f[\352\305Q\347\177\334\33\335\2410\356\303>AmVW\313\324`\"\210\241\255\376\264~U"..., 8192) = 36
1521799872.396715 clock_gettime(CLOCK_BOOTTIME, {33398, 604890447}) = 0
1521799872.396727 clock_gettime(CLOCK_BOOTTIME, {33398, 604902265}) = 0
1521799872.396739 select(8, [4 5], [6], NULL, NULL) = 1 (out [6])
1521799872.396757 clock_gettime(CLOCK_BOOTTIME, {33398, 604931765}) = 0
1521799872.396779 write(6, "\r\n", 2)   = 2
1521799872.396890 clock_gettime(CLOCK_BOOTTIME, {33398, 605065624}) = 0
1521799872.396904 clock_gettime(CLOCK_BOOTTIME, {33398, 605078720}) = 0
1521799872.396916 select(8, [4 5], [], NULL, NULL) = 1 (in [4])
1521799872.398399 clock_gettime(CLOCK_BOOTTIME, {33398, 606575980}) = 0
1521799872.398416 read(4, "'\"r\203\"c\345C~]\35\32\302[\36\3602\234a\243\226\272\306X\26z\16\334I\366\10\265"..., 8192) = 596
1521799872.398447 clock_gettime(CLOCK_BOOTTIME, {33398, 606623174}) = 0
1521799872.398460 clock_gettime(CLOCK_BOOTTIME, {33398, 606635028}) = 0
1521799872.398472 select(8, [4 5], [6], NULL, NULL) = 1 (out [6])
1521799872.398490 clock_gettime(CLOCK_BOOTTIME, {33398, 606664882}) = 0
1521799872.398502 write(6, "total 0\r\ndrwxrwxr-x. 2 jacob jac"..., 559) = 559
1521799872.398638 clock_gettime(CLOCK_BOOTTIME, {33398, 606814326}) = 0
1521799872.398653 clock_gettime(CLOCK_BOOTTIME, {33398, 606827432}) = 0
1521799872.398664 select(8, [4 5], [], NULL, NULL) = 1 (in [4])
1521799872.398680 clock_gettime(CLOCK_BOOTTIME, {33398, 606865995}) = 0
1521799872.398704 read(4, "q\2239\316\5<Pe&\244\324\362&\365,?Ew\206\177<\341\326\234\270\20\24$\217\266q\343"..., 8192) = 76
1521799872.398722 clock_gettime(CLOCK_BOOTTIME, {33398, 606897376}) = 0
1521799872.398734 clock_gettime(CLOCK_BOOTTIME, {33398, 606908710}) = 0
1521799872.398745 select(8, [4 5], [6], NULL, NULL) = 1 (out [6])
1521799872.398761 clock_gettime(CLOCK_BOOTTIME, {33398, 606935892}) = 0
1521799872.398789 write(6, "\33]0;jacob@study:~\7[jacob@study ~"..., 35) = 35
1521799872.398884 clock_gettime(CLOCK_BOOTTIME, {33398, 607059399}) = 0
1521799872.398897 clock_gettime(CLOCK_BOOTTIME, {33398, 607072364}) = 0
1521799872.398909 select(8, [4 5], [], NULL, NULL) = 1 (in [5])
1521799873.627557 clock_gettime(CLOCK_BOOTTIME, {33399, 835773732}) = 0
1521799873.627625 read(5, "\4", 16384)  = 1
1521799873.627656 clock_gettime(CLOCK_BOOTTIME, {33399, 835832053}) = 0
1521799873.627669 clock_gettime(CLOCK_BOOTTIME, {33399, 835843926}) = 0
1521799873.627681 select(8, [4 5], [4], NULL, NULL) = 1 (out [4])
1521799873.627702 clock_gettime(CLOCK_BOOTTIME, {33399, 835876770}) = 0
1521799873.627714 write(4, "\253\203M,\341\311\215W\275t V\266\247\340\331\265<\326\30\222\5M\252o\341\316D\300\274 \21"..., 36) = 36
1521799873.627810 clock_gettime(CLOCK_BOOTTIME, {33399, 835987489}) = 0
1521799873.627830 clock_gettime(CLOCK_BOOTTIME, {33399, 836005895}) = 0
1521799873.627843 select(8, [4 5], [], NULL, NULL) = 1 (in [4])
1521799873.628867 clock_gettime(CLOCK_BOOTTIME, {33399, 837051482}) = 0
1521799873.628905 read(4, "\254\272p]z\375\237\227r\204\315W\362Q\221\324\377\222\v\244\237^\3273y\255Ji\261\256y\356"..., 8192) = 220
1521799873.628938 close(5)              = 0
1521799873.628957 clock_gettime(CLOCK_BOOTTIME, {33399, 837132206}) = 0
1521799873.629007 clock_gettime(CLOCK_BOOTTIME, {33399, 837185476}) = 0
1521799873.629024 select(8, [4], [6], NULL, NULL) = 1 (out [6])
1521799873.629051 clock_gettime(CLOCK_BOOTTIME, {33399, 837228384}) = 0
1521799873.629071 write(6, "logout\r\n", 8) = 8
1521799873.629184 clock_gettime(CLOCK_BOOTTIME, {33399, 837360115}) = 0
1521799873.629198 clock_gettime(CLOCK_BOOTTIME, {33399, 837373081}) = 0
1521799873.629210 close(6)              = 0
1521799873.629223 ioctl(0, SNDCTL_TMR_STOP or TCSETSW, {B38400 opost isig icanon echo ...}) = 0
1521799873.629279 close(7)              = 0
1521799873.629294 select(8, [4], [4], NULL, NULL) = 1 (out [4])
1521799873.629312 clock_gettime(CLOCK_BOOTTIME, {33399, 837486893}) = 0
1521799873.629324 write(4, "\332\0\237q\6\355T\2\317&\200\273\326\354r\370/z\374\323W\367\211Q0\221\314\375\342\236n\343"..., 36) = 36
1521799873.629388 rt_sigaction(SIGWINCH, NULL, {0x55c62e9c0430, [], SA_RESTORER, 0x7f08fc8fc270}, 8) = 0
1521799873.629404 rt_sigaction(SIGWINCH, {SIG_DFL, [], SA_RESTORER, 0x7f08fc8fc270}, NULL, 8) = 0
1521799873.629421 write(4, "\7\204\227w\324r\216\16N\340F\220\24\373\240\223\331\247p\254\256\371b\367N\1\302\16\310\5\216-"..., 60) = 60
1521799873.629481 ioctl(0, TCGETS, {B38400 opost isig icanon echo ...}) = 0
1521799873.629498 ioctl(1, TCGETS, {B38400 opost isig icanon echo ...}) = 0
1521799873.629509 ioctl(2, TCGETS, {B38400 opost isig icanon echo ...}) = 0
1521799873.629523 write(2, "Connection to 192.168.125.180 cl"..., 39) = 39
1521799873.629605 shutdown(4, SHUT_RDWR) = 0
1521799873.629661 close(4)              = 0
1521799873.629853 exit_group(0)         = ?
1521799873.630529 +++ exited with 0 +++
