1521790496.301631 select(8, [4], [], NULL, NULL) = 1 (in [4])
1521790496.333463 clock_gettime(CLOCK_BOOTTIME, {24022, 541642515}) = 0
1521790496.333532 read(4, "s\232\264\333Z\230\367,F0o\275:\212\241\2\303.\305D\2Z\376\362N\300\365yo\235\21]"..., 8192) = 44
1521790496.333567 getsockopt(4, SOL_TCP, TCP_NODELAY, [0], [4]) = 0
1521790496.333634 setsockopt(4, SOL_TCP, TCP_NODELAY, [1], 4) = 0
1521790496.333647 getsockname(4, {sa_family=AF_INET, sin_port=htons(43124), sin_addr=inet_addr("192.168.125.181")}, [16]) = 0
1521790496.333672 setsockopt(4, SOL_IP, IP_TOS, [16], 4) = 0
1521790496.333686 ioctl(0, TIOCGWINSZ, {ws_row=38, ws_col=194, ws_xpixel=0, ws_ypixel=0}) = 0
1521790496.333786 clock_gettime(CLOCK_BOOTTIME, {24022, 541961915}) = 0
1521790496.333799 clock_gettime(CLOCK_BOOTTIME, {24022, 541973620}) = 0
1521790496.333810 select(8, [4], [4], NULL, NULL) = 1 (out [4])
1521790496.333827 clock_gettime(CLOCK_BOOTTIME, {24022, 542002175}) = 0
1521790496.333841 write(4, ";\305D\3\241\215~u.P\36cAiuZU\r\26\354\222U?\5|\263\r\226\226=\236\313"..., 504) = 504
1521790496.333911 clock_gettime(CLOCK_BOOTTIME, {24022, 542086213}) = 0
1521790496.333924 clock_gettime(CLOCK_BOOTTIME, {24022, 542098469}) = 0
1521790496.333935 select(8, [4], [], NULL, NULL) = 1 (in [4])
1521790496.339969 clock_gettime(CLOCK_BOOTTIME, {24022, 548146003}) = 0
1521790496.339985 read(4, "rua\302\1#\271M\321\232Z\251\267s\26\37&\20\305\316d\327Bo\310P\240\315\2773\254\334"..., 8192) = 108
1521790496.340015 clock_gettime(CLOCK_BOOTTIME, {24022, 548190989}) = 0
1521790496.340028 clock_gettime(CLOCK_BOOTTIME, {24022, 548202448}) = 0
1521790496.340039 select(8, [4 5], [], NULL, NULL) = 1 (in [4])
1521790496.341725 clock_gettime(CLOCK_BOOTTIME, {24022, 549901732}) = 0
1521790496.341740 read(4, "\314\374\217d\353Pe`\342\311\322Db\257\215\361H:Jp|@\357j1j\323\305\256\340\310="..., 8192) = 100
1521790496.341804 clock_gettime(CLOCK_BOOTTIME, {24022, 549980142}) = 0
1521790496.341817 clock_gettime(CLOCK_BOOTTIME, {24022, 549991686}) = 0
1521790496.341828 select(8, [4 5], [6], NULL, NULL) = 1 (out [6])
1521790496.341846 clock_gettime(CLOCK_BOOTTIME, {24022, 550020902}) = 0
1521790496.341857 write(6, "Last login: Fri Mar 23 15:29:01 "..., 60) = 60
1521790496.341985 clock_gettime(CLOCK_BOOTTIME, {24022, 550160320}) = 0
1521790496.341998 clock_gettime(CLOCK_BOOTTIME, {24022, 550172871}) = 0
1521790496.342009 select(8, [4 5], [], NULL, NULL) = 1 (in [4])
1521790496.446651 clock_gettime(CLOCK_BOOTTIME, {24022, 654828092}) = 0
1521790496.446668 read(4, "k\363b\363na\362<\23{Z\353\227\311\322\313\231\366\307\1B\360\r\311|\25\240\350\274R\356:"..., 8192) = 84
1521790496.446695 clock_gettime(CLOCK_BOOTTIME, {24022, 654870560}) = 0
1521790496.446707 clock_gettime(CLOCK_BOOTTIME, {24022, 654904248}) = 0
1521790496.446743 select(8, [4 5], [6], NULL, NULL) = 1 (out [6])
1521790496.446763 clock_gettime(CLOCK_BOOTTIME, {24022, 654937339}) = 0
1521790496.446774 write(6, "\33]0;jacob@study:~\7\33[?1034h[jacob"..., 43) = 43
1521790496.446907 clock_gettime(CLOCK_BOOTTIME, {24022, 655082755}) = 0
1521790496.446920 clock_gettime(CLOCK_BOOTTIME, {24022, 655095171}) = 0
1521790496.446932 select(8, [4 5], [], NULL, NULL) = 1 (in [5])
1521790529.983654 clock_gettime(CLOCK_BOOTTIME, {24056, 191835140}) = 0
1521790529.983676 read(5, "a", 16384)   = 1
1521790529.983707 clock_gettime(CLOCK_BOOTTIME, {24056, 191882579}) = 0
1521790529.983719 clock_gettime(CLOCK_BOOTTIME, {24056, 191894209}) = 0
1521790529.983732 select(8, [4 5], [4], NULL, NULL) = 1 (out [4])
1521790529.983749 clock_gettime(CLOCK_BOOTTIME, {24056, 191923661}) = 0
1521790529.983760 write(4, "\230:j\253m\211\261\357\"\r\v\206^\250#@\214\261\3\7\356\34\326\2566\301\0203x\2t*"..., 36) = 36
1521790529.984542 clock_gettime(CLOCK_BOOTTIME, {24056, 192717784}) = 0
1521790529.984556 clock_gettime(CLOCK_BOOTTIME, {24056, 192730536}) = 0
1521790529.984567 select(8, [4 5], [], NULL, NULL) = 1 (in [4])
1521790529.984833 clock_gettime(CLOCK_BOOTTIME, {24056, 193008544}) = 0
1521790529.984846 read(4, "\305I\334[3\376\250 KVc\35U\264?5\313\264\10\311\3543tU\214\226\3602y\242\377\372"..., 8192) = 36
1521790529.984875 clock_gettime(CLOCK_BOOTTIME, {24056, 193051564}) = 0
1521790529.984888 clock_gettime(CLOCK_BOOTTIME, {24056, 193063108}) = 0
1521790529.984900 select(8, [4 5], [6], NULL, NULL) = 1 (out [6])
1521790529.984916 clock_gettime(CLOCK_BOOTTIME, {24056, 193090834}) = 0
1521790529.984927 write(6, "a", 1)      = 1
1521790529.985027 clock_gettime(CLOCK_BOOTTIME, {24056, 193202457}) = 0
1521790529.985040 clock_gettime(CLOCK_BOOTTIME, {24056, 193215252}) = 0
1521790529.985052 select(8, [4 5], [], NULL, NULL) = 1 (in [5])
1521790530.030250 clock_gettime(CLOCK_BOOTTIME, {24056, 238433483}) = 0
1521790530.030274 read(5, "s", 16384)   = 1
1521790530.030300 clock_gettime(CLOCK_BOOTTIME, {24056, 238476007}) = 0
1521790530.030313 clock_gettime(CLOCK_BOOTTIME, {24056, 238487478}) = 0
1521790530.030324 select(8, [4 5], [4], NULL, NULL) = 1 (out [4])
1521790530.030342 clock_gettime(CLOCK_BOOTTIME, {24056, 238516745}) = 0
1521790530.030354 write(4, "\27126\270B\16\1\25\247\276\\_\375\210\36\32\333\304:\207\357\274'J\274\216 }\326\3126\342"..., 36) = 36
1521790530.030424 clock_gettime(CLOCK_BOOTTIME, {24056, 238599463}) = 0
1521790530.030437 clock_gettime(CLOCK_BOOTTIME, {24056, 238612045}) = 0
1521790530.030449 select(8, [4 5], [], NULL, NULL) = 1 (in [4])
1521790530.030732 clock_gettime(CLOCK_BOOTTIME, {24056, 238908477}) = 0
1521790530.030761 read(4, "T-\352\327L\220\3\177\214\7b\363\35l\355kNra\200\346y\3645\213\33\272\256zXQ\311"..., 8192) = 36
1521790530.030782 clock_gettime(CLOCK_BOOTTIME, {24056, 238957255}) = 0
1521790530.030794 clock_gettime(CLOCK_BOOTTIME, {24056, 238968595}) = 0
1521790530.030805 select(8, [4 5], [6], NULL, NULL) = 1 (out [6])
1521790530.030822 clock_gettime(CLOCK_BOOTTIME, {24056, 238997308}) = 0
1521790530.030834 write(6, "s", 1)      = 1
1521790530.030944 clock_gettime(CLOCK_BOOTTIME, {24056, 239119280}) = 0
1521790530.030957 clock_gettime(CLOCK_BOOTTIME, {24056, 239132100}) = 0
1521790530.030969 select(8, [4 5], [], NULL, NULL) = 1 (in [5])
1521790530.094282 clock_gettime(CLOCK_BOOTTIME, {24056, 302459836}) = 0
1521790530.094300 read(5, "d", 16384)   = 1
1521790530.094326 clock_gettime(CLOCK_BOOTTIME, {24056, 302501195}) = 0
1521790530.094338 clock_gettime(CLOCK_BOOTTIME, {24056, 302512510}) = 0
1521790530.094350 select(8, [4 5], [4], NULL, NULL) = 1 (out [4])
1521790530.094367 clock_gettime(CLOCK_BOOTTIME, {24056, 302541702}) = 0
1521790530.094379 write(4, "\323\240\251-\346(P=\210Z\215~\305\306\265L\v\373\31&T\333\1\r\tuX\253\257\365L("..., 36) = 36
1521790530.094448 clock_gettime(CLOCK_BOOTTIME, {24056, 302623349}) = 0
1521790530.094461 clock_gettime(CLOCK_BOOTTIME, {24056, 302635765}) = 0
1521790530.094472 select(8, [4 5], [], NULL, NULL) = 1 (in [4])
1521790530.094762 clock_gettime(CLOCK_BOOTTIME, {24056, 302938200}) = 0
1521790530.094777 read(4, "\256\233\302\3052\205\314\305\354\26\367&b>@^\20\276\302\245<2\244eu#=]\351L\343\241"..., 8192) = 36
1521790530.094811 clock_gettime(CLOCK_BOOTTIME, {24056, 302987027}) = 0
1521790530.094824 clock_gettime(CLOCK_BOOTTIME, {24056, 302998917}) = 0
1521790530.094836 select(8, [4 5], [6], NULL, NULL) = 1 (out [6])
1521790530.094853 clock_gettime(CLOCK_BOOTTIME, {24056, 303028017}) = 0
1521790530.094865 write(6, "d", 1)      = 1
1521790530.094963 clock_gettime(CLOCK_BOOTTIME, {24056, 303138942}) = 0
1521790530.094977 clock_gettime(CLOCK_BOOTTIME, {24056, 303151748}) = 0
1521790530.094988 select(8, [4 5], [], NULL, NULL) = 1 (in [5])
1521790530.142238 clock_gettime(CLOCK_BOOTTIME, {24056, 350414775}) = 0
1521790530.142255 read(5, "f", 16384)   = 1
1521790530.142281 clock_gettime(CLOCK_BOOTTIME, {24056, 350456492}) = 0
1521790530.142293 clock_gettime(CLOCK_BOOTTIME, {24056, 350468032}) = 0
1521790530.142305 select(8, [4 5], [4], NULL, NULL) = 1 (out [4])
1521790530.142323 clock_gettime(CLOCK_BOOTTIME, {24056, 350497436}) = 0
1521790530.142334 write(4, "\17\2\35\23\217\251\1@bL9\21\0z\233\262f>\302\37\0\2p\366\332}\307W\330V\37#"..., 36) = 36
1521790530.142402 clock_gettime(CLOCK_BOOTTIME, {24056, 350577866}) = 0
1521790530.142427 clock_gettime(CLOCK_BOOTTIME, {24056, 350602029}) = 0
1521790530.142439 select(8, [4 5], [], NULL, NULL) = 1 (in [4])
1521790530.142719 clock_gettime(CLOCK_BOOTTIME, {24056, 350895363}) = 0
1521790530.142733 read(4, "KO\4L\370u$\210\v\310h\r\257\332\360\363\255\360\337\325\251+1z*C\343'I(\324C"..., 8192) = 36
1521790530.142753 clock_gettime(CLOCK_BOOTTIME, {24056, 350928820}) = 0
1521790530.142765 clock_gettime(CLOCK_BOOTTIME, {24056, 350940293}) = 0
1521790530.142777 select(8, [4 5], [6], NULL, NULL) = 1 (out [6])
1521790530.142810 clock_gettime(CLOCK_BOOTTIME, {24056, 350988060}) = 0
1521790530.142826 write(6, "f", 1)      = 1
1521790530.142925 clock_gettime(CLOCK_BOOTTIME, {24056, 351100756}) = 0
1521790530.142939 clock_gettime(CLOCK_BOOTTIME, {24056, 351113658}) = 0
1521790530.142950 select(8, [4 5], [], NULL, NULL) = 1 (in [5])
1521790530.318388 clock_gettime(CLOCK_BOOTTIME, {24056, 526565144}) = 0
1521790530.318405 read(5, "\r", 16384)  = 1
1521790530.318432 clock_gettime(CLOCK_BOOTTIME, {24056, 526606877}) = 0
1521790530.318444 clock_gettime(CLOCK_BOOTTIME, {24056, 526618355}) = 0
1521790530.318455 select(8, [4 5], [4], NULL, NULL) = 1 (out [4])
1521790530.318473 clock_gettime(CLOCK_BOOTTIME, {24056, 526647389}) = 0
1521790530.318484 write(4, "Po\313M\37X+Ma\276\327\353v\35\241G\330\3750Z)\253\377u\0\343\22\2d\271N>"..., 36) = 36
1521790530.318553 clock_gettime(CLOCK_BOOTTIME, {24056, 526728957}) = 0
1521790530.318567 clock_gettime(CLOCK_BOOTTIME, {24056, 526741448}) = 0
1521790530.318578 select(8, [4 5], [], NULL, NULL) = 1 (in [4])
1521790530.320402 clock_gettime(CLOCK_BOOTTIME, {24056, 528579023}) = 0
1521790530.320417 read(4, "\0228$h\241\\\226)\310\352\305Jw\214U\226?\266%2\340\260\223\316$\10,Z\245\235\346\267"..., 8192) = 36
1521790530.320439 clock_gettime(CLOCK_BOOTTIME, {24056, 528614285}) = 0
1521790530.320451 clock_gettime(CLOCK_BOOTTIME, {24056, 528625523}) = 0
1521790530.320462 select(8, [4 5], [6], NULL, NULL) = 1 (out [6])
1521790530.320479 clock_gettime(CLOCK_BOOTTIME, {24056, 528654165}) = 0
1521790530.320491 write(6, "\r\n", 2)   = 2
1521790530.320581 clock_gettime(CLOCK_BOOTTIME, {24056, 528756409}) = 0
1521790530.320594 clock_gettime(CLOCK_BOOTTIME, {24056, 528769021}) = 0
1521790530.320606 select(8, [4 5], [], NULL, NULL) = 1 (in [4])
1521790530.324927 clock_gettime(CLOCK_BOOTTIME, {24056, 533104447}) = 0
1521790530.324960 read(4, "\376j\255\312\30\303\276\202\242\274\351p\203\330N\254\240\237\275\250P^\272\353+\236\302\1$j\256\375"..., 8192) = 100
1521790530.324991 clock_gettime(CLOCK_BOOTTIME, {24056, 533166581}) = 0
1521790530.325003 clock_gettime(CLOCK_BOOTTIME, {24056, 533178098}) = 0
1521790530.325015 select(8, [4 5], [6], NULL, NULL) = 1 (out [6])
1521790530.325034 clock_gettime(CLOCK_BOOTTIME, {24056, 533209367}) = 0
1521790530.325046 write(6, "bash: asdf: command not found..."..., 62) = 62
1521790530.325153 clock_gettime(CLOCK_BOOTTIME, {24056, 533328282}) = 0
1521790530.325166 clock_gettime(CLOCK_BOOTTIME, {24056, 533340960}) = 0
1521790530.325178 select(8, [4 5], [], NULL, NULL) = 1 (in [4])
1521790530.325382 clock_gettime(CLOCK_BOOTTIME, {24056, 533561398}) = 0
1521790530.325405 read(4, "~7\276\6\205C\215\356k7\"\362\252\346\307y\231\7\203w\252\371q\2622w4^\207ptR"..., 8192) = 76
1521790530.325434 clock_gettime(CLOCK_BOOTTIME, {24056, 533611087}) = 0
1521790530.325448 clock_gettime(CLOCK_BOOTTIME, {24056, 533622960}) = 0
1521790530.325460 select(8, [4 5], [6], NULL, NULL) = 1 (out [6])
1521790530.325478 clock_gettime(CLOCK_BOOTTIME, {24056, 533652369}) = 0
1521790530.325489 write(6, "\33]0;jacob@study:~\7[jacob@study ~"..., 35) = 35
1521790530.325573 clock_gettime(CLOCK_BOOTTIME, {24056, 533750808}) = 0
1521790530.325594 clock_gettime(CLOCK_BOOTTIME, {24056, 533769686}) = 0
1521790530.325607 select(8, [4 5], [], NULL, NULL) = 1 (in [5])
1521790531.047163 clock_gettime(CLOCK_BOOTTIME, {24057, 255340899}) = 0
1521790531.047181 read(5, "d", 16384)   = 1
1521790531.047208 clock_gettime(CLOCK_BOOTTIME, {24057, 255383307}) = 0
1521790531.047220 clock_gettime(CLOCK_BOOTTIME, {24057, 255404676}) = 0
1521790531.047243 select(8, [4 5], [4], NULL, NULL) = 1 (out [4])
1521790531.047261 clock_gettime(CLOCK_BOOTTIME, {24057, 255435662}) = 0
1521790531.047273 write(4, "\331\270\205[uq\371\264\327\201\206\261\351\250\3148\314\257\316W;\256\312k\274\302\f\264\365\2338&"..., 36) = 36
1521790531.047346 clock_gettime(CLOCK_BOOTTIME, {24057, 255521976}) = 0
1521790531.047360 clock_gettime(CLOCK_BOOTTIME, {24057, 255534459}) = 0
1521790531.047371 select(8, [4 5], [], NULL, NULL) = 1 (in [4])
1521790531.047735 clock_gettime(CLOCK_BOOTTIME, {24057, 255911899}) = 0
1521790531.047750 read(4, "./\211\7\t2\237]\276P-\273\277T\277U\4&\221\270,n\36k\21\340B\200\320\345)\6"..., 8192) = 36
1521790531.047770 clock_gettime(CLOCK_BOOTTIME, {24057, 255945283}) = 0
1521790531.047782 clock_gettime(CLOCK_BOOTTIME, {24057, 255956577}) = 0
1521790531.047793 select(8, [4 5], [6], NULL, NULL) = 1 (out [6])
1521790531.047810 clock_gettime(CLOCK_BOOTTIME, {24057, 255985245}) = 0
1521790531.047822 write(6, "d", 1)      = 1
1521790531.047924 clock_gettime(CLOCK_BOOTTIME, {24057, 256099870}) = 0
1521790531.047938 clock_gettime(CLOCK_BOOTTIME, {24057, 256112764}) = 0
1521790531.047949 select(8, [4 5], [], NULL, NULL) = 1 (in [5])
1521790531.286257 clock_gettime(CLOCK_BOOTTIME, {24057, 494434404}) = 0
1521790531.286275 read(5, "f", 16384)   = 1
1521790531.286301 clock_gettime(CLOCK_BOOTTIME, {24057, 494475889}) = 0
1521790531.286313 clock_gettime(CLOCK_BOOTTIME, {24057, 494487368}) = 0
1521790531.286324 select(8, [4 5], [4], NULL, NULL) = 1 (out [4])
1521790531.286342 clock_gettime(CLOCK_BOOTTIME, {24057, 494516500}) = 0
1521790531.286353 write(4, "\332t\232\336\314BB*\326\377\216\353\304GS9\275\350\210\272\266\17\3503\207\t\3b\t9aw"..., 36) = 36
1521790531.286424 clock_gettime(CLOCK_BOOTTIME, {24057, 494599591}) = 0
1521790531.286437 clock_gettime(CLOCK_BOOTTIME, {24057, 494612262}) = 0
1521790531.286449 select(8, [4 5], [], NULL, NULL) = 1 (in [4])
1521790531.286860 clock_gettime(CLOCK_BOOTTIME, {24057, 495036237}) = 0
1521790531.286874 read(4, "\333\210\234J\356\24\235!\314?\371\5\f\262o\347\\\357\337\203w\375/w\207\323*\252\\\32\235\317"..., 8192) = 36
1521790531.286895 clock_gettime(CLOCK_BOOTTIME, {24057, 495069878}) = 0
1521790531.286906 clock_gettime(CLOCK_BOOTTIME, {24057, 495081311}) = 0
1521790531.286918 select(8, [4 5], [6], NULL, NULL) = 1 (out [6])
1521790531.286934 clock_gettime(CLOCK_BOOTTIME, {24057, 495109293}) = 0
1521790531.286946 write(6, "f", 1)      = 1
1521790531.287046 clock_gettime(CLOCK_BOOTTIME, {24057, 495221480}) = 0
1521790531.287060 clock_gettime(CLOCK_BOOTTIME, {24057, 495234326}) = 0
1521790531.287084 select(8, [4 5], [], NULL, NULL) = 1 (in [5])
1521790531.447131 clock_gettime(CLOCK_BOOTTIME, {24057, 655308458}) = 0
1521790531.447149 read(5, "\r", 16384)  = 1
1521790531.447175 clock_gettime(CLOCK_BOOTTIME, {24057, 655349934}) = 0
1521790531.447187 clock_gettime(CLOCK_BOOTTIME, {24057, 655361431}) = 0
1521790531.447198 select(8, [4 5], [4], NULL, NULL) = 1 (out [4])
1521790531.447216 clock_gettime(CLOCK_BOOTTIME, {24057, 655390976}) = 0
1521790531.447228 write(4, "\262\274fi\1\373\215\216\320\315\310\240\337\232\362\253m\372Wl\244\201\252\177\330\324\262\332#\370\230\306"..., 36) = 36
1521790531.447297 clock_gettime(CLOCK_BOOTTIME, {24057, 655472208}) = 0
1521790531.447310 clock_gettime(CLOCK_BOOTTIME, {24057, 655484947}) = 0
1521790531.447322 select(8, [4 5], [], NULL, NULL) = 1 (in [4])
1521790531.448051 clock_gettime(CLOCK_BOOTTIME, {24057, 656227729}) = 0
1521790531.448066 read(4, "\3256\2432\26\274DRB|\230>\235\360h_\356Mt\313\37*1\331\217/\370\210\321\23\367\237"..., 8192) = 36
1521790531.448087 clock_gettime(CLOCK_BOOTTIME, {24057, 656262844}) = 0
1521790531.448099 clock_gettime(CLOCK_BOOTTIME, {24057, 656274227}) = 0
1521790531.448111 select(8, [4 5], [6], NULL, NULL) = 1 (out [6])
1521790531.448128 clock_gettime(CLOCK_BOOTTIME, {24057, 656302575}) = 0
1521790531.448139 write(6, "\r\n", 2)   = 2
1521790531.448229 clock_gettime(CLOCK_BOOTTIME, {24057, 656404630}) = 0
1521790531.448243 clock_gettime(CLOCK_BOOTTIME, {24057, 656427359}) = 0
1521790531.448265 select(8, [4 5], [], NULL, NULL) = 1 (in [4])
1521790531.452383 clock_gettime(CLOCK_BOOTTIME, {24057, 660559924}) = 0
1521790531.452400 read(4, "c\261$\21\222\356o^\206\322\310\241-\363&a\245`\340\t\331\254\22z\241^\366\351\264M\265\237"..., 8192) = 784
1521790531.452431 clock_gettime(CLOCK_BOOTTIME, {24057, 660606902}) = 0
1521790531.452444 clock_gettime(CLOCK_BOOTTIME, {24057, 660618557}) = 0
1521790531.452456 select(8, [4 5], [6], NULL, NULL) = 1 (out [6])
1521790531.452473 clock_gettime(CLOCK_BOOTTIME, {24057, 660648135}) = 0
1521790531.452485 write(6, "Filesystem              1K-block"..., 702) = 702
1521790531.452604 clock_gettime(CLOCK_BOOTTIME, {24057, 660779240}) = 0
1521790531.452617 clock_gettime(CLOCK_BOOTTIME, {24057, 660791901}) = 0
1521790531.452628 select(8, [4 5], [], NULL, NULL) = 1 (in [5])
1521790532.326244 clock_gettime(CLOCK_BOOTTIME, {24058, 534421264}) = 0
1521790532.326261 read(5, "d", 16384)   = 1
1521790532.326288 clock_gettime(CLOCK_BOOTTIME, {24058, 534463289}) = 0
1521790532.326300 clock_gettime(CLOCK_BOOTTIME, {24058, 534474540}) = 0
1521790532.326312 select(8, [4 5], [4], NULL, NULL) = 1 (out [4])
1521790532.326329 clock_gettime(CLOCK_BOOTTIME, {24058, 534503473}) = 0
1521790532.326340 write(4, "e \300\275\372\346L\216\0212l`_\246E\320\3676\363\214\366\201$\314$\342\323\304\305\17b!"..., 36) = 36
1521790532.326412 clock_gettime(CLOCK_BOOTTIME, {24058, 534587502}) = 0
1521790532.326425 clock_gettime(CLOCK_BOOTTIME, {24058, 534600035}) = 0
1521790532.326437 select(8, [4 5], [], NULL, NULL) = 1 (in [4])
1521790532.326832 clock_gettime(CLOCK_BOOTTIME, {24058, 535007939}) = 0
1521790532.326846 read(4, ">\261\27\235j\367bnp\211\357\330\303CDY\357dBU\324\311a\363Le\303\276\1(F\363"..., 8192) = 36
1521790532.326866 clock_gettime(CLOCK_BOOTTIME, {24058, 535040930}) = 0
1521790532.326878 clock_gettime(CLOCK_BOOTTIME, {24058, 535052340}) = 0
1521790532.326889 select(8, [4 5], [6], NULL, NULL) = 1 (out [6])
1521790532.326906 clock_gettime(CLOCK_BOOTTIME, {24058, 535080627}) = 0
1521790532.326917 write(6, "d", 1)      = 1
1521790532.327020 clock_gettime(CLOCK_BOOTTIME, {24058, 535195562}) = 0
1521790532.327033 clock_gettime(CLOCK_BOOTTIME, {24058, 535208166}) = 0
1521790532.327045 select(8, [4 5], [], NULL, NULL) = 1 (in [5])
1521790532.486155 clock_gettime(CLOCK_BOOTTIME, {24058, 694331777}) = 0
1521790532.486172 read(5, "f", 16384)   = 1
1521790532.486197 clock_gettime(CLOCK_BOOTTIME, {24058, 694371901}) = 0
1521790532.486208 clock_gettime(CLOCK_BOOTTIME, {24058, 694383190}) = 0
1521790532.486220 select(8, [4 5], [4], NULL, NULL) = 1 (out [4])
1521790532.486238 clock_gettime(CLOCK_BOOTTIME, {24058, 694412518}) = 0
1521790532.486249 write(4, "%\336\206I\213Uo\376\235\310\230\2\271\324Pl\337\t#\"\f\265V\264\333\211j\320:\321\304s"..., 36) = 36
1521790532.486318 clock_gettime(CLOCK_BOOTTIME, {24058, 694493437}) = 0
1521790532.486331 clock_gettime(CLOCK_BOOTTIME, {24058, 694505988}) = 0
1521790532.486343 select(8, [4 5], [], NULL, NULL) = 1 (in [4])
1521790532.486718 clock_gettime(CLOCK_BOOTTIME, {24058, 694894698}) = 0
1521790532.486733 read(4, "\360zV~\312GM\v\211\331g7<K-\177\272$0\316\31ZI\303\n\360\354\34\276\245\275\203"..., 8192) = 36
1521790532.486753 clock_gettime(CLOCK_BOOTTIME, {24058, 694928618}) = 0
1521790532.486765 clock_gettime(CLOCK_BOOTTIME, {24058, 694939939}) = 0
1521790532.486776 select(8, [4 5], [6], NULL, NULL) = 1 (out [6])
1521790532.486793 clock_gettime(CLOCK_BOOTTIME, {24058, 694967934}) = 0
1521790532.486804 write(6, "f", 1)      = 1
1521790532.486904 clock_gettime(CLOCK_BOOTTIME, {24058, 695079711}) = 0
1521790532.486918 clock_gettime(CLOCK_BOOTTIME, {24058, 695092506}) = 0
1521790532.486929 select(8, [4 5], [], NULL, NULL) = 1 (in [5])
1521790532.638151 clock_gettime(CLOCK_BOOTTIME, {24058, 846327567}) = 0
1521790532.638167 read(5, "\r", 16384)  = 1
1521790532.638193 clock_gettime(CLOCK_BOOTTIME, {24058, 846368151}) = 0
1521790532.638205 clock_gettime(CLOCK_BOOTTIME, {24058, 846379597}) = 0
1521790532.638217 select(8, [4 5], [4], NULL, NULL) = 1 (out [4])
1521790532.638246 clock_gettime(CLOCK_BOOTTIME, {24058, 846420886}) = 0
1521790532.638258 write(4, "W4\212\350\324\6`i\337\30\244\273\23\177\v\306\"A\10}\r<\326V\33x\374\301\326\2012e"..., 36) = 36
1521790532.638327 clock_gettime(CLOCK_BOOTTIME, {24058, 846502306}) = 0
1521790532.638340 clock_gettime(CLOCK_BOOTTIME, {24058, 846514668}) = 0
1521790532.638351 select(8, [4 5], [], NULL, NULL) = 1 (in [4])
1521790532.639046 clock_gettime(CLOCK_BOOTTIME, {24058, 847222359}) = 0
1521790532.639060 read(4, "\200\340\301f\233\252\336Dw/K\374T\t\310\210zvb\332\265\243\302\225k\226S\245\0\306\344\373"..., 8192) = 36
1521790532.639080 clock_gettime(CLOCK_BOOTTIME, {24058, 847255657}) = 0
1521790532.639092 clock_gettime(CLOCK_BOOTTIME, {24058, 847266972}) = 0
1521790532.639104 select(8, [4 5], [6], NULL, NULL) = 1 (out [6])
1521790532.639120 clock_gettime(CLOCK_BOOTTIME, {24058, 847294955}) = 0
1521790532.639131 write(6, "\r\n", 2)   = 2
1521790532.639217 clock_gettime(CLOCK_BOOTTIME, {24058, 847392439}) = 0
1521790532.639230 clock_gettime(CLOCK_BOOTTIME, {24058, 847405110}) = 0
1521790532.639242 select(8, [4 5], [], NULL, NULL) = 1 (in [4])
1521790532.640265 clock_gettime(CLOCK_BOOTTIME, {24058, 848441820}) = 0
1521790532.640280 read(4, "\244DDr\366\350\243\303\376\267\277\310~Z&h\374\304\351> \2563\275P1|\26\372\262\324\217"..., 8192) = 740
1521790532.640305 clock_gettime(CLOCK_BOOTTIME, {24058, 848480266}) = 0
1521790532.640317 clock_gettime(CLOCK_BOOTTIME, {24058, 848491799}) = 0
1521790532.640328 select(8, [4 5], [6], NULL, NULL) = 1 (out [6])
1521790532.640346 clock_gettime(CLOCK_BOOTTIME, {24058, 848520479}) = 0
1521790532.640357 write(6, "Filesystem              1K-block"..., 702) = 702
1521790532.640451 clock_gettime(CLOCK_BOOTTIME, {24058, 848626997}) = 0
1521790532.640465 clock_gettime(CLOCK_BOOTTIME, {24058, 848639872}) = 0
1521790532.640477 select(8, [4 5], [], NULL, NULL) = 1 (in [5])
1521790533.102438 clock_gettime(CLOCK_BOOTTIME, {24059, 310614744}) = 0
1521790533.102455 read(5, "d", 16384)   = 1
1521790533.102486 clock_gettime(CLOCK_BOOTTIME, {24059, 310664062}) = 0
1521790533.102505 clock_gettime(CLOCK_BOOTTIME, {24059, 310681636}) = 0
1521790533.102523 select(8, [4 5], [4], NULL, NULL) = 1 (out [4])
1521790533.102551 clock_gettime(CLOCK_BOOTTIME, {24059, 310727852}) = 0
1521790533.102569 write(4, "\343\322\2020M\327\342\250\260\2563\322R\336\241\21\311\377H\220\307+\331Z\36\254<,\242\3\353_"..., 36) = 36
1521790533.102663 clock_gettime(CLOCK_BOOTTIME, {24059, 310841145}) = 0
1521790533.102685 clock_gettime(CLOCK_BOOTTIME, {24059, 310862164}) = 0
1521790533.102706 select(8, [4 5], [], NULL, NULL) = 1 (in [4])
1521790533.103267 clock_gettime(CLOCK_BOOTTIME, {24059, 311451010}) = 0
1521790533.103293 read(4, "d\267%\364{\277~\376(+\4\0012\rOSi\304\372\31\313-I \10jD\35\330\305\217}"..., 8192) = 36
1521790533.103315 clock_gettime(CLOCK_BOOTTIME, {24059, 311490837}) = 0
1521790533.103327 clock_gettime(CLOCK_BOOTTIME, {24059, 311502199}) = 0
1521790533.103339 select(8, [4 5], [6], NULL, NULL) = 1 (out [6])
1521790533.103357 clock_gettime(CLOCK_BOOTTIME, {24059, 311531541}) = 0
1521790533.103368 write(6, "d", 1)      = 1
1521790533.103454 clock_gettime(CLOCK_BOOTTIME, {24059, 311629372}) = 0
1521790533.103467 clock_gettime(CLOCK_BOOTTIME, {24059, 311642054}) = 0
1521790533.103479 select(8, [4 5], [], NULL, NULL) = 1 (in [5])
1521790533.574406 clock_gettime(CLOCK_BOOTTIME, {24059, 782582839}) = 0
1521790533.574423 read(5, "u", 16384)   = 1
1521790533.574453 clock_gettime(CLOCK_BOOTTIME, {24059, 782628303}) = 0
1521790533.574465 clock_gettime(CLOCK_BOOTTIME, {24059, 782639758}) = 0
1521790533.574477 select(8, [4 5], [4], NULL, NULL) = 1 (out [4])
1521790533.574495 clock_gettime(CLOCK_BOOTTIME, {24059, 782669717}) = 0
1521790533.574507 write(4, "\257\3014\266_\32\25\211\222?\n\37d^\325\37\217Y7\315\234q+h\2362\352<\200c\331 "..., 36) = 36
1521790533.574585 clock_gettime(CLOCK_BOOTTIME, {24059, 782760070}) = 0
1521790533.574598 clock_gettime(CLOCK_BOOTTIME, {24059, 782772625}) = 0
1521790533.574624 select(8, [4 5], [], NULL, NULL) = 1 (in [4])
1521790533.575107 clock_gettime(CLOCK_BOOTTIME, {24059, 783285631}) = 0
1521790533.575129 read(4, "=T\307\347e&\236\331\27\31\375\220\366\313\256\244\21\3x&\256\246\242Nw\335{\206\213\274\372M"..., 8192) = 36
1521790533.575163 clock_gettime(CLOCK_BOOTTIME, {24059, 783341714}) = 0
1521790533.575180 clock_gettime(CLOCK_BOOTTIME, {24059, 783355229}) = 0
1521790533.575192 select(8, [4 5], [6], NULL, NULL) = 1 (out [6])
1521790533.575210 clock_gettime(CLOCK_BOOTTIME, {24059, 783384882}) = 0
1521790533.575221 write(6, "u", 1)      = 1
1521790533.575322 clock_gettime(CLOCK_BOOTTIME, {24059, 783497971}) = 0
1521790533.575336 clock_gettime(CLOCK_BOOTTIME, {24059, 783510883}) = 0
1521790533.575348 select(8, [4 5], [], NULL, NULL) = 1 (in [5])
1521790533.654249 clock_gettime(CLOCK_BOOTTIME, {24059, 862427339}) = 0
1521790533.654268 read(5, "\r", 16384)  = 1
1521790533.654299 clock_gettime(CLOCK_BOOTTIME, {24059, 862493915}) = 0
1521790533.654337 clock_gettime(CLOCK_BOOTTIME, {24059, 862513463}) = 0
1521790533.654354 select(8, [4 5], [4], NULL, NULL) = 1 (out [4])
1521790533.654392 clock_gettime(CLOCK_BOOTTIME, {24059, 862568776}) = 0
1521790533.654409 write(4, "<\1\275\251\37\3\323\324\255q<\6\203V\227H{\367ZE\223\306\21\f\243\177Q\345\333\3468\270"..., 36) = 36
1521790533.654492 clock_gettime(CLOCK_BOOTTIME, {24059, 862668228}) = 0
1521790533.654509 clock_gettime(CLOCK_BOOTTIME, {24059, 862684616}) = 0
1521790533.654524 select(8, [4 5], [], NULL, NULL) = 1 (in [4])
1521790533.655322 clock_gettime(CLOCK_BOOTTIME, {24059, 863498892}) = 0
1521790533.655337 read(4, "\243p\310\231\2\316\231\323\375\264R\31\324M\337\305sj\232\267\10\0260>\342Nz\177N\205\254\360"..., 8192) = 36
1521790533.655361 clock_gettime(CLOCK_BOOTTIME, {24059, 863536042}) = 0
1521790533.655388 clock_gettime(CLOCK_BOOTTIME, {24059, 863562973}) = 0
1521790533.655400 select(8, [4 5], [6], NULL, NULL) = 1 (out [6])
1521790533.655418 clock_gettime(CLOCK_BOOTTIME, {24059, 863593111}) = 0
1521790533.655430 write(6, "\r\n", 2)   = 2
1521790533.655532 clock_gettime(CLOCK_BOOTTIME, {24059, 863708233}) = 0
1521790533.655546 clock_gettime(CLOCK_BOOTTIME, {24059, 863721011}) = 0
1521790533.655558 select(8, [4 5], [], NULL, NULL) = 1 (in [4])
1521790533.662668 clock_gettime(CLOCK_BOOTTIME, {24059, 870844875}) = 0
1521790533.662685 read(4, "6N\355\362;\312\341\2212$u\372~i98\322+\351\277\3543e\17\"\7{E\6\7\355\230"..., 8192) = 4464
1521790533.662749 clock_gettime(CLOCK_BOOTTIME, {24059, 870925026}) = 0
1521790533.662762 clock_gettime(CLOCK_BOOTTIME, {24059, 870937113}) = 0
1521790533.662775 select(8, [4 5], [6], NULL, NULL) = 1 (out [6])
1521790533.662793 clock_gettime(CLOCK_BOOTTIME, {24059, 870967611}) = 0
1521790533.662804 write(6, "0\t./.mozilla/extensions/{ec8030f"..., 4388) = 4388
1521790533.663173 clock_gettime(CLOCK_BOOTTIME, {24059, 871348474}) = 0
1521790533.663187 clock_gettime(CLOCK_BOOTTIME, {24059, 871362147}) = 0
1521790533.663199 select(8, [4 5], [], NULL, NULL) = 1 (in [4])
1521790533.664383 clock_gettime(CLOCK_BOOTTIME, {24059, 872570048}) = 0
1521790533.664417 read(4, "o\31o\23W\341\372~\264\377\271x>\36\304g\236\214\350\325\315yNxF\367H\v\336E\226Y"..., 8192) = 1572
1521790533.664472 clock_gettime(CLOCK_BOOTTIME, {24059, 872651562}) = 0
1521790533.664494 clock_gettime(CLOCK_BOOTTIME, {24059, 872670913}) = 0
1521790533.664513 select(8, [4 5], [6], NULL, NULL) = 1 (out [6])
1521790533.664542 clock_gettime(CLOCK_BOOTTIME, {24059, 872718932}) = 0
1521790533.664560 write(6, "8\t./.local/share/keyrings\r\n4\t./."..., 1533) = 1533
1521790533.664709 clock_gettime(CLOCK_BOOTTIME, {24059, 872887717}) = 0
1521790533.664731 clock_gettime(CLOCK_BOOTTIME, {24059, 872908635}) = 0
1521790533.664751 select(8, [4 5], [], NULL, NULL) = 1 (in [4])
1521790533.665424 clock_gettime(CLOCK_BOOTTIME, {24059, 873603199}) = 0
1521790533.665445 read(4, "\226[\257\265\301\215\211\tB\234b\311\223\374\214\0\207\205\34\371\304\21F\370IZ\4jk+\322\37"..., 8192) = 68
1521790533.665477 clock_gettime(CLOCK_BOOTTIME, {24059, 873654006}) = 0
1521790533.665511 clock_gettime(CLOCK_BOOTTIME, {24059, 873687919}) = 0
1521790533.665528 select(8, [4 5], [6], NULL, NULL) = 1 (out [6])
1521790533.665554 clock_gettime(CLOCK_BOOTTIME, {24059, 873729733}) = 0
1521790533.665569 write(6, "396\t./.local\r\n0\t./tmp\r\n18932\t.\r\n", 32) = 32
1521790533.665746 clock_gettime(CLOCK_BOOTTIME, {24059, 873924301}) = 0
1521790533.665768 clock_gettime(CLOCK_BOOTTIME, {24059, 873945347}) = 0
1521790533.665801 select(8, [4 5], [], NULL, NULL) = 1 (in [4])
1521790533.665832 clock_gettime(CLOCK_BOOTTIME, {24059, 874009548}) = 0
1521790533.665853 read(4, "\2\337\346\31\346\2007\265\322>\366\23\210\346\24J\242\224\25\36\376U\361\27\270\377f\245p\2153\33"..., 8192) = 76
1521790533.665881 clock_gettime(CLOCK_BOOTTIME, {24059, 874058707}) = 0
1521790533.665901 clock_gettime(CLOCK_BOOTTIME, {24059, 874078545}) = 0
1521790533.665921 select(8, [4 5], [6], NULL, NULL) = 1 (out [6])
1521790533.665947 clock_gettime(CLOCK_BOOTTIME, {24059, 874125175}) = 0
1521790533.665967 write(6, "\33]0;jacob@study:~\7[jacob@study ~"..., 35) = 35
1521790533.666100 clock_gettime(CLOCK_BOOTTIME, {24059, 874278168}) = 0
1521790533.666122 clock_gettime(CLOCK_BOOTTIME, {24059, 874299078}) = 0
1521790533.666140 select(8, [4 5], [], NULL, NULL) = 1 (in [5])
1521790535.086160 clock_gettime(CLOCK_BOOTTIME, {24061, 294337366}) = 0
1521790535.086178 read(5, "\4", 16384)  = 1
1521790535.086204 clock_gettime(CLOCK_BOOTTIME, {24061, 294379267}) = 0
1521790535.086216 clock_gettime(CLOCK_BOOTTIME, {24061, 294390658}) = 0
1521790535.086228 select(8, [4 5], [4], NULL, NULL) = 1 (out [4])
1521790535.086245 clock_gettime(CLOCK_BOOTTIME, {24061, 294419695}) = 0
1521790535.086257 write(4, ",}\313\31MOd6\225\357\7tH\314\r\34L\33\230\250\256\226;\31\350\33r\305\260>\230\226"..., 36) = 36
1521790535.086328 clock_gettime(CLOCK_BOOTTIME, {24061, 294503391}) = 0
1521790535.086341 clock_gettime(CLOCK_BOOTTIME, {24061, 294515749}) = 0
1521790535.086352 select(8, [4 5], [], NULL, NULL) = 1 (in [4])
1521790535.087639 clock_gettime(CLOCK_BOOTTIME, {24061, 295816029}) = 0
1521790535.087655 read(4, "1Fy\252C\212\370\215\212\317\227\305G\336C\303N\0224\3762\3737\350\234\21\3\231\337'\211%"..., 8192) = 220
1521790535.087679 close(5)              = 0
1521790535.087697 clock_gettime(CLOCK_BOOTTIME, {24061, 295871759}) = 0
1521790535.087708 clock_gettime(CLOCK_BOOTTIME, {24061, 295883154}) = 0
1521790535.087720 select(8, [4], [6], NULL, NULL) = 1 (out [6])
1521790535.087736 clock_gettime(CLOCK_BOOTTIME, {24061, 295911255}) = 0
1521790535.087748 write(6, "logout\r\n", 8) = 8
1521790535.087840 clock_gettime(CLOCK_BOOTTIME, {24061, 296015207}) = 0
1521790535.087853 clock_gettime(CLOCK_BOOTTIME, {24061, 296027935}) = 0
1521790535.087866 close(6)              = 0
1521790535.087878 ioctl(0, SNDCTL_TMR_STOP or TCSETSW, {B38400 opost isig icanon echo ...}) = 0
1521790535.087992 close(7)              = 0
1521790535.088009 select(8, [4], [4], NULL, NULL) = 1 (out [4])
1521790535.088026 clock_gettime(CLOCK_BOOTTIME, {24061, 296201429}) = 0
1521790535.088038 write(4, "\361]L\313B.\244\206\305\316\355y\255\205\230\250dP\245$\10\7}\270r\253$\364~\\={"..., 36) = 36
1521790535.088090 rt_sigaction(SIGWINCH, NULL, {0x556ecbc7f430, [], SA_RESTORER, 0x7fd0b3cfa270}, 8) = 0
1521790535.088170 rt_sigaction(SIGWINCH, {SIG_DFL, [], SA_RESTORER, 0x7fd0b3cfa270}, NULL, 8) = 0
1521790535.088188 write(4, "\3403\211:\264\217\317\266\23\22\327\302u\230\252\30\30\3I\311\262\227\342`\251`\30\274\322\30}Q"..., 60) = 60
1521790535.088238 ioctl(0, TCGETS, {B38400 opost isig icanon echo ...}) = 0
1521790535.088253 ioctl(1, TCGETS, {B38400 opost isig icanon echo ...}) = 0
1521790535.088265 ioctl(2, TCGETS, {B38400 opost isig icanon echo ...}) = 0
1521790535.088279 write(2, "Connection to 192.168.125.180 cl"..., 39) = 39
1521790535.088357 shutdown(4, SHUT_RDWR) = 0
1521790535.088403 close(4)              = 0
1521790535.088601 exit_group(0)         = ?
1521790535.088929 +++ exited with 0 +++
