1521772362.400787 select(5, [4], NULL, NULL, NULL) = 1 (in [4])
1521772362.415746 read(4, "N\212\261\16\255\3&\363F\311uE\301Y\353\2\217\211\3222\245\r\336\23\276\233\353\244\213A\364\343"..., 8192) = 44
1521772362.415783 write(4, "43\302\320\210\256W\370\23\364\17\377\356\346*(?~\376\2347p\221\222K\340\r\320\241\271(\340"..., 68) = 68
1521772362.415842 select(5, [4], NULL, NULL, NULL) = 1 (in [4])
1521772362.416612 read(4, "@\372\246\316\374\246\355\330\275\37\354\203\375\302\221)\16\346\3\350\241\316\",\31\"\n\337%\215\32\334"..., 8192) = 84
1521772362.416659 futex(0x7f78b974c530, FUTEX_WAKE_PRIVATE, 2147483647) = 0
1521772362.416694 futex(0x7f78b974c3d0, FUTEX_WAKE_PRIVATE, 2147483647) = 0
1521772362.416726 futex(0x7f78bbd29fa0, FUTEX_WAKE_PRIVATE, 2147483647) = 0
1521772362.416757 lstat("/etc/gss/mech", 0x7ffd13dec950) = -1 ENOENT (No such file or directory)
1521772362.416797 openat(AT_FDCWD, "/etc/gss/mech.d", O_RDONLY|O_NONBLOCK|O_DIRECTORY|O_CLOEXEC) = 5
1521772362.416826 getdents(5, /* 3 entries */, 32768) = 88
1521772362.416849 open("/usr/lib64/gconv/gconv-modules.cache", O_RDONLY) = 6
1521772362.416865 fstat(6, {st_mode=S_IFREG|0644, st_size=26254, ...}) = 0
1521772362.416882 mmap(NULL, 26254, PROT_READ, MAP_SHARED, 6, 0) = 0x7f78bd6a0000
1521772362.416898 close(6)              = 0
1521772362.416910 futex(0x7f78bb3b9a80, FUTEX_WAKE_PRIVATE, 2147483647) = 0
1521772362.416931 getdents(5, /* 0 entries */, 32768) = 0
1521772362.416943 close(5)              = 0
1521772362.416956 lstat("/etc/gss/mech.d/gssproxy.conf", {st_mode=S_IFREG|0644, st_size=189, ...}) = 0
1521772362.416977 open("/etc/gss/mech.d/gssproxy.conf", O_RDONLY) = 5
1521772362.416994 fstat(5, {st_mode=S_IFREG|0644, st_size=189, ...}) = 0
1521772362.417007 mmap(NULL, 4096, PROT_READ|PROT_WRITE, MAP_PRIVATE|MAP_ANONYMOUS, -1, 0) = 0x7f78bd69f000
1521772362.417022 read(5, "# GSS-API mechanism plugins\n#\n# "..., 4096) = 189
1521772362.417049 read(5, "", 4096)     = 0
1521772362.417063 close(5)              = 0
1521772362.417075 munmap(0x7f78bd69f000, 4096) = 0
1521772362.417098 stat("/usr/lib64/gssproxy/proxymech.so", {st_mode=S_IFREG|0755, st_size=115072, ...}) = 0
1521772362.417123 futex(0x7f78bcbfb0d0, FUTEX_WAKE_PRIVATE, 2147483647) = 0
1521772362.417142 open("/usr/lib64/gssproxy/proxymech.so", O_RDONLY|O_CLOEXEC) = 5
1521772362.417157 read(5, "\177ELF\2\1\1\0\0\0\0\0\0\0\0\0\3\0>\0\1\0\0\0\320x\0\0\0\0\0\0"..., 832) = 832
1521772362.417170 fstat(5, {st_mode=S_IFREG|0755, st_size=115072, ...}) = 0
1521772362.417184 mmap(NULL, 2208224, PROT_READ|PROT_EXEC, MAP_PRIVATE|MAP_DENYWRITE, 5, 0) = 0x7f78b27db000
1521772362.417198 mprotect(0x7f78b27f6000, 2093056, PROT_NONE) = 0
1521772362.417213 mmap(0x7f78b29f5000, 8192, PROT_READ|PROT_WRITE, MAP_PRIVATE|MAP_FIXED|MAP_DENYWRITE, 5, 0x1a000) = 0x7f78b29f5000
1521772362.417236 close(5)              = 0
1521772362.417256 open("/etc/ld.so.cache", O_RDONLY|O_CLOEXEC) = 5
1521772362.417278 fstat(5, {st_mode=S_IFREG|0644, st_size=74765, ...}) = 0
1521772362.417296 mmap(NULL, 74765, PROT_READ, MAP_PRIVATE, 5, 0) = 0x7f78bd672000
1521772362.417315 close(5)              = 0
1521772362.417338 open("/lib64/libgssrpc.so.4", O_RDONLY|O_CLOEXEC) = 5
1521772362.417364 read(5, "\177ELF\2\1\1\0\0\0\0\0\0\0\0\0\3\0>\0\1\0\0\0\340Z\0\0\0\0\0\0"..., 832) = 832
1521772362.417378 fstat(5, {st_mode=S_IFREG|0755, st_size=134368, ...}) = 0
1521772362.417393 mmap(NULL, 2227072, PROT_READ|PROT_EXEC, MAP_PRIVATE|MAP_DENYWRITE, 5, 0) = 0x7f78b25bb000
1521772362.417445 mprotect(0x7f78b25d9000, 2097152, PROT_NONE) = 0
1521772362.417459 mmap(0x7f78b27d9000, 8192, PROT_READ|PROT_WRITE, MAP_PRIVATE|MAP_FIXED|MAP_DENYWRITE, 5, 0x1e000) = 0x7f78b27d9000
1521772362.417485 close(5)              = 0
1521772362.417633 mprotect(0x7f78b27d9000, 4096, PROT_READ) = 0
1521772362.417792 mprotect(0x7f78b29f5000, 4096, PROT_READ) = 0
1521772362.417814 munmap(0x7f78bd672000, 74765) = 0
1521772362.417853 stat("/usr/lib64/gssproxy/proxymech.so", {st_mode=S_IFREG|0755, st_size=115072, ...}) = 0
1521772362.417935 futex(0x7f78bbadc480, FUTEX_WAKE_PRIVATE, 2147483647) = 0
1521772362.417969 futex(0x7f78bbadd6d0, FUTEX_WAKE_PRIVATE, 2147483647) = 0
1521772362.417999 stat("/etc/krb5.conf", {st_mode=S_IFREG|0644, st_size=590, ...}) = 0
1521772362.418278 open("/etc/krb5.conf", O_RDONLY) = 5
1521772362.418298 fcntl(5, F_SETFD, FD_CLOEXEC) = 0
1521772362.418319 fstat(5, {st_mode=S_IFREG|0644, st_size=590, ...}) = 0
1521772362.418333 mmap(NULL, 4096, PROT_READ|PROT_WRITE, MAP_PRIVATE|MAP_ANONYMOUS, -1, 0) = 0x7f78bd69f000
1521772362.418347 read(5, "# Configuration snippets may be "..., 4096) = 590
1521772362.418368 openat(AT_FDCWD, "/etc/krb5.conf.d/", O_RDONLY|O_NONBLOCK|O_DIRECTORY|O_CLOEXEC) = 6
1521772362.418388 getdents(6, /* 2 entries */, 32768) = 48
1521772362.418403 getdents(6, /* 0 entries */, 32768) = 0
1521772362.418416 close(6)              = 0
1521772362.418440 read(5, "", 4096)     = 0
1521772362.418455 close(5)              = 0
1521772362.418466 munmap(0x7f78bd69f000, 4096) = 0
1521772362.418565 stat("/etc/krb5.conf", {st_mode=S_IFREG|0644, st_size=590, ...}) = 0
1521772362.418586 open("/etc/krb5.conf", O_RDONLY) = 5
1521772362.418601 fcntl(5, F_SETFD, FD_CLOEXEC) = 0
1521772362.418613 fstat(5, {st_mode=S_IFREG|0644, st_size=590, ...}) = 0
1521772362.418626 mmap(NULL, 4096, PROT_READ|PROT_WRITE, MAP_PRIVATE|MAP_ANONYMOUS, -1, 0) = 0x7f78bd69f000
1521772362.418639 read(5, "# Configuration snippets may be "..., 4096) = 590
1521772362.418655 openat(AT_FDCWD, "/etc/krb5.conf.d/", O_RDONLY|O_NONBLOCK|O_DIRECTORY|O_CLOEXEC) = 6
1521772362.418672 getdents(6, /* 2 entries */, 32768) = 48
1521772362.418685 getdents(6, /* 0 entries */, 32768) = 0
1521772362.418696 close(6)              = 0
1521772362.418715 read(5, "", 4096)     = 0
1521772362.418743 close(5)              = 0
1521772362.418754 munmap(0x7f78bd69f000, 4096) = 0
1521772362.418788 access("/etc/krb5.conf", R_OK) = 0
1521772362.418807 stat("/etc/krb5.conf", {st_mode=S_IFREG|0644, st_size=590, ...}) = 0
1521772362.418836 stat("/etc/sysconfig/64bit_strstr_via_64bit_strstr_sse2_unaligned", 0x7ffd13debef0) = -1 ENOENT (No such file or directory)
1521772362.418860 geteuid()             = 1001
1521772362.418893 open("/var/kerberos/krb5/user/1001/client.keytab", O_RDONLY) = -1 ENOENT (No such file or directory)
1521772362.418931 getuid()              = 1001
1521772362.419030 keyctl(KEYCTL_GET_PERSISTENT, 1001, KEY_SPEC_PROCESS_KEYRING) = 314351014
1521772362.419927 keyctl(KEYCTL_SEARCH, 314351014, "keyring", "_krb", KEY_SPEC_PROCESS_KEYRING) = 842596139
1521772362.419946 keyctl(KEYCTL_SEARCH, 842596139, "user", "krb_ccache:primary", 0) = 488544336
1521772362.419963 keyctl(KEYCTL_READ, 488544336, NULL, 0) = 12
1521772362.419977 keyctl(KEYCTL_READ, 488544336, "", 12) = 12
1521772362.419990 keyctl(KEYCTL_READ, 842596139, NULL, 0) = 4
1521772362.420001 keyctl(KEYCTL_READ, 842596139, "P\230\36\35", 4) = 4
1521772362.420013 keyctl(KEYCTL_SEARCH, 842596139, "keyring", "1001", 0) = -1 ENOKEY (Required key not available)
1521772362.420031 keyctl(KEYCTL_DESCRIBE, 488544336, NULL, 0) = 43
1521772362.420067 keyctl(KEYCTL_DESCRIBE, 488544336, "user;1001;1001;3f010000;krb_ccac"..., 43) = 43
1521772362.420131 stat("/etc/krb5.conf", {st_mode=S_IFREG|0644, st_size=590, ...}) = 0
1521772362.420152 open("/etc/krb5.conf", O_RDONLY) = 5
1521772362.420167 fcntl(5, F_SETFD, FD_CLOEXEC) = 0
1521772362.420180 fstat(5, {st_mode=S_IFREG|0644, st_size=590, ...}) = 0
1521772362.420192 mmap(NULL, 4096, PROT_READ|PROT_WRITE, MAP_PRIVATE|MAP_ANONYMOUS, -1, 0) = 0x7f78bd69f000
1521772362.420206 read(5, "# Configuration snippets may be "..., 4096) = 590
1521772362.420224 openat(AT_FDCWD, "/etc/krb5.conf.d/", O_RDONLY|O_NONBLOCK|O_DIRECTORY|O_CLOEXEC) = 6
1521772362.420240 getdents(6, /* 2 entries */, 32768) = 48
1521772362.420253 getdents(6, /* 0 entries */, 32768) = 0
1521772362.420264 close(6)              = 0
1521772362.420284 read(5, "", 4096)     = 0
1521772362.420296 close(5)              = 0
1521772362.420308 munmap(0x7f78bd69f000, 4096) = 0
1521772362.420352 stat("/etc/krb5.conf", {st_mode=S_IFREG|0644, st_size=590, ...}) = 0
1521772362.420372 open("/etc/krb5.conf", O_RDONLY) = 5
1521772362.420392 fcntl(5, F_SETFD, FD_CLOEXEC) = 0
1521772362.420406 fstat(5, {st_mode=S_IFREG|0644, st_size=590, ...}) = 0
1521772362.420418 mmap(NULL, 4096, PROT_READ|PROT_WRITE, MAP_PRIVATE|MAP_ANONYMOUS, -1, 0) = 0x7f78bd69f000
1521772362.420431 read(5, "# Configuration snippets may be "..., 4096) = 590
1521772362.420447 openat(AT_FDCWD, "/etc/krb5.conf.d/", O_RDONLY|O_NONBLOCK|O_DIRECTORY|O_CLOEXEC) = 6
1521772362.420463 getdents(6, /* 2 entries */, 32768) = 48
1521772362.420476 getdents(6, /* 0 entries */, 32768) = 0
1521772362.420487 close(6)              = 0
1521772362.420505 read(5, "", 4096)     = 0
1521772362.420517 close(5)              = 0
1521772362.420529 munmap(0x7f78bd69f000, 4096) = 0
1521772362.420563 stat("/etc/krb5.conf", {st_mode=S_IFREG|0644, st_size=590, ...}) = 0
1521772362.420583 open("/etc/krb5.conf", O_RDONLY) = 5
1521772362.420597 fcntl(5, F_SETFD, FD_CLOEXEC) = 0
1521772362.420609 fstat(5, {st_mode=S_IFREG|0644, st_size=590, ...}) = 0
1521772362.420621 mmap(NULL, 4096, PROT_READ|PROT_WRITE, MAP_PRIVATE|MAP_ANONYMOUS, -1, 0) = 0x7f78bd69f000
1521772362.420634 read(5, "# Configuration snippets may be "..., 4096) = 590
1521772362.420651 openat(AT_FDCWD, "/etc/krb5.conf.d/", O_RDONLY|O_NONBLOCK|O_DIRECTORY|O_CLOEXEC) = 6
1521772362.420666 getdents(6, /* 2 entries */, 32768) = 48
1521772362.420679 getdents(6, /* 0 entries */, 32768) = 0
1521772362.420690 close(6)              = 0
1521772362.420721 read(5, "", 4096)     = 0
1521772362.420736 close(5)              = 0
1521772362.420782 munmap(0x7f78bd69f000, 4096) = 0
1521772362.420811 access("/etc/krb5.conf", R_OK) = 0
1521772362.421190 stat("/etc/krb5.conf", {st_mode=S_IFREG|0644, st_size=590, ...}) = 0
1521772362.421222 geteuid()             = 1001
1521772362.421238 open("/var/kerberos/krb5/user/1001/client.keytab", O_RDONLY) = -1 ENOENT (No such file or directory)
1521772362.421263 getuid()              = 1001
1521772362.421277 keyctl(KEYCTL_GET_PERSISTENT, 1001, KEY_SPEC_PROCESS_KEYRING) = 314351014
1521772362.421292 keyctl(KEYCTL_SEARCH, 314351014, "keyring", "_krb", KEY_SPEC_PROCESS_KEYRING) = 842596139
1521772362.421308 keyctl(KEYCTL_SEARCH, 842596139, "user", "krb_ccache:primary", 0) = 488544336
1521772362.421321 keyctl(KEYCTL_READ, 488544336, NULL, 0) = 12
1521772362.421333 keyctl(KEYCTL_READ, 488544336, "", 12) = 12
1521772362.421345 keyctl(KEYCTL_READ, 842596139, NULL, 0) = 4
1521772362.421356 keyctl(KEYCTL_READ, 842596139, "P\230\36\35", 4) = 4
1521772362.421380 keyctl(KEYCTL_SEARCH, 842596139, "keyring", "1001", 0) = -1 ENOKEY (Required key not available)
1521772362.421402 keyctl(KEYCTL_DESCRIBE, 488544336, NULL, 0) = 43
1521772362.421414 keyctl(KEYCTL_DESCRIBE, 488544336, "user;1001;1001;3f010000;krb_ccac"..., 43) = 43
1521772362.421437 access("/etc/krb5.conf", R_OK) = 0
1521772362.421453 stat("/etc/krb5.conf", {st_mode=S_IFREG|0644, st_size=590, ...}) = 0
1521772362.421527 stat("/etc/krb5.conf", {st_mode=S_IFREG|0644, st_size=590, ...}) = 0
1521772362.421549 open("/etc/krb5.conf", O_RDONLY) = 5
1521772362.421564 fcntl(5, F_SETFD, FD_CLOEXEC) = 0
1521772362.421577 fstat(5, {st_mode=S_IFREG|0644, st_size=590, ...}) = 0
1521772362.421589 mmap(NULL, 4096, PROT_READ|PROT_WRITE, MAP_PRIVATE|MAP_ANONYMOUS, -1, 0) = 0x7f78bd69f000
1521772362.421603 read(5, "# Configuration snippets may be "..., 4096) = 590
1521772362.421621 openat(AT_FDCWD, "/etc/krb5.conf.d/", O_RDONLY|O_NONBLOCK|O_DIRECTORY|O_CLOEXEC) = 6
1521772362.421636 getdents(6, /* 2 entries */, 32768) = 48
1521772362.421650 getdents(6, /* 0 entries */, 32768) = 0
1521772362.421661 close(6)              = 0
1521772362.421680 read(5, "", 4096)     = 0
1521772362.421692 close(5)              = 0
1521772362.421704 munmap(0x7f78bd69f000, 4096) = 0
1521772362.421739 stat("/home/king/.ssh/id_rsa", 0x7ffd13dec9d0) = -1 ENOENT (No such file or directory)
1521772362.421761 stat("/home/king/.ssh/id_dsa", 0x7ffd13dec9d0) = -1 ENOENT (No such file or directory)
1521772362.421776 stat("/home/king/.ssh/id_ecdsa", 0x7ffd13dec9d0) = -1 ENOENT (No such file or directory)
1521772362.421794 stat("/home/king/.ssh/id_ed25519", 0x7ffd13dec9d0) = -1 ENOENT (No such file or directory)
1521772362.421815 open("/dev/tty", O_RDWR) = 5
1521772362.421834 close(5)              = 0
1521772362.421846 open("/dev/tty", O_RDWR) = 5
1521772362.421859 ioctl(5, TCGETS, {B38400 opost isig icanon echo ...}) = 0
1521772362.421886 ioctl(5, SNDCTL_TMR_CONTINUE or TCSETSF, {B38400 opost isig icanon -echo ...}) = 0
1521772362.421901 rt_sigaction(SIGALRM, {0x562a1e0fa5b0, [], SA_RESTORER, 0x7f78bb031270}, {SIG_DFL, [], 0}, 8) = 0
1521772362.421917 rt_sigaction(SIGHUP, {0x562a1e0fa5b0, [], SA_RESTORER, 0x7f78bb031270}, {SIG_DFL, [], 0}, 8) = 0
1521772362.421930 rt_sigaction(SIGINT, {0x562a1e0fa5b0, [], SA_RESTORER, 0x7f78bb031270}, {SIG_DFL, [], 0}, 8) = 0
1521772362.421942 rt_sigaction(SIGPIPE, {0x562a1e0fa5b0, [], SA_RESTORER, 0x7f78bb031270}, {SIG_IGN, [], SA_RESTORER, 0x7f78bb031270}, 8) = 0
1521772362.421954 rt_sigaction(SIGQUIT, {0x562a1e0fa5b0, [], SA_RESTORER, 0x7f78bb031270}, {SIG_DFL, [], 0}, 8) = 0
1521772362.421966 rt_sigaction(SIGTERM, {0x562a1e0fa5b0, [], SA_RESTORER, 0x7f78bb031270}, {SIG_DFL, [], 0}, 8) = 0
1521772362.421978 rt_sigaction(SIGTSTP, {0x562a1e0fa5b0, [], SA_RESTORER, 0x7f78bb031270}, {SIG_DFL, [], 0}, 8) = 0
1521772362.421991 rt_sigaction(SIGTTIN, {0x562a1e0fa5b0, [], SA_RESTORER, 0x7f78bb031270}, {SIG_DFL, [], 0}, 8) = 0
1521772362.422003 rt_sigaction(SIGTTOU, {0x562a1e0fa5b0, [], SA_RESTORER, 0x7f78bb031270}, {SIG_DFL, [], 0}, 8) = 0
1521772362.422015 write(5, "jacob@192.168.125.180's password"..., 34) = 34
1521772362.422091 read(5, "b", 1)       = 1
1521772362.422105 read(5, "b", 1)       = 1
1521772362.422117 read(5, "c", 1)       = 1
1521772362.422128 read(5, "0", 1)       = 1
1521772362.422140 read(5, "0", 1)       = 1
1521772362.422152 read(5, "0", 1)       = 1
1521772362.422164 read(5, "7", 1)       = 1
1521772362.422175 read(5, "3", 1)       = 1
1521772362.422186 read(5, "1", 1)       = 1
1521772362.422198 read(5, "\n", 1)      = 1
1521772362.422209 write(5, "\n", 1)     = 1
1521772362.422227 ioctl(5, SNDCTL_TMR_CONTINUE or TCSETSF, {B38400 opost isig icanon echo ...}) = 0
1521772362.422241 rt_sigaction(SIGALRM, {SIG_DFL, [], SA_RESTORER, 0x7f78bb031270}, NULL, 8) = 0
1521772362.422253 rt_sigaction(SIGHUP, {SIG_DFL, [], SA_RESTORER, 0x7f78bb031270}, NULL, 8) = 0
1521772362.422264 rt_sigaction(SIGINT, {SIG_DFL, [], SA_RESTORER, 0x7f78bb031270}, NULL, 8) = 0
1521772362.422275 rt_sigaction(SIGQUIT, {SIG_DFL, [], SA_RESTORER, 0x7f78bb031270}, NULL, 8) = 0
1521772362.422286 rt_sigaction(SIGPIPE, {SIG_IGN, [], SA_RESTORER, 0x7f78bb031270}, NULL, 8) = 0
1521772362.422298 rt_sigaction(SIGTERM, {SIG_DFL, [], SA_RESTORER, 0x7f78bb031270}, NULL, 8) = 0
1521772362.422309 rt_sigaction(SIGTSTP, {SIG_DFL, [], SA_RESTORER, 0x7f78bb031270}, NULL, 8) = 0
1521772362.422320 rt_sigaction(SIGTTIN, {SIG_DFL, [], SA_RESTORER, 0x7f78bb031270}, NULL, 8) = 0
1521772362.422331 rt_sigaction(SIGTTOU, {SIG_DFL, [], SA_RESTORER, 0x7f78bb031270}, NULL, 8) = 0
1521772362.422342 close(5)              = 0
1521772362.422364 write(4, "a\324\307 A\32\361\214[\320'\320hj\321B\254m?\356\344\35\267'#\352\210r\n=\220N"..., 148) = 148
1521772362.422452 select(5, [4], NULL, NULL, NULL) = 1 (in [4])
1521772362.443119 read(4, "\f\243\272x\2174a\5\310\16\277\216b\266\23\21w\344\32%13h\252\362\264\207\204", 8192) = 28
1521772362.443237 dup(0)                = 5
1521772362.443254 dup(1)                = 6
1521772362.443264 dup(2)                = 7
1521772362.443298 ioctl(5, TCGETS, {B38400 opost isig icanon echo ...}) = 0
1521772362.443319 ioctl(6, TCGETS, {B38400 opost isig icanon echo ...}) = 0
1521772362.443331 ioctl(7, TCGETS, {B38400 opost isig icanon echo ...}) = 0
1521772362.443347 fcntl(5, F_SETFD, FD_CLOEXEC) = 0
1521772362.443359 fcntl(6, F_SETFD, FD_CLOEXEC) = 0
1521772362.443369 fcntl(7, F_SETFD, FD_CLOEXEC) = 0
1521772362.443393 rt_sigaction(SIGHUP, NULL, {SIG_DFL, [], SA_RESTORER, 0x7f78bb031270}, 8) = 0
1521772362.443538 rt_sigaction(SIGHUP, {SIG_IGN, [], SA_RESTORER, 0x7f78bb031270}, NULL, 8) = 0
1521772362.443550 rt_sigaction(SIGHUP, NULL, {SIG_IGN, [], SA_RESTORER, 0x7f78bb031270}, 8) = 0
1521772362.443570 rt_sigaction(SIGHUP, {0x562a1e09d1a0, [], SA_RESTORER, 0x7f78bb031270}, NULL, 8) = 0
1521772362.443582 rt_sigaction(SIGINT, NULL, {SIG_DFL, [], SA_RESTORER, 0x7f78bb031270}, 8) = 0
1521772362.443593 rt_sigaction(SIGINT, {SIG_IGN, [], SA_RESTORER, 0x7f78bb031270}, NULL, 8) = 0
1521772362.443604 rt_sigaction(SIGINT, NULL, {SIG_IGN, [], SA_RESTORER, 0x7f78bb031270}, 8) = 0
1521772362.443615 rt_sigaction(SIGINT, {0x562a1e09d1a0, [], SA_RESTORER, 0x7f78bb031270}, NULL, 8) = 0
1521772362.443626 rt_sigaction(SIGQUIT, NULL, {SIG_DFL, [], SA_RESTORER, 0x7f78bb031270}, 8) = 0
1521772362.443637 rt_sigaction(SIGQUIT, {SIG_IGN, [], SA_RESTORER, 0x7f78bb031270}, NULL, 8) = 0
1521772362.443648 rt_sigaction(SIGQUIT, NULL, {SIG_IGN, [], SA_RESTORER, 0x7f78bb031270}, 8) = 0
1521772362.443659 rt_sigaction(SIGQUIT, {0x562a1e09d1a0, [], SA_RESTORER, 0x7f78bb031270}, NULL, 8) = 0
1521772362.443670 rt_sigaction(SIGTERM, NULL, {SIG_DFL, [], SA_RESTORER, 0x7f78bb031270}, 8) = 0
1521772362.443682 rt_sigaction(SIGTERM, {SIG_IGN, [], SA_RESTORER, 0x7f78bb031270}, NULL, 8) = 0
1521772362.443693 rt_sigaction(SIGTERM, NULL, {SIG_IGN, [], SA_RESTORER, 0x7f78bb031270}, 8) = 0
1521772362.443704 rt_sigaction(SIGTERM, {0x562a1e09d1a0, [], SA_RESTORER, 0x7f78bb031270}, NULL, 8) = 0
1521772362.443715 rt_sigaction(SIGWINCH, NULL, {SIG_DFL, [], 0}, 8) = 0
1521772362.443726 rt_sigaction(SIGWINCH, {0x562a1e09d430, [], SA_RESTORER, 0x7f78bb031270}, NULL, 8) = 0
1521772362.443738 ioctl(0, TCGETS, {B38400 opost isig icanon echo ...}) = 0
1521772362.443752 ioctl(0, SNDCTL_TMR_STOP or TCSETSW, {B38400 -opost -isig -icanon -echo ...}) = 0
1521772362.443768 clock_gettime(CLOCK_BOOTTIME, {5888, 651944368}) = 0
1521772362.443782 clock_gettime(CLOCK_BOOTTIME, {5888, 651956894}) = 0
1521772362.443794 select(8, [4], [4], NULL, NULL) = 1 (out [4])
1521772362.443811 clock_gettime(CLOCK_BOOTTIME, {5888, 651985937}) = 0
1521772362.443823 write(4, "\356\371\3132\177\351\0D\346\245\253\235\332\344MEZ\266]HV\20\320\343S\36\255%\364\27\245\342"..., 112) = 112
1521772362.443944 clock_gettime(CLOCK_BOOTTIME, {5888, 652119511}) = 0
1521772362.443958 clock_gettime(CLOCK_BOOTTIME, {5888, 652132396}) = 0
1521772362.443969 select(8, [4], [], NULL, NULL) = 1 (in [4])
1521772362.607320 clock_gettime(CLOCK_BOOTTIME, {5888, 815498877}) = 0
1521772362.607341 read(4, "\1\26#*\2727\356\332\33\2606x\202\307\345\301\225\374\336J\265\370\333K\22\272N\205ZR\255\33"..., 8192) = 500
1521772362.607384 clock_gettime(CLOCK_BOOTTIME, {5888, 815561003}) = 0
1521772362.607399 clock_gettime(CLOCK_BOOTTIME, {5888, 815573820}) = 0
1521772362.607411 select(8, [4], [], NULL, NULL) = 1 (in [4])
1521772362.648946 clock_gettime(CLOCK_BOOTTIME, {5888, 857123815}) = 0
1521772362.648963 read(4, "\353+~\262y_& \322\341\363?\325\223\271S\327\265\24J\t\240/\313d6\32\26\37\215\0%"..., 8192) = 44
1521772362.648992 getsockopt(4, SOL_TCP, TCP_NODELAY, [0], [4]) = 0
1521772362.649012 setsockopt(4, SOL_TCP, TCP_NODELAY, [1], 4) = 0
1521772362.649025 getsockname(4, {sa_family=AF_INET, sin_port=htons(43060), sin_addr=inet_addr("192.168.125.181")}, [16]) = 0
1521772362.649048 setsockopt(4, SOL_IP, IP_TOS, [16], 4) = 0
1521772362.649063 ioctl(0, TIOCGWINSZ, {ws_row=38, ws_col=194, ws_xpixel=0, ws_ypixel=0}) = 0
1521772362.649108 clock_gettime(CLOCK_BOOTTIME, {5888, 857284357}) = 0
1521772362.649122 clock_gettime(CLOCK_BOOTTIME, {5888, 857296756}) = 0
1521772362.649134 select(8, [4], [4], NULL, NULL) = 1 (out [4])
1521772362.649151 clock_gettime(CLOCK_BOOTTIME, {5888, 857325830}) = 0
1521772362.649165 write(4, "n\20\277\245\30\324\305\3154\ri\300\"*\24\243LMK\266K\377x\377\r\356Zy\361\324\3148"..., 504) = 504
1521772362.649230 clock_gettime(CLOCK_BOOTTIME, {5888, 857405727}) = 0
1521772362.649243 clock_gettime(CLOCK_BOOTTIME, {5888, 857418319}) = 0
1521772362.649255 select(8, [4], [], NULL, NULL) = 1 (in [4])
1521772362.657421 clock_gettime(CLOCK_BOOTTIME, {5888, 865603255}) = 0
1521772362.657491 read(4, "\234D\351]\27{H\17E&\223\n!\364\1\313W8s\317\256\310\331eL\246>\216\374&v\330"..., 8192) = 108
1521772362.657550 clock_gettime(CLOCK_BOOTTIME, {5888, 865727305}) = 0
1521772362.657565 clock_gettime(CLOCK_BOOTTIME, {5888, 865739992}) = 0
1521772362.657577 select(8, [4 5], [], NULL, NULL) = 1 (in [4])
1521772362.658105 clock_gettime(CLOCK_BOOTTIME, {5888, 866280959}) = 0
1521772362.658119 read(4, ";\345\27t\274\243A\303\325\17]\211\37\373\352r\367\332Q3\373\223\366\22\342\270\332\225/\273~D"..., 8192) = 100
1521772362.658195 clock_gettime(CLOCK_BOOTTIME, {5888, 866371220}) = 0
1521772362.658208 clock_gettime(CLOCK_BOOTTIME, {5888, 866383009}) = 0
1521772362.658220 select(8, [4 5], [6], NULL, NULL) = 1 (out [6])
1521772362.658238 clock_gettime(CLOCK_BOOTTIME, {5888, 866413118}) = 0
1521772362.658250 write(6, "Last login: Fri Mar 23 10:27:01 "..., 60) = 60
1521772362.658361 clock_gettime(CLOCK_BOOTTIME, {5888, 866536941}) = 0
1521772362.658375 clock_gettime(CLOCK_BOOTTIME, {5888, 866549793}) = 0
1521772362.658387 select(8, [4 5], [], NULL, NULL) = 1 (in [4])
1521772362.773946 clock_gettime(CLOCK_BOOTTIME, {5888, 982125067}) = 0
1521772362.773966 read(4, "\351\16\246\344D\241Q\200x\341\7\243gW(,\363\357~\7\327h\27\r1f>b\373\230\n\235"..., 8192) = 84
1521772362.773996 clock_gettime(CLOCK_BOOTTIME, {5888, 982171577}) = 0
1521772362.774008 clock_gettime(CLOCK_BOOTTIME, {5888, 982183369}) = 0
1521772362.774020 select(8, [4 5], [6], NULL, NULL) = 1 (out [6])
1521772362.774039 clock_gettime(CLOCK_BOOTTIME, {5888, 982213973}) = 0
1521772362.774051 write(6, "\33]0;jacob@study:~\7\33[?1034h[jacob"..., 43) = 43
1521772362.774174 clock_gettime(CLOCK_BOOTTIME, {5888, 982349985}) = 0
1521772362.774188 clock_gettime(CLOCK_BOOTTIME, {5888, 982362843}) = 0
1521772362.774200 select(8, [4 5], [], NULL, NULL) = 1 (in [5])
1521772364.878167 clock_gettime(CLOCK_BOOTTIME, {5891, 86343816}) = 0
1521772364.878183 read(5, "l", 16384)   = 1
1521772364.878213 clock_gettime(CLOCK_BOOTTIME, {5891, 86389034}) = 0
1521772364.878226 clock_gettime(CLOCK_BOOTTIME, {5891, 86400764}) = 0
1521772364.878238 select(8, [4 5], [4], NULL, NULL) = 1 (out [4])
1521772364.878255 clock_gettime(CLOCK_BOOTTIME, {5891, 86430031}) = 0
1521772364.878267 write(4, "7w<\253\177\272\"\266\315\333\3\354\256\304S\207{\373\236\273\352\203R\237\211v \26\260\22\36\313"..., 36) = 36
1521772364.878338 clock_gettime(CLOCK_BOOTTIME, {5891, 86513773}) = 0
1521772364.878351 clock_gettime(CLOCK_BOOTTIME, {5891, 86526015}) = 0
1521772364.878363 select(8, [4 5], [], NULL, NULL) = 1 (in [4])
1521772364.879696 clock_gettime(CLOCK_BOOTTIME, {5891, 87875503}) = 0
1521772364.879720 read(4, "kv%\177\\\310m\25\206T/\225\372EY\375\2530\346,\273cI\237\0324f\253\26j^\337"..., 8192) = 36
1521772364.879751 clock_gettime(CLOCK_BOOTTIME, {5891, 87929278}) = 0
1521772364.879772 clock_gettime(CLOCK_BOOTTIME, {5891, 87949961}) = 0
1521772364.879793 select(8, [4 5], [6], NULL, NULL) = 1 (out [6])
1521772364.879822 clock_gettime(CLOCK_BOOTTIME, {5891, 87999988}) = 0
1521772364.879842 write(6, "l", 1)      = 1
1521772364.879964 clock_gettime(CLOCK_BOOTTIME, {5891, 88142482}) = 0
1521772364.879986 clock_gettime(CLOCK_BOOTTIME, {5891, 88179200}) = 0
1521772364.880023 select(8, [4 5], [], NULL, NULL) = 1 (in [5])
1521772365.022061 clock_gettime(CLOCK_BOOTTIME, {5891, 230242171}) = 0
1521772365.022084 read(5, "s", 16384)   = 1
1521772365.022113 clock_gettime(CLOCK_BOOTTIME, {5891, 230289218}) = 0
1521772365.022127 clock_gettime(CLOCK_BOOTTIME, {5891, 230302004}) = 0
1521772365.022140 select(8, [4 5], [4], NULL, NULL) = 1 (out [4])
1521772365.022159 clock_gettime(CLOCK_BOOTTIME, {5891, 230334337}) = 0
1521772365.022172 write(4, "\316Bi:\370\346f\312\3J<\221(\315\270<\313\0206\236\350,\270\10`r^\346\6'\255\311"..., 36) = 36
1521772365.022277 clock_gettime(CLOCK_BOOTTIME, {5891, 230453108}) = 0
1521772365.022291 clock_gettime(CLOCK_BOOTTIME, {5891, 230466468}) = 0
1521772365.022304 select(8, [4 5], [], NULL, NULL) = 1 (in [4])
1521772365.022658 clock_gettime(CLOCK_BOOTTIME, {5891, 230834051}) = 0
1521772365.022671 read(4, "\272\6\220[\322\376\261$\377\255?35.\202\\\221\254C[\256\214_\223\241\4\237\21\2727\333\212"..., 8192) = 36
1521772365.022702 clock_gettime(CLOCK_BOOTTIME, {5891, 230877770}) = 0
1521772365.022715 clock_gettime(CLOCK_BOOTTIME, {5891, 230889850}) = 0
1521772365.022727 select(8, [4 5], [6], NULL, NULL) = 1 (out [6])
1521772365.022744 clock_gettime(CLOCK_BOOTTIME, {5891, 230918890}) = 0
1521772365.022756 write(6, "s", 1)      = 1
1521772365.022854 clock_gettime(CLOCK_BOOTTIME, {5891, 231029124}) = 0
1521772365.022867 clock_gettime(CLOCK_BOOTTIME, {5891, 231041938}) = 0
1521772365.022926 select(8, [4 5], [], NULL, NULL) = 1 (in [5])
1521772365.189580 clock_gettime(CLOCK_BOOTTIME, {5891, 397759220}) = 0
1521772365.189603 read(5, "\r", 16384)  = 1
1521772365.189637 clock_gettime(CLOCK_BOOTTIME, {5891, 397813350}) = 0
1521772365.189651 clock_gettime(CLOCK_BOOTTIME, {5891, 397826104}) = 0
1521772365.189664 select(8, [4 5], [4], NULL, NULL) = 1 (out [4])
1521772365.189683 clock_gettime(CLOCK_BOOTTIME, {5891, 397857714}) = 0
1521772365.189695 write(4, "\r\7\327\274\\\0369Vuw\4\353\17\354S\323\33\"a6\330knO\20085!\325t\272\250"..., 36) = 36
1521772365.189778 clock_gettime(CLOCK_BOOTTIME, {5891, 397953023}) = 0
1521772365.189791 clock_gettime(CLOCK_BOOTTIME, {5891, 397965719}) = 0
1521772365.189803 select(8, [4 5], [], NULL, NULL) = 1 (in [4])
1521772365.191578 clock_gettime(CLOCK_BOOTTIME, {5891, 399753991}) = 0
1521772365.191593 read(4, "t\3\354}9Z\356\37QL\4B=3\t\233\267~\320+(\4p\250\306\271\213/\214\27\241\356"..., 8192) = 36
1521772365.191617 clock_gettime(CLOCK_BOOTTIME, {5891, 399793154}) = 0
1521772365.191630 clock_gettime(CLOCK_BOOTTIME, {5891, 399804843}) = 0
1521772365.191642 select(8, [4 5], [6], NULL, NULL) = 1 (out [6])
1521772365.191660 clock_gettime(CLOCK_BOOTTIME, {5891, 399834779}) = 0
1521772365.191671 write(6, "\r\n", 2)   = 2
1521772365.191783 clock_gettime(CLOCK_BOOTTIME, {5891, 399958441}) = 0
1521772365.191796 clock_gettime(CLOCK_BOOTTIME, {5891, 399971410}) = 0
1521772365.191808 select(8, [4 5], [], NULL, NULL) = 1 (in [4])
1521772365.194776 clock_gettime(CLOCK_BOOTTIME, {5891, 402954693}) = 0
1521772365.194795 read(4, "\3Z\314d\275\323\264\36\320x\366\343La\372\207\30\20\1\22%q\36\334\376\16:/\307\364 4"..., 8192) = 296
1521772365.194827 clock_gettime(CLOCK_BOOTTIME, {5891, 403002673}) = 0
1521772365.194840 clock_gettime(CLOCK_BOOTTIME, {5891, 403014753}) = 0
1521772365.194852 select(8, [4 5], [6], NULL, NULL) = 1 (out [6])
1521772365.194871 clock_gettime(CLOCK_BOOTTIME, {5891, 403046442}) = 0
1521772365.194883 write(6, "\33[0m\33[01;34mtmp\33[0m  \33[01;34m\344\270\213"..., 216) = 216
1521772365.195012 clock_gettime(CLOCK_BOOTTIME, {5891, 403187632}) = 0
1521772365.195026 clock_gettime(CLOCK_BOOTTIME, {5891, 403200845}) = 0
1521772365.195038 select(8, [4 5], [], NULL, NULL) = 1 (in [5])
1521772365.430015 clock_gettime(CLOCK_BOOTTIME, {5891, 638193912}) = 0
1521772365.430035 read(5, "l", 16384)   = 1
1521772365.430065 clock_gettime(CLOCK_BOOTTIME, {5891, 638242043}) = 0
1521772365.430079 clock_gettime(CLOCK_BOOTTIME, {5891, 638254450}) = 0
1521772365.430092 select(8, [4 5], [4], NULL, NULL) = 1 (out [4])
1521772365.430112 clock_gettime(CLOCK_BOOTTIME, {5891, 638286897}) = 0
1521772365.430124 write(4, "\222KY\252uO\36H4\267\273{\244\215\234\372M\334\370\267)\"Q\272x\244\277X\335\200\0329"..., 36) = 36
1521772365.430229 clock_gettime(CLOCK_BOOTTIME, {5891, 638406973}) = 0
1521772365.430251 clock_gettime(CLOCK_BOOTTIME, {5891, 638426366}) = 0
1521772365.430264 select(8, [4 5], [], NULL, NULL) = 1 (in [4])
1521772365.430758 clock_gettime(CLOCK_BOOTTIME, {5891, 638936470}) = 0
1521772365.430780 read(4, "\350\f\233\202\377\30\354\30\303e\342\364VDi\251\251#\257A\r\331\336.\335\221\2600#\375Q\""..., 8192) = 36
1521772365.430816 clock_gettime(CLOCK_BOOTTIME, {5891, 638994447}) = 0
1521772365.430836 clock_gettime(CLOCK_BOOTTIME, {5891, 639014240}) = 0
1521772365.430856 select(8, [4 5], [6], NULL, NULL) = 1 (out [6])
1521772365.430925 clock_gettime(CLOCK_BOOTTIME, {5891, 639100264}) = 0
1521772365.430938 write(6, "l", 1)      = 1
1521772365.431044 clock_gettime(CLOCK_BOOTTIME, {5891, 639227574}) = 0
1521772365.431066 clock_gettime(CLOCK_BOOTTIME, {5891, 639241335}) = 0
1521772365.431078 select(8, [4 5], [], NULL, NULL) = 1 (in [5])
1521772365.565863 clock_gettime(CLOCK_BOOTTIME, {5891, 774043191}) = 0
1521772365.565890 read(5, "s", 16384)   = 1
1521772365.565934 clock_gettime(CLOCK_BOOTTIME, {5891, 774112941}) = 0
1521772365.565956 clock_gettime(CLOCK_BOOTTIME, {5891, 774132914}) = 0
1521772365.565976 select(8, [4 5], [4], NULL, NULL) = 1 (out [4])
1521772365.566006 clock_gettime(CLOCK_BOOTTIME, {5891, 774184260}) = 0
1521772365.566028 write(4, "\30\343b\256i\355{C\313\\\351\203YI\22Hk'\23\24\253\250\3\v\303\0224x\372\22\va"..., 36) = 36
1521772365.566134 clock_gettime(CLOCK_BOOTTIME, {5891, 774312625}) = 0
1521772365.566157 clock_gettime(CLOCK_BOOTTIME, {5891, 774334392}) = 0
1521772365.566176 select(8, [4 5], [], NULL, NULL) = 1 (in [4])
1521772365.566607 clock_gettime(CLOCK_BOOTTIME, {5891, 774782968}) = 0
1521772365.566621 read(4, "#\3273E\17\263i\3361q\263b&q\237\241\206'\346\356\353H\344\254S\2534\361\246\312\3414"..., 8192) = 36
1521772365.566643 clock_gettime(CLOCK_BOOTTIME, {5891, 774818768}) = 0
1521772365.566655 clock_gettime(CLOCK_BOOTTIME, {5891, 774830387}) = 0
1521772365.566667 select(8, [4 5], [6], NULL, NULL) = 1 (out [6])
1521772365.566684 clock_gettime(CLOCK_BOOTTIME, {5891, 774859113}) = 0
1521772365.566696 write(6, "s", 1)      = 1
1521772365.566785 clock_gettime(CLOCK_BOOTTIME, {5891, 774960341}) = 0
1521772365.566798 clock_gettime(CLOCK_BOOTTIME, {5891, 774973160}) = 0
1521772365.566810 select(8, [4 5], [], NULL, NULL) = 1 (in [5])
1521772365.710048 clock_gettime(CLOCK_BOOTTIME, {5891, 918226633}) = 0
1521772365.710068 read(5, "\r", 16384)  = 1
1521772365.710097 clock_gettime(CLOCK_BOOTTIME, {5891, 918272502}) = 0
1521772365.710110 clock_gettime(CLOCK_BOOTTIME, {5891, 918284773}) = 0
1521772365.710122 select(8, [4 5], [4], NULL, NULL) = 1 (out [4])
1521772365.710140 clock_gettime(CLOCK_BOOTTIME, {5891, 918315548}) = 0
1521772365.710153 write(4, "\215E\26.\n\tQ\5:FU\223\226\350-#\255=\344es-\0352e~\312\355\37\274\347\364"..., 36) = 36
1521772365.710237 clock_gettime(CLOCK_BOOTTIME, {5891, 918412928}) = 0
1521772365.710251 clock_gettime(CLOCK_BOOTTIME, {5891, 918425986}) = 0
1521772365.710263 select(8, [4 5], [], NULL, NULL) = 1 (in [4])
1521772365.711235 clock_gettime(CLOCK_BOOTTIME, {5891, 919411043}) = 0
1521772365.711249 read(4, "\37\367q\304\337A9\315\317\206V\326\301\2\274\353~\265\3\334\340Bn3\20\331\333\f.\312\341\325"..., 8192) = 36
1521772365.711273 clock_gettime(CLOCK_BOOTTIME, {5891, 919448552}) = 0
1521772365.711285 clock_gettime(CLOCK_BOOTTIME, {5891, 919460088}) = 0
1521772365.711297 select(8, [4 5], [6], NULL, NULL) = 1 (out [6])
1521772365.711314 clock_gettime(CLOCK_BOOTTIME, {5891, 919488961}) = 0
1521772365.711325 write(6, "\r\n", 2)   = 2
1521772365.711454 clock_gettime(CLOCK_BOOTTIME, {5891, 919629225}) = 0
1521772365.711467 clock_gettime(CLOCK_BOOTTIME, {5891, 919642246}) = 0
1521772365.711479 select(8, [4 5], [], NULL, NULL) = 1 (in [4])
1521772365.712599 clock_gettime(CLOCK_BOOTTIME, {5891, 920778206}) = 0
1521772365.712623 read(4, "E_O\203\204V\2779\273 \201v\226(\202\257}\231\f\2+\275\261\336\274&G\251\306^\310\26"..., 8192) = 296
1521772365.712662 clock_gettime(CLOCK_BOOTTIME, {5891, 920840267}) = 0
1521772365.712683 clock_gettime(CLOCK_BOOTTIME, {5891, 920860377}) = 0
1521772365.712704 select(8, [4 5], [6], NULL, NULL) = 1 (out [6])
1521772365.712732 clock_gettime(CLOCK_BOOTTIME, {5891, 920909256}) = 0
1521772365.712751 write(6, "\33[0m\33[01;34mtmp\33[0m  \33[01;34m\344\270\213"..., 216) = 216
1521772365.712891 clock_gettime(CLOCK_BOOTTIME, {5891, 921068878}) = 0
1521772365.712914 clock_gettime(CLOCK_BOOTTIME, {5891, 921091259}) = 0
1521772365.712934 select(8, [4 5], [], NULL, NULL) = 1 (in [5])
1521772365.950154 clock_gettime(CLOCK_BOOTTIME, {5892, 158332363}) = 0
1521772365.950174 read(5, "l", 16384)   = 1
1521772365.950202 clock_gettime(CLOCK_BOOTTIME, {5892, 158378145}) = 0
1521772365.950215 clock_gettime(CLOCK_BOOTTIME, {5892, 158397214}) = 0
1521772365.950236 select(8, [4 5], [4], NULL, NULL) = 1 (out [4])
1521772365.950255 clock_gettime(CLOCK_BOOTTIME, {5892, 158429963}) = 0
1521772365.950267 write(4, "\326\264\230}\307\203\355\2442\322\6\220&\321\264\321f/\276\4\326\tm\253)\3l\307\366\7\244\331"..., 36) = 36
1521772365.950352 clock_gettime(CLOCK_BOOTTIME, {5892, 158527405}) = 0
1521772365.950365 clock_gettime(CLOCK_BOOTTIME, {5892, 158539996}) = 0
1521772365.950377 select(8, [4 5], [], NULL, NULL) = 1 (in [4])
1521772365.951829 clock_gettime(CLOCK_BOOTTIME, {5892, 160005391}) = 0
1521772365.951882 read(4, "\304\241\t%\342$tP\245\311p<\323PJ(CwBg#\262\7~\302$u\270ZrMy"..., 8192) = 36
1521772365.951907 clock_gettime(CLOCK_BOOTTIME, {5892, 160082866}) = 0
1521772365.951920 clock_gettime(CLOCK_BOOTTIME, {5892, 160094613}) = 0
1521772365.951932 select(8, [4 5], [6], NULL, NULL) = 1 (out [6])
1521772365.951950 clock_gettime(CLOCK_BOOTTIME, {5892, 160125188}) = 0
1521772365.951962 write(6, "l", 1)      = 1
1521772365.952071 clock_gettime(CLOCK_BOOTTIME, {5892, 160246534}) = 0
1521772365.952085 clock_gettime(CLOCK_BOOTTIME, {5892, 160259730}) = 0
1521772365.952096 select(8, [4 5], [], NULL, NULL) = 1 (in [5])
1521772366.070349 clock_gettime(CLOCK_BOOTTIME, {5892, 278527094}) = 0
1521772366.070368 read(5, "s", 16384)   = 1
1521772366.070398 clock_gettime(CLOCK_BOOTTIME, {5892, 278573634}) = 0
1521772366.070411 clock_gettime(CLOCK_BOOTTIME, {5892, 278585986}) = 0
1521772366.070424 select(8, [4 5], [4], NULL, NULL) = 1 (out [4])
1521772366.070443 clock_gettime(CLOCK_BOOTTIME, {5892, 278618221}) = 0
1521772366.070455 write(4, "\253\263\27\334\201\262\366\341\27D\351\r!\252|\376\357\255._\2\240C\17\205\3\6\204\1\2\365\""..., 36) = 36
1521772366.070540 clock_gettime(CLOCK_BOOTTIME, {5892, 278715341}) = 0
1521772366.070553 clock_gettime(CLOCK_BOOTTIME, {5892, 278728224}) = 0
1521772366.070565 select(8, [4 5], [], NULL, NULL) = 1 (in [4])
1521772366.071307 clock_gettime(CLOCK_BOOTTIME, {5892, 279483677}) = 0
1521772366.071322 read(4, "'Q:\263\361;\265\226\325\303Gi\227<\364l\250\32D]('\\\0\274\7\305\303@\370\327\223"..., 8192) = 36
1521772366.071345 clock_gettime(CLOCK_BOOTTIME, {5892, 279521402}) = 0
1521772366.071358 clock_gettime(CLOCK_BOOTTIME, {5892, 279533137}) = 0
1521772366.071370 select(8, [4 5], [6], NULL, NULL) = 1 (out [6])
1521772366.071388 clock_gettime(CLOCK_BOOTTIME, {5892, 279563107}) = 0
1521772366.071400 write(6, "s", 1)      = 1
1521772366.071504 clock_gettime(CLOCK_BOOTTIME, {5892, 279679281}) = 0
1521772366.071517 clock_gettime(CLOCK_BOOTTIME, {5892, 279692067}) = 0
1521772366.071529 select(8, [4 5], [], NULL, NULL) = 1 (in [5])
1521772366.213468 clock_gettime(CLOCK_BOOTTIME, {5892, 421647760}) = 0
1521772366.213490 read(5, "\r", 16384)  = 1
1521772366.213522 clock_gettime(CLOCK_BOOTTIME, {5892, 421699818}) = 0
1521772366.213538 clock_gettime(CLOCK_BOOTTIME, {5892, 421713469}) = 0
1521772366.213551 select(8, [4 5], [4], NULL, NULL) = 1 (out [4])
1521772366.213570 clock_gettime(CLOCK_BOOTTIME, {5892, 421745416}) = 0
1521772366.213583 write(4, "\214\2\204\f\301\213\340\232\307\321O\316\241\314\0038\210dOR\357s\345\230\352\7H8\311\r\32k"..., 36) = 36
1521772366.213663 clock_gettime(CLOCK_BOOTTIME, {5892, 421838844}) = 0
1521772366.213677 clock_gettime(CLOCK_BOOTTIME, {5892, 421851726}) = 0
1521772366.213688 select(8, [4 5], [], NULL, NULL) = 1 (in [4])
1521772366.215702 clock_gettime(CLOCK_BOOTTIME, {5892, 423879103}) = 0
1521772366.215719 read(4, "\310'OH\356\27F8\f\335\274\246r\262w\1\222\377\30 Gz\216*\246\f\25\257\34\304T\274"..., 8192) = 36
1521772366.215746 clock_gettime(CLOCK_BOOTTIME, {5892, 423922138}) = 0
1521772366.215796 clock_gettime(CLOCK_BOOTTIME, {5892, 423972151}) = 0
1521772366.215811 select(8, [4 5], [6], NULL, NULL) = 2 (in [4], out [6])
1521772366.215830 clock_gettime(CLOCK_BOOTTIME, {5892, 424005203}) = 0
1521772366.215842 write(6, "\r\n", 2)   = 2
1521772366.215885 read(4, "5w\325\337\263\317\267\372\271o\2\202T\22\254\251\370\344\321\"\fh\204!\214\202RV\232\377\265\267"..., 8192) = 296
1521772366.215909 clock_gettime(CLOCK_BOOTTIME, {5892, 424091904}) = 0
1521772366.215930 clock_gettime(CLOCK_BOOTTIME, {5892, 424104756}) = 0
1521772366.215942 select(8, [4 5], [6], NULL, NULL) = 1 (out [6])
1521772366.215959 clock_gettime(CLOCK_BOOTTIME, {5892, 424134161}) = 0
1521772366.215971 write(6, "\33[0m\33[01;34mtmp\33[0m  \33[01;34m\344\270\213"..., 216) = 216
1521772366.215988 clock_gettime(CLOCK_BOOTTIME, {5892, 424162826}) = 0
1521772366.215999 clock_gettime(CLOCK_BOOTTIME, {5892, 424174319}) = 0
1521772366.216011 select(8, [4 5], [], NULL, NULL) = 1 (in [5])
1521772366.670104 clock_gettime(CLOCK_BOOTTIME, {5892, 878282478}) = 0
1521772366.670126 read(5, "\4", 16384)  = 1
1521772366.670156 clock_gettime(CLOCK_BOOTTIME, {5892, 878332727}) = 0
1521772366.670170 clock_gettime(CLOCK_BOOTTIME, {5892, 878345472}) = 0
1521772366.670183 select(8, [4 5], [4], NULL, NULL) = 1 (out [4])
1521772366.670202 clock_gettime(CLOCK_BOOTTIME, {5892, 878377153}) = 0
1521772366.670215 write(4, "C\310\302G*\235\305\320\372}\16\356\236\n\2048@\240]\310\201\344\216\253\17&\224J\344#I\204"..., 36) = 36
1521772366.670301 clock_gettime(CLOCK_BOOTTIME, {5892, 878476303}) = 0
1521772366.670314 clock_gettime(CLOCK_BOOTTIME, {5892, 878489270}) = 0
1521772366.670326 select(8, [4 5], [], NULL, NULL) = 1 (in [4])
1521772366.671987 clock_gettime(CLOCK_BOOTTIME, {5892, 880167647}) = 0
1521772366.672014 read(4, "4#\356{\344H\37l\372\255\345B\207+\230=\177\243\322\275\25J\324\237\353\333\373\355\232\244A\353"..., 8192) = 220
1521772366.672064 close(5)              = 0
1521772366.672099 clock_gettime(CLOCK_BOOTTIME, {5892, 880280730}) = 0
1521772366.672124 clock_gettime(CLOCK_BOOTTIME, {5892, 880301546}) = 0
1521772366.672144 select(8, [4], [6], NULL, NULL) = 1 (out [6])
1521772366.672176 clock_gettime(CLOCK_BOOTTIME, {5892, 880353918}) = 0
1521772366.672197 write(6, "logout\r\n", 8) = 8
1521772366.672377 clock_gettime(CLOCK_BOOTTIME, {5892, 880556063}) = 0
1521772366.672401 clock_gettime(CLOCK_BOOTTIME, {5892, 880578420}) = 0
1521772366.672423 close(6)              = 0
1521772366.672444 ioctl(0, SNDCTL_TMR_STOP or TCSETSW, {B38400 opost isig icanon echo ...}) = 0
1521772366.672479 close(7)              = 0
1521772366.672493 select(8, [4], [4], NULL, NULL) = 1 (out [4])
1521772366.672510 clock_gettime(CLOCK_BOOTTIME, {5892, 880685578}) = 0
1521772366.672523 write(4, "\0355G\310\211u\r\245\311\22;\200[\236\220K\376s\236\312\201\212b\306\r;S\331Uz\260\357"..., 36) = 36
1521772366.672584 rt_sigaction(SIGWINCH, NULL, {0x562a1e09d430, [], SA_RESTORER, 0x7f78bb031270}, 8) = 0
1521772366.672599 rt_sigaction(SIGWINCH, {SIG_DFL, [], SA_RESTORER, 0x7f78bb031270}, NULL, 8) = 0
1521772366.672616 write(4, "\302\344\227:\252\344'2\255\264\203\244R|\2421@k\355v:\261tM!\246'\16\r&n\347"..., 60) = 60
1521772366.672666 ioctl(0, TCGETS, {B38400 opost isig icanon echo ...}) = 0
1521772366.672682 ioctl(1, TCGETS, {B38400 opost isig icanon echo ...}) = 0
1521772366.672694 ioctl(2, TCGETS, {B38400 opost isig icanon echo ...}) = 0
1521772366.672707 write(2, "Connection to 192.168.125.180 cl"..., 39) = 39
1521772366.672830 shutdown(4, SHUT_RDWR) = 0
1521772366.672892 close(4)              = 0
1521772366.673050 exit_group(0)         = ?
1521772366.673352 +++ exited with 0 +++
