1521793199.682371 select(8, [4], [], NULL, NULL) = 1 (in [4])
1521793199.692447 clock_gettime(CLOCK_BOOTTIME, {26725, 900626176}) = 0
1521793199.692468 read(4, ".\363\310sy:\205\32j`\3507\337\245\272D\216\302\241(\215\2\221\227\0\214~\7i\311\360J"..., 8192) = 500
1521793199.692507 clock_gettime(CLOCK_BOOTTIME, {26725, 900682219}) = 0
1521793199.692520 clock_gettime(CLOCK_BOOTTIME, {26725, 900694411}) = 0
1521793199.692531 select(8, [4], [], NULL, NULL) = 1 (in [4])
1521793199.734670 clock_gettime(CLOCK_BOOTTIME, {26725, 942847509}) = 0
1521793199.734687 read(4, "\"\217IJ\323\26\275\251\362\317oc~\225Dv\267{$\t\301K\200H\351t\17o\275\245\7\334"..., 8192) = 44
1521793199.734715 getsockopt(4, SOL_TCP, TCP_NODELAY, [0], [4]) = 0
1521793199.734796 setsockopt(4, SOL_TCP, TCP_NODELAY, [1], 4) = 0
1521793199.734808 getsockname(4, {sa_family=AF_INET, sin_port=htons(43134), sin_addr=inet_addr("192.168.125.181")}, [16]) = 0
1521793199.734833 setsockopt(4, SOL_IP, IP_TOS, [16], 4) = 0
1521793199.734847 ioctl(0, TIOCGWINSZ, {ws_row=54, ws_col=270, ws_xpixel=0, ws_ypixel=0}) = 0
1521793199.734900 clock_gettime(CLOCK_BOOTTIME, {26725, 943075732}) = 0
1521793199.734913 clock_gettime(CLOCK_BOOTTIME, {26725, 943087848}) = 0
1521793199.734925 select(8, [4], [4], NULL, NULL) = 1 (out [4])
1521793199.734941 clock_gettime(CLOCK_BOOTTIME, {26725, 943115834}) = 0
1521793199.734955 write(4, "\2P41^\341\372\224\250\214\334\215\237\217\366\242\257?\377mo\220L\26\230\5\2019\305\317\357\f"..., 504) = 504
1521793199.735041 clock_gettime(CLOCK_BOOTTIME, {26725, 943216233}) = 0
1521793199.735054 clock_gettime(CLOCK_BOOTTIME, {26725, 943228685}) = 0
1521793199.735065 select(8, [4], [], NULL, NULL) = 1 (in [4])
1521793199.741784 clock_gettime(CLOCK_BOOTTIME, {26725, 949961904}) = 0
1521793199.741802 read(4, "2S\346\20\201e\216\1\375\230\20]gf`\224\315\205`a\17~\237\27_\275\274\276\27[\357O"..., 8192) = 108
1521793199.741836 clock_gettime(CLOCK_BOOTTIME, {26725, 950011724}) = 0
1521793199.741849 clock_gettime(CLOCK_BOOTTIME, {26725, 950023764}) = 0
1521793199.741862 select(8, [4 5], [], NULL, NULL) = 1 (in [4])
1521793199.744109 clock_gettime(CLOCK_BOOTTIME, {26725, 952286117}) = 0
1521793199.744125 read(4, "\362j\344Gr\335\216\245k\3552/O\352\254\263\320\222\20'-w\254\373KV\3741\245\242\237V"..., 8192) = 100
1521793199.744201 clock_gettime(CLOCK_BOOTTIME, {26725, 952376837}) = 0
1521793199.744214 clock_gettime(CLOCK_BOOTTIME, {26725, 952388848}) = 0
1521793199.744226 select(8, [4 5], [6], NULL, NULL) = 1 (out [6])
1521793199.744245 clock_gettime(CLOCK_BOOTTIME, {26725, 952420032}) = 0
1521793199.744257 write(6, "Last login: Fri Mar 23 16:12:11 "..., 60) = 60
1521793199.744386 clock_gettime(CLOCK_BOOTTIME, {26725, 952561678}) = 0
1521793199.744400 clock_gettime(CLOCK_BOOTTIME, {26725, 952574883}) = 0
1521793199.744412 select(8, [4 5], [], NULL, NULL) = 1 (in [4])
1521793199.861150 clock_gettime(CLOCK_BOOTTIME, {26726, 69327502}) = 0
1521793199.861168 read(4, "\26\314\\\307V\6\316\222\0331\274\211\305\341AR\373\323l/UQb\263@\322\34K}\245\tg"..., 8192) = 84
1521793199.861195 clock_gettime(CLOCK_BOOTTIME, {26726, 69370593}) = 0
1521793199.861207 clock_gettime(CLOCK_BOOTTIME, {26726, 69382366}) = 0
1521793199.861219 select(8, [4 5], [6], NULL, NULL) = 1 (out [6])
1521793199.861237 clock_gettime(CLOCK_BOOTTIME, {26726, 69411804}) = 0
1521793199.861249 write(6, "\33]0;jacob@study:~\7\33[?1034h[jacob"..., 43) = 43
1521793199.861367 clock_gettime(CLOCK_BOOTTIME, {26726, 69542958}) = 0
1521793199.861381 clock_gettime(CLOCK_BOOTTIME, {26726, 69556077}) = 0
1521793199.861393 select(8, [4 5], [], NULL, NULL) = 1 (in [5])
1521793214.656793 clock_gettime(CLOCK_BOOTTIME, {26740, 864971940}) = 0
1521793214.656813 read(5, "\4", 16384)  = 1
1521793214.656843 clock_gettime(CLOCK_BOOTTIME, {26740, 865018460}) = 0
1521793214.656856 clock_gettime(CLOCK_BOOTTIME, {26740, 865030582}) = 0
1521793214.656868 select(8, [4 5], [4], NULL, NULL) = 1 (out [4])
1521793214.656886 clock_gettime(CLOCK_BOOTTIME, {26740, 865061310}) = 0
1521793214.656898 write(4, "\10\210\234\233\336\211\276K\17\2614\335\20.\2\346\354\33f\244\236\235\341\33B\f/\10\272\263\3675"..., 36) = 36
1521793214.657914 clock_gettime(CLOCK_BOOTTIME, {26740, 866090229}) = 0
1521793214.657929 clock_gettime(CLOCK_BOOTTIME, {26740, 866103859}) = 0
1521793214.657941 select(8, [4 5], [], NULL, NULL) = 1 (in [4])
1521793214.659193 clock_gettime(CLOCK_BOOTTIME, {26740, 867369430}) = 0
1521793214.659208 read(4, "\3549Bug\242\222l\324i\10\243>Z\3256\32t\240E\321M\200\204X]\271\241N5\221D"..., 8192) = 220
1521793214.659236 close(5)              = 0
1521793214.659253 clock_gettime(CLOCK_BOOTTIME, {26740, 867428245}) = 0
1521793214.659265 clock_gettime(CLOCK_BOOTTIME, {26740, 867439878}) = 0
1521793214.659277 select(8, [4], [6], NULL, NULL) = 1 (out [6])
1521793214.659294 clock_gettime(CLOCK_BOOTTIME, {26740, 867468566}) = 0
1521793214.659305 write(6, "logout\r\n", 8) = 8
1521793214.659425 clock_gettime(CLOCK_BOOTTIME, {26740, 867600580}) = 0
1521793214.659439 clock_gettime(CLOCK_BOOTTIME, {26740, 867614105}) = 0
1521793214.659452 close(6)              = 0
1521793214.659464 ioctl(0, SNDCTL_TMR_STOP or TCSETSW, {B38400 opost isig icanon echo ...}) = 0
1521793214.659493 close(7)              = 0
1521793214.659506 select(8, [4], [4], NULL, NULL) = 1 (out [4])
1521793214.659522 clock_gettime(CLOCK_BOOTTIME, {26740, 867697081}) = 0
1521793214.659534 write(4, "TF^P\214\257\333\225\26\353']hu\220v\344\304\263},\270\25\223X\222\233\316\271\372\231\t"..., 36) = 36
1521793214.659587 rt_sigaction(SIGWINCH, NULL, {0x562bc3170430, [], SA_RESTORER, 0x7f0d181ca270}, 8) = 0
1521793214.659615 rt_sigaction(SIGWINCH, {SIG_DFL, [], SA_RESTORER, 0x7f0d181ca270}, NULL, 8) = 0
1521793214.659632 write(4, "\10\20\30p\226odcr\254\331\311\361(n\252\177:\334<!\215\211W\vq\254\304a{^\246"..., 60) = 60
1521793214.659682 ioctl(0, TCGETS, {B38400 opost isig icanon echo ...}) = 0
1521793214.659697 ioctl(1, TCGETS, {B38400 opost isig icanon echo ...}) = 0
1521793214.659708 ioctl(2, TCGETS, {B38400 opost isig icanon echo ...}) = 0
1521793214.659722 write(2, "Connection to 192.168.125.180 cl"..., 39) = 39
1521793214.659807 shutdown(4, SHUT_RDWR) = 0
1521793214.659859 close(4)              = 0
1521793214.660086 exit_group(0)         = ?
1521793214.660418 +++ exited with 0 +++
