1521791181.404088 select(8, [4 5], [], NULL, NULL) = 1 (in [5])
1521791183.583221 clock_gettime(CLOCK_BOOTTIME, {24709, 791480651}) = 0
1521791183.583330 read(5, "\r", 16384)  = 1
1521791183.583394 clock_gettime(CLOCK_BOOTTIME, {24709, 791571576}) = 0
1521791183.583414 clock_gettime(CLOCK_BOOTTIME, {24709, 791592123}) = 0
1521791183.583434 select(8, [4 5], [4], NULL, NULL) = 1 (out [4])
1521791183.583471 clock_gettime(CLOCK_BOOTTIME, {24709, 791651474}) = 0
1521791183.583494 write(4, "F\375\262\320\252\321\253\312\10\215\307\373\256\302\35\353\256h\377\343\372}\246\316\311\34Cw\336\337\253\207"..., 36) = 36
1521791183.583605 clock_gettime(CLOCK_BOOTTIME, {24709, 791783787}) = 0
1521791183.583626 clock_gettime(CLOCK_BOOTTIME, {24709, 791802973}) = 0
1521791183.583644 select(8, [4 5], [], NULL, NULL) = 1 (in [4])
1521791183.585204 clock_gettime(CLOCK_BOOTTIME, {24709, 793384885}) = 0
1521791183.585231 read(4, "M\341|\203\20\225\240qm\247\332\233\25_D\254\352\267\fOq[\341\312W\337\300!l\216R>"..., 8192) = 76
1521791183.585271 clock_gettime(CLOCK_BOOTTIME, {24709, 793450577}) = 0
1521791183.585296 clock_gettime(CLOCK_BOOTTIME, {24709, 793474336}) = 0
1521791183.585318 select(8, [4 5], [6], NULL, NULL) = 1 (out [6])
1521791183.585352 clock_gettime(CLOCK_BOOTTIME, {24709, 793529973}) = 0
1521791183.585374 write(6, "\r\n\33]0;jacob@study:~\7[jacob@study"..., 37) = 37
1521791183.585517 clock_gettime(CLOCK_BOOTTIME, {24709, 793696023}) = 0
1521791183.585541 clock_gettime(CLOCK_BOOTTIME, {24709, 793719117}) = 0
1521791183.585563 select(8, [4 5], [], NULL, NULL) = 1 (in [5])
1521791184.831622 clock_gettime(CLOCK_BOOTTIME, {24711, 39798624}) = 0
1521791184.831639 read(5, "\r", 16384)  = 1
1521791184.831665 clock_gettime(CLOCK_BOOTTIME, {24711, 39840743}) = 0
1521791184.831678 clock_gettime(CLOCK_BOOTTIME, {24711, 39852507}) = 0
1521791184.831690 select(8, [4 5], [4], NULL, NULL) = 1 (out [4])
1521791184.831720 clock_gettime(CLOCK_BOOTTIME, {24711, 39897573}) = 0
1521791184.831736 write(4, "]\310\363\372O\305\365tx\372oF\315\3579\200):\265\202\352.M+L\30\277VU\334\217["..., 36) = 36
1521791184.831820 clock_gettime(CLOCK_BOOTTIME, {24711, 39997450}) = 0
1521791184.831840 clock_gettime(CLOCK_BOOTTIME, {24711, 40016205}) = 0
1521791184.831854 select(8, [4 5], [], NULL, NULL) = 1 (in [4])
1521791184.833396 clock_gettime(CLOCK_BOOTTIME, {24711, 41572832}) = 0
1521791184.833411 read(4, "\33U\256\260\270j\2\263Uj\377J\276\221I\336a\33299b<\0041\333\303\2\23\314\37531"..., 8192) = 76
1521791184.833434 clock_gettime(CLOCK_BOOTTIME, {24711, 41609278}) = 0
1521791184.833446 clock_gettime(CLOCK_BOOTTIME, {24711, 41620913}) = 0
1521791184.833458 select(8, [4 5], [6], NULL, NULL) = 1 (out [6])
1521791184.833475 clock_gettime(CLOCK_BOOTTIME, {24711, 41650354}) = 0
1521791184.833487 write(6, "\r\n\33]0;jacob@study:~\7[jacob@study"..., 37) = 37
1521791184.833587 clock_gettime(CLOCK_BOOTTIME, {24711, 41762731}) = 0
1521791184.833601 clock_gettime(CLOCK_BOOTTIME, {24711, 41775567}) = 0
1521791184.833612 select(8, [4 5], [], NULL, NULL) = 1 (in [5])
1521792679.246908 clock_gettime(CLOCK_BOOTTIME, {26205, 455089101}) = 0
1521792679.246976 read(5, "\4", 16384)  = 1
1521792679.247114 clock_gettime(CLOCK_BOOTTIME, {26205, 455292551}) = 0
1521792679.247131 clock_gettime(CLOCK_BOOTTIME, {26205, 455305676}) = 0
1521792679.247143 select(8, [4 5], [4], NULL, NULL) = 1 (out [4])
1521792679.247188 clock_gettime(CLOCK_BOOTTIME, {26205, 455362961}) = 0
1521792679.247201 write(4, "\277v\321W\">\1\177\r\332$b\253\355\360%\0\27c9\361U>x\327\316\326\271\22725\20"..., 36) = 36
1521792679.247271 clock_gettime(CLOCK_BOOTTIME, {26205, 455448825}) = 0
1521792679.247327 clock_gettime(CLOCK_BOOTTIME, {26205, 455508920}) = 0
1521792679.247349 select(8, [4 5], [], NULL, NULL) = 1 (in [4])
1521792679.251840 clock_gettime(CLOCK_BOOTTIME, {26205, 460017369}) = 0
1521792679.251857 read(4, "\26I\2173+\17[\247\32\310\270\362\364|\246\220k\276\177\233os88Ed\30\353\204\202>\6"..., 8192) = 220
1521792679.251971 close(5)              = 0
1521792679.251997 clock_gettime(CLOCK_BOOTTIME, {26205, 460172375}) = 0
1521792679.252019 clock_gettime(CLOCK_BOOTTIME, {26205, 460194623}) = 0
1521792679.252032 select(8, [4], [6], NULL, NULL) = 1 (out [6])
1521792679.252052 clock_gettime(CLOCK_BOOTTIME, {26205, 460226464}) = 0
1521792679.252064 write(6, "logout\r\n", 8) = 8
1521792679.252207 clock_gettime(CLOCK_BOOTTIME, {26205, 460383111}) = 0
1521792679.252221 clock_gettime(CLOCK_BOOTTIME, {26205, 460396270}) = 0
1521792679.252233 close(6)              = 0
1521792679.252246 ioctl(0, SNDCTL_TMR_STOP or TCSETSW, {B38400 opost isig icanon echo ...}) = 0
1521792679.252353 close(7)              = 0
1521792679.252367 select(8, [4], [4], NULL, NULL) = 1 (out [4])
1521792679.252384 clock_gettime(CLOCK_BOOTTIME, {26205, 460559185}) = 0
1521792679.252560 write(4, "\177vh\345\260\361\200>\206\260\364\356#\262y\232\260!sg\0204\271\257d\360\335\250\331\2576\355"..., 36) = 36
1521792679.252630 rt_sigaction(SIGWINCH, NULL, {0x56260e0b2430, [], SA_RESTORER, 0x7fee43aea270}, 8) = 0
1521792679.252657 rt_sigaction(SIGWINCH, {SIG_DFL, [], SA_RESTORER, 0x7fee43aea270}, NULL, 8) = 0
1521792679.252673 write(4, "?\277\340B\255\300r\250\357\22\26\237b\3313l(\212\214\31\225\232\324\347\32\205\31dl\301\212L"..., 60) = 60
1521792679.252726 ioctl(0, TCGETS, {B38400 opost isig icanon echo ...}) = 0
1521792679.252742 ioctl(1, TCGETS, {B38400 opost isig icanon echo ...}) = 0
1521792679.252753 ioctl(2, TCGETS, {B38400 opost isig icanon echo ...}) = 0
1521792679.252767 write(2, "Connection to 192.168.125.180 cl"..., 39) = 39
1521792679.252847 shutdown(4, SHUT_RDWR) = 0
1521792679.252935 close(4)              = 0
1521792679.253954 exit_group(0)         = ?
1521792679.254694 +++ exited with 0 +++
