1521788654.909673 select(8, [4], [], NULL, NULL) = 1 (in [4])
1521788654.939670 clock_gettime(CLOCK_BOOTTIME, {22181, 147896719}) = 0
1521788654.939766 read(4, "\364Z602\32\27\273\277\3549\33\276\232y7\22\r\260\262](M>I\31\235\320M\177\17$"..., 8192) = 44
1521788654.939827 getsockopt(4, SOL_TCP, TCP_NODELAY, [0], [4]) = 0
1521788654.939884 setsockopt(4, SOL_TCP, TCP_NODELAY, [1], 4) = 0
1521788654.939897 getsockname(4, {sa_family=AF_INET, sin_port=htons(43110), sin_addr=inet_addr("192.168.125.181")}, [16]) = 0
1521788654.939951 setsockopt(4, SOL_IP, IP_TOS, [16], 4) = 0
1521788654.939965 ioctl(0, TIOCGWINSZ, {ws_row=38, ws_col=194, ws_xpixel=0, ws_ypixel=0}) = 0
1521788654.940065 clock_gettime(CLOCK_BOOTTIME, {22181, 148241590}) = 0
1521788654.940079 clock_gettime(CLOCK_BOOTTIME, {22181, 148253933}) = 0
1521788654.940091 select(8, [4], [4], NULL, NULL) = 1 (out [4])
1521788654.940108 clock_gettime(CLOCK_BOOTTIME, {22181, 148282611}) = 0
1521788654.940122 write(4, "\345\201\236\367/\215\344\r2\252\265\256iv?\251 o\324\273\23\27)~\24q\210c5F\345}"..., 504) = 504
1521788654.940202 clock_gettime(CLOCK_BOOTTIME, {22181, 148378364}) = 0
1521788654.940216 clock_gettime(CLOCK_BOOTTIME, {22181, 148391099}) = 0
1521788654.940228 select(8, [4], [], NULL, NULL) = 1 (in [4])
1521788654.946311 clock_gettime(CLOCK_BOOTTIME, {22181, 154487691}) = 0
1521788654.946328 read(4, "\327\2349\235\4\216\343\5SSO\243\326}\177\275\372\6\34\316\265\361\10\372\370\313\201\371!\241\336?"..., 8192) = 108
1521788654.946361 clock_gettime(CLOCK_BOOTTIME, {22181, 154536702}) = 0
1521788654.946374 clock_gettime(CLOCK_BOOTTIME, {22181, 154548593}) = 0
1521788654.946386 select(8, [4 5], [], NULL, NULL) = 1 (in [4])
1521788654.951653 clock_gettime(CLOCK_BOOTTIME, {22181, 159830765}) = 0
1521788654.951671 read(4, " \221\6\211ws\226\361n\34\346\240\222\373:\364\255V\";\233\3549\367\341Z\v\245\301X\355\303"..., 8192) = 100
1521788654.951750 clock_gettime(CLOCK_BOOTTIME, {22181, 159925862}) = 0
1521788654.951763 clock_gettime(CLOCK_BOOTTIME, {22181, 159937972}) = 0
1521788654.951775 select(8, [4 5], [6], NULL, NULL) = 1 (out [6])
1521788654.951795 clock_gettime(CLOCK_BOOTTIME, {22181, 159969591}) = 0
1521788654.951806 write(6, "Last login: Fri Mar 23 15:00:36 "..., 60) = 60
1521788654.951843 clock_gettime(CLOCK_BOOTTIME, {22181, 160018497}) = 0
1521788654.951856 clock_gettime(CLOCK_BOOTTIME, {22181, 160030634}) = 0
1521788654.951867 select(8, [4 5], [], NULL, NULL) = 1 (in [4])
1521788655.052847 clock_gettime(CLOCK_BOOTTIME, {22181, 261030013}) = 0
1521788655.052871 read(4, "\311\244\t\321\7\36\323\377\335a\374\26\300vn\365\207\345aOVf\271\27\215\0161Q\34001\362"..., 8192) = 84
1521788655.052900 clock_gettime(CLOCK_BOOTTIME, {22181, 261075953}) = 0
1521788655.052913 clock_gettime(CLOCK_BOOTTIME, {22181, 261087848}) = 0
1521788655.052925 select(8, [4 5], [6], NULL, NULL) = 1 (out [6])
1521788655.052943 clock_gettime(CLOCK_BOOTTIME, {22181, 261117951}) = 0
1521788655.052955 write(6, "\33]0;jacob@study:~\7\33[?1034h[jacob"..., 43) = 43
1521788655.053004 clock_gettime(CLOCK_BOOTTIME, {22181, 261179312}) = 0
1521788655.053017 clock_gettime(CLOCK_BOOTTIME, {22181, 261191713}) = 0
1521788655.053028 select(8, [4 5], [], NULL, NULL) = 1 (in [5])
1521788655.923121 clock_gettime(CLOCK_BOOTTIME, {22182, 131298243}) = 0
1521788655.923139 read(5, "l", 16384)   = 1
1521788655.923173 clock_gettime(CLOCK_BOOTTIME, {22182, 131349108}) = 0
1521788655.923186 clock_gettime(CLOCK_BOOTTIME, {22182, 131361096}) = 0
1521788655.923198 select(8, [4 5], [4], NULL, NULL) = 1 (out [4])
1521788655.923215 clock_gettime(CLOCK_BOOTTIME, {22182, 131390185}) = 0
1521788655.923227 write(4, "Q\267=\fl\342|\21\225\311\213{D9\26\272\352Y]K\346>6\261\v\346\36;\313OW\315"..., 36) = 36
1521788655.923304 clock_gettime(CLOCK_BOOTTIME, {22182, 131479672}) = 0
1521788655.923317 clock_gettime(CLOCK_BOOTTIME, {22182, 131492224}) = 0
1521788655.923329 select(8, [4 5], [], NULL, NULL) = 1 (in [4])
1521788655.923691 clock_gettime(CLOCK_BOOTTIME, {22182, 131867265}) = 0
1521788655.923706 read(4, "\211:'\364)m\256\224\202G\357\367\335\301\243\221\31\212W!\357\264\365ny\227g\324\25\20\236\336"..., 8192) = 36
1521788655.923738 clock_gettime(CLOCK_BOOTTIME, {22182, 131913866}) = 0
1521788655.923752 clock_gettime(CLOCK_BOOTTIME, {22182, 131929090}) = 0
1521788655.923772 select(8, [4 5], [6], NULL, NULL) = 1 (out [6])
1521788655.923795 clock_gettime(CLOCK_BOOTTIME, {22182, 131969850}) = 0
1521788655.923807 write(6, "l", 1)      = 1
1521788655.923915 clock_gettime(CLOCK_BOOTTIME, {22182, 132090773}) = 0
1521788655.923929 clock_gettime(CLOCK_BOOTTIME, {22182, 132104003}) = 0
1521788655.923941 select(8, [4 5], [], NULL, NULL) = 1 (in [5])
1521788656.067125 clock_gettime(CLOCK_BOOTTIME, {22182, 275303404}) = 0
1521788656.067145 read(5, "s", 16384)   = 1
1521788656.067175 clock_gettime(CLOCK_BOOTTIME, {22182, 275350464}) = 0
1521788656.067187 clock_gettime(CLOCK_BOOTTIME, {22182, 275362146}) = 0
1521788656.067200 select(8, [4 5], [4], NULL, NULL) = 1 (out [4])
1521788656.067229 clock_gettime(CLOCK_BOOTTIME, {22182, 275406858}) = 0
1521788656.067245 write(4, "\5[\303$^p\3022\35\213\312\261\367Cv\370\270\3724\324\272\333\312\267q\233n\367E\35\204\264"..., 36) = 36
1521788656.067332 clock_gettime(CLOCK_BOOTTIME, {22182, 275510442}) = 0
1521788656.067352 clock_gettime(CLOCK_BOOTTIME, {22182, 275527145}) = 0
1521788656.067364 select(8, [4 5], [], NULL, NULL) = 1 (in [4])
1521788656.067641 clock_gettime(CLOCK_BOOTTIME, {22182, 275816477}) = 0
1521788656.067654 read(4, "\263\322\264]\206X\304}\1\267b\217\205\315L\2238B\226\332\254$^M\343\253\264b\344x\223\275"..., 8192) = 36
1521788656.067674 clock_gettime(CLOCK_BOOTTIME, {22182, 275849115}) = 0
1521788656.067686 clock_gettime(CLOCK_BOOTTIME, {22182, 275860651}) = 0
1521788656.067697 select(8, [4 5], [6], NULL, NULL) = 1 (out [6])
1521788656.067713 clock_gettime(CLOCK_BOOTTIME, {22182, 275888389}) = 0
1521788656.067725 write(6, "s", 1)      = 1
1521788656.067806 clock_gettime(CLOCK_BOOTTIME, {22182, 275981538}) = 0
1521788656.067820 clock_gettime(CLOCK_BOOTTIME, {22182, 275994432}) = 0
1521788656.067831 select(8, [4 5], [], NULL, NULL) = 1 (in [5])
1521788656.179024 clock_gettime(CLOCK_BOOTTIME, {22182, 387201895}) = 0
1521788656.179042 read(5, "\r", 16384)  = 1
1521788656.179068 clock_gettime(CLOCK_BOOTTIME, {22182, 387243752}) = 0
1521788656.179080 clock_gettime(CLOCK_BOOTTIME, {22182, 387255410}) = 0
1521788656.179092 select(8, [4 5], [4], NULL, NULL) = 1 (out [4])
1521788656.179110 clock_gettime(CLOCK_BOOTTIME, {22182, 387284637}) = 0
1521788656.179122 write(4, "7\374\20\360/\224\t\30\217H\265T/\362\220\220\355\250\21\21\324i\360\1\357mf\362F\2273\225"..., 36) = 36
1521788656.179189 clock_gettime(CLOCK_BOOTTIME, {22182, 387364381}) = 0
1521788656.179202 clock_gettime(CLOCK_BOOTTIME, {22182, 387377116}) = 0
1521788656.179214 select(8, [4 5], [], NULL, NULL) = 1 (in [4])
1521788656.180496 clock_gettime(CLOCK_BOOTTIME, {22182, 388672693}) = 0
1521788656.180511 read(4, "\240m]\221P=\301\00785\373\225\270\377D\372ON\0374\203\364\210\341\7'C\202(\235\373;"..., 8192) = 36
1521788656.180533 clock_gettime(CLOCK_BOOTTIME, {22182, 388708166}) = 0
1521788656.180545 clock_gettime(CLOCK_BOOTTIME, {22182, 388719858}) = 0
1521788656.180557 select(8, [4 5], [6], NULL, NULL) = 1 (out [6])
1521788656.180574 clock_gettime(CLOCK_BOOTTIME, {22182, 388748731}) = 0
1521788656.180585 write(6, "\r\n", 2)   = 2
1521788656.180677 clock_gettime(CLOCK_BOOTTIME, {22182, 388852451}) = 0
1521788656.180690 clock_gettime(CLOCK_BOOTTIME, {22182, 388865353}) = 0
1521788656.180702 select(8, [4 5], [], NULL, NULL) = 1 (in [4])
1521788656.182352 clock_gettime(CLOCK_BOOTTIME, {22182, 390553011}) = 0
1521788656.182404 read(4, "\17\343\373\360\201\0\332\311K\364\305*\307~\357r\3160\323\220\227\275\254\227\377\212l\273\372\365\200\207"..., 8192) = 220
1521788656.182443 clock_gettime(CLOCK_BOOTTIME, {22182, 390619598}) = 0
1521788656.182457 clock_gettime(CLOCK_BOOTTIME, {22182, 390631946}) = 0
1521788656.182469 select(8, [4 5], [6], NULL, NULL) = 1 (out [6])
1521788656.182487 clock_gettime(CLOCK_BOOTTIME, {22182, 390662240}) = 0
1521788656.182499 write(6, "\33[0m\33[01;34mtmp\33[0m  \33[01;34m\344\270\213"..., 181) = 181
1521788656.182641 clock_gettime(CLOCK_BOOTTIME, {22182, 390816478}) = 0
1521788656.182655 clock_gettime(CLOCK_BOOTTIME, {22182, 390829624}) = 0
1521788656.182666 select(8, [4 5], [], NULL, NULL) = 1 (in [4])
1521788656.182682 clock_gettime(CLOCK_BOOTTIME, {22182, 390857275}) = 0
1521788656.182694 read(4, "\310\275\243\217&\323\5p\254o}G\t\366\357\3239w\217;\237[\236\20\214Qg:\243\261\207\330"..., 8192) = 76
1521788656.182712 clock_gettime(CLOCK_BOOTTIME, {22182, 390886888}) = 0
1521788656.182723 clock_gettime(CLOCK_BOOTTIME, {22182, 390898385}) = 0
1521788656.182735 select(8, [4 5], [6], NULL, NULL) = 1 (out [6])
1521788656.182750 clock_gettime(CLOCK_BOOTTIME, {22182, 390925017}) = 0
1521788656.182761 write(6, "\33]0;jacob@study:~\7[jacob@study ~"..., 35) = 35
1521788656.182832 clock_gettime(CLOCK_BOOTTIME, {22182, 391007978}) = 0
1521788656.182846 clock_gettime(CLOCK_BOOTTIME, {22182, 391020650}) = 0
1521788656.182880 select(8, [4 5], [], NULL, NULL) = 1 (in [5])
1521788734.178238 clock_gettime(CLOCK_BOOTTIME, {22260, 386416132}) = 0
1521788734.178257 read(5, "\4", 16384)  = 1
1521788734.178286 clock_gettime(CLOCK_BOOTTIME, {22260, 386461411}) = 0
1521788734.178298 clock_gettime(CLOCK_BOOTTIME, {22260, 386473199}) = 0
1521788734.178310 select(8, [4 5], [4], NULL, NULL) = 1 (out [4])
1521788734.178327 clock_gettime(CLOCK_BOOTTIME, {22260, 386501792}) = 0
1521788734.178339 write(4, "\6<\201NL\211\331m\303d\276\266\377HQH\210f\2258\370\0278\324\310\332K\244w\3162\357"..., 36) = 36
1521788734.178399 clock_gettime(CLOCK_BOOTTIME, {22260, 386574124}) = 0
1521788734.178412 clock_gettime(CLOCK_BOOTTIME, {22260, 386586456}) = 0
1521788734.178423 select(8, [4 5], [], NULL, NULL) = 1 (in [4])
1521788734.180319 clock_gettime(CLOCK_BOOTTIME, {22260, 388496406}) = 0
1521788734.180337 read(4, "\257\\}\256?\25\302\354\343\323\221B%6\250\317{\273\260+\322\5\353b\302\270\23Y\37\316\2005"..., 8192) = 220
1521788734.180378 close(5)              = 0
1521788734.180399 clock_gettime(CLOCK_BOOTTIME, {22260, 388574439}) = 0
1521788734.180412 clock_gettime(CLOCK_BOOTTIME, {22260, 388586532}) = 0
1521788734.180424 select(8, [4], [6], NULL, NULL) = 1 (out [6])
1521788734.180442 clock_gettime(CLOCK_BOOTTIME, {22260, 388617041}) = 0
1521788734.180454 write(6, "logout\r\n", 8) = 8
1521788734.180472 clock_gettime(CLOCK_BOOTTIME, {22260, 388647115}) = 0
1521788734.180484 clock_gettime(CLOCK_BOOTTIME, {22260, 388658482}) = 0
1521788734.180496 close(6)              = 0
1521788734.180507 ioctl(0, SNDCTL_TMR_STOP or TCSETSW, {B38400 opost isig icanon echo ...}) = 0
1521788734.180538 close(7)              = 0
1521788734.180551 select(8, [4], [4], NULL, NULL) = 1 (out [4])
1521788734.180567 clock_gettime(CLOCK_BOOTTIME, {22260, 388741518}) = 0
1521788734.180578 write(4, "=\310\316\32\202\253~M\365\34\f\250\357H2\312|2\366\225]\273\373;\332J\227D\316]A\256"..., 36) = 36
1521788734.180635 rt_sigaction(SIGWINCH, NULL, {0x56249ed68430, [], SA_RESTORER, 0x7f6ee1d97270}, 8) = 0
1521788734.180764 rt_sigaction(SIGWINCH, {SIG_DFL, [], SA_RESTORER, 0x7f6ee1d97270}, NULL, 8) = 0
1521788734.180784 write(4, "\240#\"';#T\342\250\220:\232.2\373\244\251r?\256\253&d\202N\210[%a\344\r\356"..., 60) = 60
1521788734.180839 ioctl(0, TCGETS, {B38400 opost isig icanon echo ...}) = 0
1521788734.180951 ioctl(1, TCGETS, {B38400 opost isig icanon echo ...}) = 0
1521788734.180973 ioctl(2, TCGETS, {B38400 opost isig icanon echo ...}) = 0
1521788734.180987 write(2, "Connection to 192.168.125.180 cl"..., 39) = 39
1521788734.181062 shutdown(4, SHUT_RDWR) = 0
1521788734.181109 close(4)              = 0
1521788734.181310 exit_group(0)         = ?
1521788734.181683 +++ exited with 0 +++
