1521800342.699489 select(5, [4], NULL, NULL, NULL) = 1 (in [4])
1521800342.699590 read(4, "\0\0\4\374\n\24S'\25F\343\233I\30189\237\27\2129&\210\0\0\1@curve2"..., 8192) = 1280
1521800342.701908 write(4, "\0\0\0,\6\36\0\0\0 V\202\226\352\221\253E!\336\20\5g\275\333\244\376c#\353Z\271g"..., 48) = 48
1521800342.702010 select(5, [4], NULL, NULL, NULL) = 1 (in [4])
1521800342.706469 read(4, "\0\0\1\4\v\37\0\0\0h\0\0\0\23ecdsa-sha2-nistp25"..., 8192) = 364
1521800342.706636 open("/home/king/.ssh/known_hosts", O_RDONLY) = 5
1521800342.706684 fstat(5, {st_mode=S_IFREG|0644, st_size=177, ...}) = 0
1521800342.706707 mmap(NULL, 4096, PROT_READ|PROT_WRITE, MAP_PRIVATE|MAP_ANONYMOUS, -1, 0) = 0x7f3c0f635000
1521800342.706745 read(5, "192.168.125.180 ecdsa-sha2-nistp"..., 4096) = 177
1521800342.706870 read(5, "", 4096)     = 0
1521800342.706885 close(5)              = 0
1521800342.706900 munmap(0x7f3c0f635000, 4096) = 0
1521800342.706925 open("/home/king/.ssh/known_hosts2", O_RDONLY) = -1 ENOENT (No such file or directory)
1521800342.706953 open("/etc/ssh/ssh_known_hosts", O_RDONLY) = -1 ENOENT (No such file or directory)
1521800342.706970 open("/etc/ssh/ssh_known_hosts2", O_RDONLY) = -1 ENOENT (No such file or directory)
1521800342.709210 clock_gettime(CLOCK_BOOTTIME, {33868, 917394118}) = 0
1521800342.709238 write(4, "\0\0\0\f\n\25\0\0\0\0\0\0\0\0\0\0", 16) = 16
1521800342.709358 write(4, "\16\\\25b\367\271\17\317U\375\241\306\357\204\322f\0R\253\321\320\210\367\267\16\1vm\310\301I~"..., 44) = 44
1521800342.709383 select(5, [4], NULL, NULL, NULL) = 1 (in [4])
1521800342.749901 read(4, "Y\216G\270t]J\302D\vK\374\254\246_\341\376\355\354\340\221\202\360\203\262\342Z\236(\233\370\0"..., 8192) = 44
1521800342.749935 write(4, "[\22p\253\254+\"\261\205\266\"[Srwo\232\364\311Rs\22\37\330P;~Hp\6\367\313"..., 68) = 68
1521800342.750003 select(5, [4], NULL, NULL, NULL) = 1 (in [4])
1521800342.750818 read(4, "\232q@x\fF\26\304a\257=\330\10\261\223\2243\347\200\323\201\221\25\346>q*!\226ia\307"..., 8192) = 84
1521800342.750866 futex(0x7f3c0b6db530, FUTEX_WAKE_PRIVATE, 2147483647) = 0
1521800342.750906 futex(0x7f3c0b6db3d0, FUTEX_WAKE_PRIVATE, 2147483647) = 0
1521800342.750939 futex(0x7f3c0dcb8fa0, FUTEX_WAKE_PRIVATE, 2147483647) = 0
1521800342.750957 lstat("/etc/gss/mech", 0x7ffc92486e20) = -1 ENOENT (No such file or directory)
1521800342.750988 openat(AT_FDCWD, "/etc/gss/mech.d", O_RDONLY|O_NONBLOCK|O_DIRECTORY|O_CLOEXEC) = 5
1521800342.751023 getdents(5, /* 3 entries */, 32768) = 88
1521800342.751049 open("/usr/lib64/gconv/gconv-modules.cache", O_RDONLY) = 6
1521800342.751068 fstat(6, {st_mode=S_IFREG|0644, st_size=26254, ...}) = 0
1521800342.751083 mmap(NULL, 26254, PROT_READ, MAP_SHARED, 6, 0) = 0x7f3c0f62f000
1521800342.751102 close(6)              = 0
1521800342.751115 futex(0x7f3c0d348a80, FUTEX_WAKE_PRIVATE, 2147483647) = 0
1521800342.751139 getdents(5, /* 0 entries */, 32768) = 0
1521800342.751152 close(5)              = 0
1521800342.751166 lstat("/etc/gss/mech.d/gssproxy.conf", {st_mode=S_IFREG|0644, st_size=189, ...}) = 0
1521800342.751205 open("/etc/gss/mech.d/gssproxy.conf", O_RDONLY) = 5
1521800342.751267 fstat(5, {st_mode=S_IFREG|0644, st_size=189, ...}) = 0
1521800342.751281 mmap(NULL, 4096, PROT_READ|PROT_WRITE, MAP_PRIVATE|MAP_ANONYMOUS, -1, 0) = 0x7f3c0f62e000
1521800342.751295 read(5, "# GSS-API mechanism plugins\n#\n# "..., 4096) = 189
1521800342.751326 read(5, "", 4096)     = 0
1521800342.751340 close(5)              = 0
1521800342.751354 munmap(0x7f3c0f62e000, 4096) = 0
1521800342.751381 stat("/usr/lib64/gssproxy/proxymech.so", {st_mode=S_IFREG|0755, st_size=115072, ...}) = 0
1521800342.751406 futex(0x7f3c0eb8a0d0, FUTEX_WAKE_PRIVATE, 2147483647) = 0
1521800342.751428 open("/usr/lib64/gssproxy/proxymech.so", O_RDONLY|O_CLOEXEC) = 5
1521800342.751443 read(5, "\177ELF\2\1\1\0\0\0\0\0\0\0\0\0\3\0>\0\1\0\0\0\320x\0\0\0\0\0\0"..., 832) = 832
1521800342.751457 fstat(5, {st_mode=S_IFREG|0755, st_size=115072, ...}) = 0
1521800342.751472 mmap(NULL, 2208224, PROT_READ|PROT_EXEC, MAP_PRIVATE|MAP_DENYWRITE, 5, 0) = 0x7f3c0476a000
1521800342.751486 mprotect(0x7f3c04785000, 2093056, PROT_NONE) = 0
1521800342.751509 mmap(0x7f3c04984000, 8192, PROT_READ|PROT_WRITE, MAP_PRIVATE|MAP_FIXED|MAP_DENYWRITE, 5, 0x1a000) = 0x7f3c04984000
1521800342.751534 close(5)              = 0
1521800342.751556 open("/etc/ld.so.cache", O_RDONLY|O_CLOEXEC) = 5
1521800342.751575 fstat(5, {st_mode=S_IFREG|0644, st_size=74765, ...}) = 0
1521800342.751588 mmap(NULL, 74765, PROT_READ, MAP_PRIVATE, 5, 0) = 0x7f3c0f601000
1521800342.751601 close(5)              = 0
1521800342.751620 open("/lib64/libgssrpc.so.4", O_RDONLY|O_CLOEXEC) = 5
1521800342.751640 read(5, "\177ELF\2\1\1\0\0\0\0\0\0\0\0\0\3\0>\0\1\0\0\0\340Z\0\0\0\0\0\0"..., 832) = 832
1521800342.751653 fstat(5, {st_mode=S_IFREG|0755, st_size=134368, ...}) = 0
1521800342.751667 mmap(NULL, 2227072, PROT_READ|PROT_EXEC, MAP_PRIVATE|MAP_DENYWRITE, 5, 0) = 0x7f3c0454a000
1521800342.751681 mprotect(0x7f3c04568000, 2097152, PROT_NONE) = 0
1521800342.751695 mmap(0x7f3c04768000, 8192, PROT_READ|PROT_WRITE, MAP_PRIVATE|MAP_FIXED|MAP_DENYWRITE, 5, 0x1e000) = 0x7f3c04768000
1521800342.751777 close(5)              = 0
1521800342.751930 mprotect(0x7f3c04768000, 4096, PROT_READ) = 0
1521800342.752084 mprotect(0x7f3c04984000, 4096, PROT_READ) = 0
1521800342.752106 munmap(0x7f3c0f601000, 74765) = 0
1521800342.752145 stat("/usr/lib64/gssproxy/proxymech.so", {st_mode=S_IFREG|0755, st_size=115072, ...}) = 0
1521800342.752247 futex(0x7f3c0da6b480, FUTEX_WAKE_PRIVATE, 2147483647) = 0
1521800342.752309 futex(0x7f3c0da6c6d0, FUTEX_WAKE_PRIVATE, 2147483647) = 0
1521800342.752337 stat("/etc/krb5.conf", {st_mode=S_IFREG|0644, st_size=590, ...}) = 0
1521800342.752548 open("/etc/krb5.conf", O_RDONLY) = 5
1521800342.752568 fcntl(5, F_SETFD, FD_CLOEXEC) = 0
1521800342.752589 fstat(5, {st_mode=S_IFREG|0644, st_size=590, ...}) = 0
1521800342.752603 mmap(NULL, 4096, PROT_READ|PROT_WRITE, MAP_PRIVATE|MAP_ANONYMOUS, -1, 0) = 0x7f3c0f62e000
1521800342.752617 read(5, "# Configuration snippets may be "..., 4096) = 590
1521800342.752639 openat(AT_FDCWD, "/etc/krb5.conf.d/", O_RDONLY|O_NONBLOCK|O_DIRECTORY|O_CLOEXEC) = 6
1521800342.752659 getdents(6, /* 2 entries */, 32768) = 48
1521800342.752674 getdents(6, /* 0 entries */, 32768) = 0
1521800342.752687 close(6)              = 0
1521800342.752710 read(5, "", 4096)     = 0
1521800342.752740 close(5)              = 0
1521800342.752753 munmap(0x7f3c0f62e000, 4096) = 0
1521800342.752850 stat("/etc/krb5.conf", {st_mode=S_IFREG|0644, st_size=590, ...}) = 0
1521800342.752873 open("/etc/krb5.conf", O_RDONLY) = 5
1521800342.752888 fcntl(5, F_SETFD, FD_CLOEXEC) = 0
1521800342.752901 fstat(5, {st_mode=S_IFREG|0644, st_size=590, ...}) = 0
1521800342.752914 mmap(NULL, 4096, PROT_READ|PROT_WRITE, MAP_PRIVATE|MAP_ANONYMOUS, -1, 0) = 0x7f3c0f62e000
1521800342.752927 read(5, "# Configuration snippets may be "..., 4096) = 590
1521800342.752943 openat(AT_FDCWD, "/etc/krb5.conf.d/", O_RDONLY|O_NONBLOCK|O_DIRECTORY|O_CLOEXEC) = 6
1521800342.752960 getdents(6, /* 2 entries */, 32768) = 48
1521800342.752973 getdents(6, /* 0 entries */, 32768) = 0
1521800342.752985 close(6)              = 0
1521800342.753004 read(5, "", 4096)     = 0
1521800342.753016 close(5)              = 0
1521800342.753027 munmap(0x7f3c0f62e000, 4096) = 0
1521800342.753061 access("/etc/krb5.conf", R_OK) = 0
1521800342.753081 stat("/etc/krb5.conf", {st_mode=S_IFREG|0644, st_size=590, ...}) = 0
1521800342.753111 stat("/etc/sysconfig/64bit_strstr_via_64bit_strstr_sse2_unaligned", 0x7ffc924863b0) = -1 ENOENT (No such file or directory)
1521800342.753136 geteuid()             = 1001
1521800342.753168 open("/var/kerberos/krb5/user/1001/client.keytab", O_RDONLY) = -1 ENOENT (No such file or directory)
1521800342.753208 getuid()              = 1001
1521800342.753269 keyctl(KEYCTL_GET_PERSISTENT, 1001, KEY_SPEC_PROCESS_KEYRING) = 314351014
1521800342.754177 keyctl(KEYCTL_SEARCH, 314351014, "keyring", "_krb", KEY_SPEC_PROCESS_KEYRING) = 842596139
1521800342.754198 keyctl(KEYCTL_SEARCH, 842596139, "user", "krb_ccache:primary", 0) = 488544336
1521800342.754215 keyctl(KEYCTL_READ, 488544336, NULL, 0) = 12
1521800342.754271 keyctl(KEYCTL_READ, 488544336, "", 12) = 12
1521800342.754296 keyctl(KEYCTL_READ, 842596139, NULL, 0) = 4
1521800342.754308 keyctl(KEYCTL_READ, 842596139, "P\230\36\35", 4) = 4
1521800342.754321 keyctl(KEYCTL_SEARCH, 842596139, "keyring", "1001", 0) = -1 ENOKEY (Required key not available)
1521800342.754340 keyctl(KEYCTL_DESCRIBE, 488544336, NULL, 0) = 43
1521800342.754354 keyctl(KEYCTL_DESCRIBE, 488544336, "user;1001;1001;3f010000;krb_ccac"..., 43) = 43
1521800342.754400 stat("/etc/krb5.conf", {st_mode=S_IFREG|0644, st_size=590, ...}) = 0
1521800342.754421 open("/etc/krb5.conf", O_RDONLY) = 5
1521800342.754437 fcntl(5, F_SETFD, FD_CLOEXEC) = 0
1521800342.754450 fstat(5, {st_mode=S_IFREG|0644, st_size=590, ...}) = 0
1521800342.754463 mmap(NULL, 4096, PROT_READ|PROT_WRITE, MAP_PRIVATE|MAP_ANONYMOUS, -1, 0) = 0x7f3c0f62e000
1521800342.754478 read(5, "# Configuration snippets may be "..., 4096) = 590
1521800342.754495 openat(AT_FDCWD, "/etc/krb5.conf.d/", O_RDONLY|O_NONBLOCK|O_DIRECTORY|O_CLOEXEC) = 6
1521800342.754510 getdents(6, /* 2 entries */, 32768) = 48
1521800342.754524 getdents(6, /* 0 entries */, 32768) = 0
1521800342.754535 close(6)              = 0
1521800342.754555 read(5, "", 4096)     = 0
1521800342.754567 close(5)              = 0
1521800342.754579 munmap(0x7f3c0f62e000, 4096) = 0
1521800342.754622 stat("/etc/krb5.conf", {st_mode=S_IFREG|0644, st_size=590, ...}) = 0
1521800342.754644 open("/etc/krb5.conf", O_RDONLY) = 5
1521800342.754659 fcntl(5, F_SETFD, FD_CLOEXEC) = 0
1521800342.754671 fstat(5, {st_mode=S_IFREG|0644, st_size=590, ...}) = 0
1521800342.754684 mmap(NULL, 4096, PROT_READ|PROT_WRITE, MAP_PRIVATE|MAP_ANONYMOUS, -1, 0) = 0x7f3c0f62e000
1521800342.754698 read(5, "# Configuration snippets may be "..., 4096) = 590
1521800342.754714 openat(AT_FDCWD, "/etc/krb5.conf.d/", O_RDONLY|O_NONBLOCK|O_DIRECTORY|O_CLOEXEC) = 6
1521800342.754745 getdents(6, /* 2 entries */, 32768) = 48
1521800342.754759 getdents(6, /* 0 entries */, 32768) = 0
1521800342.754770 close(6)              = 0
1521800342.754789 read(5, "", 4096)     = 0
1521800342.754802 close(5)              = 0
1521800342.754813 munmap(0x7f3c0f62e000, 4096) = 0
1521800342.754849 stat("/etc/krb5.conf", {st_mode=S_IFREG|0644, st_size=590, ...}) = 0
1521800342.754869 open("/etc/krb5.conf", O_RDONLY) = 5
1521800342.754884 fcntl(5, F_SETFD, FD_CLOEXEC) = 0
1521800342.754896 fstat(5, {st_mode=S_IFREG|0644, st_size=590, ...}) = 0
1521800342.754909 mmap(NULL, 4096, PROT_READ|PROT_WRITE, MAP_PRIVATE|MAP_ANONYMOUS, -1, 0) = 0x7f3c0f62e000
1521800342.754922 read(5, "# Configuration snippets may be "..., 4096) = 590
1521800342.754939 openat(AT_FDCWD, "/etc/krb5.conf.d/", O_RDONLY|O_NONBLOCK|O_DIRECTORY|O_CLOEXEC) = 6
1521800342.754954 getdents(6, /* 2 entries */, 32768) = 48
1521800342.754967 getdents(6, /* 0 entries */, 32768) = 0
1521800342.754978 close(6)              = 0
1521800342.754996 read(5, "", 4096)     = 0
1521800342.755008 close(5)              = 0
1521800342.755019 munmap(0x7f3c0f62e000, 4096) = 0
1521800342.755045 access("/etc/krb5.conf", R_OK) = 0
1521800342.755063 stat("/etc/krb5.conf", {st_mode=S_IFREG|0644, st_size=590, ...}) = 0
1521800342.755084 geteuid()             = 1001
1521800342.755100 open("/var/kerberos/krb5/user/1001/client.keytab", O_RDONLY) = -1 ENOENT (No such file or directory)
1521800342.755124 getuid()              = 1001
1521800342.755139 keyctl(KEYCTL_GET_PERSISTENT, 1001, KEY_SPEC_PROCESS_KEYRING) = 314351014
1521800342.755154 keyctl(KEYCTL_SEARCH, 314351014, "keyring", "_krb", KEY_SPEC_PROCESS_KEYRING) = 842596139
1521800342.755169 keyctl(KEYCTL_SEARCH, 842596139, "user", "krb_ccache:primary", 0) = 488544336
1521800342.755183 keyctl(KEYCTL_READ, 488544336, NULL, 0) = 12
1521800342.755194 keyctl(KEYCTL_READ, 488544336, "", 12) = 12
1521800342.755207 keyctl(KEYCTL_READ, 842596139, NULL, 0) = 4
1521800342.755218 keyctl(KEYCTL_READ, 842596139, "P\230\36\35", 4) = 4
1521800342.755257 keyctl(KEYCTL_SEARCH, 842596139, "keyring", "1001", 0) = -1 ENOKEY (Required key not available)
1521800342.755272 keyctl(KEYCTL_DESCRIBE, 488544336, NULL, 0) = 43
1521800342.755290 keyctl(KEYCTL_DESCRIBE, 488544336, "user;1001;1001;3f010000;krb_ccac"..., 43) = 43
1521800342.755313 access("/etc/krb5.conf", R_OK) = 0
1521800342.755330 stat("/etc/krb5.conf", {st_mode=S_IFREG|0644, st_size=590, ...}) = 0
1521800342.755364 stat("/etc/krb5.conf", {st_mode=S_IFREG|0644, st_size=590, ...}) = 0
1521800342.755381 open("/etc/krb5.conf", O_RDONLY) = 5
1521800342.755396 fcntl(5, F_SETFD, FD_CLOEXEC) = 0
1521800342.755409 fstat(5, {st_mode=S_IFREG|0644, st_size=590, ...}) = 0
1521800342.755422 mmap(NULL, 4096, PROT_READ|PROT_WRITE, MAP_PRIVATE|MAP_ANONYMOUS, -1, 0) = 0x7f3c0f62e000
1521800342.755436 read(5, "# Configuration snippets may be "..., 4096) = 590
1521800342.755452 openat(AT_FDCWD, "/etc/krb5.conf.d/", O_RDONLY|O_NONBLOCK|O_DIRECTORY|O_CLOEXEC) = 6
1521800342.755468 getdents(6, /* 2 entries */, 32768) = 48
1521800342.755481 getdents(6, /* 0 entries */, 32768) = 0
1521800342.755492 close(6)              = 0
1521800342.755511 read(5, "", 4096)     = 0
1521800342.755523 close(5)              = 0
1521800342.755534 munmap(0x7f3c0f62e000, 4096) = 0
1521800342.755567 stat("/home/king/.ssh/id_rsa", 0x7ffc92486ea0) = -1 ENOENT (No such file or directory)
1521800342.755590 stat("/home/king/.ssh/id_dsa", 0x7ffc92486ea0) = -1 ENOENT (No such file or directory)
1521800342.755605 stat("/home/king/.ssh/id_ecdsa", 0x7ffc92486ea0) = -1 ENOENT (No such file or directory)
1521800342.755619 stat("/home/king/.ssh/id_ed25519", 0x7ffc92486ea0) = -1 ENOENT (No such file or directory)
1521800342.755638 open("/dev/tty", O_RDWR) = 5
1521800342.755658 close(5)              = 0
1521800342.755671 open("/dev/tty", O_RDWR) = 5
1521800342.755684 ioctl(5, TCGETS, {B38400 opost isig icanon echo ...}) = 0
1521800342.755708 ioctl(5, SNDCTL_TMR_CONTINUE or TCSETSF, {B38400 opost isig icanon -echo ...}) = 0
1521800342.755735 rt_sigaction(SIGALRM, {0x55bf917835b0, [], SA_RESTORER, 0x7f3c0cfc0270}, {SIG_DFL, [], 0}, 8) = 0
1521800342.755755 rt_sigaction(SIGHUP, {0x55bf917835b0, [], SA_RESTORER, 0x7f3c0cfc0270}, {SIG_DFL, [], 0}, 8) = 0
1521800342.755768 rt_sigaction(SIGINT, {0x55bf917835b0, [], SA_RESTORER, 0x7f3c0cfc0270}, {SIG_DFL, [], 0}, 8) = 0
1521800342.755780 rt_sigaction(SIGPIPE, {0x55bf917835b0, [], SA_RESTORER, 0x7f3c0cfc0270}, {SIG_IGN, [], SA_RESTORER, 0x7f3c0cfc0270}, 8) = 0
1521800342.755792 rt_sigaction(SIGQUIT, {0x55bf917835b0, [], SA_RESTORER, 0x7f3c0cfc0270}, {SIG_DFL, [], 0}, 8) = 0
1521800342.755805 rt_sigaction(SIGTERM, {0x55bf917835b0, [], SA_RESTORER, 0x7f3c0cfc0270}, {SIG_DFL, [], 0}, 8) = 0
1521800342.755817 rt_sigaction(SIGTSTP, {0x55bf917835b0, [], SA_RESTORER, 0x7f3c0cfc0270}, {SIG_DFL, [], 0}, 8) = 0
1521800342.755829 rt_sigaction(SIGTTIN, {0x55bf917835b0, [], SA_RESTORER, 0x7f3c0cfc0270}, {SIG_DFL, [], 0}, 8) = 0
1521800342.755841 rt_sigaction(SIGTTOU, {0x55bf917835b0, [], SA_RESTORER, 0x7f3c0cfc0270}, {SIG_DFL, [], 0}, 8) = 0
1521800342.755854 write(5, "jacob@192.168.125.180's password"..., 34) = 34
1521800342.755900 read(5, "b", 1)       = 1
1521800342.755913 read(5, "b", 1)       = 1
1521800342.755925 read(5, "c", 1)       = 1
1521800342.755936 read(5, "0", 1)       = 1
1521800342.755948 read(5, "0", 1)       = 1
1521800342.755959 read(5, "0", 1)       = 1
1521800342.755970 read(5, "7", 1)       = 1
1521800342.755982 read(5, "3", 1)       = 1
1521800342.755993 read(5, "1", 1)       = 1
1521800342.756005 read(5, "\n", 1)      = 1
1521800342.756016 write(5, "\n", 1)     = 1
1521800342.756035 ioctl(5, SNDCTL_TMR_CONTINUE or TCSETSF, {B38400 opost isig icanon echo ...}) = 0
1521800342.756048 rt_sigaction(SIGALRM, {SIG_DFL, [], SA_RESTORER, 0x7f3c0cfc0270}, NULL, 8) = 0
1521800342.756060 rt_sigaction(SIGHUP, {SIG_DFL, [], SA_RESTORER, 0x7f3c0cfc0270}, NULL, 8) = 0
1521800342.756072 rt_sigaction(SIGINT, {SIG_DFL, [], SA_RESTORER, 0x7f3c0cfc0270}, NULL, 8) = 0
1521800342.756083 rt_sigaction(SIGQUIT, {SIG_DFL, [], SA_RESTORER, 0x7f3c0cfc0270}, NULL, 8) = 0
1521800342.756094 rt_sigaction(SIGPIPE, {SIG_IGN, [], SA_RESTORER, 0x7f3c0cfc0270}, NULL, 8) = 0
1521800342.756111 rt_sigaction(SIGTERM, {SIG_DFL, [], SA_RESTORER, 0x7f3c0cfc0270}, NULL, 8) = 0
1521800342.756123 rt_sigaction(SIGTSTP, {SIG_DFL, [], SA_RESTORER, 0x7f3c0cfc0270}, NULL, 8) = 0
1521800342.756134 rt_sigaction(SIGTTIN, {SIG_DFL, [], SA_RESTORER, 0x7f3c0cfc0270}, NULL, 8) = 0
1521800342.756145 rt_sigaction(SIGTTOU, {SIG_DFL, [], SA_RESTORER, 0x7f3c0cfc0270}, NULL, 8) = 0
1521800342.756157 close(5)              = 0
1521800342.756177 write(4, "\305s\205Q\224\201^)\221\361D\0223\275$\2L\201\36wL\274\223Y8lQ\315\232\254\323\302"..., 148) = 148
1521800342.756255 select(5, [4], NULL, NULL, NULL) = 1 (in [4])
1521800342.770041 read(4, "Ry\202\224\351\342L\244\371\17\31\34\302\353%\227\335>h\361a\203\301\26\327\241y\362", 8192) = 28
1521800342.770078 dup(0)                = 5
1521800342.770090 dup(1)                = 6
1521800342.770100 dup(2)                = 7
1521800342.770110 ioctl(5, TCGETS, {B38400 opost isig icanon echo ...}) = 0
1521800342.770128 ioctl(6, TCGETS, {B38400 opost isig icanon echo ...}) = 0
1521800342.770140 ioctl(7, TCGETS, {B38400 opost isig icanon echo ...}) = 0
1521800342.770155 fcntl(5, F_SETFD, FD_CLOEXEC) = 0
1521800342.770168 fcntl(6, F_SETFD, FD_CLOEXEC) = 0
1521800342.770178 fcntl(7, F_SETFD, FD_CLOEXEC) = 0
1521800342.770201 rt_sigaction(SIGHUP, NULL, {SIG_DFL, [], SA_RESTORER, 0x7f3c0cfc0270}, 8) = 0
1521800342.770216 rt_sigaction(SIGHUP, {SIG_IGN, [], SA_RESTORER, 0x7f3c0cfc0270}, NULL, 8) = 0
1521800342.770228 rt_sigaction(SIGHUP, NULL, {SIG_IGN, [], SA_RESTORER, 0x7f3c0cfc0270}, 8) = 0
1521800342.770239 rt_sigaction(SIGHUP, {0x55bf917261a0, [], SA_RESTORER, 0x7f3c0cfc0270}, NULL, 8) = 0
1521800342.770251 rt_sigaction(SIGINT, NULL, {SIG_DFL, [], SA_RESTORER, 0x7f3c0cfc0270}, 8) = 0
1521800342.770263 rt_sigaction(SIGINT, {SIG_IGN, [], SA_RESTORER, 0x7f3c0cfc0270}, NULL, 8) = 0
1521800342.770274 rt_sigaction(SIGINT, NULL, {SIG_IGN, [], SA_RESTORER, 0x7f3c0cfc0270}, 8) = 0
1521800342.770285 rt_sigaction(SIGINT, {0x55bf917261a0, [], SA_RESTORER, 0x7f3c0cfc0270}, NULL, 8) = 0
1521800342.770297 rt_sigaction(SIGQUIT, NULL, {SIG_DFL, [], SA_RESTORER, 0x7f3c0cfc0270}, 8) = 0
1521800342.770308 rt_sigaction(SIGQUIT, {SIG_IGN, [], SA_RESTORER, 0x7f3c0cfc0270}, NULL, 8) = 0
1521800342.770319 rt_sigaction(SIGQUIT, NULL, {SIG_IGN, [], SA_RESTORER, 0x7f3c0cfc0270}, 8) = 0
1521800342.770331 rt_sigaction(SIGQUIT, {0x55bf917261a0, [], SA_RESTORER, 0x7f3c0cfc0270}, NULL, 8) = 0
1521800342.770342 rt_sigaction(SIGTERM, NULL, {SIG_DFL, [], SA_RESTORER, 0x7f3c0cfc0270}, 8) = 0
1521800342.770354 rt_sigaction(SIGTERM, {SIG_IGN, [], SA_RESTORER, 0x7f3c0cfc0270}, NULL, 8) = 0
1521800342.770365 rt_sigaction(SIGTERM, NULL, {SIG_IGN, [], SA_RESTORER, 0x7f3c0cfc0270}, 8) = 0
1521800342.770377 rt_sigaction(SIGTERM, {0x55bf917261a0, [], SA_RESTORER, 0x7f3c0cfc0270}, NULL, 8) = 0
1521800342.770388 rt_sigaction(SIGWINCH, NULL, {SIG_DFL, [], 0}, 8) = 0
1521800342.770399 rt_sigaction(SIGWINCH, {0x55bf91726430, [], SA_RESTORER, 0x7f3c0cfc0270}, NULL, 8) = 0
1521800342.770411 ioctl(0, TCGETS, {B38400 opost isig icanon echo ...}) = 0
1521800342.770424 ioctl(0, SNDCTL_TMR_STOP or TCSETSW, {B38400 -opost -isig -icanon -echo ...}) = 0
1521800342.770440 clock_gettime(CLOCK_BOOTTIME, {33868, 978615879}) = 0
1521800342.770454 clock_gettime(CLOCK_BOOTTIME, {33868, 978628695}) = 0
1521800342.770465 select(8, [4], [4], NULL, NULL) = 1 (out [4])
1521800342.770482 clock_gettime(CLOCK_BOOTTIME, {33868, 978656725}) = 0
1521800342.770494 write(4, "\20\344\223\201(X\242\236\350\210\17\273ViU'\35\322\314R\266\323\334\33B\326\377T\25\367\323["..., 112) = 112
1521800342.770559 clock_gettime(CLOCK_BOOTTIME, {33868, 978735081}) = 0
1521800342.770573 clock_gettime(CLOCK_BOOTTIME, {33868, 978747999}) = 0
1521800342.770585 select(8, [4], [], NULL, NULL) = 1 (in [4])
1521800342.918755 clock_gettime(CLOCK_BOOTTIME, {33869, 126944731}) = 0
1521800342.918788 read(4, "\6\255=\neZz\3\3657l\256\241\305\327;A#\210K\3235\320\235\5\237\236:B\202zP"..., 8192) = 500
1521800342.918830 clock_gettime(CLOCK_BOOTTIME, {33869, 127005661}) = 0
1521800342.918843 clock_gettime(CLOCK_BOOTTIME, {33869, 127028645}) = 0
1521800342.918867 select(8, [4], [], NULL, NULL) = 1 (in [4])
1521800342.958682 clock_gettime(CLOCK_BOOTTIME, {33869, 166859376}) = 0
1521800342.958699 read(4, "gZa\326\215Il\303\210kN1\17\306\r'\334\315%\324\275\210$a\7\216\264/f\35\1\26"..., 8192) = 44
1521800342.958728 getsockopt(4, SOL_TCP, TCP_NODELAY, [0], [4]) = 0
1521800342.958750 setsockopt(4, SOL_TCP, TCP_NODELAY, [1], 4) = 0
1521800342.958763 getsockname(4, {sa_family=AF_INET, sin_port=htons(43184), sin_addr=inet_addr("192.168.125.181")}, [16]) = 0
1521800342.958789 setsockopt(4, SOL_IP, IP_TOS, [16], 4) = 0
1521800342.958803 ioctl(0, TIOCGWINSZ, {ws_row=54, ws_col=270, ws_xpixel=0, ws_ypixel=0}) = 0
1521800342.958851 clock_gettime(CLOCK_BOOTTIME, {33869, 167026764}) = 0
1521800342.958864 clock_gettime(CLOCK_BOOTTIME, {33869, 167039030}) = 0
1521800342.958876 select(8, [4], [4], NULL, NULL) = 1 (out [4])
1521800342.958892 clock_gettime(CLOCK_BOOTTIME, {33869, 167066963}) = 0
1521800342.958906 write(4, "X?\255\n\362u\331Q+\256\24\25\7>O]s\35\16\207S\\\221\232\213>\264o\336\37\200\261"..., 504) = 504
1521800342.958977 clock_gettime(CLOCK_BOOTTIME, {33869, 167152592}) = 0
1521800342.958991 clock_gettime(CLOCK_BOOTTIME, {33869, 167165526}) = 0
1521800342.959002 select(8, [4], [], NULL, NULL) = 1 (in [4])
1521800342.964357 clock_gettime(CLOCK_BOOTTIME, {33869, 172533524}) = 0
1521800342.964394 read(4, "\272\331\5L\376\23\201\252\337\367\233Q\376\30\4Nt\35&T\23\2\21@\33\\X\37379:\207"..., 8192) = 108
1521800342.964437 clock_gettime(CLOCK_BOOTTIME, {33869, 172615487}) = 0
1521800342.964454 clock_gettime(CLOCK_BOOTTIME, {33869, 172628702}) = 0
1521800342.964466 select(8, [4 5], [], NULL, NULL) = 1 (in [4])
1521800342.966135 clock_gettime(CLOCK_BOOTTIME, {33869, 174312345}) = 0
1521800342.966151 read(4, "\267;P\355\260\6\212\335@\276:\34\21p\20\242\303\2\204):\5\303\33`h\213\26{\205\n\37"..., 8192) = 100
1521800342.966218 clock_gettime(CLOCK_BOOTTIME, {33869, 174394306}) = 0
1521800342.966232 clock_gettime(CLOCK_BOOTTIME, {33869, 174406475}) = 0
1521800342.966243 select(8, [4 5], [6], NULL, NULL) = 1 (out [6])
1521800342.966262 clock_gettime(CLOCK_BOOTTIME, {33869, 174437094}) = 0
1521800342.966274 write(6, "Last login: Fri Mar 23 18:17:07 "..., 60) = 60
1521800342.966313 clock_gettime(CLOCK_BOOTTIME, {33869, 174488842}) = 0
1521800342.966326 clock_gettime(CLOCK_BOOTTIME, {33869, 174501374}) = 0
1521800342.966338 select(8, [4 5], [], NULL, NULL) = 1 (in [4])
1521800343.056242 clock_gettime(CLOCK_BOOTTIME, {33869, 264424470}) = 0
1521800343.056265 read(4, "X\266\225\213\35\347\232\f\255\232{\25x,\23\35\356\33`\240C\351Q\372\375h[\344h\241\203\235"..., 8192) = 84
1521800343.056294 clock_gettime(CLOCK_BOOTTIME, {33869, 264469206}) = 0
1521800343.056306 clock_gettime(CLOCK_BOOTTIME, {33869, 264481438}) = 0
1521800343.056319 select(8, [4 5], [6], NULL, NULL) = 1 (out [6])
1521800343.056337 clock_gettime(CLOCK_BOOTTIME, {33869, 264512061}) = 0
1521800343.056349 write(6, "\33]0;jacob@study:~\7\33[?1034h[jacob"..., 43) = 43
1521800343.056389 clock_gettime(CLOCK_BOOTTIME, {33869, 264564557}) = 0
1521800343.056402 clock_gettime(CLOCK_BOOTTIME, {33869, 264577070}) = 0
1521800343.056414 select(8, [4 5], [], NULL, NULL) = 1 (in [5])
1521800349.623328 clock_gettime(CLOCK_BOOTTIME, {33875, 831505008}) = 0
1521800349.623346 read(5, "l", 16384)   = 1
1521800349.623379 clock_gettime(CLOCK_BOOTTIME, {33875, 831554508}) = 0
1521800349.623392 clock_gettime(CLOCK_BOOTTIME, {33875, 831566979}) = 0
1521800349.623405 select(8, [4 5], [4], NULL, NULL) = 1 (out [4])
1521800349.623422 clock_gettime(CLOCK_BOOTTIME, {33875, 831597543}) = 0
1521800349.623435 write(4, ".\267u\230\216\22\254\230p0\327\243\2777\1\210\245\352\nU?\3\31\341\317i\341\2676yK\n"..., 36) = 36
1521800349.623505 clock_gettime(CLOCK_BOOTTIME, {33875, 831680349}) = 0
1521800349.623518 clock_gettime(CLOCK_BOOTTIME, {33875, 831693387}) = 0
1521800349.623530 select(8, [4 5], [], NULL, NULL) = 1 (in [4])
1521800349.623937 clock_gettime(CLOCK_BOOTTIME, {33875, 832113701}) = 0
1521800349.623962 read(4, "Z\255}\342o$\211\321u|\16#\271\205\263\260\fT\314\240R\334\356\267\251 \367\"\336s\\\31"..., 8192) = 36
1521800349.623984 clock_gettime(CLOCK_BOOTTIME, {33875, 832159795}) = 0
1521800349.623997 clock_gettime(CLOCK_BOOTTIME, {33875, 832171858}) = 0
1521800349.624009 select(8, [4 5], [6], NULL, NULL) = 1 (out [6])
1521800349.624026 clock_gettime(CLOCK_BOOTTIME, {33875, 832201501}) = 0
1521800349.624038 write(6, "l", 1)      = 1
1521800349.624057 clock_gettime(CLOCK_BOOTTIME, {33875, 832232154}) = 0
1521800349.624133 clock_gettime(CLOCK_BOOTTIME, {33875, 832313580}) = 0
1521800349.624153 select(8, [4 5], [], NULL, NULL) = 1 (in [5])
1521800349.734035 clock_gettime(CLOCK_BOOTTIME, {33875, 942212695}) = 0
1521800349.734053 read(5, "s", 16384)   = 1
1521800349.734080 clock_gettime(CLOCK_BOOTTIME, {33875, 942255399}) = 0
1521800349.734092 clock_gettime(CLOCK_BOOTTIME, {33875, 942267176}) = 0
1521800349.734104 select(8, [4 5], [4], NULL, NULL) = 1 (out [4])
1521800349.734122 clock_gettime(CLOCK_BOOTTIME, {33875, 942297043}) = 0
1521800349.734134 write(4, "\177\271\210/\315f\343v~\324\215\0:\223\257\243\204\246_hFa/y|\361\10\353\303\365\207\230"..., 36) = 36
1521800349.734216 clock_gettime(CLOCK_BOOTTIME, {33875, 942393375}) = 0
1521800349.734234 clock_gettime(CLOCK_BOOTTIME, {33875, 942409294}) = 0
1521800349.734247 select(8, [4 5], [], NULL, NULL) = 1 (in [4])
1521800349.734613 clock_gettime(CLOCK_BOOTTIME, {33875, 942789797}) = 0
1521800349.734628 read(4, "n\245\343\227\207W\253\177\240\305\36\225\240\277\214\3778\270\255pJ0 \207\250\335\316\23\203\245\207E"..., 8192) = 36
1521800349.734648 clock_gettime(CLOCK_BOOTTIME, {33875, 942823956}) = 0
1521800349.734661 clock_gettime(CLOCK_BOOTTIME, {33875, 942835851}) = 0
1521800349.734673 select(8, [4 5], [6], NULL, NULL) = 1 (out [6])
1521800349.734690 clock_gettime(CLOCK_BOOTTIME, {33875, 942864812}) = 0
1521800349.734702 write(6, "s", 1)      = 1
1521800349.734785 clock_gettime(CLOCK_BOOTTIME, {33875, 942960427}) = 0
1521800349.734799 clock_gettime(CLOCK_BOOTTIME, {33875, 942973858}) = 0
1521800349.734811 select(8, [4 5], [], NULL, NULL) = 1 (in [5])
1521800349.862605 clock_gettime(CLOCK_BOOTTIME, {33876, 70782330}) = 0
1521800349.862623 read(5, "\r", 16384)  = 1
1521800349.862649 clock_gettime(CLOCK_BOOTTIME, {33876, 70825342}) = 0
1521800349.862662 clock_gettime(CLOCK_BOOTTIME, {33876, 70837463}) = 0
1521800349.862675 select(8, [4 5], [4], NULL, NULL) = 1 (out [4])
1521800349.862693 clock_gettime(CLOCK_BOOTTIME, {33876, 70867742}) = 0
1521800349.862705 write(4, "\311\26\2\10\355\225\345\242\1\241\253\r3mxF\202\2Yb\305\215IH\243qa[O\">m"..., 36) = 36
1521800349.862774 clock_gettime(CLOCK_BOOTTIME, {33876, 70949748}) = 0
1521800349.862788 clock_gettime(CLOCK_BOOTTIME, {33876, 70962710}) = 0
1521800349.862800 select(8, [4 5], [], NULL, NULL) = 1 (in [4])
1521800349.864540 clock_gettime(CLOCK_BOOTTIME, {33876, 72716593}) = 0
1521800349.864555 read(4, "\237 s\341C#\6\\\376\320\250wYsk\372NN\346\367\245\345\232?\376\247\303\4\3202z\\"..., 8192) = 36
1521800349.864576 clock_gettime(CLOCK_BOOTTIME, {33876, 72752134}) = 0
1521800349.864589 clock_gettime(CLOCK_BOOTTIME, {33876, 72764225}) = 0
1521800349.864601 select(8, [4 5], [6], NULL, NULL) = 1 (out [6])
1521800349.864618 clock_gettime(CLOCK_BOOTTIME, {33876, 72793580}) = 0
1521800349.864630 write(6, "\r\n", 2)   = 2
1521800349.864723 clock_gettime(CLOCK_BOOTTIME, {33876, 72899221}) = 0
1521800349.864737 clock_gettime(CLOCK_BOOTTIME, {33876, 72912666}) = 0
1521800349.864750 select(8, [4 5], [], NULL, NULL) = 1 (in [4])
1521800349.866646 clock_gettime(CLOCK_BOOTTIME, {33876, 74822744}) = 0
1521800349.866662 read(4, "@ nmU\2078\27\250\17\17\366f\16\352\217t\377&\356\221\177\2027\276\353U \343\215\370\1"..., 8192) = 220
1521800349.866689 clock_gettime(CLOCK_BOOTTIME, {33876, 74864389}) = 0
1521800349.866701 clock_gettime(CLOCK_BOOTTIME, {33876, 74876566}) = 0
1521800349.866714 select(8, [4 5], [6], NULL, NULL) = 1 (out [6])
1521800349.866731 clock_gettime(CLOCK_BOOTTIME, {33876, 74906621}) = 0
1521800349.866743 write(6, "\33[0m\33[01;34mtmp\33[0m  \33[01;34m\344\270\213"..., 181) = 181
1521800349.866917 clock_gettime(CLOCK_BOOTTIME, {33876, 75863034}) = 0
1521800349.867713 clock_gettime(CLOCK_BOOTTIME, {33876, 75888634}) = 0
1521800349.867726 select(8, [4 5], [], NULL, NULL) = 1 (in [4])
1521800349.867744 clock_gettime(CLOCK_BOOTTIME, {33876, 75919460}) = 0
1521800349.867756 read(4, "T\361\354\342\204\250\240X\321\f\267\3333\240|\3bi\264\16V\244R\r\262\320\214\276\201M\376G"..., 8192) = 76
1521800349.867775 clock_gettime(CLOCK_BOOTTIME, {33876, 75950648}) = 0
1521800349.867787 clock_gettime(CLOCK_BOOTTIME, {33876, 75962095}) = 0
1521800349.867799 select(8, [4 5], [6], NULL, NULL) = 1 (out [6])
1521800349.867814 clock_gettime(CLOCK_BOOTTIME, {33876, 75989419}) = 0
1521800349.867826 write(6, "\33]0;jacob@study:~\7[jacob@study ~"..., 35) = 35
1521800349.867919 clock_gettime(CLOCK_BOOTTIME, {33876, 76096251}) = 0
1521800349.868311 clock_gettime(CLOCK_BOOTTIME, {33876, 76497979}) = 0
1521800349.868336 select(8, [4 5], [], NULL, NULL) = 1 (in [5])
1521800350.086131 clock_gettime(CLOCK_BOOTTIME, {33876, 294308693}) = 0
1521800350.086149 read(5, "l", 16384)   = 1
1521800350.086178 clock_gettime(CLOCK_BOOTTIME, {33876, 294353551}) = 0
1521800350.086190 clock_gettime(CLOCK_BOOTTIME, {33876, 294365448}) = 0
1521800350.086203 select(8, [4 5], [4], NULL, NULL) = 1 (out [4])
1521800350.086220 clock_gettime(CLOCK_BOOTTIME, {33876, 294395378}) = 0
1521800350.086232 write(4, "\322\2140 *\210\6\311\370\rL\300\2222\\\261\222\362z\177B\303M\350Nl\2401\277:n\257"..., 36) = 36
1521800350.086304 clock_gettime(CLOCK_BOOTTIME, {33876, 294492422}) = 0
1521800350.086331 clock_gettime(CLOCK_BOOTTIME, {33876, 294506429}) = 0
1521800350.086343 select(8, [4 5], [], NULL, NULL) = 1 (in [4])
1521800350.086772 clock_gettime(CLOCK_BOOTTIME, {33876, 294948643}) = 0
1521800350.086787 read(4, "\203\261\246_\357\345KU\355%{\367U\353j\340R\0\203\364?Q\277\3R'\353\t\377\202\307m"..., 8192) = 36
1521800350.086808 clock_gettime(CLOCK_BOOTTIME, {33876, 294983173}) = 0
1521800350.086820 clock_gettime(CLOCK_BOOTTIME, {33876, 294995053}) = 0
1521800350.086832 select(8, [4 5], [6], NULL, NULL) = 1 (out [6])
1521800350.086849 clock_gettime(CLOCK_BOOTTIME, {33876, 295023798}) = 0
1521800350.086860 write(6, "l", 1)      = 1
1521800350.086876 clock_gettime(CLOCK_BOOTTIME, {33876, 295051193}) = 0
1521800350.086888 clock_gettime(CLOCK_BOOTTIME, {33876, 295062523}) = 0
1521800350.086899 select(8, [4 5], [], NULL, NULL) = 1 (in [5])
1521800350.190014 clock_gettime(CLOCK_BOOTTIME, {33876, 398190872}) = 0
1521800350.190031 read(5, "s", 16384)   = 1
1521800350.190058 clock_gettime(CLOCK_BOOTTIME, {33876, 398233778}) = 0
1521800350.190071 clock_gettime(CLOCK_BOOTTIME, {33876, 398245794}) = 0
1521800350.190083 select(8, [4 5], [4], NULL, NULL) = 1 (out [4])
1521800350.190101 clock_gettime(CLOCK_BOOTTIME, {33876, 398275970}) = 0
1521800350.190113 write(4, "L\274\16\350\216N\33\204\361\27\274\231)\r\36O=\n\344\341N\2005\373t?\0\265m;T\230"..., 36) = 36
1521800350.190183 clock_gettime(CLOCK_BOOTTIME, {33876, 398358337}) = 0
1521800350.190196 clock_gettime(CLOCK_BOOTTIME, {33876, 398371447}) = 0
1521800350.190208 select(8, [4 5], [], NULL, NULL) = 1 (in [4])
1521800350.190627 clock_gettime(CLOCK_BOOTTIME, {33876, 398803323}) = 0
1521800350.190642 read(4, "\261\262\252\t\265ak(\265E\351\214/\224\272\27\247\221\342M\27\23\211\314\263\25|\347>A'<"..., 8192) = 36
1521800350.190662 clock_gettime(CLOCK_BOOTTIME, {33876, 398837152}) = 0
1521800350.190674 clock_gettime(CLOCK_BOOTTIME, {33876, 398848992}) = 0
1521800350.190686 select(8, [4 5], [6], NULL, NULL) = 1 (out [6])
1521800350.190703 clock_gettime(CLOCK_BOOTTIME, {33876, 398877711}) = 0
1521800350.190714 write(6, "s", 1)      = 1
1521800350.190730 clock_gettime(CLOCK_BOOTTIME, {33876, 398904877}) = 0
1521800350.190741 clock_gettime(CLOCK_BOOTTIME, {33876, 398916183}) = 0
1521800350.190753 select(8, [4 5], [], NULL, NULL) = 1 (in [5])
1521800350.302171 clock_gettime(CLOCK_BOOTTIME, {33876, 510348047}) = 0
1521800350.302189 read(5, "\r", 16384)  = 1
1521800350.302232 clock_gettime(CLOCK_BOOTTIME, {33876, 510408285}) = 0
1521800350.302246 clock_gettime(CLOCK_BOOTTIME, {33876, 510420592}) = 0
1521800350.302258 select(8, [4 5], [4], NULL, NULL) = 1 (out [4])
1521800350.302276 clock_gettime(CLOCK_BOOTTIME, {33876, 510450856}) = 0
1521800350.302288 write(4, "\224i\213\0305\307\244Sx\r\236\312l\314\22\270\312\375\242t{\321\30\330\5ht(N\332\366\265"..., 36) = 36
1521800350.302360 clock_gettime(CLOCK_BOOTTIME, {33876, 510535280}) = 0
1521800350.302373 clock_gettime(CLOCK_BOOTTIME, {33876, 510548421}) = 0
1521800350.302385 select(8, [4 5], [], NULL, NULL) = 1 (in [4])
1521800350.303117 clock_gettime(CLOCK_BOOTTIME, {33876, 511294644}) = 0
1521800350.303136 read(4, "\3\r_\300M\231\344\241P\337\177\276q\245\312\315<\335\225\27.\232\274\262\3139\204<\203P\364\10"..., 8192) = 36
1521800350.303157 clock_gettime(CLOCK_BOOTTIME, {33876, 511332095}) = 0
1521800350.303169 clock_gettime(CLOCK_BOOTTIME, {33876, 511344288}) = 0
1521800350.303181 select(8, [4 5], [6], NULL, NULL) = 1 (out [6])
1521800350.303199 clock_gettime(CLOCK_BOOTTIME, {33876, 511373826}) = 0
1521800350.303211 write(6, "\r\n", 2)   = 2
1521800350.303298 clock_gettime(CLOCK_BOOTTIME, {33876, 511473342}) = 0
1521800350.303312 clock_gettime(CLOCK_BOOTTIME, {33876, 511486784}) = 0
1521800350.303324 select(8, [4 5], [], NULL, NULL) = 1 (in [4])
1521800350.304413 clock_gettime(CLOCK_BOOTTIME, {33876, 512589519}) = 0
1521800350.304428 read(4, "-3%\323T\373\373%\231,T\316;\371\241e`qKv\314\37\367k\227\214|\317\376\264\225\36"..., 8192) = 296
1521800350.304451 clock_gettime(CLOCK_BOOTTIME, {33876, 512626799}) = 0
1521800350.304464 clock_gettime(CLOCK_BOOTTIME, {33876, 512638827}) = 0
1521800350.304476 select(8, [4 5], [6], NULL, NULL) = 1 (out [6])
1521800350.304493 clock_gettime(CLOCK_BOOTTIME, {33876, 512667782}) = 0
1521800350.304505 write(6, "\33[0m\33[01;34mtmp\33[0m  \33[01;34m\344\270\213"..., 216) = 216
1521800350.304597 clock_gettime(CLOCK_BOOTTIME, {33876, 512772360}) = 0
1521800350.304611 clock_gettime(CLOCK_BOOTTIME, {33876, 512785604}) = 0
1521800350.304622 select(8, [4 5], [], NULL, NULL) = 1 (in [5])
1521800350.518185 clock_gettime(CLOCK_BOOTTIME, {33876, 726361767}) = 0
1521800350.518203 read(5, "l", 16384)   = 1
1521800350.518230 clock_gettime(CLOCK_BOOTTIME, {33876, 726405421}) = 0
1521800350.518242 clock_gettime(CLOCK_BOOTTIME, {33876, 726417059}) = 0
1521800350.518254 select(8, [4 5], [4], NULL, NULL) = 1 (out [4])
1521800350.518272 clock_gettime(CLOCK_BOOTTIME, {33876, 726447025}) = 0
1521800350.518284 write(4, "\20V\5\257\273\204\10w\324\251\231\323\17\250\5F\242,\366+\357\330\v\3Q,\317\236\240^\206\253"..., 36) = 36
1521800350.518356 clock_gettime(CLOCK_BOOTTIME, {33876, 726532009}) = 0
1521800350.518370 clock_gettime(CLOCK_BOOTTIME, {33876, 726545003}) = 0
1521800350.518382 select(8, [4 5], [], NULL, NULL) = 1 (in [4])
1521800350.518847 clock_gettime(CLOCK_BOOTTIME, {33876, 727023506}) = 0
1521800350.518862 read(4, "\265*\330it\301\275\3\7\352\316\327\341\5Y\4\233\24y}x\16_\235\20\315\361s6\35\252P"..., 8192) = 36
1521800350.518882 clock_gettime(CLOCK_BOOTTIME, {33876, 727057865}) = 0
1521800350.518895 clock_gettime(CLOCK_BOOTTIME, {33876, 727069739}) = 0
1521800350.518907 select(8, [4 5], [6], NULL, NULL) = 1 (out [6])
1521800350.518924 clock_gettime(CLOCK_BOOTTIME, {33876, 727098563}) = 0
1521800350.518935 write(6, "l", 1)      = 1
1521800350.519052 clock_gettime(CLOCK_BOOTTIME, {33876, 727227633}) = 0
1521800350.519066 clock_gettime(CLOCK_BOOTTIME, {33876, 727241079}) = 0
1521800350.519078 select(8, [4 5], [], NULL, NULL) = 1 (in [5])
1521800350.638006 clock_gettime(CLOCK_BOOTTIME, {33876, 846183575}) = 0
1521800350.638024 read(5, "s", 16384)   = 1
1521800350.638051 clock_gettime(CLOCK_BOOTTIME, {33876, 846226516}) = 0
1521800350.638063 clock_gettime(CLOCK_BOOTTIME, {33876, 846238170}) = 0
1521800350.638075 select(8, [4 5], [4], NULL, NULL) = 1 (out [4])
1521800350.638093 clock_gettime(CLOCK_BOOTTIME, {33876, 846268145}) = 0
1521800350.638105 write(4, "\226\353\210\241T v\373\322u\225\347\6\202\3548YD;P\320\261\2\215P\350{\313\265c\276\212"..., 36) = 36
1521800350.638188 clock_gettime(CLOCK_BOOTTIME, {33876, 846363398}) = 0
1521800350.638201 clock_gettime(CLOCK_BOOTTIME, {33876, 846376330}) = 0
1521800350.638213 select(8, [4 5], [], NULL, NULL) = 1 (in [4])
1521800350.638629 clock_gettime(CLOCK_BOOTTIME, {33876, 846805889}) = 0
1521800350.638644 read(4, "\362\33\327\242>Y\272[\33S\234\303>\367\25\246i\20L\225T\26\2137\371\212Y\27s\33\306\233"..., 8192) = 36
1521800350.638664 clock_gettime(CLOCK_BOOTTIME, {33876, 846839835}) = 0
1521800350.638677 clock_gettime(CLOCK_BOOTTIME, {33876, 846851637}) = 0
1521800350.638688 select(8, [4 5], [6], NULL, NULL) = 1 (out [6])
1521800350.638705 clock_gettime(CLOCK_BOOTTIME, {33876, 846880240}) = 0
1521800350.638717 write(6, "s", 1)      = 1
1521800350.638800 clock_gettime(CLOCK_BOOTTIME, {33876, 846975319}) = 0
1521800350.639676 clock_gettime(CLOCK_BOOTTIME, {33876, 847855989}) = 0
1521800350.639695 select(8, [4 5], [], NULL, NULL) = 1 (in [5])
1521800350.758050 clock_gettime(CLOCK_BOOTTIME, {33876, 966227044}) = 0
1521800350.758067 read(5, "\r", 16384)  = 1
1521800350.758095 clock_gettime(CLOCK_BOOTTIME, {33876, 966271126}) = 0
1521800350.758108 clock_gettime(CLOCK_BOOTTIME, {33876, 966282851}) = 0
1521800350.758120 select(8, [4 5], [4], NULL, NULL) = 1 (out [4])
1521800350.758138 clock_gettime(CLOCK_BOOTTIME, {33876, 966312778}) = 0
1521800350.758150 write(4, "@7\244\10\352\36\246\17o\306\363\340\232@;\346\377F\317\305\310\343\34+;g\4@\342\361\362\227"..., 36) = 36
1521800350.758220 clock_gettime(CLOCK_BOOTTIME, {33876, 966395559}) = 0
1521800350.758234 clock_gettime(CLOCK_BOOTTIME, {33876, 966408498}) = 0
1521800350.758245 select(8, [4 5], [], NULL, NULL) = 1 (in [4])
1521800350.759004 clock_gettime(CLOCK_BOOTTIME, {33876, 967180158}) = 0
1521800350.759019 read(4, "\267\203N\317\226\2567wE\275\257dm?\367\225tFT\361\300A\263XN=\22\360\257\2\26\305"..., 8192) = 36
1521800350.759040 clock_gettime(CLOCK_BOOTTIME, {33876, 967215149}) = 0
1521800350.759052 clock_gettime(CLOCK_BOOTTIME, {33876, 967227050}) = 0
1521800350.759064 select(8, [4 5], [6], NULL, NULL) = 1 (out [6])
1521800350.759081 clock_gettime(CLOCK_BOOTTIME, {33876, 967255984}) = 0
1521800350.759093 write(6, "\r\n", 2)   = 2
1521800350.759179 clock_gettime(CLOCK_BOOTTIME, {33876, 967355091}) = 0
1521800350.759193 clock_gettime(CLOCK_BOOTTIME, {33876, 967368363}) = 0
1521800350.759205 select(8, [4 5], [], NULL, NULL) = 1 (in [4])
1521800350.760175 clock_gettime(CLOCK_BOOTTIME, {33876, 968352025}) = 0
1521800350.760190 read(4, "\245\256\311\226\206\304\202\16c\275U\265\16\301\346Q4M\340-\316\360\310\v0\313[@6\332\243\255"..., 8192) = 252
1521800350.760212 clock_gettime(CLOCK_BOOTTIME, {33876, 968387351}) = 0
1521800350.760224 clock_gettime(CLOCK_BOOTTIME, {33876, 968399006}) = 0
1521800350.760236 select(8, [4 5], [6], NULL, NULL) = 1 (out [6])
1521800350.760253 clock_gettime(CLOCK_BOOTTIME, {33876, 968427937}) = 0
1521800350.760265 write(6, "\33[0m\33[01;34mtmp\33[0m  \33[01;34m\344\270\213"..., 216) = 216
1521800350.760351 clock_gettime(CLOCK_BOOTTIME, {33876, 968526340}) = 0
1521800350.760365 clock_gettime(CLOCK_BOOTTIME, {33876, 968539621}) = 0
1521800350.760376 select(8, [4 5], [], NULL, NULL) = 1 (in [5])
1521800351.278946 clock_gettime(CLOCK_BOOTTIME, {33877, 487124042}) = 0
1521800351.278964 read(5, "\4", 16384)  = 1
1521800351.278992 clock_gettime(CLOCK_BOOTTIME, {33877, 487168426}) = 0
1521800351.279005 clock_gettime(CLOCK_BOOTTIME, {33877, 487180546}) = 0
1521800351.279018 select(8, [4 5], [4], NULL, NULL) = 1 (out [4])
1521800351.279036 clock_gettime(CLOCK_BOOTTIME, {33877, 487210706}) = 0
1521800351.279048 write(4, "\267\271\263n\303k\233\320\226\362\314\223\312g\277\271C\312\320FM\322\367\245\212\23X8\305R\264\212"..., 36) = 36
1521800351.279129 clock_gettime(CLOCK_BOOTTIME, {33877, 487304752}) = 0
1521800351.279143 clock_gettime(CLOCK_BOOTTIME, {33877, 487317973}) = 0
1521800351.279155 select(8, [4 5], [], NULL, NULL) = 1 (in [4])
1521800351.279834 clock_gettime(CLOCK_BOOTTIME, {33877, 488009607}) = 0
1521800351.279858 read(4, "\2761\332\333\211\335\n\221\274ZI\347\225s\3139\370\250\212\237\240\241\21\36\34\236\215\314yd\350\32"..., 8192) = 220
1521800351.279883 close(5)              = 0
1521800351.279965 clock_gettime(CLOCK_BOOTTIME, {33877, 488140875}) = 0
1521800351.279979 clock_gettime(CLOCK_BOOTTIME, {33877, 488153903}) = 0
1521800351.279991 select(8, [4], [6], NULL, NULL) = 1 (out [6])
1521800351.280009 clock_gettime(CLOCK_BOOTTIME, {33877, 488183965}) = 0
1521800351.280021 write(6, "logout\r\n", 8) = 8
1521800351.280109 clock_gettime(CLOCK_BOOTTIME, {33877, 488284319}) = 0
1521800351.280122 clock_gettime(CLOCK_BOOTTIME, {33877, 488297555}) = 0
1521800351.280135 close(6)              = 0
1521800351.280147 ioctl(0, SNDCTL_TMR_STOP or TCSETSW, {B38400 opost isig icanon echo ...}) = 0
1521800351.280177 close(7)              = 0
1521800351.280190 select(8, [4], [4], NULL, NULL) = 1 (out [4])
1521800351.280206 clock_gettime(CLOCK_BOOTTIME, {33877, 488381126}) = 0
1521800351.280218 write(4, "\206\225\226A$r;\t\4C\343Z<\326\33\257\343\177S\321\336\300\206\224\33\277\223C\r@HW"..., 36) = 36
1521800351.280269 rt_sigaction(SIGWINCH, NULL, {0x55bf91726430, [], SA_RESTORER, 0x7f3c0cfc0270}, 8) = 0
1521800351.280285 rt_sigaction(SIGWINCH, {SIG_DFL, [], SA_RESTORER, 0x7f3c0cfc0270}, NULL, 8) = 0
1521800351.280301 write(4, "A\236j\16\276\354*\\\363\207\210\241\2\372\10\335\320\361\306w\247\27[B\301\231E\fb\222\275\374"..., 60) = 60
1521800351.281265 ioctl(0, TCGETS, {B38400 opost isig icanon echo ...}) = 0
1521800351.281283 ioctl(1, TCGETS, {B38400 opost isig icanon echo ...}) = 0
1521800351.281295 ioctl(2, TCGETS, {B38400 opost isig icanon echo ...}) = 0
1521800351.281310 write(2, "Connection to 192.168.125.180 cl"..., 39) = 39
1521800351.281425 shutdown(4, SHUT_RDWR) = 0
1521800351.281500 close(4)              = 0
1521800351.281715 exit_group(0)         = ?
1521800351.282105 +++ exited with 0 +++
