1521771964.937632 select(5, [4], NULL, NULL, NULL) = 1 (in [4])
1521771964.969516 read(4, "l\341\320a|\343\234\203\2046\222O!s\247\206\341\211\313\351M\\\221/\224\332\243\274E\266@\273"..., 8192) = 44
1521771964.969560 write(4, "Gv-k\355\4Pua\360\235C\21\221\270\241 7\373\222\242\247\227X\31\37\230\215\25t\374\336"..., 68) = 68
1521771964.969620 select(5, [4], NULL, NULL, NULL) = 1 (in [4])
1521771964.970632 read(4, "8=\306\316.\357Z\301X=\274\333^ih\357\237\24\5\336\276<\222\351\2620,\226m\241\200P"..., 8192) = 84
1521771964.970702 futex(0x7fdca2b77530, FUTEX_WAKE_PRIVATE, 2147483647) = 0
1521771964.970740 futex(0x7fdca2b773d0, FUTEX_WAKE_PRIVATE, 2147483647) = 0
1521771964.970773 futex(0x7fdca5154fa0, FUTEX_WAKE_PRIVATE, 2147483647) = 0
1521771964.970790 lstat("/etc/gss/mech", 0x7ffd6e4b1e70) = -1 ENOENT (No such file or directory)
1521771964.970840 openat(AT_FDCWD, "/etc/gss/mech.d", O_RDONLY|O_NONBLOCK|O_DIRECTORY|O_CLOEXEC) = 5
1521771964.970875 getdents(5, /* 3 entries */, 32768) = 88
1521771964.970901 open("/usr/lib64/gconv/gconv-modules.cache", O_RDONLY) = 6
1521771964.970947 fstat(6, {st_mode=S_IFREG|0644, st_size=26254, ...}) = 0
1521771964.970983 mmap(NULL, 26254, PROT_READ, MAP_SHARED, 6, 0) = 0x7fdca6acb000
1521771964.971005 close(6)              = 0
1521771964.971017 futex(0x7fdca47e4a80, FUTEX_WAKE_PRIVATE, 2147483647) = 0
1521771964.971041 getdents(5, /* 0 entries */, 32768) = 0
1521771964.971054 close(5)              = 0
1521771964.971068 lstat("/etc/gss/mech.d/gssproxy.conf", {st_mode=S_IFREG|0644, st_size=189, ...}) = 0
1521771964.971092 open("/etc/gss/mech.d/gssproxy.conf", O_RDONLY) = 5
1521771964.971110 fstat(5, {st_mode=S_IFREG|0644, st_size=189, ...}) = 0
1521771964.971123 mmap(NULL, 4096, PROT_READ|PROT_WRITE, MAP_PRIVATE|MAP_ANONYMOUS, -1, 0) = 0x7fdca6aca000
1521771964.971139 read(5, "# GSS-API mechanism plugins\n#\n# "..., 4096) = 189
1521771964.971168 read(5, "", 4096)     = 0
1521771964.971183 close(5)              = 0
1521771964.971196 munmap(0x7fdca6aca000, 4096) = 0
1521771964.971264 stat("/usr/lib64/gssproxy/proxymech.so", {st_mode=S_IFREG|0755, st_size=115072, ...}) = 0
1521771964.971290 futex(0x7fdca60260d0, FUTEX_WAKE_PRIVATE, 2147483647) = 0
1521771964.971312 open("/usr/lib64/gssproxy/proxymech.so", O_RDONLY|O_CLOEXEC) = 5
1521771964.971327 read(5, "\177ELF\2\1\1\0\0\0\0\0\0\0\0\0\3\0>\0\1\0\0\0\320x\0\0\0\0\0\0"..., 832) = 832
1521771964.971340 fstat(5, {st_mode=S_IFREG|0755, st_size=115072, ...}) = 0
1521771964.971355 mmap(NULL, 2208224, PROT_READ|PROT_EXEC, MAP_PRIVATE|MAP_DENYWRITE, 5, 0) = 0x7fdc9bc06000
1521771964.971370 mprotect(0x7fdc9bc21000, 2093056, PROT_NONE) = 0
1521771964.971384 mmap(0x7fdc9be20000, 8192, PROT_READ|PROT_WRITE, MAP_PRIVATE|MAP_FIXED|MAP_DENYWRITE, 5, 0x1a000) = 0x7fdc9be20000
1521771964.971409 close(5)              = 0
1521771964.971430 open("/etc/ld.so.cache", O_RDONLY|O_CLOEXEC) = 5
1521771964.971448 fstat(5, {st_mode=S_IFREG|0644, st_size=74765, ...}) = 0
1521771964.971460 mmap(NULL, 74765, PROT_READ, MAP_PRIVATE, 5, 0) = 0x7fdca6a9d000
1521771964.971472 close(5)              = 0
1521771964.971491 open("/lib64/libgssrpc.so.4", O_RDONLY|O_CLOEXEC) = 5
1521771964.971510 read(5, "\177ELF\2\1\1\0\0\0\0\0\0\0\0\0\3\0>\0\1\0\0\0\340Z\0\0\0\0\0\0"..., 832) = 832
1521771964.971523 fstat(5, {st_mode=S_IFREG|0755, st_size=134368, ...}) = 0
1521771964.971537 mmap(NULL, 2227072, PROT_READ|PROT_EXEC, MAP_PRIVATE|MAP_DENYWRITE, 5, 0) = 0x7fdc9b9e6000
1521771964.971551 mprotect(0x7fdc9ba04000, 2097152, PROT_NONE) = 0
1521771964.971563 mmap(0x7fdc9bc04000, 8192, PROT_READ|PROT_WRITE, MAP_PRIVATE|MAP_FIXED|MAP_DENYWRITE, 5, 0x1e000) = 0x7fdc9bc04000
1521771964.971585 close(5)              = 0
1521771964.971734 mprotect(0x7fdc9bc04000, 4096, PROT_READ) = 0
1521771964.971890 mprotect(0x7fdc9be20000, 4096, PROT_READ) = 0
1521771964.971912 munmap(0x7fdca6a9d000, 74765) = 0
1521771964.971997 stat("/usr/lib64/gssproxy/proxymech.so", {st_mode=S_IFREG|0755, st_size=115072, ...}) = 0
1521771964.972131 futex(0x7fdca4f07480, FUTEX_WAKE_PRIVATE, 2147483647) = 0
1521771964.972173 futex(0x7fdca4f086d0, FUTEX_WAKE_PRIVATE, 2147483647) = 0
1521771964.972227 stat("/etc/krb5.conf", {st_mode=S_IFREG|0644, st_size=590, ...}) = 0
1521771964.972498 open("/etc/krb5.conf", O_RDONLY) = 5
1521771964.972533 fcntl(5, F_SETFD, FD_CLOEXEC) = 0
1521771964.972566 fstat(5, {st_mode=S_IFREG|0644, st_size=590, ...}) = 0
1521771964.972588 mmap(NULL, 4096, PROT_READ|PROT_WRITE, MAP_PRIVATE|MAP_ANONYMOUS, -1, 0) = 0x7fdca6aca000
1521771964.972610 read(5, "# Configuration snippets may be "..., 4096) = 590
1521771964.972643 openat(AT_FDCWD, "/etc/krb5.conf.d/", O_RDONLY|O_NONBLOCK|O_DIRECTORY|O_CLOEXEC) = 6
1521771964.972671 getdents(6, /* 2 entries */, 32768) = 48
1521771964.972686 getdents(6, /* 0 entries */, 32768) = 0
1521771964.972698 close(6)              = 0
1521771964.972721 read(5, "", 4096)     = 0
1521771964.972736 close(5)              = 0
1521771964.972747 munmap(0x7fdca6aca000, 4096) = 0
1521771964.972889 stat("/etc/krb5.conf", {st_mode=S_IFREG|0644, st_size=590, ...}) = 0
1521771964.972914 open("/etc/krb5.conf", O_RDONLY) = 5
1521771964.972963 fcntl(5, F_SETFD, FD_CLOEXEC) = 0
1521771964.972978 fstat(5, {st_mode=S_IFREG|0644, st_size=590, ...}) = 0
1521771964.972992 mmap(NULL, 4096, PROT_READ|PROT_WRITE, MAP_PRIVATE|MAP_ANONYMOUS, -1, 0) = 0x7fdca6aca000
1521771964.973005 read(5, "# Configuration snippets may be "..., 4096) = 590
1521771964.973022 openat(AT_FDCWD, "/etc/krb5.conf.d/", O_RDONLY|O_NONBLOCK|O_DIRECTORY|O_CLOEXEC) = 6
1521771964.973040 getdents(6, /* 2 entries */, 32768) = 48
1521771964.973054 getdents(6, /* 0 entries */, 32768) = 0
1521771964.973064 close(6)              = 0
1521771964.973083 read(5, "", 4096)     = 0
1521771964.973095 close(5)              = 0
1521771964.973106 munmap(0x7fdca6aca000, 4096) = 0
1521771964.973140 access("/etc/krb5.conf", R_OK) = 0
1521771964.973161 stat("/etc/krb5.conf", {st_mode=S_IFREG|0644, st_size=590, ...}) = 0
1521771964.973191 stat("/etc/sysconfig/64bit_strstr_via_64bit_strstr_sse2_unaligned", 0x7ffd6e4b13f0) = -1 ENOENT (No such file or directory)
1521771964.973217 geteuid()             = 1001
1521771964.973249 open("/var/kerberos/krb5/user/1001/client.keytab", O_RDONLY) = -1 ENOENT (No such file or directory)
1521771964.973288 getuid()              = 1001
1521771964.973315 keyctl(KEYCTL_GET_PERSISTENT, 1001, KEY_SPEC_PROCESS_KEYRING) = 314351014
1521771964.974187 keyctl(KEYCTL_SEARCH, 314351014, "keyring", "_krb", KEY_SPEC_PROCESS_KEYRING) = 842596139
1521771964.974206 keyctl(KEYCTL_SEARCH, 842596139, "user", "krb_ccache:primary", 0) = 488544336
1521771964.974222 keyctl(KEYCTL_READ, 488544336, NULL, 0) = 12
1521771964.974236 keyctl(KEYCTL_READ, 488544336, "", 12) = 12
1521771964.974250 keyctl(KEYCTL_READ, 842596139, NULL, 0) = 4
1521771964.974261 keyctl(KEYCTL_READ, 842596139, "P\230\36\35", 4) = 4
1521771964.974273 keyctl(KEYCTL_SEARCH, 842596139, "keyring", "1001", 0) = -1 ENOKEY (Required key not available)
1521771964.974289 keyctl(KEYCTL_DESCRIBE, 488544336, NULL, 0) = 43
1521771964.974303 keyctl(KEYCTL_DESCRIBE, 488544336, "user;1001;1001;3f010000;krb_ccac"..., 43) = 43
1521771964.974347 stat("/etc/krb5.conf", {st_mode=S_IFREG|0644, st_size=590, ...}) = 0
1521771964.974367 open("/etc/krb5.conf", O_RDONLY) = 5
1521771964.974382 fcntl(5, F_SETFD, FD_CLOEXEC) = 0
1521771964.974395 fstat(5, {st_mode=S_IFREG|0644, st_size=590, ...}) = 0
1521771964.974407 mmap(NULL, 4096, PROT_READ|PROT_WRITE, MAP_PRIVATE|MAP_ANONYMOUS, -1, 0) = 0x7fdca6aca000
1521771964.974421 read(5, "# Configuration snippets may be "..., 4096) = 590
1521771964.974438 openat(AT_FDCWD, "/etc/krb5.conf.d/", O_RDONLY|O_NONBLOCK|O_DIRECTORY|O_CLOEXEC) = 6
1521771964.974453 getdents(6, /* 2 entries */, 32768) = 48
1521771964.974466 getdents(6, /* 0 entries */, 32768) = 0
1521771964.974477 close(6)              = 0
1521771964.974496 read(5, "", 4096)     = 0
1521771964.974508 close(5)              = 0
1521771964.974519 munmap(0x7fdca6aca000, 4096) = 0
1521771964.974562 stat("/etc/krb5.conf", {st_mode=S_IFREG|0644, st_size=590, ...}) = 0
1521771964.974584 open("/etc/krb5.conf", O_RDONLY) = 5
1521771964.974598 fcntl(5, F_SETFD, FD_CLOEXEC) = 0
1521771964.974616 fstat(5, {st_mode=S_IFREG|0644, st_size=590, ...}) = 0
1521771964.974629 mmap(NULL, 4096, PROT_READ|PROT_WRITE, MAP_PRIVATE|MAP_ANONYMOUS, -1, 0) = 0x7fdca6aca000
1521771964.974642 read(5, "# Configuration snippets may be "..., 4096) = 590
1521771964.974658 openat(AT_FDCWD, "/etc/krb5.conf.d/", O_RDONLY|O_NONBLOCK|O_DIRECTORY|O_CLOEXEC) = 6
1521771964.974673 getdents(6, /* 2 entries */, 32768) = 48
1521771964.974686 getdents(6, /* 0 entries */, 32768) = 0
1521771964.974697 close(6)              = 0
1521771964.974714 read(5, "", 4096)     = 0
1521771964.974726 close(5)              = 0
1521771964.974737 munmap(0x7fdca6aca000, 4096) = 0
1521771964.974772 stat("/etc/krb5.conf", {st_mode=S_IFREG|0644, st_size=590, ...}) = 0
1521771964.974791 open("/etc/krb5.conf", O_RDONLY) = 5
1521771964.974805 fcntl(5, F_SETFD, FD_CLOEXEC) = 0
1521771964.974818 fstat(5, {st_mode=S_IFREG|0644, st_size=590, ...}) = 0
1521771964.974830 mmap(NULL, 4096, PROT_READ|PROT_WRITE, MAP_PRIVATE|MAP_ANONYMOUS, -1, 0) = 0x7fdca6aca000
1521771964.974843 read(5, "# Configuration snippets may be "..., 4096) = 590
1521771964.974859 openat(AT_FDCWD, "/etc/krb5.conf.d/", O_RDONLY|O_NONBLOCK|O_DIRECTORY|O_CLOEXEC) = 6
1521771964.974874 getdents(6, /* 2 entries */, 32768) = 48
1521771964.974887 getdents(6, /* 0 entries */, 32768) = 0
1521771964.974898 close(6)              = 0
1521771964.974915 read(5, "", 4096)     = 0
1521771964.974927 close(5)              = 0
1521771964.974964 munmap(0x7fdca6aca000, 4096) = 0
1521771964.974991 access("/etc/krb5.conf", R_OK) = 0
1521771964.975008 stat("/etc/krb5.conf", {st_mode=S_IFREG|0644, st_size=590, ...}) = 0
1521771964.975028 geteuid()             = 1001
1521771964.975043 open("/var/kerberos/krb5/user/1001/client.keytab", O_RDONLY) = -1 ENOENT (No such file or directory)
1521771964.975066 getuid()              = 1001
1521771964.975081 keyctl(KEYCTL_GET_PERSISTENT, 1001, KEY_SPEC_PROCESS_KEYRING) = 314351014
1521771964.975096 keyctl(KEYCTL_SEARCH, 314351014, "keyring", "_krb", KEY_SPEC_PROCESS_KEYRING) = 842596139
1521771964.975111 keyctl(KEYCTL_SEARCH, 842596139, "user", "krb_ccache:primary", 0) = 488544336
1521771964.975124 keyctl(KEYCTL_READ, 488544336, NULL, 0) = 12
1521771964.975135 keyctl(KEYCTL_READ, 488544336, "", 12) = 12
1521771964.975147 keyctl(KEYCTL_READ, 842596139, NULL, 0) = 4
1521771964.975158 keyctl(KEYCTL_READ, 842596139, "P\230\36\35", 4) = 4
1521771964.975170 keyctl(KEYCTL_SEARCH, 842596139, "keyring", "1001", 0) = -1 ENOKEY (Required key not available)
1521771964.975183 keyctl(KEYCTL_DESCRIBE, 488544336, NULL, 0) = 43
1521771964.975195 keyctl(KEYCTL_DESCRIBE, 488544336, "user;1001;1001;3f010000;krb_ccac"..., 43) = 43
1521771964.975216 access("/etc/krb5.conf", R_OK) = 0
1521771964.975231 stat("/etc/krb5.conf", {st_mode=S_IFREG|0644, st_size=590, ...}) = 0
1521771964.975262 stat("/etc/krb5.conf", {st_mode=S_IFREG|0644, st_size=590, ...}) = 0
1521771964.975279 open("/etc/krb5.conf", O_RDONLY) = 5
1521771964.975293 fcntl(5, F_SETFD, FD_CLOEXEC) = 0
1521771964.975306 fstat(5, {st_mode=S_IFREG|0644, st_size=590, ...}) = 0
1521771964.975318 mmap(NULL, 4096, PROT_READ|PROT_WRITE, MAP_PRIVATE|MAP_ANONYMOUS, -1, 0) = 0x7fdca6aca000
1521771964.975331 read(5, "# Configuration snippets may be "..., 4096) = 590
1521771964.975347 openat(AT_FDCWD, "/etc/krb5.conf.d/", O_RDONLY|O_NONBLOCK|O_DIRECTORY|O_CLOEXEC) = 6
1521771964.975362 getdents(6, /* 2 entries */, 32768) = 48
1521771964.975375 getdents(6, /* 0 entries */, 32768) = 0
1521771964.975386 close(6)              = 0
1521771964.975403 read(5, "", 4096)     = 0
1521771964.975415 close(5)              = 0
1521771964.975426 munmap(0x7fdca6aca000, 4096) = 0
1521771964.975459 stat("/home/king/.ssh/id_rsa", 0x7ffd6e4b1ef0) = -1 ENOENT (No such file or directory)
1521771964.975481 stat("/home/king/.ssh/id_dsa", 0x7ffd6e4b1ef0) = -1 ENOENT (No such file or directory)
1521771964.975495 stat("/home/king/.ssh/id_ecdsa", 0x7ffd6e4b1ef0) = -1 ENOENT (No such file or directory)
1521771964.975508 stat("/home/king/.ssh/id_ed25519", 0x7ffd6e4b1ef0) = -1 ENOENT (No such file or directory)
1521771964.975533 open("/dev/tty", O_RDWR) = 5
1521771964.975553 close(5)              = 0
1521771964.975566 open("/dev/tty", O_RDWR) = 5
1521771964.975579 ioctl(5, TCGETS, {B38400 opost isig icanon echo ...}) = 0
1521771964.975604 ioctl(5, SNDCTL_TMR_CONTINUE or TCSETSF, {B38400 opost isig icanon -echo ...}) = 0
1521771964.975619 rt_sigaction(SIGALRM, {0x560fb84105b0, [], SA_RESTORER, 0x7fdca445c270}, {SIG_DFL, [], 0}, 8) = 0
1521771964.975635 rt_sigaction(SIGHUP, {0x560fb84105b0, [], SA_RESTORER, 0x7fdca445c270}, {SIG_DFL, [], 0}, 8) = 0
1521771964.975648 rt_sigaction(SIGINT, {0x560fb84105b0, [], SA_RESTORER, 0x7fdca445c270}, {SIG_DFL, [], 0}, 8) = 0
1521771964.975659 rt_sigaction(SIGPIPE, {0x560fb84105b0, [], SA_RESTORER, 0x7fdca445c270}, {SIG_IGN, [], SA_RESTORER, 0x7fdca445c270}, 8) = 0
1521771964.975672 rt_sigaction(SIGQUIT, {0x560fb84105b0, [], SA_RESTORER, 0x7fdca445c270}, {SIG_DFL, [], 0}, 8) = 0
1521771964.975684 rt_sigaction(SIGTERM, {0x560fb84105b0, [], SA_RESTORER, 0x7fdca445c270}, {SIG_DFL, [], 0}, 8) = 0
1521771964.975696 rt_sigaction(SIGTSTP, {0x560fb84105b0, [], SA_RESTORER, 0x7fdca445c270}, {SIG_DFL, [], 0}, 8) = 0
1521771964.975707 rt_sigaction(SIGTTIN, {0x560fb84105b0, [], SA_RESTORER, 0x7fdca445c270}, {SIG_DFL, [], 0}, 8) = 0
1521771964.975719 rt_sigaction(SIGTTOU, {0x560fb84105b0, [], SA_RESTORER, 0x7fdca445c270}, {SIG_DFL, [], 0}, 8) = 0
1521771964.975731 write(5, "jacob@192.168.125.180's password"..., 34) = 34
1521771964.975778 read(5, "b", 1)       = 1
1521771964.975791 read(5, "b", 1)       = 1
1521771964.975802 read(5, "c", 1)       = 1
1521771964.975814 read(5, "0", 1)       = 1
1521771964.975825 read(5, "0", 1)       = 1
1521771964.975836 read(5, "0", 1)       = 1
1521771964.975848 read(5, "7", 1)       = 1
1521771964.975859 read(5, "3", 1)       = 1
1521771964.975871 read(5, "1", 1)       = 1
1521771964.975882 read(5, "\n", 1)      = 1
1521771964.975893 write(5, "\n", 1)     = 1
1521771964.975911 ioctl(5, SNDCTL_TMR_CONTINUE or TCSETSF, {B38400 opost isig icanon echo ...}) = 0
1521771964.975925 rt_sigaction(SIGALRM, {SIG_DFL, [], SA_RESTORER, 0x7fdca445c270}, NULL, 8) = 0
1521771964.975969 rt_sigaction(SIGHUP, {SIG_DFL, [], SA_RESTORER, 0x7fdca445c270}, NULL, 8) = 0
1521771964.975990 rt_sigaction(SIGINT, {SIG_DFL, [], SA_RESTORER, 0x7fdca445c270}, NULL, 8) = 0
1521771964.976001 rt_sigaction(SIGQUIT, {SIG_DFL, [], SA_RESTORER, 0x7fdca445c270}, NULL, 8) = 0
1521771964.976012 rt_sigaction(SIGPIPE, {SIG_IGN, [], SA_RESTORER, 0x7fdca445c270}, NULL, 8) = 0
1521771964.976023 rt_sigaction(SIGTERM, {SIG_DFL, [], SA_RESTORER, 0x7fdca445c270}, NULL, 8) = 0
1521771964.976034 rt_sigaction(SIGTSTP, {SIG_DFL, [], SA_RESTORER, 0x7fdca445c270}, NULL, 8) = 0
1521771964.976045 rt_sigaction(SIGTTIN, {SIG_DFL, [], SA_RESTORER, 0x7fdca445c270}, NULL, 8) = 0
1521771964.976056 rt_sigaction(SIGTTOU, {SIG_DFL, [], SA_RESTORER, 0x7fdca445c270}, NULL, 8) = 0
1521771964.976067 close(5)              = 0
1521771964.976090 write(4, "\301R\200\323U0\tUD\242ty\372\266\240W 0\261d\370}\310\216\230-P\t-G\3054"..., 148) = 148
1521771964.976175 select(5, [4], NULL, NULL, NULL) = 1 (in [4])
1521771964.991055 read(4, "D}\212\336\332n\210~\233+\220\2335\264\323\344\266\265\210\257Q\261\252\344\261\2( ", 8192) = 28
1521771964.991094 dup(0)                = 5
1521771964.991106 dup(1)                = 6
1521771964.991116 dup(2)                = 7
1521771964.991126 ioctl(5, TCGETS, {B38400 opost isig icanon echo ...}) = 0
1521771964.991144 ioctl(6, TCGETS, {B38400 opost isig icanon echo ...}) = 0
1521771964.991156 ioctl(7, TCGETS, {B38400 opost isig icanon echo ...}) = 0
1521771964.991171 fcntl(5, F_SETFD, FD_CLOEXEC) = 0
1521771964.991190 fcntl(6, F_SETFD, FD_CLOEXEC) = 0
1521771964.991201 fcntl(7, F_SETFD, FD_CLOEXEC) = 0
1521771964.991224 rt_sigaction(SIGHUP, NULL, {SIG_DFL, [], SA_RESTORER, 0x7fdca445c270}, 8) = 0
1521771964.991238 rt_sigaction(SIGHUP, {SIG_IGN, [], SA_RESTORER, 0x7fdca445c270}, NULL, 8) = 0
1521771964.991250 rt_sigaction(SIGHUP, NULL, {SIG_IGN, [], SA_RESTORER, 0x7fdca445c270}, 8) = 0
1521771964.991273 rt_sigaction(SIGHUP, {0x560fb83b31a0, [], SA_RESTORER, 0x7fdca445c270}, NULL, 8) = 0
1521771964.991284 rt_sigaction(SIGINT, NULL, {SIG_DFL, [], SA_RESTORER, 0x7fdca445c270}, 8) = 0
1521771964.991295 rt_sigaction(SIGINT, {SIG_IGN, [], SA_RESTORER, 0x7fdca445c270}, NULL, 8) = 0
1521771964.991306 rt_sigaction(SIGINT, NULL, {SIG_IGN, [], SA_RESTORER, 0x7fdca445c270}, 8) = 0
1521771964.991317 rt_sigaction(SIGINT, {0x560fb83b31a0, [], SA_RESTORER, 0x7fdca445c270}, NULL, 8) = 0
1521771964.991329 rt_sigaction(SIGQUIT, NULL, {SIG_DFL, [], SA_RESTORER, 0x7fdca445c270}, 8) = 0
1521771964.991339 rt_sigaction(SIGQUIT, {SIG_IGN, [], SA_RESTORER, 0x7fdca445c270}, NULL, 8) = 0
1521771964.991351 rt_sigaction(SIGQUIT, NULL, {SIG_IGN, [], SA_RESTORER, 0x7fdca445c270}, 8) = 0
1521771964.991361 rt_sigaction(SIGQUIT, {0x560fb83b31a0, [], SA_RESTORER, 0x7fdca445c270}, NULL, 8) = 0
1521771964.991373 rt_sigaction(SIGTERM, NULL, {SIG_DFL, [], SA_RESTORER, 0x7fdca445c270}, 8) = 0
1521771964.991384 rt_sigaction(SIGTERM, {SIG_IGN, [], SA_RESTORER, 0x7fdca445c270}, NULL, 8) = 0
1521771964.991395 rt_sigaction(SIGTERM, NULL, {SIG_IGN, [], SA_RESTORER, 0x7fdca445c270}, 8) = 0
1521771964.991406 rt_sigaction(SIGTERM, {0x560fb83b31a0, [], SA_RESTORER, 0x7fdca445c270}, NULL, 8) = 0
1521771964.991417 rt_sigaction(SIGWINCH, NULL, {SIG_DFL, [], 0}, 8) = 0
1521771964.991428 rt_sigaction(SIGWINCH, {0x560fb83b3430, [], SA_RESTORER, 0x7fdca445c270}, NULL, 8) = 0
1521771964.991440 ioctl(0, TCGETS, {B38400 opost isig icanon echo ...}) = 0
1521771964.991453 ioctl(0, SNDCTL_TMR_STOP or TCSETSW, {B38400 -opost -isig -icanon -echo ...}) = 0
1521771964.991468 clock_gettime(CLOCK_BOOTTIME, {5491, 199644212}) = 0
1521771964.991482 clock_gettime(CLOCK_BOOTTIME, {5491, 199656598}) = 0
1521771964.991493 select(8, [4], [4], NULL, NULL) = 1 (out [4])
1521771964.991510 clock_gettime(CLOCK_BOOTTIME, {5491, 199684530}) = 0
1521771964.991521 write(4, "d*;a\317\33)\207\221\277\342Nf\205\341\237\327\251w\360\365\3gu\207\373@\322\267\24\n\260"..., 112) = 112
1521771964.991586 clock_gettime(CLOCK_BOOTTIME, {5491, 199761516}) = 0
1521771964.991599 clock_gettime(CLOCK_BOOTTIME, {5491, 199773901}) = 0
1521771964.991610 select(8, [4], [], NULL, NULL) = 1 (in [4])
1521771965.141200 clock_gettime(CLOCK_BOOTTIME, {5491, 349377774}) = 0
1521771965.141217 read(4, "\3\244R\216\177\35374\272\2\336$\\\351`\363\256\214\217%\317\242;f*\327Le\16aG\37"..., 8192) = 500
1521771965.141256 clock_gettime(CLOCK_BOOTTIME, {5491, 349432034}) = 0
1521771965.141269 clock_gettime(CLOCK_BOOTTIME, {5491, 349444019}) = 0
1521771965.141281 select(8, [4], [], NULL, NULL) = 1 (in [4])
1521771965.181507 clock_gettime(CLOCK_BOOTTIME, {5491, 389684981}) = 0
1521771965.181525 read(4, "+.B\336\361\1\357\367\355\233J4\310\264bx\343\230Y\3\221\233+&b(\236\30\242k\263\322"..., 8192) = 44
1521771965.181554 getsockopt(4, SOL_TCP, TCP_NODELAY, [0], [4]) = 0
1521771965.181577 setsockopt(4, SOL_TCP, TCP_NODELAY, [1], 4) = 0
1521771965.181590 getsockname(4, {sa_family=AF_INET, sin_port=htons(43054), sin_addr=inet_addr("192.168.125.181")}, [16]) = 0
1521771965.181617 setsockopt(4, SOL_IP, IP_TOS, [16], 4) = 0
1521771965.181631 ioctl(0, TIOCGWINSZ, {ws_row=38, ws_col=194, ws_xpixel=0, ws_ypixel=0}) = 0
1521771965.181678 clock_gettime(CLOCK_BOOTTIME, {5491, 389854725}) = 0
1521771965.181692 clock_gettime(CLOCK_BOOTTIME, {5491, 389866789}) = 0
1521771965.181704 select(8, [4], [4], NULL, NULL) = 1 (out [4])
1521771965.181720 clock_gettime(CLOCK_BOOTTIME, {5491, 389894921}) = 0
1521771965.181734 write(4, "\222\303\25\321\344F\247D:\277\24\271\327\347(W4j\243\231\335>\256=i\177M\357\3.!\322"..., 504) = 504
1521771965.181797 clock_gettime(CLOCK_BOOTTIME, {5491, 389972075}) = 0
1521771965.181809 clock_gettime(CLOCK_BOOTTIME, {5491, 389984389}) = 0
1521771965.181821 select(8, [4], [], NULL, NULL) = 1 (in [4])
1521771965.187243 clock_gettime(CLOCK_BOOTTIME, {5491, 395419615}) = 0
1521771965.187259 read(4, "\240\312\254\263i+\321\350\250\33\320\21\217\345\352\272\16\271;\2660\236\346\316tl\372-\10\375\307\314"..., 8192) = 108
1521771965.187299 clock_gettime(CLOCK_BOOTTIME, {5491, 395475525}) = 0
1521771965.187313 clock_gettime(CLOCK_BOOTTIME, {5491, 395487756}) = 0
1521771965.187325 select(8, [4 5], [], NULL, NULL) = 1 (in [4])
1521771965.189030 clock_gettime(CLOCK_BOOTTIME, {5491, 397206291}) = 0
1521771965.189044 read(4, "f\344'$\260\304\363+H.-yr\332O\2504\217\25\f\5?\263\3222\367\234\307\32\331h\210"..., 8192) = 100
1521771965.189108 clock_gettime(CLOCK_BOOTTIME, {5491, 397283251}) = 0
1521771965.189120 clock_gettime(CLOCK_BOOTTIME, {5491, 397294794}) = 0
1521771965.189131 select(8, [4 5], [6], NULL, NULL) = 1 (out [6])
1521771965.189149 clock_gettime(CLOCK_BOOTTIME, {5491, 397323997}) = 0
1521771965.189170 write(6, "Last login: Fri Mar 23 10:24:53 "..., 60) = 60
1521771965.189222 clock_gettime(CLOCK_BOOTTIME, {5491, 397399058}) = 0
1521771965.189244 clock_gettime(CLOCK_BOOTTIME, {5491, 397422872}) = 0
1521771965.189264 select(8, [4 5], [], NULL, NULL) = 1 (in [4])
1521771965.280004 clock_gettime(CLOCK_BOOTTIME, {5491, 488181319}) = 0
1521771965.280021 read(4, "\217\273\326\206J\210\r\272#\v\0p\247=\261\225=q?\265|\211x\232P\22\352\33TQ\331\343"..., 8192) = 84
1521771965.280050 clock_gettime(CLOCK_BOOTTIME, {5491, 488225133}) = 0
1521771965.280062 clock_gettime(CLOCK_BOOTTIME, {5491, 488236670}) = 0
1521771965.280074 select(8, [4 5], [6], NULL, NULL) = 1 (out [6])
1521771965.280092 clock_gettime(CLOCK_BOOTTIME, {5491, 488266565}) = 0
1521771965.280103 write(6, "\33]0;jacob@study:~\7\33[?1034h[jacob"..., 43) = 43
1521771965.280140 clock_gettime(CLOCK_BOOTTIME, {5491, 488315304}) = 0
1521771965.280152 clock_gettime(CLOCK_BOOTTIME, {5491, 488327281}) = 0
1521771965.280164 select(8, [4 5], [], NULL, NULL) = 1 (in [5])
1521771966.450126 clock_gettime(CLOCK_BOOTTIME, {5492, 658302921}) = 0
1521771966.450144 read(5, "l", 16384)   = 1
1521771966.450175 clock_gettime(CLOCK_BOOTTIME, {5492, 658350868}) = 0
1521771966.450188 clock_gettime(CLOCK_BOOTTIME, {5492, 658362714}) = 0
1521771966.450200 select(8, [4 5], [4], NULL, NULL) = 1 (out [4])
1521771966.450217 clock_gettime(CLOCK_BOOTTIME, {5492, 658391557}) = 0
1521771966.450229 write(4, "\314\10\201\35\20T\\\20\233\372\204s\35\254\\r\204\271\277YSp\323\330\216\214~\372\245\375}\265"..., 36) = 36
1521771966.450303 clock_gettime(CLOCK_BOOTTIME, {5492, 658478666}) = 0
1521771966.450316 clock_gettime(CLOCK_BOOTTIME, {5492, 658491150}) = 0
1521771966.450328 select(8, [4 5], [], NULL, NULL) = 1 (in [4])
1521771966.451233 clock_gettime(CLOCK_BOOTTIME, {5492, 659409617}) = 0
1521771966.451248 read(4, "x\"RT\3606\260\22\365\354\210?\v\260\220\10\346\261t\346\20\326\252\10>\352\32\245\4\214\306\315"..., 8192) = 36
1521771966.451268 clock_gettime(CLOCK_BOOTTIME, {5492, 659443607}) = 0
1521771966.451280 clock_gettime(CLOCK_BOOTTIME, {5492, 659454929}) = 0
1521771966.451291 select(8, [4 5], [6], NULL, NULL) = 1 (out [6])
1521771966.451308 clock_gettime(CLOCK_BOOTTIME, {5492, 659483178}) = 0
1521771966.451320 write(6, "l", 1)      = 1
1521771966.451354 clock_gettime(CLOCK_BOOTTIME, {5492, 659529107}) = 0
1521771966.451366 clock_gettime(CLOCK_BOOTTIME, {5492, 659540994}) = 0
1521771966.451377 select(8, [4 5], [], NULL, NULL) = 1 (in [5])
1521771966.569958 clock_gettime(CLOCK_BOOTTIME, {5492, 778135073}) = 0
1521771966.569976 read(5, "s", 16384)   = 1
1521771966.570002 clock_gettime(CLOCK_BOOTTIME, {5492, 778177302}) = 0
1521771966.570014 clock_gettime(CLOCK_BOOTTIME, {5492, 778188710}) = 0
1521771966.570026 select(8, [4 5], [4], NULL, NULL) = 1 (out [4])
1521771966.570043 clock_gettime(CLOCK_BOOTTIME, {5492, 778217804}) = 0
1521771966.570055 write(4, "\313#\271z x\213\230\265\244(\331\16\0042\263b\374\352jF\f\311F\36\16\2\214Q\216x\257"..., 36) = 36
1521771966.570150 clock_gettime(CLOCK_BOOTTIME, {5492, 778328268}) = 0
1521771966.570172 clock_gettime(CLOCK_BOOTTIME, {5492, 778349446}) = 0
1521771966.570192 select(8, [4 5], [], NULL, NULL) = 1 (in [4])
1521771966.570708 clock_gettime(CLOCK_BOOTTIME, {5492, 778884727}) = 0
1521771966.570723 read(4, "\367\306\226!s\3\26\222\232\375\370\260\364\306\327\320\275$\27\373\214\34dk\\\224\325\353px]\376"..., 8192) = 36
1521771966.570755 clock_gettime(CLOCK_BOOTTIME, {5492, 778931116}) = 0
1521771966.570768 clock_gettime(CLOCK_BOOTTIME, {5492, 778942967}) = 0
1521771966.570780 select(8, [4 5], [6], NULL, NULL) = 1 (out [6])
1521771966.570797 clock_gettime(CLOCK_BOOTTIME, {5492, 778971796}) = 0
1521771966.570808 write(6, "s", 1)      = 1
1521771966.570919 clock_gettime(CLOCK_BOOTTIME, {5492, 779094402}) = 0
1521771966.570932 clock_gettime(CLOCK_BOOTTIME, {5492, 779107314}) = 0
1521771966.570944 select(8, [4 5], [], NULL, NULL) = 1 (in [5])
1521771966.721994 clock_gettime(CLOCK_BOOTTIME, {5492, 930172174}) = 0
1521771966.722013 read(5, "l", 16384)   = 1
1521771966.722042 clock_gettime(CLOCK_BOOTTIME, {5492, 930217576}) = 0
1521771966.722054 clock_gettime(CLOCK_BOOTTIME, {5492, 930228814}) = 0
1521771966.722066 select(8, [4 5], [4], NULL, NULL) = 1 (out [4])
1521771966.722083 clock_gettime(CLOCK_BOOTTIME, {5492, 930258268}) = 0
1521771966.722095 write(4, "\314p cO\242\0\227\313vz\364\324\213=e\376\370<\331z,&c\360ok\357/P\32\301"..., 36) = 36
1521771966.722188 clock_gettime(CLOCK_BOOTTIME, {5492, 930363195}) = 0
1521771966.722201 clock_gettime(CLOCK_BOOTTIME, {5492, 930375573}) = 0
1521771966.722212 select(8, [4 5], [], NULL, NULL) = 1 (in [4])
1521771966.722708 clock_gettime(CLOCK_BOOTTIME, {5492, 930884301}) = 0
1521771966.722723 read(4, ")F\306\371'\311\321\354\336\325\330@\223g\0\375\27\v\333\337\340\212Q\356i\26p\24\27\220\231;"..., 8192) = 36
1521771966.722745 clock_gettime(CLOCK_BOOTTIME, {5492, 930920709}) = 0
1521771966.722757 clock_gettime(CLOCK_BOOTTIME, {5492, 930932214}) = 0
1521771966.722769 select(8, [4 5], [6], NULL, NULL) = 1 (out [6])
1521771966.722785 clock_gettime(CLOCK_BOOTTIME, {5492, 930960417}) = 0
1521771966.722797 write(6, "l", 1)      = 1
1521771966.722910 clock_gettime(CLOCK_BOOTTIME, {5492, 931085965}) = 0
1521771966.722924 clock_gettime(CLOCK_BOOTTIME, {5492, 931098796}) = 0
1521771966.722935 select(8, [4 5], [], NULL, NULL) = 1 (in [5])
1521771966.858007 clock_gettime(CLOCK_BOOTTIME, {5493, 66183978}) = 0
1521771966.858025 read(5, "s", 16384)   = 1
1521771966.858051 clock_gettime(CLOCK_BOOTTIME, {5493, 66226522}) = 0
1521771966.858063 clock_gettime(CLOCK_BOOTTIME, {5493, 66237923}) = 0
1521771966.858075 select(8, [4 5], [4], NULL, NULL) = 1 (out [4])
1521771966.858092 clock_gettime(CLOCK_BOOTTIME, {5493, 66266700}) = 0
1521771966.858104 write(4, "/\302\300\312<\237s\301c|]\20\373Q,\243\227V\221\177\206p\32`\34\274\250)\323\232\347\252"..., 36) = 36
1521771966.858188 clock_gettime(CLOCK_BOOTTIME, {5493, 66367570}) = 0
1521771966.858206 clock_gettime(CLOCK_BOOTTIME, {5493, 66381156}) = 0
1521771966.858218 select(8, [4 5], [], NULL, NULL) = 1 (in [4])
1521771966.858573 clock_gettime(CLOCK_BOOTTIME, {5493, 66748932}) = 0
1521771966.858587 read(4, "\204Z\232Y\356=X/\24`H\312Il\377\276<j\220\t\376;\0164\233)\31\203*[\310\n"..., 8192) = 36
1521771966.858607 clock_gettime(CLOCK_BOOTTIME, {5493, 66782317}) = 0
1521771966.858619 clock_gettime(CLOCK_BOOTTIME, {5493, 66793741}) = 0
1521771966.858630 select(8, [4 5], [6], NULL, NULL) = 1 (out [6])
1521771966.858647 clock_gettime(CLOCK_BOOTTIME, {5493, 66821807}) = 0
1521771966.858672 write(6, "s", 1)      = 1
1521771966.858756 clock_gettime(CLOCK_BOOTTIME, {5493, 66931561}) = 0
1521771966.858769 clock_gettime(CLOCK_BOOTTIME, {5493, 66944253}) = 0
1521771966.858781 select(8, [4 5], [], NULL, NULL) = 1 (in [5])
1521771967.081980 clock_gettime(CLOCK_BOOTTIME, {5493, 290163876}) = 0
1521771967.082005 read(5, "\r", 16384)  = 1
1521771967.082031 clock_gettime(CLOCK_BOOTTIME, {5493, 290205909}) = 0
1521771967.082043 clock_gettime(CLOCK_BOOTTIME, {5493, 290217427}) = 0
1521771967.082054 select(8, [4 5], [4], NULL, NULL) = 1 (out [4])
1521771967.082072 clock_gettime(CLOCK_BOOTTIME, {5493, 290246865}) = 0
1521771967.082084 write(4, "\"\v\230\300N\205$\16\344\n{J\242[\fT\26z3\342\363.Z;\20\253\263F\241NiR"..., 36) = 36
1521771967.082154 clock_gettime(CLOCK_BOOTTIME, {5493, 290329609}) = 0
1521771967.082181 clock_gettime(CLOCK_BOOTTIME, {5493, 290355990}) = 0
1521771967.082193 select(8, [4 5], [], NULL, NULL) = 1 (in [4])
1521771967.085103 clock_gettime(CLOCK_BOOTTIME, {5493, 293280075}) = 0
1521771967.085120 read(4, "j{v\v\n\371)\331\221,\251X84\17\243\264\20\220C\342\221x\23l\36\202\334.\313C\222"..., 8192) = 36
1521771967.085144 clock_gettime(CLOCK_BOOTTIME, {5493, 293320025}) = 0
1521771967.085157 clock_gettime(CLOCK_BOOTTIME, {5493, 293331520}) = 0
1521771967.085168 select(8, [4 5], [6], NULL, NULL) = 1 (out [6])
1521771967.085186 clock_gettime(CLOCK_BOOTTIME, {5493, 293360749}) = 0
1521771967.085197 write(6, "\r\n", 2)   = 2
1521771967.085300 clock_gettime(CLOCK_BOOTTIME, {5493, 293475704}) = 0
1521771967.085314 clock_gettime(CLOCK_BOOTTIME, {5493, 293488410}) = 0
1521771967.085325 select(8, [4 5], [], NULL, NULL) = 1 (in [4])
1521771967.088460 clock_gettime(CLOCK_BOOTTIME, {5493, 296637669}) = 0
1521771967.088477 read(4, "#\217\34zu\34\v|\34\342n\177.\f\361S\337>\212o@AH\353e\22\343\207\307\323|]"..., 8192) = 68
1521771967.088519 clock_gettime(CLOCK_BOOTTIME, {5493, 296694589}) = 0
1521771967.088545 clock_gettime(CLOCK_BOOTTIME, {5493, 296720728}) = 0
1521771967.088558 select(8, [4 5], [6], NULL, NULL) = 1 (out [6])
1521771967.088577 clock_gettime(CLOCK_BOOTTIME, {5493, 296751710}) = 0
1521771967.088588 write(6, "bash: lsls: command not found..."..., 34) = 34
1521771967.088696 clock_gettime(CLOCK_BOOTTIME, {5493, 296871300}) = 0
1521771967.088709 clock_gettime(CLOCK_BOOTTIME, {5493, 296884053}) = 0
1521771967.088721 select(8, [4 5], [], NULL, NULL) = 1 (in [4])
1521771967.094102 clock_gettime(CLOCK_BOOTTIME, {5493, 302279858}) = 0
1521771967.094122 read(4, "\277$!\3337\245\301OQK\333\256\232a\n\33\240X\f\217\263\362\355\256\33::Gg;i\30"..., 8192) = 76
1521771967.094153 clock_gettime(CLOCK_BOOTTIME, {5493, 302328648}) = 0
1521771967.094166 clock_gettime(CLOCK_BOOTTIME, {5493, 302340435}) = 0
1521771967.094178 select(8, [4 5], [6], NULL, NULL) = 1 (out [6])
1521771967.094195 clock_gettime(CLOCK_BOOTTIME, {5493, 302370366}) = 0
1521771967.094207 write(6, "\33]0;jacob@study:~\7[jacob@study ~"..., 35) = 35
1521771967.094321 clock_gettime(CLOCK_BOOTTIME, {5493, 302496581}) = 0
1521771967.094335 clock_gettime(CLOCK_BOOTTIME, {5493, 302509454}) = 0
1521771967.094346 select(8, [4 5], [], NULL, NULL) = 1 (in [5])
1521771967.409836 clock_gettime(CLOCK_BOOTTIME, {5493, 618012733}) = 0
1521771967.409854 read(5, "l", 16384)   = 1
1521771967.409880 clock_gettime(CLOCK_BOOTTIME, {5493, 618055137}) = 0
1521771967.409892 clock_gettime(CLOCK_BOOTTIME, {5493, 618066714}) = 0
1521771967.409904 select(8, [4 5], [4], NULL, NULL) = 1 (out [4])
1521771967.409921 clock_gettime(CLOCK_BOOTTIME, {5493, 618096208}) = 0
1521771967.409933 write(4, "\366\5u\367F\216\204\1\211\310:\245\241\251\6o\303]\266t?\206oyfe\370\255\235\207Dn"..., 36) = 36
1521771967.410012 clock_gettime(CLOCK_BOOTTIME, {5493, 618187780}) = 0
1521771967.410026 clock_gettime(CLOCK_BOOTTIME, {5493, 618200352}) = 0
1521771967.410037 select(8, [4 5], [], NULL, NULL) = 1 (in [4])
1521771967.410366 clock_gettime(CLOCK_BOOTTIME, {5493, 618542292}) = 0
1521771967.410380 read(4, "\202<\201\361'\261\225?[%\27\364\vJ{\207%\220=\347\335\316\366\316\220\364\373o\377\326\177\341"..., 8192) = 36
1521771967.410400 clock_gettime(CLOCK_BOOTTIME, {5493, 618575985}) = 0
1521771967.410413 clock_gettime(CLOCK_BOOTTIME, {5493, 618587408}) = 0
1521771967.410424 select(8, [4 5], [6], NULL, NULL) = 1 (out [6])
1521771967.410441 clock_gettime(CLOCK_BOOTTIME, {5493, 618615767}) = 0
1521771967.410452 write(6, "l", 1)      = 1
1521771967.411843 clock_gettime(CLOCK_BOOTTIME, {5493, 620021951}) = 0
1521771967.411861 clock_gettime(CLOCK_BOOTTIME, {5493, 620035934}) = 0
1521771967.411873 select(8, [4 5], [], NULL, NULL) = 1 (in [5])
1521771967.561987 clock_gettime(CLOCK_BOOTTIME, {5493, 770163985}) = 0
1521771967.562005 read(5, "s", 16384)   = 1
1521771967.562044 clock_gettime(CLOCK_BOOTTIME, {5493, 770221526}) = 0
1521771967.562059 clock_gettime(CLOCK_BOOTTIME, {5493, 770233772}) = 0
1521771967.562071 select(8, [4 5], [4], NULL, NULL) = 1 (out [4])
1521771967.562100 clock_gettime(CLOCK_BOOTTIME, {5493, 770275126}) = 0
1521771967.562112 write(4, "\330\202\316}\350\340\250\4\240\27#\345\227\4X\16\256\214|v\314\331-\17\230\30y0ft\33\261"..., 36) = 36
1521771967.562183 clock_gettime(CLOCK_BOOTTIME, {5493, 770358437}) = 0
1521771967.562196 clock_gettime(CLOCK_BOOTTIME, {5493, 770370847}) = 0
1521771967.562207 select(8, [4 5], [], NULL, NULL) = 1 (in [4])
1521771967.562554 clock_gettime(CLOCK_BOOTTIME, {5493, 770730829}) = 0
1521771967.562569 read(4, " \245\360\206\36q\30=#\35\6H\30\34\215Z\240\23\17|\235$\262\346T\4\356#\207\330=\361"..., 8192) = 36
1521771967.562589 clock_gettime(CLOCK_BOOTTIME, {5493, 770764404}) = 0
1521771967.562601 clock_gettime(CLOCK_BOOTTIME, {5493, 770775764}) = 0
1521771967.562612 select(8, [4 5], [6], NULL, NULL) = 1 (out [6])
1521771967.562629 clock_gettime(CLOCK_BOOTTIME, {5493, 770804050}) = 0
1521771967.562640 write(6, "s", 1)      = 1
1521771967.562722 clock_gettime(CLOCK_BOOTTIME, {5493, 770897723}) = 0
1521771967.562735 clock_gettime(CLOCK_BOOTTIME, {5493, 770910345}) = 0
1521771967.562747 select(8, [4 5], [], NULL, NULL) = 1 (in [5])
1521771967.753967 clock_gettime(CLOCK_BOOTTIME, {5493, 962145491}) = 0
1521771967.753986 read(5, "\r", 16384)  = 1
1521771967.754012 clock_gettime(CLOCK_BOOTTIME, {5493, 962187087}) = 0
1521771967.754024 clock_gettime(CLOCK_BOOTTIME, {5493, 962198455}) = 0
1521771967.754035 select(8, [4 5], [4], NULL, NULL) = 1 (out [4])
1521771967.754053 clock_gettime(CLOCK_BOOTTIME, {5493, 962227426}) = 0
1521771967.754064 write(4, "\204\214\235$\315RY\341\215F\263lA\346\214\265*\6Qd\310JS\200sw\344\270\270\2133\342"..., 36) = 36
1521771967.754145 clock_gettime(CLOCK_BOOTTIME, {5493, 962322511}) = 0
1521771967.754161 clock_gettime(CLOCK_BOOTTIME, {5493, 962335786}) = 0
1521771967.754172 select(8, [4 5], [], NULL, NULL) = 1 (in [4])
1521771967.754984 clock_gettime(CLOCK_BOOTTIME, {5493, 963161038}) = 0
1521771967.755000 read(4, "\1\235 \262{\17$\341($\372\367|\17\272\6\325\231\5\316\234_\20\361w\314\256t\272-\333\301"..., 8192) = 36
1521771967.755020 clock_gettime(CLOCK_BOOTTIME, {5493, 963195957}) = 0
1521771967.755033 clock_gettime(CLOCK_BOOTTIME, {5493, 963207547}) = 0
1521771967.755044 select(8, [4 5], [6], NULL, NULL) = 1 (out [6])
1521771967.755062 clock_gettime(CLOCK_BOOTTIME, {5493, 963236588}) = 0
1521771967.755073 write(6, "\r\n", 2)   = 2
1521771967.755162 clock_gettime(CLOCK_BOOTTIME, {5493, 963337384}) = 0
1521771967.755175 clock_gettime(CLOCK_BOOTTIME, {5493, 963350058}) = 0
1521771967.755187 select(8, [4 5], [], NULL, NULL) = 1 (in [4])
1521771967.756927 clock_gettime(CLOCK_BOOTTIME, {5493, 965123535}) = 0
1521771967.756964 read(4, "\330V\223sR\325\\\244\316\276k\313\26\2507\340\f\372\277I\300\354D\\6g#K\204\217\314\330"..., 8192) = 296
1521771967.756992 clock_gettime(CLOCK_BOOTTIME, {5493, 965167435}) = 0
1521771967.757004 clock_gettime(CLOCK_BOOTTIME, {5493, 965179051}) = 0
1521771967.757016 select(8, [4 5], [6], NULL, NULL) = 1 (out [6])
1521771967.757034 clock_gettime(CLOCK_BOOTTIME, {5493, 965208839}) = 0
1521771967.757045 write(6, "\33[0m\33[01;34mtmp\33[0m  \33[01;34m\344\270\213"..., 216) = 216
1521771967.757142 clock_gettime(CLOCK_BOOTTIME, {5493, 965317580}) = 0
1521771967.757156 clock_gettime(CLOCK_BOOTTIME, {5493, 965330403}) = 0
1521771967.757167 select(8, [4 5], [], NULL, NULL) = 1 (in [5])
1521771968.033959 clock_gettime(CLOCK_BOOTTIME, {5494, 242135958}) = 0
1521771968.033977 read(5, "l", 16384)   = 1
1521771968.034003 clock_gettime(CLOCK_BOOTTIME, {5494, 242178132}) = 0
1521771968.034015 clock_gettime(CLOCK_BOOTTIME, {5494, 242189521}) = 0
1521771968.034026 select(8, [4 5], [4], NULL, NULL) = 1 (out [4])
1521771968.034043 clock_gettime(CLOCK_BOOTTIME, {5494, 242218263}) = 0
1521771968.034055 write(4, "Q\34^qi7(Z^td\2138\325\342\37,\337\356l\214\216^\322\27\251rV\4\312s0"..., 36) = 36
1521771968.034125 clock_gettime(CLOCK_BOOTTIME, {5494, 242300213}) = 0
1521771968.034138 clock_gettime(CLOCK_BOOTTIME, {5494, 242312437}) = 0
1521771968.034149 select(8, [4 5], [], NULL, NULL) = 1 (in [4])
1521771968.034615 clock_gettime(CLOCK_BOOTTIME, {5494, 242791679}) = 0
1521771968.034630 read(4, "\225p\263>N\356\327:.w\234\341\207\327\361\305\21w\313\206tA\6\236rZ$\375\n7\321\265"..., 8192) = 36
1521771968.034650 clock_gettime(CLOCK_BOOTTIME, {5494, 242825340}) = 0
1521771968.034662 clock_gettime(CLOCK_BOOTTIME, {5494, 242836787}) = 0
1521771968.034673 select(8, [4 5], [6], NULL, NULL) = 1 (out [6])
1521771968.034690 clock_gettime(CLOCK_BOOTTIME, {5494, 242865047}) = 0
1521771968.034701 write(6, "l", 1)      = 1
1521771968.034785 clock_gettime(CLOCK_BOOTTIME, {5494, 242960996}) = 0
1521771968.034799 clock_gettime(CLOCK_BOOTTIME, {5494, 242973533}) = 0
1521771968.034810 select(8, [4 5], [], NULL, NULL) = 1 (in [5])
1521771968.297906 clock_gettime(CLOCK_BOOTTIME, {5494, 506083408}) = 0
1521771968.297925 read(5, "l", 16384)   = 1
1521771968.297951 clock_gettime(CLOCK_BOOTTIME, {5494, 506126204}) = 0
1521771968.297963 clock_gettime(CLOCK_BOOTTIME, {5494, 506137549}) = 0
1521771968.297974 select(8, [4 5], [4], NULL, NULL) = 1 (out [4])
1521771968.297991 clock_gettime(CLOCK_BOOTTIME, {5494, 506166429}) = 0
1521771968.298003 write(4, "\24i\210\203\366\274\205b\235\30\34214\225 \300\325k\31\324|\330\351h?\304\353\273\373\311\36_"..., 36) = 36
1521771968.298082 clock_gettime(CLOCK_BOOTTIME, {5494, 506257672}) = 0
1521771968.298095 clock_gettime(CLOCK_BOOTTIME, {5494, 506270126}) = 0
1521771968.298107 select(8, [4 5], [], NULL, NULL) = 1 (in [4])
1521771968.298499 clock_gettime(CLOCK_BOOTTIME, {5494, 506675387}) = 0
1521771968.298513 read(4, "\332v\351q\207\311\25Iqbf\262\315h\nH\372\310R=[w\223\177YDiH\215B\5\360"..., 8192) = 36
1521771968.298533 clock_gettime(CLOCK_BOOTTIME, {5494, 506708588}) = 0
1521771968.298545 clock_gettime(CLOCK_BOOTTIME, {5494, 506720117}) = 0
1521771968.298557 select(8, [4 5], [6], NULL, NULL) = 1 (out [6])
1521771968.298573 clock_gettime(CLOCK_BOOTTIME, {5494, 506748277}) = 0
1521771968.298585 write(6, "l", 1)      = 1
1521771968.298669 clock_gettime(CLOCK_BOOTTIME, {5494, 506844277}) = 0
1521771968.298682 clock_gettime(CLOCK_BOOTTIME, {5494, 506856749}) = 0
1521771968.298693 select(8, [4 5], [], NULL, NULL) = 1 (in [5])
1521771968.602025 clock_gettime(CLOCK_BOOTTIME, {5494, 810201842}) = 0
1521771968.602042 read(5, "\r", 16384)  = 1
1521771968.602068 clock_gettime(CLOCK_BOOTTIME, {5494, 810243978}) = 0
1521771968.602081 clock_gettime(CLOCK_BOOTTIME, {5494, 810255423}) = 0
1521771968.602092 select(8, [4 5], [4], NULL, NULL) = 1 (out [4])
1521771968.602110 clock_gettime(CLOCK_BOOTTIME, {5494, 810284550}) = 0
1521771968.602122 write(4, "W\263qfKQ\377\243\370\32#\10\253\321\"%a\310G2z\305\4^Fw`A!\226\332\250"..., 36) = 36
1521771968.602203 clock_gettime(CLOCK_BOOTTIME, {5494, 810378454}) = 0
1521771968.602221 clock_gettime(CLOCK_BOOTTIME, {5494, 810397612}) = 0
1521771968.602239 select(8, [4 5], [], NULL, NULL) = 1 (in [4])
1521771968.603069 clock_gettime(CLOCK_BOOTTIME, {5494, 811245744}) = 0
1521771968.603084 read(4, "/m|2\225\232\372d\33\326B\254w\256K\310#O-M-\20\331uc\337\303<\3318r\324"..., 8192) = 36
1521771968.603104 clock_gettime(CLOCK_BOOTTIME, {5494, 811279639}) = 0
1521771968.603116 clock_gettime(CLOCK_BOOTTIME, {5494, 811290955}) = 0
1521771968.603128 select(8, [4 5], [6], NULL, NULL) = 1 (out [6])
1521771968.603164 clock_gettime(CLOCK_BOOTTIME, {5494, 811339392}) = 0
1521771968.603176 write(6, "\r\n", 2)   = 2
1521771968.603264 clock_gettime(CLOCK_BOOTTIME, {5494, 811439976}) = 0
1521771968.603278 clock_gettime(CLOCK_BOOTTIME, {5494, 811452654}) = 0
1521771968.603289 select(8, [4 5], [], NULL, NULL) = 1 (in [4])
1521771968.604882 clock_gettime(CLOCK_BOOTTIME, {5494, 813057981}) = 0
1521771968.604896 read(4, "m\246CP\217\r4\\EF\334ROaW\230\332/\2277\372M\232\321\230\373\321N\230\232N\354"..., 8192) = 672
1521771968.604926 clock_gettime(CLOCK_BOOTTIME, {5494, 813101717}) = 0
1521771968.604938 clock_gettime(CLOCK_BOOTTIME, {5494, 813113289}) = 0
1521771968.604950 select(8, [4 5], [6], NULL, NULL) = 1 (out [6])
1521771968.604967 clock_gettime(CLOCK_BOOTTIME, {5494, 813152514}) = 0
1521771968.604990 write(6, "total 0\r\ndrwxrwxr-x. 2 jacob jac"..., 594) = 594
1521771968.605097 clock_gettime(CLOCK_BOOTTIME, {5494, 813273008}) = 0
1521771968.605111 clock_gettime(CLOCK_BOOTTIME, {5494, 813285671}) = 0
1521771968.605122 select(8, [4 5], [], NULL, NULL) = 1 (in [5])
1521771969.281970 clock_gettime(CLOCK_BOOTTIME, {5495, 490146596}) = 0
1521771969.281988 read(5, "l", 16384)   = 1
1521771969.282014 clock_gettime(CLOCK_BOOTTIME, {5495, 490189709}) = 0
1521771969.282026 clock_gettime(CLOCK_BOOTTIME, {5495, 490201103}) = 0
1521771969.282038 select(8, [4 5], [4], NULL, NULL) = 1 (out [4])
1521771969.282056 clock_gettime(CLOCK_BOOTTIME, {5495, 490230597}) = 0
1521771969.282068 write(4, "c\374\223\257OM\302\356\215\377\17-[\6y\24\5\336-[\315\264\36H,\377nM\f\250K'"..., 36) = 36
1521771969.282139 clock_gettime(CLOCK_BOOTTIME, {5495, 490314202}) = 0
1521771969.282152 clock_gettime(CLOCK_BOOTTIME, {5495, 490326495}) = 0
1521771969.282163 select(8, [4 5], [], NULL, NULL) = 1 (in [4])
1521771969.282612 clock_gettime(CLOCK_BOOTTIME, {5495, 490787982}) = 0
1521771969.282626 read(4, "\310\310Ajz#\321\345\270\203E\314A|\360\275_\345\222\331\371\2\235\273\372\3\241L\213[nv"..., 8192) = 36
1521771969.282646 clock_gettime(CLOCK_BOOTTIME, {5495, 490821433}) = 0
1521771969.282658 clock_gettime(CLOCK_BOOTTIME, {5495, 490832811}) = 0
1521771969.282669 select(8, [4 5], [6], NULL, NULL) = 1 (out [6])
1521771969.282686 clock_gettime(CLOCK_BOOTTIME, {5495, 490861200}) = 0
1521771969.282698 write(6, "l", 1)      = 1
1521771969.282781 clock_gettime(CLOCK_BOOTTIME, {5495, 490956728}) = 0
1521771969.282795 clock_gettime(CLOCK_BOOTTIME, {5495, 490969511}) = 0
1521771969.282806 select(8, [4 5], [], NULL, NULL) = 1 (in [5])
1521771969.433954 clock_gettime(CLOCK_BOOTTIME, {5495, 642131062}) = 0
1521771969.433972 read(5, "l", 16384)   = 1
1521771969.433998 clock_gettime(CLOCK_BOOTTIME, {5495, 642173431}) = 0
1521771969.434010 clock_gettime(CLOCK_BOOTTIME, {5495, 642184838}) = 0
1521771969.434022 select(8, [4 5], [4], NULL, NULL) = 1 (out [4])
1521771969.434039 clock_gettime(CLOCK_BOOTTIME, {5495, 642213647}) = 0
1521771969.434051 write(4, "\243\247\251\3346\304\325\v\7C|\320j\223b\2074a[\302\361\327l2(\32\351\3234\274C\362"..., 36) = 36
1521771969.434132 clock_gettime(CLOCK_BOOTTIME, {5495, 642307383}) = 0
1521771969.434145 clock_gettime(CLOCK_BOOTTIME, {5495, 642319906}) = 0
1521771969.434156 select(8, [4 5], [], NULL, NULL) = 1 (in [4])
1521771969.434583 clock_gettime(CLOCK_BOOTTIME, {5495, 642759249}) = 0
1521771969.434597 read(4, "R~an ;\340\372\211\330\204\f3\r_L!r\266?\223\267c\204:\377\350\271\306\273u\24"..., 8192) = 36
1521771969.434617 clock_gettime(CLOCK_BOOTTIME, {5495, 642792402}) = 0
1521771969.434629 clock_gettime(CLOCK_BOOTTIME, {5495, 642803731}) = 0
1521771969.434640 select(8, [4 5], [6], NULL, NULL) = 1 (out [6])
1521771969.434657 clock_gettime(CLOCK_BOOTTIME, {5495, 642832008}) = 0
1521771969.434668 write(6, "l", 1)      = 1
1521771969.434750 clock_gettime(CLOCK_BOOTTIME, {5495, 642926016}) = 0
1521771969.434764 clock_gettime(CLOCK_BOOTTIME, {5495, 642938661}) = 0
1521771969.434775 select(8, [4 5], [], NULL, NULL) = 1 (in [5])
1521771969.649923 clock_gettime(CLOCK_BOOTTIME, {5495, 858101880}) = 0
1521771969.649943 read(5, "-", 16384)   = 1
1521771969.649968 clock_gettime(CLOCK_BOOTTIME, {5495, 858143836}) = 0
1521771969.649981 clock_gettime(CLOCK_BOOTTIME, {5495, 858155343}) = 0
1521771969.649992 select(8, [4 5], [4], NULL, NULL) = 1 (out [4])
1521771969.650010 clock_gettime(CLOCK_BOOTTIME, {5495, 858184611}) = 0
1521771969.650022 write(4, "\216!|\230\350kO\6\251\5\n@\306h\260\203\245fC!\334\375\17\7\10\tO\216\3\232I\271"..., 36) = 36
1521771969.650099 clock_gettime(CLOCK_BOOTTIME, {5495, 858274046}) = 0
1521771969.650112 clock_gettime(CLOCK_BOOTTIME, {5495, 858286784}) = 0
1521771969.650123 select(8, [4 5], [], NULL, NULL) = 1 (in [4])
1521771969.650525 clock_gettime(CLOCK_BOOTTIME, {5495, 858701696}) = 0
1521771969.650540 read(4, "+W=H\365Ax\340Z\305\236fWM\210\177\321\253\362O\206\377\326{\2\243\35v\22\331z|"..., 8192) = 36
1521771969.650573 clock_gettime(CLOCK_BOOTTIME, {5495, 858748777}) = 0
1521771969.650586 clock_gettime(CLOCK_BOOTTIME, {5495, 858760514}) = 0
1521771969.650597 select(8, [4 5], [6], NULL, NULL) = 1 (out [6])
1521771969.650614 clock_gettime(CLOCK_BOOTTIME, {5495, 858789178}) = 0
1521771969.650626 write(6, "-", 1)      = 1
1521771969.650712 clock_gettime(CLOCK_BOOTTIME, {5495, 858887517}) = 0
1521771969.650725 clock_gettime(CLOCK_BOOTTIME, {5495, 858900126}) = 0
1521771969.650737 select(8, [4 5], [], NULL, NULL) = 1 (in [5])
1521771970.201880 clock_gettime(CLOCK_BOOTTIME, {5496, 410057596}) = 0
1521771970.201898 read(5, "\10", 16384) = 1
1521771970.201923 clock_gettime(CLOCK_BOOTTIME, {5496, 410097837}) = 0
1521771970.201934 clock_gettime(CLOCK_BOOTTIME, {5496, 410109264}) = 0
1521771970.201946 select(8, [4 5], [4], NULL, NULL) = 1 (out [4])
1521771970.201963 clock_gettime(CLOCK_BOOTTIME, {5496, 410137590}) = 0
1521771970.201974 write(4, "|\230\375\344\242\244\313\7T\25&o\225\303\10a\177\267\253'>\267g\202\261\337\26\344Or\377\260"..., 36) = 36
1521771970.202067 clock_gettime(CLOCK_BOOTTIME, {5496, 410242872}) = 0
1521771970.202081 clock_gettime(CLOCK_BOOTTIME, {5496, 410255348}) = 0
1521771970.202092 select(8, [4 5], [], NULL, NULL) = 1 (in [4])
1521771970.202528 clock_gettime(CLOCK_BOOTTIME, {5496, 410704485}) = 0
1521771970.202543 read(4, "\331\213\273dV\223\36\253\376\361\32\221\213\372#\25\251\35r\251\244\1\347y\372\344\351\313\267\376\320\217"..., 8192) = 44
1521771970.202563 clock_gettime(CLOCK_BOOTTIME, {5496, 410738535}) = 0
1521771970.202575 clock_gettime(CLOCK_BOOTTIME, {5496, 410749899}) = 0
1521771970.202586 select(8, [4 5], [6], NULL, NULL) = 1 (out [6])
1521771970.202603 clock_gettime(CLOCK_BOOTTIME, {5496, 410777884}) = 0
1521771970.202614 write(6, "\10\33[K", 4) = 4
1521771970.202699 clock_gettime(CLOCK_BOOTTIME, {5496, 410874359}) = 0
1521771970.202712 clock_gettime(CLOCK_BOOTTIME, {5496, 410886976}) = 0
1521771970.202723 select(8, [4 5], [], NULL, NULL) = 1 (in [5])
1521771970.321772 clock_gettime(CLOCK_BOOTTIME, {5496, 529948720}) = 0
1521771970.321789 read(5, " ", 16384)   = 1
1521771970.321816 clock_gettime(CLOCK_BOOTTIME, {5496, 529991181}) = 0
1521771970.321828 clock_gettime(CLOCK_BOOTTIME, {5496, 530002657}) = 0
1521771970.321839 select(8, [4 5], [4], NULL, NULL) = 1 (out [4])
1521771970.321857 clock_gettime(CLOCK_BOOTTIME, {5496, 530031625}) = 0
1521771970.321869 write(4, "\217\277\230\365yb\252%6\317C\343\243c[u\270P\317|\254\252*\32\306\265\6\267\200X\306\206"..., 36) = 36
1521771970.321947 clock_gettime(CLOCK_BOOTTIME, {5496, 530122467}) = 0
1521771970.321960 clock_gettime(CLOCK_BOOTTIME, {5496, 530149696}) = 0
1521771970.321992 select(8, [4 5], [], NULL, NULL) = 1 (in [4])
1521771970.322297 clock_gettime(CLOCK_BOOTTIME, {5496, 530472143}) = 0
1521771970.322309 read(4, "\313^}\303\316\213\356Yx5\177\n\t\3018\226\rU\26Ui\257\254;\"\212\217\202\263\247\351\237"..., 8192) = 36
1521771970.322329 clock_gettime(CLOCK_BOOTTIME, {5496, 530503879}) = 0
1521771970.322340 clock_gettime(CLOCK_BOOTTIME, {5496, 530515067}) = 0
1521771970.322351 select(8, [4 5], [6], NULL, NULL) = 1 (out [6])
1521771970.322368 clock_gettime(CLOCK_BOOTTIME, {5496, 530542442}) = 0
1521771970.322379 write(6, " ", 1)      = 1
1521771970.322458 clock_gettime(CLOCK_BOOTTIME, {5496, 530633299}) = 0
1521771970.322471 clock_gettime(CLOCK_BOOTTIME, {5496, 530645638}) = 0
1521771970.322482 select(8, [4 5], [], NULL, NULL) = 1 (in [5])
1521771970.697806 clock_gettime(CLOCK_BOOTTIME, {5496, 905982911}) = 0
1521771970.697823 read(5, "-", 16384)   = 1
1521771970.697848 clock_gettime(CLOCK_BOOTTIME, {5496, 906022977}) = 0
1521771970.697860 clock_gettime(CLOCK_BOOTTIME, {5496, 906034398}) = 0
1521771970.697871 select(8, [4 5], [4], NULL, NULL) = 1 (out [4])
1521771970.697888 clock_gettime(CLOCK_BOOTTIME, {5496, 906063161}) = 0
1521771970.697900 write(4, "\340r\306'\245\17\362I\321\244\306XC\37\3\213[T^\17h\254RK\7\251\222/\22\377]\264"..., 36) = 36
1521771970.697981 clock_gettime(CLOCK_BOOTTIME, {5496, 906177836}) = 0
1521771970.698016 clock_gettime(CLOCK_BOOTTIME, {5496, 906191278}) = 0
1521771970.698028 select(8, [4 5], [], NULL, NULL) = 1 (in [4])
1521771970.698379 clock_gettime(CLOCK_BOOTTIME, {5496, 906554938}) = 0
1521771970.698393 read(4, "\212\372\306\30M\365\277\207?\375\344\261i\271\340[\265[-\365\300\24:\3338=\255\364\v\\\250\326"..., 8192) = 36
1521771970.698413 clock_gettime(CLOCK_BOOTTIME, {5496, 906588828}) = 0
1521771970.698425 clock_gettime(CLOCK_BOOTTIME, {5496, 906600281}) = 0
1521771970.698437 select(8, [4 5], [6], NULL, NULL) = 1 (out [6])
1521771970.698454 clock_gettime(CLOCK_BOOTTIME, {5496, 906628512}) = 0
1521771970.698465 write(6, "-", 1)      = 1
1521771970.698549 clock_gettime(CLOCK_BOOTTIME, {5496, 906724559}) = 0
1521771970.698562 clock_gettime(CLOCK_BOOTTIME, {5496, 906737235}) = 0
1521771970.698574 select(8, [4 5], [], NULL, NULL) = 1 (in [5])
1521771970.897853 clock_gettime(CLOCK_BOOTTIME, {5497, 106030491}) = 0
1521771970.897871 read(5, "a", 16384)   = 1
1521771970.897899 clock_gettime(CLOCK_BOOTTIME, {5497, 106074236}) = 0
1521771970.897911 clock_gettime(CLOCK_BOOTTIME, {5497, 106085716}) = 0
1521771970.897923 select(8, [4 5], [4], NULL, NULL) = 1 (out [4])
1521771970.897940 clock_gettime(CLOCK_BOOTTIME, {5497, 106114406}) = 0
1521771970.897951 write(4, "\325\246/\2<Q2\360\200\0327v\261\363\7\235#\356\352\373wm\267U\374\33\317\365\204\300\225\374"..., 36) = 36
1521771970.898032 clock_gettime(CLOCK_BOOTTIME, {5497, 106207367}) = 0
1521771970.898045 clock_gettime(CLOCK_BOOTTIME, {5497, 106219728}) = 0
1521771970.898056 select(8, [4 5], [], NULL, NULL) = 1 (in [4])
1521771970.898467 clock_gettime(CLOCK_BOOTTIME, {5497, 106643711}) = 0
1521771970.898482 read(4, "\324\322\24\30\3122\212\27\20\21\312\vK\320:G\205\235\203\274\354\320\237m\335o*n\354$\332\276"..., 8192) = 36
1521771970.898501 clock_gettime(CLOCK_BOOTTIME, {5497, 106677045}) = 0
1521771970.898514 clock_gettime(CLOCK_BOOTTIME, {5497, 106688554}) = 0
1521771970.898525 select(8, [4 5], [6], NULL, NULL) = 1 (out [6])
1521771970.898542 clock_gettime(CLOCK_BOOTTIME, {5497, 106716557}) = 0
1521771970.898553 write(6, "a", 1)      = 1
1521771970.898636 clock_gettime(CLOCK_BOOTTIME, {5497, 106811630}) = 0
1521771970.898649 clock_gettime(CLOCK_BOOTTIME, {5497, 106824100}) = 0
1521771970.898661 select(8, [4 5], [], NULL, NULL) = 1 (in [5])
1521771971.265871 clock_gettime(CLOCK_BOOTTIME, {5497, 474048395}) = 0
1521771971.265889 read(5, "\r", 16384)  = 1
1521771971.265915 clock_gettime(CLOCK_BOOTTIME, {5497, 474090242}) = 0
1521771971.265927 clock_gettime(CLOCK_BOOTTIME, {5497, 474101751}) = 0
1521771971.265939 select(8, [4 5], [4], NULL, NULL) = 1 (out [4])
1521771971.265956 clock_gettime(CLOCK_BOOTTIME, {5497, 474130570}) = 0
1521771971.265968 write(4, "\270\265\363GHW\207\217\300\223\324\237\266~\315F\241\236\267\366n!\32\264%\375\321\240\327\375\255\252"..., 36) = 36
1521771971.266059 clock_gettime(CLOCK_BOOTTIME, {5497, 474234339}) = 0
1521771971.266072 clock_gettime(CLOCK_BOOTTIME, {5497, 474246850}) = 0
1521771971.266083 select(8, [4 5], [], NULL, NULL) = 1 (in [4])
1521771971.266817 clock_gettime(CLOCK_BOOTTIME, {5497, 474993939}) = 0
1521771971.266832 read(4, "X\315\320>\253NGWzrH1\332'\305%W6\205\250\10\31\260\231W\213\245|e[\253<"..., 8192) = 36
1521771971.266853 clock_gettime(CLOCK_BOOTTIME, {5497, 475028518}) = 0
1521771971.266865 clock_gettime(CLOCK_BOOTTIME, {5497, 475039949}) = 0
1521771971.266877 select(8, [4 5], [6], NULL, NULL) = 1 (out [6])
1521771971.266894 clock_gettime(CLOCK_BOOTTIME, {5497, 475068416}) = 0
1521771971.266905 write(6, "\r\n", 2)   = 2
1521771971.267018 clock_gettime(CLOCK_BOOTTIME, {5497, 475193559}) = 0
1521771971.267032 clock_gettime(CLOCK_BOOTTIME, {5497, 475206324}) = 0
1521771971.267043 select(8, [4 5], [], NULL, NULL) = 1 (in [4])
1521771971.269611 clock_gettime(CLOCK_BOOTTIME, {5497, 477788637}) = 0
1521771971.269628 read(4, "\320E,'\304<\254U|\323\207\325\275\217\256\240\255_\227E\365\263xi\232}\203\312\310\271\307S"..., 8192) = 1460
1521771971.269673 clock_gettime(CLOCK_BOOTTIME, {5497, 477857559}) = 0
1521771971.269695 clock_gettime(CLOCK_BOOTTIME, {5497, 477870343}) = 0
1521771971.269707 select(8, [4 5], [6], NULL, NULL) = 1 (out [6])
1521771971.269725 clock_gettime(CLOCK_BOOTTIME, {5497, 477899993}) = 0
1521771971.269737 write(6, "total 40\r\ndrwx------. 15 jacob j"..., 1419) = 1419
1521771971.269855 clock_gettime(CLOCK_BOOTTIME, {5497, 478030306}) = 0
1521771971.269868 clock_gettime(CLOCK_BOOTTIME, {5497, 478043101}) = 0
1521771971.269880 select(8, [4 5], [], NULL, NULL) = 1 (in [5])
1521771972.321939 clock_gettime(CLOCK_BOOTTIME, {5498, 530119071}) = 0
1521771972.321960 read(5, "\4", 16384)  = 1
1521771972.321986 clock_gettime(CLOCK_BOOTTIME, {5498, 530161850}) = 0
1521771972.321998 clock_gettime(CLOCK_BOOTTIME, {5498, 530173304}) = 0
1521771972.322010 select(8, [4 5], [4], NULL, NULL) = 1 (out [4])
1521771972.322028 clock_gettime(CLOCK_BOOTTIME, {5498, 530202978}) = 0
1521771972.322040 write(4, "\254N\260C\3\363\34\26\352g\2707a\356\267\30\32\225\30\344\360w\374\265H\210\321\10`\230\240]"..., 36) = 36
1521771972.322111 clock_gettime(CLOCK_BOOTTIME, {5498, 530286729}) = 0
1521771972.322124 clock_gettime(CLOCK_BOOTTIME, {5498, 530298966}) = 0
1521771972.322135 select(8, [4 5], [], NULL, NULL) = 1 (in [4])
1521771972.322877 clock_gettime(CLOCK_BOOTTIME, {5498, 531053858}) = 0
1521771972.322905 read(4, "\21c\"\265\367+\23\226\245\4\317\36\211]s\356\341\357Rt\333\212\313f+;H,'\2OD"..., 8192) = 220
1521771972.322931 close(5)              = 0
1521771972.322949 clock_gettime(CLOCK_BOOTTIME, {5498, 531124184}) = 0
1521771972.322961 clock_gettime(CLOCK_BOOTTIME, {5498, 531135929}) = 0
1521771972.322973 select(8, [4], [6], NULL, NULL) = 1 (out [6])
1521771972.322990 clock_gettime(CLOCK_BOOTTIME, {5498, 531164452}) = 0
1521771972.323001 write(6, "logout\r\n", 8) = 8
1521771972.323091 clock_gettime(CLOCK_BOOTTIME, {5498, 531267068}) = 0
1521771972.323105 clock_gettime(CLOCK_BOOTTIME, {5498, 531279676}) = 0
1521771972.323117 close(6)              = 0
1521771972.323129 ioctl(0, SNDCTL_TMR_STOP or TCSETSW, {B38400 opost isig icanon echo ...}) = 0
1521771972.323159 close(7)              = 0
1521771972.323173 select(8, [4], [4], NULL, NULL) = 1 (out [4])
1521771972.323188 clock_gettime(CLOCK_BOOTTIME, {5498, 531363440}) = 0
1521771972.323200 write(4, "4a\316\353\334\235\277\272o\303\304`]{\302\311?\340-Nhc\307+7\370\320\22X\251\266\7"..., 36) = 36
1521771972.323251 rt_sigaction(SIGWINCH, NULL, {0x560fb83b3430, [], SA_RESTORER, 0x7fdca445c270}, 8) = 0
1521771972.323266 rt_sigaction(SIGWINCH, {SIG_DFL, [], SA_RESTORER, 0x7fdca445c270}, NULL, 8) = 0
1521771972.323282 write(4, "\206\322B:\31\16\21\260rA\250t_\345\363\220AM\0208\330J\26c\251c\247/\241\270\215\7"..., 60) = 60
1521771972.323329 ioctl(0, TCGETS, {B38400 opost isig icanon echo ...}) = 0
1521771972.323344 ioctl(1, TCGETS, {B38400 opost isig icanon echo ...}) = 0
1521771972.323356 ioctl(2, TCGETS, {B38400 opost isig icanon echo ...}) = 0
1521771972.323369 write(2, "Connection to 192.168.125.180 cl"..., 39) = 39
1521771972.323451 shutdown(4, SHUT_RDWR) = 0
1521771972.323554 close(4)              = 0
1521771972.323719 exit_group(0)         = ?
1521771972.324075 +++ exited with 0 +++
