1521771996.647214 select(5, [4], NULL, NULL, NULL) = 1 (in [4])
1521771996.677814 read(4, "\260k\264\16\31+\352l\326\370\374\375\4\234\316\224\255\35$\224^\5\354\262\376]\226\365\6f5\30"..., 8192) = 44
1521771996.677852 write(4, "\16N\373\3554\t^^N(\275}nn{1i\267\210\340\276\255\313-\353\3625\f,\355\317\f"..., 68) = 68
1521771996.677916 select(5, [4], NULL, NULL, NULL) = 1 (in [4])
1521771996.678703 read(4, "\272 RI\365J]\225\236\350\235\37\206\210!\211=\347h\20\203[\212(E\262\5\344\362\2411\257"..., 8192) = 84
1521771996.678749 futex(0x7fb6d8585530, FUTEX_WAKE_PRIVATE, 2147483647) = 0
1521771996.678788 futex(0x7fb6d85853d0, FUTEX_WAKE_PRIVATE, 2147483647) = 0
1521771996.678821 futex(0x7fb6dab62fa0, FUTEX_WAKE_PRIVATE, 2147483647) = 0
1521771996.678839 lstat("/etc/gss/mech", 0x7ffc2333bc20) = -1 ENOENT (No such file or directory)
1521771996.678889 openat(AT_FDCWD, "/etc/gss/mech.d", O_RDONLY|O_NONBLOCK|O_DIRECTORY|O_CLOEXEC) = 5
1521771996.678924 getdents(5, /* 3 entries */, 32768) = 88
1521771996.678948 open("/usr/lib64/gconv/gconv-modules.cache", O_RDONLY) = 6
1521771996.678968 fstat(6, {st_mode=S_IFREG|0644, st_size=26254, ...}) = 0
1521771996.678986 mmap(NULL, 26254, PROT_READ, MAP_SHARED, 6, 0) = 0x7fb6dc4d9000
1521771996.679006 close(6)              = 0
1521771996.679018 futex(0x7fb6da1f2a80, FUTEX_WAKE_PRIVATE, 2147483647) = 0
1521771996.679041 getdents(5, /* 0 entries */, 32768) = 0
1521771996.679053 close(5)              = 0
1521771996.679067 lstat("/etc/gss/mech.d/gssproxy.conf", {st_mode=S_IFREG|0644, st_size=189, ...}) = 0
1521771996.679089 open("/etc/gss/mech.d/gssproxy.conf", O_RDONLY) = 5
1521771996.679107 fstat(5, {st_mode=S_IFREG|0644, st_size=189, ...}) = 0
1521771996.679120 mmap(NULL, 4096, PROT_READ|PROT_WRITE, MAP_PRIVATE|MAP_ANONYMOUS, -1, 0) = 0x7fb6dc4d8000
1521771996.679135 read(5, "# GSS-API mechanism plugins\n#\n# "..., 4096) = 189
1521771996.679165 read(5, "", 4096)     = 0
1521771996.679179 close(5)              = 0
1521771996.679192 munmap(0x7fb6dc4d8000, 4096) = 0
1521771996.679219 stat("/usr/lib64/gssproxy/proxymech.so", {st_mode=S_IFREG|0755, st_size=115072, ...}) = 0
1521771996.679244 futex(0x7fb6dba340d0, FUTEX_WAKE_PRIVATE, 2147483647) = 0
1521771996.679266 open("/usr/lib64/gssproxy/proxymech.so", O_RDONLY|O_CLOEXEC) = 5
1521771996.679281 read(5, "\177ELF\2\1\1\0\0\0\0\0\0\0\0\0\3\0>\0\1\0\0\0\320x\0\0\0\0\0\0"..., 832) = 832
1521771996.679294 fstat(5, {st_mode=S_IFREG|0755, st_size=115072, ...}) = 0
1521771996.679308 mmap(NULL, 2208224, PROT_READ|PROT_EXEC, MAP_PRIVATE|MAP_DENYWRITE, 5, 0) = 0x7fb6d1614000
1521771996.679322 mprotect(0x7fb6d162f000, 2093056, PROT_NONE) = 0
1521771996.679373 mmap(0x7fb6d182e000, 8192, PROT_READ|PROT_WRITE, MAP_PRIVATE|MAP_FIXED|MAP_DENYWRITE, 5, 0x1a000) = 0x7fb6d182e000
1521771996.679400 close(5)              = 0
1521771996.679421 open("/etc/ld.so.cache", O_RDONLY|O_CLOEXEC) = 5
1521771996.679438 fstat(5, {st_mode=S_IFREG|0644, st_size=74765, ...}) = 0
1521771996.679451 mmap(NULL, 74765, PROT_READ, MAP_PRIVATE, 5, 0) = 0x7fb6dc4ab000
1521771996.679464 close(5)              = 0
1521771996.679482 open("/lib64/libgssrpc.so.4", O_RDONLY|O_CLOEXEC) = 5
1521771996.679501 read(5, "\177ELF\2\1\1\0\0\0\0\0\0\0\0\0\3\0>\0\1\0\0\0\340Z\0\0\0\0\0\0"..., 832) = 832
1521771996.679514 fstat(5, {st_mode=S_IFREG|0755, st_size=134368, ...}) = 0
1521771996.679528 mmap(NULL, 2227072, PROT_READ|PROT_EXEC, MAP_PRIVATE|MAP_DENYWRITE, 5, 0) = 0x7fb6d13f4000
1521771996.679541 mprotect(0x7fb6d1412000, 2097152, PROT_NONE) = 0
1521771996.679553 mmap(0x7fb6d1612000, 8192, PROT_READ|PROT_WRITE, MAP_PRIVATE|MAP_FIXED|MAP_DENYWRITE, 5, 0x1e000) = 0x7fb6d1612000
1521771996.679576 close(5)              = 0
1521771996.679725 mprotect(0x7fb6d1612000, 4096, PROT_READ) = 0
1521771996.679880 mprotect(0x7fb6d182e000, 4096, PROT_READ) = 0
1521771996.679901 munmap(0x7fb6dc4ab000, 74765) = 0
1521771996.679939 stat("/usr/lib64/gssproxy/proxymech.so", {st_mode=S_IFREG|0755, st_size=115072, ...}) = 0
1521771996.680019 futex(0x7fb6da915480, FUTEX_WAKE_PRIVATE, 2147483647) = 0
1521771996.680045 futex(0x7fb6da9166d0, FUTEX_WAKE_PRIVATE, 2147483647) = 0
1521771996.680079 stat("/etc/krb5.conf", {st_mode=S_IFREG|0644, st_size=590, ...}) = 0
1521771996.680102 open("/etc/krb5.conf", O_RDONLY) = 5
1521771996.680120 fcntl(5, F_SETFD, FD_CLOEXEC) = 0
1521771996.680140 fstat(5, {st_mode=S_IFREG|0644, st_size=590, ...}) = 0
1521771996.680153 mmap(NULL, 4096, PROT_READ|PROT_WRITE, MAP_PRIVATE|MAP_ANONYMOUS, -1, 0) = 0x7fb6dc4d8000
1521771996.680166 read(5, "# Configuration snippets may be "..., 4096) = 590
1521771996.680186 openat(AT_FDCWD, "/etc/krb5.conf.d/", O_RDONLY|O_NONBLOCK|O_DIRECTORY|O_CLOEXEC) = 6
1521771996.680205 getdents(6, /* 2 entries */, 32768) = 48
1521771996.680219 getdents(6, /* 0 entries */, 32768) = 0
1521771996.680232 close(6)              = 0
1521771996.680254 read(5, "", 4096)     = 0
1521771996.680268 close(5)              = 0
1521771996.680279 munmap(0x7fb6dc4d8000, 4096) = 0
1521771996.680401 stat("/etc/krb5.conf", {st_mode=S_IFREG|0644, st_size=590, ...}) = 0
1521771996.680425 open("/etc/krb5.conf", O_RDONLY) = 5
1521771996.680439 fcntl(5, F_SETFD, FD_CLOEXEC) = 0
1521771996.680452 fstat(5, {st_mode=S_IFREG|0644, st_size=590, ...}) = 0
1521771996.680464 mmap(NULL, 4096, PROT_READ|PROT_WRITE, MAP_PRIVATE|MAP_ANONYMOUS, -1, 0) = 0x7fb6dc4d8000
1521771996.680477 read(5, "# Configuration snippets may be "..., 4096) = 590
1521771996.680493 openat(AT_FDCWD, "/etc/krb5.conf.d/", O_RDONLY|O_NONBLOCK|O_DIRECTORY|O_CLOEXEC) = 6
1521771996.680510 getdents(6, /* 2 entries */, 32768) = 48
1521771996.680523 getdents(6, /* 0 entries */, 32768) = 0
1521771996.680534 close(6)              = 0
1521771996.680551 read(5, "", 4096)     = 0
1521771996.680563 close(5)              = 0
1521771996.680574 munmap(0x7fb6dc4d8000, 4096) = 0
1521771996.680606 access("/etc/krb5.conf", R_OK) = 0
1521771996.680626 stat("/etc/krb5.conf", {st_mode=S_IFREG|0644, st_size=590, ...}) = 0
1521771996.680654 stat("/etc/sysconfig/64bit_strstr_via_64bit_strstr_sse2_unaligned", 0x7ffc2333b1b0) = -1 ENOENT (No such file or directory)
1521771996.680680 geteuid()             = 1001
1521771996.680712 open("/var/kerberos/krb5/user/1001/client.keytab", O_RDONLY) = -1 ENOENT (No such file or directory)
1521771996.680750 getuid()              = 1001
1521771996.680776 keyctl(KEYCTL_GET_PERSISTENT, 1001, KEY_SPEC_PROCESS_KEYRING) = 314351014
1521771996.680805 keyctl(KEYCTL_SEARCH, 314351014, "keyring", "_krb", KEY_SPEC_PROCESS_KEYRING) = 842596139
1521771996.680829 keyctl(KEYCTL_SEARCH, 842596139, "user", "krb_ccache:primary", 0) = 488544336
1521771996.680855 keyctl(KEYCTL_READ, 488544336, NULL, 0) = 12
1521771996.680878 keyctl(KEYCTL_READ, 488544336, "", 12) = 12
1521771996.680892 keyctl(KEYCTL_READ, 842596139, NULL, 0) = 4
1521771996.680903 keyctl(KEYCTL_READ, 842596139, "P\230\36\35", 4) = 4
1521771996.680914 keyctl(KEYCTL_SEARCH, 842596139, "keyring", "1001", 0) = -1 ENOKEY (Required key not available)
1521771996.680932 keyctl(KEYCTL_DESCRIBE, 488544336, NULL, 0) = 43
1521771996.680945 keyctl(KEYCTL_DESCRIBE, 488544336, "user;1001;1001;3f010000;krb_ccac"..., 43) = 43
1521771996.680990 stat("/etc/krb5.conf", {st_mode=S_IFREG|0644, st_size=590, ...}) = 0
1521771996.681009 open("/etc/krb5.conf", O_RDONLY) = 5
1521771996.681024 fcntl(5, F_SETFD, FD_CLOEXEC) = 0
1521771996.681036 fstat(5, {st_mode=S_IFREG|0644, st_size=590, ...}) = 0
1521771996.681048 mmap(NULL, 4096, PROT_READ|PROT_WRITE, MAP_PRIVATE|MAP_ANONYMOUS, -1, 0) = 0x7fb6dc4d8000
1521771996.681062 read(5, "# Configuration snippets may be "..., 4096) = 590
1521771996.681078 openat(AT_FDCWD, "/etc/krb5.conf.d/", O_RDONLY|O_NONBLOCK|O_DIRECTORY|O_CLOEXEC) = 6
1521771996.681093 getdents(6, /* 2 entries */, 32768) = 48
1521771996.681106 getdents(6, /* 0 entries */, 32768) = 0
1521771996.681117 close(6)              = 0
1521771996.681134 read(5, "", 4096)     = 0
1521771996.681146 close(5)              = 0
1521771996.681157 munmap(0x7fb6dc4d8000, 4096) = 0
1521771996.681199 stat("/etc/krb5.conf", {st_mode=S_IFREG|0644, st_size=590, ...}) = 0
1521771996.681219 open("/etc/krb5.conf", O_RDONLY) = 5
1521771996.681233 fcntl(5, F_SETFD, FD_CLOEXEC) = 0
1521771996.681251 fstat(5, {st_mode=S_IFREG|0644, st_size=590, ...}) = 0
1521771996.681263 mmap(NULL, 4096, PROT_READ|PROT_WRITE, MAP_PRIVATE|MAP_ANONYMOUS, -1, 0) = 0x7fb6dc4d8000
1521771996.681276 read(5, "# Configuration snippets may be "..., 4096) = 590
1521771996.681292 openat(AT_FDCWD, "/etc/krb5.conf.d/", O_RDONLY|O_NONBLOCK|O_DIRECTORY|O_CLOEXEC) = 6
1521771996.681306 getdents(6, /* 2 entries */, 32768) = 48
1521771996.681319 getdents(6, /* 0 entries */, 32768) = 0
1521771996.681330 close(6)              = 0
1521771996.681374 read(5, "", 4096)     = 0
1521771996.681397 close(5)              = 0
1521771996.681408 munmap(0x7fb6dc4d8000, 4096) = 0
1521771996.681444 stat("/etc/krb5.conf", {st_mode=S_IFREG|0644, st_size=590, ...}) = 0
1521771996.681465 open("/etc/krb5.conf", O_RDONLY) = 5
1521771996.681478 fcntl(5, F_SETFD, FD_CLOEXEC) = 0
1521771996.681491 fstat(5, {st_mode=S_IFREG|0644, st_size=590, ...}) = 0
1521771996.681503 mmap(NULL, 4096, PROT_READ|PROT_WRITE, MAP_PRIVATE|MAP_ANONYMOUS, -1, 0) = 0x7fb6dc4d8000
1521771996.681515 read(5, "# Configuration snippets may be "..., 4096) = 590
1521771996.681532 openat(AT_FDCWD, "/etc/krb5.conf.d/", O_RDONLY|O_NONBLOCK|O_DIRECTORY|O_CLOEXEC) = 6
1521771996.681546 getdents(6, /* 2 entries */, 32768) = 48
1521771996.681559 getdents(6, /* 0 entries */, 32768) = 0
1521771996.681570 close(6)              = 0
1521771996.681587 read(5, "", 4096)     = 0
1521771996.681598 close(5)              = 0
1521771996.681609 munmap(0x7fb6dc4d8000, 4096) = 0
1521771996.681634 access("/etc/krb5.conf", R_OK) = 0
1521771996.681650 stat("/etc/krb5.conf", {st_mode=S_IFREG|0644, st_size=590, ...}) = 0
1521771996.681670 geteuid()             = 1001
1521771996.681685 open("/var/kerberos/krb5/user/1001/client.keytab", O_RDONLY) = -1 ENOENT (No such file or directory)
1521771996.681708 getuid()              = 1001
1521771996.681722 keyctl(KEYCTL_GET_PERSISTENT, 1001, KEY_SPEC_PROCESS_KEYRING) = 314351014
1521771996.681736 keyctl(KEYCTL_SEARCH, 314351014, "keyring", "_krb", KEY_SPEC_PROCESS_KEYRING) = 842596139
1521771996.681751 keyctl(KEYCTL_SEARCH, 842596139, "user", "krb_ccache:primary", 0) = 488544336
1521771996.681764 keyctl(KEYCTL_READ, 488544336, NULL, 0) = 12
1521771996.681775 keyctl(KEYCTL_READ, 488544336, "", 12) = 12
1521771996.681787 keyctl(KEYCTL_READ, 842596139, NULL, 0) = 4
1521771996.681798 keyctl(KEYCTL_READ, 842596139, "P\230\36\35", 4) = 4
1521771996.681809 keyctl(KEYCTL_SEARCH, 842596139, "keyring", "1001", 0) = -1 ENOKEY (Required key not available)
1521771996.681822 keyctl(KEYCTL_DESCRIBE, 488544336, NULL, 0) = 43
1521771996.681835 keyctl(KEYCTL_DESCRIBE, 488544336, "user;1001;1001;3f010000;krb_ccac"..., 43) = 43
1521771996.681856 access("/etc/krb5.conf", R_OK) = 0
1521771996.681871 stat("/etc/krb5.conf", {st_mode=S_IFREG|0644, st_size=590, ...}) = 0
1521771996.681901 stat("/etc/krb5.conf", {st_mode=S_IFREG|0644, st_size=590, ...}) = 0
1521771996.681918 open("/etc/krb5.conf", O_RDONLY) = 5
1521771996.681931 fcntl(5, F_SETFD, FD_CLOEXEC) = 0
1521771996.681944 fstat(5, {st_mode=S_IFREG|0644, st_size=590, ...}) = 0
1521771996.681955 mmap(NULL, 4096, PROT_READ|PROT_WRITE, MAP_PRIVATE|MAP_ANONYMOUS, -1, 0) = 0x7fb6dc4d8000
1521771996.681968 read(5, "# Configuration snippets may be "..., 4096) = 590
1521771996.681984 openat(AT_FDCWD, "/etc/krb5.conf.d/", O_RDONLY|O_NONBLOCK|O_DIRECTORY|O_CLOEXEC) = 6
1521771996.681999 getdents(6, /* 2 entries */, 32768) = 48
1521771996.682012 getdents(6, /* 0 entries */, 32768) = 0
1521771996.682023 close(6)              = 0
1521771996.682039 read(5, "", 4096)     = 0
1521771996.682051 close(5)              = 0
1521771996.682062 munmap(0x7fb6dc4d8000, 4096) = 0
1521771996.682093 stat("/home/king/.ssh/id_rsa", 0x7ffc2333bca0) = -1 ENOENT (No such file or directory)
1521771996.682116 stat("/home/king/.ssh/id_dsa", 0x7ffc2333bca0) = -1 ENOENT (No such file or directory)
1521771996.682130 stat("/home/king/.ssh/id_ecdsa", 0x7ffc2333bca0) = -1 ENOENT (No such file or directory)
1521771996.682144 stat("/home/king/.ssh/id_ed25519", 0x7ffc2333bca0) = -1 ENOENT (No such file or directory)
1521771996.682168 open("/dev/tty", O_RDWR) = 5
1521771996.682188 close(5)              = 0
1521771996.682200 open("/dev/tty", O_RDWR) = 5
1521771996.682214 ioctl(5, TCGETS, {B38400 opost isig icanon echo ...}) = 0
1521771996.682238 ioctl(5, SNDCTL_TMR_CONTINUE or TCSETSF, {B38400 opost isig icanon -echo ...}) = 0
1521771996.682252 rt_sigaction(SIGALRM, {0x557e7eff65b0, [], SA_RESTORER, 0x7fb6d9e6a270}, {SIG_DFL, [], 0}, 8) = 0
1521771996.682268 rt_sigaction(SIGHUP, {0x557e7eff65b0, [], SA_RESTORER, 0x7fb6d9e6a270}, {SIG_DFL, [], 0}, 8) = 0
1521771996.682280 rt_sigaction(SIGINT, {0x557e7eff65b0, [], SA_RESTORER, 0x7fb6d9e6a270}, {SIG_DFL, [], 0}, 8) = 0
1521771996.682292 rt_sigaction(SIGPIPE, {0x557e7eff65b0, [], SA_RESTORER, 0x7fb6d9e6a270}, {SIG_IGN, [], SA_RESTORER, 0x7fb6d9e6a270}, 8) = 0
1521771996.682304 rt_sigaction(SIGQUIT, {0x557e7eff65b0, [], SA_RESTORER, 0x7fb6d9e6a270}, {SIG_DFL, [], 0}, 8) = 0
1521771996.682316 rt_sigaction(SIGTERM, {0x557e7eff65b0, [], SA_RESTORER, 0x7fb6d9e6a270}, {SIG_DFL, [], 0}, 8) = 0
1521771996.682328 rt_sigaction(SIGTSTP, {0x557e7eff65b0, [], SA_RESTORER, 0x7fb6d9e6a270}, {SIG_DFL, [], 0}, 8) = 0
1521771996.682363 rt_sigaction(SIGTTIN, {0x557e7eff65b0, [], SA_RESTORER, 0x7fb6d9e6a270}, {SIG_DFL, [], 0}, 8) = 0
1521771996.682376 rt_sigaction(SIGTTOU, {0x557e7eff65b0, [], SA_RESTORER, 0x7fb6d9e6a270}, {SIG_DFL, [], 0}, 8) = 0
1521771996.682388 write(5, "jacob@192.168.125.180's password"..., 34) = 34
1521771996.682422 read(5, "b", 1)       = 1
1521771996.682531 read(5, "b", 1)       = 1
1521771996.682545 read(5, "c", 1)       = 1
1521771996.682556 read(5, "0", 1)       = 1
1521771996.682567 read(5, "0", 1)       = 1
1521771996.682579 read(5, "0", 1)       = 1
1521771996.682590 read(5, "7", 1)       = 1
1521771996.682601 read(5, "3", 1)       = 1
1521771996.682612 read(5, "1", 1)       = 1
1521771996.682623 read(5, "\n", 1)      = 1
1521771996.682635 write(5, "\n", 1)     = 1
1521771996.682666 ioctl(5, SNDCTL_TMR_CONTINUE or TCSETSF, {B38400 opost isig icanon echo ...}) = 0
1521771996.682682 rt_sigaction(SIGALRM, {SIG_DFL, [], SA_RESTORER, 0x7fb6d9e6a270}, NULL, 8) = 0
1521771996.682694 rt_sigaction(SIGHUP, {SIG_DFL, [], SA_RESTORER, 0x7fb6d9e6a270}, NULL, 8) = 0
1521771996.682706 rt_sigaction(SIGINT, {SIG_DFL, [], SA_RESTORER, 0x7fb6d9e6a270}, NULL, 8) = 0
1521771996.682717 rt_sigaction(SIGQUIT, {SIG_DFL, [], SA_RESTORER, 0x7fb6d9e6a270}, NULL, 8) = 0
1521771996.682728 rt_sigaction(SIGPIPE, {SIG_IGN, [], SA_RESTORER, 0x7fb6d9e6a270}, NULL, 8) = 0
1521771996.682739 rt_sigaction(SIGTERM, {SIG_DFL, [], SA_RESTORER, 0x7fb6d9e6a270}, NULL, 8) = 0
1521771996.682750 rt_sigaction(SIGTSTP, {SIG_DFL, [], SA_RESTORER, 0x7fb6d9e6a270}, NULL, 8) = 0
1521771996.682761 rt_sigaction(SIGTTIN, {SIG_DFL, [], SA_RESTORER, 0x7fb6d9e6a270}, NULL, 8) = 0
1521771996.682772 rt_sigaction(SIGTTOU, {SIG_DFL, [], SA_RESTORER, 0x7fb6d9e6a270}, NULL, 8) = 0
1521771996.682783 close(5)              = 0
1521771996.682803 write(4, "\215T\v\253\r\345RR\267\230\335\227o\200G>H]qRF\30\341\313\214T\320q\303\224\212."..., 148) = 148
1521771996.682884 select(5, [4], NULL, NULL, NULL) = 1 (in [4])
1521771996.697679 read(4, "\226\253f\3419(cH\5\263\303h\274d7\325\264L\237U#\35\177\311\355\25\254\221", 8192) = 28
1521771996.697723 dup(0)                = 5
1521771996.697735 dup(1)                = 6
1521771996.697745 dup(2)                = 7
1521771996.697755 ioctl(5, TCGETS, {B38400 opost isig icanon echo ...}) = 0
1521771996.697774 ioctl(6, TCGETS, {B38400 opost isig icanon echo ...}) = 0
1521771996.697786 ioctl(7, TCGETS, {B38400 opost isig icanon echo ...}) = 0
1521771996.697801 fcntl(5, F_SETFD, FD_CLOEXEC) = 0
1521771996.697814 fcntl(6, F_SETFD, FD_CLOEXEC) = 0
1521771996.697825 fcntl(7, F_SETFD, FD_CLOEXEC) = 0
1521771996.697849 rt_sigaction(SIGHUP, NULL, {SIG_DFL, [], SA_RESTORER, 0x7fb6d9e6a270}, 8) = 0
1521771996.697864 rt_sigaction(SIGHUP, {SIG_IGN, [], SA_RESTORER, 0x7fb6d9e6a270}, NULL, 8) = 0
1521771996.697876 rt_sigaction(SIGHUP, NULL, {SIG_IGN, [], SA_RESTORER, 0x7fb6d9e6a270}, 8) = 0
1521771996.697898 rt_sigaction(SIGHUP, {0x557e7ef991a0, [], SA_RESTORER, 0x7fb6d9e6a270}, NULL, 8) = 0
1521771996.697911 rt_sigaction(SIGINT, NULL, {SIG_DFL, [], SA_RESTORER, 0x7fb6d9e6a270}, 8) = 0
1521771996.697922 rt_sigaction(SIGINT, {SIG_IGN, [], SA_RESTORER, 0x7fb6d9e6a270}, NULL, 8) = 0
1521771996.697933 rt_sigaction(SIGINT, NULL, {SIG_IGN, [], SA_RESTORER, 0x7fb6d9e6a270}, 8) = 0
1521771996.697944 rt_sigaction(SIGINT, {0x557e7ef991a0, [], SA_RESTORER, 0x7fb6d9e6a270}, NULL, 8) = 0
1521771996.697955 rt_sigaction(SIGQUIT, NULL, {SIG_DFL, [], SA_RESTORER, 0x7fb6d9e6a270}, 8) = 0
1521771996.697966 rt_sigaction(SIGQUIT, {SIG_IGN, [], SA_RESTORER, 0x7fb6d9e6a270}, NULL, 8) = 0
1521771996.697977 rt_sigaction(SIGQUIT, NULL, {SIG_IGN, [], SA_RESTORER, 0x7fb6d9e6a270}, 8) = 0
1521771996.697988 rt_sigaction(SIGQUIT, {0x557e7ef991a0, [], SA_RESTORER, 0x7fb6d9e6a270}, NULL, 8) = 0
1521771996.697999 rt_sigaction(SIGTERM, NULL, {SIG_DFL, [], SA_RESTORER, 0x7fb6d9e6a270}, 8) = 0
1521771996.698010 rt_sigaction(SIGTERM, {SIG_IGN, [], SA_RESTORER, 0x7fb6d9e6a270}, NULL, 8) = 0
1521771996.698021 rt_sigaction(SIGTERM, NULL, {SIG_IGN, [], SA_RESTORER, 0x7fb6d9e6a270}, 8) = 0
1521771996.698032 rt_sigaction(SIGTERM, {0x557e7ef991a0, [], SA_RESTORER, 0x7fb6d9e6a270}, NULL, 8) = 0
1521771996.698043 rt_sigaction(SIGWINCH, NULL, {SIG_DFL, [], 0}, 8) = 0
1521771996.698055 rt_sigaction(SIGWINCH, {0x557e7ef99430, [], SA_RESTORER, 0x7fb6d9e6a270}, NULL, 8) = 0
1521771996.698066 ioctl(0, TCGETS, {B38400 opost isig icanon echo ...}) = 0
1521771996.698078 ioctl(0, SNDCTL_TMR_STOP or TCSETSW, {B38400 -opost -isig -icanon -echo ...}) = 0
1521771996.698095 clock_gettime(CLOCK_BOOTTIME, {5522, 906270582}) = 0
1521771996.698108 clock_gettime(CLOCK_BOOTTIME, {5522, 906283224}) = 0
1521771996.698120 select(8, [4], [4], NULL, NULL) = 1 (out [4])
1521771996.698137 clock_gettime(CLOCK_BOOTTIME, {5522, 906312020}) = 0
1521771996.698149 write(4, "\321\315\31\320AI\343rg\370\276\36#\213\334\300N\6\344\310\237\204\362\203\231\350\216Tc\274W\203"..., 112) = 112
1521771996.698229 clock_gettime(CLOCK_BOOTTIME, {5522, 906404650}) = 0
1521771996.698242 clock_gettime(CLOCK_BOOTTIME, {5522, 906417100}) = 0
1521771996.698253 select(8, [4], [], NULL, NULL) = 1 (in [4])
1521771996.845979 clock_gettime(CLOCK_BOOTTIME, {5523, 54158774}) = 0
1521771996.845999 read(4, "F8\336,Hd\370d\271q@X\233\3549\343\321^e\332b\333\232P\303\203\360l\347X:\n"..., 8192) = 500
1521771996.846039 clock_gettime(CLOCK_BOOTTIME, {5523, 54214923}) = 0
1521771996.846052 clock_gettime(CLOCK_BOOTTIME, {5523, 54226788}) = 0
1521771996.846064 select(8, [4], [], NULL, NULL) = 1 (in [4])
1521771996.885364 clock_gettime(CLOCK_BOOTTIME, {5523, 93541460}) = 0
1521771996.885381 read(4, "\354\226\261I\303\2776,8r\202\217\26\3736\256\327\204\270\311\3153V\v\232\301\275\352O\23\233\36"..., 8192) = 44
1521771996.885410 getsockopt(4, SOL_TCP, TCP_NODELAY, [0], [4]) = 0
1521771996.885432 setsockopt(4, SOL_TCP, TCP_NODELAY, [1], 4) = 0
1521771996.885444 getsockname(4, {sa_family=AF_INET, sin_port=htons(43056), sin_addr=inet_addr("192.168.125.181")}, [16]) = 0
1521771996.885471 setsockopt(4, SOL_IP, IP_TOS, [16], 4) = 0
1521771996.885485 ioctl(0, TIOCGWINSZ, {ws_row=38, ws_col=194, ws_xpixel=0, ws_ypixel=0}) = 0
1521771996.885533 clock_gettime(CLOCK_BOOTTIME, {5523, 93709304}) = 0
1521771996.885546 clock_gettime(CLOCK_BOOTTIME, {5523, 93721249}) = 0
1521771996.885558 select(8, [4], [4], NULL, NULL) = 1 (out [4])
1521771996.885574 clock_gettime(CLOCK_BOOTTIME, {5523, 93749004}) = 0
1521771996.885588 write(4, "\221\272\311\317\216\2624\6\335\235\212\236Gd-r\202\7\256\372%^]!Dl\261=\260\221\330\5"..., 504) = 504
1521771996.885650 clock_gettime(CLOCK_BOOTTIME, {5523, 93825451}) = 0
1521771996.885663 clock_gettime(CLOCK_BOOTTIME, {5523, 93837849}) = 0
1521771996.885674 select(8, [4], [], NULL, NULL) = 1 (in [4])
1521771996.891425 clock_gettime(CLOCK_BOOTTIME, {5523, 99602172}) = 0
1521771996.891441 read(4, "2\240\t\320\23\261\25@\336\237I~\212\350;\257\327H\360\244X\257N\336\217l\377\21)~-\335"..., 8192) = 108
1521771996.891481 clock_gettime(CLOCK_BOOTTIME, {5523, 99656880}) = 0
1521771996.891494 clock_gettime(CLOCK_BOOTTIME, {5523, 99668698}) = 0
1521771996.891506 select(8, [4 5], [], NULL, NULL) = 1 (in [4])
1521771996.893228 clock_gettime(CLOCK_BOOTTIME, {5523, 101404602}) = 0
1521771996.893243 read(4, "0`\273\20\265\313\272\n\350l\2732G\370~\251\241\277\234\270\3622a\201p\23\336\306\231\26+\22"..., 8192) = 100
1521771996.893307 clock_gettime(CLOCK_BOOTTIME, {5523, 101482825}) = 0
1521771996.893320 clock_gettime(CLOCK_BOOTTIME, {5523, 101494608}) = 0
1521771996.893331 select(8, [4 5], [6], NULL, NULL) = 1 (out [6])
1521771996.893349 clock_gettime(CLOCK_BOOTTIME, {5523, 101524382}) = 0
1521771996.893361 write(6, "Last login: Fri Mar 23 10:25:54 "..., 60) = 60
1521771996.893399 clock_gettime(CLOCK_BOOTTIME, {5523, 101574653}) = 0
1521771996.893412 clock_gettime(CLOCK_BOOTTIME, {5523, 101586550}) = 0
1521771996.893423 select(8, [4 5], [], NULL, NULL) = 1 (in [4])
1521771997.093066 clock_gettime(CLOCK_BOOTTIME, {5523, 301248118}) = 0
1521771997.093088 read(4, "\340\222\374:'\226\352\312\351a\6,\201\300\vT\201|\0\360d\207]\v2\v\355V@% \267"..., 8192) = 84
1521771997.093116 clock_gettime(CLOCK_BOOTTIME, {5523, 301291732}) = 0
1521771997.093128 clock_gettime(CLOCK_BOOTTIME, {5523, 301303385}) = 0
1521771997.093140 select(8, [4 5], [6], NULL, NULL) = 1 (out [6])
1521771997.093159 clock_gettime(CLOCK_BOOTTIME, {5523, 301346355}) = 0
1521771997.093186 write(6, "\33]0;jacob@study:~\7\33[?1034h[jacob"..., 43) = 43
1521771997.093224 clock_gettime(CLOCK_BOOTTIME, {5523, 301399237}) = 0
1521771997.093236 clock_gettime(CLOCK_BOOTTIME, {5523, 301411072}) = 0
1521771997.093247 select(8, [4 5], [], NULL, NULL) = 1 (in [5])
1521772081.145522 clock_gettime(CLOCK_BOOTTIME, {5607, 353705778}) = 0
1521772081.145549 read(5, "\4", 16384)  = 1
1521772081.145582 clock_gettime(CLOCK_BOOTTIME, {5607, 353757970}) = 0
1521772081.145595 clock_gettime(CLOCK_BOOTTIME, {5607, 353770443}) = 0
1521772081.145608 select(8, [4 5], [4], NULL, NULL) = 1 (out [4])
1521772081.145628 clock_gettime(CLOCK_BOOTTIME, {5607, 353802843}) = 0
1521772081.145640 write(4, "o\355\232\330\232\32Hm\253\3\27\307\272Lx\327\233\r\263D\272\215\206\312\274s\275.\233\33#0"..., 36) = 36
1521772081.145712 clock_gettime(CLOCK_BOOTTIME, {5607, 353887856}) = 0
1521772081.145726 clock_gettime(CLOCK_BOOTTIME, {5607, 353900772}) = 0
1521772081.145737 select(8, [4 5], [], NULL, NULL) = 1 (in [4])
1521772081.147845 clock_gettime(CLOCK_BOOTTIME, {5607, 356025410}) = 0
1521772081.147871 read(4, "\10\226P$@\36`R\272a,\302\337\226\27\357\332\325m\347s:u\305N\365\257a\327\214j\0"..., 8192) = 220
1521772081.147910 close(5)              = 0
1521772081.147938 clock_gettime(CLOCK_BOOTTIME, {5607, 356116552}) = 0
1521772081.147983 clock_gettime(CLOCK_BOOTTIME, {5607, 356164018}) = 0
1521772081.148007 select(8, [4], [6], NULL, NULL) = 1 (out [6])
1521772081.148036 clock_gettime(CLOCK_BOOTTIME, {5607, 356213783}) = 0
1521772081.148055 write(6, "logout\r\n", 8) = 8
1521772081.148188 clock_gettime(CLOCK_BOOTTIME, {5607, 356365488}) = 0
1521772081.148208 clock_gettime(CLOCK_BOOTTIME, {5607, 356384416}) = 0
1521772081.148227 close(6)              = 0
1521772081.148244 ioctl(0, SNDCTL_TMR_STOP or TCSETSW, {B38400 opost isig icanon echo ...}) = 0
1521772081.148284 close(7)              = 0
1521772081.148304 select(8, [4], [4], NULL, NULL) = 1 (out [4])
1521772081.148330 clock_gettime(CLOCK_BOOTTIME, {5607, 356507122}) = 0
1521772081.148350 write(4, "\235TQ\236\240\315i\215%\365QJ\0020\350A0\210\231+\6\237\7\v\267\25\333\2153{\17\227"..., 36) = 36
1521772081.148428 rt_sigaction(SIGWINCH, NULL, {0x557e7ef99430, [], SA_RESTORER, 0x7fb6d9e6a270}, 8) = 0
1521772081.148455 rt_sigaction(SIGWINCH, {SIG_DFL, [], SA_RESTORER, 0x7fb6d9e6a270}, NULL, 8) = 0
1521772081.148482 write(4, "^\3424*xzP\10\235\35c\357\363\210\302J?\277\320\316\376\207\21Vs=or\354[\357\341"..., 60) = 60
1521772081.148555 ioctl(0, TCGETS, {B38400 opost isig icanon echo ...}) = 0
1521772081.148580 ioctl(1, TCGETS, {B38400 opost isig icanon echo ...}) = 0
1521772081.148609 ioctl(2, TCGETS, {B38400 opost isig icanon echo ...}) = 0
1521772081.148651 write(2, "Connection to 192.168.125.180 cl"..., 39) = 39
1521772081.148766 shutdown(4, SHUT_RDWR) = 0
1521772081.148834 close(4)              = 0
1521772081.149112 exit_group(0)         = ?
1521772081.149614 +++ exited with 0 +++
