1521772999.220974 select(5, [4], NULL, NULL, NULL) = 1 (in [4])
1521772999.245112 read(4, "\361\304\240qp\v\22v\364<\233\273\30H\345\233\323\334&5t\310\315$/\316\32'\24?\225Q"..., 8192) = 44
1521772999.245149 write(4, "\2440'0\335o\v\221\376\231#\372+\337\270$m\341\3548\304\350\363\232\220\241\"\5\237\30xM"..., 68) = 68
1521772999.245208 select(5, [4], NULL, NULL, NULL) = 1 (in [4])
1521772999.246226 read(4, "1eyr\312\211\215#\245\376\222M\207\375\263f\351I\306\227\205\304H\322\223\326\252\376\253\244\377\217"..., 8192) = 84
1521772999.246272 futex(0x7f8b9e325530, FUTEX_WAKE_PRIVATE, 2147483647) = 0
1521772999.246320 futex(0x7f8b9e3253d0, FUTEX_WAKE_PRIVATE, 2147483647) = 0
1521772999.246358 futex(0x7f8ba0902fa0, FUTEX_WAKE_PRIVATE, 2147483647) = 0
1521772999.246382 lstat("/etc/gss/mech", 0x7ffc9da91d70) = -1 ENOENT (No such file or directory)
1521772999.246427 openat(AT_FDCWD, "/etc/gss/mech.d", O_RDONLY|O_NONBLOCK|O_DIRECTORY|O_CLOEXEC) = 5
1521772999.246458 getdents(5, /* 3 entries */, 32768) = 88
1521772999.246482 open("/usr/lib64/gconv/gconv-modules.cache", O_RDONLY) = 6
1521772999.246498 fstat(6, {st_mode=S_IFREG|0644, st_size=26254, ...}) = 0
1521772999.246516 mmap(NULL, 26254, PROT_READ, MAP_SHARED, 6, 0) = 0x7f8ba2279000
1521772999.246574 close(6)              = 0
1521772999.246586 futex(0x7f8b9ff92a80, FUTEX_WAKE_PRIVATE, 2147483647) = 0
1521772999.246609 getdents(5, /* 0 entries */, 32768) = 0
1521772999.246621 close(5)              = 0
1521772999.246634 lstat("/etc/gss/mech.d/gssproxy.conf", {st_mode=S_IFREG|0644, st_size=189, ...}) = 0
1521772999.246918 open("/etc/gss/mech.d/gssproxy.conf", O_RDONLY) = 5
1521772999.246937 fstat(5, {st_mode=S_IFREG|0644, st_size=189, ...}) = 0
1521772999.246950 mmap(NULL, 4096, PROT_READ|PROT_WRITE, MAP_PRIVATE|MAP_ANONYMOUS, -1, 0) = 0x7f8ba2278000
1521772999.247014 read(5, "# GSS-API mechanism plugins\n#\n# "..., 4096) = 189
1521772999.247076 read(5, "", 4096)     = 0
1521772999.247091 close(5)              = 0
1521772999.247103 munmap(0x7f8ba2278000, 4096) = 0
1521772999.247128 stat("/usr/lib64/gssproxy/proxymech.so", {st_mode=S_IFREG|0755, st_size=115072, ...}) = 0
1521772999.247154 futex(0x7f8ba17d40d0, FUTEX_WAKE_PRIVATE, 2147483647) = 0
1521772999.247174 open("/usr/lib64/gssproxy/proxymech.so", O_RDONLY|O_CLOEXEC) = 5
1521772999.247189 read(5, "\177ELF\2\1\1\0\0\0\0\0\0\0\0\0\3\0>\0\1\0\0\0\320x\0\0\0\0\0\0"..., 832) = 832
1521772999.247202 fstat(5, {st_mode=S_IFREG|0755, st_size=115072, ...}) = 0
1521772999.247217 mmap(NULL, 2208224, PROT_READ|PROT_EXEC, MAP_PRIVATE|MAP_DENYWRITE, 5, 0) = 0x7f8b973b4000
1521772999.247231 mprotect(0x7f8b973cf000, 2093056, PROT_NONE) = 0
1521772999.247262 mmap(0x7f8b975ce000, 8192, PROT_READ|PROT_WRITE, MAP_PRIVATE|MAP_FIXED|MAP_DENYWRITE, 5, 0x1a000) = 0x7f8b975ce000
1521772999.247286 close(5)              = 0
1521772999.247307 open("/etc/ld.so.cache", O_RDONLY|O_CLOEXEC) = 5
1521772999.247324 fstat(5, {st_mode=S_IFREG|0644, st_size=74765, ...}) = 0
1521772999.247336 mmap(NULL, 74765, PROT_READ, MAP_PRIVATE, 5, 0) = 0x7f8ba224b000
1521772999.247349 close(5)              = 0
1521772999.247366 open("/lib64/libgssrpc.so.4", O_RDONLY|O_CLOEXEC) = 5
1521772999.247384 read(5, "\177ELF\2\1\1\0\0\0\0\0\0\0\0\0\3\0>\0\1\0\0\0\340Z\0\0\0\0\0\0"..., 832) = 832
1521772999.247397 fstat(5, {st_mode=S_IFREG|0755, st_size=134368, ...}) = 0
1521772999.247411 mmap(NULL, 2227072, PROT_READ|PROT_EXEC, MAP_PRIVATE|MAP_DENYWRITE, 5, 0) = 0x7f8b97194000
1521772999.247424 mprotect(0x7f8b971b2000, 2097152, PROT_NONE) = 0
1521772999.247437 mmap(0x7f8b973b2000, 8192, PROT_READ|PROT_WRITE, MAP_PRIVATE|MAP_FIXED|MAP_DENYWRITE, 5, 0x1e000) = 0x7f8b973b2000
1521772999.247496 close(5)              = 0
1521772999.247684 mprotect(0x7f8b973b2000, 4096, PROT_READ) = 0
1521772999.247838 mprotect(0x7f8b975ce000, 4096, PROT_READ) = 0
1521772999.247859 munmap(0x7f8ba224b000, 74765) = 0
1521772999.247896 stat("/usr/lib64/gssproxy/proxymech.so", {st_mode=S_IFREG|0755, st_size=115072, ...}) = 0
1521772999.247974 futex(0x7f8ba06b5480, FUTEX_WAKE_PRIVATE, 2147483647) = 0
1521772999.247999 futex(0x7f8ba06b66d0, FUTEX_WAKE_PRIVATE, 2147483647) = 0
1521772999.248032 stat("/etc/krb5.conf", {st_mode=S_IFREG|0644, st_size=590, ...}) = 0
1521772999.248145 open("/etc/krb5.conf", O_RDONLY) = 5
1521772999.248164 fcntl(5, F_SETFD, FD_CLOEXEC) = 0
1521772999.248184 fstat(5, {st_mode=S_IFREG|0644, st_size=590, ...}) = 0
1521772999.248198 mmap(NULL, 4096, PROT_READ|PROT_WRITE, MAP_PRIVATE|MAP_ANONYMOUS, -1, 0) = 0x7f8ba2278000
1521772999.248211 read(5, "# Configuration snippets may be "..., 4096) = 590
1521772999.248231 openat(AT_FDCWD, "/etc/krb5.conf.d/", O_RDONLY|O_NONBLOCK|O_DIRECTORY|O_CLOEXEC) = 6
1521772999.248251 getdents(6, /* 2 entries */, 32768) = 48
1521772999.248265 getdents(6, /* 0 entries */, 32768) = 0
1521772999.248277 close(6)              = 0
1521772999.248324 read(5, "", 4096)     = 0
1521772999.248343 close(5)              = 0
1521772999.248372 munmap(0x7f8ba2278000, 4096) = 0
1521772999.248687 stat("/etc/krb5.conf", {st_mode=S_IFREG|0644, st_size=590, ...}) = 0
1521772999.248714 open("/etc/krb5.conf", O_RDONLY) = 5
1521772999.248729 fcntl(5, F_SETFD, FD_CLOEXEC) = 0
1521772999.248742 fstat(5, {st_mode=S_IFREG|0644, st_size=590, ...}) = 0
1521772999.248755 mmap(NULL, 4096, PROT_READ|PROT_WRITE, MAP_PRIVATE|MAP_ANONYMOUS, -1, 0) = 0x7f8ba2278000
1521772999.248768 read(5, "# Configuration snippets may be "..., 4096) = 590
1521772999.248785 openat(AT_FDCWD, "/etc/krb5.conf.d/", O_RDONLY|O_NONBLOCK|O_DIRECTORY|O_CLOEXEC) = 6
1521772999.248801 getdents(6, /* 2 entries */, 32768) = 48
1521772999.248815 getdents(6, /* 0 entries */, 32768) = 0
1521772999.248827 close(6)              = 0
1521772999.248845 read(5, "", 4096)     = 0
1521772999.248857 close(5)              = 0
1521772999.248868 munmap(0x7f8ba2278000, 4096) = 0
1521772999.248901 access("/etc/krb5.conf", R_OK) = 0
1521772999.248920 stat("/etc/krb5.conf", {st_mode=S_IFREG|0644, st_size=590, ...}) = 0
1521772999.248949 stat("/etc/sysconfig/64bit_strstr_via_64bit_strstr_sse2_unaligned", 0x7ffc9da912f0) = -1 ENOENT (No such file or directory)
1521772999.248998 geteuid()             = 1001
1521772999.249031 open("/var/kerberos/krb5/user/1001/client.keytab", O_RDONLY) = -1 ENOENT (No such file or directory)
1521772999.249070 getuid()              = 1001
1521772999.249097 keyctl(KEYCTL_GET_PERSISTENT, 1001, KEY_SPEC_PROCESS_KEYRING) = 314351014
1521772999.249123 keyctl(KEYCTL_SEARCH, 314351014, "keyring", "_krb", KEY_SPEC_PROCESS_KEYRING) = 842596139
1521772999.249141 keyctl(KEYCTL_SEARCH, 842596139, "user", "krb_ccache:primary", 0) = 488544336
1521772999.249157 keyctl(KEYCTL_READ, 488544336, NULL, 0) = 12
1521772999.249171 keyctl(KEYCTL_READ, 488544336, "", 12) = 12
1521772999.249184 keyctl(KEYCTL_READ, 842596139, NULL, 0) = 4
1521772999.249195 keyctl(KEYCTL_READ, 842596139, "P\230\36\35", 4) = 4
1521772999.249207 keyctl(KEYCTL_SEARCH, 842596139, "keyring", "1001", 0) = -1 ENOKEY (Required key not available)
1521772999.249224 keyctl(KEYCTL_DESCRIBE, 488544336, NULL, 0) = 43
1521772999.249236 keyctl(KEYCTL_DESCRIBE, 488544336, "user;1001;1001;3f010000;krb_ccac"..., 43) = 43
1521772999.249279 stat("/etc/krb5.conf", {st_mode=S_IFREG|0644, st_size=590, ...}) = 0
1521772999.249298 open("/etc/krb5.conf", O_RDONLY) = 5
1521772999.249312 fcntl(5, F_SETFD, FD_CLOEXEC) = 0
1521772999.249325 fstat(5, {st_mode=S_IFREG|0644, st_size=590, ...}) = 0
1521772999.249337 mmap(NULL, 4096, PROT_READ|PROT_WRITE, MAP_PRIVATE|MAP_ANONYMOUS, -1, 0) = 0x7f8ba2278000
1521772999.249351 read(5, "# Configuration snippets may be "..., 4096) = 590
1521772999.249367 openat(AT_FDCWD, "/etc/krb5.conf.d/", O_RDONLY|O_NONBLOCK|O_DIRECTORY|O_CLOEXEC) = 6
1521772999.249382 getdents(6, /* 2 entries */, 32768) = 48
1521772999.249395 getdents(6, /* 0 entries */, 32768) = 0
1521772999.249405 close(6)              = 0
1521772999.249424 read(5, "", 4096)     = 0
1521772999.249435 close(5)              = 0
1521772999.249447 munmap(0x7f8ba2278000, 4096) = 0
1521772999.249489 stat("/etc/krb5.conf", {st_mode=S_IFREG|0644, st_size=590, ...}) = 0
1521772999.249509 open("/etc/krb5.conf", O_RDONLY) = 5
1521772999.249529 fcntl(5, F_SETFD, FD_CLOEXEC) = 0
1521772999.249541 fstat(5, {st_mode=S_IFREG|0644, st_size=590, ...}) = 0
1521772999.249553 mmap(NULL, 4096, PROT_READ|PROT_WRITE, MAP_PRIVATE|MAP_ANONYMOUS, -1, 0) = 0x7f8ba2278000
1521772999.249566 read(5, "# Configuration snippets may be "..., 4096) = 590
1521772999.249582 openat(AT_FDCWD, "/etc/krb5.conf.d/", O_RDONLY|O_NONBLOCK|O_DIRECTORY|O_CLOEXEC) = 6
1521772999.249597 getdents(6, /* 2 entries */, 32768) = 48
1521772999.249609 getdents(6, /* 0 entries */, 32768) = 0
1521772999.249632 close(6)              = 0
1521772999.249652 read(5, "", 4096)     = 0
1521772999.249664 close(5)              = 0
1521772999.249675 munmap(0x7f8ba2278000, 4096) = 0
1521772999.249709 stat("/etc/krb5.conf", {st_mode=S_IFREG|0644, st_size=590, ...}) = 0
1521772999.249728 open("/etc/krb5.conf", O_RDONLY) = 5
1521772999.249741 fcntl(5, F_SETFD, FD_CLOEXEC) = 0
1521772999.249754 fstat(5, {st_mode=S_IFREG|0644, st_size=590, ...}) = 0
1521772999.249766 mmap(NULL, 4096, PROT_READ|PROT_WRITE, MAP_PRIVATE|MAP_ANONYMOUS, -1, 0) = 0x7f8ba2278000
1521772999.249778 read(5, "# Configuration snippets may be "..., 4096) = 590
1521772999.249794 openat(AT_FDCWD, "/etc/krb5.conf.d/", O_RDONLY|O_NONBLOCK|O_DIRECTORY|O_CLOEXEC) = 6
1521772999.249808 getdents(6, /* 2 entries */, 32768) = 48
1521772999.249821 getdents(6, /* 0 entries */, 32768) = 0
1521772999.249832 close(6)              = 0
1521772999.249848 read(5, "", 4096)     = 0
1521772999.249860 close(5)              = 0
1521772999.249871 munmap(0x7f8ba2278000, 4096) = 0
1521772999.249896 access("/etc/krb5.conf", R_OK) = 0
1521772999.249912 stat("/etc/krb5.conf", {st_mode=S_IFREG|0644, st_size=590, ...}) = 0
1521772999.249931 geteuid()             = 1001
1521772999.249946 open("/var/kerberos/krb5/user/1001/client.keytab", O_RDONLY) = -1 ENOENT (No such file or directory)
1521772999.249969 getuid()              = 1001
1521772999.249983 keyctl(KEYCTL_GET_PERSISTENT, 1001, KEY_SPEC_PROCESS_KEYRING) = 314351014
1521772999.249997 keyctl(KEYCTL_SEARCH, 314351014, "keyring", "_krb", KEY_SPEC_PROCESS_KEYRING) = 842596139
1521772999.250013 keyctl(KEYCTL_SEARCH, 842596139, "user", "krb_ccache:primary", 0) = 488544336
1521772999.250025 keyctl(KEYCTL_READ, 488544336, NULL, 0) = 12
1521772999.250037 keyctl(KEYCTL_READ, 488544336, "", 12) = 12
1521772999.250049 keyctl(KEYCTL_READ, 842596139, NULL, 0) = 4
1521772999.250060 keyctl(KEYCTL_READ, 842596139, "P\230\36\35", 4) = 4
1521772999.250072 keyctl(KEYCTL_SEARCH, 842596139, "keyring", "1001", 0) = -1 ENOKEY (Required key not available)
1521772999.250085 keyctl(KEYCTL_DESCRIBE, 488544336, NULL, 0) = 43
1521772999.250097 keyctl(KEYCTL_DESCRIBE, 488544336, "user;1001;1001;3f010000;krb_ccac"..., 43) = 43
1521772999.250118 access("/etc/krb5.conf", R_OK) = 0
1521772999.250132 stat("/etc/krb5.conf", {st_mode=S_IFREG|0644, st_size=590, ...}) = 0
1521772999.250163 stat("/etc/krb5.conf", {st_mode=S_IFREG|0644, st_size=590, ...}) = 0
1521772999.250179 open("/etc/krb5.conf", O_RDONLY) = 5
1521772999.250192 fcntl(5, F_SETFD, FD_CLOEXEC) = 0
1521772999.250205 fstat(5, {st_mode=S_IFREG|0644, st_size=590, ...}) = 0
1521772999.250217 mmap(NULL, 4096, PROT_READ|PROT_WRITE, MAP_PRIVATE|MAP_ANONYMOUS, -1, 0) = 0x7f8ba2278000
1521772999.250230 read(5, "# Configuration snippets may be "..., 4096) = 590
1521772999.250246 openat(AT_FDCWD, "/etc/krb5.conf.d/", O_RDONLY|O_NONBLOCK|O_DIRECTORY|O_CLOEXEC) = 6
1521772999.250260 getdents(6, /* 2 entries */, 32768) = 48
1521772999.250273 getdents(6, /* 0 entries */, 32768) = 0
1521772999.250311 close(6)              = 0
1521772999.250330 read(5, "", 4096)     = 0
1521772999.250342 close(5)              = 0
1521772999.250353 munmap(0x7f8ba2278000, 4096) = 0
1521772999.250386 stat("/home/king/.ssh/id_rsa", 0x7ffc9da91df0) = -1 ENOENT (No such file or directory)
1521772999.250408 stat("/home/king/.ssh/id_dsa", 0x7ffc9da91df0) = -1 ENOENT (No such file or directory)
1521772999.250422 stat("/home/king/.ssh/id_ecdsa", 0x7ffc9da91df0) = -1 ENOENT (No such file or directory)
1521772999.250436 stat("/home/king/.ssh/id_ed25519", 0x7ffc9da91df0) = -1 ENOENT (No such file or directory)
1521772999.250460 open("/dev/tty", O_RDWR) = 5
1521772999.250477 close(5)              = 0
1521772999.250489 open("/dev/tty", O_RDWR) = 5
1521772999.250502 ioctl(5, TCGETS, {B38400 opost isig icanon echo ...}) = 0
1521772999.250526 ioctl(5, SNDCTL_TMR_CONTINUE or TCSETSF, {B38400 opost isig icanon -echo ...}) = 0
1521772999.250540 rt_sigaction(SIGALRM, {0x56010dd8c5b0, [], SA_RESTORER, 0x7f8b9fc0a270}, {SIG_DFL, [], 0}, 8) = 0
1521772999.250556 rt_sigaction(SIGHUP, {0x56010dd8c5b0, [], SA_RESTORER, 0x7f8b9fc0a270}, {SIG_DFL, [], 0}, 8) = 0
1521772999.250568 rt_sigaction(SIGINT, {0x56010dd8c5b0, [], SA_RESTORER, 0x7f8b9fc0a270}, {SIG_DFL, [], 0}, 8) = 0
1521772999.250579 rt_sigaction(SIGPIPE, {0x56010dd8c5b0, [], SA_RESTORER, 0x7f8b9fc0a270}, {SIG_IGN, [], SA_RESTORER, 0x7f8b9fc0a270}, 8) = 0
1521772999.250591 rt_sigaction(SIGQUIT, {0x56010dd8c5b0, [], SA_RESTORER, 0x7f8b9fc0a270}, {SIG_DFL, [], 0}, 8) = 0
1521772999.250603 rt_sigaction(SIGTERM, {0x56010dd8c5b0, [], SA_RESTORER, 0x7f8b9fc0a270}, {SIG_DFL, [], 0}, 8) = 0
1521772999.250615 rt_sigaction(SIGTSTP, {0x56010dd8c5b0, [], SA_RESTORER, 0x7f8b9fc0a270}, {SIG_DFL, [], 0}, 8) = 0
1521772999.250627 rt_sigaction(SIGTTIN, {0x56010dd8c5b0, [], SA_RESTORER, 0x7f8b9fc0a270}, {SIG_DFL, [], 0}, 8) = 0
1521772999.250638 rt_sigaction(SIGTTOU, {0x56010dd8c5b0, [], SA_RESTORER, 0x7f8b9fc0a270}, {SIG_DFL, [], 0}, 8) = 0
1521772999.250650 write(5, "jacob@192.168.125.180's password"..., 34) = 34
1521772999.250685 read(5, "b", 1)       = 1
1521772999.250733 read(5, "b", 1)       = 1
1521772999.250745 read(5, "c", 1)       = 1
1521772999.250756 read(5, "0", 1)       = 1
1521772999.250767 read(5, "0", 1)       = 1
1521772999.250779 read(5, "0", 1)       = 1
1521772999.250790 read(5, "7", 1)       = 1
1521772999.250801 read(5, "3", 1)       = 1
1521772999.250812 read(5, "1", 1)       = 1
1521772999.250823 read(5, "\n", 1)      = 1
1521772999.250834 write(5, "\n", 1)     = 1
1521772999.250852 ioctl(5, SNDCTL_TMR_CONTINUE or TCSETSF, {B38400 opost isig icanon echo ...}) = 0
1521772999.250866 rt_sigaction(SIGALRM, {SIG_DFL, [], SA_RESTORER, 0x7f8b9fc0a270}, NULL, 8) = 0
1521772999.250878 rt_sigaction(SIGHUP, {SIG_DFL, [], SA_RESTORER, 0x7f8b9fc0a270}, NULL, 8) = 0
1521772999.250889 rt_sigaction(SIGINT, {SIG_DFL, [], SA_RESTORER, 0x7f8b9fc0a270}, NULL, 8) = 0
1521772999.250900 rt_sigaction(SIGQUIT, {SIG_DFL, [], SA_RESTORER, 0x7f8b9fc0a270}, NULL, 8) = 0
1521772999.250911 rt_sigaction(SIGPIPE, {SIG_IGN, [], SA_RESTORER, 0x7f8b9fc0a270}, NULL, 8) = 0
1521772999.250922 rt_sigaction(SIGTERM, {SIG_DFL, [], SA_RESTORER, 0x7f8b9fc0a270}, NULL, 8) = 0
1521772999.250932 rt_sigaction(SIGTSTP, {SIG_DFL, [], SA_RESTORER, 0x7f8b9fc0a270}, NULL, 8) = 0
1521772999.250961 rt_sigaction(SIGTTIN, {SIG_DFL, [], SA_RESTORER, 0x7f8b9fc0a270}, NULL, 8) = 0
1521772999.250976 rt_sigaction(SIGTTOU, {SIG_DFL, [], SA_RESTORER, 0x7f8b9fc0a270}, NULL, 8) = 0
1521772999.250987 close(5)              = 0
1521772999.251007 write(4, "\16\342\231\7\264E\212\217<\312\200\321V\322iL'e\32I`\n\21\243\0370\4\343\305\207c\233"..., 148) = 148
1521772999.251086 select(5, [4], NULL, NULL, NULL) = 1 (in [4])
1521772999.266310 read(4, "\315\222\0032\217\263f\317F@\274\341^0\233\343FaK\342\30N'\5\344V2A", 8192) = 28
1521772999.266348 dup(0)                = 5
1521772999.266360 dup(1)                = 6
1521772999.266369 dup(2)                = 7
1521772999.266379 ioctl(5, TCGETS, {B38400 opost isig icanon echo ...}) = 0
1521772999.266397 ioctl(6, TCGETS, {B38400 opost isig icanon echo ...}) = 0
1521772999.266408 ioctl(7, TCGETS, {B38400 opost isig icanon echo ...}) = 0
1521772999.266423 fcntl(5, F_SETFD, FD_CLOEXEC) = 0
1521772999.266436 fcntl(6, F_SETFD, FD_CLOEXEC) = 0
1521772999.266446 fcntl(7, F_SETFD, FD_CLOEXEC) = 0
1521772999.266468 rt_sigaction(SIGHUP, NULL, {SIG_DFL, [], SA_RESTORER, 0x7f8b9fc0a270}, 8) = 0
1521772999.266483 rt_sigaction(SIGHUP, {SIG_IGN, [], SA_RESTORER, 0x7f8b9fc0a270}, NULL, 8) = 0
1521772999.266494 rt_sigaction(SIGHUP, NULL, {SIG_IGN, [], SA_RESTORER, 0x7f8b9fc0a270}, 8) = 0
1521772999.266533 rt_sigaction(SIGHUP, {0x56010dd2f1a0, [], SA_RESTORER, 0x7f8b9fc0a270}, NULL, 8) = 0
1521772999.266545 rt_sigaction(SIGINT, NULL, {SIG_DFL, [], SA_RESTORER, 0x7f8b9fc0a270}, 8) = 0
1521772999.266556 rt_sigaction(SIGINT, {SIG_IGN, [], SA_RESTORER, 0x7f8b9fc0a270}, NULL, 8) = 0
1521772999.266567 rt_sigaction(SIGINT, NULL, {SIG_IGN, [], SA_RESTORER, 0x7f8b9fc0a270}, 8) = 0
1521772999.266578 rt_sigaction(SIGINT, {0x56010dd2f1a0, [], SA_RESTORER, 0x7f8b9fc0a270}, NULL, 8) = 0
1521772999.266589 rt_sigaction(SIGQUIT, NULL, {SIG_DFL, [], SA_RESTORER, 0x7f8b9fc0a270}, 8) = 0
1521772999.266600 rt_sigaction(SIGQUIT, {SIG_IGN, [], SA_RESTORER, 0x7f8b9fc0a270}, NULL, 8) = 0
1521772999.266611 rt_sigaction(SIGQUIT, NULL, {SIG_IGN, [], SA_RESTORER, 0x7f8b9fc0a270}, 8) = 0
1521772999.266622 rt_sigaction(SIGQUIT, {0x56010dd2f1a0, [], SA_RESTORER, 0x7f8b9fc0a270}, NULL, 8) = 0
1521772999.266633 rt_sigaction(SIGTERM, NULL, {SIG_DFL, [], SA_RESTORER, 0x7f8b9fc0a270}, 8) = 0
1521772999.266643 rt_sigaction(SIGTERM, {SIG_IGN, [], SA_RESTORER, 0x7f8b9fc0a270}, NULL, 8) = 0
1521772999.266654 rt_sigaction(SIGTERM, NULL, {SIG_IGN, [], SA_RESTORER, 0x7f8b9fc0a270}, 8) = 0
1521772999.266665 rt_sigaction(SIGTERM, {0x56010dd2f1a0, [], SA_RESTORER, 0x7f8b9fc0a270}, NULL, 8) = 0
1521772999.266676 rt_sigaction(SIGWINCH, NULL, {SIG_DFL, [], 0}, 8) = 0
1521772999.266687 rt_sigaction(SIGWINCH, {0x56010dd2f430, [], SA_RESTORER, 0x7f8b9fc0a270}, NULL, 8) = 0
1521772999.266699 ioctl(0, TCGETS, {B38400 opost isig icanon echo ...}) = 0
1521772999.266712 ioctl(0, SNDCTL_TMR_STOP or TCSETSW, {B38400 -opost -isig -icanon -echo ...}) = 0
1521772999.266728 clock_gettime(CLOCK_BOOTTIME, {6525, 474904210}) = 0
1521772999.266742 clock_gettime(CLOCK_BOOTTIME, {6525, 474916773}) = 0
1521772999.266754 select(8, [4], [4], NULL, NULL) = 1 (out [4])
1521772999.266770 clock_gettime(CLOCK_BOOTTIME, {6525, 474945335}) = 0
1521772999.266782 write(4, "\24m3{d\253+\270\217\216\27\31\223)\333x\215\255e\276\"\34\v\370\1\2\300\334\355\215\34\245"..., 112) = 112
1521772999.266861 clock_gettime(CLOCK_BOOTTIME, {6525, 475036176}) = 0
1521772999.266874 clock_gettime(CLOCK_BOOTTIME, {6525, 475048832}) = 0
1521772999.266885 select(8, [4], [], NULL, NULL) = 1 (in [4])
1521772999.431307 clock_gettime(CLOCK_BOOTTIME, {6525, 639531183}) = 0
1521772999.431412 read(4, "\320\357\273\3603\206\270\322\21\367\261\365Hl\271t\322LQ\350D.$\t#X\3451\340l\375\37"..., 8192) = 500
1521772999.431526 clock_gettime(CLOCK_BOOTTIME, {6525, 639707602}) = 0
1521772999.431552 clock_gettime(CLOCK_BOOTTIME, {6525, 639728431}) = 0
1521772999.431570 select(8, [4], [], NULL, NULL) = 1 (in [4])
1521772999.470480 clock_gettime(CLOCK_BOOTTIME, {6525, 678657491}) = 0
1521772999.470497 read(4, "}\323\364l\324\324\320)E,\316\321\373\341<C3\357~\363\201\237N\204\267S\331Dc\27\374\255"..., 8192) = 44
1521772999.470526 getsockopt(4, SOL_TCP, TCP_NODELAY, [0], [4]) = 0
1521772999.470545 setsockopt(4, SOL_TCP, TCP_NODELAY, [1], 4) = 0
1521772999.470558 getsockname(4, {sa_family=AF_INET, sin_port=htons(43070), sin_addr=inet_addr("192.168.125.181")}, [16]) = 0
1521772999.470581 setsockopt(4, SOL_IP, IP_TOS, [16], 4) = 0
1521772999.470595 ioctl(0, TIOCGWINSZ, {ws_row=38, ws_col=194, ws_xpixel=0, ws_ypixel=0}) = 0
1521772999.470641 clock_gettime(CLOCK_BOOTTIME, {6525, 678817454}) = 0
1521772999.470655 clock_gettime(CLOCK_BOOTTIME, {6525, 678829530}) = 0
1521772999.470666 select(8, [4], [4], NULL, NULL) = 1 (out [4])
1521772999.470683 clock_gettime(CLOCK_BOOTTIME, {6525, 678857748}) = 0
1521772999.470697 write(4, "\252\274\21\220\t(~\31\"\23196yFW\272\251\17*9h\247\313\nm\366nr\177\237\317]"..., 504) = 504
1521772999.470761 clock_gettime(CLOCK_BOOTTIME, {6525, 678936188}) = 0
1521772999.470774 clock_gettime(CLOCK_BOOTTIME, {6525, 678948430}) = 0
1521772999.470785 select(8, [4], [], NULL, NULL) = 1 (in [4])
1521772999.478182 clock_gettime(CLOCK_BOOTTIME, {6525, 686359507}) = 0
1521772999.478200 read(4, "\22\4\254\225?\325\22\256I+\211J\334\247\312=\217\232c*\t\333\267\256\244s\236\2552\313\316K"..., 8192) = 108
1521772999.478295 clock_gettime(CLOCK_BOOTTIME, {6525, 686474018}) = 0
1521772999.478312 clock_gettime(CLOCK_BOOTTIME, {6525, 686487099}) = 0
1521772999.478324 select(8, [4 5], [], NULL, NULL) = 1 (in [4])
1521772999.480284 clock_gettime(CLOCK_BOOTTIME, {6525, 688460227}) = 0
1521772999.480298 read(4, "\201\340\"\365\354\32\215\257\364\351}'{,\317\366\177\342/8?\335\254>\254\35\325\235\253\30\n\226"..., 8192) = 100
1521772999.480368 clock_gettime(CLOCK_BOOTTIME, {6525, 688543879}) = 0
1521772999.480381 clock_gettime(CLOCK_BOOTTIME, {6525, 688555705}) = 0
1521772999.480393 select(8, [4 5], [6], NULL, NULL) = 1 (out [6])
1521772999.480411 clock_gettime(CLOCK_BOOTTIME, {6525, 688586351}) = 0
1521772999.480423 write(6, "Last login: Fri Mar 23 10:40:52 "..., 60) = 60
1521772999.480543 clock_gettime(CLOCK_BOOTTIME, {6525, 688719045}) = 0
1521772999.480557 clock_gettime(CLOCK_BOOTTIME, {6525, 688731810}) = 0
1521772999.480568 select(8, [4 5], [], NULL, NULL) = 1 (in [4])
1521772999.612960 clock_gettime(CLOCK_BOOTTIME, {6525, 821136829}) = 0
1521772999.612976 read(4, "\3\236\3F3\340\273V\nF\253\373rV\266bI\330)\343\315\251\317\316K7&\331\270i(\236"..., 8192) = 84
1521772999.613004 clock_gettime(CLOCK_BOOTTIME, {6525, 821179874}) = 0
1521772999.613017 clock_gettime(CLOCK_BOOTTIME, {6525, 821191455}) = 0
1521772999.613028 select(8, [4 5], [6], NULL, NULL) = 1 (out [6])
1521772999.613046 clock_gettime(CLOCK_BOOTTIME, {6525, 821221113}) = 0
1521772999.613058 write(6, "\33]0;jacob@study:~\7\33[?1034h[jacob"..., 43) = 43
1521772999.613103 clock_gettime(CLOCK_BOOTTIME, {6525, 821278030}) = 0
1521772999.613115 clock_gettime(CLOCK_BOOTTIME, {6525, 821290284}) = 0
1521772999.613127 select(8, [4 5], [], NULL, NULL) = 1 (in [5])
1521773070.911298 clock_gettime(CLOCK_BOOTTIME, {6597, 119476940}) = 0
1521773070.911318 read(5, "a", 16384)   = 1
1521773070.911593 clock_gettime(CLOCK_BOOTTIME, {6597, 119769335}) = 0
1521773070.911606 clock_gettime(CLOCK_BOOTTIME, {6597, 119781457}) = 0
1521773070.911619 select(8, [4 5], [4], NULL, NULL) = 1 (out [4])
1521773070.911638 clock_gettime(CLOCK_BOOTTIME, {6597, 119813178}) = 0
1521773070.911650 write(4, "\315\347\316$\f\366\236\6\244\374\352_O\256\340&h\346;\301\351)\310\310c\343\32\356 \27\252\21"..., 36) = 36
1521773070.911777 clock_gettime(CLOCK_BOOTTIME, {6597, 119954973}) = 0
1521773070.911793 clock_gettime(CLOCK_BOOTTIME, {6597, 119968313}) = 0
1521773070.911805 select(8, [4 5], [], NULL, NULL) = 1 (in [4])
1521773070.912439 clock_gettime(CLOCK_BOOTTIME, {6597, 120615583}) = 0
1521773070.912454 read(4, "c\16>|\300\371\353;\270\323[\247\1?\260\305\n\266e\250\304]\r\251\316\354J\344\267\26\4\36"..., 8192) = 36
1521773070.912477 clock_gettime(CLOCK_BOOTTIME, {6597, 120652166}) = 0
1521773070.912489 clock_gettime(CLOCK_BOOTTIME, {6597, 120663838}) = 0
1521773070.912501 select(8, [4 5], [6], NULL, NULL) = 1 (out [6])
1521773070.912518 clock_gettime(CLOCK_BOOTTIME, {6597, 120693396}) = 0
1521773070.912530 write(6, "a", 1)      = 1
1521773070.912566 clock_gettime(CLOCK_BOOTTIME, {6597, 120741074}) = 0
1521773070.912578 clock_gettime(CLOCK_BOOTTIME, {6597, 120753188}) = 0
1521773070.912590 select(8, [4 5], [], NULL, NULL) = 1 (in [5])
1521773071.038193 clock_gettime(CLOCK_BOOTTIME, {6597, 246372899}) = 0
1521773071.038213 read(5, "d", 16384)   = 1
1521773071.038240 clock_gettime(CLOCK_BOOTTIME, {6597, 246416056}) = 0
1521773071.038253 clock_gettime(CLOCK_BOOTTIME, {6597, 246427817}) = 0
1521773071.038277 select(8, [4 5], [4], NULL, NULL) = 1 (out [4])
1521773071.038298 clock_gettime(CLOCK_BOOTTIME, {6597, 246473455}) = 0
1521773071.038311 write(4, "\226\305\273\243\256\273\375\232\332O\30\302\0220P\277\226\252M#\260\301\323\230?h\333:0\"\267\223"..., 36) = 36
1521773071.038383 clock_gettime(CLOCK_BOOTTIME, {6597, 246558588}) = 0
1521773071.038396 clock_gettime(CLOCK_BOOTTIME, {6597, 246571314}) = 0
1521773071.038408 select(8, [4 5], [], NULL, NULL) = 1 (in [4])
1521773071.038714 clock_gettime(CLOCK_BOOTTIME, {6597, 246889463}) = 0
1521773071.038727 read(4, "\31r\352\220\336L\215\\M\331\226Gw\234b\225\325\207\224/\264`\203\271R\307\3\370\252p\5\205"..., 8192) = 36
1521773071.038755 clock_gettime(CLOCK_BOOTTIME, {6597, 246930075}) = 0
1521773071.038767 clock_gettime(CLOCK_BOOTTIME, {6597, 246941447}) = 0
1521773071.038778 select(8, [4 5], [6], NULL, NULL) = 1 (out [6])
1521773071.038795 clock_gettime(CLOCK_BOOTTIME, {6597, 246969602}) = 0
1521773071.038806 write(6, "d", 1)      = 1
1521773071.038895 clock_gettime(CLOCK_BOOTTIME, {6597, 247070373}) = 0
1521773071.038908 clock_gettime(CLOCK_BOOTTIME, {6597, 247083252}) = 0
1521773071.038920 select(8, [4 5], [], NULL, NULL) = 1 (in [5])
1521773071.061739 clock_gettime(CLOCK_BOOTTIME, {6597, 269916641}) = 0
1521773071.061757 read(5, "f", 16384)   = 1
1521773071.061783 clock_gettime(CLOCK_BOOTTIME, {6597, 269959018}) = 0
1521773071.061796 clock_gettime(CLOCK_BOOTTIME, {6597, 269970798}) = 0
1521773071.061808 select(8, [4 5], [4], NULL, NULL) = 1 (out [4])
1521773071.061826 clock_gettime(CLOCK_BOOTTIME, {6597, 270000554}) = 0
1521773071.061837 write(4, "\3342g\376\2254\352\362U\324\234\3>\246\246U,7\330\230\365!\347y\264Tp\16[\322\357\377"..., 36) = 36
1521773071.061926 clock_gettime(CLOCK_BOOTTIME, {6597, 270103634}) = 0
1521773071.061947 clock_gettime(CLOCK_BOOTTIME, {6597, 270122702}) = 0
1521773071.061960 select(8, [4 5], [], NULL, NULL) = 1 (in [4])
1521773071.062288 clock_gettime(CLOCK_BOOTTIME, {6597, 270463552}) = 0
1521773071.062301 read(4, "\246\233\v\326\256\2632\314\311\346\331Y\0\227\303\305\6:`UKT\f\253!\275\5\6S\214\255R"..., 8192) = 36
1521773071.062320 clock_gettime(CLOCK_BOOTTIME, {6597, 270495684}) = 0
1521773071.062332 clock_gettime(CLOCK_BOOTTIME, {6597, 270507109}) = 0
1521773071.062344 select(8, [4 5], [6], NULL, NULL) = 1 (out [6])
1521773071.062360 clock_gettime(CLOCK_BOOTTIME, {6597, 270534870}) = 0
1521773071.062371 write(6, "f", 1)      = 1
1521773071.062453 clock_gettime(CLOCK_BOOTTIME, {6597, 270628351}) = 0
1521773071.062466 clock_gettime(CLOCK_BOOTTIME, {6597, 270641182}) = 0
1521773071.062478 select(8, [4 5], [], NULL, NULL) = 1 (in [5])
1521773071.182599 clock_gettime(CLOCK_BOOTTIME, {6597, 390776246}) = 0
1521773071.182616 read(5, "\r", 16384)  = 1
1521773071.182642 clock_gettime(CLOCK_BOOTTIME, {6597, 390818119}) = 0
1521773071.182655 clock_gettime(CLOCK_BOOTTIME, {6597, 390829761}) = 0
1521773071.182667 select(8, [4 5], [4], NULL, NULL) = 1 (out [4])
1521773071.182685 clock_gettime(CLOCK_BOOTTIME, {6597, 390859956}) = 0
1521773071.182697 write(4, "1\4Jg\340\376%,\00646Ia7$\337\254\317\0363J!\230.\223)\223\312_\304\332\243"..., 36) = 36
1521773071.182779 clock_gettime(CLOCK_BOOTTIME, {6597, 390954310}) = 0
1521773071.182792 clock_gettime(CLOCK_BOOTTIME, {6597, 390967076}) = 0
1521773071.182804 select(8, [4 5], [], NULL, NULL) = 1 (in [4])
1521773071.185093 clock_gettime(CLOCK_BOOTTIME, {6597, 393269574}) = 0
1521773071.185108 read(4, "\377\231\240\225X\32\227m\216\242\225\310\2154|[+\207\326d\332j\356\261I\5\375j:g\247\302"..., 8192) = 36
1521773071.185131 clock_gettime(CLOCK_BOOTTIME, {6597, 393306458}) = 0
1521773071.185143 clock_gettime(CLOCK_BOOTTIME, {6597, 393318036}) = 0
1521773071.185155 select(8, [4 5], [6], NULL, NULL) = 1 (out [6])
1521773071.185172 clock_gettime(CLOCK_BOOTTIME, {6597, 393347220}) = 0
1521773071.185184 write(6, "\r\n", 2)   = 2
1521773071.185278 clock_gettime(CLOCK_BOOTTIME, {6597, 393453422}) = 0
1521773071.185291 clock_gettime(CLOCK_BOOTTIME, {6597, 393466241}) = 0
1521773071.185303 select(8, [4 5], [], NULL, NULL) = 1 (in [4])
1521773071.190259 clock_gettime(CLOCK_BOOTTIME, {6597, 398439737}) = 0
1521773071.190286 read(4, "\201\272\30782N\235\35\257c\241\317\241\272P\257\350T\0W\260\351\303\4\346\300\365\366\310\202$\310"..., 8192) = 68
1521773071.190328 clock_gettime(CLOCK_BOOTTIME, {6597, 398507000}) = 0
1521773071.190351 clock_gettime(CLOCK_BOOTTIME, {6597, 398527845}) = 0
1521773071.190370 select(8, [4 5], [6], NULL, NULL) = 1 (out [6])
1521773071.190400 clock_gettime(CLOCK_BOOTTIME, {6597, 398577449}) = 0
1521773071.190419 write(6, "bash: adf: command not found...\r"..., 33) = 33
1521773071.190481 clock_gettime(CLOCK_BOOTTIME, {6597, 398659021}) = 0
1521773071.190516 clock_gettime(CLOCK_BOOTTIME, {6597, 399559785}) = 0
1521773071.191425 select(8, [4 5], [], NULL, NULL) = 1 (in [4])
1521773071.200020 clock_gettime(CLOCK_BOOTTIME, {6597, 408197632}) = 0
1521773071.200038 read(4, "\2429,)Cj\3373\306\216\2560bQ\207_\366{\335\252r\223\246\242\315\242\363\220\232\205-\266"..., 8192) = 76
1521773071.200065 clock_gettime(CLOCK_BOOTTIME, {6597, 408240430}) = 0
1521773071.200077 clock_gettime(CLOCK_BOOTTIME, {6597, 408252130}) = 0
1521773071.200089 select(8, [4 5], [6], NULL, NULL) = 1 (out [6])
1521773071.200109 clock_gettime(CLOCK_BOOTTIME, {6597, 408284021}) = 0
1521773071.200121 write(6, "\33]0;jacob@study:~\7[jacob@study ~"..., 35) = 35
1521773071.200230 clock_gettime(CLOCK_BOOTTIME, {6597, 408406181}) = 0
1521773071.200244 clock_gettime(CLOCK_BOOTTIME, {6597, 408419122}) = 0
1521773071.200256 select(8, [4 5], [], NULL, NULL) = 1 (in [5])
1521773071.358484 clock_gettime(CLOCK_BOOTTIME, {6597, 566660930}) = 0
1521773071.358501 read(5, "a", 16384)   = 1
1521773071.358527 clock_gettime(CLOCK_BOOTTIME, {6597, 566702072}) = 0
1521773071.358539 clock_gettime(CLOCK_BOOTTIME, {6597, 566713597}) = 0
1521773071.358551 select(8, [4 5], [4], NULL, NULL) = 1 (out [4])
1521773071.358568 clock_gettime(CLOCK_BOOTTIME, {6597, 566743098}) = 0
1521773071.358580 write(4, "\335,\312\246i\0169w\5\373\253e\351\6\372k\350\226\330\24\23,\36>\320e\17\217LQ\t\266"..., 36) = 36
1521773071.358653 clock_gettime(CLOCK_BOOTTIME, {6597, 566828085}) = 0
1521773071.358666 clock_gettime(CLOCK_BOOTTIME, {6597, 566840547}) = 0
1521773071.358677 select(8, [4 5], [], NULL, NULL) = 1 (in [4])
1521773071.359232 clock_gettime(CLOCK_BOOTTIME, {6597, 567408896}) = 0
1521773071.359247 read(4, "+rp\277\247_\21n\332\226\336\274\251\22\233\301\333\251\v3\272\25S\371\nO \376\232\27\37\304"..., 8192) = 36
1521773071.359268 clock_gettime(CLOCK_BOOTTIME, {6597, 567443876}) = 0
1521773071.359281 clock_gettime(CLOCK_BOOTTIME, {6597, 567455472}) = 0
1521773071.359292 select(8, [4 5], [6], NULL, NULL) = 1 (out [6])
1521773071.359310 clock_gettime(CLOCK_BOOTTIME, {6597, 567484592}) = 0
1521773071.359321 write(6, "a", 1)      = 1
1521773071.359412 clock_gettime(CLOCK_BOOTTIME, {6597, 567587317}) = 0
1521773071.359425 clock_gettime(CLOCK_BOOTTIME, {6597, 567600231}) = 0
1521773071.359437 select(8, [4 5], [], NULL, NULL) = 1 (in [5])
1521773071.414133 clock_gettime(CLOCK_BOOTTIME, {6597, 622313545}) = 0
1521773071.414160 read(5, "s", 16384)   = 1
1521773071.414200 clock_gettime(CLOCK_BOOTTIME, {6597, 622378625}) = 0
1521773071.414221 clock_gettime(CLOCK_BOOTTIME, {6597, 622398131}) = 0
1521773071.414241 select(8, [4 5], [4], NULL, NULL) = 1 (out [4])
1521773071.414273 clock_gettime(CLOCK_BOOTTIME, {6597, 622450699}) = 0
1521773071.414292 write(4, "|{V\235\305\276\316\350\25\354\16a%R\224\304\336\254\244\303\217\313\324b\230j\361w\f\371\376\240"..., 36) = 36
1521773071.414423 clock_gettime(CLOCK_BOOTTIME, {6597, 622601237}) = 0
1521773071.414444 clock_gettime(CLOCK_BOOTTIME, {6597, 622620677}) = 0
1521773071.414462 select(8, [4 5], [], NULL, NULL) = 1 (in [4])
1521773071.415260 clock_gettime(CLOCK_BOOTTIME, {6597, 623436796}) = 0
1521773071.415275 read(4, "i\340\351\"Rw\346\243\4<\n\364\307\301\262>\347\370\312X\263p\275\343^\304\"X\345\367\377="..., 8192) = 36
1521773071.415295 clock_gettime(CLOCK_BOOTTIME, {6597, 623470854}) = 0
1521773071.415308 clock_gettime(CLOCK_BOOTTIME, {6597, 623496038}) = 0
1521773071.415334 select(8, [4 5], [6], NULL, NULL) = 1 (out [6])
1521773071.415352 clock_gettime(CLOCK_BOOTTIME, {6597, 623526922}) = 0
1521773071.415364 write(6, "s", 1)      = 1
1521773071.415453 clock_gettime(CLOCK_BOOTTIME, {6597, 623628152}) = 0
1521773071.415466 clock_gettime(CLOCK_BOOTTIME, {6597, 623640979}) = 0
1521773071.415478 select(8, [4 5], [], NULL, NULL) = 1 (in [5])
1521773071.426265 clock_gettime(CLOCK_BOOTTIME, {6597, 634443695}) = 0
1521773071.426285 read(5, "d", 16384)   = 1
1521773071.426313 clock_gettime(CLOCK_BOOTTIME, {6597, 634497167}) = 0
1521773071.426335 clock_gettime(CLOCK_BOOTTIME, {6597, 634510618}) = 0
1521773071.426348 select(8, [4 5], [4], NULL, NULL) = 1 (out [4])
1521773071.426367 clock_gettime(CLOCK_BOOTTIME, {6597, 634542417}) = 0
1521773071.426380 write(4, "\35\246\311\211\307W\256\317vcX\303\203\371\345r?\347E\255:\261\321\2320{\311\33V\rwD"..., 36) = 36
1521773071.426456 clock_gettime(CLOCK_BOOTTIME, {6597, 634632000}) = 0
1521773071.426470 clock_gettime(CLOCK_BOOTTIME, {6597, 634644862}) = 0
1521773071.426482 select(8, [4 5], [], NULL, NULL) = 1 (in [4])
1521773071.427265 clock_gettime(CLOCK_BOOTTIME, {6597, 635441511}) = 0
1521773071.427280 read(4, "\361\317\207\331j\312\351\27\325\244\353s\224\2166Y\36\231\346\2\201{D\27\224\233\5 <\257\235\344"..., 8192) = 36
1521773071.427302 clock_gettime(CLOCK_BOOTTIME, {6597, 635477700}) = 0
1521773071.427315 clock_gettime(CLOCK_BOOTTIME, {6597, 635489683}) = 0
1521773071.427327 select(8, [4 5], [6], NULL, NULL) = 1 (out [6])
1521773071.427344 clock_gettime(CLOCK_BOOTTIME, {6597, 635519175}) = 0
1521773071.427356 write(6, "d", 1)      = 1
1521773071.428870 clock_gettime(CLOCK_BOOTTIME, {6597, 637046086}) = 0
1521773071.428884 clock_gettime(CLOCK_BOOTTIME, {6597, 637059329}) = 0
1521773071.428896 select(8, [4 5], [], NULL, NULL) = 1 (in [5])
1521773071.502378 clock_gettime(CLOCK_BOOTTIME, {6597, 710555330}) = 0
1521773071.502395 read(5, "f", 16384)   = 1
1521773071.502422 clock_gettime(CLOCK_BOOTTIME, {6597, 710597382}) = 0
1521773071.502434 clock_gettime(CLOCK_BOOTTIME, {6597, 710609136}) = 0
1521773071.502446 select(8, [4 5], [4], NULL, NULL) = 1 (out [4])
1521773071.502464 clock_gettime(CLOCK_BOOTTIME, {6597, 710638799}) = 0
1521773071.502476 write(4, "\247\33\206\24^\214\227\va2akN\201\"\345\372\6\220\321\205t\27\200dID\254\375*\f\247"..., 36) = 36
1521773071.502546 clock_gettime(CLOCK_BOOTTIME, {6597, 710721216}) = 0
1521773071.502559 clock_gettime(CLOCK_BOOTTIME, {6597, 710733668}) = 0
1521773071.502570 select(8, [4 5], [], NULL, NULL) = 1 (in [4])
1521773071.502854 clock_gettime(CLOCK_BOOTTIME, {6597, 711070525}) = 0
1521773071.502923 read(4, "\220\205L \213>\376\327W\357\266\270F'\252\5\227\304\323\\e\24:\350\37\302\274L\375\366T\211"..., 8192) = 36
1521773071.502983 clock_gettime(CLOCK_BOOTTIME, {6597, 711158468}) = 0
1521773071.502995 clock_gettime(CLOCK_BOOTTIME, {6597, 711170135}) = 0
1521773071.503007 select(8, [4 5], [6], NULL, NULL) = 1 (out [6])
1521773071.503025 clock_gettime(CLOCK_BOOTTIME, {6597, 711199818}) = 0
1521773071.503036 write(6, "f", 1)      = 1
1521773071.503118 clock_gettime(CLOCK_BOOTTIME, {6597, 711294018}) = 0
1521773071.503132 clock_gettime(CLOCK_BOOTTIME, {6597, 711306799}) = 0
1521773071.503144 select(8, [4 5], [], NULL, NULL) = 1 (in [5])
1521773071.558192 clock_gettime(CLOCK_BOOTTIME, {6597, 766369299}) = 0
1521773071.558209 read(5, "\r", 16384)  = 1
1521773071.558238 clock_gettime(CLOCK_BOOTTIME, {6597, 766413267}) = 0
1521773071.558250 clock_gettime(CLOCK_BOOTTIME, {6597, 766425093}) = 0
1521773071.558262 select(8, [4 5], [4], NULL, NULL) = 1 (out [4])
1521773071.558280 clock_gettime(CLOCK_BOOTTIME, {6597, 766454904}) = 0
1521773071.558292 write(4, "f,\177\340\362b\360\265\225\316\325\3415\31\312\235\1o,2jpT\22\2050\355\237N\0073\244"..., 36) = 36
1521773071.558363 clock_gettime(CLOCK_BOOTTIME, {6597, 766538158}) = 0
1521773071.558376 clock_gettime(CLOCK_BOOTTIME, {6597, 766551064}) = 0
1521773071.558388 select(8, [4 5], [], NULL, NULL) = 1 (in [4])
1521773071.560286 clock_gettime(CLOCK_BOOTTIME, {6597, 768466128}) = 0
1521773071.560311 read(4, "\355N\257\30e\200\f]pV\312`B\1\313\321\270\365\343\346\274k\4\350\343E)0&\223B8"..., 8192) = 36
1521773071.560412 clock_gettime(CLOCK_BOOTTIME, {6597, 768591302}) = 0
1521773071.560433 clock_gettime(CLOCK_BOOTTIME, {6597, 768610069}) = 0
1521773071.560453 select(8, [4 5], [6], NULL, NULL) = 1 (out [6])
1521773071.560484 clock_gettime(CLOCK_BOOTTIME, {6597, 768661670}) = 0
1521773071.560504 write(6, "\r\n", 2)   = 2
1521773071.560634 clock_gettime(CLOCK_BOOTTIME, {6597, 768809712}) = 0
1521773071.560648 clock_gettime(CLOCK_BOOTTIME, {6597, 768851688}) = 0
1521773071.560698 select(8, [4 5], [], NULL, NULL) = 1 (in [4])
1521773071.563347 clock_gettime(CLOCK_BOOTTIME, {6597, 771525851}) = 0
1521773071.563367 read(4, "\324\254PxX\346\260\265\204\304*\202\257h\31%\336\222\257\373\331\205\227\303\325\374\240N!\376k\231"..., 8192) = 100
1521773071.563457 clock_gettime(CLOCK_BOOTTIME, {6597, 771633960}) = 0
1521773071.563472 clock_gettime(CLOCK_BOOTTIME, {6597, 771647103}) = 0
1521773071.563485 select(8, [4 5], [6], NULL, NULL) = 1 (out [6])
1521773071.563507 clock_gettime(CLOCK_BOOTTIME, {6597, 771682244}) = 0
1521773071.563520 write(6, "bash: asdf: command not found..."..., 62) = 62
1521773071.563650 clock_gettime(CLOCK_BOOTTIME, {6597, 771825773}) = 0
1521773071.563664 clock_gettime(CLOCK_BOOTTIME, {6597, 771838959}) = 0
1521773071.563676 select(8, [4 5], [], NULL, NULL) = 1 (in [4])
1521773071.564083 clock_gettime(CLOCK_BOOTTIME, {6597, 772260875}) = 0
1521773071.564103 read(4, "\274\365Sy\326\374HI\205\224\376\260\276\310\251\322\352(\220;\305\230\361\205\35\3079\341\347\370)\246"..., 8192) = 76
1521773071.564176 clock_gettime(CLOCK_BOOTTIME, {6597, 772354860}) = 0
1521773071.564198 clock_gettime(CLOCK_BOOTTIME, {6597, 772375470}) = 0
1521773071.564218 select(8, [4 5], [6], NULL, NULL) = 1 (out [6])
1521773071.564249 clock_gettime(CLOCK_BOOTTIME, {6597, 772426162}) = 0
1521773071.564269 write(6, "\33]0;jacob@study:~\7[jacob@study ~"..., 35) = 35
1521773071.564381 clock_gettime(CLOCK_BOOTTIME, {6597, 772559408}) = 0
1521773071.564403 clock_gettime(CLOCK_BOOTTIME, {6597, 772580803}) = 0
1521773071.564424 select(8, [4 5], [], NULL, NULL) = 1 (in [5])
1521773071.677857 clock_gettime(CLOCK_BOOTTIME, {6597, 886034027}) = 0
1521773071.677874 read(5, "a", 16384)   = 1
1521773071.677901 clock_gettime(CLOCK_BOOTTIME, {6597, 886076883}) = 0
1521773071.677913 clock_gettime(CLOCK_BOOTTIME, {6597, 886088409}) = 0
1521773071.677925 select(8, [4 5], [4], NULL, NULL) = 1 (out [4])
1521773071.677943 clock_gettime(CLOCK_BOOTTIME, {6597, 886117889}) = 0
1521773071.677955 write(4, "\306\242|@\252r\224\206\301*\34a\10\335\273\247P\321p\2\337\3726&i\214\227\362\233\35\362a"..., 36) = 36
1521773071.678083 clock_gettime(CLOCK_BOOTTIME, {6597, 886260750}) = 0
1521773071.678104 clock_gettime(CLOCK_BOOTTIME, {6597, 886279261}) = 0
1521773071.678116 select(8, [4 5], [], NULL, NULL) = 1 (in [4])
1521773071.678395 clock_gettime(CLOCK_BOOTTIME, {6597, 886570068}) = 0
1521773071.678407 read(4, "/\36G\324r0\314\345s\376\24\275\241o\350\7\270\245\275! X\314\335x\347\27\220n\275\37\305"..., 8192) = 36
1521773071.678463 clock_gettime(CLOCK_BOOTTIME, {6597, 886639270}) = 0
1521773071.678476 clock_gettime(CLOCK_BOOTTIME, {6597, 886650810}) = 0
1521773071.678487 select(8, [4 5], [6], NULL, NULL) = 1 (out [6])
1521773071.678505 clock_gettime(CLOCK_BOOTTIME, {6597, 886679706}) = 0
1521773071.678516 write(6, "a", 1)      = 1
1521773071.678597 clock_gettime(CLOCK_BOOTTIME, {6597, 886772509}) = 0
1521773071.678610 clock_gettime(CLOCK_BOOTTIME, {6597, 886785143}) = 0
1521773071.678622 select(8, [4 5], [], NULL, NULL) = 1 (in [5])
1521773071.694801 clock_gettime(CLOCK_BOOTTIME, {6597, 902978083}) = 0
1521773071.694819 read(5, "s", 16384)   = 1
1521773071.694847 clock_gettime(CLOCK_BOOTTIME, {6597, 903022853}) = 0
1521773071.694860 clock_gettime(CLOCK_BOOTTIME, {6597, 903034461}) = 0
1521773071.694872 select(8, [4 5], [4], NULL, NULL) = 1 (out [4])
1521773071.694890 clock_gettime(CLOCK_BOOTTIME, {6597, 903064449}) = 0
1521773071.694902 write(4, "6xN\207P\330V' ;\257\201\327`l\262{\312${\36S_\375_\202aU\314\345\371W"..., 36) = 36
1521773071.694992 clock_gettime(CLOCK_BOOTTIME, {6597, 903168040}) = 0
1521773071.695006 clock_gettime(CLOCK_BOOTTIME, {6597, 903180878}) = 0
1521773071.695018 select(8, [4 5], [], NULL, NULL) = 1 (in [4])
1521773071.695775 clock_gettime(CLOCK_BOOTTIME, {6597, 903951214}) = 0
1521773071.695789 read(4, "\0034\215\1\236\224<\21\22_%B\202\223\323\251\23B\245-7\236\5\247\367L&\350\213\272_\330"..., 8192) = 36
1521773071.695809 clock_gettime(CLOCK_BOOTTIME, {6597, 904024969}) = 0
1521773071.695871 clock_gettime(CLOCK_BOOTTIME, {6597, 904046610}) = 0
1521773071.695884 select(8, [4 5], [6], NULL, NULL) = 1 (out [6])
1521773071.695902 clock_gettime(CLOCK_BOOTTIME, {6597, 904076728}) = 0
1521773071.695913 write(6, "s", 1)      = 1
1521773071.696009 clock_gettime(CLOCK_BOOTTIME, {6597, 904184280}) = 0
1521773071.696022 clock_gettime(CLOCK_BOOTTIME, {6597, 904197068}) = 0
1521773071.696034 select(8, [4 5], [], NULL, NULL) = 1 (in [5])
1521773071.751021 clock_gettime(CLOCK_BOOTTIME, {6597, 959198685}) = 0
1521773071.751039 read(5, "d", 16384)   = 1
1521773071.751070 clock_gettime(CLOCK_BOOTTIME, {6597, 959245273}) = 0
1521773071.751082 clock_gettime(CLOCK_BOOTTIME, {6597, 959257258}) = 0
1521773071.751094 select(8, [4 5], [4], NULL, NULL) = 1 (out [4])
1521773071.751113 clock_gettime(CLOCK_BOOTTIME, {6597, 959287947}) = 0
1521773071.751125 write(4, "\274\26`\37\356\260\266R\30Ha\317\2626\323\226\257\31\262\267\273\313\206\346\226%z\305SJ-\376"..., 36) = 36
1521773071.751200 clock_gettime(CLOCK_BOOTTIME, {6597, 959375280}) = 0
1521773071.751213 clock_gettime(CLOCK_BOOTTIME, {6597, 959387769}) = 0
1521773071.751224 select(8, [4 5], [], NULL, NULL) = 1 (in [4])
1521773071.751685 clock_gettime(CLOCK_BOOTTIME, {6597, 959860124}) = 0
1521773071.751697 read(4, "\234|L\324'=\204\345\273\16\\\260\301W\302(\372\377\211\r\365\370\371\236\27<Q^\353\351\nh"..., 8192) = 36
1521773071.751755 clock_gettime(CLOCK_BOOTTIME, {6597, 959930464}) = 0
1521773071.751767 clock_gettime(CLOCK_BOOTTIME, {6597, 959942085}) = 0
1521773071.751779 select(8, [4 5], [6], NULL, NULL) = 1 (out [6])
1521773071.751796 clock_gettime(CLOCK_BOOTTIME, {6597, 959970724}) = 0
1521773071.751807 write(6, "d", 1)      = 1
1521773071.751924 clock_gettime(CLOCK_BOOTTIME, {6597, 960100355}) = 0
1521773071.751938 clock_gettime(CLOCK_BOOTTIME, {6597, 960113273}) = 0
1521773071.751950 select(8, [4 5], [], NULL, NULL) = 1 (in [5])
1521773071.822136 clock_gettime(CLOCK_BOOTTIME, {6598, 30314236}) = 0
1521773071.822155 read(5, "f", 16384)   = 1
1521773071.822184 clock_gettime(CLOCK_BOOTTIME, {6598, 30359701}) = 0
1521773071.822197 clock_gettime(CLOCK_BOOTTIME, {6598, 30371925}) = 0
1521773071.822209 select(8, [4 5], [4], NULL, NULL) = 1 (out [4])
1521773071.822228 clock_gettime(CLOCK_BOOTTIME, {6598, 30403344}) = 0
1521773071.822241 write(4, "L|\223\261\337\233\2063o\24\24W\355:\201\343\243\264\277\33p\223A\231\304~\232p\374\201W\333"..., 36) = 36
1521773071.822315 clock_gettime(CLOCK_BOOTTIME, {6598, 30490254}) = 0
1521773071.822328 clock_gettime(CLOCK_BOOTTIME, {6598, 30503216}) = 0
1521773071.822340 select(8, [4 5], [], NULL, NULL) = 1 (in [4])
1521773071.823330 clock_gettime(CLOCK_BOOTTIME, {6598, 31506950}) = 0
1521773071.823346 read(4, "5\375\32.\205[H4\270\236\212\354\31.\240\213^\363-(\255D\"\301\354\342\227\377\346\306::"..., 8192) = 36
1521773071.823413 clock_gettime(CLOCK_BOOTTIME, {6598, 31589273}) = 0
1521773071.823426 clock_gettime(CLOCK_BOOTTIME, {6598, 31601145}) = 0
1521773071.823438 select(8, [4 5], [6], NULL, NULL) = 1 (out [6])
1521773071.823457 clock_gettime(CLOCK_BOOTTIME, {6598, 31631912}) = 0
1521773071.823469 write(6, "f", 1)      = 1
1521773071.823561 clock_gettime(CLOCK_BOOTTIME, {6598, 31736823}) = 0
1521773071.823575 clock_gettime(CLOCK_BOOTTIME, {6598, 31749581}) = 0
1521773071.823586 select(8, [4 5], [], NULL, NULL) = 1 (in [5])
1521773071.885977 clock_gettime(CLOCK_BOOTTIME, {6598, 94154607}) = 0
1521773071.885995 read(5, "\r", 16384)  = 1
1521773071.886060 clock_gettime(CLOCK_BOOTTIME, {6598, 94237441}) = 0
1521773071.886075 clock_gettime(CLOCK_BOOTTIME, {6598, 94249631}) = 0
1521773071.886100 select(8, [4 5], [4], NULL, NULL) = 1 (out [4])
1521773071.886131 clock_gettime(CLOCK_BOOTTIME, {6598, 94307546}) = 0
1521773071.886146 write(4, "\332\206\336\16\367\274\236\310Z\334\342*\335\261=\37\332\346(\352h\217~\334G/\262\210h`\315\265"..., 36) = 36
1521773071.886230 clock_gettime(CLOCK_BOOTTIME, {6598, 94405774}) = 0
1521773071.886244 clock_gettime(CLOCK_BOOTTIME, {6598, 94418449}) = 0
1521773071.886258 select(8, [4 5], [], NULL, NULL) = 1 (in [4])
1521773071.888203 clock_gettime(CLOCK_BOOTTIME, {6598, 96384900}) = 0
1521773071.888226 read(4, "\216\224\204\313\2536\r\202\30W\322\0#\37\314\235\202\246T\225\350\27}\311\17\356\205\371g\341u\225"..., 8192) = 36
1521773071.888298 clock_gettime(CLOCK_BOOTTIME, {6598, 96473702}) = 0
1521773071.888311 clock_gettime(CLOCK_BOOTTIME, {6598, 96485744}) = 0
1521773071.888323 select(8, [4 5], [6], NULL, NULL) = 1 (out [6])
1521773071.888342 clock_gettime(CLOCK_BOOTTIME, {6598, 96517213}) = 0
1521773071.888354 write(6, "\r\n", 2)   = 2
1521773071.888470 clock_gettime(CLOCK_BOOTTIME, {6598, 96646227}) = 0
1521773071.888484 clock_gettime(CLOCK_BOOTTIME, {6598, 96659382}) = 0
1521773071.888496 select(8, [4 5], [], NULL, NULL) = 1 (in [4])
1521773071.891826 clock_gettime(CLOCK_BOOTTIME, {6598, 100004341}) = 0
1521773071.891845 read(4, "\3\341\261\205\302\310B\336\315\260\372\264\316^\251\210\3565l\246\201\225\tr\31\343\357!L\271%5"..., 8192) = 176
1521773071.891942 clock_gettime(CLOCK_BOOTTIME, {6598, 100119027}) = 0
1521773071.891957 clock_gettime(CLOCK_BOOTTIME, {6598, 100132117}) = 0
1521773071.891970 select(8, [4 5], [6], NULL, NULL) = 1 (out [6])
1521773071.891993 clock_gettime(CLOCK_BOOTTIME, {6598, 100167780}) = 0
1521773071.892005 write(6, "bash: asdf: command not found..."..., 97) = 97
1521773071.892044 clock_gettime(CLOCK_BOOTTIME, {6598, 100219729}) = 0
1521773071.892057 clock_gettime(CLOCK_BOOTTIME, {6598, 100232136}) = 0
1521773071.892082 select(8, [4 5], [], NULL, NULL) = 1 (in [5])
1521773071.989815 clock_gettime(CLOCK_BOOTTIME, {6598, 197994317}) = 0
1521773071.989836 read(5, "a", 16384)   = 1
1521773071.989868 clock_gettime(CLOCK_BOOTTIME, {6598, 198045050}) = 0
1521773071.989883 clock_gettime(CLOCK_BOOTTIME, {6598, 198058100}) = 0
1521773071.989896 select(8, [4 5], [4], NULL, NULL) = 1 (out [4])
1521773071.989916 clock_gettime(CLOCK_BOOTTIME, {6598, 198090927}) = 0
1521773071.989928 write(4, "m\25\230\311Q\256'\4\21\4+\27\377\323\236A\271\23\r.Wk\33}\362\2228\222\212<\264\203"..., 36) = 36
1521773071.990043 clock_gettime(CLOCK_BOOTTIME, {6598, 198218774}) = 0
1521773071.990057 clock_gettime(CLOCK_BOOTTIME, {6598, 198231969}) = 0
1521773071.990069 select(8, [4 5], [], NULL, NULL) = 1 (in [4])
1521773071.990445 clock_gettime(CLOCK_BOOTTIME, {6598, 198620963}) = 0
1521773071.990458 read(4, "%\350V\340\217\306-\277|\257\311\360\341\f\35\4\251\215\340\303\200<,\354c2G\250\201\243\342\251"..., 8192) = 36
1521773071.990521 clock_gettime(CLOCK_BOOTTIME, {6598, 198696245}) = 0
1521773071.990533 clock_gettime(CLOCK_BOOTTIME, {6598, 198708137}) = 0
1521773071.990545 select(8, [4 5], [6], NULL, NULL) = 1 (out [6])
1521773071.990563 clock_gettime(CLOCK_BOOTTIME, {6598, 198738335}) = 0
1521773071.990575 write(6, "a", 1)      = 1
1521773071.990668 clock_gettime(CLOCK_BOOTTIME, {6598, 198843994}) = 0
1521773071.990682 clock_gettime(CLOCK_BOOTTIME, {6598, 198856829}) = 0
1521773071.990694 select(8, [4 5], [], NULL, NULL) = 1 (in [5])
1521773071.999865 clock_gettime(CLOCK_BOOTTIME, {6598, 208044791}) = 0
1521773071.999890 read(5, "s", 16384)   = 1
1521773071.999920 clock_gettime(CLOCK_BOOTTIME, {6598, 208097128}) = 0
1521773071.999935 clock_gettime(CLOCK_BOOTTIME, {6598, 208110963}) = 0
1521773071.999949 select(8, [4 5], [4], NULL, NULL) = 1 (out [4])
1521773071.999969 clock_gettime(CLOCK_BOOTTIME, {6598, 208143979}) = 0
1521773071.999981 write(4, "\277\325\32\fY\213I\37K\334\357\330\362\247\331\222$H\6v\317Dn6aZC\27\200\256C\331"..., 36) = 36
1521773072.000068 clock_gettime(CLOCK_BOOTTIME, {6598, 208243654}) = 0
1521773072.000082 clock_gettime(CLOCK_BOOTTIME, {6598, 208256894}) = 0
1521773072.000094 select(8, [4 5], [], NULL, NULL) = 1 (in [4])
1521773072.000384 clock_gettime(CLOCK_BOOTTIME, {6598, 208560667}) = 0
1521773072.000399 read(4, "\273\25\322\16\207cE#u\r\260\315m\324\20\252TH\377V*\255'\361u\"jm\f\242\325]"..., 8192) = 36
1521773072.000421 clock_gettime(CLOCK_BOOTTIME, {6598, 208596224}) = 0
1521773072.000433 clock_gettime(CLOCK_BOOTTIME, {6598, 208607714}) = 0
1521773072.000452 select(8, [4 5], [6], NULL, NULL) = 1 (out [6])
1521773072.000471 clock_gettime(CLOCK_BOOTTIME, {6598, 208646504}) = 0
1521773072.000483 write(6, "s", 1)      = 1
1521773072.000588 clock_gettime(CLOCK_BOOTTIME, {6598, 208763887}) = 0
1521773072.000602 clock_gettime(CLOCK_BOOTTIME, {6598, 208776866}) = 0
1521773072.000614 select(8, [4 5], [], NULL, NULL) = 1 (in [5])
1521773072.094034 clock_gettime(CLOCK_BOOTTIME, {6598, 302210737}) = 0
1521773072.094051 read(5, "d", 16384)   = 1
1521773072.094078 clock_gettime(CLOCK_BOOTTIME, {6598, 302253887}) = 0
1521773072.094091 clock_gettime(CLOCK_BOOTTIME, {6598, 302265747}) = 0
1521773072.094103 select(8, [4 5], [4], NULL, NULL) = 1 (out [4])
1521773072.094121 clock_gettime(CLOCK_BOOTTIME, {6598, 302295545}) = 0
1521773072.094133 write(4, "t\245\27-*x\223\202uk\0\v\267\307\316\344\v\302A\335\321\266\340\357\346\21\21\327\221\345\370\353"..., 36) = 36
1521773072.094206 clock_gettime(CLOCK_BOOTTIME, {6598, 302381513}) = 0
1521773072.094219 clock_gettime(CLOCK_BOOTTIME, {6598, 302394304}) = 0
1521773072.094231 select(8, [4 5], [], NULL, NULL) = 1 (in [4])
1521773072.094609 clock_gettime(CLOCK_BOOTTIME, {6598, 302786140}) = 0
1521773072.094625 read(4, "\365l\273\177\314\263}\262v\252\310\346\215\342\0038\353A\371\362\211\2\211\2538\227;4\214\337\4\31"..., 8192) = 36
1521773072.094686 clock_gettime(CLOCK_BOOTTIME, {6598, 302861722}) = 0
1521773072.094699 clock_gettime(CLOCK_BOOTTIME, {6598, 302873579}) = 0
1521773072.094711 select(8, [4 5], [6], NULL, NULL) = 1 (out [6])
1521773072.094729 clock_gettime(CLOCK_BOOTTIME, {6598, 302904533}) = 0
1521773072.094741 write(6, "d", 1)      = 1
1521773072.094832 clock_gettime(CLOCK_BOOTTIME, {6598, 303007486}) = 0
1521773072.094845 clock_gettime(CLOCK_BOOTTIME, {6598, 303020418}) = 0
1521773072.094857 select(8, [4 5], [], NULL, NULL) = 1 (in [5])
1521773072.133824 clock_gettime(CLOCK_BOOTTIME, {6598, 342003581}) = 0
1521773072.133847 read(5, "f", 16384)   = 1
1521773072.133881 clock_gettime(CLOCK_BOOTTIME, {6598, 342057838}) = 0
1521773072.133896 clock_gettime(CLOCK_BOOTTIME, {6598, 342070797}) = 0
1521773072.133909 select(8, [4 5], [4], NULL, NULL) = 1 (out [4])
1521773072.133928 clock_gettime(CLOCK_BOOTTIME, {6598, 342102964}) = 0
1521773072.133940 write(4, "vV\243\"\233\\\212\16\302\233\1\241yY\r\362P\224\342\3B3{\311^H\345\376\373NC\323"..., 36) = 36
1521773072.134062 clock_gettime(CLOCK_BOOTTIME, {6598, 342237409}) = 0
1521773072.134076 clock_gettime(CLOCK_BOOTTIME, {6598, 342250786}) = 0
1521773072.134088 select(8, [4 5], [], NULL, NULL) = 1 (in [4])
1521773072.134375 clock_gettime(CLOCK_BOOTTIME, {6598, 342552949}) = 0
1521773072.134392 read(4, "\6\22%\327k+\22b6\365\341\31\240:7\302\211\251m\177\327\242\24\243\360\3555\343\257Y\0245"..., 8192) = 36
1521773072.134461 clock_gettime(CLOCK_BOOTTIME, {6598, 342636782}) = 0
1521773072.134489 clock_gettime(CLOCK_BOOTTIME, {6598, 342690293}) = 0
1521773072.134542 select(8, [4 5], [6], NULL, NULL) = 1 (out [6])
1521773072.134562 clock_gettime(CLOCK_BOOTTIME, {6598, 342736932}) = 0
1521773072.134574 write(6, "f", 1)      = 1
1521773072.134670 clock_gettime(CLOCK_BOOTTIME, {6598, 342846134}) = 0
1521773072.134684 clock_gettime(CLOCK_BOOTTIME, {6598, 342858960}) = 0
1521773072.134696 select(8, [4 5], [], NULL, NULL) = 1 (in [5])
1521773072.175541 clock_gettime(CLOCK_BOOTTIME, {6598, 383717978}) = 0
1521773072.175558 read(5, "\r", 16384)  = 1
1521773072.175583 clock_gettime(CLOCK_BOOTTIME, {6598, 383759182}) = 0
1521773072.175596 clock_gettime(CLOCK_BOOTTIME, {6598, 383770735}) = 0
1521773072.175608 select(8, [4 5], [4], NULL, NULL) = 1 (out [4])
1521773072.175626 clock_gettime(CLOCK_BOOTTIME, {6598, 383800482}) = 0
1521773072.175637 write(4, "\340%\210\335\336LK\\\335@\360\246\317a\200_\r7\330\205\336\215R\275>ZD\343\346\277H\351"..., 36) = 36
1521773072.175709 clock_gettime(CLOCK_BOOTTIME, {6598, 383884513}) = 0
1521773072.175722 clock_gettime(CLOCK_BOOTTIME, {6598, 383896940}) = 0
1521773072.175734 select(8, [4 5], [], NULL, NULL) = 1 (in [4])
1521773072.176562 clock_gettime(CLOCK_BOOTTIME, {6598, 384749625}) = 0
1521773072.176588 read(4, "\2136\364\340\204\177\20s<u\312\222\311\207\2651\213\16\1\357@\231D\20\324b_\273\251\263\346m"..., 8192) = 36
1521773072.176608 clock_gettime(CLOCK_BOOTTIME, {6598, 384783726}) = 0
1521773072.176620 clock_gettime(CLOCK_BOOTTIME, {6598, 384795154}) = 0
1521773072.176632 select(8, [4 5], [6], NULL, NULL) = 1 (out [6])
1521773072.176649 clock_gettime(CLOCK_BOOTTIME, {6598, 384823792}) = 0
1521773072.176660 write(6, "\r\n", 2)   = 2
1521773072.176753 clock_gettime(CLOCK_BOOTTIME, {6598, 384931811}) = 0
1521773072.176771 clock_gettime(CLOCK_BOOTTIME, {6598, 384945526}) = 0
1521773072.176782 select(8, [4 5], [], NULL, NULL) = 1 (in [4])
1521773072.180386 clock_gettime(CLOCK_BOOTTIME, {6598, 388564354}) = 0
1521773072.180407 read(4, "\212p\351W\204\2209\202U\227\276\237\321s\315\202q#\340\274\6je=r\200\16\221\367\303O\234"..., 8192) = 100
1521773072.180506 clock_gettime(CLOCK_BOOTTIME, {6598, 388684069}) = 0
1521773072.180523 clock_gettime(CLOCK_BOOTTIME, {6598, 388699006}) = 0
1521773072.180538 select(8, [4 5], [6], NULL, NULL) = 2 (in [4], out [6])
1521773072.180560 clock_gettime(CLOCK_BOOTTIME, {6598, 388735453}) = 0
1521773072.180573 write(6, "bash: asdf: command not found..."..., 62) = 62
1521773072.180706 read(4, "D\244\376}\34\207\256\374hI\375\26\215\247\225\245\3\320\367E\23\304\373\242\324N3\240\34\314y\1"..., 8192) = 76
1521773072.180728 clock_gettime(CLOCK_BOOTTIME, {6598, 388903616}) = 0
1521773072.180740 clock_gettime(CLOCK_BOOTTIME, {6598, 388915284}) = 0
1521773072.180752 select(8, [4 5], [6], NULL, NULL) = 1 (out [6])
1521773072.180770 clock_gettime(CLOCK_BOOTTIME, {6598, 388944826}) = 0
1521773072.180781 write(6, "\33]0;jacob@study:~\7[jacob@study ~"..., 35) = 35
1521773072.180879 clock_gettime(CLOCK_BOOTTIME, {6598, 389054668}) = 0
1521773072.180893 clock_gettime(CLOCK_BOOTTIME, {6598, 389067394}) = 0
1521773072.180904 select(8, [4 5], [], NULL, NULL) = 1 (in [5])
1521773072.310186 clock_gettime(CLOCK_BOOTTIME, {6598, 518363797}) = 0
1521773072.310206 read(5, "a", 16384)   = 1
1521773072.310234 clock_gettime(CLOCK_BOOTTIME, {6598, 518409943}) = 0
1521773072.310247 clock_gettime(CLOCK_BOOTTIME, {6598, 518422340}) = 0
1521773072.310260 select(8, [4 5], [4], NULL, NULL) = 1 (out [4])
1521773072.310278 clock_gettime(CLOCK_BOOTTIME, {6598, 518453333}) = 0
1521773072.310291 write(4, "f\312\4d\254\265\3\236\367\217w\232CEp(\7s]\366\35 \315\346\377\207\350\324OE\276\211"..., 36) = 36
1521773072.310365 clock_gettime(CLOCK_BOOTTIME, {6598, 518540461}) = 0
1521773072.310378 clock_gettime(CLOCK_BOOTTIME, {6598, 518553010}) = 0
1521773072.310390 select(8, [4 5], [], NULL, NULL) = 1 (in [4])
1521773072.310754 clock_gettime(CLOCK_BOOTTIME, {6598, 518929394}) = 0
1521773072.310767 read(4, "\206&\nY7\317\217\23\25\217G!?\314\243W[\367\301\341gq2c\313\346\303\26\214$\0321"..., 8192) = 36
1521773072.310828 clock_gettime(CLOCK_BOOTTIME, {6598, 519003804}) = 0
1521773072.310841 clock_gettime(CLOCK_BOOTTIME, {6598, 519015533}) = 0
1521773072.310852 select(8, [4 5], [6], NULL, NULL) = 1 (out [6])
1521773072.310870 clock_gettime(CLOCK_BOOTTIME, {6598, 519044885}) = 0
1521773072.310882 write(6, "a", 1)      = 1
1521773072.312351 clock_gettime(CLOCK_BOOTTIME, {6598, 520530228}) = 0
1521773072.312369 clock_gettime(CLOCK_BOOTTIME, {6598, 520543909}) = 0
1521773072.312381 select(8, [4 5], [], NULL, NULL) = 1 (in [5])
1521773072.327235 clock_gettime(CLOCK_BOOTTIME, {6598, 535414043}) = 0
1521773072.327257 read(5, "s", 16384)   = 1
1521773072.327287 clock_gettime(CLOCK_BOOTTIME, {6598, 535464317}) = 0
1521773072.327302 clock_gettime(CLOCK_BOOTTIME, {6598, 535477132}) = 0
1521773072.327316 select(8, [4 5], [4], NULL, NULL) = 1 (out [4])
1521773072.327336 clock_gettime(CLOCK_BOOTTIME, {6598, 535510908}) = 0
1521773072.327348 write(4, "\260\251\352\251\276\235t\31\310u\313\215T\362\360\30\334 \346\22\346\24p\1\256eg\321\n\220\234b"..., 36) = 36
1521773072.327426 clock_gettime(CLOCK_BOOTTIME, {6598, 535601544}) = 0
1521773072.327450 clock_gettime(CLOCK_BOOTTIME, {6598, 535629270}) = 0
1521773072.327476 select(8, [4 5], [], NULL, NULL) = 1 (in [4])
1521773072.328228 clock_gettime(CLOCK_BOOTTIME, {6598, 536404210}) = 0
1521773072.328242 read(4, "A\204u\230?\5\361X\261M\333\23c\33=\n=\237^\3558L\346N\204W\347x\305\320}q"..., 8192) = 36
1521773072.328264 clock_gettime(CLOCK_BOOTTIME, {6598, 536439439}) = 0
1521773072.328276 clock_gettime(CLOCK_BOOTTIME, {6598, 536451140}) = 0
1521773072.328288 select(8, [4 5], [6], NULL, NULL) = 1 (out [6])
1521773072.328305 clock_gettime(CLOCK_BOOTTIME, {6598, 536480325}) = 0
1521773072.328317 write(6, "s", 1)      = 1
1521773072.328351 clock_gettime(CLOCK_BOOTTIME, {6598, 536525922}) = 0
1521773072.328363 clock_gettime(CLOCK_BOOTTIME, {6598, 536538039}) = 0
1521773072.328374 select(8, [4 5], [], NULL, NULL) = 1 (in [5])
1521773072.398323 clock_gettime(CLOCK_BOOTTIME, {6598, 606500307}) = 0
1521773072.398341 read(5, "d", 16384)   = 1
1521773072.398367 clock_gettime(CLOCK_BOOTTIME, {6598, 606542977}) = 0
1521773072.398380 clock_gettime(CLOCK_BOOTTIME, {6598, 606554519}) = 0
1521773072.398392 select(8, [4 5], [4], NULL, NULL) = 1 (out [4])
1521773072.398410 clock_gettime(CLOCK_BOOTTIME, {6598, 606584482}) = 0
1521773072.398422 write(4, "\243\211\2764\227\17\235\211c\214\27\21\321\247\367\23%P\3\243f\302\362\325\342]a\315F\214ME"..., 36) = 36
1521773072.398494 clock_gettime(CLOCK_BOOTTIME, {6598, 606669300}) = 0
1521773072.398507 clock_gettime(CLOCK_BOOTTIME, {6598, 606681799}) = 0
1521773072.398519 select(8, [4 5], [], NULL, NULL) = 1 (in [4])
1521773072.399471 clock_gettime(CLOCK_BOOTTIME, {6598, 607647939}) = 0
1521773072.399486 read(4, "\"m\244\376;\332\3251\374k\225\265\225\346/cL>L\200.\1\255\327\275\275$\30\252A\262\312"..., 8192) = 36
1521773072.399557 clock_gettime(CLOCK_BOOTTIME, {6598, 607732729}) = 0
1521773072.399570 clock_gettime(CLOCK_BOOTTIME, {6598, 607744656}) = 0
1521773072.399582 select(8, [4 5], [6], NULL, NULL) = 1 (out [6])
1521773072.399610 clock_gettime(CLOCK_BOOTTIME, {6598, 607789057}) = 0
1521773072.399627 write(6, "d", 1)      = 1
1521773072.399661 clock_gettime(CLOCK_BOOTTIME, {6598, 607836941}) = 0
1521773072.399674 clock_gettime(CLOCK_BOOTTIME, {6598, 607849147}) = 0
1521773072.399686 select(8, [4 5], [], NULL, NULL) = 1 (in [5])
1521773072.453795 clock_gettime(CLOCK_BOOTTIME, {6598, 661972166}) = 0
1521773072.453812 read(5, "\r", 16384)  = 1
1521773072.453841 clock_gettime(CLOCK_BOOTTIME, {6598, 662017051}) = 0
1521773072.453854 clock_gettime(CLOCK_BOOTTIME, {6598, 662028750}) = 0
1521773072.453866 select(8, [4 5], [4], NULL, NULL) = 1 (out [4])
1521773072.453883 clock_gettime(CLOCK_BOOTTIME, {6598, 662058388}) = 0
1521773072.453896 write(4, "\266\27\311\204~U-v\316\257\242\2\v\200\270c\6\361\302`\262\3031\374c\234\213}\2139\264S"..., 36) = 36
1521773072.453985 clock_gettime(CLOCK_BOOTTIME, {6598, 662163297}) = 0
1521773072.454004 clock_gettime(CLOCK_BOOTTIME, {6598, 662179305}) = 0
1521773072.454016 select(8, [4 5], [], NULL, NULL) = 1 (in [4])
1521773072.454908 clock_gettime(CLOCK_BOOTTIME, {6598, 663083527}) = 0
1521773072.454921 read(4, "\352\326\16\347\31\237x\321\7\2733m\241[--&!\347\247\213\253\251WQ\321\233G\214\2605\352"..., 8192) = 36
1521773072.454981 clock_gettime(CLOCK_BOOTTIME, {6598, 663156978}) = 0
1521773072.454994 clock_gettime(CLOCK_BOOTTIME, {6598, 663168613}) = 0
1521773072.455005 select(8, [4 5], [6], NULL, NULL) = 1 (out [6])
1521773072.455023 clock_gettime(CLOCK_BOOTTIME, {6598, 663197995}) = 0
1521773072.455035 write(6, "\r\n", 2)   = 2
1521773072.455120 clock_gettime(CLOCK_BOOTTIME, {6598, 663296043}) = 0
1521773072.455134 clock_gettime(CLOCK_BOOTTIME, {6598, 663308944}) = 0
1521773072.455146 select(8, [4 5], [], NULL, NULL) = 1 (in [4])
1521773072.459235 clock_gettime(CLOCK_BOOTTIME, {6598, 667416009}) = 0
1521773072.459260 read(4, "5s\336\\\273D\37\vm\207_$UD\356\10fGD\364\3162N\321.\t\345 \32\201\333\3"..., 8192) = 68
1521773072.459384 clock_gettime(CLOCK_BOOTTIME, {6598, 667562353}) = 0
1521773072.459404 clock_gettime(CLOCK_BOOTTIME, {6598, 667579977}) = 0
1521773072.459422 select(8, [4 5], [6], NULL, NULL) = 1 (out [6])
1521773072.459464 clock_gettime(CLOCK_BOOTTIME, {6598, 667641145}) = 0
1521773072.459483 write(6, "bash: asd: command not found...\r"..., 33) = 33
1521773072.459641 clock_gettime(CLOCK_BOOTTIME, {6598, 667817982}) = 0
1521773072.459660 clock_gettime(CLOCK_BOOTTIME, {6598, 667836783}) = 0
1521773072.459677 select(8, [4 5], [], NULL, NULL) = 1 (in [4])
1521773072.463782 clock_gettime(CLOCK_BOOTTIME, {6598, 671960222}) = 0
1521773072.463801 read(4, "3H\22\272\323\3\27U\271\177v\n\231~\352\212g\375\3729\7a\27\315\352\"2I}Hm\217"..., 8192) = 76
1521773072.463900 clock_gettime(CLOCK_BOOTTIME, {6598, 672075994}) = 0
1521773072.463913 clock_gettime(CLOCK_BOOTTIME, {6598, 672088450}) = 0
1521773072.463926 select(8, [4 5], [6], NULL, NULL) = 1 (out [6])
1521773072.463947 clock_gettime(CLOCK_BOOTTIME, {6598, 672121804}) = 0
1521773072.463970 write(6, "\33]0;jacob@study:~\7[jacob@study ~"..., 35) = 35
1521773072.464008 clock_gettime(CLOCK_BOOTTIME, {6598, 672183737}) = 0
1521773072.464021 clock_gettime(CLOCK_BOOTTIME, {6598, 672195880}) = 0
1521773072.464032 select(8, [4 5], [], NULL, NULL) = 1 (in [5])
1521773072.467212 clock_gettime(CLOCK_BOOTTIME, {6598, 675392906}) = 0
1521773072.467241 read(5, "f", 16384)   = 1
1521773072.467317 clock_gettime(CLOCK_BOOTTIME, {6598, 675499255}) = 0
1521773072.467343 clock_gettime(CLOCK_BOOTTIME, {6598, 675521245}) = 0
1521773072.467365 select(8, [4 5], [4], NULL, NULL) = 1 (out [4])
1521773072.467396 clock_gettime(CLOCK_BOOTTIME, {6598, 675572151}) = 0
1521773072.467410 write(4, "g\200]\325\355\306B\243|\302\302\"\2041\345\360\310\304j/\202\201%Y8\233\233Q\324/1\311"..., 36) = 36
1521773072.467487 clock_gettime(CLOCK_BOOTTIME, {6598, 675662641}) = 0
1521773072.467500 clock_gettime(CLOCK_BOOTTIME, {6598, 675675300}) = 0
1521773072.467512 select(8, [4 5], [], NULL, NULL) = 1 (in [4])
1521773072.468719 clock_gettime(CLOCK_BOOTTIME, {6598, 676895839}) = 0
1521773072.468734 read(4, "\342\365\262u\260\310\261\37\206\27\254\3206\274\351\325\266\361\376\314\226.\206\315\277\243\t\305]\"\301V"..., 8192) = 36
1521773072.468755 clock_gettime(CLOCK_BOOTTIME, {6598, 676930729}) = 0
1521773072.468767 clock_gettime(CLOCK_BOOTTIME, {6598, 676942265}) = 0
1521773072.468779 select(8, [4 5], [6], NULL, NULL) = 1 (out [6])
1521773072.468797 clock_gettime(CLOCK_BOOTTIME, {6598, 676971652}) = 0
1521773072.468808 write(6, "f", 1)      = 1
1521773072.468909 clock_gettime(CLOCK_BOOTTIME, {6598, 677084241}) = 0
1521773072.468922 clock_gettime(CLOCK_BOOTTIME, {6598, 677097296}) = 0
1521773072.468934 select(8, [4 5], [], NULL, NULL) = 1 (in [5])
1521773072.622227 clock_gettime(CLOCK_BOOTTIME, {6598, 830404936}) = 0
1521773072.622246 read(5, "a", 16384)   = 1
1521773072.622276 clock_gettime(CLOCK_BOOTTIME, {6598, 830452762}) = 0
1521773072.622290 clock_gettime(CLOCK_BOOTTIME, {6598, 830465470}) = 0
1521773072.622303 select(8, [4 5], [4], NULL, NULL) = 1 (out [4])
1521773072.622321 clock_gettime(CLOCK_BOOTTIME, {6598, 830496287}) = 0
1521773072.622333 write(4, "\243\315f\246\311\350\260\35\336\4Q\373v\367\276K\236\t\343y\25\350)!\213\7\272<\v9\360\375"..., 36) = 36
1521773072.622406 clock_gettime(CLOCK_BOOTTIME, {6598, 830581828}) = 0
1521773072.622419 clock_gettime(CLOCK_BOOTTIME, {6598, 830594512}) = 0
1521773072.622431 select(8, [4 5], [], NULL, NULL) = 1 (in [4])
1521773072.623363 clock_gettime(CLOCK_BOOTTIME, {6598, 831539970}) = 0
1521773072.623379 read(4, "]5\203\275\321k\242,\252~\27\302s)\"E\364\377\3726\376\355\354\310~\32\234l5T\373\337"..., 8192) = 36
1521773072.623448 clock_gettime(CLOCK_BOOTTIME, {6598, 831623777}) = 0
1521773072.623461 clock_gettime(CLOCK_BOOTTIME, {6598, 831635652}) = 0
1521773072.623472 select(8, [4 5], [6], NULL, NULL) = 1 (out [6])
1521773072.623491 clock_gettime(CLOCK_BOOTTIME, {6598, 831666235}) = 0
1521773072.623503 write(6, "a", 1)      = 1
1521773072.623598 clock_gettime(CLOCK_BOOTTIME, {6598, 831774007}) = 0
1521773072.623612 clock_gettime(CLOCK_BOOTTIME, {6598, 831786782}) = 0
1521773072.623623 select(8, [4 5], [], NULL, NULL) = 1 (in [5])
1521773072.632506 clock_gettime(CLOCK_BOOTTIME, {6598, 840692915}) = 0
1521773072.632534 read(5, "s", 16384)   = 1
1521773072.632560 clock_gettime(CLOCK_BOOTTIME, {6598, 840735648}) = 0
1521773072.632572 clock_gettime(CLOCK_BOOTTIME, {6598, 840747345}) = 0
1521773072.632584 select(8, [4 5], [4], NULL, NULL) = 1 (out [4])
1521773072.632612 clock_gettime(CLOCK_BOOTTIME, {6598, 840791564}) = 0
1521773072.632630 write(4, "\240\313i\324\253LS\16p\325\270\255,?\215Me\340\\k\331>\364o\306{\24a\17\275I\236"..., 36) = 36
1521773072.632700 clock_gettime(CLOCK_BOOTTIME, {6598, 840875915}) = 0
1521773072.632714 clock_gettime(CLOCK_BOOTTIME, {6598, 840888508}) = 0
1521773072.632725 select(8, [4 5], [], NULL, NULL) = 1 (in [4])
1521773072.633346 clock_gettime(CLOCK_BOOTTIME, {6598, 841521688}) = 0
1521773072.633359 read(4, "\242&A\3763\4h\3414=S^\rY\313\274\201b\373\346\26\355LZ\274\30\276\36\315\251&\217"..., 8192) = 36
1521773072.633379 clock_gettime(CLOCK_BOOTTIME, {6598, 841554031}) = 0
1521773072.633391 clock_gettime(CLOCK_BOOTTIME, {6598, 841565434}) = 0
1521773072.633402 select(8, [4 5], [6], NULL, NULL) = 1 (out [6])
1521773072.633418 clock_gettime(CLOCK_BOOTTIME, {6598, 841593232}) = 0
1521773072.633430 write(6, "s", 1)      = 1
1521773072.633511 clock_gettime(CLOCK_BOOTTIME, {6598, 841686187}) = 0
1521773072.633524 clock_gettime(CLOCK_BOOTTIME, {6598, 841699113}) = 0
1521773072.633536 select(8, [4 5], [], NULL, NULL) = 1 (in [5])
1521773072.686276 clock_gettime(CLOCK_BOOTTIME, {6598, 894453518}) = 0
1521773072.686294 read(5, "d", 16384)   = 1
1521773072.686320 clock_gettime(CLOCK_BOOTTIME, {6598, 894495622}) = 0
1521773072.686332 clock_gettime(CLOCK_BOOTTIME, {6598, 894507234}) = 0
1521773072.686344 select(8, [4 5], [4], NULL, NULL) = 1 (out [4])
1521773072.686362 clock_gettime(CLOCK_BOOTTIME, {6598, 894537100}) = 0
1521773072.686374 write(4, "\35h<\204b\25]C\10qR\363\336'\34\311x\274/(\37)\313[\177\227f\315\260?\221\225"..., 36) = 36
1521773072.686452 clock_gettime(CLOCK_BOOTTIME, {6598, 894628032}) = 0
1521773072.686466 clock_gettime(CLOCK_BOOTTIME, {6598, 894640906}) = 0
1521773072.686478 select(8, [4 5], [], NULL, NULL) = 1 (in [4])
1521773072.686864 clock_gettime(CLOCK_BOOTTIME, {6598, 895039891}) = 0
1521773072.686877 read(4, "\235by\37\fo\204\2419\3\241\307\253\306*\0060\373=G\320\256\254C&\30\266G2\37\301A"..., 8192) = 36
1521773072.686944 clock_gettime(CLOCK_BOOTTIME, {6598, 895119405}) = 0
1521773072.686956 clock_gettime(CLOCK_BOOTTIME, {6598, 895131108}) = 0
1521773072.686968 select(8, [4 5], [6], NULL, NULL) = 1 (out [6])
1521773072.686986 clock_gettime(CLOCK_BOOTTIME, {6598, 895160492}) = 0
1521773072.686997 write(6, "d", 1)      = 1
1521773072.687078 clock_gettime(CLOCK_BOOTTIME, {6598, 895253385}) = 0
1521773072.687091 clock_gettime(CLOCK_BOOTTIME, {6598, 895266281}) = 0
1521773072.687103 select(8, [4 5], [], NULL, NULL) = 1 (in [5])
1521773072.734780 clock_gettime(CLOCK_BOOTTIME, {6598, 942957184}) = 0
1521773072.734797 read(5, "\r", 16384)  = 1
1521773072.734823 clock_gettime(CLOCK_BOOTTIME, {6598, 942998315}) = 0
1521773072.734835 clock_gettime(CLOCK_BOOTTIME, {6598, 943009877}) = 0
1521773072.734847 select(8, [4 5], [4], NULL, NULL) = 1 (out [4])
1521773072.734864 clock_gettime(CLOCK_BOOTTIME, {6598, 943039414}) = 0
1521773072.734894 write(4, "]\3267\272\331\366Z&\243\335{_p\337\327W\33\10\305\376hq\321\360g~\10\265\27\237\266\216"..., 36) = 36
1521773072.734971 clock_gettime(CLOCK_BOOTTIME, {6598, 943146379}) = 0
1521773072.734984 clock_gettime(CLOCK_BOOTTIME, {6598, 943158800}) = 0
1521773072.734995 select(8, [4 5], [], NULL, NULL) = 1 (in [4])
1521773072.736960 clock_gettime(CLOCK_BOOTTIME, {6598, 945135795}) = 0
1521773072.736974 read(4, "\347\31=\343x\251\372\37x\36\372\371\3\300\363\333G\32\306})k?\3760\344\224\2176w\361\n"..., 8192) = 36
1521773072.737037 clock_gettime(CLOCK_BOOTTIME, {6598, 945213091}) = 0
1521773072.737050 clock_gettime(CLOCK_BOOTTIME, {6598, 945224701}) = 0
1521773072.737062 select(8, [4 5], [6], NULL, NULL) = 1 (out [6])
1521773072.737079 clock_gettime(CLOCK_BOOTTIME, {6598, 945254318}) = 0
1521773072.737091 write(6, "\r\n", 2)   = 2
1521773072.737194 clock_gettime(CLOCK_BOOTTIME, {6598, 945369955}) = 0
1521773072.737208 clock_gettime(CLOCK_BOOTTIME, {6598, 945382669}) = 0
1521773072.737219 select(8, [4 5], [], NULL, NULL) = 1 (in [4])
1521773072.739121 clock_gettime(CLOCK_BOOTTIME, {6598, 947298601}) = 0
1521773072.739142 read(4, "\205\32\220:OkY\267\2\366\5\326e\345\360\252\32\312ab\335r\306vp\270\334\255a\375\262\n"..., 8192) = 68
1521773072.739221 clock_gettime(CLOCK_BOOTTIME, {6598, 947396987}) = 0
1521773072.739234 clock_gettime(CLOCK_BOOTTIME, {6598, 947409661}) = 0
1521773072.739247 select(8, [4 5], [6], NULL, NULL) = 1 (out [6])
1521773072.739267 clock_gettime(CLOCK_BOOTTIME, {6598, 947442270}) = 0
1521773072.739279 write(6, "bash: fasd: command not found..."..., 34) = 34
1521773072.739384 clock_gettime(CLOCK_BOOTTIME, {6598, 947560174}) = 0
1521773072.739398 clock_gettime(CLOCK_BOOTTIME, {6598, 947573206}) = 0
1521773072.739410 select(8, [4 5], [], NULL, NULL) = 1 (in [4])
1521773072.746755 clock_gettime(CLOCK_BOOTTIME, {6598, 954933978}) = 0
1521773072.746777 read(4, "\317\224\\gYZS\1m\376Q\25\364[!4\fc\255\30\34\323\334[\322P\210\n\306rx&"..., 8192) = 76
1521773072.746903 clock_gettime(CLOCK_BOOTTIME, {6598, 955080018}) = 0
1521773072.746918 clock_gettime(CLOCK_BOOTTIME, {6598, 955093609}) = 0
1521773072.746932 select(8, [4 5], [6], NULL, NULL) = 1 (out [6])
1521773072.746955 clock_gettime(CLOCK_BOOTTIME, {6598, 955130394}) = 0
1521773072.746967 write(6, "\33]0;jacob@study:~\7[jacob@study ~"..., 35) = 35
1521773072.747089 clock_gettime(CLOCK_BOOTTIME, {6598, 955265158}) = 0
1521773072.747103 clock_gettime(CLOCK_BOOTTIME, {6598, 955278194}) = 0
1521773072.747115 select(8, [4 5], [], NULL, NULL) = 1 (in [5])
1521773072.769333 clock_gettime(CLOCK_BOOTTIME, {6598, 977510467}) = 0
1521773072.769351 read(5, "f", 16384)   = 1
1521773072.769377 clock_gettime(CLOCK_BOOTTIME, {6598, 977552675}) = 0
1521773072.769389 clock_gettime(CLOCK_BOOTTIME, {6598, 977564305}) = 0
1521773072.769401 select(8, [4 5], [4], NULL, NULL) = 1 (out [4])
1521773072.769422 clock_gettime(CLOCK_BOOTTIME, {6598, 977598121}) = 0
1521773072.769439 write(4, "W\347T\262\231\7\337|\331\"\10xKg\266g>\253\335R\325\301\32\n\322\224\204\266\230\201\327\335"..., 36) = 36
1521773072.769535 clock_gettime(CLOCK_BOOTTIME, {6598, 977710285}) = 0
1521773072.769548 clock_gettime(CLOCK_BOOTTIME, {6598, 977723162}) = 0
1521773072.769560 select(8, [4 5], [], NULL, NULL) = 1 (in [4])
1521773072.769989 clock_gettime(CLOCK_BOOTTIME, {6598, 978165947}) = 0
1521773072.770004 read(4, "\363aB\206\364\374\242d\261\316\364\324\214;(M\254\236\331\4\3\37\1\7\352\270\256\323\325|\215\332"..., 8192) = 36
1521773072.770026 clock_gettime(CLOCK_BOOTTIME, {6598, 978202169}) = 0
1521773072.770039 clock_gettime(CLOCK_BOOTTIME, {6598, 978213568}) = 0
1521773072.770050 select(8, [4 5], [6], NULL, NULL) = 1 (out [6])
1521773072.770068 clock_gettime(CLOCK_BOOTTIME, {6598, 978242945}) = 0
1521773072.770079 write(6, "f", 1)      = 1
1521773072.770178 clock_gettime(CLOCK_BOOTTIME, {6598, 978353715}) = 0
1521773072.770192 clock_gettime(CLOCK_BOOTTIME, {6598, 978366519}) = 0
1521773072.770203 select(8, [4 5], [], NULL, NULL) = 1 (in [5])
1521773072.925819 clock_gettime(CLOCK_BOOTTIME, {6599, 133996132}) = 0
1521773072.925836 read(5, "a", 16384)   = 1
1521773072.925864 clock_gettime(CLOCK_BOOTTIME, {6599, 134039933}) = 0
1521773072.925877 clock_gettime(CLOCK_BOOTTIME, {6599, 134051602}) = 0
1521773072.925889 select(8, [4 5], [4], NULL, NULL) = 1 (out [4])
1521773072.925942 clock_gettime(CLOCK_BOOTTIME, {6599, 134117180}) = 0
1521773072.925955 write(4, "\307\303v\372\33V\275;'?\36\224n\327\351f\"\0H\237\343\10\17\16\246\361\311\333\272\21\223\323"..., 36) = 36
1521773072.926040 clock_gettime(CLOCK_BOOTTIME, {6599, 134233845}) = 0
1521773072.926075 clock_gettime(CLOCK_BOOTTIME, {6599, 134250362}) = 0
1521773072.926087 select(8, [4 5], [], NULL, NULL) = 1 (in [4])
1521773072.926476 clock_gettime(CLOCK_BOOTTIME, {6599, 134651576}) = 0
1521773072.926489 read(4, ",\1\5W\3\0\37'\316X\354\224\263\322l)A\3563\242\252U\307Ms\227\355W\232\265\365L"..., 8192) = 36
1521773072.926554 clock_gettime(CLOCK_BOOTTIME, {6599, 134729970}) = 0
1521773072.926567 clock_gettime(CLOCK_BOOTTIME, {6599, 134741881}) = 0
1521773072.926578 select(8, [4 5], [6], NULL, NULL) = 1 (out [6])
1521773072.926596 clock_gettime(CLOCK_BOOTTIME, {6599, 134771209}) = 0
1521773072.926608 write(6, "a", 1)      = 1
1521773072.926694 clock_gettime(CLOCK_BOOTTIME, {6599, 134869317}) = 0
1521773072.926707 clock_gettime(CLOCK_BOOTTIME, {6599, 134882291}) = 0
1521773072.928091 select(8, [4 5], [], NULL, NULL) = 1 (in [5])
1521773072.941758 clock_gettime(CLOCK_BOOTTIME, {6599, 149935111}) = 0
1521773072.941775 read(5, "s", 16384)   = 1
1521773072.941802 clock_gettime(CLOCK_BOOTTIME, {6599, 149977409}) = 0
1521773072.941814 clock_gettime(CLOCK_BOOTTIME, {6599, 149989355}) = 0
1521773072.941827 select(8, [4 5], [4], NULL, NULL) = 1 (out [4])
1521773072.941844 clock_gettime(CLOCK_BOOTTIME, {6599, 150018909}) = 0
1521773072.941856 write(4, "p\322\204\303\243\312v\25P9\367\330\242[\256\276!xl?\373\241\3q\374\245W_p\346\361\367"..., 36) = 36
1521773072.941959 clock_gettime(CLOCK_BOOTTIME, {6599, 150137565}) = 0
1521773072.941980 clock_gettime(CLOCK_BOOTTIME, {6599, 150155753}) = 0
1521773072.941993 select(8, [4 5], [], NULL, NULL) = 1 (in [4])
1521773072.942396 clock_gettime(CLOCK_BOOTTIME, {6599, 150572011}) = 0
1521773072.942410 read(4, "\321\322\323\337\205\373\24\332~\243\331\231\240\22\r%L\34\222\27\311\23\377n\234\7l\260\333!\337q"..., 8192) = 36
1521773072.942430 clock_gettime(CLOCK_BOOTTIME, {6599, 150605181}) = 0
1521773072.942442 clock_gettime(CLOCK_BOOTTIME, {6599, 150616675}) = 0
1521773072.942453 select(8, [4 5], [6], NULL, NULL) = 1 (out [6])
1521773072.942470 clock_gettime(CLOCK_BOOTTIME, {6599, 150645322}) = 0
1521773072.942482 write(6, "s", 1)      = 1
1521773072.942567 clock_gettime(CLOCK_BOOTTIME, {6599, 150742555}) = 0
1521773072.942581 clock_gettime(CLOCK_BOOTTIME, {6599, 150755430}) = 0
1521773072.942592 select(8, [4 5], [], NULL, NULL) = 1 (in [5])
1521773072.989834 clock_gettime(CLOCK_BOOTTIME, {6599, 198011582}) = 0
1521773072.989852 read(5, "\r", 16384)  = 1
1521773072.989880 clock_gettime(CLOCK_BOOTTIME, {6599, 198055828}) = 0
1521773072.989893 clock_gettime(CLOCK_BOOTTIME, {6599, 198067440}) = 0
1521773072.989904 select(8, [4 5], [4], NULL, NULL) = 1 (out [4])
1521773072.989922 clock_gettime(CLOCK_BOOTTIME, {6599, 198096593}) = 0
1521773072.989933 write(4, "\227e\205\252\246\200\273hv\211M\244\341z\313q*\262\370\207\t\"8\331\367\243I\342c\361\316\332"..., 36) = 36
1521773072.990025 clock_gettime(CLOCK_BOOTTIME, {6599, 198203791}) = 0
1521773072.990043 clock_gettime(CLOCK_BOOTTIME, {6599, 198217570}) = 0
1521773072.990054 select(8, [4 5], [], NULL, NULL) = 1 (in [4])
1521773072.992161 clock_gettime(CLOCK_BOOTTIME, {6599, 200338699}) = 0
1521773072.992178 read(4, "M\332\t0l\316\224\f\17\24\205\362h\247\212\207-\357$\326V\316\36\204\210\213\317\3h:t\325"..., 8192) = 36
1521773072.992285 clock_gettime(CLOCK_BOOTTIME, {6599, 200460790}) = 0
1521773072.992298 clock_gettime(CLOCK_BOOTTIME, {6599, 200472639}) = 0
1521773072.992310 select(8, [4 5], [6], NULL, NULL) = 1 (out [6])
1521773072.992329 clock_gettime(CLOCK_BOOTTIME, {6599, 200504130}) = 0
1521773072.992341 write(6, "\r\n", 2)   = 2
1521773072.992447 clock_gettime(CLOCK_BOOTTIME, {6599, 200622521}) = 0
1521773072.992460 clock_gettime(CLOCK_BOOTTIME, {6599, 200635418}) = 0
1521773072.992472 select(8, [4 5], [], NULL, NULL) = 1 (in [4])
1521773072.995744 clock_gettime(CLOCK_BOOTTIME, {6599, 203923074}) = 0
1521773072.995765 read(4, "4/\275\270z$a,d'\331\327>\354\335\267XD\346\275t\264$i\330\244\"Gk,\254\243"..., 8192) = 68
1521773072.995880 clock_gettime(CLOCK_BOOTTIME, {6599, 204058043}) = 0
1521773072.995898 clock_gettime(CLOCK_BOOTTIME, {6599, 204075857}) = 0
1521773072.995921 select(8, [4 5], [6], NULL, NULL) = 1 (out [6])
1521773072.995959 clock_gettime(CLOCK_BOOTTIME, {6599, 204136459}) = 0
1521773072.995980 write(6, "bash: fas: command not found...\r"..., 33) = 33
1521773072.996258 clock_gettime(CLOCK_BOOTTIME, {6599, 204446714}) = 0
1521773072.996293 clock_gettime(CLOCK_BOOTTIME, {6599, 204471097}) = 0
1521773072.996314 select(8, [4 5], [], NULL, NULL) = 1 (in [4])
1521773073.000966 clock_gettime(CLOCK_BOOTTIME, {6599, 209143593}) = 0
1521773073.000984 read(4, "h\336\244\2466\204\223\206\335\346\21\320\237oN9\270\3\1\263<M\4\355\36\273C\242\227\357\36\321"..., 8192) = 76
1521773073.001217 clock_gettime(CLOCK_BOOTTIME, {6599, 209408522}) = 0
1521773073.001365 clock_gettime(CLOCK_BOOTTIME, {6599, 209540379}) = 0
1521773073.001378 select(8, [4 5], [6], NULL, NULL) = 1 (out [6])
1521773073.001415 clock_gettime(CLOCK_BOOTTIME, {6599, 210513644}) = 0
1521773073.002364 write(6, "\33]0;jacob@study:~\7[jacob@study ~"..., 35) = 35
1521773073.002485 clock_gettime(CLOCK_BOOTTIME, {6599, 210660726}) = 0
1521773073.002499 clock_gettime(CLOCK_BOOTTIME, {6599, 210673923}) = 0
1521773073.002511 select(8, [4 5], [], NULL, NULL) = 1 (in [5])
1521773073.006752 clock_gettime(CLOCK_BOOTTIME, {6599, 214930014}) = 0
1521773073.006770 read(5, "d", 16384)   = 1
1521773073.006796 clock_gettime(CLOCK_BOOTTIME, {6599, 214971796}) = 0
1521773073.006809 clock_gettime(CLOCK_BOOTTIME, {6599, 214983741}) = 0
1521773073.006821 select(8, [4 5], [4], NULL, NULL) = 1 (out [4])
1521773073.006839 clock_gettime(CLOCK_BOOTTIME, {6599, 215014404}) = 0
1521773073.006851 write(4, "\301\264\10\313\354\252\213\376\306Z\26\232'\340\351t\nK&\342\332\273\24sc\240m\350G\355p\263"..., 36) = 36
1521773073.006935 clock_gettime(CLOCK_BOOTTIME, {6599, 215110728}) = 0
1521773073.006949 clock_gettime(CLOCK_BOOTTIME, {6599, 215123640}) = 0
1521773073.006960 select(8, [4 5], [], NULL, NULL) = 1 (in [4])
1521773073.007758 clock_gettime(CLOCK_BOOTTIME, {6599, 215935160}) = 0
1521773073.007773 read(4, "m?\352\267\215\320/\26~)\375X`\26vq@\"\te\20\272\352j\364\10\247Ey G}"..., 8192) = 36
1521773073.007794 clock_gettime(CLOCK_BOOTTIME, {6599, 215969544}) = 0
1521773073.007806 clock_gettime(CLOCK_BOOTTIME, {6599, 215981279}) = 0
1521773073.007818 select(8, [4 5], [6], NULL, NULL) = 1 (out [6])
1521773073.007835 clock_gettime(CLOCK_BOOTTIME, {6599, 216010295}) = 0
1521773073.007847 write(6, "d", 1)      = 1
1521773073.007959 clock_gettime(CLOCK_BOOTTIME, {6599, 216134545}) = 0
1521773073.007973 clock_gettime(CLOCK_BOOTTIME, {6599, 216147709}) = 0
1521773073.007985 select(8, [4 5], [], NULL, NULL) = 1 (in [5])
1521773073.077813 clock_gettime(CLOCK_BOOTTIME, {6599, 285993225}) = 0
1521773073.077836 read(5, "f", 16384)   = 1
1521773073.077870 clock_gettime(CLOCK_BOOTTIME, {6599, 286046608}) = 0
1521773073.077885 clock_gettime(CLOCK_BOOTTIME, {6599, 286059877}) = 0
1521773073.077898 select(8, [4 5], [4], NULL, NULL) = 1 (out [4])
1521773073.077917 clock_gettime(CLOCK_BOOTTIME, {6599, 286092381}) = 0
1521773073.077930 write(4, "8\260\211\"\37\336\371~U\277P\"\340\nn\375\4'W7\250\r\207#\36\307\340^q,6\1"..., 36) = 36
1521773073.078065 clock_gettime(CLOCK_BOOTTIME, {6599, 286243623}) = 0
1521773073.078086 clock_gettime(CLOCK_BOOTTIME, {6599, 286260983}) = 0
1521773073.078098 select(8, [4 5], [], NULL, NULL) = 1 (in [4])
1521773073.078860 clock_gettime(CLOCK_BOOTTIME, {6599, 287036831}) = 0
1521773073.078875 read(4, "\225\242\273\n\232\200i\243\324\263HY\30p\2520r\277l\200\315~\313oQy\247\207\251|q@"..., 8192) = 36
1521773073.078960 clock_gettime(CLOCK_BOOTTIME, {6599, 287135963}) = 0
1521773073.078973 clock_gettime(CLOCK_BOOTTIME, {6599, 287147943}) = 0
1521773073.078985 select(8, [4 5], [6], NULL, NULL) = 1 (out [6])
1521773073.079005 clock_gettime(CLOCK_BOOTTIME, {6599, 287179489}) = 0
1521773073.079016 write(6, "f", 1)      = 1
1521773073.079119 clock_gettime(CLOCK_BOOTTIME, {6599, 287294263}) = 0
1521773073.079132 clock_gettime(CLOCK_BOOTTIME, {6599, 287307203}) = 0
1521773073.079144 select(8, [4 5], [], NULL, NULL) = 1 (in [5])
1521773073.222546 clock_gettime(CLOCK_BOOTTIME, {6599, 430739670}) = 0
1521773073.222583 read(5, "\r", 16384)  = 1
1521773073.222612 clock_gettime(CLOCK_BOOTTIME, {6599, 430788232}) = 0
1521773073.222625 clock_gettime(CLOCK_BOOTTIME, {6599, 430800410}) = 0
1521773073.222645 select(8, [4 5], [4], NULL, NULL) = 1 (out [4])
1521773073.222665 clock_gettime(CLOCK_BOOTTIME, {6599, 430840197}) = 0
1521773073.222677 write(4, "=\352\16o\347h\225^\202\314\2\253\274\310M\242;O=\315\327*+\27\375\242!\177\347\277y\274"..., 36) = 36
1521773073.222760 clock_gettime(CLOCK_BOOTTIME, {6599, 430935572}) = 0
1521773073.222774 clock_gettime(CLOCK_BOOTTIME, {6599, 430948712}) = 0
1521773073.222785 select(8, [4 5], [], NULL, NULL) = 1 (in [4])
1521773073.223616 clock_gettime(CLOCK_BOOTTIME, {6599, 431792434}) = 0
1521773073.223631 read(4, "2Y,\23B/\224\21q\343!\333\233\232\316\255?\2gk%\33\323\243\10\303\254\335Y\320\23\235"..., 8192) = 36
1521773073.223697 clock_gettime(CLOCK_BOOTTIME, {6599, 431872398}) = 0
1521773073.223709 clock_gettime(CLOCK_BOOTTIME, {6599, 431884193}) = 0
1521773073.223721 select(8, [4 5], [6], NULL, NULL) = 1 (out [6])
1521773073.223740 clock_gettime(CLOCK_BOOTTIME, {6599, 431915036}) = 0
1521773073.223752 write(6, "\r\n", 2)   = 2
1521773073.223849 clock_gettime(CLOCK_BOOTTIME, {6599, 432024977}) = 0
1521773073.223863 clock_gettime(CLOCK_BOOTTIME, {6599, 432037920}) = 0
1521773073.223914 select(8, [4 5], [], NULL, NULL) = 1 (in [4])
1521773073.231226 clock_gettime(CLOCK_BOOTTIME, {6599, 439403989}) = 0
1521773073.231244 read(4, "\255\346\356\0244a\315f\252\344\253\353\270\342\240hJ;\332\273\331\2740\271Wv\351\242\230\16\254\255"..., 8192) = 784
1521773073.231318 clock_gettime(CLOCK_BOOTTIME, {6599, 439494379}) = 0
1521773073.231332 clock_gettime(CLOCK_BOOTTIME, {6599, 439506727}) = 0
1521773073.231344 select(8, [4 5], [6], NULL, NULL) = 1 (out [6])
1521773073.231364 clock_gettime(CLOCK_BOOTTIME, {6599, 439539563}) = 0
1521773073.231376 write(6, "Filesystem              1K-block"..., 702) = 702
1521773073.231489 clock_gettime(CLOCK_BOOTTIME, {6599, 439665028}) = 0
1521773073.231503 clock_gettime(CLOCK_BOOTTIME, {6599, 439677912}) = 0
1521773073.231515 select(8, [4 5], [], NULL, NULL) = 1 (in [5])
1521773073.750630 clock_gettime(CLOCK_BOOTTIME, {6599, 958807262}) = 0
1521773073.750647 read(5, "\4", 16384)  = 1
1521773073.750674 clock_gettime(CLOCK_BOOTTIME, {6599, 958849655}) = 0
1521773073.750687 clock_gettime(CLOCK_BOOTTIME, {6599, 958861524}) = 0
1521773073.750699 select(8, [4 5], [4], NULL, NULL) = 1 (out [4])
1521773073.750716 clock_gettime(CLOCK_BOOTTIME, {6599, 958891324}) = 0
1521773073.750728 write(4, "^\347\212\333\207\4\275J\313\260\332\241\\\377\330\332\353?\255\207\33\315\247L\342\tez\260\0QU"..., 36) = 36
1521773073.750820 clock_gettime(CLOCK_BOOTTIME, {6599, 958998234}) = 0
1521773073.750841 clock_gettime(CLOCK_BOOTTIME, {6599, 959018382}) = 0
1521773073.750856 select(8, [4 5], [], NULL, NULL) = 1 (in [4])
1521773073.754052 clock_gettime(CLOCK_BOOTTIME, {6599, 962229641}) = 0
1521773073.754071 read(4, "\250\300;o\335#d\245'B\302\312\236\352\v\310\v\10\315\2240\264\252w\314\23\"\33\366)<\375"..., 8192) = 220
1521773073.754103 close(5)              = 0
1521773073.754133 clock_gettime(CLOCK_BOOTTIME, {6599, 962311827}) = 0
1521773073.754150 clock_gettime(CLOCK_BOOTTIME, {6599, 962325056}) = 0
1521773073.754162 select(8, [4], [6], NULL, NULL) = 1 (out [6])
1521773073.754183 clock_gettime(CLOCK_BOOTTIME, {6599, 962357714}) = 0
1521773073.754195 write(6, "logout\r\n", 8) = 8
1521773073.754236 clock_gettime(CLOCK_BOOTTIME, {6599, 962410971}) = 0
1521773073.754248 clock_gettime(CLOCK_BOOTTIME, {6599, 962423148}) = 0
1521773073.754261 close(6)              = 0
1521773073.754283 ioctl(0, SNDCTL_TMR_STOP or TCSETSW, {B38400 opost isig icanon echo ...}) = 0
1521773073.754319 close(7)              = 0
1521773073.754332 select(8, [4], [4], NULL, NULL) = 1 (out [4])
1521773073.754349 clock_gettime(CLOCK_BOOTTIME, {6599, 962523997}) = 0
1521773073.754361 write(4, "\322G\363\322\204\365\324\364\247\366L/\24\314\206\3445\225\240\266\233\324F\271\341\350h\354\31\351\312\227"..., 36) = 36
1521773073.754439 rt_sigaction(SIGWINCH, NULL, {0x56010dd2f430, [], SA_RESTORER, 0x7f8b9fc0a270}, 8) = 0
1521773073.754455 rt_sigaction(SIGWINCH, {SIG_DFL, [], SA_RESTORER, 0x7f8b9fc0a270}, NULL, 8) = 0
1521773073.754481 write(4, "\370p\373z\306\344\224\370X\215\324(2A\246\0\270\10\331\274 \267\0066\375\241\34I\341\260\36F"..., 60) = 60
1521773073.754532 ioctl(0, TCGETS, {B38400 opost isig icanon echo ...}) = 0
1521773073.754548 ioctl(1, TCGETS, {B38400 opost isig icanon echo ...}) = 0
1521773073.754560 ioctl(2, TCGETS, {B38400 opost isig icanon echo ...}) = 0
1521773073.754574 write(2, "Connection to 192.168.125.180 cl"..., 39) = 39
1521773073.754599 shutdown(4, SHUT_RDWR) = 0
1521773073.754649 close(4)              = 0
1521773073.754934 exit_group(0)         = ?
1521773073.755421 +++ exited with 0 +++
