1521772811.620304 select(5, [4], NULL, NULL, NULL) = 1 (in [4])
1521772811.626259 read(4, "\17s-\31\315\177\31<\260\"\357J\327*\r\2732\245\202\216=\202cd\27A9\10J\254\203\304"..., 8192) = 44
1521772811.626297 write(4, "\7\277\21\34\226\200P\244\f\225\312\324P}\3632?[\33\177J\374\16\245\t$\236Ww+\201\330"..., 68) = 68
1521772811.626361 select(5, [4], NULL, NULL, NULL) = 1 (in [4])
1521772811.627279 read(4, "\223\236\227\361\213\247\ty\340\321\310\2673d\242\320\312\304@m\0\320\310\366\26u\10\321\336'\261@"..., 8192) = 84
1521772811.627330 futex(0x7f3a1d47f530, FUTEX_WAKE_PRIVATE, 2147483647) = 0
1521772811.627367 futex(0x7f3a1d47f3d0, FUTEX_WAKE_PRIVATE, 2147483647) = 0
1521772811.627399 futex(0x7f3a1fa5cfa0, FUTEX_WAKE_PRIVATE, 2147483647) = 0
1521772811.627417 lstat("/etc/gss/mech", 0x7ffddb423350) = -1 ENOENT (No such file or directory)
1521772811.627463 openat(AT_FDCWD, "/etc/gss/mech.d", O_RDONLY|O_NONBLOCK|O_DIRECTORY|O_CLOEXEC) = 5
1521772811.627513 getdents(5, /* 3 entries */, 32768) = 88
1521772811.627538 open("/usr/lib64/gconv/gconv-modules.cache", O_RDONLY) = 6
1521772811.627556 fstat(6, {st_mode=S_IFREG|0644, st_size=26254, ...}) = 0
1521772811.627576 mmap(NULL, 26254, PROT_READ, MAP_SHARED, 6, 0) = 0x7f3a213d3000
1521772811.627594 close(6)              = 0
1521772811.627606 futex(0x7f3a1f0eca80, FUTEX_WAKE_PRIVATE, 2147483647) = 0
1521772811.627629 getdents(5, /* 0 entries */, 32768) = 0
1521772811.627641 close(5)              = 0
1521772811.627654 lstat("/etc/gss/mech.d/gssproxy.conf", {st_mode=S_IFREG|0644, st_size=189, ...}) = 0
1521772811.627677 open("/etc/gss/mech.d/gssproxy.conf", O_RDONLY) = 5
1521772811.627694 fstat(5, {st_mode=S_IFREG|0644, st_size=189, ...}) = 0
1521772811.627707 mmap(NULL, 4096, PROT_READ|PROT_WRITE, MAP_PRIVATE|MAP_ANONYMOUS, -1, 0) = 0x7f3a213d2000
1521772811.627723 read(5, "# GSS-API mechanism plugins\n#\n# "..., 4096) = 189
1521772811.627750 read(5, "", 4096)     = 0
1521772811.627765 close(5)              = 0
1521772811.627777 munmap(0x7f3a213d2000, 4096) = 0
1521772811.627802 stat("/usr/lib64/gssproxy/proxymech.so", {st_mode=S_IFREG|0755, st_size=115072, ...}) = 0
1521772811.627827 futex(0x7f3a2092e0d0, FUTEX_WAKE_PRIVATE, 2147483647) = 0
1521772811.627849 open("/usr/lib64/gssproxy/proxymech.so", O_RDONLY|O_CLOEXEC) = 5
1521772811.627866 read(5, "\177ELF\2\1\1\0\0\0\0\0\0\0\0\0\3\0>\0\1\0\0\0\320x\0\0\0\0\0\0"..., 832) = 832
1521772811.627879 fstat(5, {st_mode=S_IFREG|0755, st_size=115072, ...}) = 0
1521772811.627894 mmap(NULL, 2208224, PROT_READ|PROT_EXEC, MAP_PRIVATE|MAP_DENYWRITE, 5, 0) = 0x7f3a1650e000
1521772811.627908 mprotect(0x7f3a16529000, 2093056, PROT_NONE) = 0
1521772811.627922 mmap(0x7f3a16728000, 8192, PROT_READ|PROT_WRITE, MAP_PRIVATE|MAP_FIXED|MAP_DENYWRITE, 5, 0x1a000) = 0x7f3a16728000
1521772811.627946 close(5)              = 0
1521772811.627968 open("/etc/ld.so.cache", O_RDONLY|O_CLOEXEC) = 5
1521772811.627984 fstat(5, {st_mode=S_IFREG|0644, st_size=74765, ...}) = 0
1521772811.627997 mmap(NULL, 74765, PROT_READ, MAP_PRIVATE, 5, 0) = 0x7f3a213a5000
1521772811.628009 close(5)              = 0
1521772811.628027 open("/lib64/libgssrpc.so.4", O_RDONLY|O_CLOEXEC) = 5
1521772811.628045 read(5, "\177ELF\2\1\1\0\0\0\0\0\0\0\0\0\3\0>\0\1\0\0\0\340Z\0\0\0\0\0\0"..., 832) = 832
1521772811.628057 fstat(5, {st_mode=S_IFREG|0755, st_size=134368, ...}) = 0
1521772811.628071 mmap(NULL, 2227072, PROT_READ|PROT_EXEC, MAP_PRIVATE|MAP_DENYWRITE, 5, 0) = 0x7f3a162ee000
1521772811.628084 mprotect(0x7f3a1630c000, 2097152, PROT_NONE) = 0
1521772811.628097 mmap(0x7f3a1650c000, 8192, PROT_READ|PROT_WRITE, MAP_PRIVATE|MAP_FIXED|MAP_DENYWRITE, 5, 0x1e000) = 0x7f3a1650c000
1521772811.628119 close(5)              = 0
1521772811.628336 mprotect(0x7f3a1650c000, 4096, PROT_READ) = 0
1521772811.628496 mprotect(0x7f3a16728000, 4096, PROT_READ) = 0
1521772811.628518 munmap(0x7f3a213a5000, 74765) = 0
1521772811.628557 stat("/usr/lib64/gssproxy/proxymech.so", {st_mode=S_IFREG|0755, st_size=115072, ...}) = 0
1521772811.628639 futex(0x7f3a1f80f480, FUTEX_WAKE_PRIVATE, 2147483647) = 0
1521772811.628707 futex(0x7f3a1f8106d0, FUTEX_WAKE_PRIVATE, 2147483647) = 0
1521772811.628747 stat("/etc/krb5.conf", {st_mode=S_IFREG|0644, st_size=590, ...}) = 0
1521772811.628987 open("/etc/krb5.conf", O_RDONLY) = 5
1521772811.629007 fcntl(5, F_SETFD, FD_CLOEXEC) = 0
1521772811.629028 fstat(5, {st_mode=S_IFREG|0644, st_size=590, ...}) = 0
1521772811.629042 mmap(NULL, 4096, PROT_READ|PROT_WRITE, MAP_PRIVATE|MAP_ANONYMOUS, -1, 0) = 0x7f3a213d2000
1521772811.629056 read(5, "# Configuration snippets may be "..., 4096) = 590
1521772811.629076 openat(AT_FDCWD, "/etc/krb5.conf.d/", O_RDONLY|O_NONBLOCK|O_DIRECTORY|O_CLOEXEC) = 6
1521772811.629097 getdents(6, /* 2 entries */, 32768) = 48
1521772811.629112 getdents(6, /* 0 entries */, 32768) = 0
1521772811.629125 close(6)              = 0
1521772811.629147 read(5, "", 4096)     = 0
1521772811.629162 close(5)              = 0
1521772811.629174 munmap(0x7f3a213d2000, 4096) = 0
1521772811.629319 stat("/etc/krb5.conf", {st_mode=S_IFREG|0644, st_size=590, ...}) = 0
1521772811.629343 open("/etc/krb5.conf", O_RDONLY) = 5
1521772811.629359 fcntl(5, F_SETFD, FD_CLOEXEC) = 0
1521772811.629371 fstat(5, {st_mode=S_IFREG|0644, st_size=590, ...}) = 0
1521772811.629384 mmap(NULL, 4096, PROT_READ|PROT_WRITE, MAP_PRIVATE|MAP_ANONYMOUS, -1, 0) = 0x7f3a213d2000
1521772811.629397 read(5, "# Configuration snippets may be "..., 4096) = 590
1521772811.629465 openat(AT_FDCWD, "/etc/krb5.conf.d/", O_RDONLY|O_NONBLOCK|O_DIRECTORY|O_CLOEXEC) = 6
1521772811.629485 getdents(6, /* 2 entries */, 32768) = 48
1521772811.629498 getdents(6, /* 0 entries */, 32768) = 0
1521772811.629509 close(6)              = 0
1521772811.629527 read(5, "", 4096)     = 0
1521772811.629539 close(5)              = 0
1521772811.629551 munmap(0x7f3a213d2000, 4096) = 0
1521772811.629585 access("/etc/krb5.conf", R_OK) = 0
1521772811.629604 stat("/etc/krb5.conf", {st_mode=S_IFREG|0644, st_size=590, ...}) = 0
1521772811.629635 stat("/etc/sysconfig/64bit_strstr_via_64bit_strstr_sse2_unaligned", 0x7ffddb4228f0) = -1 ENOENT (No such file or directory)
1521772811.629661 geteuid()             = 1001
1521772811.629693 open("/var/kerberos/krb5/user/1001/client.keytab", O_RDONLY) = -1 ENOENT (No such file or directory)
1521772811.629731 getuid()              = 1001
1521772811.629758 keyctl(KEYCTL_GET_PERSISTENT, 1001, KEY_SPEC_PROCESS_KEYRING) = 314351014
1521772811.630690 keyctl(KEYCTL_SEARCH, 314351014, "keyring", "_krb", KEY_SPEC_PROCESS_KEYRING) = 842596139
1521772811.630709 keyctl(KEYCTL_SEARCH, 842596139, "user", "krb_ccache:primary", 0) = 488544336
1521772811.630727 keyctl(KEYCTL_READ, 488544336, NULL, 0) = 12
1521772811.630741 keyctl(KEYCTL_READ, 488544336, "", 12) = 12
1521772811.630766 keyctl(KEYCTL_READ, 842596139, NULL, 0) = 4
1521772811.630780 keyctl(KEYCTL_READ, 842596139, "P\230\36\35", 4) = 4
1521772811.630792 keyctl(KEYCTL_SEARCH, 842596139, "keyring", "1001", 0) = -1 ENOKEY (Required key not available)
1521772811.630810 keyctl(KEYCTL_DESCRIBE, 488544336, NULL, 0) = 43
1521772811.630823 keyctl(KEYCTL_DESCRIBE, 488544336, "user;1001;1001;3f010000;krb_ccac"..., 43) = 43
1521772811.630869 stat("/etc/krb5.conf", {st_mode=S_IFREG|0644, st_size=590, ...}) = 0
1521772811.630890 open("/etc/krb5.conf", O_RDONLY) = 5
1521772811.630905 fcntl(5, F_SETFD, FD_CLOEXEC) = 0
1521772811.630918 fstat(5, {st_mode=S_IFREG|0644, st_size=590, ...}) = 0
1521772811.630930 mmap(NULL, 4096, PROT_READ|PROT_WRITE, MAP_PRIVATE|MAP_ANONYMOUS, -1, 0) = 0x7f3a213d2000
1521772811.630944 read(5, "# Configuration snippets may be "..., 4096) = 590
1521772811.630961 openat(AT_FDCWD, "/etc/krb5.conf.d/", O_RDONLY|O_NONBLOCK|O_DIRECTORY|O_CLOEXEC) = 6
1521772811.630976 getdents(6, /* 2 entries */, 32768) = 48
1521772811.630989 getdents(6, /* 0 entries */, 32768) = 0
1521772811.631000 close(6)              = 0
1521772811.631018 read(5, "", 4096)     = 0
1521772811.631030 close(5)              = 0
1521772811.631041 munmap(0x7f3a213d2000, 4096) = 0
1521772811.631086 stat("/etc/krb5.conf", {st_mode=S_IFREG|0644, st_size=590, ...}) = 0
1521772811.631106 open("/etc/krb5.conf", O_RDONLY) = 5
1521772811.631126 fcntl(5, F_SETFD, FD_CLOEXEC) = 0
1521772811.631139 fstat(5, {st_mode=S_IFREG|0644, st_size=590, ...}) = 0
1521772811.631152 mmap(NULL, 4096, PROT_READ|PROT_WRITE, MAP_PRIVATE|MAP_ANONYMOUS, -1, 0) = 0x7f3a213d2000
1521772811.631165 read(5, "# Configuration snippets may be "..., 4096) = 590
1521772811.631181 openat(AT_FDCWD, "/etc/krb5.conf.d/", O_RDONLY|O_NONBLOCK|O_DIRECTORY|O_CLOEXEC) = 6
1521772811.631196 getdents(6, /* 2 entries */, 32768) = 48
1521772811.631209 getdents(6, /* 0 entries */, 32768) = 0
1521772811.631220 close(6)              = 0
1521772811.631238 read(5, "", 4096)     = 0
1521772811.631249 close(5)              = 0
1521772811.631260 munmap(0x7f3a213d2000, 4096) = 0
1521772811.631295 stat("/etc/krb5.conf", {st_mode=S_IFREG|0644, st_size=590, ...}) = 0
1521772811.631314 open("/etc/krb5.conf", O_RDONLY) = 5
1521772811.631328 fcntl(5, F_SETFD, FD_CLOEXEC) = 0
1521772811.631340 fstat(5, {st_mode=S_IFREG|0644, st_size=590, ...}) = 0
1521772811.631352 mmap(NULL, 4096, PROT_READ|PROT_WRITE, MAP_PRIVATE|MAP_ANONYMOUS, -1, 0) = 0x7f3a213d2000
1521772811.631365 read(5, "# Configuration snippets may be "..., 4096) = 590
1521772811.631381 openat(AT_FDCWD, "/etc/krb5.conf.d/", O_RDONLY|O_NONBLOCK|O_DIRECTORY|O_CLOEXEC) = 6
1521772811.631396 getdents(6, /* 2 entries */, 32768) = 48
1521772811.631438 getdents(6, /* 0 entries */, 32768) = 0
1521772811.631460 close(6)              = 0
1521772811.631487 read(5, "", 4096)     = 0
1521772811.631500 close(5)              = 0
1521772811.631512 munmap(0x7f3a213d2000, 4096) = 0
1521772811.631539 access("/etc/krb5.conf", R_OK) = 0
1521772811.631556 stat("/etc/krb5.conf", {st_mode=S_IFREG|0644, st_size=590, ...}) = 0
1521772811.631576 geteuid()             = 1001
1521772811.631591 open("/var/kerberos/krb5/user/1001/client.keytab", O_RDONLY) = -1 ENOENT (No such file or directory)
1521772811.631615 getuid()              = 1001
1521772811.631630 keyctl(KEYCTL_GET_PERSISTENT, 1001, KEY_SPEC_PROCESS_KEYRING) = 314351014
1521772811.631644 keyctl(KEYCTL_SEARCH, 314351014, "keyring", "_krb", KEY_SPEC_PROCESS_KEYRING) = 842596139
1521772811.631659 keyctl(KEYCTL_SEARCH, 842596139, "user", "krb_ccache:primary", 0) = 488544336
1521772811.631672 keyctl(KEYCTL_READ, 488544336, NULL, 0) = 12
1521772811.631684 keyctl(KEYCTL_READ, 488544336, "", 12) = 12
1521772811.631697 keyctl(KEYCTL_READ, 842596139, NULL, 0) = 4
1521772811.631708 keyctl(KEYCTL_READ, 842596139, "P\230\36\35", 4) = 4
1521772811.631719 keyctl(KEYCTL_SEARCH, 842596139, "keyring", "1001", 0) = -1 ENOKEY (Required key not available)
1521772811.631733 keyctl(KEYCTL_DESCRIBE, 488544336, NULL, 0) = 43
1521772811.631745 keyctl(KEYCTL_DESCRIBE, 488544336, "user;1001;1001;3f010000;krb_ccac"..., 43) = 43
1521772811.631766 access("/etc/krb5.conf", R_OK) = 0
1521772811.631781 stat("/etc/krb5.conf", {st_mode=S_IFREG|0644, st_size=590, ...}) = 0
1521772811.631814 stat("/etc/krb5.conf", {st_mode=S_IFREG|0644, st_size=590, ...}) = 0
1521772811.631831 open("/etc/krb5.conf", O_RDONLY) = 5
1521772811.631845 fcntl(5, F_SETFD, FD_CLOEXEC) = 0
1521772811.631858 fstat(5, {st_mode=S_IFREG|0644, st_size=590, ...}) = 0
1521772811.631870 mmap(NULL, 4096, PROT_READ|PROT_WRITE, MAP_PRIVATE|MAP_ANONYMOUS, -1, 0) = 0x7f3a213d2000
1521772811.631883 read(5, "# Configuration snippets may be "..., 4096) = 590
1521772811.631899 openat(AT_FDCWD, "/etc/krb5.conf.d/", O_RDONLY|O_NONBLOCK|O_DIRECTORY|O_CLOEXEC) = 6
1521772811.631914 getdents(6, /* 2 entries */, 32768) = 48
1521772811.631927 getdents(6, /* 0 entries */, 32768) = 0
1521772811.631938 close(6)              = 0
1521772811.631955 read(5, "", 4096)     = 0
1521772811.631967 close(5)              = 0
1521772811.631978 munmap(0x7f3a213d2000, 4096) = 0
1521772811.632011 stat("/home/king/.ssh/id_rsa", 0x7ffddb4233d0) = -1 ENOENT (No such file or directory)
1521772811.632033 stat("/home/king/.ssh/id_dsa", 0x7ffddb4233d0) = -1 ENOENT (No such file or directory)
1521772811.632048 stat("/home/king/.ssh/id_ecdsa", 0x7ffddb4233d0) = -1 ENOENT (No such file or directory)
1521772811.632062 stat("/home/king/.ssh/id_ed25519", 0x7ffddb4233d0) = -1 ENOENT (No such file or directory)
1521772811.632111 open("/dev/tty", O_RDWR) = 5
1521772811.632131 close(5)              = 0
1521772811.632143 open("/dev/tty", O_RDWR) = 5
1521772811.632156 ioctl(5, TCGETS, {B38400 opost isig icanon echo ...}) = 0
1521772811.632188 ioctl(5, SNDCTL_TMR_CONTINUE or TCSETSF, {B38400 opost isig icanon -echo ...}) = 0
1521772811.632203 rt_sigaction(SIGALRM, {0x556b035a55b0, [], SA_RESTORER, 0x7f3a1ed64270}, {SIG_DFL, [], 0}, 8) = 0
1521772811.632253 rt_sigaction(SIGHUP, {0x556b035a55b0, [], SA_RESTORER, 0x7f3a1ed64270}, {SIG_DFL, [], 0}, 8) = 0
1521772811.632266 rt_sigaction(SIGINT, {0x556b035a55b0, [], SA_RESTORER, 0x7f3a1ed64270}, {SIG_DFL, [], 0}, 8) = 0
1521772811.632278 rt_sigaction(SIGPIPE, {0x556b035a55b0, [], SA_RESTORER, 0x7f3a1ed64270}, {SIG_IGN, [], SA_RESTORER, 0x7f3a1ed64270}, 8) = 0
1521772811.632290 rt_sigaction(SIGQUIT, {0x556b035a55b0, [], SA_RESTORER, 0x7f3a1ed64270}, {SIG_DFL, [], 0}, 8) = 0
1521772811.632302 rt_sigaction(SIGTERM, {0x556b035a55b0, [], SA_RESTORER, 0x7f3a1ed64270}, {SIG_DFL, [], 0}, 8) = 0
1521772811.632314 rt_sigaction(SIGTSTP, {0x556b035a55b0, [], SA_RESTORER, 0x7f3a1ed64270}, {SIG_DFL, [], 0}, 8) = 0
1521772811.632326 rt_sigaction(SIGTTIN, {0x556b035a55b0, [], SA_RESTORER, 0x7f3a1ed64270}, {SIG_DFL, [], 0}, 8) = 0
1521772811.632338 rt_sigaction(SIGTTOU, {0x556b035a55b0, [], SA_RESTORER, 0x7f3a1ed64270}, {SIG_DFL, [], 0}, 8) = 0
1521772811.632350 write(5, "jacob@192.168.125.180's password"..., 34) = 34
1521772811.632385 read(5, "b", 1)       = 1
1521772811.632513 read(5, "b", 1)       = 1
1521772811.632525 read(5, "c", 1)       = 1
1521772811.632537 read(5, "0", 1)       = 1
1521772811.632548 read(5, "0", 1)       = 1
1521772811.632559 read(5, "0", 1)       = 1
1521772811.632571 read(5, "7", 1)       = 1
1521772811.632582 read(5, "3", 1)       = 1
1521772811.632593 read(5, "1", 1)       = 1
1521772811.632605 read(5, "\n", 1)      = 1
1521772811.632616 write(5, "\n", 1)     = 1
1521772811.632647 ioctl(5, SNDCTL_TMR_CONTINUE or TCSETSF, {B38400 opost isig icanon echo ...}) = 0
1521772811.632662 rt_sigaction(SIGALRM, {SIG_DFL, [], SA_RESTORER, 0x7f3a1ed64270}, NULL, 8) = 0
1521772811.632674 rt_sigaction(SIGHUP, {SIG_DFL, [], SA_RESTORER, 0x7f3a1ed64270}, NULL, 8) = 0
1521772811.632685 rt_sigaction(SIGINT, {SIG_DFL, [], SA_RESTORER, 0x7f3a1ed64270}, NULL, 8) = 0
1521772811.632696 rt_sigaction(SIGQUIT, {SIG_DFL, [], SA_RESTORER, 0x7f3a1ed64270}, NULL, 8) = 0
1521772811.632707 rt_sigaction(SIGPIPE, {SIG_IGN, [], SA_RESTORER, 0x7f3a1ed64270}, NULL, 8) = 0
1521772811.632718 rt_sigaction(SIGTERM, {SIG_DFL, [], SA_RESTORER, 0x7f3a1ed64270}, NULL, 8) = 0
1521772811.632743 rt_sigaction(SIGTSTP, {SIG_DFL, [], SA_RESTORER, 0x7f3a1ed64270}, NULL, 8) = 0
1521772811.632755 rt_sigaction(SIGTTIN, {SIG_DFL, [], SA_RESTORER, 0x7f3a1ed64270}, NULL, 8) = 0
1521772811.632766 rt_sigaction(SIGTTOU, {SIG_DFL, [], SA_RESTORER, 0x7f3a1ed64270}, NULL, 8) = 0
1521772811.632777 close(5)              = 0
1521772811.632798 write(4, "\345ta\v\277~4y\206\353\254@\341\306\0\325\357\200\203:B\35\323\254\314\374\10c\314h\271\203"..., 148) = 148
1521772811.632893 select(5, [4], NULL, NULL, NULL) = 1 (in [4])
1521772811.649262 read(4, "J\226|\25\v\217\5%\242\337\223\343\256\232\273\230\375\v[\203\t\34z[\21BCQ", 8192) = 28
1521772811.649299 dup(0)                = 5
1521772811.649311 dup(1)                = 6
1521772811.649321 dup(2)                = 7
1521772811.649331 ioctl(5, TCGETS, {B38400 opost isig icanon echo ...}) = 0
1521772811.649349 ioctl(6, TCGETS, {B38400 opost isig icanon echo ...}) = 0
1521772811.649360 ioctl(7, TCGETS, {B38400 opost isig icanon echo ...}) = 0
1521772811.649376 fcntl(5, F_SETFD, FD_CLOEXEC) = 0
1521772811.649389 fcntl(6, F_SETFD, FD_CLOEXEC) = 0
1521772811.649399 fcntl(7, F_SETFD, FD_CLOEXEC) = 0
1521772811.649423 rt_sigaction(SIGHUP, NULL, {SIG_DFL, [], SA_RESTORER, 0x7f3a1ed64270}, 8) = 0
1521772811.649438 rt_sigaction(SIGHUP, {SIG_IGN, [], SA_RESTORER, 0x7f3a1ed64270}, NULL, 8) = 0
1521772811.649449 rt_sigaction(SIGHUP, NULL, {SIG_IGN, [], SA_RESTORER, 0x7f3a1ed64270}, 8) = 0
1521772811.649470 rt_sigaction(SIGHUP, {0x556b035481a0, [], SA_RESTORER, 0x7f3a1ed64270}, NULL, 8) = 0
1521772811.649481 rt_sigaction(SIGINT, NULL, {SIG_DFL, [], SA_RESTORER, 0x7f3a1ed64270}, 8) = 0
1521772811.649492 rt_sigaction(SIGINT, {SIG_IGN, [], SA_RESTORER, 0x7f3a1ed64270}, NULL, 8) = 0
1521772811.649503 rt_sigaction(SIGINT, NULL, {SIG_IGN, [], SA_RESTORER, 0x7f3a1ed64270}, 8) = 0
1521772811.649514 rt_sigaction(SIGINT, {0x556b035481a0, [], SA_RESTORER, 0x7f3a1ed64270}, NULL, 8) = 0
1521772811.649525 rt_sigaction(SIGQUIT, NULL, {SIG_DFL, [], SA_RESTORER, 0x7f3a1ed64270}, 8) = 0
1521772811.649536 rt_sigaction(SIGQUIT, {SIG_IGN, [], SA_RESTORER, 0x7f3a1ed64270}, NULL, 8) = 0
1521772811.649547 rt_sigaction(SIGQUIT, NULL, {SIG_IGN, [], SA_RESTORER, 0x7f3a1ed64270}, 8) = 0
1521772811.649558 rt_sigaction(SIGQUIT, {0x556b035481a0, [], SA_RESTORER, 0x7f3a1ed64270}, NULL, 8) = 0
1521772811.649569 rt_sigaction(SIGTERM, NULL, {SIG_DFL, [], SA_RESTORER, 0x7f3a1ed64270}, 8) = 0
1521772811.649581 rt_sigaction(SIGTERM, {SIG_IGN, [], SA_RESTORER, 0x7f3a1ed64270}, NULL, 8) = 0
1521772811.649592 rt_sigaction(SIGTERM, NULL, {SIG_IGN, [], SA_RESTORER, 0x7f3a1ed64270}, 8) = 0
1521772811.649603 rt_sigaction(SIGTERM, {0x556b035481a0, [], SA_RESTORER, 0x7f3a1ed64270}, NULL, 8) = 0
1521772811.649614 rt_sigaction(SIGWINCH, NULL, {SIG_DFL, [], 0}, 8) = 0
1521772811.649625 rt_sigaction(SIGWINCH, {0x556b03548430, [], SA_RESTORER, 0x7f3a1ed64270}, NULL, 8) = 0
1521772811.649636 ioctl(0, TCGETS, {B38400 opost isig icanon echo ...}) = 0
1521772811.649649 ioctl(0, SNDCTL_TMR_STOP or TCSETSW, {B38400 -opost -isig -icanon -echo ...}) = 0
1521772811.649665 clock_gettime(CLOCK_BOOTTIME, {6337, 857841021}) = 0
1521772811.649679 clock_gettime(CLOCK_BOOTTIME, {6337, 857853798}) = 0
1521772811.649691 select(8, [4], [4], NULL, NULL) = 1 (out [4])
1521772811.649707 clock_gettime(CLOCK_BOOTTIME, {6337, 857882285}) = 0
1521772811.649719 write(4, "s+HG/\371,e'\277\241\7\r\314\322i\237\253\374\341,\236x\340l\262\322\364\306\275\17("..., 112) = 112
1521772811.649791 clock_gettime(CLOCK_BOOTTIME, {6337, 857966934}) = 0
1521772811.649816 clock_gettime(CLOCK_BOOTTIME, {6337, 857992086}) = 0
1521772811.649829 select(8, [4], [], NULL, NULL) = 1 (in [4])
1521772811.812274 clock_gettime(CLOCK_BOOTTIME, {6338, 20545576}) = 0
1521772811.812399 read(4, "\3\231\\ \327\363\343J\7\20Z\177\316\251\234\360\300Bl\263^\217\352\313\206\366\230\2334N\236\241"..., 8192) = 500
1521772811.812439 clock_gettime(CLOCK_BOOTTIME, {6338, 20615105}) = 0
1521772811.812452 clock_gettime(CLOCK_BOOTTIME, {6338, 20627160}) = 0
1521772811.812464 select(8, [4], [], NULL, NULL) = 1 (in [4])
1521772811.849714 clock_gettime(CLOCK_BOOTTIME, {6338, 57891458}) = 0
1521772811.849731 read(4, "\232\262\360\304\355\16'\244\17G\6IM\354\4\233\356\341\245\350[E\27,\243\251V8(\27O\n"..., 8192) = 44
1521772811.849759 getsockopt(4, SOL_TCP, TCP_NODELAY, [0], [4]) = 0
1521772811.849779 setsockopt(4, SOL_TCP, TCP_NODELAY, [1], 4) = 0
1521772811.849791 getsockname(4, {sa_family=AF_INET, sin_port=htons(43066), sin_addr=inet_addr("192.168.125.181")}, [16]) = 0
1521772811.849882 setsockopt(4, SOL_IP, IP_TOS, [16], 4) = 0
1521772811.849896 ioctl(0, TIOCGWINSZ, {ws_row=38, ws_col=194, ws_xpixel=0, ws_ypixel=0}) = 0
1521772811.849942 clock_gettime(CLOCK_BOOTTIME, {6338, 58118441}) = 0
1521772811.849956 clock_gettime(CLOCK_BOOTTIME, {6338, 58130606}) = 0
1521772811.849968 select(8, [4], [4], NULL, NULL) = 1 (out [4])
1521772811.849984 clock_gettime(CLOCK_BOOTTIME, {6338, 58158946}) = 0
1521772811.850034 write(4, "\200IO\344\\6{\345T\247t\253\341!\2537~\240\340J%\16\314u\27T\307\261\373g\272\251"..., 504) = 504
1521772811.850099 clock_gettime(CLOCK_BOOTTIME, {6338, 58274903}) = 0
1521772811.850112 clock_gettime(CLOCK_BOOTTIME, {6338, 58287318}) = 0
1521772811.850124 select(8, [4], [], NULL, NULL) = 1 (in [4])
1521772811.858144 clock_gettime(CLOCK_BOOTTIME, {6338, 66327810}) = 0
1521772811.858171 read(4, "\t{K\6\2625\254\223\244\307\301T|\251\217  ]\225\r\t\346\367\16\37\356\272\344\362\367ev"..., 8192) = 108
1521772811.858217 clock_gettime(CLOCK_BOOTTIME, {6338, 66393449}) = 0
1521772811.858231 clock_gettime(CLOCK_BOOTTIME, {6338, 66406010}) = 0
1521772811.858243 select(8, [4 5], [], NULL, NULL) = 1 (in [4])
1521772811.859315 clock_gettime(CLOCK_BOOTTIME, {6338, 67491902}) = 0
1521772811.859330 read(4, "\236S\314\215\376=\271\212\325Z3f\306\234rw\r\344\267\201\331nH\365r\354\336<06\223>"..., 8192) = 100
1521772811.859399 clock_gettime(CLOCK_BOOTTIME, {6338, 67574713}) = 0
1521772811.859412 clock_gettime(CLOCK_BOOTTIME, {6338, 67586473}) = 0
1521772811.859423 select(8, [4 5], [6], NULL, NULL) = 1 (out [6])
1521772811.859441 clock_gettime(CLOCK_BOOTTIME, {6338, 67616303}) = 0
1521772811.859453 write(6, "Last login: Fri Mar 23 10:38:00 "..., 60) = 60
1521772811.859488 clock_gettime(CLOCK_BOOTTIME, {6338, 67663058}) = 0
1521772811.859500 clock_gettime(CLOCK_BOOTTIME, {6338, 67674950}) = 0
1521772811.859511 select(8, [4 5], [], NULL, NULL) = 1 (in [4])
1521772811.959535 clock_gettime(CLOCK_BOOTTIME, {6338, 167713718}) = 0
1521772811.959556 read(4, "(\305\33\334\244/c\246\2773\n\347\0\325PE\371pMD\204ug@\260\367E\307f9\302\274"..., 8192) = 84
1521772811.959587 clock_gettime(CLOCK_BOOTTIME, {6338, 167762745}) = 0
1521772811.959600 clock_gettime(CLOCK_BOOTTIME, {6338, 167774581}) = 0
1521772811.959625 select(8, [4 5], [6], NULL, NULL) = 1 (out [6])
1521772811.959649 clock_gettime(CLOCK_BOOTTIME, {6338, 167823807}) = 0
1521772811.959661 write(6, "\33]0;jacob@study:~\7\33[?1034h[jacob"..., 43) = 43
1521772811.959699 clock_gettime(CLOCK_BOOTTIME, {6338, 167874891}) = 0
1521772811.959712 clock_gettime(CLOCK_BOOTTIME, {6338, 167886927}) = 0
1521772811.959724 select(8, [4 5], [], NULL, NULL) = 1 (in [5])
1521772835.601025 clock_gettime(CLOCK_BOOTTIME, {6361, 809201974}) = 0
1521772835.601042 read(5, "l", 16384)   = 1
1521772835.601072 clock_gettime(CLOCK_BOOTTIME, {6361, 809247473}) = 0
1521772835.601084 clock_gettime(CLOCK_BOOTTIME, {6361, 809259293}) = 0
1521772835.601097 select(8, [4 5], [4], NULL, NULL) = 1 (out [4])
1521772835.601114 clock_gettime(CLOCK_BOOTTIME, {6361, 809289095}) = 0
1521772835.601127 write(4, "r\370x\347\254\326[\301k\256\243^=G\331C\354\0\253HN\265\334\3308\305<\37\336\311Nj"..., 36) = 36
1521772835.601221 clock_gettime(CLOCK_BOOTTIME, {6361, 809399726}) = 0
1521772835.601241 clock_gettime(CLOCK_BOOTTIME, {6361, 809415928}) = 0
1521772835.601253 select(8, [4 5], [], NULL, NULL) = 1 (in [4])
1521772835.602364 clock_gettime(CLOCK_BOOTTIME, {6361, 810539601}) = 0
1521772835.602377 read(4, "-#\224\"3\206\377\16\220\221\205\307>\231\342\374[\271\237I\224L\271\32\276\345s\360P\276z\201"..., 8192) = 36
1521772835.602397 clock_gettime(CLOCK_BOOTTIME, {6361, 810572133}) = 0
1521772835.602409 clock_gettime(CLOCK_BOOTTIME, {6361, 810583442}) = 0
1521772835.602420 select(8, [4 5], [6], NULL, NULL) = 1 (out [6])
1521772835.602436 clock_gettime(CLOCK_BOOTTIME, {6361, 810611432}) = 0
1521772835.602448 write(6, "l", 1)      = 1
1521772835.602466 clock_gettime(CLOCK_BOOTTIME, {6361, 810640965}) = 0
1521772835.602477 clock_gettime(CLOCK_BOOTTIME, {6361, 810652277}) = 0
1521772835.602503 select(8, [4 5], [], NULL, NULL) = 1 (in [5])
1521772835.728356 clock_gettime(CLOCK_BOOTTIME, {6361, 936534605}) = 0
1521772835.728380 read(5, "s", 16384)   = 1
1521772835.728432 clock_gettime(CLOCK_BOOTTIME, {6361, 936615471}) = 0
1521772835.728458 clock_gettime(CLOCK_BOOTTIME, {6361, 936634557}) = 0
1521772835.728472 select(8, [4 5], [4], NULL, NULL) = 1 (out [4])
1521772835.728491 clock_gettime(CLOCK_BOOTTIME, {6361, 936668354}) = 0
1521772835.728509 write(4, "e\346+\27\0\333\242;6\30\373%a\2442J\220Fy>\23\2229\304\3138\276c\27\221[\274"..., 36) = 36
1521772835.728596 clock_gettime(CLOCK_BOOTTIME, {6361, 936773583}) = 0
1521772835.728617 clock_gettime(CLOCK_BOOTTIME, {6361, 936792769}) = 0
1521772835.728630 select(8, [4 5], [], NULL, NULL) = 1 (in [4])
1521772835.729063 clock_gettime(CLOCK_BOOTTIME, {6361, 937238070}) = 0
1521772835.729085 read(4, "7'*~M\367\246a\345t!\373\243\316\356\374'\3371\177\344\327T6\344\234%*\261\223\20\302"..., 8192) = 36
1521772835.729120 clock_gettime(CLOCK_BOOTTIME, {6361, 937295315}) = 0
1521772835.729132 clock_gettime(CLOCK_BOOTTIME, {6361, 937306933}) = 0
1521772835.729144 select(8, [4 5], [6], NULL, NULL) = 1 (out [6])
1521772835.729161 clock_gettime(CLOCK_BOOTTIME, {6361, 937335787}) = 0
1521772835.729172 write(6, "s", 1)      = 1
1521772835.729255 clock_gettime(CLOCK_BOOTTIME, {6361, 937430679}) = 0
1521772835.729268 clock_gettime(CLOCK_BOOTTIME, {6361, 937443260}) = 0
1521772835.729280 select(8, [4 5], [], NULL, NULL) = 1 (in [5])
1521772835.888448 clock_gettime(CLOCK_BOOTTIME, {6362, 96626171}) = 0
1521772835.888469 read(5, "\r", 16384)  = 1
1521772835.888501 clock_gettime(CLOCK_BOOTTIME, {6362, 96677977}) = 0
1521772835.888516 clock_gettime(CLOCK_BOOTTIME, {6362, 96690935}) = 0
1521772835.888529 select(8, [4 5], [4], NULL, NULL) = 1 (out [4])
1521772835.888549 clock_gettime(CLOCK_BOOTTIME, {6362, 96723533}) = 0
1521772835.888561 write(4, "S\2\2761\220\362\207\267\30\334\5X\247DtW\322\375\356\264\220\311\347\334\242\t\24\31\233\375\31l"..., 36) = 36
1521772835.888641 clock_gettime(CLOCK_BOOTTIME, {6362, 96816380}) = 0
1521772835.888654 clock_gettime(CLOCK_BOOTTIME, {6362, 96829085}) = 0
1521772835.888666 select(8, [4 5], [], NULL, NULL) = 1 (in [4])
1521772835.893277 clock_gettime(CLOCK_BOOTTIME, {6362, 101454431}) = 0
1521772835.893294 read(4, "\275\266\244 \217,^\31\271`\244\222\231\251\316\310R\347\247\250+\270:\372=)\330\2\2426c\372"..., 8192) = 36
1521772835.893320 clock_gettime(CLOCK_BOOTTIME, {6362, 101495313}) = 0
1521772835.893332 clock_gettime(CLOCK_BOOTTIME, {6362, 101506851}) = 0
1521772835.893344 select(8, [4 5], [6], NULL, NULL) = 1 (out [6])
1521772835.893362 clock_gettime(CLOCK_BOOTTIME, {6362, 101537012}) = 0
1521772835.893374 write(6, "\r\n", 2)   = 2
1521772835.893489 clock_gettime(CLOCK_BOOTTIME, {6362, 101664797}) = 0
1521772835.893503 clock_gettime(CLOCK_BOOTTIME, {6362, 101677702}) = 0
1521772835.893515 select(8, [4 5], [], NULL, NULL) = 1 (in [4])
1521772835.896387 clock_gettime(CLOCK_BOOTTIME, {6362, 104567045}) = 0
1521772835.896412 read(4, "hB\376\r\214\317(C\377t\2752=V\200\311F8^\302 \211\337z\343\367j\351A\304pg"..., 8192) = 252
1521772835.896448 clock_gettime(CLOCK_BOOTTIME, {6362, 104624879}) = 0
1521772835.896466 clock_gettime(CLOCK_BOOTTIME, {6362, 104642909}) = 0
1521772835.896484 select(8, [4 5], [6], NULL, NULL) = 1 (out [6])
1521772835.896510 clock_gettime(CLOCK_BOOTTIME, {6362, 104686454}) = 0
1521772835.896527 write(6, "\33[0m\33[01;34mtmp\33[0m  \33[01;34m\344\270\213"..., 216) = 216
1521772835.896665 clock_gettime(CLOCK_BOOTTIME, {6362, 104843373}) = 0
1521772835.896687 clock_gettime(CLOCK_BOOTTIME, {6362, 104864975}) = 0
1521772835.896708 select(8, [4 5], [], NULL, NULL) = 1 (in [5])
1521772836.194889 clock_gettime(CLOCK_BOOTTIME, {6362, 403066102}) = 0
1521772836.194906 read(5, "l", 16384)   = 1
1521772836.194933 clock_gettime(CLOCK_BOOTTIME, {6362, 403108807}) = 0
1521772836.194945 clock_gettime(CLOCK_BOOTTIME, {6362, 403120260}) = 0
1521772836.194957 select(8, [4 5], [4], NULL, NULL) = 1 (out [4])
1521772836.194975 clock_gettime(CLOCK_BOOTTIME, {6362, 403149603}) = 0
1521772836.194987 write(4, "\322\224\263H\7\\\374\16/\305s\360\t\335f\320\340$Ok='\225[\227_\232>[\20\326\r"..., 36) = 36
1521772836.195096 clock_gettime(CLOCK_BOOTTIME, {6362, 403271474}) = 0
1521772836.195109 clock_gettime(CLOCK_BOOTTIME, {6362, 403284223}) = 0
1521772836.195134 select(8, [4 5], [], NULL, NULL) = 1 (in [4])
1521772836.196628 clock_gettime(CLOCK_BOOTTIME, {6362, 404804927}) = 0
1521772836.196643 read(4, "p\256\252qT\31N\242\256\235\244\271\230\241\30\310\256U\315\35\203\323\f%jN\316?\30\361S,"..., 8192) = 36
1521772836.196666 clock_gettime(CLOCK_BOOTTIME, {6362, 404841409}) = 0
1521772836.196678 clock_gettime(CLOCK_BOOTTIME, {6362, 404852873}) = 0
1521772836.196690 select(8, [4 5], [6], NULL, NULL) = 1 (out [6])
1521772836.196707 clock_gettime(CLOCK_BOOTTIME, {6362, 404881749}) = 0
1521772836.196719 write(6, "l", 1)      = 1
1521772836.196752 clock_gettime(CLOCK_BOOTTIME, {6362, 404935654}) = 0
1521772836.196774 clock_gettime(CLOCK_BOOTTIME, {6362, 404948603}) = 0
1521772836.196785 select(8, [4 5], [], NULL, NULL) = 1 (in [5])
1521772836.328344 clock_gettime(CLOCK_BOOTTIME, {6362, 536521263}) = 0
1521772836.328362 read(5, "s", 16384)   = 1
1521772836.328392 clock_gettime(CLOCK_BOOTTIME, {6362, 536580873}) = 0
1521772836.328423 clock_gettime(CLOCK_BOOTTIME, {6362, 536600063}) = 0
1521772836.328442 select(8, [4 5], [4], NULL, NULL) = 1 (out [4])
1521772836.328469 clock_gettime(CLOCK_BOOTTIME, {6362, 536645385}) = 0
1521772836.328483 write(4, "\217\16C/\211\21\5\23r\366v\317\221\0\352u\243%\367\246\303\326\277\201\216e1\203\217 \7\225"..., 36) = 36
1521772836.328567 clock_gettime(CLOCK_BOOTTIME, {6362, 536744627}) = 0
1521772836.328589 clock_gettime(CLOCK_BOOTTIME, {6362, 536764492}) = 0
1521772836.328602 select(8, [4 5], [], NULL, NULL) = 1 (in [4])
1521772836.329745 clock_gettime(CLOCK_BOOTTIME, {6362, 537933575}) = 0
1521772836.329775 read(4, "\205\206\203R\250\301/]\351'\3635\v\23\223T\200v\n\204L\0Os\f\367r\266\357\1\242h"..., 8192) = 36
1521772836.329796 clock_gettime(CLOCK_BOOTTIME, {6362, 537971567}) = 0
1521772836.329808 clock_gettime(CLOCK_BOOTTIME, {6362, 537983079}) = 0
1521772836.329820 select(8, [4 5], [6], NULL, NULL) = 1 (out [6])
1521772836.329838 clock_gettime(CLOCK_BOOTTIME, {6362, 538012625}) = 0
1521772836.329849 write(6, "s", 1)      = 1
1521772836.329957 clock_gettime(CLOCK_BOOTTIME, {6362, 538132904}) = 0
1521772836.329971 clock_gettime(CLOCK_BOOTTIME, {6362, 538146014}) = 0
1521772836.329983 select(8, [4 5], [], NULL, NULL) = 1 (in [5])
1521772836.433217 clock_gettime(CLOCK_BOOTTIME, {6362, 641394326}) = 0
1521772836.433234 read(5, "\r", 16384)  = 1
1521772836.433260 clock_gettime(CLOCK_BOOTTIME, {6362, 641435001}) = 0
1521772836.433272 clock_gettime(CLOCK_BOOTTIME, {6362, 641446401}) = 0
1521772836.433284 select(8, [4 5], [4], NULL, NULL) = 1 (out [4])
1521772836.433301 clock_gettime(CLOCK_BOOTTIME, {6362, 641475430}) = 0
1521772836.433312 write(4, "!\35~\356\273\336\267N4\214s\347k\233\230\353\31\323xf\243\377\374\206\362s\374\2\203h\6\\"..., 36) = 36
1521772836.433383 clock_gettime(CLOCK_BOOTTIME, {6362, 641558762}) = 0
1521772836.433397 clock_gettime(CLOCK_BOOTTIME, {6362, 641571689}) = 0
1521772836.433408 select(8, [4 5], [], NULL, NULL) = 1 (in [4])
1521772836.434235 clock_gettime(CLOCK_BOOTTIME, {6362, 642411534}) = 0
1521772836.434250 read(4, "\36\v\307v\330\234Kx\315\263\2\375\270\361?\235\243MA\246T\223\2630gr\245\374\214'd\37"..., 8192) = 36
1521772836.434271 clock_gettime(CLOCK_BOOTTIME, {6362, 642445763}) = 0
1521772836.434282 clock_gettime(CLOCK_BOOTTIME, {6362, 642457262}) = 0
1521772836.434294 select(8, [4 5], [6], NULL, NULL) = 1 (out [6])
1521772836.434311 clock_gettime(CLOCK_BOOTTIME, {6362, 642486182}) = 0
1521772836.434323 write(6, "\r\n", 2)   = 2
1521772836.434443 clock_gettime(CLOCK_BOOTTIME, {6362, 642621345}) = 0
1521772836.434460 clock_gettime(CLOCK_BOOTTIME, {6362, 642635044}) = 0
1521772836.434472 select(8, [4 5], [], NULL, NULL) = 1 (in [4])
1521772836.435439 clock_gettime(CLOCK_BOOTTIME, {6362, 643615808}) = 0
1521772836.435455 read(4, "\2469\313\324J\220\256?l\363\224#\253\345\222\r\205\323\232\6\222\20\224\0349\31\346A\202}\3\203"..., 8192) = 252
1521772836.435478 clock_gettime(CLOCK_BOOTTIME, {6362, 643652997}) = 0
1521772836.435490 clock_gettime(CLOCK_BOOTTIME, {6362, 643664491}) = 0
1521772836.435501 select(8, [4 5], [6], NULL, NULL) = 1 (out [6])
1521772836.435519 clock_gettime(CLOCK_BOOTTIME, {6362, 643693989}) = 0
1521772836.435534 write(6, "\33[0m\33[01;34mtmp\33[0m  \33[01;34m\344\270\213"..., 216) = 216
1521772836.435633 clock_gettime(CLOCK_BOOTTIME, {6362, 643808623}) = 0
1521772836.435647 clock_gettime(CLOCK_BOOTTIME, {6362, 643821712}) = 0
1521772836.435659 select(8, [4 5], [], NULL, NULL) = 1 (in [5])
1521772993.927244 clock_gettime(CLOCK_BOOTTIME, {6520, 135423228}) = 0
1521772993.927267 read(5, "\4", 16384)  = 1
1521772993.927301 clock_gettime(CLOCK_BOOTTIME, {6520, 135477749}) = 0
1521772993.927317 clock_gettime(CLOCK_BOOTTIME, {6520, 135502388}) = 0
1521772993.927344 select(8, [4 5], [4], NULL, NULL) = 1 (out [4])
1521772993.927368 clock_gettime(CLOCK_BOOTTIME, {6520, 135543776}) = 0
1521772993.927384 write(4, "\v\253\37\200\212\325\312bG;{g\337*\310\271p\254/\301\177\377\265 \24\272\"\376\271\251H\253"..., 36) = 36
1521772993.927461 clock_gettime(CLOCK_BOOTTIME, {6520, 135638167}) = 0
1521772993.927479 clock_gettime(CLOCK_BOOTTIME, {6520, 135655557}) = 0
1521772993.927495 select(8, [4 5], [], NULL, NULL) = 1 (in [4])
1521772993.931083 clock_gettime(CLOCK_BOOTTIME, {6520, 139278680}) = 0
1521772993.931125 read(4, "\30\f\304\324\357\340 \2369'\236\232cI\345\250&:\24\246T\306\347r`\300QB\367\327\261\332"..., 8192) = 220
1521772993.931209 close(5)              = 0
1521772993.931230 clock_gettime(CLOCK_BOOTTIME, {6520, 139405745}) = 0
1521772993.931244 clock_gettime(CLOCK_BOOTTIME, {6520, 139418458}) = 0
1521772993.931256 select(8, [4], [6], NULL, NULL) = 1 (out [6])
1521772993.931275 clock_gettime(CLOCK_BOOTTIME, {6520, 139449750}) = 0
1521772993.931287 write(6, "logout\r\n", 8) = 8
1521772993.931404 clock_gettime(CLOCK_BOOTTIME, {6520, 139579739}) = 0
1521772993.931418 clock_gettime(CLOCK_BOOTTIME, {6520, 139592702}) = 0
1521772993.931430 close(6)              = 0
1521772993.931457 ioctl(0, SNDCTL_TMR_STOP or TCSETSW, {B38400 opost isig icanon echo ...}) = 0
1521772993.931488 close(7)              = 0
1521772993.931501 select(8, [4], [4], NULL, NULL) = 1 (out [4])
1521772993.931517 clock_gettime(CLOCK_BOOTTIME, {6520, 139691964}) = 0
1521772993.931529 write(4, "\337\364\6?\0358\207T\355\216\354\200b\267\260\334\f\212_\261\307|\370\360\253,\7L[S\207\360"..., 36) = 36
1521772993.931581 rt_sigaction(SIGWINCH, NULL, {0x556b03548430, [], SA_RESTORER, 0x7f3a1ed64270}, 8) = 0
1521772993.931597 rt_sigaction(SIGWINCH, {SIG_DFL, [], SA_RESTORER, 0x7f3a1ed64270}, NULL, 8) = 0
1521772993.931613 write(4, "\362\10\326\242\255\0\3541\206\rs\265\252~(b\2\247\320\227;\310\3\373-\364\"t\201\256u;"..., 60) = 60
1521772993.931662 ioctl(0, TCGETS, {B38400 opost isig icanon echo ...}) = 0
1521772993.931677 ioctl(1, TCGETS, {B38400 opost isig icanon echo ...}) = 0
1521772993.931689 ioctl(2, TCGETS, {B38400 opost isig icanon echo ...}) = 0
1521772993.931703 write(2, "Connection to 192.168.125.180 cl"..., 39) = 39
1521772993.931791 shutdown(4, SHUT_RDWR) = 0
1521772993.931839 close(4)              = 0
1521772993.932175 exit_group(0)         = ?
1521772993.936463 +++ exited with 0 +++
