1521788742.074262 select(8, [4], [], NULL, NULL) = 1 (in [4])
1521788742.100745 clock_gettime(CLOCK_BOOTTIME, {22268, 308924116}) = 0
1521788742.100765 read(4, "\2667\345lq\275Y\203\273\4\246\23\323r\253\253\341\236\274M#\221\326\333\16t\374\345\370w\315\202"..., 8192) = 44
1521788742.100798 getsockopt(4, SOL_TCP, TCP_NODELAY, [0], [4]) = 0
1521788742.100817 setsockopt(4, SOL_TCP, TCP_NODELAY, [1], 4) = 0
1521788742.100830 getsockname(4, {sa_family=AF_INET, sin_port=htons(43112), sin_addr=inet_addr("192.168.125.181")}, [16]) = 0
1521788742.100855 setsockopt(4, SOL_IP, IP_TOS, [16], 4) = 0
1521788742.100869 ioctl(0, TIOCGWINSZ, {ws_row=38, ws_col=194, ws_xpixel=0, ws_ypixel=0}) = 0
1521788742.100925 clock_gettime(CLOCK_BOOTTIME, {22268, 309101115}) = 0
1521788742.100938 clock_gettime(CLOCK_BOOTTIME, {22268, 309113303}) = 0
1521788742.100950 select(8, [4], [4], NULL, NULL) = 1 (out [4])
1521788742.100966 clock_gettime(CLOCK_BOOTTIME, {22268, 309141281}) = 0
1521788742.100981 write(4, "L7\223A1\206_\360\371\261\7\351\224\310\366\240\361\303L1\324)U:o\252\4;`\32243"..., 504) = 504
1521788742.101050 clock_gettime(CLOCK_BOOTTIME, {22268, 309225637}) = 0
1521788742.101063 clock_gettime(CLOCK_BOOTTIME, {22268, 309238342}) = 0
1521788742.101075 select(8, [4], [], NULL, NULL) = 1 (in [4])
1521788742.106188 clock_gettime(CLOCK_BOOTTIME, {22268, 314364983}) = 0
1521788742.106204 read(4, "-\374\306\240o\364\375]{\216\2\210\224 9\340\340fN\236\32\272}E\347l*\3271\327\35\254"..., 8192) = 108
1521788742.106235 clock_gettime(CLOCK_BOOTTIME, {22268, 314410860}) = 0
1521788742.106248 clock_gettime(CLOCK_BOOTTIME, {22268, 314422642}) = 0
1521788742.106259 select(8, [4 5], [], NULL, NULL) = 1 (in [4])
1521788742.107925 clock_gettime(CLOCK_BOOTTIME, {22268, 316101296}) = 0
1521788742.107939 read(4, "\r\202\230\331\3101/<\372\277\2355\357\n\357\366@(B\356W\30\352\22\3270\330\260\344\315\271\20"..., 8192) = 100
1521788742.108001 clock_gettime(CLOCK_BOOTTIME, {22268, 316177487}) = 0
1521788742.108014 clock_gettime(CLOCK_BOOTTIME, {22268, 316189024}) = 0
1521788742.108026 select(8, [4 5], [6], NULL, NULL) = 1 (out [6])
1521788742.108044 clock_gettime(CLOCK_BOOTTIME, {22268, 316218740}) = 0
1521788742.108055 write(6, "Last login: Fri Mar 23 15:03:26 "..., 60) = 60
1521788742.108163 clock_gettime(CLOCK_BOOTTIME, {22268, 316338607}) = 0
1521788742.108176 clock_gettime(CLOCK_BOOTTIME, {22268, 316351302}) = 0
1521788742.108188 select(8, [4 5], [], NULL, NULL) = 1 (in [4])
1521788742.198518 clock_gettime(CLOCK_BOOTTIME, {22268, 406695007}) = 0
1521788742.198535 read(4, "c\31\264\0047\213\7\350\223Q\"|\7V.!\34\243\245K\37}\317X\302;D+\326\22:\204"..., 8192) = 84
1521788742.198564 clock_gettime(CLOCK_BOOTTIME, {22268, 406739532}) = 0
1521788742.198576 clock_gettime(CLOCK_BOOTTIME, {22268, 406751114}) = 0
1521788742.198588 select(8, [4 5], [6], NULL, NULL) = 1 (out [6])
1521788742.198606 clock_gettime(CLOCK_BOOTTIME, {22268, 406780925}) = 0
1521788742.198617 write(6, "\33]0;jacob@study:~\7\33[?1034h[jacob"..., 43) = 43
1521788742.198736 clock_gettime(CLOCK_BOOTTIME, {22268, 406911849}) = 0
1521788742.198750 clock_gettime(CLOCK_BOOTTIME, {22268, 406924472}) = 0
1521788742.198761 select(8, [4 5], [], NULL, NULL) = 1 (in [5])
1521788954.424316 clock_gettime(CLOCK_BOOTTIME, {22480, 632497791}) = 0
1521788954.424340 read(5, "\4", 16384)  = 1
1521788954.424427 clock_gettime(CLOCK_BOOTTIME, {22480, 632605874}) = 0
1521788954.424444 clock_gettime(CLOCK_BOOTTIME, {22480, 632618688}) = 0
1521788954.424456 select(8, [4 5], [4], NULL, NULL) = 1 (out [4])
1521788954.424474 clock_gettime(CLOCK_BOOTTIME, {22480, 632648803}) = 0
1521788954.424486 write(4, "f'u\261\336\340\232\245\0\254\33\306~\223\24\22\244v\206\263\304\34\363\f\331Y\373}H\235\246t"..., 36) = 36
1521788954.424548 clock_gettime(CLOCK_BOOTTIME, {22480, 632723099}) = 0
1521788954.424561 clock_gettime(CLOCK_BOOTTIME, {22480, 632737128}) = 0
1521788954.424579 select(8, [4 5], [], NULL, NULL) = 1 (in [4])
1521788954.425906 clock_gettime(CLOCK_BOOTTIME, {22480, 634083116}) = 0
1521788954.425923 read(4, "uw\346\221\271\343\3775O\232j\2777\333 \244:\261\300b\0364\331\346\340\367\231\344q\34(\274"..., 8192) = 220
1521788954.425963 close(5)              = 0
1521788954.426022 clock_gettime(CLOCK_BOOTTIME, {22480, 634197363}) = 0
1521788954.426035 clock_gettime(CLOCK_BOOTTIME, {22480, 634209940}) = 0
1521788954.426047 select(8, [4], [6], NULL, NULL) = 1 (out [6])
1521788954.426065 clock_gettime(CLOCK_BOOTTIME, {22480, 634239666}) = 0
1521788954.426076 write(6, "logout\r\n", 8) = 8
1521788954.426182 clock_gettime(CLOCK_BOOTTIME, {22480, 634357171}) = 0
1521788954.426195 clock_gettime(CLOCK_BOOTTIME, {22480, 634369944}) = 0
1521788954.426207 close(6)              = 0
1521788954.426218 ioctl(0, SNDCTL_TMR_STOP or TCSETSW, {B38400 opost isig icanon echo ...}) = 0
1521788954.426315 close(7)              = 0
1521788954.426328 select(8, [4], [4], NULL, NULL) = 1 (out [4])
1521788954.426344 clock_gettime(CLOCK_BOOTTIME, {22480, 634519481}) = 0
1521788954.426356 write(4, "\330\205\33{\340}\311f\0317F\35\315\341\345\207\333-\302\252gF\307\250#\22\204\206\30\334:\263"..., 36) = 36
1521788954.426409 rt_sigaction(SIGWINCH, NULL, {0x55831685c430, [], SA_RESTORER, 0x7f754c446270}, 8) = 0
1521788954.426447 rt_sigaction(SIGWINCH, {SIG_DFL, [], SA_RESTORER, 0x7f754c446270}, NULL, 8) = 0
1521788954.426463 write(4, "?\322\357\372\235\344w\301\220\245W\306\257Hn@\333\201\32\204\201\26]\204g,\260\240\361*\312\320"..., 60) = 60
1521788954.426513 ioctl(0, TCGETS, {B38400 opost isig icanon echo ...}) = 0
1521788954.426528 ioctl(1, TCGETS, {B38400 opost isig icanon echo ...}) = 0
1521788954.426540 ioctl(2, TCGETS, {B38400 opost isig icanon echo ...}) = 0
1521788954.426553 write(2, "Connection to 192.168.125.180 cl"..., 39) = 39
1521788954.426663 shutdown(4, SHUT_RDWR) = 0
1521788954.426713 close(4)              = 0
1521788954.426933 exit_group(0)         = ?
1521788954.427286 +++ exited with 0 +++
