1521770851.106452 select(8, [4], [], NULL, NULL) = 1 (in [4])
1521770851.255463 clock_gettime(CLOCK_BOOTTIME, {4377, 463648490}) = 0
1521770851.255492 read(4, "\320ym\371+\213\24yM\345Zn\252\301\365\247{\303H\332\21c\265~\322\223\201\3L-Nf"..., 8192) = 500
1521770851.255530 clock_gettime(CLOCK_BOOTTIME, {4377, 463706461}) = 0
1521770851.255544 clock_gettime(CLOCK_BOOTTIME, {4377, 463718964}) = 0
1521770851.255556 select(8, [4], [], NULL, NULL) = 1 (in [4])
1521770851.295597 clock_gettime(CLOCK_BOOTTIME, {4377, 503774818}) = 0
1521770851.295614 read(4, "\320\327D\234\223\202m\36\244iN\\[\351&vac\257\316\6\362U\37\226\264=||O\324R"..., 8192) = 44
1521770851.295643 getsockopt(4, SOL_TCP, TCP_NODELAY, [0], [4]) = 0
1521770851.295664 setsockopt(4, SOL_TCP, TCP_NODELAY, [1], 4) = 0
1521770851.295677 getsockname(4, {sa_family=AF_INET, sin_port=htons(43044), sin_addr=inet_addr("192.168.125.181")}, [16]) = 0
1521770851.295701 setsockopt(4, SOL_IP, IP_TOS, [16], 4) = 0
1521770851.295715 ioctl(0, TIOCGWINSZ, {ws_row=38, ws_col=194, ws_xpixel=0, ws_ypixel=0}) = 0
1521770851.295783 clock_gettime(CLOCK_BOOTTIME, {4377, 503961131}) = 0
1521770851.295799 clock_gettime(CLOCK_BOOTTIME, {4377, 503974309}) = 0
1521770851.295811 select(8, [4], [4], NULL, NULL) = 1 (out [4])
1521770851.295828 clock_gettime(CLOCK_BOOTTIME, {4377, 504003406}) = 0
1521770851.295843 write(4, "\274t}\204\230 g5Kh\223\22\256\202\310\241\n\35\234\222\33}\374M\255\354\256&@F]6"..., 504) = 504
1521770851.295914 clock_gettime(CLOCK_BOOTTIME, {4377, 504089941}) = 0
1521770851.295928 clock_gettime(CLOCK_BOOTTIME, {4377, 504102874}) = 0
1521770851.295940 select(8, [4], [], NULL, NULL) = 1 (in [4])
1521770851.301662 clock_gettime(CLOCK_BOOTTIME, {4377, 509839294}) = 0
1521770851.301679 read(4, "\377\374ck\254\372}bx\204\202\342a\202\367\362\373\263\275\260\243\213\321\205~\373\rZ\23M`\304"..., 8192) = 108
1521770851.301726 clock_gettime(CLOCK_BOOTTIME, {4377, 509904056}) = 0
1521770851.301742 clock_gettime(CLOCK_BOOTTIME, {4377, 509917006}) = 0
1521770851.301754 select(8, [4 5], [], NULL, NULL) = 1 (in [4])
1521770851.304262 clock_gettime(CLOCK_BOOTTIME, {4377, 512440231}) = 0
1521770851.304281 read(4, "'\343\241\224I/\27\376LX\225O\220\333\207{[\\\315k\226\256y#p_'\250k\3\326C"..., 8192) = 100
1521770851.304379 clock_gettime(CLOCK_BOOTTIME, {4377, 512556262}) = 0
1521770851.304395 clock_gettime(CLOCK_BOOTTIME, {4377, 512569856}) = 0
1521770851.304407 select(8, [4 5], [6], NULL, NULL) = 1 (out [6])
1521770851.304428 clock_gettime(CLOCK_BOOTTIME, {4377, 512603217}) = 0
1521770851.304441 write(6, "Last login: Fri Mar 23 10:05:42 "..., 60) = 60
1521770851.304477 clock_gettime(CLOCK_BOOTTIME, {4377, 512652539}) = 0
1521770851.304490 clock_gettime(CLOCK_BOOTTIME, {4377, 512664891}) = 0
1521770851.304502 select(8, [4 5], [], NULL, NULL) = 1 (in [4])
1521770851.412824 clock_gettime(CLOCK_BOOTTIME, {4377, 621006221}) = 0
1521770851.412848 read(4, "\25;\257\33j\201\273\213\30}\263u\22G\345\3\214\325s\220\373\241\225\373\274\22\357k^\363\v@"..., 8192) = 84
1521770851.412876 clock_gettime(CLOCK_BOOTTIME, {4377, 621051555}) = 0
1521770851.412889 clock_gettime(CLOCK_BOOTTIME, {4377, 621063508}) = 0
1521770851.412901 select(8, [4 5], [6], NULL, NULL) = 1 (out [6])
1521770851.412921 clock_gettime(CLOCK_BOOTTIME, {4377, 621095866}) = 0
1521770851.412933 write(6, "\33]0;jacob@study:~\7\33[?1034h[jacob"..., 43) = 43
1521770851.413000 clock_gettime(CLOCK_BOOTTIME, {4377, 621176012}) = 0
1521770851.413014 clock_gettime(CLOCK_BOOTTIME, {4377, 621188783}) = 0
1521770851.413026 select(8, [4 5], [], NULL, NULL) = 1 (in [5])
1521770873.311435 clock_gettime(CLOCK_BOOTTIME, {4399, 519612823}) = 0
1521770873.311453 read(5, "l", 16384)   = 1
1521770873.311484 clock_gettime(CLOCK_BOOTTIME, {4399, 519659751}) = 0
1521770873.311497 clock_gettime(CLOCK_BOOTTIME, {4399, 519672416}) = 0
1521770873.311510 select(8, [4 5], [4], NULL, NULL) = 1 (out [4])
1521770873.311528 clock_gettime(CLOCK_BOOTTIME, {4399, 519703270}) = 0
1521770873.311541 write(4, "\352\244\354\221\347\343k\200\\\235\212H\253,\347\345\213s8\202\340\327K5\215.\6*dH%\330"..., 36) = 36
1521770873.311633 clock_gettime(CLOCK_BOOTTIME, {4399, 519808494}) = 0
1521770873.311647 clock_gettime(CLOCK_BOOTTIME, {4399, 519821666}) = 0
1521770873.311659 select(8, [4 5], [], NULL, NULL) = 1 (in [4])
1521770873.313723 clock_gettime(CLOCK_BOOTTIME, {4399, 521901057}) = 0
1521770873.313753 read(4, "\235\2239\240c\301\366\220\255\272\30\236\234\326\27\352Z\333 \240K~-V\2431\0\276~\307\330S"..., 8192) = 36
1521770873.313781 clock_gettime(CLOCK_BOOTTIME, {4399, 521956578}) = 0
1521770873.313794 clock_gettime(CLOCK_BOOTTIME, {4399, 521968979}) = 0
1521770873.313806 select(8, [4 5], [6], NULL, NULL) = 1 (out [6])
1521770873.313825 clock_gettime(CLOCK_BOOTTIME, {4399, 522000249}) = 0
1521770873.313837 write(6, "l", 1)      = 1
1521770873.313896 clock_gettime(CLOCK_BOOTTIME, {4399, 522073628}) = 0
1521770873.313911 clock_gettime(CLOCK_BOOTTIME, {4399, 522086340}) = 0
1521770873.313923 select(8, [4 5], [], NULL, NULL) = 1 (in [5])
1521770873.477904 clock_gettime(CLOCK_BOOTTIME, {4399, 686081415}) = 0
1521770873.477922 read(5, "l", 16384)   = 1
1521770873.477950 clock_gettime(CLOCK_BOOTTIME, {4399, 686125231}) = 0
1521770873.477962 clock_gettime(CLOCK_BOOTTIME, {4399, 686137096}) = 0
1521770873.477974 select(8, [4 5], [4], NULL, NULL) = 1 (out [4])
1521770873.477992 clock_gettime(CLOCK_BOOTTIME, {4399, 686167395}) = 0
1521770873.478005 write(4, "\221h\233i\231}\16\231\362\275\"~voH'\225\365\17u`\221\376x\37\24uD\4\36L\214"..., 36) = 36
1521770873.478090 clock_gettime(CLOCK_BOOTTIME, {4399, 686265927}) = 0
1521770873.478104 clock_gettime(CLOCK_BOOTTIME, {4399, 686279041}) = 0
1521770873.478116 select(8, [4 5], [], NULL, NULL) = 1 (in [4])
1521770873.479619 clock_gettime(CLOCK_BOOTTIME, {4399, 687795997}) = 0
1521770873.479634 read(4, ">(\5,\205f\365g=2\333\240\354\3602\17\267\252\37\340\257\217\310W\5,}\212iO\300\236"..., 8192) = 36
1521770873.479655 clock_gettime(CLOCK_BOOTTIME, {4399, 687830998}) = 0
1521770873.479668 clock_gettime(CLOCK_BOOTTIME, {4399, 687843010}) = 0
1521770873.479681 select(8, [4 5], [6], NULL, NULL) = 1 (out [6])
1521770873.479699 clock_gettime(CLOCK_BOOTTIME, {4399, 687874102}) = 0
1521770873.479711 write(6, "l", 1)      = 1
1521770873.479743 clock_gettime(CLOCK_BOOTTIME, {4399, 687918719}) = 0
1521770873.479756 clock_gettime(CLOCK_BOOTTIME, {4399, 687930949}) = 0
1521770873.479780 select(8, [4 5], [], NULL, NULL) = 1 (in [5])
1521770873.719849 clock_gettime(CLOCK_BOOTTIME, {4399, 928032505}) = 0
1521770873.719934 read(5, "\r", 16384)  = 1
1521770873.719987 clock_gettime(CLOCK_BOOTTIME, {4399, 928166574}) = 0
1521770873.720010 clock_gettime(CLOCK_BOOTTIME, {4399, 928186482}) = 0
1521770873.720029 select(8, [4 5], [4], NULL, NULL) = 1 (out [4])
1521770873.720060 clock_gettime(CLOCK_BOOTTIME, {4399, 928237761}) = 0
1521770873.720081 write(4, "\32\214QH\211\23\3308\365\373\212\2615@aN\364\177\246-\374\251wy\324\345\211>\204\6\371\227"..., 36) = 36
1521770873.720221 clock_gettime(CLOCK_BOOTTIME, {4399, 928400029}) = 0
1521770873.720245 clock_gettime(CLOCK_BOOTTIME, {4399, 928422097}) = 0
1521770873.720267 select(8, [4 5], [], NULL, NULL) = 1 (in [4])
1521770873.723100 clock_gettime(CLOCK_BOOTTIME, {4399, 931316267}) = 0
1521770873.723162 read(4, "$\255\226\305\337\36\232E`#g\255\270\177\224{] \265\322\f\37#6\330#\330$\23\346Y\r"..., 8192) = 36
1521770873.723194 clock_gettime(CLOCK_BOOTTIME, {4399, 931370145}) = 0
1521770873.723207 clock_gettime(CLOCK_BOOTTIME, {4399, 931382112}) = 0
1521770873.723219 select(8, [4 5], [6], NULL, NULL) = 1 (out [6])
1521770873.723239 clock_gettime(CLOCK_BOOTTIME, {4399, 931414457}) = 0
1521770873.723251 write(6, "\r\n", 2)   = 2
1521770873.723396 clock_gettime(CLOCK_BOOTTIME, {4399, 931573508}) = 0
1521770873.723412 clock_gettime(CLOCK_BOOTTIME, {4399, 931587021}) = 0
1521770873.723424 select(8, [4 5], [], NULL, NULL) = 1 (in [4])
1521770873.728103 clock_gettime(CLOCK_BOOTTIME, {4399, 936282313}) = 0
1521770873.728123 read(4, "h\324_a\f\1j\356\234`\305\357\5\324B\210!\254\235\253h\356\370s=Q)kM\375\311\327"..., 8192) = 672
1521770873.728157 clock_gettime(CLOCK_BOOTTIME, {4399, 936341242}) = 0
1521770873.728179 clock_gettime(CLOCK_BOOTTIME, {4399, 936354831}) = 0
1521770873.728192 select(8, [4 5], [6], NULL, NULL) = 1 (out [6])
1521770873.728212 clock_gettime(CLOCK_BOOTTIME, {4399, 936386792}) = 0
1521770873.728224 write(6, "total 0\r\ndrwxrwxr-x. 2 jacob jac"..., 594) = 594
1521770873.728356 clock_gettime(CLOCK_BOOTTIME, {4399, 936531688}) = 0
1521770873.728370 clock_gettime(CLOCK_BOOTTIME, {4399, 936544804}) = 0
1521770873.728394 select(8, [4 5], [], NULL, NULL) = 1 (in [5])
1521770874.286042 clock_gettime(CLOCK_BOOTTIME, {4400, 494222731}) = 0
1521770874.286068 read(5, "l", 16384)   = 1
1521770874.286108 clock_gettime(CLOCK_BOOTTIME, {4400, 494286879}) = 0
1521770874.286130 clock_gettime(CLOCK_BOOTTIME, {4400, 494307934}) = 0
1521770874.286151 select(8, [4 5], [4], NULL, NULL) = 1 (out [4])
1521770874.286180 clock_gettime(CLOCK_BOOTTIME, {4400, 494357497}) = 0
1521770874.286231 write(4, "<fa\271\371o\213N=%\261\353\206u\225t+\367\342>\350\215\371m'\307\20ZA\355\253\215"..., 36) = 36
1521770874.286336 clock_gettime(CLOCK_BOOTTIME, {4400, 494514954}) = 0
1521770874.286359 clock_gettime(CLOCK_BOOTTIME, {4400, 494535853}) = 0
1521770874.286378 select(8, [4 5], [], NULL, NULL) = 1 (in [4])
1521770874.287290 clock_gettime(CLOCK_BOOTTIME, {4400, 495466347}) = 0
1521770874.287304 read(4, "\242u\302\315\32\303x\275\0103>KW\22\20\310\t\347z\26\311\247\351\351V\316\252Yf\6\24\251"..., 8192) = 36
1521770874.287326 clock_gettime(CLOCK_BOOTTIME, {4400, 495501966}) = 0
1521770874.287339 clock_gettime(CLOCK_BOOTTIME, {4400, 495513715}) = 0
1521770874.287351 select(8, [4 5], [6], NULL, NULL) = 1 (out [6])
1521770874.287368 clock_gettime(CLOCK_BOOTTIME, {4400, 495542810}) = 0
1521770874.287379 write(6, "l", 1)      = 1
1521770874.287475 clock_gettime(CLOCK_BOOTTIME, {4400, 495650996}) = 0
1521770874.287489 clock_gettime(CLOCK_BOOTTIME, {4400, 495663716}) = 0
1521770874.287500 select(8, [4 5], [], NULL, NULL) = 1 (in [5])
1521770874.446252 clock_gettime(CLOCK_BOOTTIME, {4400, 654429949}) = 0
1521770874.446270 read(5, "l", 16384)   = 1
1521770874.446297 clock_gettime(CLOCK_BOOTTIME, {4400, 654473933}) = 0
1521770874.446311 clock_gettime(CLOCK_BOOTTIME, {4400, 654486804}) = 0
1521770874.446325 select(8, [4 5], [4], NULL, NULL) = 1 (out [4])
1521770874.446343 clock_gettime(CLOCK_BOOTTIME, {4400, 654518215}) = 0
1521770874.446356 write(4, "t\262\t+(@\200\274\22\250\17D\2141|Lys\f\303\323E\301N\236\330\263\20Gd\271!"..., 36) = 36
1521770874.446430 clock_gettime(CLOCK_BOOTTIME, {4400, 654606195}) = 0
1521770874.446444 clock_gettime(CLOCK_BOOTTIME, {4400, 654618899}) = 0
1521770874.446456 select(8, [4 5], [], NULL, NULL) = 1 (in [4])
1521770874.448157 clock_gettime(CLOCK_BOOTTIME, {4400, 656333557}) = 0
1521770874.448172 read(4, "\247\t\375gM\302\372G\21Ze\350)x\320I#\333\264\242[\376\336d\252\370(\304xB3\274"..., 8192) = 36
1521770874.448194 clock_gettime(CLOCK_BOOTTIME, {4400, 656369600}) = 0
1521770874.448206 clock_gettime(CLOCK_BOOTTIME, {4400, 656381593}) = 0
1521770874.448219 select(8, [4 5], [6], NULL, NULL) = 1 (out [6])
1521770874.448236 clock_gettime(CLOCK_BOOTTIME, {4400, 656411411}) = 0
1521770874.448248 write(6, "l", 1)      = 1
1521770874.448353 clock_gettime(CLOCK_BOOTTIME, {4400, 656528148}) = 0
1521770874.448366 clock_gettime(CLOCK_BOOTTIME, {4400, 656541029}) = 0
1521770874.448378 select(8, [4 5], [], NULL, NULL) = 1 (in [5])
1521770874.686445 clock_gettime(CLOCK_BOOTTIME, {4400, 894622424}) = 0
1521770874.686463 read(5, "\r", 16384)  = 1
1521770874.686492 clock_gettime(CLOCK_BOOTTIME, {4400, 894667370}) = 0
1521770874.686504 clock_gettime(CLOCK_BOOTTIME, {4400, 894679265}) = 0
1521770874.686517 select(8, [4 5], [4], NULL, NULL) = 1 (out [4])
1521770874.686534 clock_gettime(CLOCK_BOOTTIME, {4400, 894708937}) = 0
1521770874.686546 write(4, "\v_\n\341\271\206h\361\27\33\232\227q\331<\332\207\357j\351Qq1 \256\4\v\334\353\240I\321"..., 36) = 36
1521770874.686623 clock_gettime(CLOCK_BOOTTIME, {4400, 894798515}) = 0
1521770874.686637 clock_gettime(CLOCK_BOOTTIME, {4400, 894820477}) = 0
1521770874.686658 select(8, [4 5], [], NULL, NULL) = 1 (in [4])
1521770874.687467 clock_gettime(CLOCK_BOOTTIME, {4400, 895643406}) = 0
1521770874.687481 read(4, "k\345\2445\234\247S\3639\302NS\207\30\270\254\346\234v>''\202\357&\342_\344\203\347,\327"..., 8192) = 36
1521770874.687503 clock_gettime(CLOCK_BOOTTIME, {4400, 895678943}) = 0
1521770874.687516 clock_gettime(CLOCK_BOOTTIME, {4400, 895690593}) = 0
1521770874.687527 select(8, [4 5], [6], NULL, NULL) = 1 (out [6])
1521770874.687545 clock_gettime(CLOCK_BOOTTIME, {4400, 895719720}) = 0
1521770874.687557 write(6, "\r\n", 2)   = 2
1521770874.687681 clock_gettime(CLOCK_BOOTTIME, {4400, 895859156}) = 0
1521770874.687697 clock_gettime(CLOCK_BOOTTIME, {4400, 895872377}) = 0
1521770874.687709 select(8, [4 5], [], NULL, NULL) = 1 (in [4])
1521770874.689295 clock_gettime(CLOCK_BOOTTIME, {4400, 897471917}) = 0
1521770874.689311 read(4, "3\333\311\264\354{\0376\313&\0\3\326g1Y\315\370\20w\335\4%\343\376r\373h\365npb"..., 8192) = 596
1521770874.689338 clock_gettime(CLOCK_BOOTTIME, {4400, 897513976}) = 0
1521770874.689351 clock_gettime(CLOCK_BOOTTIME, {4400, 897525790}) = 0
1521770874.689363 select(8, [4 5], [6], NULL, NULL) = 1 (out [6])
1521770874.689380 clock_gettime(CLOCK_BOOTTIME, {4400, 897555300}) = 0
1521770874.689392 write(6, "total 0\r\ndrwxrwxr-x. 2 jacob jac"..., 559) = 559
1521770874.689539 clock_gettime(CLOCK_BOOTTIME, {4400, 897715303}) = 0
1521770874.689554 clock_gettime(CLOCK_BOOTTIME, {4400, 897728660}) = 0
1521770874.689566 select(8, [4 5], [], NULL, NULL) = 1 (in [4])
1521770874.689582 clock_gettime(CLOCK_BOOTTIME, {4400, 897757140}) = 0
1521770874.689594 read(4, "\244\310\203\35\303\214\355\34\225\3306IX\37\306\347@3\313\347\21xiH\20\360\310d\212\vj]"..., 8192) = 76
1521770874.689613 clock_gettime(CLOCK_BOOTTIME, {4400, 897788440}) = 0
1521770874.689625 clock_gettime(CLOCK_BOOTTIME, {4400, 897799976}) = 0
1521770874.689637 select(8, [4 5], [6], NULL, NULL) = 1 (out [6])
1521770874.689683 clock_gettime(CLOCK_BOOTTIME, {4400, 897858066}) = 0
1521770874.689695 write(6, "\33]0;jacob@study:~\7[jacob@study ~"..., 35) = 35
1521770874.689769 clock_gettime(CLOCK_BOOTTIME, {4400, 897944838}) = 0
1521770874.689783 clock_gettime(CLOCK_BOOTTIME, {4400, 897957553}) = 0
1521770874.689794 select(8, [4 5], [], NULL, NULL) = 1 (in [5])
1521770885.239274 clock_gettime(CLOCK_BOOTTIME, {4411, 447452376}) = 0
1521770885.239294 read(5, "a", 16384)   = 1
1521770885.239342 clock_gettime(CLOCK_BOOTTIME, {4411, 447517649}) = 0
1521770885.239355 clock_gettime(CLOCK_BOOTTIME, {4411, 447530434}) = 0
1521770885.239368 select(8, [4 5], [4], NULL, NULL) = 1 (out [4])
1521770885.239387 clock_gettime(CLOCK_BOOTTIME, {4411, 447561779}) = 0
1521770885.239399 write(4, "\"T\31\250\337anH\5\233j\253z\36\222\\\244\307\26\37qF\365\0)\0\nL\0372\247J"..., 36) = 36
1521770885.239476 clock_gettime(CLOCK_BOOTTIME, {4411, 447651059}) = 0
1521770885.239489 clock_gettime(CLOCK_BOOTTIME, {4411, 447663621}) = 0
1521770885.239501 select(8, [4 5], [], NULL, NULL) = 1 (in [4])
1521770885.240587 clock_gettime(CLOCK_BOOTTIME, {4411, 448764051}) = 0
1521770885.240604 read(4, "-\201#\234S\314\347\\W\35.CR\337\346\2544\\\336nY'/\375\210_\7\306q\265o\261"..., 8192) = 36
1521770885.240627 clock_gettime(CLOCK_BOOTTIME, {4411, 448802385}) = 0
1521770885.240639 clock_gettime(CLOCK_BOOTTIME, {4411, 448814354}) = 0
1521770885.240651 select(8, [4 5], [6], NULL, NULL) = 1 (out [6])
1521770885.240669 clock_gettime(CLOCK_BOOTTIME, {4411, 448844463}) = 0
1521770885.240681 write(6, "a", 1)      = 1
1521770885.240783 clock_gettime(CLOCK_BOOTTIME, {4411, 448958968}) = 0
1521770885.240797 clock_gettime(CLOCK_BOOTTIME, {4411, 448972133}) = 0
1521770885.240809 select(8, [4 5], [], NULL, NULL) = 1 (in [5])
1521770885.249269 clock_gettime(CLOCK_BOOTTIME, {4411, 457446443}) = 0
1521770885.249287 read(5, "s", 16384)   = 1
1521770885.249314 clock_gettime(CLOCK_BOOTTIME, {4411, 457489763}) = 0
1521770885.249327 clock_gettime(CLOCK_BOOTTIME, {4411, 457502008}) = 0
1521770885.249339 select(8, [4 5], [4], NULL, NULL) = 1 (out [4])
1521770885.249365 clock_gettime(CLOCK_BOOTTIME, {4411, 457540829}) = 0
1521770885.249378 write(4, "\255\205i\310\325\241\276\216\324\20yZ6\277\262\245\377\206\251/\240w\234\21\205\23\373byyY\221"..., 36) = 36
1521770885.249454 clock_gettime(CLOCK_BOOTTIME, {4411, 457629143}) = 0
1521770885.249467 clock_gettime(CLOCK_BOOTTIME, {4411, 457641976}) = 0
1521770885.249479 select(8, [4 5], [], NULL, NULL) = 1 (in [4])
1521770885.250498 clock_gettime(CLOCK_BOOTTIME, {4411, 458674461}) = 0
1521770885.250513 read(4, "\236\23\274\26\275\217D?$\37\241\30\317;`\212\37\273\310\232\223\243\335\37\255y\271\7\325\200K:"..., 8192) = 36
1521770885.250535 clock_gettime(CLOCK_BOOTTIME, {4411, 458710687}) = 0
1521770885.250548 clock_gettime(CLOCK_BOOTTIME, {4411, 458722641}) = 0
1521770885.250560 select(8, [4 5], [6], NULL, NULL) = 1 (out [6])
1521770885.250578 clock_gettime(CLOCK_BOOTTIME, {4411, 458752627}) = 0
1521770885.250590 write(6, "s", 1)      = 1
1521770885.250692 clock_gettime(CLOCK_BOOTTIME, {4411, 458867955}) = 0
1521770885.250706 clock_gettime(CLOCK_BOOTTIME, {4411, 458880961}) = 0
1521770885.250718 select(8, [4 5], [], NULL, NULL) = 1 (in [5])
1521770885.301970 clock_gettime(CLOCK_BOOTTIME, {4411, 510147076}) = 0
1521770885.301987 read(5, "d", 16384)   = 1
1521770885.302015 clock_gettime(CLOCK_BOOTTIME, {4411, 510190153}) = 0
1521770885.302027 clock_gettime(CLOCK_BOOTTIME, {4411, 510202231}) = 0
1521770885.302039 select(8, [4 5], [4], NULL, NULL) = 1 (out [4])
1521770885.302057 clock_gettime(CLOCK_BOOTTIME, {4411, 510232112}) = 0
1521770885.302087 write(4, "2\312\204z\227\320_\365\241!\305p2\22\345\264Qu\330\r\17\224\360S#pji\305\275\2\230"..., 36) = 36
1521770885.302175 clock_gettime(CLOCK_BOOTTIME, {4411, 510352847}) = 0
1521770885.302196 clock_gettime(CLOCK_BOOTTIME, {4411, 510372415}) = 0
1521770885.302210 select(8, [4 5], [], NULL, NULL) = 1 (in [4])
1521770885.302686 clock_gettime(CLOCK_BOOTTIME, {4411, 510862819}) = 0
1521770885.302701 read(4, "\232nN\315v\370\210\316J\25$\343\265zn\32\361\324\304]\25@\310\331\275\276%)\221\r8\6"..., 8192) = 36
1521770885.302723 clock_gettime(CLOCK_BOOTTIME, {4411, 510898197}) = 0
1521770885.302735 clock_gettime(CLOCK_BOOTTIME, {4411, 510910112}) = 0
1521770885.302747 select(8, [4 5], [6], NULL, NULL) = 1 (out [6])
1521770885.302764 clock_gettime(CLOCK_BOOTTIME, {4411, 510939422}) = 0
1521770885.302776 write(6, "d", 1)      = 1
1521770885.302887 clock_gettime(CLOCK_BOOTTIME, {4411, 511063334}) = 0
1521770885.302902 clock_gettime(CLOCK_BOOTTIME, {4411, 511076738}) = 0
1521770885.302914 select(8, [4 5], [], NULL, NULL) = 1 (in [5])
1521770885.382375 clock_gettime(CLOCK_BOOTTIME, {4411, 590552322}) = 0
1521770885.382392 read(5, "f", 16384)   = 1
1521770885.382419 clock_gettime(CLOCK_BOOTTIME, {4411, 590594469}) = 0
1521770885.382432 clock_gettime(CLOCK_BOOTTIME, {4411, 590606540}) = 0
1521770885.382444 select(8, [4 5], [4], NULL, NULL) = 1 (out [4])
1521770885.382461 clock_gettime(CLOCK_BOOTTIME, {4411, 590636374}) = 0
1521770885.382474 write(4, "99\244\272q\267d\302<\344T\320&\246\222b\247\212\327\255.\3\224\231k\237\346\223\254\f\375\366"..., 36) = 36
1521770885.382544 clock_gettime(CLOCK_BOOTTIME, {4411, 590720130}) = 0
1521770885.382558 clock_gettime(CLOCK_BOOTTIME, {4411, 590733188}) = 0
1521770885.382570 select(8, [4 5], [], NULL, NULL) = 1 (in [4])
1521770885.382957 clock_gettime(CLOCK_BOOTTIME, {4411, 591133417}) = 0
1521770885.382971 read(4, "\276\205ON\335\205\224\31K\361\377\365\25\222\250|-\321\24Rt\7I\211\2\267\335\34\4u\341X"..., 8192) = 36
1521770885.382992 clock_gettime(CLOCK_BOOTTIME, {4411, 591167966}) = 0
1521770885.383005 clock_gettime(CLOCK_BOOTTIME, {4411, 591180204}) = 0
1521770885.383017 select(8, [4 5], [6], NULL, NULL) = 1 (out [6])
1521770885.383035 clock_gettime(CLOCK_BOOTTIME, {4411, 591209896}) = 0
1521770885.383047 write(6, "f", 1)      = 1
1521770885.383131 clock_gettime(CLOCK_BOOTTIME, {4411, 591306425}) = 0
1521770885.383145 clock_gettime(CLOCK_BOOTTIME, {4411, 591319947}) = 0
1521770885.383157 select(8, [4 5], [], NULL, NULL) = 1 (in [5])
1521770885.741793 clock_gettime(CLOCK_BOOTTIME, {4411, 949982675}) = 0
1521770885.741828 read(5, "\r", 16384)  = 1
1521770885.741863 clock_gettime(CLOCK_BOOTTIME, {4411, 950039830}) = 0
1521770885.741878 clock_gettime(CLOCK_BOOTTIME, {4411, 950054167}) = 0
1521770885.741893 select(8, [4 5], [4], NULL, NULL) = 1 (out [4])
1521770885.741912 clock_gettime(CLOCK_BOOTTIME, {4411, 950087885}) = 0
1521770885.741926 write(4, "\321\326?\4l,\247*I\243\364\356\266P\0\37W]<\3204y\fE\v\305\6G\350z2\26"..., 36) = 36
1521770885.742055 clock_gettime(CLOCK_BOOTTIME, {4411, 950230846}) = 0
1521770885.742069 clock_gettime(CLOCK_BOOTTIME, {4411, 950244185}) = 0
1521770885.742081 select(8, [4 5], [], NULL, NULL) = 1 (in [4])
1521770885.743828 clock_gettime(CLOCK_BOOTTIME, {4411, 952004767}) = 0
1521770885.743844 read(4, "\376G\331\212\206(\305\311%\274\325gN.\0175]\5c\340\255\332Ob\237\20$\355\6s\3018"..., 8192) = 36
1521770885.743869 clock_gettime(CLOCK_BOOTTIME, {4411, 952044121}) = 0
1521770885.743881 clock_gettime(CLOCK_BOOTTIME, {4411, 952056188}) = 0
1521770885.743894 select(8, [4 5], [6], NULL, NULL) = 1 (out [6])
1521770885.743911 clock_gettime(CLOCK_BOOTTIME, {4411, 952086588}) = 0
1521770885.743924 write(6, "\r\n", 2)   = 2
1521770885.744181 clock_gettime(CLOCK_BOOTTIME, {4411, 952357409}) = 0
1521770885.744196 clock_gettime(CLOCK_BOOTTIME, {4411, 952370695}) = 0
1521770885.744208 select(8, [4 5], [], NULL, NULL) = 1 (in [4])
1521770885.748636 clock_gettime(CLOCK_BOOTTIME, {4411, 956820088}) = 0
1521770885.748670 read(4, ">\262\341\17\250\37\372\370\203q\333{\270r\321&[1f6Hn\236\231\316|\372$\215'sc"..., 8192) = 100
1521770885.748721 clock_gettime(CLOCK_BOOTTIME, {4411, 956901337}) = 0
1521770885.748746 clock_gettime(CLOCK_BOOTTIME, {4411, 956924376}) = 0
1521770885.748769 select(8, [4 5], [6], NULL, NULL) = 1 (out [6])
1521770885.748803 clock_gettime(CLOCK_BOOTTIME, {4411, 956981416}) = 0
1521770885.748826 write(6, "bash: asdf: command not found..."..., 62) = 62
1521770885.749116 clock_gettime(CLOCK_BOOTTIME, {4411, 957295549}) = 0
1521770885.749141 clock_gettime(CLOCK_BOOTTIME, {4411, 957318760}) = 0
1521770885.749162 select(8, [4 5], [], NULL, NULL) = 1 (in [4])
1521770885.749190 clock_gettime(CLOCK_BOOTTIME, {4411, 957368331}) = 0
1521770885.749211 read(4, "<3\354\222L\237\rF\272C\374\316\242.\23\330j\307\354\226\2562\210\250\377\27\240\225\207\204\237\3"..., 8192) = 76
1521770885.749243 clock_gettime(CLOCK_BOOTTIME, {4411, 957421484}) = 0
1521770885.749265 clock_gettime(CLOCK_BOOTTIME, {4411, 957441993}) = 0
1521770885.749285 select(8, [4 5], [6], NULL, NULL) = 1 (out [6])
1521770885.749315 clock_gettime(CLOCK_BOOTTIME, {4411, 957493138}) = 0
1521770885.749338 write(6, "\33]0;jacob@study:~\7[jacob@study ~"..., 35) = 35
1521770885.749447 clock_gettime(CLOCK_BOOTTIME, {4411, 957626226}) = 0
1521770885.749471 clock_gettime(CLOCK_BOOTTIME, {4411, 957648928}) = 0
1521770885.749492 select(8, [4 5], [], NULL, NULL) = 1 (in [5])
1521770885.965821 clock_gettime(CLOCK_BOOTTIME, {4412, 174002830}) = 0
1521770885.965849 read(5, "s", 16384)   = 1
1521770885.965889 clock_gettime(CLOCK_BOOTTIME, {4412, 174064844}) = 0
1521770885.965902 clock_gettime(CLOCK_BOOTTIME, {4412, 174077190}) = 0
1521770885.965915 select(8, [4 5], [4], NULL, NULL) = 1 (out [4])
1521770885.965933 clock_gettime(CLOCK_BOOTTIME, {4412, 174107979}) = 0
1521770885.965946 write(4, "\336v\0J\7tXE\257\342A\254\341\3q%\334I\226!1\326\373\357Onn\301v\3676{"..., 36) = 36
1521770885.966056 clock_gettime(CLOCK_BOOTTIME, {4412, 174232867}) = 0
1521770885.966071 clock_gettime(CLOCK_BOOTTIME, {4412, 174246260}) = 0
1521770885.966083 select(8, [4 5], [], NULL, NULL) = 1 (in [4])
1521770885.968071 clock_gettime(CLOCK_BOOTTIME, {4412, 176247894}) = 0
1521770885.968087 read(4, "\377\327K\31h\353\340\23\212\343.\177nB\266&\313\314S\325\257\2147/\275\276\317\316\3s\200Y"..., 8192) = 36
1521770885.968116 clock_gettime(CLOCK_BOOTTIME, {4412, 176291933}) = 0
1521770885.968129 clock_gettime(CLOCK_BOOTTIME, {4412, 176304067}) = 0
1521770885.968142 select(8, [4 5], [6], NULL, NULL) = 1 (out [6])
1521770885.968160 clock_gettime(CLOCK_BOOTTIME, {4412, 176342157}) = 0
1521770885.968180 write(6, "s", 1)      = 1
1521770885.968226 clock_gettime(CLOCK_BOOTTIME, {4412, 176401563}) = 0
1521770885.968239 clock_gettime(CLOCK_BOOTTIME, {4412, 176415365}) = 0
1521770885.968267 select(8, [4 5], [], NULL, NULL) = 1 (in [5])
1521770885.982184 clock_gettime(CLOCK_BOOTTIME, {4412, 190365217}) = 0
1521770885.982209 read(5, "a", 16384)   = 1
1521770885.982241 clock_gettime(CLOCK_BOOTTIME, {4412, 190417230}) = 0
1521770885.982254 clock_gettime(CLOCK_BOOTTIME, {4412, 190429624}) = 0
1521770885.982267 select(8, [4 5], [4], NULL, NULL) = 1 (out [4])
1521770885.982286 clock_gettime(CLOCK_BOOTTIME, {4412, 190461471}) = 0
1521770885.982299 write(4, "\354\270-\373\255\236\364\224\326q\376\262\224\360v\323\252\200\365\253\225\304M]\2\306\3\210\4m\307\312"..., 36) = 36
1521770885.982376 clock_gettime(CLOCK_BOOTTIME, {4412, 190551633}) = 0
1521770885.982390 clock_gettime(CLOCK_BOOTTIME, {4412, 190564623}) = 0
1521770885.982401 select(8, [4 5], [], NULL, NULL) = 1 (in [4])
1521770885.982908 clock_gettime(CLOCK_BOOTTIME, {4412, 191085115}) = 0
1521770885.982923 read(4, "~\321%\17\347\356\237A\367\257\205\342\2347\20cDOM\0sXi\210\312\274\212\217\2n\225\320"..., 8192) = 36
1521770885.982947 clock_gettime(CLOCK_BOOTTIME, {4412, 191122669}) = 0
1521770885.982959 clock_gettime(CLOCK_BOOTTIME, {4412, 191134490}) = 0
1521770885.982971 select(8, [4 5], [6], NULL, NULL) = 1 (out [6])
1521770885.982989 clock_gettime(CLOCK_BOOTTIME, {4412, 191163630}) = 0
1521770885.983000 write(6, "a", 1)      = 1
1521770885.983099 clock_gettime(CLOCK_BOOTTIME, {4412, 191275147}) = 0
1521770885.983113 clock_gettime(CLOCK_BOOTTIME, {4412, 191288260}) = 0
1521770885.983125 select(8, [4 5], [], NULL, NULL) = 1 (in [5])
1521770885.992174 clock_gettime(CLOCK_BOOTTIME, {4412, 200350844}) = 0
1521770885.992191 read(5, "d", 16384)   = 1
1521770885.992218 clock_gettime(CLOCK_BOOTTIME, {4412, 200393149}) = 0
1521770885.992230 clock_gettime(CLOCK_BOOTTIME, {4412, 200405049}) = 0
1521770885.992242 select(8, [4 5], [4], NULL, NULL) = 1 (out [4])
1521770885.992259 clock_gettime(CLOCK_BOOTTIME, {4412, 200434357}) = 0
1521770885.992272 write(4, "\0nD\16\321,\307\351\32\35Q\215\237B \350~\333\301x\fP\320\203\215\0\317\365r_\326)"..., 36) = 36
1521770885.992343 clock_gettime(CLOCK_BOOTTIME, {4412, 200518830}) = 0
1521770885.992357 clock_gettime(CLOCK_BOOTTIME, {4412, 200531684}) = 0
1521770885.992369 select(8, [4 5], [], NULL, NULL) = 1 (in [4])
1521770885.992675 clock_gettime(CLOCK_BOOTTIME, {4412, 200850369}) = 0
1521770885.992688 read(4, "\33?\342w\331\263\264\206x\220u\2079\223\3342AE\220\350P\334\242N$\3173\247\276rT\251"..., 8192) = 36
1521770885.992708 clock_gettime(CLOCK_BOOTTIME, {4412, 200883196}) = 0
1521770885.992720 clock_gettime(CLOCK_BOOTTIME, {4412, 200894839}) = 0
1521770885.992732 select(8, [4 5], [6], NULL, NULL) = 1 (out [6])
1521770885.992763 clock_gettime(CLOCK_BOOTTIME, {4412, 200938155}) = 0
1521770885.992775 write(6, "d", 1)      = 1
1521770885.992883 clock_gettime(CLOCK_BOOTTIME, {4412, 201058400}) = 0
1521770885.992897 clock_gettime(CLOCK_BOOTTIME, {4412, 201071520}) = 0
1521770885.992908 select(8, [4 5], [], NULL, NULL) = 1 (in [5])
1521770886.054613 clock_gettime(CLOCK_BOOTTIME, {4412, 262791854}) = 0
1521770886.054632 read(5, "f", 16384)   = 1
1521770886.054658 clock_gettime(CLOCK_BOOTTIME, {4412, 262833331}) = 0
1521770886.054670 clock_gettime(CLOCK_BOOTTIME, {4412, 262845318}) = 0
1521770886.054683 select(8, [4 5], [4], NULL, NULL) = 1 (out [4])
1521770886.054700 clock_gettime(CLOCK_BOOTTIME, {4412, 262875100}) = 0
1521770886.054712 write(4, "\272!\257\235\240.Q\35\234=\36X\245\220\270\305\363\300~_\301<\345\3\274\210Ac\t\3\277G"..., 36) = 36
1521770886.054784 clock_gettime(CLOCK_BOOTTIME, {4412, 262959770}) = 0
1521770886.054798 clock_gettime(CLOCK_BOOTTIME, {4412, 262972503}) = 0
1521770886.054809 select(8, [4 5], [], NULL, NULL) = 1 (in [4])
1521770886.055236 clock_gettime(CLOCK_BOOTTIME, {4412, 263412135}) = 0
1521770886.055250 read(4, "PD\322<)T!\311v\16\212xk\26\216+\346:\2107\\\32\26\374\20\375\326o\310\2046\7"..., 8192) = 36
1521770886.055279 clock_gettime(CLOCK_BOOTTIME, {4412, 263454855}) = 0
1521770886.055292 clock_gettime(CLOCK_BOOTTIME, {4412, 263467103}) = 0
1521770886.055304 select(8, [4 5], [6], NULL, NULL) = 1 (out [6])
1521770886.055322 clock_gettime(CLOCK_BOOTTIME, {4412, 263496783}) = 0
1521770886.055334 write(6, "f", 1)      = 1
1521770886.055420 clock_gettime(CLOCK_BOOTTIME, {4412, 263595931}) = 0
1521770886.055434 clock_gettime(CLOCK_BOOTTIME, {4412, 263609097}) = 0
1521770886.055446 select(8, [4 5], [], NULL, NULL) = 1 (in [5])
1521770886.190743 clock_gettime(CLOCK_BOOTTIME, {4412, 398919953}) = 0
1521770886.190760 read(5, "\r", 16384)  = 1
1521770886.190787 clock_gettime(CLOCK_BOOTTIME, {4412, 398962205}) = 0
1521770886.190799 clock_gettime(CLOCK_BOOTTIME, {4412, 398974018}) = 0
1521770886.190811 select(8, [4 5], [4], NULL, NULL) = 1 (out [4])
1521770886.190828 clock_gettime(CLOCK_BOOTTIME, {4412, 399003562}) = 0
1521770886.190841 write(4, "z\237\336.\22\"\324d\2768Q\317\276\306Pv\212\230\254xsJ~2\346\342mZg8\313\230"..., 36) = 36
1521770886.190922 clock_gettime(CLOCK_BOOTTIME, {4412, 399097872}) = 0
1521770886.190946 clock_gettime(CLOCK_BOOTTIME, {4412, 399123319}) = 0
1521770886.190961 select(8, [4 5], [], NULL, NULL) = 1 (in [4])
1521770886.191852 clock_gettime(CLOCK_BOOTTIME, {4412, 400029169}) = 0
1521770886.191868 read(4, "\350~\35\265w\334-\273l\217\313\336\25w\275Q\301\22\245\t\225\240Z\302*\31\200\301\205Q?\n"..., 8192) = 36
1521770886.191891 clock_gettime(CLOCK_BOOTTIME, {4412, 400066163}) = 0
1521770886.191903 clock_gettime(CLOCK_BOOTTIME, {4412, 400078065}) = 0
1521770886.191915 select(8, [4 5], [6], NULL, NULL) = 1 (out [6])
1521770886.191933 clock_gettime(CLOCK_BOOTTIME, {4412, 400107922}) = 0
1521770886.191945 write(6, "\r\n", 2)   = 2
1521770886.192047 clock_gettime(CLOCK_BOOTTIME, {4412, 400223312}) = 0
1521770886.192062 clock_gettime(CLOCK_BOOTTIME, {4412, 400236695}) = 0
1521770886.192074 select(8, [4 5], [], NULL, NULL) = 1 (in [4])
1521770886.222720 clock_gettime(CLOCK_BOOTTIME, {4412, 430897198}) = 0
1521770886.222737 read(4, "$\0049L\373\0047R\35E\342._\345v\237#b\356\31\247p.|]\361\3038ne:."..., 8192) = 2476
1521770886.222784 clock_gettime(CLOCK_BOOTTIME, {4412, 430959805}) = 0
1521770886.222797 clock_gettime(CLOCK_BOOTTIME, {4412, 430972432}) = 0
1521770886.222810 select(8, [4 5], [6], NULL, NULL) = 1 (out [6])
1521770886.222830 clock_gettime(CLOCK_BOOTTIME, {4412, 431004863}) = 0
1521770886.222869 write(6, "study.centos7.Jacob\t-1\t2018-03-2"..., 2437) = 2437
1521770886.223038 clock_gettime(CLOCK_BOOTTIME, {4412, 431213487}) = 0
1521770886.223052 clock_gettime(CLOCK_BOOTTIME, {4412, 431226833}) = 0
1521770886.223064 select(8, [4 5], [], NULL, NULL) = 1 (in [5])
1521770887.998640 clock_gettime(CLOCK_BOOTTIME, {4414, 206818114}) = 0
1521770887.998658 read(5, "\4", 16384)  = 1
1521770887.998686 clock_gettime(CLOCK_BOOTTIME, {4414, 206861056}) = 0
1521770887.998698 clock_gettime(CLOCK_BOOTTIME, {4414, 206873097}) = 0
1521770887.998710 select(8, [4 5], [4], NULL, NULL) = 1 (out [4])
1521770887.998727 clock_gettime(CLOCK_BOOTTIME, {4414, 206902672}) = 0
1521770887.998740 write(4, "\35G\353\365[\27m;5\372\362:\341\360rR\377\21)\24081sm\275\272]_\204\24\1\22"..., 36) = 36
1521770887.998825 clock_gettime(CLOCK_BOOTTIME, {4414, 207000583}) = 0
1521770887.998839 clock_gettime(CLOCK_BOOTTIME, {4414, 207013720}) = 0
1521770887.998851 select(8, [4 5], [], NULL, NULL) = 1 (in [4])
1521770887.999878 clock_gettime(CLOCK_BOOTTIME, {4414, 208054953}) = 0
1521770887.999893 read(4, "\331\37\373\234\232N\310\346z\205\2\177\365\227+\323\347%\33\206\24N\355\270\32\203\352\333\23\2\5\306"..., 8192) = 220
1521770887.999925 close(5)              = 0
1521770887.999944 clock_gettime(CLOCK_BOOTTIME, {4414, 208119097}) = 0
1521770887.999957 clock_gettime(CLOCK_BOOTTIME, {4414, 208131706}) = 0
1521770887.999969 select(8, [4], [6], NULL, NULL) = 1 (out [6])
1521770887.999986 clock_gettime(CLOCK_BOOTTIME, {4414, 208161038}) = 0
1521770887.999998 write(6, "logout\r\n", 8) = 8
1521770888.000138 clock_gettime(CLOCK_BOOTTIME, {4414, 208314121}) = 0
1521770888.000152 clock_gettime(CLOCK_BOOTTIME, {4414, 208327314}) = 0
1521770888.000165 close(6)              = 0
1521770888.000178 ioctl(0, SNDCTL_TMR_STOP or TCSETSW, {B38400 opost isig icanon echo ...}) = 0
1521770888.000207 close(7)              = 0
1521770888.000221 select(8, [4], [4], NULL, NULL) = 1 (out [4])
1521770888.000238 clock_gettime(CLOCK_BOOTTIME, {4414, 208412794}) = 0
1521770888.000250 write(4, "I\21\251\261V\32\256>KJ\326~Fz\0360\267\343m\262\241B\225\30D(\20\226\25\300Jb"..., 36) = 36
1521770888.000313 rt_sigaction(SIGWINCH, NULL, {0x55bbddac5430, [], SA_RESTORER, 0x7f0ba4e0b270}, 8) = 0
1521770888.000342 rt_sigaction(SIGWINCH, {SIG_DFL, [], SA_RESTORER, 0x7f0ba4e0b270}, NULL, 8) = 0
1521770888.000359 write(4, "e\306\247<\304\200\263\33@v~\266\317\3670\5\355@\263\5\36\257\251Z\273\2.\326\6t\237\264"..., 60) = 60
1521770888.000420 ioctl(0, TCGETS, {B38400 opost isig icanon echo ...}) = 0
1521770888.000437 ioctl(1, TCGETS, {B38400 opost isig icanon echo ...}) = 0
1521770888.000449 ioctl(2, TCGETS, {B38400 opost isig icanon echo ...}) = 0
1521770888.000463 write(2, "Connection to 192.168.125.180 cl"..., 39) = 39
1521770888.000544 shutdown(4, SHUT_RDWR) = 0
1521770888.000846 close(4)              = 0
1521770888.001024 exit_group(0)         = ?
1521770888.001677 +++ exited with 0 +++
