2017-05-21 14:13:05,344 - acion - INFO - base - 47:  用户-Breakering注册了该系统！
2017-05-21 14:13:05,344 - acion - INFO - ftpserver - 63:  Breakering用户目录创建成功！
2017-05-21 14:13:12,304 - acion - INFO - base - 64:  用户-Breakering登陆了该系统！
2017-05-21 14:14:45,856 - acion - INFO - base - 64:  用户-Breakering登陆了该系统！
2017-05-21 14:17:10,782 - acion - INFO - base - 64:  用户-Breakering登陆了该系统！
2017-05-21 14:17:35,245 - acion - INFO - base - 64:  用户-Breakering登陆了该系统！
2017-05-21 14:18:36,613 - acion - INFO - base - 64:  用户-Breakering登陆了该系统！
2017-05-21 14:19:20,933 - acion - INFO - base - 64:  用户-Breakering登陆了该系统！
2017-05-21 14:19:51,049 - acion - INFO - base - 64:  用户-Breakering登陆了该系统！
2017-05-21 14:21:34,853 - acion - INFO - base - 64:  用户-Breakering登陆了该系统！
2017-05-21 14:22:38,628 - acion - INFO - base - 64:  用户-Breakering登陆了该系统！
2017-05-21 14:36:03,740 - acion - INFO - base - 64:  用户-Breakering登陆了该系统！
2017-05-21 14:42:58,672 - acion - INFO - base - 64:  用户-Breakering登陆了该系统！
2017-05-21 14:43:49,233 - acion - INFO - base - 64:  用户-Breakering登陆了该系统！
2017-05-21 14:45:52,578 - acion - INFO - base - 64:  用户-Breakering登陆了该系统！
2017-05-21 14:49:08,648 - acion - INFO - base - 64:  用户-Breakering登陆了该系统！
2017-05-21 15:00:31,683 - acion - INFO - base - 64:  用户-Breakering登陆了该系统！
2017-05-21 15:01:21,586 - acion - INFO - base - 64:  用户-Breakering登陆了该系统！
2017-05-21 15:09:20,887 - acion - INFO - base - 64:  用户-Breakering登陆了该系统！
2017-05-21 15:15:05,016 - acion - INFO - base - 64:  用户-Breakering登陆了该系统！
2017-05-21 15:18:54,910 - acion - INFO - base - 64:  用户-Breakering登陆了该系统！
2017-05-21 15:21:23,461 - acion - INFO - base - 64:  用户-Breakering登陆了该系统！
2017-05-21 15:24:15,028 - acion - INFO - base - 64:  用户-Breakering登陆了该系统！
2017-05-21 15:29:54,230 - acion - INFO - base - 47:  用户-profhua注册了该系统！
2017-05-21 15:29:54,230 - acion - INFO - ftpserver - 63:  profhua用户目录创建成功！
2017-05-21 15:30:27,159 - acion - INFO - base - 64:  用户-profhua登陆了该系统！
2017-05-21 15:37:01,576 - acion - INFO - base - 64:  用户-Breakering登陆了该系统！
2017-05-21 15:37:11,979 - acion - INFO - ftpserver - 117:  用户[Breakering]上传了文件[mylog.log]
2017-05-21 15:37:22,891 - acion - INFO - ftpserver - 141:  用户[Breakering]下载了文件[mylog.log]
2017-05-21 15:37:39,918 - acion - INFO - ftpserver - 141:  用户[Breakering]下载了文件[mylog.log]
2017-05-21 15:37:45,876 - acion - INFO - ftpserver - 141:  用户[Breakering]下载了文件[mylog.log]
2017-05-21 15:37:57,221 - acion - INFO - ftpserver - 141:  用户[Breakering]下载了文件[mylog.log]
2017-05-21 15:38:02,116 - acion - INFO - ftpserver - 141:  用户[Breakering]下载了文件[mylog.log]
2017-05-21 15:38:07,669 - acion - INFO - ftpserver - 141:  用户[Breakering]下载了文件[mylog.log]
2017-05-21 15:38:31,177 - acion - INFO - base - 64:  用户-profhua登陆了该系统！
2017-05-21 15:38:40,863 - acion - INFO - ftpserver - 141:  用户[profhua]下载了文件[mylog.log]
2017-05-21 15:38:44,836 - acion - INFO - ftpserver - 141:  用户[profhua]下载了文件[mylog.log]
2017-05-21 15:38:52,061 - acion - INFO - ftpserver - 141:  用户[profhua]下载了文件[mylog.log]
2017-05-21 15:50:27,390 - acion - INFO - base - 64:  用户-Breakering登陆了该系统！
2017-05-21 15:50:47,191 - acion - INFO - ftpserver - 141:  用户[Breakering]下载了文件[mylog.log]
2017-05-21 15:50:54,845 - acion - INFO - ftpserver - 141:  用户[Breakering]下载了文件[mylog.log]
2017-05-21 15:51:02,982 - acion - INFO - ftpserver - 117:  用户[Breakering]上传了文件[mylog.log]
2017-05-21 15:51:42,396 - acion - INFO - ftpserver - 141:  用户[Breakering]下载了文件[mylog.log]
2017-05-21 15:52:21,103 - acion - INFO - base - 64:  用户-profhua登陆了该系统！
2017-05-21 15:52:27,238 - acion - INFO - ftpserver - 141:  用户[profhua]下载了文件[mylog.log]
2017-05-21 15:52:32,894 - acion - INFO - ftpserver - 141:  用户[profhua]下载了文件[mylog.log]
2017-05-21 15:52:40,335 - acion - INFO - ftpserver - 117:  用户[profhua]上传了文件[mylog.log]
2017-05-21 15:53:19,011 - acion - INFO - ftpserver - 117:  用户[profhua]上传了文件[QQ图片20170430151808.png]
2017-05-21 15:53:27,267 - acion - INFO - ftpserver - 141:  用户[profhua]下载了文件[QQ图片20170430151808.png]
2017-05-21 15:53:30,940 - acion - INFO - ftpserver - 141:  用户[profhua]下载了文件[QQ图片20170430151808.png]
2017-05-21 16:23:09,802 - acion - INFO - base - 64:  用户-Breakering登陆了该系统！
2017-05-21 16:23:25,540 - acion - INFO - ftpserver - 141:  用户[Breakering]下载了文件[mylog.log]
2017-05-21 16:23:29,397 - acion - INFO - ftpserver - 141:  用户[Breakering]下载了文件[mylog.log]
2017-05-21 16:23:37,651 - acion - INFO - ftpserver - 117:  用户[Breakering]下载了文件[mylog.log]
2017-05-21 16:36:25,250 - acion - INFO - base - 64:  用户-Breakering登陆了该系统！
2017-05-21 16:36:32,827 - acion - INFO - ftpserver - 141:  用户[Breakering]下载了文件[mylog.log]
2017-05-21 16:36:40,989 - acion - INFO - ftpserver - 117:  用户[Breakering]下载了文件[mylog.log]
2017-05-21 18:41:15,884 - acion - INFO - base - 63:  用户-Breakering登陆了该系统！
2017-05-21 18:41:30,791 - acion - INFO - base - 46:  用户-wolf注册了该系统！
2017-05-21 18:41:30,792 - acion - INFO - ftpserver - 63:  wolf用户目录创建成功！
2017-05-21 18:41:36,106 - acion - INFO - base - 63:  用户-wolf登陆了该系统！
2017-05-21 18:41:47,508 - acion - INFO - ftpserver - 117:  用户[wolf]下载了文件[mylog.log]
2017-05-21 18:42:00,168 - acion - INFO - ftpserver - 141:  用户[wolf]下载了文件[mylog.log]
2017-05-21 18:42:45,940 - acion - INFO - ftpserver - 117:  用户[wolf]下载了文件[module03.zip]
2017-05-21 18:42:54,546 - acion - INFO - ftpserver - 141:  用户[wolf]下载了文件[module03.zip]
2017-05-22 08:48:09,382 - acion - INFO - base - 63:  用户-Breakering登陆了该系统！
2017-05-22 08:48:16,887 - acion - INFO - ftpserver - 141:  用户[Breakering]下载了文件[mylog.log]
2017-05-22 08:48:28,231 - acion - INFO - ftpserver - 141:  用户[Breakering]下载了文件[mylog.log]
2017-05-22 18:19:15,221 - acion - INFO - base - 63:  用户-Breakering登陆了该系统！
2017-05-22 18:19:23,655 - acion - INFO - ftpserver - 141:  用户[Breakering]下载了文件[mylog.log]
2017-05-22 18:19:46,889 - acion - INFO - ftpserver - 117:  用户[Breakering]下载了文件[2017年5月绩效数据-数据组.xlsx]
2017-05-22 18:20:26,346 - acion - INFO - ftpserver - 117:  用户[Breakering]下载了文件[MyCollectionImagePath-E3B5F813-7EC4-42E7-9210-E0E924F73CCB.jpg]
2017-05-22 18:21:29,667 - acion - INFO - ftpserver - 117:  用户[Breakering]下载了文件[python-3.5.2-amd64.exe]
2017-05-22 18:21:57,665 - acion - INFO - ftpserver - 141:  用户[Breakering]下载了文件[python-3.5.2-amd64.exe]
