2017-06-27 19:55:35,381 - action - INFO - main_view - 132:  学员:Dog成功注册了该系统！
2017-06-28 14:28:24,224 - action - INFO - main_view - 149:  学员:Dog成功注册了该系统！
2017-06-28 14:30:47,528 - action - INFO - main_view - 149:  学员:Dog成功注册了该系统！
2017-06-28 17:04:49,255 - action - INFO - teacher_view - 69:  班级:Python自动化开发第101期创建成功！
2017-06-28 19:44:59,584 - action - INFO - main_view - 165:  学员:Dog成功注册了该系统！
2017-06-28 20:42:44,124 - action - INFO - teacher_view - 122:  学员[Breakering]已添加进班级[Python自动化开发第100期]
2017-06-28 20:42:58,605 - action - INFO - teacher_view - 122:  学员[Profhua]已添加进班级[Python自动化开发第100期]
2017-06-28 20:43:05,332 - action - INFO - teacher_view - 122:  学员[Wolf]已添加进班级[Python自动化开发第100期]
2017-06-28 20:43:20,169 - action - INFO - teacher_view - 168:  [Python自动化开发第100期]上课记录[1]已创建!
2017-06-28 20:44:49,180 - action - INFO - teacher_view - 122:  学员[Breakering]已添加进班级[Python自动化开发第100期]
2017-06-28 20:45:00,014 - action - INFO - teacher_view - 122:  学员[Profhua]已添加进班级[Python自动化开发第100期]
2017-06-28 20:45:08,259 - action - INFO - teacher_view - 122:  学员[Wolf]已添加进班级[Python自动化开发第100期]
2017-06-28 20:45:20,367 - action - INFO - teacher_view - 168:  [Python自动化开发第100期]上课记录[1]已创建!
2017-06-29 16:38:05,060 - action - INFO - teacher_view - 122:  学员[Breakering]已添加进班级[Python自动化开发第100期]
2017-06-29 16:38:17,036 - action - INFO - teacher_view - 122:  学员[Profhua]已添加进班级[Python自动化开发第100期]
2017-06-29 16:38:26,664 - action - INFO - teacher_view - 122:  学员[Wolf]已添加进班级[Python自动化开发第100期]
2017-06-29 16:38:48,089 - action - INFO - teacher_view - 168:  [Python自动化开发第100期]上课记录[1]已创建!
2017-06-29 17:23:36,493 - action - INFO - teacher_view - 254:  学员[Breakering]的课程[Python自动化开发第100期]第1节成绩已修改为100!
2017-06-29 17:23:51,669 - action - INFO - teacher_view - 254:  学员[Profhua]的课程[Python自动化开发第100期]第1节成绩已修改为100!
2017-06-29 17:25:32,310 - action - INFO - teacher_view - 255:  学员[Breakering]的课程[Python自动化开发第100期]第1节成绩已修改为100!
2017-06-29 17:25:37,597 - action - INFO - teacher_view - 255:  学员[Breakering]的课程[Python自动化开发第100期]第1节成绩已修改为100!
2017-06-29 17:25:41,059 - action - INFO - teacher_view - 255:  学员[Breakering]的课程[Python自动化开发第100期]第1节成绩已修改为50!
2017-06-29 17:27:01,340 - action - INFO - teacher_view - 255:  学员[Breakering]的课程[Python自动化开发第100期]第1节成绩已修改为100!
2017-06-29 17:27:07,532 - action - INFO - teacher_view - 255:  学员[Wolf]的课程[Python自动化开发第100期]第1节成绩已修改为100!
2017-06-29 17:31:09,565 - action - INFO - teacher_view - 168:  [Python自动化开发第100期]上课记录[2]已创建!
2017-06-29 17:31:26,445 - action - INFO - teacher_view - 259:  学员[Breakering]的课程[Python自动化开发第100期]第2节成绩已修改为100!
2017-06-29 17:34:42,173 - action - INFO - teacher_view - 261:  学员[Profhua]的课程[Python自动化开发第100期]第2节成绩已修改为100!
2017-06-29 17:34:45,827 - action - INFO - teacher_view - 261:  学员[Wolf]的课程[Python自动化开发第100期]第2节成绩已修改为100!
2017-06-29 17:34:49,226 - action - INFO - teacher_view - 261:  学员[Wolf]的课程[Python自动化开发第100期]第2节成绩已修改为100!
2017-06-29 17:35:11,332 - action - INFO - teacher_view - 261:  学员[Breakering]的课程[Python自动化开发第100期]第1节成绩已修改为100!
2017-06-29 17:46:14,996 - action - INFO - teacher_view - 257:  学员[Breakering]的课程[Python自动化开发第100期]第1节签到状态已修改为迟到!
2017-06-29 17:46:31,683 - action - INFO - teacher_view - 257:  学员[Breakering]的课程[Python自动化开发第100期]第1节签到状态已修改为已签到!
2017-06-29 17:46:39,875 - action - INFO - teacher_view - 257:  学员[Profhua]的课程[Python自动化开发第100期]第1节签到状态已修改为已签到!
2017-06-29 17:46:46,236 - action - INFO - teacher_view - 257:  学员[Wolf]的课程[Python自动化开发第100期]第1节签到状态已修改为已签到!
2017-06-29 17:48:04,084 - action - INFO - teacher_view - 257:  学员[Breakering]的课程[Python自动化开发第100期]第2节签到状态已修改为已签到!
2017-06-29 17:48:06,619 - action - INFO - teacher_view - 257:  学员[Profhua]的课程[Python自动化开发第100期]第2节签到状态已修改为迟到!
2017-06-29 17:48:09,651 - action - INFO - teacher_view - 257:  学员[Wolf]的课程[Python自动化开发第100期]第2节签到状态已修改为迟到!
2017-06-29 18:24:01,982 - action - INFO - student_view - 144:  学员[Breakering]的课程[Python自动化开发第100期]第1节作业已提交!
2017-06-29 18:24:15,622 - action - INFO - student_view - 144:  学员[Breakering]的课程[Python自动化开发第100期]第2节作业已提交!
2017-06-29 18:24:45,817 - action - INFO - teacher_view - 70:  班级:Python自动化开发第101期创建成功！
2017-06-29 18:24:59,389 - action - INFO - teacher_view - 122:  学员[Breakering]已添加进班级[Python自动化开发第101期]
2017-06-29 18:25:47,569 - action - INFO - teacher_view - 122:  学员[Profhua]已添加进班级[Python自动化开发第101期]
2017-06-29 18:25:57,069 - action - INFO - teacher_view - 122:  学员[Wolf]已添加进班级[Python自动化开发第101期]
2017-06-29 18:26:11,015 - action - INFO - teacher_view - 168:  [Python自动化开发第101期]上课记录[1]已创建!
2017-06-29 18:26:28,988 - action - INFO - teacher_view - 257:  学员[Breakering]的课程[Python自动化开发第101期]第1节签到状态已修改为已签到!
2017-06-29 18:26:35,426 - action - INFO - teacher_view - 257:  学员[Profhua]的课程[Python自动化开发第101期]第1节签到状态已修改为已签到!
2017-06-29 18:26:39,899 - action - INFO - teacher_view - 257:  学员[Wolf]的课程[Python自动化开发第101期]第1节签到状态已修改为已签到!
2017-06-29 18:29:44,722 - action - INFO - teacher_view - 70:  班级:Python自动化开发第102期创建成功！
2017-06-29 18:29:51,214 - action - INFO - teacher_view - 124:  学员[Breakering]已添加进班级[Python自动化开发第102期]
2017-06-29 18:31:58,055 - action - INFO - teacher_view - 127:  学员[Profhua]已添加进班级[Python自动化开发第102期]
2017-06-29 18:32:49,069 - action - INFO - teacher_view - 127:  学员[Breakering]已添加进班级[Python自动化开发第102期]
2017-06-29 18:32:53,966 - action - INFO - teacher_view - 127:  学员[Profhua]已添加进班级[Python自动化开发第102期]
2017-06-29 18:32:59,093 - action - INFO - teacher_view - 127:  学员[Wolf]已添加进班级[Python自动化开发第102期]
2017-06-29 18:33:11,190 - action - INFO - teacher_view - 295:  学员[Breakering]的课程[Python自动化开发第100期]第1节成绩已修改为100!
2017-06-29 18:33:16,903 - action - INFO - teacher_view - 295:  学员[Breakering]的课程[Python自动化开发第100期]第1节成绩已修改为100!
2017-06-29 18:45:29,402 - action - INFO - student_view - 144:  学员[Breakering]的课程[Python自动化开发第101期]第1节作业已提交!
2017-06-29 18:46:47,194 - action - INFO - student_view - 143:  学员[Breakering]的课程[Python自动化开发第100期]第1节作业已提交!
2017-06-29 20:32:22,860 - action - INFO - student_view - 143:  学员[Profhua]的课程[Python自动化开发第100期]第1节作业已提交!
2017-06-29 20:32:52,357 - action - INFO - student_view - 143:  学员[Profhua]的课程[Python自动化开发第100期]第2节作业已提交!
2017-06-29 20:33:11,029 - action - INFO - student_view - 143:  学员[Wolf]的课程[Python自动化开发第100期]第1节作业已提交!
2017-06-29 20:33:15,453 - action - INFO - student_view - 143:  学员[Wolf]的课程[Python自动化开发第100期]第2节作业已提交!
2017-06-29 20:33:20,940 - action - INFO - student_view - 143:  学员[Wolf]的课程[Python自动化开发第101期]第1节作业已提交!
2017-06-29 20:39:39,342 - action - INFO - teacher_view - 128:  学员[Breakering]已添加进班级[Python自动化开发第100期]
2017-06-29 20:39:53,840 - action - INFO - teacher_view - 128:  学员[Profhua]已添加进班级[Python自动化开发第100期]
2017-06-29 20:39:58,031 - action - INFO - teacher_view - 128:  学员[Wolf]已添加进班级[Python自动化开发第100期]
2017-06-29 20:40:10,373 - action - INFO - teacher_view - 171:  [Python自动化开发第100期]上课记录[1]已创建!
2017-06-29 20:40:18,999 - action - INFO - teacher_view - 171:  [Python自动化开发第100期]上课记录[2]已创建!
2017-06-29 20:40:31,094 - action - INFO - teacher_view - 262:  学员[Breakering]的课程[Python自动化开发第100期]第1节签到状态已修改为已签到!
2017-06-29 20:40:37,351 - action - INFO - teacher_view - 262:  学员[Profhua]的课程[Python自动化开发第100期]第1节签到状态已修改为已签到!
2017-06-29 20:40:42,958 - action - INFO - teacher_view - 262:  学员[Wolf]的课程[Python自动化开发第100期]第1节签到状态已修改为已签到!
2017-06-29 20:40:51,558 - action - INFO - teacher_view - 262:  学员[Breakering]的课程[Python自动化开发第100期]第2节签到状态已修改为已签到!
2017-06-29 20:40:55,829 - action - INFO - teacher_view - 262:  学员[Profhua]的课程[Python自动化开发第100期]第2节签到状态已修改为已签到!
2017-06-29 20:41:00,454 - action - INFO - teacher_view - 262:  学员[Wolf]的课程[Python自动化开发第100期]第2节签到状态已修改为已签到!
2017-06-29 20:41:22,277 - action - INFO - student_view - 143:  学员[Breakering]的课程[Python自动化开发第100期]第1节作业已提交!
2017-06-29 20:41:28,989 - action - INFO - student_view - 143:  学员[Breakering]的课程[Python自动化开发第100期]第2节作业已提交!
2017-06-29 20:42:14,631 - action - INFO - teacher_view - 298:  学员[Breakering]的课程[Python自动化开发第100期]第1节成绩已修改为100!
2017-06-29 20:42:24,582 - action - INFO - teacher_view - 298:  学员[Breakering]的课程[Python自动化开发第100期]第2节成绩已修改为100!
2017-06-29 20:42:54,348 - action - INFO - student_view - 143:  学员[Wolf]的课程[Python自动化开发第100期]第1节作业已提交!
2017-06-29 20:43:00,284 - action - INFO - student_view - 143:  学员[Wolf]的课程[Python自动化开发第100期]第2节作业已提交!
2017-06-29 20:43:15,093 - action - INFO - student_view - 143:  学员[Profhua]的课程[Python自动化开发第100期]第1节作业已提交!
2017-06-29 20:43:20,332 - action - INFO - student_view - 143:  学员[Profhua]的课程[Python自动化开发第100期]第2节作业已提交!
2017-06-29 20:43:47,086 - action - INFO - teacher_view - 298:  学员[Profhua]的课程[Python自动化开发第100期]第1节成绩已修改为90!
2017-06-29 20:43:51,215 - action - INFO - teacher_view - 298:  学员[Wolf]的课程[Python自动化开发第100期]第1节成绩已修改为80!
2017-06-29 20:43:58,887 - action - INFO - teacher_view - 298:  学员[Profhua]的课程[Python自动化开发第100期]第2节成绩已修改为80!
2017-06-29 20:44:02,327 - action - INFO - teacher_view - 298:  学员[Wolf]的课程[Python自动化开发第100期]第2节成绩已修改为90!
2017-06-29 20:55:44,980 - action - INFO - teacher_view - 70:  班级:Python自动化开发第101期创建成功！
2017-06-29 20:55:51,761 - action - INFO - teacher_view - 128:  学员[Breakering]已添加进班级[Python自动化开发第101期]
2017-06-29 20:56:00,216 - action - INFO - teacher_view - 128:  学员[Profhua]已添加进班级[Python自动化开发第101期]
2017-06-29 20:56:05,928 - action - INFO - teacher_view - 128:  学员[Wolf]已添加进班级[Python自动化开发第101期]
2017-06-29 20:56:20,044 - action - INFO - teacher_view - 171:  [Python自动化开发第101期]上课记录[1]已创建!
2017-06-29 20:56:30,883 - action - INFO - teacher_view - 171:  [Python自动化开发第101期]上课记录[2]已创建!
2017-06-30 11:37:28,680 - action - INFO - teacher_view - 171:  [Python自动化开发第100期]上课记录[1]已创建!
2017-06-30 11:37:40,731 - action - INFO - teacher_view - 262:  学员[Breakering]的课程[Python自动化开发第100期]第1节签到状态已修改为已签到!
2017-06-30 11:37:46,204 - action - INFO - teacher_view - 262:  学员[Profhua]的课程[Python自动化开发第100期]第1节签到状态已修改为已签到!
2017-06-30 11:37:50,356 - action - INFO - teacher_view - 262:  学员[Wolf]的课程[Python自动化开发第100期]第1节签到状态已修改为已签到!
2017-06-30 11:38:24,554 - action - INFO - student_view - 143:  学员[Breakering]的课程[Python自动化开发第100期]第1节作业已提交!
