1520779630.813897 read(4, "S", 1)       = 1
1520779630.842292 read(4, "S", 1)       = 1
1520779630.842308 read(4, "H", 1)       = 1
1520779630.842318 read(4, "-", 1)       = 1
1520779630.842327 read(4, "2", 1)       = 1
1520779630.842336 read(4, ".", 1)       = 1
1520779630.842345 read(4, "0", 1)       = 1
1520779630.842354 read(4, "-", 1)       = 1
1520779630.842363 read(4, "O", 1)       = 1
1520779630.842372 read(4, "p", 1)       = 1
1520779630.842381 read(4, "e", 1)       = 1
1520779630.842390 read(4, "n", 1)       = 1
1520779630.842410 read(4, "S", 1)       = 1
1520779630.842423 read(4, "S", 1)       = 1
1520779630.842432 read(4, "H", 1)       = 1
1520779630.842441 read(4, "_", 1)       = 1
1520779630.842450 read(4, "5", 1)       = 1
1520779630.842459 read(4, ".", 1)       = 1
1520779630.842467 read(4, "3", 1)       = 1
1520779630.842476 read(4, "\r", 1)      = 1
1520779630.842485 read(4, "\n", 1)      = 1
1520779630.842562 fcntl(4, F_GETFL)     = 0x2 (flags O_RDWR)
1520779630.842583 fcntl(4, F_SETFL, O_RDWR|O_NONBLOCK) = 0
1520779630.842602 open("/home/Jacob/.ssh/known_hosts", O_RDONLY) = 5
1520779630.842649 fstat(5, {st_mode=S_IFREG|0644, st_size=396, ...}) = 0
1520779630.842668 mmap(NULL, 4096, PROT_READ|PROT_WRITE, MAP_PRIVATE|MAP_ANONYMOUS, -1, 0) = 0x7efed6ed7000
1520779630.842693 read(5, "192.168.122.10 ssh-rsa AAAAB3Nza"..., 4096) = 396
1520779630.863907 read(5, "", 4096)     = 0
1520779630.863922 close(5)              = 0
1520779630.863935 munmap(0x7efed6ed7000, 4096) = 0
1520779630.863961 open("/home/Jacob/.ssh/known_hosts2", O_RDONLY) = -1 ENOENT (No such file or directory)
1520779630.863998 open("/etc/ssh/ssh_known_hosts", O_RDONLY) = -1 ENOENT (No such file or directory)
1520779630.864018 open("/etc/ssh/ssh_known_hosts2", O_RDONLY) = -1 ENOENT (No such file or directory)
1520779630.864129 write(4, "\0\0\7\254\10\24\265FIQ\232\353]\272F\20M\264\10\336\375\355\0\0\0\324curve2"..., 1968) = 1968
1520779630.864201 select(5, [4], NULL, NULL, NULL) = 1 (in [4])
1520779630.864248 read(4, "\0\0\3D\n\24\f\302iX\362\265\345\\O\275W\303\316\275\7\374\0\0\0~diffie"..., 8192) = 840
1520779630.864439 write(4, "\0\0\0\24\6\"\0\0\4\0\0\0\f\0\0\0 \0\0\0\0\0\0\0", 24) = 24
1520779630.864489 select(5, [4], NULL, NULL, NULL) = 1 (in [4])
1520779630.867807 read(4, "\0\0\1\224\10\37\0\0\1\201\0\323#\r#ur\354\351\371#Xq^\272\303\244\330\237-kM"..., 8192) = 408
1520779630.869094 write(4, "\0\0\1\214\6 \0\0\1\200\33\177\26\231\211\1\f\t\311\10\nS\235\3673\324\4>\313\37\377Y"..., 400) = 400
1520779630.869159 select(5, [4], NULL, NULL, NULL) = 1 (in [4])
1520779630.916651 read(4, "\0\0\3\274\t!\0\0\1\25\0\0\0\7ssh-rsa\0\0\0\1#\0\0\1\1\0\307"..., 8192) = 976
1520779630.916770 open("/home/Jacob/.ssh/known_hosts", O_RDONLY) = 5
1520779630.916797 fstat(5, {st_mode=S_IFREG|0644, st_size=396, ...}) = 0
1520779630.916811 mmap(NULL, 4096, PROT_READ|PROT_WRITE, MAP_PRIVATE|MAP_ANONYMOUS, -1, 0) = 0x7efed6ed7000
1520779630.916826 read(5, "192.168.122.10 ssh-rsa AAAAB3Nza"..., 4096) = 396
1520779630.916856 read(5, "", 4096)     = 0
1520779630.916867 close(5)              = 0
1520779630.916878 munmap(0x7efed6ed7000, 4096) = 0
1520779630.916900 open("/home/Jacob/.ssh/known_hosts2", O_RDONLY) = -1 ENOENT (No such file or directory)
1520779630.916916 open("/etc/ssh/ssh_known_hosts", O_RDONLY) = -1 ENOENT (No such file or directory)
1520779630.916928 open("/etc/ssh/ssh_known_hosts2", O_RDONLY) = -1 ENOENT (No such file or directory)
1520779630.918273 clock_gettime(CLOCK_BOOTTIME, {131, 816565948}) = 0
1520779630.918294 write(4, "\0\0\0\f\n\25\0\0\0\0\0\0\0\0\0\0", 16) = 16
1520779630.918367 write(4, "\362S{\274P[\325X@\26:\333\263\274\21\376\370Y\177\344\277\222\371%P\362yt\5\265Y\310"..., 48) = 48
1520779630.918382 select(5, [4], NULL, NULL, NULL) = 1 (in [4])
1520779630.918693 read(4, "^4\272\324\263\372\211\260YK\253\277\244\302\2658\257\242*\367\233\360\274\374\316K;bq\34\214e"..., 8192) = 48
1520779630.918721 write(4, "\376U\217\233\21\220\27\206\270\206\266\336\332\332\2238\2128\374\322K\31\230\3201\r\354Q\373\177H,"..., 64) = 64
1520779630.918777 select(5, [4], NULL, NULL, NULL) = 1 (in [4])
1520779631.005175 read(4, "\2f\10\355\356\n\276 $JX\"\356\240{;`^r\244un\371\2715<v\260UA<h"..., 8192) = 80
1520779631.005241 futex(0x7efed2df0510, FUTEX_WAKE_PRIVATE, 2147483647) = 0
1520779631.005282 futex(0x7efed2df03b0, FUTEX_WAKE_PRIVATE, 2147483647) = 0
1520779631.005309 futex(0x7efed53bbfa0, FUTEX_WAKE_PRIVATE, 2147483647) = 0
1520779631.005325 lstat("/etc/gss/mech", 0x7ffc2e903e70) = -1 ENOENT (No such file or directory)
1520779631.005355 openat(AT_FDCWD, "/etc/gss/mech.d", O_RDONLY|O_NONBLOCK|O_DIRECTORY|O_CLOEXEC) = 5
1520779631.005422 getdents(5, /* 2 entries */, 32768) = 48
1520779631.005448 getdents(5, /* 0 entries */, 32768) = 0
1520779631.005457 close(5)              = 0
1520779631.029986 futex(0x7efed516d440, FUTEX_WAKE_PRIVATE, 2147483647) = 0
1520779631.032401 futex(0x7efed516e5d0, FUTEX_WAKE_PRIVATE, 2147483647) = 0
1520779631.032439 stat("/etc/krb5.conf", {st_mode=S_IFREG|0644, st_size=590, ...}) = 0
1520779631.032484 open("/etc/krb5.conf", O_RDONLY) = 5
1520779631.032503 fcntl(5, F_SETFD, FD_CLOEXEC) = 0
1520779631.032523 fstat(5, {st_mode=S_IFREG|0644, st_size=590, ...}) = 0
1520779631.032534 mmap(NULL, 4096, PROT_READ|PROT_WRITE, MAP_PRIVATE|MAP_ANONYMOUS, -1, 0) = 0x7efed6ed7000
1520779631.032549 read(5, "# Configuration snippets may be "..., 4096) = 590
1520779631.069228 openat(AT_FDCWD, "/etc/krb5.conf.d/", O_RDONLY|O_NONBLOCK|O_DIRECTORY|O_CLOEXEC) = 6
1520779631.074752 getdents(6, /* 2 entries */, 32768) = 48
1520779631.074770 getdents(6, /* 0 entries */, 32768) = 0
1520779631.074782 close(6)              = 0
1520779631.074803 read(5, "", 4096)     = 0
1520779631.074816 close(5)              = 0
1520779631.074827 munmap(0x7efed6ed7000, 4096) = 0
1520779631.074870 open("/dev/urandom", O_RDONLY) = 5
1520779631.074891 fcntl(5, F_SETFD, FD_CLOEXEC) = 0
1520779631.074902 fstat(5, {st_mode=S_IFCHR|0666, st_rdev=makedev(1, 9), ...}) = 0
1520779631.074917 read(5, "k\211\364V\250\360\22\213\6\222\330\373n\345\2647:h\207\356\240\16t\21\0\254\26\337\2255+\350"..., 64) = 64
1520779631.074935 close(5)              = 0
1520779631.074975 open("/dev/urandom", O_RDONLY) = 5
1520779631.074987 fcntl(5, F_SETFD, FD_CLOEXEC) = 0
1520779631.074996 fstat(5, {st_mode=S_IFCHR|0666, st_rdev=makedev(1, 9), ...}) = 0
1520779631.075006 read(5, "H\366=-*\234\232\305\244\335\23\370\372\300vS\337\250\v\224YfPW\335\374\213\301J\234\334\306"..., 64) = 64
1520779631.075021 close(5)              = 0
1520779631.075039 futex(0x7efed4e862e0, FUTEX_WAKE_PRIVATE, 2147483647) = 0
1520779631.075221 stat("/etc/krb5.conf", {st_mode=S_IFREG|0644, st_size=590, ...}) = 0
1520779631.075244 open("/etc/krb5.conf", O_RDONLY) = 5
1520779631.075257 fcntl(5, F_SETFD, FD_CLOEXEC) = 0
1520779631.075268 fstat(5, {st_mode=S_IFREG|0644, st_size=590, ...}) = 0
1520779631.075278 mmap(NULL, 4096, PROT_READ|PROT_WRITE, MAP_PRIVATE|MAP_ANONYMOUS, -1, 0) = 0x7efed6ed7000
1520779631.075292 read(5, "# Configuration snippets may be "..., 4096) = 590
1520779631.075307 openat(AT_FDCWD, "/etc/krb5.conf.d/", O_RDONLY|O_NONBLOCK|O_DIRECTORY|O_CLOEXEC) = 6
1520779631.075319 getdents(6, /* 2 entries */, 32768) = 48
1520779631.075330 getdents(6, /* 0 entries */, 32768) = 0
1520779631.075339 close(6)              = 0
1520779631.075355 read(5, "", 4096)     = 0
1520779631.075365 close(5)              = 0
1520779631.075375 munmap(0x7efed6ed7000, 4096) = 0
1520779631.075395 open("/dev/urandom", O_RDONLY) = 5
1520779631.075409 fcntl(5, F_SETFD, FD_CLOEXEC) = 0
1520779631.075418 fstat(5, {st_mode=S_IFCHR|0666, st_rdev=makedev(1, 9), ...}) = 0
1520779631.075428 read(5, "\236\16%\322\342\256\377M\277\366\264^p\344\4\347\317\35\203d_>j\373\321\352:\33\314\204\301\274"..., 64) = 64
1520779631.075443 close(5)              = 0
1520779631.075472 access("/etc/krb5.conf", R_OK) = 0
1520779631.075488 stat("/etc/krb5.conf", {st_mode=S_IFREG|0644, st_size=590, ...}) = 0
1520779631.075501 open("/dev/urandom", O_RDONLY) = 5
1520779631.075513 fcntl(5, F_SETFD, FD_CLOEXEC) = 0
1520779631.075521 fstat(5, {st_mode=S_IFCHR|0666, st_rdev=makedev(1, 9), ...}) = 0
1520779631.075538 read(5, "\252\353\30o\342\31\355\0;I\0\240\203\303;F\0@PB\253\31k\314\230\304k\267=`J%"..., 64) = 64
1520779631.075553 close(5)              = 0
1520779631.075579 stat("/etc/sysconfig/64bit_strstr_via_64bit_strstr_sse2_unaligned", 0x7ffc2e903720) = -1 ENOENT (No such file or directory)
1520779631.075601 geteuid()             = 1002
1520779631.075679 open("/var/kerberos/krb5/user/1002/client.keytab", O_RDONLY) = -1 ENOENT (No such file or directory)
1520779631.075772 getuid()              = 1002
1520779631.075826 keyctl(KEYCTL_GET_PERSISTENT, 1002, KEY_SPEC_PROCESS_KEYRING) = 1022005889
1520779631.075854 keyctl(KEYCTL_SEARCH, 1022005889, "keyring", "_krb", KEY_SPEC_PROCESS_KEYRING) = -1 ENOKEY (Required key not available)
1520779631.075872 add_key("keyring", "_krb", NULL, 0, KEY_SPEC_PROCESS_KEYRING) = 1026570426
1520779631.075888 keyctl(KEYCTL_LINK, 1026570426, 1022005889) = 0
1520779631.075898 keyctl(KEYCTL_SEARCH, 1026570426, "user", "krb_ccache:primary", 0) = -1 ENOKEY (Required key not available)
1520779631.075910 add_key("user", "krb_ccache:primary", "\0\0\0\1\0\0\0\0041002", 12, 1026570426) = 269159054
1520779631.075928 keyctl(KEYCTL_READ, 1026570426, NULL, 0) = 4
1520779631.075939 keyctl(KEYCTL_READ, 1026570426, "\216\n\v\20", 4) = 4
1520779631.075949 keyctl(KEYCTL_SEARCH, 1026570426, "keyring", "1002", 0) = -1 ENOKEY (Required key not available)
1520779631.075963 keyctl(KEYCTL_DESCRIBE, 269159054, NULL, 0) = 43
1520779631.075975 keyctl(KEYCTL_DESCRIBE, 269159054, "user;1002;1002;3f010000;krb_ccac"..., 43) = 43
1520779631.076019 stat("/etc/krb5.conf", {st_mode=S_IFREG|0644, st_size=590, ...}) = 0
1520779631.076035 open("/etc/krb5.conf", O_RDONLY) = 5
1520779631.076047 fcntl(5, F_SETFD, FD_CLOEXEC) = 0
1520779631.076058 fstat(5, {st_mode=S_IFREG|0644, st_size=590, ...}) = 0
1520779631.076068 mmap(NULL, 4096, PROT_READ|PROT_WRITE, MAP_PRIVATE|MAP_ANONYMOUS, -1, 0) = 0x7efed6ed7000
1520779631.076079 read(5, "# Configuration snippets may be "..., 4096) = 590
1520779631.076093 openat(AT_FDCWD, "/etc/krb5.conf.d/", O_RDONLY|O_NONBLOCK|O_DIRECTORY|O_CLOEXEC) = 6
1520779631.076106 getdents(6, /* 2 entries */, 32768) = 48
1520779631.076116 getdents(6, /* 0 entries */, 32768) = 0
1520779631.076126 close(6)              = 0
1520779631.076142 read(5, "", 4096)     = 0
1520779631.076152 close(5)              = 0
1520779631.076161 munmap(0x7efed6ed7000, 4096) = 0
1520779631.076181 open("/dev/urandom", O_RDONLY) = 5
1520779631.076195 fcntl(5, F_SETFD, FD_CLOEXEC) = 0
1520779631.076204 fstat(5, {st_mode=S_IFCHR|0666, st_rdev=makedev(1, 9), ...}) = 0
1520779631.076214 read(5, ")f\306\303&c\251pq.\0\262\274\25\n\24\245v\221\30\31;K\271vk\\A?\260\217\262"..., 64) = 64
1520779631.076229 close(5)              = 0
1520779631.076273 stat("/etc/krb5.conf", {st_mode=S_IFREG|0644, st_size=590, ...}) = 0
1520779631.076289 open("/etc/krb5.conf", O_RDONLY) = 5
1520779631.076300 fcntl(5, F_SETFD, FD_CLOEXEC) = 0
1520779631.076310 fstat(5, {st_mode=S_IFREG|0644, st_size=590, ...}) = 0
1520779631.076320 mmap(NULL, 4096, PROT_READ|PROT_WRITE, MAP_PRIVATE|MAP_ANONYMOUS, -1, 0) = 0x7efed6ed7000
1520779631.076331 read(5, "# Configuration snippets may be "..., 4096) = 590
1520779631.076345 openat(AT_FDCWD, "/etc/krb5.conf.d/", O_RDONLY|O_NONBLOCK|O_DIRECTORY|O_CLOEXEC) = 6
1520779631.076356 getdents(6, /* 2 entries */, 32768) = 48
1520779631.076367 getdents(6, /* 0 entries */, 32768) = 0
1520779631.076376 close(6)              = 0
1520779631.076391 read(5, "", 4096)     = 0
1520779631.076401 close(5)              = 0
1520779631.076410 munmap(0x7efed6ed7000, 4096) = 0
1520779631.076429 open("/dev/urandom", O_RDONLY) = 5
1520779631.076442 fcntl(5, F_SETFD, FD_CLOEXEC) = 0
1520779631.076450 fstat(5, {st_mode=S_IFCHR|0666, st_rdev=makedev(1, 9), ...}) = 0
1520779631.076461 read(5, "\334\321'\2273y+\375!\237\246\344z\223\247WC\26\372\3001\333\374\225pI7\223\315\0m\362"..., 64) = 64
1520779631.076476 close(5)              = 0
1520779631.076531 stat("/etc/krb5.conf", {st_mode=S_IFREG|0644, st_size=590, ...}) = 0
1520779631.076549 open("/etc/krb5.conf", O_RDONLY) = 5
1520779631.076566 fcntl(5, F_SETFD, FD_CLOEXEC) = 0
1520779631.076577 fstat(5, {st_mode=S_IFREG|0644, st_size=590, ...}) = 0
1520779631.076587 mmap(NULL, 4096, PROT_READ|PROT_WRITE, MAP_PRIVATE|MAP_ANONYMOUS, -1, 0) = 0x7efed6ed7000
1520779631.076598 read(5, "# Configuration snippets may be "..., 4096) = 590
1520779631.076611 openat(AT_FDCWD, "/etc/krb5.conf.d/", O_RDONLY|O_NONBLOCK|O_DIRECTORY|O_CLOEXEC) = 6
1520779631.076623 getdents(6, /* 2 entries */, 32768) = 48
1520779631.076633 getdents(6, /* 0 entries */, 32768) = 0
1520779631.076642 close(6)              = 0
1520779631.076657 read(5, "", 4096)     = 0
1520779631.076667 close(5)              = 0
1520779631.076676 munmap(0x7efed6ed7000, 4096) = 0
1520779631.076695 open("/dev/urandom", O_RDONLY) = 5
1520779631.076707 fcntl(5, F_SETFD, FD_CLOEXEC) = 0
1520779631.076716 fstat(5, {st_mode=S_IFCHR|0666, st_rdev=makedev(1, 9), ...}) = 0
1520779631.076726 read(5, "'\rI\232\34\377\361\332X\240TikNW\326H\30\236z]\252\30\207\26]3k\370:\7\20"..., 64) = 64
1520779631.076741 close(5)              = 0
1520779631.076758 access("/etc/krb5.conf", R_OK) = 0
1520779631.076771 stat("/etc/krb5.conf", {st_mode=S_IFREG|0644, st_size=590, ...}) = 0
1520779631.076783 open("/dev/urandom", O_RDONLY) = 5
1520779631.076794 fcntl(5, F_SETFD, FD_CLOEXEC) = 0
1520779631.076803 fstat(5, {st_mode=S_IFCHR|0666, st_rdev=makedev(1, 9), ...}) = 0
1520779631.076812 read(5, "7\210(\312\24\"\223\336t\366\275\360^]K\370k<(\250\7Q\255\317:\270m\221?\16\336f"..., 64) = 64
1520779631.076827 close(5)              = 0
1520779631.076842 geteuid()             = 1002
1520779631.076855 open("/var/kerberos/krb5/user/1002/client.keytab", O_RDONLY) = -1 ENOENT (No such file or directory)
1520779631.076875 getuid()              = 1002
1520779631.076888 keyctl(KEYCTL_GET_PERSISTENT, 1002, KEY_SPEC_PROCESS_KEYRING) = 1022005889
1520779631.076900 keyctl(KEYCTL_SEARCH, 1022005889, "keyring", "_krb", KEY_SPEC_PROCESS_KEYRING) = 1026570426
1520779631.076913 keyctl(KEYCTL_SEARCH, 1026570426, "user", "krb_ccache:primary", 0) = 269159054
1520779631.076924 keyctl(KEYCTL_READ, 269159054, NULL, 0) = 12
1520779631.076934 keyctl(KEYCTL_READ, 269159054, "", 12) = 12
1520779631.076944 keyctl(KEYCTL_READ, 1026570426, NULL, 0) = 4
1520779631.076953 keyctl(KEYCTL_READ, 1026570426, "\216\n\v\20", 4) = 4
1520779631.076963 keyctl(KEYCTL_SEARCH, 1026570426, "keyring", "1002", 0) = -1 ENOKEY (Required key not available)
1520779631.076974 keyctl(KEYCTL_DESCRIBE, 269159054, NULL, 0) = 43
1520779631.076984 keyctl(KEYCTL_DESCRIBE, 269159054, "user;1002;1002;3f010000;krb_ccac"..., 43) = 43
1520779631.077008 access("/etc/krb5.conf", R_OK) = 0
1520779631.077020 stat("/etc/krb5.conf", {st_mode=S_IFREG|0644, st_size=590, ...}) = 0
1520779631.077034 open("/dev/urandom", O_RDONLY) = 5
1520779631.077046 fcntl(5, F_SETFD, FD_CLOEXEC) = 0
1520779631.077055 fstat(5, {st_mode=S_IFCHR|0666, st_rdev=makedev(1, 9), ...}) = 0
1520779631.077065 read(5, "\31\217T\213\v\335\250\327\272\27\356\365\36\324#\177\350K\20W\250\343\334\250\17\3433\320\360\6\20\306"..., 64) = 64
1520779631.077080 close(5)              = 0
1520779631.077146 stat("/etc/krb5.conf", {st_mode=S_IFREG|0644, st_size=590, ...}) = 0
1520779631.077166 open("/etc/krb5.conf", O_RDONLY) = 5
1520779631.077177 fcntl(5, F_SETFD, FD_CLOEXEC) = 0
1520779631.077188 fstat(5, {st_mode=S_IFREG|0644, st_size=590, ...}) = 0
1520779631.077198 mmap(NULL, 4096, PROT_READ|PROT_WRITE, MAP_PRIVATE|MAP_ANONYMOUS, -1, 0) = 0x7efed6ed7000
1520779631.077210 read(5, "# Configuration snippets may be "..., 4096) = 590
1520779631.077223 openat(AT_FDCWD, "/etc/krb5.conf.d/", O_RDONLY|O_NONBLOCK|O_DIRECTORY|O_CLOEXEC) = 6
1520779631.077235 getdents(6, /* 2 entries */, 32768) = 48
1520779631.077245 getdents(6, /* 0 entries */, 32768) = 0
1520779631.077254 close(6)              = 0
1520779631.077270 read(5, "", 4096)     = 0
1520779631.077280 close(5)              = 0
1520779631.077289 munmap(0x7efed6ed7000, 4096) = 0
1520779631.077308 open("/dev/urandom", O_RDONLY) = 5
1520779631.077321 fcntl(5, F_SETFD, FD_CLOEXEC) = 0
1520779631.077334 fstat(5, {st_mode=S_IFCHR|0666, st_rdev=makedev(1, 9), ...}) = 0
1520779631.077344 read(5, "ml\213\221br;r\225\325/\6\362-\235pW`\333\327\317\342\241mog)auM\355`"..., 64) = 64
1520779631.077359 close(5)              = 0
1520779631.077386 stat("/home/Jacob/.ssh/id_rsa", 0x7ffc2e903ef0) = -1 ENOENT (No such file or directory)
1520779631.077403 stat("/home/Jacob/.ssh/id_dsa", 0x7ffc2e903ef0) = -1 ENOENT (No such file or directory)
1520779631.077415 stat("/home/Jacob/.ssh/id_ecdsa", 0x7ffc2e903ef0) = -1 ENOENT (No such file or directory)
1520779631.077426 stat("/home/Jacob/.ssh/id_ed25519", 0x7ffc2e903ef0) = -1 ENOENT (No such file or directory)
1520779631.077444 open("/dev/tty", O_RDWR) = 5
1520779631.077459 close(5)              = 0
1520779631.077469 open("/dev/tty", O_RDWR) = 5
1520779631.077480 rt_sigaction(SIGALRM, {0x7efed6f38790, [], SA_RESTORER, 0x7efed46c6250}, {SIG_DFL, [], 0}, 8) = 0
1520779631.077497 rt_sigaction(SIGHUP, {0x7efed6f38790, [], SA_RESTORER, 0x7efed46c6250}, {SIG_DFL, [], 0}, 8) = 0
1520779631.077507 rt_sigaction(SIGINT, {0x7efed6f38790, [], SA_RESTORER, 0x7efed46c6250}, {SIG_DFL, [], 0}, 8) = 0
1520779631.077517 rt_sigaction(SIGPIPE, {0x7efed6f38790, [], SA_RESTORER, 0x7efed46c6250}, {SIG_IGN, [], SA_RESTORER, 0x7efed46c6250}, 8) = 0
1520779631.077527 rt_sigaction(SIGQUIT, {0x7efed6f38790, [], SA_RESTORER, 0x7efed46c6250}, {SIG_DFL, [], 0}, 8) = 0
1520779631.077537 rt_sigaction(SIGTERM, {0x7efed6f38790, [], SA_RESTORER, 0x7efed46c6250}, {SIG_DFL, [], 0}, 8) = 0
1520779631.077546 rt_sigaction(SIGTSTP, {0x7efed6f38790, [], SA_RESTORER, 0x7efed46c6250}, {SIG_DFL, [], 0}, 8) = 0
1520779631.077556 rt_sigaction(SIGTTIN, {0x7efed6f38790, [], SA_RESTORER, 0x7efed46c6250}, {SIG_DFL, [], 0}, 8) = 0
1520779631.077566 rt_sigaction(SIGTTOU, {0x7efed6f38790, [], SA_RESTORER, 0x7efed46c6250}, {SIG_DFL, [], 0}, 8) = 0
1520779631.077575 ioctl(5, TCGETS, {B38400 opost isig icanon echo ...}) = 0
1520779631.077668 ioctl(5, SNDCTL_TMR_CONTINUE or TCSETSF, {B38400 opost isig icanon -echo ...}) = 0
1520779631.077680 write(5, "root@192.168.122.10's password: ", 32) = 32
1520779631.077694 read(5, "h", 1)       = 1
1520779631.077733 read(5, "a", 1)       = 1
1520779631.077743 read(5, "d", 1)       = 1
1520779631.077752 read(5, "o", 1)       = 1
1520779631.077762 read(5, "o", 1)       = 1
1520779631.077771 read(5, "p", 1)       = 1
1520779631.077780 read(5, "\n", 1)      = 1
1520779631.077789 write(5, "\n", 1)     = 1
1520779631.077801 ioctl(5, SNDCTL_TMR_CONTINUE or TCSETSF, {B38400 opost isig icanon echo ...}) = 0
1520779631.077811 rt_sigaction(SIGALRM, {SIG_DFL, [], SA_RESTORER, 0x7efed46c6250}, NULL, 8) = 0
1520779631.077821 rt_sigaction(SIGHUP, {SIG_DFL, [], SA_RESTORER, 0x7efed46c6250}, NULL, 8) = 0
1520779631.077830 rt_sigaction(SIGINT, {SIG_DFL, [], SA_RESTORER, 0x7efed46c6250}, NULL, 8) = 0
1520779631.077839 rt_sigaction(SIGQUIT, {SIG_DFL, [], SA_RESTORER, 0x7efed46c6250}, NULL, 8) = 0
1520779631.077848 rt_sigaction(SIGPIPE, {SIG_IGN, [], SA_RESTORER, 0x7efed46c6250}, NULL, 8) = 0
1520779631.077857 rt_sigaction(SIGTERM, {SIG_DFL, [], SA_RESTORER, 0x7efed46c6250}, NULL, 8) = 0
1520779631.077866 rt_sigaction(SIGTSTP, {SIG_DFL, [], SA_RESTORER, 0x7efed46c6250}, NULL, 8) = 0
1520779631.077875 rt_sigaction(SIGTTIN, {SIG_DFL, [], SA_RESTORER, 0x7efed46c6250}, NULL, 8) = 0
1520779631.077884 rt_sigaction(SIGTTOU, {SIG_DFL, [], SA_RESTORER, 0x7efed46c6250}, NULL, 8) = 0
1520779631.077893 close(5)              = 0
1520779631.077913 write(4, "4\223\24\276O\225\307\366\365\242\327\16T\230O:\315\205Z\21\231\226\340^\312\343d\375\363w2\320"..., 144) = 144
1520779631.077988 select(5, [4], NULL, NULL, NULL) = 1 (in [4])
1520779631.283277 read(4, "K]\235\240\243\366~\216\202\315x\243\345\nk\366\fi\332\26\262[\335\313\206KT}\362p\2117", 8192) = 32
1520779631.283309 getpeername(4, {sa_family=AF_INET, sin_port=htons(22), sin_addr=inet_addr("192.168.122.10")}, [16]) = 0
1520779631.283349 dup(0)                = 5
1520779631.283359 dup(1)                = 6
1520779631.283367 dup(2)                = 7
1520779631.283386 ioctl(5, TCGETS, {B38400 opost isig icanon echo ...}) = 0
1520779631.283401 ioctl(6, TCGETS, {B38400 opost isig icanon echo ...}) = 0
1520779631.283411 ioctl(7, TCGETS, {B38400 opost isig icanon echo ...}) = 0
1520779631.283427 fcntl(5, F_SETFD, FD_CLOEXEC) = 0
1520779631.283437 fcntl(6, F_SETFD, FD_CLOEXEC) = 0
1520779631.283445 fcntl(7, F_SETFD, FD_CLOEXEC) = 0
1520779631.283515 rt_sigaction(SIGHUP, NULL, {SIG_DFL, [], SA_RESTORER, 0x7efed46c6250}, 8) = 0
1520779631.283531 rt_sigaction(SIGHUP, {SIG_IGN, [], SA_RESTORER, 0x7efed46c6250}, NULL, 8) = 0
1520779631.283541 rt_sigaction(SIGHUP, NULL, {SIG_IGN, [], SA_RESTORER, 0x7efed46c6250}, 8) = 0
1520779631.283550 rt_sigaction(SIGHUP, {0x7efed6eed280, [], SA_RESTORER, 0x7efed46c6250}, NULL, 8) = 0
1520779631.283560 rt_sigaction(SIGINT, NULL, {SIG_DFL, [], SA_RESTORER, 0x7efed46c6250}, 8) = 0
1520779631.283569 rt_sigaction(SIGINT, {SIG_IGN, [], SA_RESTORER, 0x7efed46c6250}, NULL, 8) = 0
1520779631.283578 rt_sigaction(SIGINT, NULL, {SIG_IGN, [], SA_RESTORER, 0x7efed46c6250}, 8) = 0
1520779631.283587 rt_sigaction(SIGINT, {0x7efed6eed280, [], SA_RESTORER, 0x7efed46c6250}, NULL, 8) = 0
1520779631.283596 rt_sigaction(SIGQUIT, NULL, {SIG_DFL, [], SA_RESTORER, 0x7efed46c6250}, 8) = 0
1520779631.283605 rt_sigaction(SIGQUIT, {SIG_IGN, [], SA_RESTORER, 0x7efed46c6250}, NULL, 8) = 0
1520779631.283614 rt_sigaction(SIGQUIT, NULL, {SIG_IGN, [], SA_RESTORER, 0x7efed46c6250}, 8) = 0
1520779631.283623 rt_sigaction(SIGQUIT, {0x7efed6eed280, [], SA_RESTORER, 0x7efed46c6250}, NULL, 8) = 0
1520779631.283632 rt_sigaction(SIGTERM, NULL, {SIG_DFL, [], SA_RESTORER, 0x7efed46c6250}, 8) = 0
1520779631.283641 rt_sigaction(SIGTERM, {SIG_IGN, [], SA_RESTORER, 0x7efed46c6250}, NULL, 8) = 0
1520779631.283651 rt_sigaction(SIGTERM, NULL, {SIG_IGN, [], SA_RESTORER, 0x7efed46c6250}, 8) = 0
1520779631.283660 rt_sigaction(SIGTERM, {0x7efed6eed280, [], SA_RESTORER, 0x7efed46c6250}, NULL, 8) = 0
1520779631.283669 rt_sigaction(SIGWINCH, NULL, {SIG_DFL, [], 0}, 8) = 0
1520779631.283678 rt_sigaction(SIGWINCH, {0x7efed6eed500, [], SA_RESTORER, 0x7efed46c6250}, NULL, 8) = 0
1520779631.283688 ioctl(0, TCGETS, {B38400 opost isig icanon echo ...}) = 0
1520779631.283699 ioctl(0, SNDCTL_TMR_STOP or TCSETSW, {B38400 -opost -isig -icanon -echo ...}) = 0
1520779631.283713 clock_gettime(CLOCK_BOOTTIME, {132, 181998891}) = 0
1520779631.283724 clock_gettime(CLOCK_BOOTTIME, {132, 182009186}) = 0
1520779631.283733 select(8, [4], [4], NULL, NULL) = 1 (out [4])
1520779631.283748 clock_gettime(CLOCK_BOOTTIME, {132, 182033840}) = 0
1520779631.283758 write(4, "\r:\315\210>6L\25U)\211]\214@h\227)YY\273e\2427\203\334\235O5,7\231+"..., 128) = 128
1520779631.283822 clock_gettime(CLOCK_BOOTTIME, {132, 182108453}) = 0
1520779631.283833 clock_gettime(CLOCK_BOOTTIME, {132, 182118987}) = 0
1520779631.283843 select(8, [4], [], NULL, NULL) = 1 (in [4])
1520779631.432745 clock_gettime(CLOCK_BOOTTIME, {132, 331032321}) = 0
1520779631.432760 read(4, "8\3\343\255\"\td\332\331\261\34\3\365\360U\233\313\215\2313\320\372\232\2553\223\3\307\276\357r\22"..., 8192) = 48
1520779631.432786 getsockopt(4, SOL_TCP, TCP_NODELAY, [0], [4]) = 0
1520779631.432799 setsockopt(4, SOL_TCP, TCP_NODELAY, [1], 4) = 0
1520779631.432809 getsockname(4, {sa_family=AF_INET, sin_port=htons(38822), sin_addr=inet_addr("192.168.122.20")}, [16]) = 0
1520779631.432822 setsockopt(4, SOL_IP, IP_TOS, [16], 4) = 0
1520779631.432893 ioctl(0, TIOCGWINSZ, {ws_row=30, ws_col=179, ws_xpixel=0, ws_ypixel=0}) = 0
1520779631.432958 clock_gettime(CLOCK_BOOTTIME, {132, 331245944}) = 0
1520779631.432972 clock_gettime(CLOCK_BOOTTIME, {132, 331257271}) = 0
1520779631.432982 select(8, [4], [4], NULL, NULL) = 1 (out [4])
1520779631.432996 clock_gettime(CLOCK_BOOTTIME, {132, 331281484}) = 0
1520779631.433009 write(4, "\2o\274\320Q\347A%\230\303\315\r\22\212\30{?\37B\225\31\252\244\254\336y5\306\2764J\265"..., 448) = 448
1520779631.433070 clock_gettime(CLOCK_BOOTTIME, {132, 331356046}) = 0
1520779631.433081 clock_gettime(CLOCK_BOOTTIME, {132, 331366092}) = 0
1520779631.433090 select(8, [4], [], NULL, NULL) = 1 (in [4])
1520779631.435160 clock_gettime(CLOCK_BOOTTIME, {132, 333446944}) = 0
1520779631.435172 read(4, "F\206\7\nc\237\234}I\272\374\rl\30\225\"Mz\233\242\357\213`\322\325\216Q\240\373\305>}"..., 8192) = 112
1520779631.435191 clock_gettime(CLOCK_BOOTTIME, {132, 333476733}) = 0
1520779631.435201 clock_gettime(CLOCK_BOOTTIME, {132, 333486151}) = 0
1520779631.435210 select(8, [4 5], [], NULL, NULL) = 1 (in [4])
1520779631.513285 clock_gettime(CLOCK_BOOTTIME, {132, 411573370}) = 0
1520779631.513302 read(4, "\2\364\264I}x\373\312M\2\330\350b\357\236\265\376\21h\4\302\210\306\215\306d\3302\254\302\nf"..., 8192) = 80
1520779631.513328 clock_gettime(CLOCK_BOOTTIME, {132, 411614042}) = 0
1520779631.513339 clock_gettime(CLOCK_BOOTTIME, {132, 411624236}) = 0
1520779631.513349 select(8, [4 5], [6], NULL, NULL) = 1 (out [6])
1520779631.513364 clock_gettime(CLOCK_BOOTTIME, {132, 411649968}) = 0
1520779631.513374 write(6, "Last login: Sat Mar 10 21:44:52 "..., 39) = 39
1520779631.513389 clock_gettime(CLOCK_BOOTTIME, {132, 411674682}) = 0
1520779631.513399 clock_gettime(CLOCK_BOOTTIME, {132, 411684234}) = 0
1520779631.513408 select(8, [4 5], [], NULL, NULL) = 1 (in [4])
1520779631.754982 clock_gettime(CLOCK_BOOTTIME, {132, 653270625}) = 0
1520779631.754999 read(4, "\375\355\301\311It\275k\7c\3342\34\336*\25\261\371\337\302\237\366\217D\2501x\334N\366\244I"..., 8192) = 112
1520779631.755026 clock_gettime(CLOCK_BOOTTIME, {132, 653312470}) = 0
1520779631.755037 clock_gettime(CLOCK_BOOTTIME, {132, 653322690}) = 0
1520779631.755047 select(8, [4 5], [6], NULL, NULL) = 1 (out [6])
1520779631.755063 clock_gettime(CLOCK_BOOTTIME, {132, 653348579}) = 0
1520779631.755073 write(6, "\33]0;root@Breakering-server-00:~\7"..., 71) = 71
1520779631.755088 clock_gettime(CLOCK_BOOTTIME, {132, 653373990}) = 0
1520779631.755098 clock_gettime(CLOCK_BOOTTIME, {132, 653383416}) = 0
1520779631.755107 select(8, [4 5], [], NULL, NULL) = 1 (in [5])
1520779632.866049 clock_gettime(CLOCK_BOOTTIME, {133, 764337881}) = 0
1520779632.866068 read(5, "l", 16384)   = 1
1520779632.866157 clock_gettime(CLOCK_BOOTTIME, {133, 764447278}) = 0
1520779632.866174 clock_gettime(CLOCK_BOOTTIME, {133, 764459332}) = 0
1520779632.866185 select(8, [4 5], [4], NULL, NULL) = 1 (out [4])
1520779632.866215 clock_gettime(CLOCK_BOOTTIME, {133, 764500747}) = 0
1520779632.866226 write(4, "\205y$\31\34\341\234\223\307\240 \366n\323\3\257B\230#cpH*\306l\277<\20\372\306\377\237"..., 48) = 48
1520779632.866293 clock_gettime(CLOCK_BOOTTIME, {133, 764578771}) = 0
1520779632.866304 clock_gettime(CLOCK_BOOTTIME, {133, 764589165}) = 0
1520779632.866313 select(8, [4 5], [], NULL, NULL) = 1 (in [4])
1520779632.868387 clock_gettime(CLOCK_BOOTTIME, {133, 766674209}) = 0
1520779632.868400 read(4, "d\360L\252\235\254\2406w\1z\315\340(\353\357c\275F\231\335\201:\366\353\362\360\346@\204\310\313"..., 8192) = 48
1520779632.868420 clock_gettime(CLOCK_BOOTTIME, {133, 766705782}) = 0
1520779632.868430 clock_gettime(CLOCK_BOOTTIME, {133, 766715328}) = 0
1520779632.868439 select(8, [4 5], [6], NULL, NULL) = 1 (out [6])
1520779632.868453 clock_gettime(CLOCK_BOOTTIME, {133, 766738691}) = 0
1520779632.868462 write(6, "l", 1)      = 1
1520779632.868475 clock_gettime(CLOCK_BOOTTIME, {133, 766761076}) = 0
1520779632.868485 clock_gettime(CLOCK_BOOTTIME, {133, 766770188}) = 0
1520779632.868494 select(8, [4 5], [], NULL, NULL) = 1 (in [5])
1520779633.017574 clock_gettime(CLOCK_BOOTTIME, {133, 915861696}) = 0
1520779633.017588 read(5, "s", 16384)   = 1
1520779633.017612 clock_gettime(CLOCK_BOOTTIME, {133, 915897782}) = 0
1520779633.017622 clock_gettime(CLOCK_BOOTTIME, {133, 915907263}) = 0
1520779633.017632 select(8, [4 5], [4], NULL, NULL) = 1 (out [4])
1520779633.017646 clock_gettime(CLOCK_BOOTTIME, {133, 915931163}) = 0
1520779633.017655 write(4, "t6ce\231\217\300\2361\251\vG\267\201Tx\244:n\24\323\36\346\221\357\344\3309\377nj\n"..., 48) = 48
1520779633.017707 clock_gettime(CLOCK_BOOTTIME, {133, 915992613}) = 0
1520779633.017717 clock_gettime(CLOCK_BOOTTIME, {133, 916002755}) = 0
1520779633.017739 select(8, [4 5], [], NULL, NULL) = 1 (in [4])
1520779633.025895 clock_gettime(CLOCK_BOOTTIME, {133, 924181833}) = 0
1520779633.025908 read(4, "\263D\220n\346M\341\30^\346\271YJ\343\20\351\202\v,\226\312\341M\323\363`\310#z\310\25L"..., 8192) = 48
1520779633.025925 clock_gettime(CLOCK_BOOTTIME, {133, 924211296}) = 0
1520779633.025935 clock_gettime(CLOCK_BOOTTIME, {133, 924220852}) = 0
1520779633.025945 select(8, [4 5], [6], NULL, NULL) = 1 (out [6])
1520779633.025959 clock_gettime(CLOCK_BOOTTIME, {133, 924244229}) = 0
1520779633.025968 write(6, "s", 1)      = 1
1520779633.025980 clock_gettime(CLOCK_BOOTTIME, {133, 924266091}) = 0
1520779633.025990 clock_gettime(CLOCK_BOOTTIME, {133, 924275298}) = 0
1520779633.025999 select(8, [4 5], [], NULL, NULL) = 1 (in [5])
1520779633.113334 clock_gettime(CLOCK_BOOTTIME, {134, 11621028}) = 0
1520779633.113348 read(5, "\r", 16384)  = 1
1520779633.113372 clock_gettime(CLOCK_BOOTTIME, {134, 11658061}) = 0
1520779633.113382 clock_gettime(CLOCK_BOOTTIME, {134, 11667620}) = 0
1520779633.113392 select(8, [4 5], [4], NULL, NULL) = 1 (out [4])
1520779633.113406 clock_gettime(CLOCK_BOOTTIME, {134, 11691672}) = 0
1520779633.113416 write(4, "\33'/P\33\266\212n\315G\305\306\235(pg\35@\247\254\20\300y\217\231\353\0265Z\352\32\232"..., 48) = 48
1520779633.113475 clock_gettime(CLOCK_BOOTTIME, {134, 11760989}) = 0
1520779633.113486 clock_gettime(CLOCK_BOOTTIME, {134, 11771128}) = 0
1520779633.113495 select(8, [4 5], [], NULL, NULL) = 1 (in [4])
1520779633.118891 clock_gettime(CLOCK_BOOTTIME, {134, 17178344}) = 0
1520779633.118905 read(4, "\357\16\301\2}\n#\222#+\211\243\324\226\275\275Q\\V;\334\327\331\262p\332\353E]\313\313\334"..., 8192) = 48
1520779633.118925 clock_gettime(CLOCK_BOOTTIME, {134, 17210667}) = 0
1520779633.118935 clock_gettime(CLOCK_BOOTTIME, {134, 17220097}) = 0
1520779633.118944 select(8, [4 5], [6], NULL, NULL) = 1 (out [6])
1520779633.118971 clock_gettime(CLOCK_BOOTTIME, {134, 17259181}) = 0
1520779633.118984 write(6, "\r\n", 2)   = 2
1520779633.118998 clock_gettime(CLOCK_BOOTTIME, {134, 17284065}) = 0
1520779633.119008 clock_gettime(CLOCK_BOOTTIME, {134, 17293337}) = 0
1520779633.119017 select(8, [4 5], [], NULL, NULL) = 1 (in [4])
1520779633.136112 clock_gettime(CLOCK_BOOTTIME, {134, 34399750}) = 0
1520779633.136126 read(4, "\370\205\3159hi>o\331\226=\225\233\3500o!bmh\223\3s3\225\351\177\216F\272/N"..., 8192) = 352
1520779633.136150 clock_gettime(CLOCK_BOOTTIME, {134, 34435703}) = 0
1520779633.136160 clock_gettime(CLOCK_BOOTTIME, {134, 34445204}) = 0
1520779633.136169 select(8, [4 5], [6], NULL, NULL) = 1 (out [6])
1520779633.136184 clock_gettime(CLOCK_BOOTTIME, {134, 34469415}) = 0
1520779633.136193 write(6, "anaconda-ks.cfg  \33[0m\33[01;34mBre"..., 315) = 315
1520779633.136209 clock_gettime(CLOCK_BOOTTIME, {134, 34494306}) = 0
1520779633.136218 clock_gettime(CLOCK_BOOTTIME, {134, 34503250}) = 0
1520779633.136227 select(8, [4 5], [], NULL, NULL) = 1 (in [5])
1520779633.664761 clock_gettime(CLOCK_BOOTTIME, {134, 563048772}) = 0
1520779633.664776 read(5, "\4", 16384)  = 1
1520779633.664803 clock_gettime(CLOCK_BOOTTIME, {134, 563089071}) = 0
1520779633.664813 clock_gettime(CLOCK_BOOTTIME, {134, 563098671}) = 0
1520779633.664823 select(8, [4 5], [4], NULL, NULL) = 1 (out [4])
1520779633.664837 clock_gettime(CLOCK_BOOTTIME, {134, 563122712}) = 0
1520779633.664847 write(4, "\231\265\304\313\312-\364\204\263\264\334\355\27\266\321\321\37\16F\275\247\221t50\337\35O\212\177M\302"..., 48) = 48
1520779633.664920 clock_gettime(CLOCK_BOOTTIME, {134, 563205925}) = 0
1520779633.664931 clock_gettime(CLOCK_BOOTTIME, {134, 563216095}) = 0
1520779633.664940 select(8, [4 5], [], NULL, NULL) = 1 (in [4])
1520779633.669074 clock_gettime(CLOCK_BOOTTIME, {134, 567360887}) = 0
1520779633.669087 read(4, "\205\274\3723\3451\361/\324\331'\371\207\377#\230\217\333\255\0EnHOi\\\302d\25\7\25\373"..., 8192) = 48
1520779633.669105 clock_gettime(CLOCK_BOOTTIME, {134, 567391296}) = 0
1520779633.669115 clock_gettime(CLOCK_BOOTTIME, {134, 567400763}) = 0
1520779633.669125 select(8, [4 5], [6], NULL, NULL) = 1 (out [6])
1520779633.669151 clock_gettime(CLOCK_BOOTTIME, {134, 567436995}) = 0
1520779633.669161 write(6, "logout\r\n", 8) = 8
1520779633.669174 clock_gettime(CLOCK_BOOTTIME, {134, 567459409}) = 0
1520779633.669183 clock_gettime(CLOCK_BOOTTIME, {134, 567468476}) = 0
1520779633.669192 select(8, [4 5], [], NULL, NULL) = 1 (in [4])
1520779633.671295 clock_gettime(CLOCK_BOOTTIME, {134, 569582596}) = 0
1520779633.671309 read(4, "\307\t\22+\327<\225\367\223\206R\331\335\232\353\17.\2625|\374]\300\321]\246\300\321\316\273\217\317"..., 8192) = 192
1520779633.671331 close(5)              = 0
1520779633.671343 close(6)              = 0
1520779633.671354 clock_gettime(CLOCK_BOOTTIME, {134, 569639421}) = 0
1520779633.671364 clock_gettime(CLOCK_BOOTTIME, {134, 569649061}) = 0
1520779633.671374 ioctl(0, SNDCTL_TMR_STOP or TCSETSW, {B38400 opost isig icanon echo ...}) = 0
1520779633.671449 close(7)              = 0
1520779633.671463 select(8, [4], [4], NULL, NULL) = 1 (out [4])
1520779633.671478 clock_gettime(CLOCK_BOOTTIME, {134, 569763755}) = 0
1520779633.671488 write(4, "7ib,OD\202\262\362\233\2075&\344G\272\365L\353\316\7=\330\1\271\301\311\206R\250\27\207", 32) = 32
1520779633.671537 rt_sigaction(SIGWINCH, NULL, {0x7efed6eed500, [], SA_RESTORER, 0x7efed46c6250}, 8) = 0
1520779633.671550 rt_sigaction(SIGWINCH, {SIG_DFL, [], SA_RESTORER, 0x7efed46c6250}, NULL, 8) = 0
1520779633.671564 write(4, "\10l\266\16\230\221~CN:\212\"5\313\17y\312|\336\275P\364\211>{\373\261\321\f\304Y\247"..., 64) = 64
1520779633.671604 ioctl(0, TCGETS, {B38400 opost isig icanon echo ...}) = 0
1520779633.671628 ioctl(1, TCGETS, {B38400 opost isig icanon echo ...}) = 0
1520779633.671638 ioctl(2, TCGETS, {B38400 opost isig icanon echo ...}) = 0
1520779633.671649 write(2, "Connection to 192.168.122.10 clo"..., 38) = 38
1520779633.671668 shutdown(4, SHUT_RDWR) = 0
1520779633.671719 close(4)              = 0
1520779633.671876 exit_group(0)         = ?
1520779633.672256 +++ exited with 0 +++
