1521983300.809956 read(4, "j\366\251y7\10\2\245C\300=gC\277\250Z\277T\30r_\366a\336\23{[\232\25\\K\216"..., 8192) = 44
1521983300.810115 write(4, "7\365\1\350\334}F\361\343\346\373LI\7m\230\227\366]\335\23\266p\344\366\234\2\352F\322}Y"..., 68) = 68
1521983300.810174 select(5, [4], NULL, NULL, NULL) = 1 (in [4])
1521983300.811684 read(4, "\361k\347\232[\3656\260\215\306 /\205\263\303\307\37]\10`'h\33`T\37\20\307\244(\334\205"..., 8192) = 84
1521983300.811857 futex(0x7fe215b14530, FUTEX_WAKE_PRIVATE, 2147483647) = 0
1521983300.811972 futex(0x7fe215b143d0, FUTEX_WAKE_PRIVATE, 2147483647) = 0
1521983300.812021 futex(0x7fe2180f1fa0, FUTEX_WAKE_PRIVATE, 2147483647) = 0
1521983300.812052 lstat("/etc/gss/mech", 0x7ffc917de7c0) = -1 ENOENT (No such file or directory)
1521983300.813125 openat(AT_FDCWD, "/etc/gss/mech.d", O_RDONLY|O_NONBLOCK|O_DIRECTORY|O_CLOEXEC) = 5
1521983300.813283 getdents(5, /* 3 entries */, 32768) = 88
1521983300.813331 open("/usr/lib64/gconv/gconv-modules.cache", O_RDONLY) = 6
1521983300.813362 fstat(6, {st_mode=S_IFREG|0644, st_size=26254, ...}) = 0
1521983300.813468 mmap(NULL, 26254, PROT_READ, MAP_SHARED, 6, 0) = 0x7fe219a68000
1521983300.813531 close(6)              = 0
1521983300.813550 futex(0x7fe217781a80, FUTEX_WAKE_PRIVATE, 2147483647) = 0
1521983300.813584 getdents(5, /* 0 entries */, 32768) = 0
1521983300.813602 close(5)              = 0
1521983300.813622 lstat("/etc/gss/mech.d/gssproxy.conf", {st_mode=S_IFREG|0644, st_size=189, ...}) = 0
1521983300.813662 open("/etc/gss/mech.d/gssproxy.conf", O_RDONLY) = 5
1521983300.813704 fstat(5, {st_mode=S_IFREG|0644, st_size=189, ...}) = 0
1521983300.813730 mmap(NULL, 4096, PROT_READ|PROT_WRITE, MAP_PRIVATE|MAP_ANONYMOUS, -1, 0) = 0x7fe219a67000
1521983300.813809 read(5, "# GSS-API mechanism plugins\n#\n# "..., 4096) = 189
1521983300.813858 read(5, "", 4096)     = 0
1521983300.813884 close(5)              = 0
1521983300.813907 munmap(0x7fe219a67000, 4096) = 0
1521983300.813951 stat("/usr/lib64/gssproxy/proxymech.so", {st_mode=S_IFREG|0755, st_size=115072, ...}) = 0
1521983300.813997 futex(0x7fe218fc30d0, FUTEX_WAKE_PRIVATE, 2147483647) = 0
1521983300.814029 open("/usr/lib64/gssproxy/proxymech.so", O_RDONLY|O_CLOEXEC) = 5
1521983300.814065 read(5, "\177ELF\2\1\1\0\0\0\0\0\0\0\0\0\3\0>\0\1\0\0\0\320x\0\0\0\0\0\0"..., 832) = 832
1521983300.814089 fstat(5, {st_mode=S_IFREG|0755, st_size=115072, ...}) = 0
1521983300.814117 mmap(NULL, 2208224, PROT_READ|PROT_EXEC, MAP_PRIVATE|MAP_DENYWRITE, 5, 0) = 0x7fe20eba3000
1521983300.814141 mprotect(0x7fe20ebbe000, 2093056, PROT_NONE) = 0
1521983300.814163 mmap(0x7fe20edbd000, 8192, PROT_READ|PROT_WRITE, MAP_PRIVATE|MAP_FIXED|MAP_DENYWRITE, 5, 0x1a000) = 0x7fe20edbd000
1521983300.814196 close(5)              = 0
1521983300.814263 open("/etc/ld.so.cache", O_RDONLY|O_CLOEXEC) = 5
1521983300.814294 fstat(5, {st_mode=S_IFREG|0644, st_size=74765, ...}) = 0
1521983300.814319 mmap(NULL, 74765, PROT_READ, MAP_PRIVATE, 5, 0) = 0x7fe219a3a000
1521983300.814348 close(5)              = 0
1521983300.814391 open("/lib64/libgssrpc.so.4", O_RDONLY|O_CLOEXEC) = 5
1521983300.814428 read(5, "\177ELF\2\1\1\0\0\0\0\0\0\0\0\0\3\0>\0\1\0\0\0\340Z\0\0\0\0\0\0"..., 832) = 832
1521983300.814443 fstat(5, {st_mode=S_IFREG|0755, st_size=134368, ...}) = 0
1521983300.814471 mmap(NULL, 2227072, PROT_READ|PROT_EXEC, MAP_PRIVATE|MAP_DENYWRITE, 5, 0) = 0x7fe20e983000
1521983300.814487 mprotect(0x7fe20e9a1000, 2097152, PROT_NONE) = 0
1521983300.814500 mmap(0x7fe20eba1000, 8192, PROT_READ|PROT_WRITE, MAP_PRIVATE|MAP_FIXED|MAP_DENYWRITE, 5, 0x1e000) = 0x7fe20eba1000
1521983300.814525 close(5)              = 0
1521983300.814686 mprotect(0x7fe20eba1000, 4096, PROT_READ) = 0
1521983300.814842 mprotect(0x7fe20edbd000, 4096, PROT_READ) = 0
1521983300.814864 munmap(0x7fe219a3a000, 74765) = 0
1521983300.814906 stat("/usr/lib64/gssproxy/proxymech.so", {st_mode=S_IFREG|0755, st_size=115072, ...}) = 0
1521983300.814993 futex(0x7fe217ea4480, FUTEX_WAKE_PRIVATE, 2147483647) = 0
1521983300.815019 futex(0x7fe217ea56d0, FUTEX_WAKE_PRIVATE, 2147483647) = 0
1521983300.815046 stat("/etc/krb5.conf", {st_mode=S_IFREG|0644, st_size=590, ...}) = 0
1521983300.815372 open("/etc/krb5.conf", O_RDONLY) = 5
1521983300.815404 fcntl(5, F_SETFD, FD_CLOEXEC) = 0
1521983300.815478 fstat(5, {st_mode=S_IFREG|0644, st_size=590, ...}) = 0
1521983300.815492 mmap(NULL, 4096, PROT_READ|PROT_WRITE, MAP_PRIVATE|MAP_ANONYMOUS, -1, 0) = 0x7fe219a67000
1521983300.815507 read(5, "# Configuration snippets may be "..., 4096) = 590
1521983300.815531 openat(AT_FDCWD, "/etc/krb5.conf.d/", O_RDONLY|O_NONBLOCK|O_DIRECTORY|O_CLOEXEC) = 6
1521983300.815560 getdents(6, /* 2 entries */, 32768) = 48
1521983300.815575 getdents(6, /* 0 entries */, 32768) = 0
1521983300.815589 close(6)              = 0
1521983300.815615 read(5, "", 4096)     = 0
1521983300.815631 close(5)              = 0
1521983300.815643 munmap(0x7fe219a67000, 4096) = 0
1521983300.815792 stat("/etc/krb5.conf", {st_mode=S_IFREG|0644, st_size=590, ...}) = 0
1521983300.815816 open("/etc/krb5.conf", O_RDONLY) = 5
1521983300.815831 fcntl(5, F_SETFD, FD_CLOEXEC) = 0
1521983300.815844 fstat(5, {st_mode=S_IFREG|0644, st_size=590, ...}) = 0
1521983300.815857 mmap(NULL, 4096, PROT_READ|PROT_WRITE, MAP_PRIVATE|MAP_ANONYMOUS, -1, 0) = 0x7fe219a67000
1521983300.815871 read(5, "# Configuration snippets may be "..., 4096) = 590
1521983300.815887 openat(AT_FDCWD, "/etc/krb5.conf.d/", O_RDONLY|O_NONBLOCK|O_DIRECTORY|O_CLOEXEC) = 6
1521983300.815904 getdents(6, /* 2 entries */, 32768) = 48
1521983300.815917 getdents(6, /* 0 entries */, 32768) = 0
1521983300.815928 close(6)              = 0
1521983300.815948 read(5, "", 4096)     = 0
1521983300.815960 close(5)              = 0
1521983300.815971 munmap(0x7fe219a67000, 4096) = 0
1521983300.816005 access("/etc/krb5.conf", R_OK) = 0
1521983300.816065 stat("/etc/krb5.conf", {st_mode=S_IFREG|0644, st_size=590, ...}) = 0
1521983300.816099 stat("/etc/sysconfig/64bit_strstr_via_64bit_strstr_sse2_unaligned", 0x7ffc917ddd70) = -1 ENOENT (No such file or directory)
1521983300.816128 geteuid()             = 1001
1521983300.816162 open("/var/kerberos/krb5/user/1001/client.keytab", O_RDONLY) = -1 ENOENT (No such file or directory)
1521983300.816355 getuid()              = 1001
1521983300.816384 keyctl(KEYCTL_GET_PERSISTENT, 1001, KEY_SPEC_PROCESS_KEYRING) = 904726641
1521983300.816418 keyctl(KEYCTL_SEARCH, 904726641, "keyring", "_krb", KEY_SPEC_PROCESS_KEYRING) = -1 ENOKEY (Required key not available)
1521983300.816439 add_key("keyring", "_krb", NULL, 0, KEY_SPEC_PROCESS_KEYRING) = 653735145
1521983300.816457 keyctl(KEYCTL_LINK, 653735145, 904726641) = 0
1521983300.816470 keyctl(KEYCTL_SEARCH, 653735145, "user", "krb_ccache:primary", 0) = -1 ENOKEY (Required key not available)
1521983300.816484 add_key("user", "krb_ccache:primary", "\0\0\0\1\0\0\0\0041001", 12, 653735145) = 972240121
1521983300.816504 keyctl(KEYCTL_READ, 653735145, NULL, 0) = 4
1521983300.816517 keyctl(KEYCTL_READ, 653735145, "\3714\3639", 4) = 4
1521983300.816530 keyctl(KEYCTL_SEARCH, 653735145, "keyring", "1001", 0) = -1 ENOKEY (Required key not available)
1521983300.816547 keyctl(KEYCTL_DESCRIBE, 972240121, NULL, 0) = 43
1521983300.816561 keyctl(KEYCTL_DESCRIBE, 972240121, "user;1001;1001;3f010000;krb_ccac"..., 43) = 43
1521983300.816610 stat("/etc/krb5.conf", {st_mode=S_IFREG|0644, st_size=590, ...}) = 0
1521983300.816630 open("/etc/krb5.conf", O_RDONLY) = 5
1521983300.816645 fcntl(5, F_SETFD, FD_CLOEXEC) = 0
1521983300.816658 fstat(5, {st_mode=S_IFREG|0644, st_size=590, ...}) = 0
1521983300.816671 mmap(NULL, 4096, PROT_READ|PROT_WRITE, MAP_PRIVATE|MAP_ANONYMOUS, -1, 0) = 0x7fe219a67000
1521983300.816686 read(5, "# Configuration snippets may be "..., 4096) = 590
1521983300.816703 openat(AT_FDCWD, "/etc/krb5.conf.d/", O_RDONLY|O_NONBLOCK|O_DIRECTORY|O_CLOEXEC) = 6
1521983300.816718 getdents(6, /* 2 entries */, 32768) = 48
1521983300.816731 getdents(6, /* 0 entries */, 32768) = 0
1521983300.816742 close(6)              = 0
1521983300.816761 read(5, "", 4096)     = 0
1521983300.816774 close(5)              = 0
1521983300.816785 munmap(0x7fe219a67000, 4096) = 0
1521983300.816837 stat("/etc/krb5.conf", {st_mode=S_IFREG|0644, st_size=590, ...}) = 0
1521983300.816865 open("/etc/krb5.conf", O_RDONLY) = 5
1521983300.816879 fcntl(5, F_SETFD, FD_CLOEXEC) = 0
1521983300.816892 fstat(5, {st_mode=S_IFREG|0644, st_size=590, ...}) = 0
1521983300.816905 mmap(NULL, 4096, PROT_READ|PROT_WRITE, MAP_PRIVATE|MAP_ANONYMOUS, -1, 0) = 0x7fe219a67000
1521983300.816919 read(5, "# Configuration snippets may be "..., 4096) = 590
1521983300.816935 openat(AT_FDCWD, "/etc/krb5.conf.d/", O_RDONLY|O_NONBLOCK|O_DIRECTORY|O_CLOEXEC) = 6
1521983300.816949 getdents(6, /* 2 entries */, 32768) = 48
1521983300.816962 getdents(6, /* 0 entries */, 32768) = 0
1521983300.816973 close(6)              = 0
1521983300.816991 read(5, "", 4096)     = 0
1521983300.817003 close(5)              = 0
1521983300.817014 munmap(0x7fe219a67000, 4096) = 0
1521983300.817051 stat("/etc/krb5.conf", {st_mode=S_IFREG|0644, st_size=590, ...}) = 0
1521983300.817071 open("/etc/krb5.conf", O_RDONLY) = 5
1521983300.817086 fcntl(5, F_SETFD, FD_CLOEXEC) = 0
1521983300.817098 fstat(5, {st_mode=S_IFREG|0644, st_size=590, ...}) = 0
1521983300.817111 mmap(NULL, 4096, PROT_READ|PROT_WRITE, MAP_PRIVATE|MAP_ANONYMOUS, -1, 0) = 0x7fe219a67000
1521983300.817124 read(5, "# Configuration snippets may be "..., 4096) = 590
1521983300.817140 openat(AT_FDCWD, "/etc/krb5.conf.d/", O_RDONLY|O_NONBLOCK|O_DIRECTORY|O_CLOEXEC) = 6
1521983300.817154 getdents(6, /* 2 entries */, 32768) = 48
1521983300.817167 getdents(6, /* 0 entries */, 32768) = 0
1521983300.817178 close(6)              = 0
1521983300.817196 read(5, "", 4096)     = 0
1521983300.817237 close(5)              = 0
1521983300.817260 munmap(0x7fe219a67000, 4096) = 0
1521983300.817373 access("/etc/krb5.conf", R_OK) = 0
1521983300.817409 stat("/etc/krb5.conf", {st_mode=S_IFREG|0644, st_size=590, ...}) = 0
1521983300.817441 geteuid()             = 1001
1521983300.817481 open("/var/kerberos/krb5/user/1001/client.keytab", O_RDONLY) = -1 ENOENT (No such file or directory)
1521983300.817530 getuid()              = 1001
1521983300.817566 keyctl(KEYCTL_GET_PERSISTENT, 1001, KEY_SPEC_PROCESS_KEYRING) = 904726641
1521983300.817596 keyctl(KEYCTL_SEARCH, 904726641, "keyring", "_krb", KEY_SPEC_PROCESS_KEYRING) = 653735145
1521983300.817616 keyctl(KEYCTL_SEARCH, 653735145, "user", "krb_ccache:primary", 0) = 972240121
1521983300.817634 keyctl(KEYCTL_READ, 972240121, NULL, 0) = 12
1521983300.817665 keyctl(KEYCTL_READ, 972240121, "", 12) = 12
1521983300.817680 keyctl(KEYCTL_READ, 653735145, NULL, 0) = 4
1521983300.817691 keyctl(KEYCTL_READ, 653735145, "\3714\3639", 4) = 4
1521983300.817703 keyctl(KEYCTL_SEARCH, 653735145, "keyring", "1001", 0) = -1 ENOKEY (Required key not available)
1521983300.817717 keyctl(KEYCTL_DESCRIBE, 972240121, NULL, 0) = 43
1521983300.817730 keyctl(KEYCTL_DESCRIBE, 972240121, "user;1001;1001;3f010000;krb_ccac"..., 43) = 43
1521983300.817754 access("/etc/krb5.conf", R_OK) = 0
1521983300.817770 stat("/etc/krb5.conf", {st_mode=S_IFREG|0644, st_size=590, ...}) = 0
1521983300.817809 stat("/etc/krb5.conf", {st_mode=S_IFREG|0644, st_size=590, ...}) = 0
1521983300.817826 open("/etc/krb5.conf", O_RDONLY) = 5
1521983300.817841 fcntl(5, F_SETFD, FD_CLOEXEC) = 0
1521983300.817855 fstat(5, {st_mode=S_IFREG|0644, st_size=590, ...}) = 0
1521983300.817867 mmap(NULL, 4096, PROT_READ|PROT_WRITE, MAP_PRIVATE|MAP_ANONYMOUS, -1, 0) = 0x7fe219a67000
1521983300.817882 read(5, "# Configuration snippets may be "..., 4096) = 590
1521983300.817899 openat(AT_FDCWD, "/etc/krb5.conf.d/", O_RDONLY|O_NONBLOCK|O_DIRECTORY|O_CLOEXEC) = 6
1521983300.817914 getdents(6, /* 2 entries */, 32768) = 48
1521983300.817927 getdents(6, /* 0 entries */, 32768) = 0
1521983300.817939 close(6)              = 0
1521983300.817958 read(5, "", 4096)     = 0
1521983300.817970 close(5)              = 0
1521983300.817981 munmap(0x7fe219a67000, 4096) = 0
1521983300.818018 stat("/home/king/.ssh/id_rsa", 0x7ffc917de840) = -1 ENOENT (No such file or directory)
1521983300.818046 stat("/home/king/.ssh/id_dsa", 0x7ffc917de840) = -1 ENOENT (No such file or directory)
1521983300.818061 stat("/home/king/.ssh/id_ecdsa", 0x7ffc917de840) = -1 ENOENT (No such file or directory)
1521983300.818081 stat("/home/king/.ssh/id_ed25519", 0x7ffc917de840) = -1 ENOENT (No such file or directory)
1521983300.818101 open("/dev/tty", O_RDWR) = 5
1521983300.818123 close(5)              = 0
1521983300.818135 open("/dev/tty", O_RDWR) = 5
1521983300.818148 ioctl(5, TCGETS, {B38400 opost isig icanon echo ...}) = 0
1521983300.818339 ioctl(5, SNDCTL_TMR_CONTINUE or TCSETSF, {B38400 opost isig icanon -echo ...}) = 0
1521983300.818356 rt_sigaction(SIGALRM, {0x5564540a75b0, [], SA_RESTORER, 0x7fe2173f9270}, {SIG_DFL, [], 0}, 8) = 0
1521983300.818373 rt_sigaction(SIGHUP, {0x5564540a75b0, [], SA_RESTORER, 0x7fe2173f9270}, {SIG_DFL, [], 0}, 8) = 0
1521983300.818385 rt_sigaction(SIGINT, {0x5564540a75b0, [], SA_RESTORER, 0x7fe2173f9270}, {SIG_DFL, [], 0}, 8) = 0
1521983300.818398 rt_sigaction(SIGPIPE, {0x5564540a75b0, [], SA_RESTORER, 0x7fe2173f9270}, {SIG_IGN, [], SA_RESTORER, 0x7fe2173f9270}, 8) = 0
1521983300.818418 rt_sigaction(SIGQUIT, {0x5564540a75b0, [], SA_RESTORER, 0x7fe2173f9270}, {SIG_DFL, [], 0}, 8) = 0
1521983300.818431 rt_sigaction(SIGTERM, {0x5564540a75b0, [], SA_RESTORER, 0x7fe2173f9270}, {SIG_DFL, [], 0}, 8) = 0
1521983300.818443 rt_sigaction(SIGTSTP, {0x5564540a75b0, [], SA_RESTORER, 0x7fe2173f9270}, {SIG_DFL, [], 0}, 8) = 0
1521983300.818455 rt_sigaction(SIGTTIN, {0x5564540a75b0, [], SA_RESTORER, 0x7fe2173f9270}, {SIG_DFL, [], 0}, 8) = 0
1521983300.818467 rt_sigaction(SIGTTOU, {0x5564540a75b0, [], SA_RESTORER, 0x7fe2173f9270}, {SIG_DFL, [], 0}, 8) = 0
1521983300.818480 write(5, "jacob@192.168.125.180's password"..., 34) = 34
1521983300.818525 read(5, "b", 1)       = 1
1521983300.818621 read(5, "b", 1)       = 1
1521983300.818635 read(5, "c", 1)       = 1
1521983300.818646 read(5, "0", 1)       = 1
1521983300.818658 read(5, "0", 1)       = 1
1521983300.818669 read(5, "0", 1)       = 1
1521983300.818681 read(5, "7", 1)       = 1
1521983300.818693 read(5, "3", 1)       = 1
1521983300.818704 read(5, "1", 1)       = 1
1521983300.818722 read(5, "\n", 1)      = 1
1521983300.818944 write(5, "\n", 1)     = 1
1521983300.818975 ioctl(5, SNDCTL_TMR_CONTINUE or TCSETSF, {B38400 opost isig icanon echo ...}) = 0
1521983300.818991 rt_sigaction(SIGALRM, {SIG_DFL, [], SA_RESTORER, 0x7fe2173f9270}, NULL, 8) = 0
1521983300.819003 rt_sigaction(SIGHUP, {SIG_DFL, [], SA_RESTORER, 0x7fe2173f9270}, NULL, 8) = 0
1521983300.819015 rt_sigaction(SIGINT, {SIG_DFL, [], SA_RESTORER, 0x7fe2173f9270}, NULL, 8) = 0
1521983300.819026 rt_sigaction(SIGQUIT, {SIG_DFL, [], SA_RESTORER, 0x7fe2173f9270}, NULL, 8) = 0
1521983300.819038 rt_sigaction(SIGPIPE, {SIG_IGN, [], SA_RESTORER, 0x7fe2173f9270}, NULL, 8) = 0
1521983300.819049 rt_sigaction(SIGTERM, {SIG_DFL, [], SA_RESTORER, 0x7fe2173f9270}, NULL, 8) = 0
1521983300.819061 rt_sigaction(SIGTSTP, {SIG_DFL, [], SA_RESTORER, 0x7fe2173f9270}, NULL, 8) = 0
1521983300.819072 rt_sigaction(SIGTTIN, {SIG_DFL, [], SA_RESTORER, 0x7fe2173f9270}, NULL, 8) = 0
1521983300.819084 rt_sigaction(SIGTTOU, {SIG_DFL, [], SA_RESTORER, 0x7fe2173f9270}, NULL, 8) = 0
1521983300.819095 close(5)              = 0
1521983300.819121 write(4, "C\222V\246[\336\223\2\0\fCC\365\241\0206)\252\3gS\17\37Q]X\300\320\272\233\257\227"..., 148) = 148
1521983300.819195 select(5, [4], NULL, NULL, NULL) = 1 (in [4])
1521983300.835761 read(4, "\320\30.P\265\245i8?C\365\232\22\301XA\265[K\26\242\214<\247\37Y\21\36", 8192) = 28
1521983300.835805 dup(0)                = 5
1521983300.835818 dup(1)                = 6
1521983300.835828 dup(2)                = 7
1521983300.835840 ioctl(5, TCGETS, {B38400 opost isig icanon echo ...}) = 0
1521983300.835867 ioctl(6, TCGETS, {B38400 opost isig icanon echo ...}) = 0
1521983300.835879 ioctl(7, TCGETS, {B38400 opost isig icanon echo ...}) = 0
1521983300.835926 fcntl(5, F_SETFD, FD_CLOEXEC) = 0
1521983300.835943 fcntl(6, F_SETFD, FD_CLOEXEC) = 0
1521983300.835953 fcntl(7, F_SETFD, FD_CLOEXEC) = 0
1521983300.835977 rt_sigaction(SIGHUP, NULL, {SIG_DFL, [], SA_RESTORER, 0x7fe2173f9270}, 8) = 0
1521983300.836002 rt_sigaction(SIGHUP, {SIG_IGN, [], SA_RESTORER, 0x7fe2173f9270}, NULL, 8) = 0
1521983300.836031 rt_sigaction(SIGHUP, NULL, {SIG_IGN, [], SA_RESTORER, 0x7fe2173f9270}, 8) = 0
1521983300.836043 rt_sigaction(SIGHUP, {0x55645404a1a0, [], SA_RESTORER, 0x7fe2173f9270}, NULL, 8) = 0
1521983300.836054 rt_sigaction(SIGINT, NULL, {SIG_DFL, [], SA_RESTORER, 0x7fe2173f9270}, 8) = 0
1521983300.836066 rt_sigaction(SIGINT, {SIG_IGN, [], SA_RESTORER, 0x7fe2173f9270}, NULL, 8) = 0
1521983300.836077 rt_sigaction(SIGINT, NULL, {SIG_IGN, [], SA_RESTORER, 0x7fe2173f9270}, 8) = 0
1521983300.836089 rt_sigaction(SIGINT, {0x55645404a1a0, [], SA_RESTORER, 0x7fe2173f9270}, NULL, 8) = 0
1521983300.836100 rt_sigaction(SIGQUIT, NULL, {SIG_DFL, [], SA_RESTORER, 0x7fe2173f9270}, 8) = 0
1521983300.836112 rt_sigaction(SIGQUIT, {SIG_IGN, [], SA_RESTORER, 0x7fe2173f9270}, NULL, 8) = 0
1521983300.836123 rt_sigaction(SIGQUIT, NULL, {SIG_IGN, [], SA_RESTORER, 0x7fe2173f9270}, 8) = 0
1521983300.836135 rt_sigaction(SIGQUIT, {0x55645404a1a0, [], SA_RESTORER, 0x7fe2173f9270}, NULL, 8) = 0
1521983300.836146 rt_sigaction(SIGTERM, NULL, {SIG_DFL, [], SA_RESTORER, 0x7fe2173f9270}, 8) = 0
1521983300.836158 rt_sigaction(SIGTERM, {SIG_IGN, [], SA_RESTORER, 0x7fe2173f9270}, NULL, 8) = 0
1521983300.836169 rt_sigaction(SIGTERM, NULL, {SIG_IGN, [], SA_RESTORER, 0x7fe2173f9270}, 8) = 0
1521983300.836181 rt_sigaction(SIGTERM, {0x55645404a1a0, [], SA_RESTORER, 0x7fe2173f9270}, NULL, 8) = 0
1521983300.836192 rt_sigaction(SIGWINCH, NULL, {SIG_DFL, [], 0}, 8) = 0
1521983300.836204 rt_sigaction(SIGWINCH, {0x55645404a430, [], SA_RESTORER, 0x7fe2173f9270}, NULL, 8) = 0
1521983300.836227 ioctl(0, TCGETS, {B38400 opost isig icanon echo ...}) = 0
1521983300.836245 ioctl(0, SNDCTL_TMR_STOP or TCSETSW, {B38400 -opost -isig -icanon -echo ...}) = 0
1521983300.836261 clock_gettime(CLOCK_BOOTTIME, {512, 770441552}) = 0
1521983300.836275 clock_gettime(CLOCK_BOOTTIME, {512, 770454553}) = 0
1521983300.836287 select(8, [4], [4], NULL, NULL) = 1 (out [4])
1521983300.836305 clock_gettime(CLOCK_BOOTTIME, {512, 770484178}) = 0
1521983300.836317 write(4, ">A\223en \220_6\275V\f3\337\237\33C\235\373\254\3\3036q\247\243\37VQC\340\6"..., 112) = 112
1521983300.836384 clock_gettime(CLOCK_BOOTTIME, {512, 770564431}) = 0
1521983300.836398 clock_gettime(CLOCK_BOOTTIME, {512, 770577201}) = 0
1521983300.836409 select(8, [4], [], NULL, NULL) = 1 (in [4])
1521983301.008197 clock_gettime(CLOCK_BOOTTIME, {512, 942387621}) = 0
1521983301.008224 read(4, "\267\326\\\241\350\343\362\261\234\247\375\f\234\tA*}\324G\324\21\261\331\3035\30\227\2\25\212\35m"..., 8192) = 500
1521983301.008263 clock_gettime(CLOCK_BOOTTIME, {512, 942443858}) = 0
1521983301.008277 clock_gettime(CLOCK_BOOTTIME, {512, 942456234}) = 0
1521983301.008289 select(8, [4], [], NULL, NULL) = 1 (in [4])
1521983301.048598 clock_gettime(CLOCK_BOOTTIME, {512, 982781756}) = 0
1521983301.048620 read(4, "-5{|\374{L\267\36\350\r\235\27\334\254$$\332\222\355\3671\315\362\354\202\37\202El\247\340"..., 8192) = 44
1521983301.048651 getsockopt(4, SOL_TCP, TCP_NODELAY, [0], [4]) = 0
1521983301.048751 setsockopt(4, SOL_TCP, TCP_NODELAY, [1], 4) = 0
1521983301.048765 getsockname(4, {sa_family=AF_INET, sin_port=htons(46380), sin_addr=inet_addr("192.168.125.181")}, [16]) = 0
1521983301.048793 setsockopt(4, SOL_IP, IP_TOS, [16], 4) = 0
1521983301.048808 ioctl(0, TIOCGWINSZ, {ws_row=26, ws_col=159, ws_xpixel=0, ws_ypixel=0}) = 0
1521983301.048856 clock_gettime(CLOCK_BOOTTIME, {512, 983038037}) = 0
1521983301.048871 clock_gettime(CLOCK_BOOTTIME, {512, 983051057}) = 0
1521983301.048884 select(8, [4], [4], NULL, NULL) = 1 (out [4])
1521983301.048902 clock_gettime(CLOCK_BOOTTIME, {512, 983081066}) = 0
1521983301.048916 write(4, "z\251WZ\33\251\0\235p#2\340$=\223\325\371\16Hbp\207\317j\25\273r<\361!!\250"..., 504) = 504
1521983301.048986 clock_gettime(CLOCK_BOOTTIME, {512, 983166605}) = 0
1521983301.049000 clock_gettime(CLOCK_BOOTTIME, {512, 983179532}) = 0
1521983301.049012 select(8, [4], [], NULL, NULL) = 1 (in [4])
1521983301.056169 clock_gettime(CLOCK_BOOTTIME, {512, 990353160}) = 0
1521983301.056205 read(4, "\360\f19#\275\323\326\346\344\306\35+\337\242\275\204\303\16A\376_\217#\354c\212\360o\246f\210"..., 8192) = 108
1521983301.056250 clock_gettime(CLOCK_BOOTTIME, {512, 990432300}) = 0
1521983301.056268 clock_gettime(CLOCK_BOOTTIME, {512, 990449227}) = 0
1521983301.056302 select(8, [4 5], [], NULL, NULL) = 1 (in [4])
1521983301.058690 clock_gettime(CLOCK_BOOTTIME, {512, 992871914}) = 0
1521983301.058707 read(4, "\24\10\231HBZ\254(\264\t\217\325r12H\215\245o\213yt\334\27\354c\357)?\366\340\357"..., 8192) = 92
1521983301.058790 clock_gettime(CLOCK_BOOTTIME, {512, 992970285}) = 0
1521983301.058803 clock_gettime(CLOCK_BOOTTIME, {512, 992982577}) = 0
1521983301.058815 select(8, [4 5], [6], NULL, NULL) = 1 (out [6])
1521983301.058835 clock_gettime(CLOCK_BOOTTIME, {512, 993014932}) = 0
1521983301.058847 write(6, "Last login: Sun Mar 25 20:59:51 "..., 58) = 58
1521983301.059071 clock_gettime(CLOCK_BOOTTIME, {512, 993257034}) = 0
1521983301.059092 clock_gettime(CLOCK_BOOTTIME, {512, 993271432}) = 0
1521983301.059104 select(8, [4 5], [], NULL, NULL) = 1 (in [4])
1521983301.209557 clock_gettime(CLOCK_BOOTTIME, {513, 143740464}) = 0
1521983301.209578 read(4, "\2070.\217+(xX\360\240n.k\270c\334\177\177\334H\311\241\222\36>\324\372\357\34\204S\273"..., 8192) = 84
1521983301.209608 clock_gettime(CLOCK_BOOTTIME, {513, 143788856}) = 0
1521983301.209622 clock_gettime(CLOCK_BOOTTIME, {513, 143801753}) = 0
1521983301.209635 select(8, [4 5], [6], NULL, NULL) = 1 (out [6])
1521983301.209654 clock_gettime(CLOCK_BOOTTIME, {513, 143833636}) = 0
1521983301.209666 write(6, "\33]0;jacob@study:~\7\33[?1034h[jacob"..., 43) = 43
1521983301.209907 clock_gettime(CLOCK_BOOTTIME, {513, 144086990}) = 0
1521983301.209922 clock_gettime(CLOCK_BOOTTIME, {513, 144101249}) = 0
1521983301.209934 select(8, [4 5], [], NULL, NULL) = 1 (in [5])
1521983301.949129 clock_gettime(CLOCK_BOOTTIME, {513, 883310968}) = 0
1521983301.949146 read(5, "l", 16384)   = 1
1521983301.949171 clock_gettime(CLOCK_BOOTTIME, {513, 883351084}) = 0
1521983301.949184 clock_gettime(CLOCK_BOOTTIME, {513, 883363144}) = 0
1521983301.949196 select(8, [4 5], [4], NULL, NULL) = 1 (out [4])
1521983301.949213 clock_gettime(CLOCK_BOOTTIME, {513, 883392486}) = 0
1521983301.949225 write(4, "\227\312\217Z\224\306\276\262\340\351V\t\332\211]\264G\205i\372\265V5\6Cg(\340\3319\\\323"..., 36) = 36
1521983301.949285 clock_gettime(CLOCK_BOOTTIME, {513, 883465415}) = 0
1521983301.949299 clock_gettime(CLOCK_BOOTTIME, {513, 883478017}) = 0
1521983301.949310 select(8, [4 5], [], NULL, NULL) = 1 (in [4])
1521983301.949791 clock_gettime(CLOCK_BOOTTIME, {513, 883974158}) = 0
1521983301.949814 read(4, "M\201\315\220J\263e\325\\KQ\257e\224\237CS\220\257\223\314\350\332\24PA!w\337\377dH"..., 8192) = 36
1521983301.949845 clock_gettime(CLOCK_BOOTTIME, {513, 884027414}) = 0
1521983301.949865 clock_gettime(CLOCK_BOOTTIME, {513, 884047202}) = 0
1521983301.949885 select(8, [4 5], [6], NULL, NULL) = 1 (out [6])
1521983301.949913 clock_gettime(CLOCK_BOOTTIME, {513, 884094512}) = 0
1521983301.949933 write(6, "l", 1)      = 1
1521983301.950108 clock_gettime(CLOCK_BOOTTIME, {513, 884287926}) = 0
1521983301.950122 clock_gettime(CLOCK_BOOTTIME, {513, 884301114}) = 0
1521983301.950133 select(8, [4 5], [], NULL, NULL) = 1 (in [5])
1521983302.069054 clock_gettime(CLOCK_BOOTTIME, {514, 3236488}) = 0
1521983302.069073 read(5, "s", 16384)   = 1
1521983302.069095 clock_gettime(CLOCK_BOOTTIME, {514, 3275420}) = 0
1521983302.069108 clock_gettime(CLOCK_BOOTTIME, {514, 3287906}) = 0
1521983302.069121 select(8, [4 5], [4], NULL, NULL) = 1 (out [4])
1521983302.069139 clock_gettime(CLOCK_BOOTTIME, {514, 3318838}) = 0
1521983302.069151 write(4, "\272\212P\234\375\37\252\3H\30\366\332\317\274/\256\205\364h\210)|=\240\25\304Jw\275ns\332"..., 36) = 36
1521983302.069213 clock_gettime(CLOCK_BOOTTIME, {514, 3392945}) = 0
1521983302.069226 clock_gettime(CLOCK_BOOTTIME, {514, 3405987}) = 0
1521983302.069238 select(8, [4 5], [], NULL, NULL) = 1 (in [4])
1521983302.069588 clock_gettime(CLOCK_BOOTTIME, {514, 3768960}) = 0
1521983302.069603 read(4, "K\24\1\352\0212y\355\0\365\330\304tgZvJ\206\211\274,\352_`\264\334&\4\270#C\322"..., 8192) = 36
1521983302.069636 clock_gettime(CLOCK_BOOTTIME, {514, 3815836}) = 0
1521983302.069660 clock_gettime(CLOCK_BOOTTIME, {514, 3841871}) = 0
1521983302.069675 select(8, [4 5], [6], NULL, NULL) = 1 (out [6])
1521983302.069694 clock_gettime(CLOCK_BOOTTIME, {514, 3873114}) = 0
1521983302.069705 write(6, "s", 1)      = 1
1521983302.069886 clock_gettime(CLOCK_BOOTTIME, {514, 4065995}) = 0
1521983302.069900 clock_gettime(CLOCK_BOOTTIME, {514, 4079356}) = 0
1521983302.069912 select(8, [4 5], [], NULL, NULL) = 1 (in [5])
1521983302.181404 clock_gettime(CLOCK_BOOTTIME, {514, 115587168}) = 0
1521983302.181425 read(5, "\r", 16384)  = 1
1521983302.181449 clock_gettime(CLOCK_BOOTTIME, {514, 115629661}) = 0
1521983302.181463 clock_gettime(CLOCK_BOOTTIME, {514, 115642527}) = 0
1521983302.181475 select(8, [4 5], [4], NULL, NULL) = 1 (out [4])
1521983302.181494 clock_gettime(CLOCK_BOOTTIME, {514, 115673730}) = 0
1521983302.181506 write(4, "K\375\255$\326\254\302\373%\271:L\266\2563\24\0e\357\207\337Q\274A,\3\221\300\265\0p\30"..., 36) = 36
1521983302.181575 clock_gettime(CLOCK_BOOTTIME, {514, 115754923}) = 0
1521983302.181589 clock_gettime(CLOCK_BOOTTIME, {514, 115768520}) = 0
1521983302.181601 select(8, [4 5], [], NULL, NULL) = 1 (in [4])
1521983302.183184 clock_gettime(CLOCK_BOOTTIME, {514, 117365408}) = 0
1521983302.183200 read(4, "\255\210@\340Ge\364\370\307\313\22P>\5C\r\265\35R\0160\205DQ\327?\3523\6\33;d"..., 8192) = 36
1521983302.183221 clock_gettime(CLOCK_BOOTTIME, {514, 117400619}) = 0
1521983302.183233 clock_gettime(CLOCK_BOOTTIME, {514, 117412454}) = 0
1521983302.183245 select(8, [4 5], [6], NULL, NULL) = 1 (out [6])
1521983302.183262 clock_gettime(CLOCK_BOOTTIME, {514, 117441797}) = 0
1521983302.183274 write(6, "\r\n", 2)   = 2
1521983302.183436 clock_gettime(CLOCK_BOOTTIME, {514, 117615935}) = 0
1521983302.183450 clock_gettime(CLOCK_BOOTTIME, {514, 117629158}) = 0
1521983302.183461 select(8, [4 5], [], NULL, NULL) = 1 (in [4])
1521983302.185320 clock_gettime(CLOCK_BOOTTIME, {514, 119501140}) = 0
1521983302.185336 read(4, "\221\371h\37\34&\212'\35~_V\306\334\37[m\236\357x\323\200\335[\232S\351\346\276N`\217"..., 8192) = 220
1521983302.185360 clock_gettime(CLOCK_BOOTTIME, {514, 119539967}) = 0
1521983302.185373 clock_gettime(CLOCK_BOOTTIME, {514, 119552145}) = 0
1521983302.185385 select(8, [4 5], [6], NULL, NULL) = 1 (out [6])
1521983302.185402 clock_gettime(CLOCK_BOOTTIME, {514, 119582003}) = 0
1521983302.185414 write(6, "\33[0m\33[01;34mtmp\33[0m  \33[01;34m\344\270\213"..., 181) = 181
1521983302.185578 clock_gettime(CLOCK_BOOTTIME, {514, 119758226}) = 0
1521983302.185592 clock_gettime(CLOCK_BOOTTIME, {514, 119771452}) = 0
1521983302.185604 select(8, [4 5], [], NULL, NULL) = 1 (in [4])
1521983302.185620 clock_gettime(CLOCK_BOOTTIME, {514, 119799500}) = 0
1521983302.185632 read(4, " t/\331\217\7v\265\373\4\3639\302\1\341\264ID\341Q_2\20n\212P\27\34Yy\26\337"..., 8192) = 76
1521983302.185649 clock_gettime(CLOCK_BOOTTIME, {514, 119828646}) = 0
1521983302.185661 clock_gettime(CLOCK_BOOTTIME, {514, 119840113}) = 0
1521983302.185672 select(8, [4 5], [6], NULL, NULL) = 1 (out [6])
1521983302.185688 clock_gettime(CLOCK_BOOTTIME, {514, 119867273}) = 0
1521983302.185699 write(6, "\33]0;jacob@study:~\7[jacob@study ~"..., 35) = 35
1521983302.185762 clock_gettime(CLOCK_BOOTTIME, {514, 119941986}) = 0
1521983302.185775 clock_gettime(CLOCK_BOOTTIME, {514, 119954379}) = 0
1521983302.185786 select(8, [4 5], [], NULL, NULL) = 1 (in [5])
1521983302.437052 clock_gettime(CLOCK_BOOTTIME, {514, 371234511}) = 0
1521983302.437071 read(5, "l", 16384)   = 1
1521983302.437094 clock_gettime(CLOCK_BOOTTIME, {514, 371274994}) = 0
1521983302.437108 clock_gettime(CLOCK_BOOTTIME, {514, 371288162}) = 0
1521983302.437121 select(8, [4 5], [4], NULL, NULL) = 1 (out [4])
1521983302.437140 clock_gettime(CLOCK_BOOTTIME, {514, 371319444}) = 0
1521983302.437152 write(4, "\17P\277N\264\356\260\235/\315RWoH\235\206@\302\222\300\30\335\345U#\254J@!G_\345"..., 36) = 36
1521983302.437227 clock_gettime(CLOCK_BOOTTIME, {514, 371406593}) = 0
1521983302.437240 clock_gettime(CLOCK_BOOTTIME, {514, 371419769}) = 0
1521983302.437252 select(8, [4 5], [], NULL, NULL) = 1 (in [4])
1521983302.437663 clock_gettime(CLOCK_BOOTTIME, {514, 371844301}) = 0
1521983302.437679 read(4, "\373\302\354\3512\270\370\220\311\267\370\241\30:\216\256\362\22\310\270(a]\3205\36\215=\343J\340u"..., 8192) = 36
1521983302.437700 clock_gettime(CLOCK_BOOTTIME, {514, 371880132}) = 0
1521983302.437713 clock_gettime(CLOCK_BOOTTIME, {514, 371891963}) = 0
1521983302.437724 select(8, [4 5], [6], NULL, NULL) = 1 (out [6])
1521983302.437742 clock_gettime(CLOCK_BOOTTIME, {514, 371921065}) = 0
1521983302.437753 write(6, "l", 1)      = 1
1521983302.437927 clock_gettime(CLOCK_BOOTTIME, {514, 372107331}) = 0
1521983302.437941 clock_gettime(CLOCK_BOOTTIME, {514, 372120686}) = 0
1521983302.437953 select(8, [4 5], [], NULL, NULL) = 1 (in [5])
1521983302.532958 clock_gettime(CLOCK_BOOTTIME, {514, 467140489}) = 0
1521983302.532977 read(5, "s", 16384)   = 1
1521983302.532999 clock_gettime(CLOCK_BOOTTIME, {514, 467179010}) = 0
1521983302.533012 clock_gettime(CLOCK_BOOTTIME, {514, 467191846}) = 0
1521983302.533025 select(8, [4 5], [4], NULL, NULL) = 1 (out [4])
1521983302.533043 clock_gettime(CLOCK_BOOTTIME, {514, 467222766}) = 0
1521983302.533055 write(4, "eJ\4\30\261\324\242\316m\312\251A8\311\357\374\2049\214my\347\3055\230\207\22u\2m\342\245"..., 36) = 36
1521983302.533126 clock_gettime(CLOCK_BOOTTIME, {514, 467305937}) = 0
1521983302.533140 clock_gettime(CLOCK_BOOTTIME, {514, 467319097}) = 0
1521983302.533151 select(8, [4 5], [], NULL, NULL) = 1 (in [4])
1521983302.533551 clock_gettime(CLOCK_BOOTTIME, {514, 467732448}) = 0
1521983302.533566 read(4, "\220Dc\356x\207.4\360$+\rj\377\10<a+y\235\241\331P\357\311\352jM\307\372S\305"..., 8192) = 36
1521983302.533588 clock_gettime(CLOCK_BOOTTIME, {514, 467768280}) = 0
1521983302.533601 clock_gettime(CLOCK_BOOTTIME, {514, 467780044}) = 0
1521983302.533612 select(8, [4 5], [6], NULL, NULL) = 1 (out [6])
1521983302.533630 clock_gettime(CLOCK_BOOTTIME, {514, 467809173}) = 0
1521983302.533641 write(6, "s", 1)      = 1
1521983302.533798 clock_gettime(CLOCK_BOOTTIME, {514, 467977981}) = 0
1521983302.533812 clock_gettime(CLOCK_BOOTTIME, {514, 467991181}) = 0
1521983302.533824 select(8, [4 5], [], NULL, NULL) = 1 (in [5])
1521983302.660948 clock_gettime(CLOCK_BOOTTIME, {514, 595130495}) = 0
1521983302.660967 read(5, "\r", 16384)  = 1
1521983302.660988 clock_gettime(CLOCK_BOOTTIME, {514, 595168513}) = 0
1521983302.661001 clock_gettime(CLOCK_BOOTTIME, {514, 595181272}) = 0
1521983302.661014 select(8, [4 5], [4], NULL, NULL) = 1 (out [4])
1521983302.661033 clock_gettime(CLOCK_BOOTTIME, {514, 595212495}) = 0
1521983302.661045 write(4, "\254l.\320\266\300\3478\27\256\316\310\321\312r\5\210\364}\337m\246\353{\0\35\366\17J\34%\257"..., 36) = 36
1521983302.661119 clock_gettime(CLOCK_BOOTTIME, {514, 595298860}) = 0
1521983302.661133 clock_gettime(CLOCK_BOOTTIME, {514, 595312070}) = 0
1521983302.661144 select(8, [4 5], [], NULL, NULL) = 1 (in [4])
1521983302.661823 clock_gettime(CLOCK_BOOTTIME, {514, 596003306}) = 0
1521983302.661836 read(4, "\321s\17\370-71\370\220\356\247c\2055\n\240\263\244G\2004\225\301OQJNw\200po\354"..., 8192) = 36
1521983302.661857 clock_gettime(CLOCK_BOOTTIME, {514, 596036400}) = 0
1521983302.661869 clock_gettime(CLOCK_BOOTTIME, {514, 596048022}) = 0
1521983302.661880 select(8, [4 5], [6], NULL, NULL) = 1 (out [6])
1521983302.661897 clock_gettime(CLOCK_BOOTTIME, {514, 596076260}) = 0
1521983302.661908 write(6, "\r\n", 2)   = 2
1521983302.662079 clock_gettime(CLOCK_BOOTTIME, {514, 596258946}) = 0
1521983302.662093 clock_gettime(CLOCK_BOOTTIME, {514, 596272221}) = 0
1521983302.662104 select(8, [4 5], [], NULL, NULL) = 1 (in [4])
1521983302.663049 clock_gettime(CLOCK_BOOTTIME, {514, 597231304}) = 0
1521983302.663069 read(4, "\205\5\206d\2777\232>\236\234\253\236\217\242\310r=\262\234\3466\247\34\2625p\240\256\4\335\342\36"..., 8192) = 220
1521983302.663096 clock_gettime(CLOCK_BOOTTIME, {514, 597290387}) = 0
1521983302.663129 clock_gettime(CLOCK_BOOTTIME, {514, 597310614}) = 0
1521983302.663149 select(8, [4 5], [6], NULL, NULL) = 1 (out [6])
1521983302.663178 clock_gettime(CLOCK_BOOTTIME, {514, 597359336}) = 0
1521983302.663259 write(6, "\33[0m\33[01;34mtmp\33[0m  \33[01;34m\344\270\213"..., 181) = 181
1521983302.663365 clock_gettime(CLOCK_BOOTTIME, {514, 597546204}) = 0
1521983302.663382 clock_gettime(CLOCK_BOOTTIME, {514, 597563035}) = 0
1521983302.663398 select(8, [4 5], [], NULL, NULL) = 1 (in [4])
1521983302.663418 clock_gettime(CLOCK_BOOTTIME, {514, 597598933}) = 0
1521983302.663434 read(4, "\345\221\v\347\f\215\240\253)\226:\300\225:=\246%'\312>\271\357e\363\237\3148\355S\326\177\320"..., 8192) = 76
1521983302.663456 clock_gettime(CLOCK_BOOTTIME, {514, 597636637}) = 0
1521983302.663471 clock_gettime(CLOCK_BOOTTIME, {514, 597651621}) = 0
1521983302.663486 select(8, [4 5], [6], NULL, NULL) = 1 (out [6])
1521983302.663507 clock_gettime(CLOCK_BOOTTIME, {514, 597687494}) = 0
1521983302.663522 write(6, "\33]0;jacob@study:~\7[jacob@study ~"..., 35) = 35
1521983302.663603 clock_gettime(CLOCK_BOOTTIME, {514, 597786046}) = 0
1521983302.663625 clock_gettime(CLOCK_BOOTTIME, {514, 597806777}) = 0
1521983302.663644 select(8, [4 5], [], NULL, NULL) = 1 (in [5])
1521983303.644931 clock_gettime(CLOCK_BOOTTIME, {515, 579114063}) = 0
1521983303.644950 read(5, "\4", 16384)  = 1
1521983303.645594 clock_gettime(CLOCK_BOOTTIME, {515, 579775111}) = 0
1521983303.645609 clock_gettime(CLOCK_BOOTTIME, {515, 579788634}) = 0
1521983303.645622 select(8, [4 5], [4], NULL, NULL) = 1 (out [4])
1521983303.645642 clock_gettime(CLOCK_BOOTTIME, {515, 579821463}) = 0
1521983303.645654 write(4, "%\376\325hL\31\302T\24\373\360\320\3157\n`\344h\233\377q\5\\w\346bG\351\353\253$'"..., 36) = 36
1521983303.645730 clock_gettime(CLOCK_BOOTTIME, {515, 579910448}) = 0
1521983303.645744 clock_gettime(CLOCK_BOOTTIME, {515, 579923818}) = 0
1521983303.645756 select(8, [4 5], [], NULL, NULL) = 1 (in [4])
1521983303.647082 clock_gettime(CLOCK_BOOTTIME, {515, 581263368}) = 0
1521983303.647098 read(4, "ZL\330CR!\265\257z\31k\216\252\205\340\3163\247\f\366[\246C\243'\257s[\345iX3"..., 8192) = 44
1521983303.647120 clock_gettime(CLOCK_BOOTTIME, {515, 581300215}) = 0
1521983303.647133 clock_gettime(CLOCK_BOOTTIME, {515, 581312109}) = 0
1521983303.647145 select(8, [4 5], [6], NULL, NULL) = 1 (out [6])
1521983303.647163 clock_gettime(CLOCK_BOOTTIME, {515, 581342461}) = 0
1521983303.647175 write(6, "logout\r\n", 8) = 8
1521983303.647350 clock_gettime(CLOCK_BOOTTIME, {515, 581530027}) = 0
1521983303.647364 clock_gettime(CLOCK_BOOTTIME, {515, 581543390}) = 0
1521983303.647376 select(8, [4 5], [], NULL, NULL) = 1 (in [4])
1521983303.669223 clock_gettime(CLOCK_BOOTTIME, {515, 603407019}) = 0
1521983303.669245 read(4, "W\234k2R4\304b\277\235\323\364\320\33\\@\37\274\235\255\310\267h\262I\231\224\327\2451\321n"..., 8192) = 176
1521983303.669277 close(5)              = 0
1521983303.669294 close(6)              = 0
1521983303.669308 clock_gettime(CLOCK_BOOTTIME, {515, 603488673}) = 0
1521983303.669322 clock_gettime(CLOCK_BOOTTIME, {515, 603501879}) = 0
1521983303.669335 ioctl(0, SNDCTL_TMR_STOP or TCSETSW, {B38400 opost isig icanon echo ...}) = 0
1521983303.669370 close(7)              = 0
1521983303.669384 select(8, [4], [4], NULL, NULL) = 1 (out [4])
1521983303.669402 clock_gettime(CLOCK_BOOTTIME, {515, 603581786}) = 0
1521983303.669415 write(4, "\215\335\257\363\21\202N\235\207\17\20\221\263\360\26I\243\243\205\231tS\330\233\267\31\212\216\314\350\3T"..., 36) = 36
1521983303.669482 rt_sigaction(SIGWINCH, NULL, {0x55645404a430, [], SA_RESTORER, 0x7fe2173f9270}, 8) = 0
1521983303.669498 rt_sigaction(SIGWINCH, {SIG_DFL, [], SA_RESTORER, 0x7fe2173f9270}, NULL, 8) = 0
1521983303.669514 write(4, "\234\363\253/\242f\335\313\2642a$a\315g\352\200\35\237\276 \0\377N\313\23\256r\25\216\354E"..., 60) = 60
1521983303.669567 ioctl(0, TCGETS, {B38400 opost isig icanon echo ...}) = 0
1521983303.669583 ioctl(1, TCGETS, {B38400 opost isig icanon echo ...}) = 0
1521983303.669595 ioctl(2, TCGETS, {B38400 opost isig icanon echo ...}) = 0
1521983303.669620 write(2, "Connection to 192.168.125.180 cl"..., 39) = 39
1521983303.669817 shutdown(4, SHUT_RDWR) = 0
1521983303.669872 close(4)              = 0
1521983303.670052 exit_group(0)         = ?
1521983303.670398 +++ exited with 0 +++
