[2017-12-21 21:06:32,458][Thread-59:13340][task_id:__name__][permission.py:72][WARNING][用户:2577460245@qq.com正在尝试访问无权限接口/kind_admin/crm/userprofile/2/change/password/]
[2017-12-21 21:06:32,476][Thread-60:9080][task_id:django.request][base.py:152][WARNING][Not Found: /favicon.ico]
[2017-12-21 21:08:39,118][Thread-15:7040][task_id:__name__][permission.py:72][WARNING][用户:2577460245@qq.com正在尝试访问无权限接口/kind_admin/crm/userprofile/1/change/password/]
[2017-12-21 21:11:21,065][Thread-1:1452][task_id:__name__][permission.py:72][WARNING][用户:2577460245@qq.com正在尝试访问无权限接口/crm/sales/]
[2017-12-21 21:12:42,356][Thread-13:1076][task_id:__name__][permission.py:72][WARNING][用户:2577460245@qq.com正在尝试访问无权限接口/crm/sales/]
[2017-12-21 21:12:44,121][Thread-14:5396][task_id:__name__][permission.py:72][WARNING][用户:2577460245@qq.com正在尝试访问无权限接口/crm/sales/]
[2017-12-21 21:12:44,560][Thread-15:9096][task_id:__name__][permission.py:72][WARNING][用户:2577460245@qq.com正在尝试访问无权限接口/crm/sales/]
[2017-12-21 21:12:44,769][Thread-16:1864][task_id:__name__][permission.py:72][WARNING][用户:2577460245@qq.com正在尝试访问无权限接口/crm/sales/]
[2017-12-21 21:12:45,065][Thread-17:11592][task_id:__name__][permission.py:72][WARNING][用户:2577460245@qq.com正在尝试访问无权限接口/crm/sales/]
[2017-12-21 21:12:45,249][Thread-18:10976][task_id:__name__][permission.py:72][WARNING][用户:2577460245@qq.com正在尝试访问无权限接口/crm/sales/]
[2017-12-21 21:12:45,452][Thread-19:9712][task_id:__name__][permission.py:72][WARNING][用户:2577460245@qq.com正在尝试访问无权限接口/crm/sales/]
[2017-12-21 21:12:45,601][Thread-20:7228][task_id:__name__][permission.py:72][WARNING][用户:2577460245@qq.com正在尝试访问无权限接口/crm/sales/]
[2017-12-21 21:12:45,801][Thread-21:9960][task_id:__name__][permission.py:72][WARNING][用户:2577460245@qq.com正在尝试访问无权限接口/crm/sales/]
[2017-12-21 21:12:45,968][Thread-22:14808][task_id:__name__][permission.py:72][WARNING][用户:2577460245@qq.com正在尝试访问无权限接口/crm/sales/]
[2017-12-21 21:12:46,145][Thread-23:10472][task_id:__name__][permission.py:72][WARNING][用户:2577460245@qq.com正在尝试访问无权限接口/crm/sales/]
[2017-12-21 21:12:46,313][Thread-24:9152][task_id:__name__][permission.py:72][WARNING][用户:2577460245@qq.com正在尝试访问无权限接口/crm/sales/]
[2017-12-21 21:12:46,488][Thread-25:5624][task_id:__name__][permission.py:72][WARNING][用户:2577460245@qq.com正在尝试访问无权限接口/crm/sales/]
[2017-12-21 21:12:46,656][Thread-26:2640][task_id:__name__][permission.py:72][WARNING][用户:2577460245@qq.com正在尝试访问无权限接口/crm/sales/]
[2017-12-21 21:12:46,817][Thread-27:6072][task_id:__name__][permission.py:72][WARNING][用户:2577460245@qq.com正在尝试访问无权限接口/crm/sales/]
[2017-12-21 21:12:47,000][Thread-28:6020][task_id:__name__][permission.py:72][WARNING][用户:2577460245@qq.com正在尝试访问无权限接口/crm/sales/]
[2017-12-21 21:12:47,185][Thread-29:9144][task_id:__name__][permission.py:72][WARNING][用户:2577460245@qq.com正在尝试访问无权限接口/crm/sales/]
[2017-12-21 21:12:47,376][Thread-30:13124][task_id:__name__][permission.py:72][WARNING][用户:2577460245@qq.com正在尝试访问无权限接口/crm/sales/]
[2017-12-21 21:12:47,633][Thread-31:11824][task_id:__name__][permission.py:72][WARNING][用户:2577460245@qq.com正在尝试访问无权限接口/crm/sales/]
[2017-12-21 21:12:49,051][Thread-32:13284][task_id:__name__][permission.py:72][WARNING][用户:2577460245@qq.com正在尝试访问无权限接口/crm/sales/]
[2017-12-21 21:12:50,123][Thread-33:4816][task_id:__name__][permission.py:72][WARNING][用户:2577460245@qq.com正在尝试访问无权限接口/crm/sales/]
[2017-12-21 21:12:51,345][Thread-34:2512][task_id:__name__][permission.py:72][WARNING][用户:2577460245@qq.com正在尝试访问无权限接口/crm/sales/]
[2017-12-21 21:12:51,528][Thread-35:11076][task_id:__name__][permission.py:72][WARNING][用户:2577460245@qq.com正在尝试访问无权限接口/crm/sales/]
[2017-12-21 21:12:51,985][Thread-36:10140][task_id:__name__][permission.py:72][WARNING][用户:2577460245@qq.com正在尝试访问无权限接口/crm/sales/]
[2017-12-21 21:12:52,176][Thread-37:3240][task_id:__name__][permission.py:72][WARNING][用户:2577460245@qq.com正在尝试访问无权限接口/crm/sales/]
[2017-12-21 21:13:17,161][Thread-39:5964][task_id:__name__][permission.py:72][WARNING][用户:2577460245@qq.com正在尝试访问无权限接口/crm/sales/]
[2017-12-21 21:13:18,409][Thread-40:13352][task_id:__name__][permission.py:72][WARNING][用户:2577460245@qq.com正在尝试访问无权限接口/crm/sales/]
[2017-12-21 21:13:32,114][Thread-47:7672][task_id:__name__][permission.py:72][WARNING][用户:2577460245@qq.com正在尝试访问无权限接口/crm/sales/]
[2017-12-21 21:13:35,084][Thread-49:6244][task_id:__name__][permission.py:72][WARNING][用户:2577460245@qq.com正在尝试访问无权限接口/crm/sales/]
[2017-12-21 21:13:36,602][Thread-50:14888][task_id:__name__][permission.py:72][WARNING][用户:2577460245@qq.com正在尝试访问无权限接口/crm/sales/]
[2017-12-21 21:13:47,558][Thread-57:10816][task_id:__name__][permission.py:72][WARNING][用户:2577460245@qq.com正在尝试访问无权限接口/crm/sales/]
[2017-12-21 21:13:50,364][Thread-58:12720][task_id:__name__][permission.py:72][WARNING][用户:2577460245@qq.com正在尝试访问无权限接口/crm/sales/]
[2017-12-21 21:14:11,612][Thread-63:11972][task_id:__name__][permission.py:72][WARNING][用户:2577460245@qq.com正在尝试访问无权限接口/crm/sales/]
[2017-12-21 21:20:26,293][Thread-4:8784][task_id:__name__][permission.py:72][WARNING][用户:2577460245@qq.com正在尝试访问无权限接口/kind_admin/crm/customer/]
[2017-12-21 21:21:01,109][Thread-3:5088][task_id:__name__][permission.py:72][WARNING][用户:2577460245@qq.com正在尝试访问无权限接口/kind_admin/crm/customer/add/]
[2017-12-21 21:21:04,363][Thread-4:7508][task_id:__name__][permission.py:72][WARNING][用户:2577460245@qq.com正在尝试访问无权限接口/kind_admin/crm/customer/4/change/]
[2017-12-21 21:21:10,124][Thread-5:4616][task_id:__name__][permission.py:72][WARNING][用户:2577460245@qq.com正在尝试访问无权限接口/kind_admin/crm/customer/add/]
[2017-12-21 21:21:23,725][Thread-11:14432][task_id:__name__][permission.py:72][WARNING][用户:2577460245@qq.com正在尝试访问无权限接口/kind_admin/crm/customer/]
[2017-12-21 21:21:32,989][Thread-13:7952][task_id:__name__][permission.py:72][WARNING][用户:2577460245@qq.com正在尝试访问无权限接口/kind_admin/crm/customer/]
[2017-12-21 21:22:07,549][Thread-18:952][task_id:__name__][permission.py:72][WARNING][用户:2577460245@qq.com正在尝试访问无权限接口/kind_admin/crm/customer/add/]
[2017-12-21 21:25:45,123][Thread-4:7632][task_id:__name__][permission.py:72][WARNING][用户:2577460245@qq.com正在尝试访问无权限接口/kind_admin/crm/customer/add/]
[2017-12-21 21:26:09,945][Thread-11:10136][task_id:__name__][permission.py:72][WARNING][用户:2577460245@qq.com正在尝试访问无权限接口/kind_admin/crm/customer/add/]
[2017-12-21 21:28:24,722][Thread-5:10848][task_id:__name__][permission.py:72][WARNING][用户:2577460245@qq.com正在尝试访问无权限接口/kind_admin/crm/course/add/]
[2017-12-21 21:28:27,488][Thread-6:1032][task_id:__name__][permission.py:72][WARNING][用户:2577460245@qq.com正在尝试访问无权限接口/kind_admin/crm/tag/add/]
[2017-12-21 21:28:29,894][Thread-7:8540][task_id:__name__][permission.py:72][WARNING][用户:2577460245@qq.com正在尝试访问无权限接口/kind_admin/crm/userprofile/add/]
[2017-12-21 21:28:33,212][Thread-8:11596][task_id:__name__][permission.py:72][WARNING][用户:2577460245@qq.com正在尝试访问无权限接口/kind_admin/crm/tag/add/]
[2017-12-21 21:28:39,894][Thread-9:9676][task_id:__name__][permission.py:72][WARNING][用户:2577460245@qq.com正在尝试访问无权限接口/kind_admin/crm/course/1/change/]
[2017-12-21 21:28:47,406][Thread-10:9312][task_id:__name__][permission.py:72][WARNING][用户:2577460245@qq.com正在尝试访问无权限接口/kind_admin/crm/course/1/change/]
[2017-12-21 21:29:00,099][Thread-13:8848][task_id:__name__][permission.py:72][WARNING][用户:2577460245@qq.com正在尝试访问无权限接口/kind_admin/]
[2017-12-21 21:29:11,083][Thread-15:3004][task_id:__name__][permission.py:72][WARNING][用户:2577460245@qq.com正在尝试访问无权限接口/kind_admin/crm/customer/5/change/]
[2017-12-21 21:29:13,708][Thread-16:9548][task_id:__name__][permission.py:72][WARNING][用户:2577460245@qq.com正在尝试访问无权限接口/kind_admin/crm/customer/4/change/]
[2017-12-21 21:29:18,004][Thread-17:3840][task_id:__name__][permission.py:72][WARNING][用户:2577460245@qq.com正在尝试访问无权限接口/kind_admin/crm/customer/5/change/]
[2017-12-21 21:30:00,587][Thread-20:15216][task_id:__name__][permission.py:72][WARNING][用户:2577460245@qq.com正在尝试访问无权限接口/kind_admin/crm/customer/5/change/]
[2017-12-21 21:30:15,116][Thread-22:11608][task_id:__name__][permission.py:72][WARNING][用户:2577460245@qq.com正在尝试访问无权限接口/kind_admin/crm/customer/5/change/]
[2017-12-21 21:32:33,023][Thread-16:1840][task_id:__name__][permission.py:72][WARNING][用户:2577460245@qq.com正在尝试访问无权限接口/kind_admin/crm/customer/4/change/]
[2017-12-21 21:38:24,010][Thread-12:6848][task_id:__name__][permission.py:72][WARNING][用户:2577460245@qq.com正在尝试访问无权限接口/kind_admin/crm/customer/5/change/]
[2017-12-21 21:38:49,897][Thread-15:12536][task_id:__name__][permission.py:72][WARNING][用户:2577460245@qq.com正在尝试访问无权限接口/kind_admin/crm/customer/5/change/]
[2017-12-21 21:39:48,854][Thread-1:7220][task_id:__name__][permission.py:72][WARNING][用户:2577460245@qq.com正在尝试访问无权限接口/kind_admin/crm/customer/5/change/]
[2017-12-21 21:42:41,585][Thread-5:12536][task_id:__name__][permission.py:72][WARNING][用户:2577460245@qq.com正在尝试访问无权限接口/kind_admin/crm/customer/4/change/]
[2017-12-21 21:42:58,218][Thread-11:3568][task_id:__name__][permission.py:72][WARNING][用户:2577460245@qq.com正在尝试访问无权限接口/kind_admin/crm/customer/4/change/]
[2017-12-21 21:43:02,009][Thread-13:10136][task_id:__name__][permission.py:72][WARNING][用户:2577460245@qq.com正在尝试访问无权限接口/kind_admin/crm/course/1/change/]
[2017-12-21 21:43:30,974][Thread-17:3404][task_id:__name__][permission.py:72][WARNING][用户:2577460245@qq.com正在尝试访问无权限接口/kind_admin/crm/customer/]
[2017-12-21 21:47:30,330][Thread-18:15356][task_id:__name__][permission.py:72][WARNING][用户:2577460245@qq.com正在尝试访问无权限接口/kind_admin/crm/customer/4/change/]
[2017-12-21 21:47:32,955][Thread-20:756][task_id:__name__][permission.py:72][WARNING][用户:2577460245@qq.com正在尝试访问无权限接口/kind_admin/crm/customer/4/change/]
[2017-12-21 21:47:35,261][Thread-22:10980][task_id:__name__][permission.py:72][WARNING][用户:2577460245@qq.com正在尝试访问无权限接口/kind_admin/crm/customer/4/delete/]
[2017-12-21 21:47:37,465][Thread-23:10356][task_id:__name__][permission.py:72][WARNING][用户:2577460245@qq.com正在尝试访问无权限接口/kind_admin/crm/customer/4/change/]
[2017-12-23 10:44:59,109][Thread-1:6708][task_id:django.request][base.py:152][WARNING][Not Found: /]
[2017-12-23 10:44:59,530][Thread-3:5292][task_id:django.request][base.py:152][WARNING][Not Found: /favicon.ico]
[2017-12-23 10:45:41,896][Thread-68:7912][task_id:__name__][permission.py:72][WARNING][用户:1079614505@qq.com正在尝试访问无权限接口/kind_admin/]
[2017-12-23 10:46:52,506][Thread-104:9144][task_id:__name__][permission.py:72][WARNING][用户:1079614505@qq.com正在尝试访问无权限接口/kind_admin/crm/course/add/]
[2017-12-23 10:48:44,423][Thread-107:4896][task_id:__name__][permission.py:72][WARNING][用户:1079614505@qq.com正在尝试访问无权限接口/kind_admin/crm/customer/5/change/]
[2017-12-23 10:49:49,257][Thread-190:14220][task_id:__name__][permission.py:72][WARNING][用户:2577460245@qq.com正在尝试访问无权限接口/kind_admin/]
[2017-12-23 10:49:49,273][Thread-191:2728][task_id:django.request][base.py:152][WARNING][Not Found: /favicon.ico]
[2017-12-23 10:50:01,560][Thread-198:8964][task_id:__name__][permission.py:72][WARNING][用户:2577460245@qq.com正在尝试访问无权限接口/kind_admin/crm/customer/4/change/]
[2017-12-23 10:56:01,882][Thread-3:3836][task_id:__name__][permission.py:72][WARNING][用户:2577460245@qq.com正在尝试访问无权限接口/kind_admin/]
[2017-12-23 10:56:04,370][Thread-4:10900][task_id:django.request][base.py:152][WARNING][Not Found: /kind_admin/index.html]
[2017-12-23 10:56:41,272][Thread-6:3960][task_id:__name__][permission.py:72][WARNING][用户:2577460245@qq.com正在尝试访问无权限接口/kind_admin/]
[2017-12-23 10:57:16,207][Thread-10:10596][task_id:__name__][permission.py:72][WARNING][用户:2577460245@qq.com正在尝试访问无权限接口/kind_admin/]
[2017-12-23 10:57:25,312][Thread-12:1616][task_id:__name__][permission.py:72][WARNING][用户:2577460245@qq.com正在尝试访问无权限接口/kind_admin/]
[2017-12-23 10:57:29,265][Thread-14:12364][task_id:__name__][permission.py:72][WARNING][用户:2577460245@qq.com正在尝试访问无权限接口/kind_admin/]
[2017-12-23 11:01:30,844][Thread-1:248][task_id:__name__][permission.py:72][WARNING][用户:2577460245@qq.com正在尝试访问无权限接口/kind_admin/]
[2017-12-23 11:04:24,755][Thread-1:2568][task_id:__name__][permission.py:72][WARNING][用户:2577460245@qq.com正在尝试访问无权限接口/kind_admin/]
[2017-12-23 11:04:35,234][Thread-4:8672][task_id:__name__][permission.py:72][WARNING][用户:2577460245@qq.com正在尝试访问无权限接口/kind_admin/]
[2017-12-23 11:04:40,665][Thread-5:6940][task_id:__name__][permission.py:72][WARNING][用户:2577460245@qq.com正在尝试访问无权限接口/kind_admin/]
[2017-12-23 11:06:45,138][Thread-4:10868][task_id:__name__][permission.py:72][WARNING][用户:2577460245@qq.com正在尝试访问无权限接口/kind_admin/]
[2017-12-23 11:06:59,208][Thread-1:7120][task_id:__name__][permission.py:72][WARNING][用户:2577460245@qq.com正在尝试访问无权限接口/kind_admin/]
[2017-12-23 11:07:12,793][Thread-5:12632][task_id:__name__][permission.py:72][WARNING][用户:2577460245@qq.com正在尝试访问无权限接口/kind_admin/]
[2017-12-23 11:07:13,400][Thread-7:11988][task_id:__name__][permission.py:72][WARNING][用户:2577460245@qq.com正在尝试访问无权限接口/kind_admin/]
[2017-12-23 11:11:24,299][Thread-1:8508][task_id:__name__][permission.py:75][WARNING][用户:2577460245@qq.com正在尝试访问无权限接口/kind_admin/]
[2017-12-23 11:11:26,809][Thread-4:6364][task_id:__name__][permission.py:75][WARNING][用户:2577460245@qq.com正在尝试访问无权限接口/kind_admin/]
[2017-12-23 11:11:27,632][Thread-6:9076][task_id:__name__][permission.py:75][WARNING][用户:2577460245@qq.com正在尝试访问无权限接口/kind_admin/]
[2017-12-23 11:11:28,360][Thread-8:8744][task_id:__name__][permission.py:75][WARNING][用户:2577460245@qq.com正在尝试访问无权限接口/kind_admin/]
[2017-12-23 11:11:28,993][Thread-10:6980][task_id:__name__][permission.py:75][WARNING][用户:2577460245@qq.com正在尝试访问无权限接口/kind_admin/]
[2017-12-23 11:11:29,608][Thread-12:9032][task_id:__name__][permission.py:75][WARNING][用户:2577460245@qq.com正在尝试访问无权限接口/kind_admin/]
[2017-12-23 11:11:34,898][Thread-15:2128][task_id:__name__][permission.py:75][WARNING][用户:2577460245@qq.com正在尝试访问无权限接口/kind_admin/crm/customer/4/change/]
[2017-12-23 11:13:34,923][Thread-17:5488][task_id:__name__][permission.py:75][WARNING][用户:2577460245@qq.com正在尝试访问无权限接口/kind_admin/crm/customer/4/change/]
[2017-12-23 11:14:14,519][Thread-1:4148][task_id:__name__][permission.py:75][WARNING][用户:2577460245@qq.com正在尝试访问无权限接口/kind_admin/crm/customer/4/change/]
[2017-12-23 11:14:24,297][Thread-5:13580][task_id:__name__][permission.py:75][WARNING][用户:2577460245@qq.com正在尝试访问无权限接口/kind_admin/crm/customer/4/change/]
[2017-12-23 11:14:53,162][Thread-1:8468][task_id:__name__][permission.py:75][WARNING][用户:2577460245@qq.com正在尝试访问无权限接口/kind_admin/crm/customer/4/change/]
[2017-12-23 11:18:22,251][Thread-29:6224][task_id:__name__][permission.py:75][WARNING][用户:2577460245@qq.com正在尝试访问无权限接口/kind_admin/crm/userprofile/1/change/password/]
[2017-12-23 11:19:13,768][Thread-49:14172][task_id:__name__][permission.py:75][WARNING][用户:2577460245@qq.com正在尝试访问无权限接口/kind_admin/crm/customer/4/change/]
[2017-12-23 11:22:40,538][Thread-62:2012][task_id:__name__][permission.py:75][WARNING][用户:2577460245@qq.com正在尝试访问无权限接口/kind_admin/crm/userprofile/2/change/]
[2017-12-23 11:22:43,764][Thread-63:8920][task_id:__name__][permission.py:75][WARNING][用户:2577460245@qq.com正在尝试访问无权限接口/kind_admin/crm/userprofile/add/]
[2017-12-23 11:22:48,005][Thread-64:3340][task_id:__name__][permission.py:75][WARNING][用户:2577460245@qq.com正在尝试访问无权限接口/kind_admin/crm/tag/add/]
[2017-12-23 11:22:50,876][Thread-65:10300][task_id:__name__][permission.py:75][WARNING][用户:2577460245@qq.com正在尝试访问无权限接口/kind_admin/crm/course/add/]
[2017-12-23 11:22:55,460][Thread-66:10972][task_id:__name__][permission.py:75][WARNING][用户:2577460245@qq.com正在尝试访问无权限接口/kind_admin/crm/course/1/change/]
[2017-12-23 11:23:01,499][Thread-67:10500][task_id:__name__][permission.py:75][WARNING][用户:2577460245@qq.com正在尝试访问无权限接口/kind_admin/crm/tag/add/]
[2017-12-23 11:23:29,157][Thread-74:12792][task_id:__name__][permission.py:75][WARNING][用户:2577460245@qq.com正在尝试访问无权限接口/kind_admin/crm/customer/]
[2017-12-23 11:28:38,906][Thread-81:5100][task_id:__name__][permission.py:75][WARNING][用户:2577460245@qq.com正在尝试访问无权限接口/kind_admin/]
[2017-12-23 11:29:13,405][Thread-86:11192][task_id:__name__][permission.py:75][WARNING][用户:1079614505@qq.com正在尝试访问无权限接口/kind_admin/]
[2017-12-23 11:29:17,754][Thread-87:8500][task_id:__name__][permission.py:75][WARNING][用户:1079614505@qq.com正在尝试访问无权限接口/kind_admin/]
[2017-12-23 11:32:57,746][Thread-7:2772][task_id:__name__][permission.py:75][WARNING][用户:1079614505@qq.com正在尝试访问无权限接口/kind_admin/crm/tag/]
[2017-12-23 11:35:33,829][Thread-5:10880][task_id:__name__][permission.py:75][WARNING][用户:1079614505@qq.com正在尝试访问无权限接口/kind_admin/crm/tag/1-2-3-4/delete/]
[2017-12-23 12:28:21,894][Thread-17:13612][task_id:__name__][permission.py:75][WARNING][用户:1079614505@qq.com正在尝试访问无权限接口/kind_admin/crm/userprofile/3/change/]
[2017-12-23 12:30:37,742][Thread-19:9160][task_id:__name__][permission.py:75][WARNING][用户:1079614505@qq.com正在尝试访问无权限接口/kind_admin/crm/userprofile/3/change/]
[2017-12-23 12:43:29,503][Thread-4:10464][task_id:__name__][permission.py:77][WARNING][用户:2577460245@qq.com正在尝试访问无权限接口/kind_admin/crm/customer/4/change/]
[2017-12-23 12:43:37,791][Thread-10:1152][task_id:__name__][permission.py:77][WARNING][用户:2577460245@qq.com正在尝试访问无权限接口/kind_admin/crm/customer/4/change/]
