1521876195.754776 select(5, [4], NULL, NULL, NULL) = 1 (in [4])
1521876195.788358 read(4, "\221\332\317\364h\217\307lm\362\211\307f\344\275B5\265\207(\354Z\23\205\307\361V\25\334\r\37\250"..., 8192) = 44
1521876195.788397 write(4, "~\335\353\10\27\n\10Rn\31u\r\252Q\30\365\273fF\312\230W\311\330\330\361\215\21J\236\261\357"..., 68) = 68
1521876195.788458 select(5, [4], NULL, NULL, NULL) = 1 (in [4])
1521876195.789335 read(4, "\325\311s\200\16\2C\37\271\353\217;\304\225k\336z\215?\361\276]\24\231\tn\254\254\222\17\"D"..., 8192) = 84
1521876195.789389 futex(0x7f709c72a530, FUTEX_WAKE_PRIVATE, 2147483647) = 0
1521876195.789433 futex(0x7f709c72a3d0, FUTEX_WAKE_PRIVATE, 2147483647) = 0
1521876195.789467 futex(0x7f709ed07fa0, FUTEX_WAKE_PRIVATE, 2147483647) = 0
1521876195.789486 lstat("/etc/gss/mech", 0x7ffdd4293600) = -1 ENOENT (No such file or directory)
1521876195.789535 openat(AT_FDCWD, "/etc/gss/mech.d", O_RDONLY|O_NONBLOCK|O_DIRECTORY|O_CLOEXEC) = 5
1521876195.789588 getdents(5, /* 3 entries */, 32768) = 88
1521876195.789615 open("/usr/lib64/gconv/gconv-modules.cache", O_RDONLY) = 6
1521876195.789635 fstat(6, {st_mode=S_IFREG|0644, st_size=26254, ...}) = 0
1521876195.789656 mmap(NULL, 26254, PROT_READ, MAP_SHARED, 6, 0) = 0x7f70a067e000
1521876195.789676 close(6)              = 0
1521876195.789689 futex(0x7f709e397a80, FUTEX_WAKE_PRIVATE, 2147483647) = 0
1521876195.789715 getdents(5, /* 0 entries */, 32768) = 0
1521876195.789728 close(5)              = 0
1521876195.789743 lstat("/etc/gss/mech.d/gssproxy.conf", {st_mode=S_IFREG|0644, st_size=189, ...}) = 0
1521876195.789767 open("/etc/gss/mech.d/gssproxy.conf", O_RDONLY) = 5
1521876195.789785 fstat(5, {st_mode=S_IFREG|0644, st_size=189, ...}) = 0
1521876195.789799 mmap(NULL, 4096, PROT_READ|PROT_WRITE, MAP_PRIVATE|MAP_ANONYMOUS, -1, 0) = 0x7f70a067d000
1521876195.789816 read(5, "# GSS-API mechanism plugins\n#\n# "..., 4096) = 189
1521876195.789847 read(5, "", 4096)     = 0
1521876195.789862 close(5)              = 0
1521876195.789876 munmap(0x7f70a067d000, 4096) = 0
1521876195.789904 stat("/usr/lib64/gssproxy/proxymech.so", {st_mode=S_IFREG|0755, st_size=115072, ...}) = 0
1521876195.789932 futex(0x7f709fbd90d0, FUTEX_WAKE_PRIVATE, 2147483647) = 0
1521876195.789955 open("/usr/lib64/gssproxy/proxymech.so", O_RDONLY|O_CLOEXEC) = 5
1521876195.789972 read(5, "\177ELF\2\1\1\0\0\0\0\0\0\0\0\0\3\0>\0\1\0\0\0\320x\0\0\0\0\0\0"..., 832) = 832
1521876195.789986 fstat(5, {st_mode=S_IFREG|0755, st_size=115072, ...}) = 0
1521876195.790001 mmap(NULL, 2208224, PROT_READ|PROT_EXEC, MAP_PRIVATE|MAP_DENYWRITE, 5, 0) = 0x7f70957b9000
1521876195.790016 mprotect(0x7f70957d4000, 2093056, PROT_NONE) = 0
1521876195.790033 mmap(0x7f70959d3000, 8192, PROT_READ|PROT_WRITE, MAP_PRIVATE|MAP_FIXED|MAP_DENYWRITE, 5, 0x1a000) = 0x7f70959d3000
1521876195.790058 close(5)              = 0
1521876195.790080 open("/etc/ld.so.cache", O_RDONLY|O_CLOEXEC) = 5
1521876195.790098 fstat(5, {st_mode=S_IFREG|0644, st_size=74765, ...}) = 0
1521876195.790112 mmap(NULL, 74765, PROT_READ, MAP_PRIVATE, 5, 0) = 0x7f70a0650000
1521876195.790125 close(5)              = 0
1521876195.790144 open("/lib64/libgssrpc.so.4", O_RDONLY|O_CLOEXEC) = 5
1521876195.790164 read(5, "\177ELF\2\1\1\0\0\0\0\0\0\0\0\0\3\0>\0\1\0\0\0\340Z\0\0\0\0\0\0"..., 832) = 832
1521876195.790178 fstat(5, {st_mode=S_IFREG|0755, st_size=134368, ...}) = 0
1521876195.790192 mmap(NULL, 2227072, PROT_READ|PROT_EXEC, MAP_PRIVATE|MAP_DENYWRITE, 5, 0) = 0x7f7095599000
1521876195.790206 mprotect(0x7f70955b7000, 2097152, PROT_NONE) = 0
1521876195.790221 mmap(0x7f70957b7000, 8192, PROT_READ|PROT_WRITE, MAP_PRIVATE|MAP_FIXED|MAP_DENYWRITE, 5, 0x1e000) = 0x7f70957b7000
1521876195.790245 close(5)              = 0
1521876195.790449 mprotect(0x7f70957b7000, 4096, PROT_READ) = 0
1521876195.790620 mprotect(0x7f70959d3000, 4096, PROT_READ) = 0
1521876195.790642 munmap(0x7f70a0650000, 74765) = 0
1521876195.790684 stat("/usr/lib64/gssproxy/proxymech.so", {st_mode=S_IFREG|0755, st_size=115072, ...}) = 0
1521876195.790769 futex(0x7f709eaba480, FUTEX_WAKE_PRIVATE, 2147483647) = 0
1521876195.790835 futex(0x7f709eabb6d0, FUTEX_WAKE_PRIVATE, 2147483647) = 0
1521876195.790875 stat("/etc/krb5.conf", {st_mode=S_IFREG|0644, st_size=590, ...}) = 0
1521876195.791111 open("/etc/krb5.conf", O_RDONLY) = 5
1521876195.791131 fcntl(5, F_SETFD, FD_CLOEXEC) = 0
1521876195.791154 fstat(5, {st_mode=S_IFREG|0644, st_size=590, ...}) = 0
1521876195.791168 mmap(NULL, 4096, PROT_READ|PROT_WRITE, MAP_PRIVATE|MAP_ANONYMOUS, -1, 0) = 0x7f70a067d000
1521876195.791182 read(5, "# Configuration snippets may be "..., 4096) = 590
1521876195.791204 openat(AT_FDCWD, "/etc/krb5.conf.d/", O_RDONLY|O_NONBLOCK|O_DIRECTORY|O_CLOEXEC) = 6
1521876195.791224 getdents(6, /* 2 entries */, 32768) = 48
1521876195.791239 getdents(6, /* 0 entries */, 32768) = 0
1521876195.791253 close(6)              = 0
1521876195.791304 read(5, "", 4096)     = 0
1521876195.791323 close(5)              = 0
1521876195.791336 munmap(0x7f70a067d000, 4096) = 0
1521876195.791439 stat("/etc/krb5.conf", {st_mode=S_IFREG|0644, st_size=590, ...}) = 0
1521876195.791461 open("/etc/krb5.conf", O_RDONLY) = 5
1521876195.791477 fcntl(5, F_SETFD, FD_CLOEXEC) = 0
1521876195.791492 fstat(5, {st_mode=S_IFREG|0644, st_size=590, ...}) = 0
1521876195.791505 mmap(NULL, 4096, PROT_READ|PROT_WRITE, MAP_PRIVATE|MAP_ANONYMOUS, -1, 0) = 0x7f70a067d000
1521876195.791519 read(5, "# Configuration snippets may be "..., 4096) = 590
1521876195.791536 openat(AT_FDCWD, "/etc/krb5.conf.d/", O_RDONLY|O_NONBLOCK|O_DIRECTORY|O_CLOEXEC) = 6
1521876195.791554 getdents(6, /* 2 entries */, 32768) = 48
1521876195.791568 getdents(6, /* 0 entries */, 32768) = 0
1521876195.791580 close(6)              = 0
1521876195.791599 read(5, "", 4096)     = 0
1521876195.791612 close(5)              = 0
1521876195.791624 munmap(0x7f70a067d000, 4096) = 0
1521876195.791658 access("/etc/krb5.conf", R_OK) = 0
1521876195.791678 stat("/etc/krb5.conf", {st_mode=S_IFREG|0644, st_size=590, ...}) = 0
1521876195.791708 stat("/etc/sysconfig/64bit_strstr_via_64bit_strstr_sse2_unaligned", 0x7ffdd4292bb0) = -1 ENOENT (No such file or directory)
1521876195.791735 geteuid()             = 1001
1521876195.791768 open("/var/kerberos/krb5/user/1001/client.keytab", O_RDONLY) = -1 ENOENT (No such file or directory)
1521876195.791808 getuid()              = 1001
1521876195.791836 keyctl(KEYCTL_GET_PERSISTENT, 1001, KEY_SPEC_PROCESS_KEYRING) = 787715377
1521876195.791863 keyctl(KEYCTL_SEARCH, 787715377, "keyring", "_krb", KEY_SPEC_PROCESS_KEYRING) = 685330725
1521876195.791882 keyctl(KEYCTL_SEARCH, 685330725, "user", "krb_ccache:primary", 0) = 179237251
1521876195.791899 keyctl(KEYCTL_READ, 179237251, NULL, 0) = 12
1521876195.791914 keyctl(KEYCTL_READ, 179237251, "", 12) = 12
1521876195.791928 keyctl(KEYCTL_READ, 685330725, NULL, 0) = 4
1521876195.791940 keyctl(KEYCTL_READ, 685330725, "\203\361\256\n", 4) = 4
1521876195.791953 keyctl(KEYCTL_SEARCH, 685330725, "keyring", "1001", 0) = -1 ENOKEY (Required key not available)
1521876195.791970 keyctl(KEYCTL_DESCRIBE, 179237251, NULL, 0) = 43
1521876195.791984 keyctl(KEYCTL_DESCRIBE, 179237251, "user;1001;1001;3f010000;krb_ccac"..., 43) = 43
1521876195.792030 stat("/etc/krb5.conf", {st_mode=S_IFREG|0644, st_size=590, ...}) = 0
1521876195.792050 open("/etc/krb5.conf", O_RDONLY) = 5
1521876195.792066 fcntl(5, F_SETFD, FD_CLOEXEC) = 0
1521876195.792079 fstat(5, {st_mode=S_IFREG|0644, st_size=590, ...}) = 0
1521876195.792093 mmap(NULL, 4096, PROT_READ|PROT_WRITE, MAP_PRIVATE|MAP_ANONYMOUS, -1, 0) = 0x7f70a067d000
1521876195.792107 read(5, "# Configuration snippets may be "..., 4096) = 590
1521876195.792124 openat(AT_FDCWD, "/etc/krb5.conf.d/", O_RDONLY|O_NONBLOCK|O_DIRECTORY|O_CLOEXEC) = 6
1521876195.792164 getdents(6, /* 2 entries */, 32768) = 48
1521876195.792178 getdents(6, /* 0 entries */, 32768) = 0
1521876195.792190 close(6)              = 0
1521876195.792209 read(5, "", 4096)     = 0
1521876195.792222 close(5)              = 0
1521876195.792234 munmap(0x7f70a067d000, 4096) = 0
1521876195.792278 stat("/etc/krb5.conf", {st_mode=S_IFREG|0644, st_size=590, ...}) = 0
1521876195.792299 open("/etc/krb5.conf", O_RDONLY) = 5
1521876195.792320 fcntl(5, F_SETFD, FD_CLOEXEC) = 0
1521876195.792334 fstat(5, {st_mode=S_IFREG|0644, st_size=590, ...}) = 0
1521876195.792347 mmap(NULL, 4096, PROT_READ|PROT_WRITE, MAP_PRIVATE|MAP_ANONYMOUS, -1, 0) = 0x7f70a067d000
1521876195.792361 read(5, "# Configuration snippets may be "..., 4096) = 590
1521876195.792378 openat(AT_FDCWD, "/etc/krb5.conf.d/", O_RDONLY|O_NONBLOCK|O_DIRECTORY|O_CLOEXEC) = 6
1521876195.792394 getdents(6, /* 2 entries */, 32768) = 48
1521876195.792407 getdents(6, /* 0 entries */, 32768) = 0
1521876195.792419 close(6)              = 0
1521876195.792437 read(5, "", 4096)     = 0
1521876195.792450 close(5)              = 0
1521876195.792462 munmap(0x7f70a067d000, 4096) = 0
1521876195.792498 stat("/etc/krb5.conf", {st_mode=S_IFREG|0644, st_size=590, ...}) = 0
1521876195.792519 open("/etc/krb5.conf", O_RDONLY) = 5
1521876195.792534 fcntl(5, F_SETFD, FD_CLOEXEC) = 0
1521876195.792547 fstat(5, {st_mode=S_IFREG|0644, st_size=590, ...}) = 0
1521876195.792560 mmap(NULL, 4096, PROT_READ|PROT_WRITE, MAP_PRIVATE|MAP_ANONYMOUS, -1, 0) = 0x7f70a067d000
1521876195.792573 read(5, "# Configuration snippets may be "..., 4096) = 590
1521876195.792590 openat(AT_FDCWD, "/etc/krb5.conf.d/", O_RDONLY|O_NONBLOCK|O_DIRECTORY|O_CLOEXEC) = 6
1521876195.792606 getdents(6, /* 2 entries */, 32768) = 48
1521876195.792620 getdents(6, /* 0 entries */, 32768) = 0
1521876195.792631 close(6)              = 0
1521876195.792650 read(5, "", 4096)     = 0
1521876195.792662 close(5)              = 0
1521876195.792674 munmap(0x7f70a067d000, 4096) = 0
1521876195.792700 access("/etc/krb5.conf", R_OK) = 0
1521876195.792718 stat("/etc/krb5.conf", {st_mode=S_IFREG|0644, st_size=590, ...}) = 0
1521876195.792739 geteuid()             = 1001
1521876195.792755 open("/var/kerberos/krb5/user/1001/client.keytab", O_RDONLY) = -1 ENOENT (No such file or directory)
1521876195.792780 getuid()              = 1001
1521876195.792795 keyctl(KEYCTL_GET_PERSISTENT, 1001, KEY_SPEC_PROCESS_KEYRING) = 787715377
1521876195.792811 keyctl(KEYCTL_SEARCH, 787715377, "keyring", "_krb", KEY_SPEC_PROCESS_KEYRING) = 685330725
1521876195.792827 keyctl(KEYCTL_SEARCH, 685330725, "user", "krb_ccache:primary", 0) = 179237251
1521876195.792840 keyctl(KEYCTL_READ, 179237251, NULL, 0) = 12
1521876195.792853 keyctl(KEYCTL_READ, 179237251, "", 12) = 12
1521876195.792866 keyctl(KEYCTL_READ, 685330725, NULL, 0) = 4
1521876195.792878 keyctl(KEYCTL_READ, 685330725, "\203\361\256\n", 4) = 4
1521876195.792891 keyctl(KEYCTL_SEARCH, 685330725, "keyring", "1001", 0) = -1 ENOKEY (Required key not available)
1521876195.792905 keyctl(KEYCTL_DESCRIBE, 179237251, NULL, 0) = 43
1521876195.792918 keyctl(KEYCTL_DESCRIBE, 179237251, "user;1001;1001;3f010000;krb_ccac"..., 43) = 43
1521876195.792941 access("/etc/krb5.conf", R_OK) = 0
1521876195.792957 stat("/etc/krb5.conf", {st_mode=S_IFREG|0644, st_size=590, ...}) = 0
1521876195.793008 stat("/etc/krb5.conf", {st_mode=S_IFREG|0644, st_size=590, ...}) = 0
1521876195.793030 open("/etc/krb5.conf", O_RDONLY) = 5
1521876195.793045 fcntl(5, F_SETFD, FD_CLOEXEC) = 0
1521876195.793059 fstat(5, {st_mode=S_IFREG|0644, st_size=590, ...}) = 0
1521876195.793072 mmap(NULL, 4096, PROT_READ|PROT_WRITE, MAP_PRIVATE|MAP_ANONYMOUS, -1, 0) = 0x7f70a067d000
1521876195.793086 read(5, "# Configuration snippets may be "..., 4096) = 590
1521876195.793104 openat(AT_FDCWD, "/etc/krb5.conf.d/", O_RDONLY|O_NONBLOCK|O_DIRECTORY|O_CLOEXEC) = 6
1521876195.793120 getdents(6, /* 2 entries */, 32768) = 48
1521876195.793133 getdents(6, /* 0 entries */, 32768) = 0
1521876195.793145 close(6)              = 0
1521876195.793164 read(5, "", 4096)     = 0
1521876195.793177 close(5)              = 0
1521876195.793189 munmap(0x7f70a067d000, 4096) = 0
1521876195.793222 stat("/home/king/.ssh/id_rsa", 0x7ffdd4293680) = -1 ENOENT (No such file or directory)
1521876195.793245 stat("/home/king/.ssh/id_dsa", 0x7ffdd4293680) = -1 ENOENT (No such file or directory)
1521876195.793261 stat("/home/king/.ssh/id_ecdsa", 0x7ffdd4293680) = -1 ENOENT (No such file or directory)
1521876195.793275 stat("/home/king/.ssh/id_ed25519", 0x7ffdd4293680) = -1 ENOENT (No such file or directory)
1521876195.793301 open("/dev/tty", O_RDWR) = 5
1521876195.793323 close(5)              = 0
1521876195.793336 open("/dev/tty", O_RDWR) = 5
1521876195.793351 ioctl(5, TCGETS, {B38400 opost isig icanon echo ...}) = 0
1521876195.793376 ioctl(5, SNDCTL_TMR_CONTINUE or TCSETSF, {B38400 opost isig icanon -echo ...}) = 0
1521876195.793391 rt_sigaction(SIGALRM, {0x56075c6a05b0, [], SA_RESTORER, 0x7f709e00f270}, {SIG_DFL, [], 0}, 8) = 0
1521876195.793408 rt_sigaction(SIGHUP, {0x56075c6a05b0, [], SA_RESTORER, 0x7f709e00f270}, {SIG_DFL, [], 0}, 8) = 0
1521876195.793421 rt_sigaction(SIGINT, {0x56075c6a05b0, [], SA_RESTORER, 0x7f709e00f270}, {SIG_DFL, [], 0}, 8) = 0
1521876195.793434 rt_sigaction(SIGPIPE, {0x56075c6a05b0, [], SA_RESTORER, 0x7f709e00f270}, {SIG_IGN, [], SA_RESTORER, 0x7f709e00f270}, 8) = 0
1521876195.793448 rt_sigaction(SIGQUIT, {0x56075c6a05b0, [], SA_RESTORER, 0x7f709e00f270}, {SIG_DFL, [], 0}, 8) = 0
1521876195.793461 rt_sigaction(SIGTERM, {0x56075c6a05b0, [], SA_RESTORER, 0x7f709e00f270}, {SIG_DFL, [], 0}, 8) = 0
1521876195.793473 rt_sigaction(SIGTSTP, {0x56075c6a05b0, [], SA_RESTORER, 0x7f709e00f270}, {SIG_DFL, [], 0}, 8) = 0
1521876195.793486 rt_sigaction(SIGTTIN, {0x56075c6a05b0, [], SA_RESTORER, 0x7f709e00f270}, {SIG_DFL, [], 0}, 8) = 0
1521876195.793499 rt_sigaction(SIGTTOU, {0x56075c6a05b0, [], SA_RESTORER, 0x7f709e00f270}, {SIG_DFL, [], 0}, 8) = 0
1521876195.793512 write(5, "jacob@192.168.125.180's password"..., 34) = 34
1521876195.793555 read(5, "b", 1)       = 1
1521876195.793569 read(5, "b", 1)       = 1
1521876195.793582 read(5, "c", 1)       = 1
1521876195.793595 read(5, "0", 1)       = 1
1521876195.793607 read(5, "0", 1)       = 1
1521876195.793620 read(5, "0", 1)       = 1
1521876195.793632 read(5, "7", 1)       = 1
1521876195.793645 read(5, "3", 1)       = 1
1521876195.793658 read(5, "1", 1)       = 1
1521876195.793670 read(5, "\n", 1)      = 1
1521876195.793683 write(5, "\n", 1)     = 1
1521876195.793702 ioctl(5, SNDCTL_TMR_CONTINUE or TCSETSF, {B38400 opost isig icanon echo ...}) = 0
1521876195.793716 rt_sigaction(SIGALRM, {SIG_DFL, [], SA_RESTORER, 0x7f709e00f270}, NULL, 8) = 0
1521876195.793729 rt_sigaction(SIGHUP, {SIG_DFL, [], SA_RESTORER, 0x7f709e00f270}, NULL, 8) = 0
1521876195.793741 rt_sigaction(SIGINT, {SIG_DFL, [], SA_RESTORER, 0x7f709e00f270}, NULL, 8) = 0
1521876195.793753 rt_sigaction(SIGQUIT, {SIG_DFL, [], SA_RESTORER, 0x7f709e00f270}, NULL, 8) = 0
1521876195.793765 rt_sigaction(SIGPIPE, {SIG_IGN, [], SA_RESTORER, 0x7f709e00f270}, NULL, 8) = 0
1521876195.793777 rt_sigaction(SIGTERM, {SIG_DFL, [], SA_RESTORER, 0x7f709e00f270}, NULL, 8) = 0
1521876195.793789 rt_sigaction(SIGTSTP, {SIG_DFL, [], SA_RESTORER, 0x7f709e00f270}, NULL, 8) = 0
1521876195.793801 rt_sigaction(SIGTTIN, {SIG_DFL, [], SA_RESTORER, 0x7f709e00f270}, NULL, 8) = 0
1521876195.793813 rt_sigaction(SIGTTOU, {SIG_DFL, [], SA_RESTORER, 0x7f709e00f270}, NULL, 8) = 0
1521876195.793825 close(5)              = 0
1521876195.793845 write(4, "\20\21\0\313\264\t\310;\244\f\305\216\3\262\236\326\227\31\373\241\320\217?\355\3!\7\2314?F\223"..., 148) = 148
1521876195.793934 select(5, [4], NULL, NULL, NULL) = 1 (in [4])
1521876195.809002 read(4, "\255\202v\214\212\337$\346I\344\257\365\236u\337\200_\363\357\370\337\344B\3\313\236\2039", 8192) = 28
1521876195.809041 dup(0)                = 5
1521876195.809055 dup(1)                = 6
1521876195.809066 dup(2)                = 7
1521876195.809077 ioctl(5, TCGETS, {B38400 opost isig icanon echo ...}) = 0
1521876195.809096 ioctl(6, TCGETS, {B38400 opost isig icanon echo ...}) = 0
1521876195.809109 ioctl(7, TCGETS, {B38400 opost isig icanon echo ...}) = 0
1521876195.809126 fcntl(5, F_SETFD, FD_CLOEXEC) = 0
1521876195.809140 fcntl(6, F_SETFD, FD_CLOEXEC) = 0
1521876195.809151 fcntl(7, F_SETFD, FD_CLOEXEC) = 0
1521876195.809176 rt_sigaction(SIGHUP, NULL, {SIG_DFL, [], SA_RESTORER, 0x7f709e00f270}, 8) = 0
1521876195.809191 rt_sigaction(SIGHUP, {SIG_IGN, [], SA_RESTORER, 0x7f709e00f270}, NULL, 8) = 0
1521876195.809213 rt_sigaction(SIGHUP, NULL, {SIG_IGN, [], SA_RESTORER, 0x7f709e00f270}, 8) = 0
1521876195.809226 rt_sigaction(SIGHUP, {0x56075c6431a0, [], SA_RESTORER, 0x7f709e00f270}, NULL, 8) = 0
1521876195.809239 rt_sigaction(SIGINT, NULL, {SIG_DFL, [], SA_RESTORER, 0x7f709e00f270}, 8) = 0
1521876195.809251 rt_sigaction(SIGINT, {SIG_IGN, [], SA_RESTORER, 0x7f709e00f270}, NULL, 8) = 0
1521876195.809264 rt_sigaction(SIGINT, NULL, {SIG_IGN, [], SA_RESTORER, 0x7f709e00f270}, 8) = 0
1521876195.809276 rt_sigaction(SIGINT, {0x56075c6431a0, [], SA_RESTORER, 0x7f709e00f270}, NULL, 8) = 0
1521876195.809288 rt_sigaction(SIGQUIT, NULL, {SIG_DFL, [], SA_RESTORER, 0x7f709e00f270}, 8) = 0
1521876195.809301 rt_sigaction(SIGQUIT, {SIG_IGN, [], SA_RESTORER, 0x7f709e00f270}, NULL, 8) = 0
1521876195.809313 rt_sigaction(SIGQUIT, NULL, {SIG_IGN, [], SA_RESTORER, 0x7f709e00f270}, 8) = 0
1521876195.809343 rt_sigaction(SIGQUIT, {0x56075c6431a0, [], SA_RESTORER, 0x7f709e00f270}, NULL, 8) = 0
1521876195.809355 rt_sigaction(SIGTERM, NULL, {SIG_DFL, [], SA_RESTORER, 0x7f709e00f270}, 8) = 0
1521876195.809367 rt_sigaction(SIGTERM, {SIG_IGN, [], SA_RESTORER, 0x7f709e00f270}, NULL, 8) = 0
1521876195.809380 rt_sigaction(SIGTERM, NULL, {SIG_IGN, [], SA_RESTORER, 0x7f709e00f270}, 8) = 0
1521876195.809392 rt_sigaction(SIGTERM, {0x56075c6431a0, [], SA_RESTORER, 0x7f709e00f270}, NULL, 8) = 0
1521876195.809404 rt_sigaction(SIGWINCH, NULL, {SIG_DFL, [], 0}, 8) = 0
1521876195.809416 rt_sigaction(SIGWINCH, {0x56075c643430, [], SA_RESTORER, 0x7f709e00f270}, NULL, 8) = 0
1521876195.809430 ioctl(0, TCGETS, {B38400 opost isig icanon echo ...}) = 0
1521876195.809444 ioctl(0, SNDCTL_TMR_STOP or TCSETSW, {B38400 -opost -isig -icanon -echo ...}) = 0
1521876195.809462 clock_gettime(CLOCK_BOOTTIME, {1024, 798607482}) = 0
1521876195.809477 clock_gettime(CLOCK_BOOTTIME, {1024, 798621842}) = 0
1521876195.809491 select(8, [4], [4], NULL, NULL) = 1 (out [4])
1521876195.809510 clock_gettime(CLOCK_BOOTTIME, {1024, 798654082}) = 0
1521876195.809523 write(4, "R\2363F\221\340A\223\362\336<XhX\374\367\27\32q\2253\25\245\252$\3a\247\310\343P\245"..., 112) = 112
1521876195.809593 clock_gettime(CLOCK_BOOTTIME, {1024, 798737659}) = 0
1521876195.809607 clock_gettime(CLOCK_BOOTTIME, {1024, 798751226}) = 0
1521876195.809620 select(8, [4], [], NULL, NULL) = 1 (in [4])
1521876195.952110 clock_gettime(CLOCK_BOOTTIME, {1024, 941256338}) = 0
1521876195.952128 read(4, "\24\310\204\317Tud\10\227\260\212\3740lH\347'\22k\334Vdorn\1,\344\r@\265l"..., 8192) = 500
1521876195.952166 clock_gettime(CLOCK_BOOTTIME, {1024, 941311058}) = 0
1521876195.952180 clock_gettime(CLOCK_BOOTTIME, {1024, 941324443}) = 0
1521876195.952193 select(8, [4], [], NULL, NULL) = 1 (in [4])
1521876195.992425 clock_gettime(CLOCK_BOOTTIME, {1024, 981572621}) = 0
1521876195.992445 read(4, "\316d\"\362\364(_\351\r+?\316\217\237\331\314!\314\317\221\213\313\f\325\346-\215\332\251\345\25\321"..., 8192) = 44
1521876195.992476 getsockopt(4, SOL_TCP, TCP_NODELAY, [0], [4]) = 0
1521876195.992499 setsockopt(4, SOL_TCP, TCP_NODELAY, [1], 4) = 0
1521876195.992514 getsockname(4, {sa_family=AF_INET, sin_port=htons(44038), sin_addr=inet_addr("192.168.125.181")}, [16]) = 0
1521876195.992542 setsockopt(4, SOL_IP, IP_TOS, [16], 4) = 0
1521876195.992557 ioctl(0, TIOCGWINSZ, {ws_row=54, ws_col=270, ws_xpixel=0, ws_ypixel=0}) = 0
1521876195.992606 clock_gettime(CLOCK_BOOTTIME, {1024, 981751616}) = 0
1521876195.992621 clock_gettime(CLOCK_BOOTTIME, {1024, 981765395}) = 0
1521876195.992635 select(8, [4], [4], NULL, NULL) = 1 (out [4])
1521876195.992652 clock_gettime(CLOCK_BOOTTIME, {1024, 981796567}) = 0
1521876195.992668 write(4, "E.p\24F(\335\372\6ap\342=\0\330\341\262\361\344\300\255\241\252\336\346L\5\262\244$\340I"..., 504) = 504
1521876195.992733 clock_gettime(CLOCK_BOOTTIME, {1024, 981878016}) = 0
1521876195.992747 clock_gettime(CLOCK_BOOTTIME, {1024, 981891427}) = 0
1521876195.992760 select(8, [4], [], NULL, NULL) = 1 (in [4])
1521876195.998463 clock_gettime(CLOCK_BOOTTIME, {1024, 987609461}) = 0
1521876195.998481 read(4, "<\242\344\2140\306Q\264\311\336\327\341\234\270\223\273qu\230\360\225jH\340x\266\322\241\352\346\362\25"..., 8192) = 108
1521876195.998520 clock_gettime(CLOCK_BOOTTIME, {1024, 987665824}) = 0
1521876195.998535 clock_gettime(CLOCK_BOOTTIME, {1024, 987679363}) = 0
1521876195.998548 select(8, [4 5], [], NULL, NULL) = 1 (in [4])
1521876196.000235 clock_gettime(CLOCK_BOOTTIME, {1024, 989384063}) = 0
1521876196.000254 read(4, "0\n>Ai\n\346\314zP\276\360\206\246\21\334\226\304\370\263\332VG\352\330Go\215>\231*9"..., 8192) = 100
1521876196.000320 clock_gettime(CLOCK_BOOTTIME, {1024, 989465129}) = 0
1521876196.000334 clock_gettime(CLOCK_BOOTTIME, {1024, 989478118}) = 0
1521876196.000347 select(8, [4 5], [6], NULL, NULL) = 1 (out [6])
1521876196.000366 clock_gettime(CLOCK_BOOTTIME, {1024, 989510318}) = 0
1521876196.000379 write(6, "Last login: Sat Mar 24 15:22:25 "..., 60) = 60
1521876196.000418 clock_gettime(CLOCK_BOOTTIME, {1024, 989562372}) = 0
1521876196.000431 clock_gettime(CLOCK_BOOTTIME, {1024, 989575425}) = 0
1521876196.000444 select(8, [4 5], [], NULL, NULL) = 1 (in [4])
1521876196.091559 clock_gettime(CLOCK_BOOTTIME, {1025, 80706516}) = 0
1521876196.091579 read(4, "\4\314\357\312\246q,\371a+\250\304\314\221;\336w\245[\316DUS1V] \203\255\350:\244"..., 8192) = 84
1521876196.091610 clock_gettime(CLOCK_BOOTTIME, {1025, 80755054}) = 0
1521876196.091624 clock_gettime(CLOCK_BOOTTIME, {1025, 80768241}) = 0
1521876196.091638 select(8, [4 5], [6], NULL, NULL) = 1 (out [6])
1521876196.091659 clock_gettime(CLOCK_BOOTTIME, {1025, 80802792}) = 0
1521876196.091671 write(6, "\33]0;jacob@study:~\7\33[?1034h[jacob"..., 43) = 43
1521876196.091715 clock_gettime(CLOCK_BOOTTIME, {1025, 80859262}) = 0
1521876196.091729 clock_gettime(CLOCK_BOOTTIME, {1025, 80872778}) = 0
1521876196.091741 select(8, [4 5], [], NULL, NULL) = 1 (in [5])
1521876196.915032 clock_gettime(CLOCK_BOOTTIME, {1025, 904184327}) = 0
1521876196.915058 read(5, "l", 16384)   = 1
1521876196.915092 clock_gettime(CLOCK_BOOTTIME, {1025, 904237172}) = 0
1521876196.915106 clock_gettime(CLOCK_BOOTTIME, {1025, 904250356}) = 0
1521876196.915119 select(8, [4 5], [4], NULL, NULL) = 1 (out [4])
1521876196.915139 clock_gettime(CLOCK_BOOTTIME, {1025, 904282925}) = 0
1521876196.915152 write(4, "\205\324\320 0oe\241\336\254\33\372\260A\0321\264D\310N\324y\351\363\361~\254^\32Y]k"..., 36) = 36
1521876196.915232 clock_gettime(CLOCK_BOOTTIME, {1025, 904377057}) = 0
1521876196.915247 clock_gettime(CLOCK_BOOTTIME, {1025, 904391367}) = 0
1521876196.915260 select(8, [4 5], [], NULL, NULL) = 1 (in [4])
1521876196.915588 clock_gettime(CLOCK_BOOTTIME, {1025, 904733701}) = 0
1521876196.915604 read(4, "\211\10\2z\3134\232\257C\223\313\27\363\367\250\200d\37\313\320\267L#F\352]\366\213\301\233v\200"..., 8192) = 36
1521876196.915626 clock_gettime(CLOCK_BOOTTIME, {1025, 904770897}) = 0
1521876196.915640 clock_gettime(CLOCK_BOOTTIME, {1025, 904784012}) = 0
1521876196.915653 select(8, [4 5], [6], NULL, NULL) = 1 (out [6])
1521876196.915672 clock_gettime(CLOCK_BOOTTIME, {1025, 904816341}) = 0
1521876196.915685 write(6, "l", 1)      = 1
1521876196.915721 clock_gettime(CLOCK_BOOTTIME, {1025, 904865720}) = 0
1521876196.915735 clock_gettime(CLOCK_BOOTTIME, {1025, 904879018}) = 0
1521876196.915748 select(8, [4 5], [], NULL, NULL) = 1 (in [5])
1521876197.051202 clock_gettime(CLOCK_BOOTTIME, {1026, 40348439}) = 0
1521876197.051221 read(5, "s", 16384)   = 1
1521876197.051260 clock_gettime(CLOCK_BOOTTIME, {1026, 40407247}) = 0
1521876197.051277 clock_gettime(CLOCK_BOOTTIME, {1026, 40420845}) = 0
1521876197.051290 select(8, [4 5], [4], NULL, NULL) = 1 (out [4])
1521876197.051309 clock_gettime(CLOCK_BOOTTIME, {1026, 40453679}) = 0
1521876197.051322 write(4, "p\360\372\26\2529|\246TX\250\310\244\372n\232\326\336\302\377|\2\233\221:.ov\n\225\1\262"..., 36) = 36
1521876197.051391 clock_gettime(CLOCK_BOOTTIME, {1026, 40535899}) = 0
1521876197.051405 clock_gettime(CLOCK_BOOTTIME, {1026, 40549620}) = 0
1521876197.051418 select(8, [4 5], [], NULL, NULL) = 1 (in [4])
1521876197.051709 clock_gettime(CLOCK_BOOTTIME, {1026, 40854040}) = 0
1521876197.051723 read(4, "\203\345\236\266v>\263\16\33\327r(\210;\33\2\345\332\201f\351\327ySp1\211\236\"\360ad"..., 8192) = 36
1521876197.051769 clock_gettime(CLOCK_BOOTTIME, {1026, 40914114}) = 0
1521876197.051783 clock_gettime(CLOCK_BOOTTIME, {1026, 40926753}) = 0
1521876197.051795 select(8, [4 5], [6], NULL, NULL) = 1 (out [6])
1521876197.051813 clock_gettime(CLOCK_BOOTTIME, {1026, 40957518}) = 0
1521876197.051826 write(6, "s", 1)      = 1
1521876197.051924 clock_gettime(CLOCK_BOOTTIME, {1026, 41069325}) = 0
1521876197.051939 clock_gettime(CLOCK_BOOTTIME, {1026, 41083173}) = 0
1521876197.051952 select(8, [4 5], [], NULL, NULL) = 1 (in [5])
1521876197.178730 clock_gettime(CLOCK_BOOTTIME, {1026, 167877097}) = 0
1521876197.178750 read(5, "\r", 16384)  = 1
1521876197.178778 clock_gettime(CLOCK_BOOTTIME, {1026, 167923701}) = 0
1521876197.178793 clock_gettime(CLOCK_BOOTTIME, {1026, 167936732}) = 0
1521876197.178806 select(8, [4 5], [4], NULL, NULL) = 1 (out [4])
1521876197.178825 clock_gettime(CLOCK_BOOTTIME, {1026, 167969791}) = 0
1521876197.178839 write(4, "\314\343\223\3614\202_0\374\1\260f\207\357Md\324\221&xG\16\20\266\260\223\1 -h\364B"..., 36) = 36
1521876197.178924 clock_gettime(CLOCK_BOOTTIME, {1026, 168069187}) = 0
1521876197.178953 clock_gettime(CLOCK_BOOTTIME, {1026, 168097858}) = 0
1521876197.178967 select(8, [4 5], [], NULL, NULL) = 1 (in [4])
1521876197.180188 clock_gettime(CLOCK_BOOTTIME, {1026, 169332843}) = 0
1521876197.180202 read(4, "\26\333\206\325\fU\335\303\1\365.\177\254\v\303\304\231\36U\r\301\33\323[\261\252\236\362\256\223\216\335"..., 8192) = 36
1521876197.180224 clock_gettime(CLOCK_BOOTTIME, {1026, 169368713}) = 0
1521876197.180237 clock_gettime(CLOCK_BOOTTIME, {1026, 169381260}) = 0
1521876197.180250 select(8, [4 5], [6], NULL, NULL) = 1 (out [6])
1521876197.180268 clock_gettime(CLOCK_BOOTTIME, {1026, 169412155}) = 0
1521876197.180281 write(6, "\r\n", 2)   = 2
1521876197.180379 clock_gettime(CLOCK_BOOTTIME, {1026, 169523600}) = 0
1521876197.180393 clock_gettime(CLOCK_BOOTTIME, {1026, 169537405}) = 0
1521876197.180406 select(8, [4 5], [], NULL, NULL) = 1 (in [4])
1521876197.182019 clock_gettime(CLOCK_BOOTTIME, {1026, 171164943}) = 0
1521876197.182036 read(4, "\366\225\254\267\270Z2v@\221\226\177\223\10\271q\353m.\267\276\361\31\352p\216\317\21Py\2640"..., 8192) = 220
1521876197.182064 clock_gettime(CLOCK_BOOTTIME, {1026, 171208772}) = 0
1521876197.182078 clock_gettime(CLOCK_BOOTTIME, {1026, 171221851}) = 0
1521876197.182091 select(8, [4 5], [6], NULL, NULL) = 1 (out [6])
1521876197.182115 clock_gettime(CLOCK_BOOTTIME, {1026, 171259082}) = 0
1521876197.182128 write(6, "\33[0m\33[01;34mtmp\33[0m  \33[01;34m\344\270\213"..., 181) = 181
1521876197.182288 clock_gettime(CLOCK_BOOTTIME, {1026, 171433165}) = 0
1521876197.182303 clock_gettime(CLOCK_BOOTTIME, {1026, 171447397}) = 0
1521876197.182316 select(8, [4 5], [], NULL, NULL) = 1 (in [4])
1521876197.182333 clock_gettime(CLOCK_BOOTTIME, {1026, 171477486}) = 0
1521876197.182346 read(4, ";\363\16\223\377\273\2373\\\325\252)\36\357\312)\301^\3\334\210\n\276D\334\v$\211\177r\265\300"..., 8192) = 76
1521876197.182364 clock_gettime(CLOCK_BOOTTIME, {1026, 171509068}) = 0
1521876197.182377 clock_gettime(CLOCK_BOOTTIME, {1026, 171535276}) = 0
1521876197.182405 select(8, [4 5], [6], NULL, NULL) = 1 (out [6])
1521876197.182423 clock_gettime(CLOCK_BOOTTIME, {1026, 171566918}) = 0
1521876197.182435 write(6, "\33]0;jacob@study:~\7[jacob@study ~"..., 35) = 35
1521876197.182515 clock_gettime(CLOCK_BOOTTIME, {1026, 171660130}) = 0
1521876197.182530 clock_gettime(CLOCK_BOOTTIME, {1026, 171673794}) = 0
1521876197.182542 select(8, [4 5], [], NULL, NULL) = 1 (in [5])
1521876197.402785 clock_gettime(CLOCK_BOOTTIME, {1026, 391932121}) = 0
1521876197.402808 read(5, "l", 16384)   = 1
1521876197.402839 clock_gettime(CLOCK_BOOTTIME, {1026, 391984561}) = 0
1521876197.402854 clock_gettime(CLOCK_BOOTTIME, {1026, 391998611}) = 0
1521876197.402868 select(8, [4 5], [4], NULL, NULL) = 1 (out [4])
1521876197.402889 clock_gettime(CLOCK_BOOTTIME, {1026, 392033026}) = 0
1521876197.402902 write(4, "\356\26\27^\n\305q\350b\233l\277.\242:\333\341H)\314/\366M\352vU\31g\243\3075$"..., 36) = 36
1521876197.403019 clock_gettime(CLOCK_BOOTTIME, {1026, 392164079}) = 0
1521876197.403034 clock_gettime(CLOCK_BOOTTIME, {1026, 392178484}) = 0
1521876197.403047 select(8, [4 5], [], NULL, NULL) = 1 (in [4])
1521876197.403343 clock_gettime(CLOCK_BOOTTIME, {1026, 392488449}) = 0
1521876197.403358 read(4, "\37\223c\340_-V\250\212A\f>\231\225lqU\2435/\4m\313=\314Q.\34\301#\222\312"..., 8192) = 36
1521876197.403395 clock_gettime(CLOCK_BOOTTIME, {1026, 392540551}) = 0
1521876197.403409 clock_gettime(CLOCK_BOOTTIME, {1026, 392553317}) = 0
1521876197.403422 select(8, [4 5], [6], NULL, NULL) = 1 (out [6])
1521876197.403441 clock_gettime(CLOCK_BOOTTIME, {1026, 392585126}) = 0
1521876197.403453 write(6, "l", 1)      = 1
1521876197.403550 clock_gettime(CLOCK_BOOTTIME, {1026, 392694834}) = 0
1521876197.403564 clock_gettime(CLOCK_BOOTTIME, {1026, 392708555}) = 0
1521876197.403577 select(8, [4 5], [], NULL, NULL) = 1 (in [5])
1521876197.522766 clock_gettime(CLOCK_BOOTTIME, {1026, 511914430}) = 0
1521876197.522788 read(5, "s", 16384)   = 1
1521876197.522819 clock_gettime(CLOCK_BOOTTIME, {1026, 511964366}) = 0
1521876197.522833 clock_gettime(CLOCK_BOOTTIME, {1026, 511977656}) = 0
1521876197.522847 select(8, [4 5], [4], NULL, NULL) = 1 (out [4])
1521876197.522867 clock_gettime(CLOCK_BOOTTIME, {1026, 512011139}) = 0
1521876197.522880 write(4, "\360\226\246\241u\37\300L\240\277}\235\27\300R\235\243\214U\33\217\373P\27De\230\22\325}\355\t"..., 36) = 36
1521876197.522967 clock_gettime(CLOCK_BOOTTIME, {1026, 512111940}) = 0
1521876197.522982 clock_gettime(CLOCK_BOOTTIME, {1026, 512126042}) = 0
1521876197.522995 select(8, [4 5], [], NULL, NULL) = 1 (in [4])
1521876197.523314 clock_gettime(CLOCK_BOOTTIME, {1026, 512459586}) = 0
1521876197.523330 read(4, "\341C\10T\n#\243f1\323^S$\2,\3343\17>\275\3363\302\37\337\177\305vSh*\367"..., 8192) = 36
1521876197.523351 clock_gettime(CLOCK_BOOTTIME, {1026, 512496119}) = 0
1521876197.523365 clock_gettime(CLOCK_BOOTTIME, {1026, 512508840}) = 0
1521876197.523377 select(8, [4 5], [6], NULL, NULL) = 1 (out [6])
1521876197.523396 clock_gettime(CLOCK_BOOTTIME, {1026, 512539783}) = 0
1521876197.523408 write(6, "s", 1)      = 1
1521876197.523503 clock_gettime(CLOCK_BOOTTIME, {1026, 512647570}) = 0
1521876197.523517 clock_gettime(CLOCK_BOOTTIME, {1026, 512661537}) = 0
1521876197.523530 select(8, [4 5], [], NULL, NULL) = 1 (in [5])
1521876197.642753 clock_gettime(CLOCK_BOOTTIME, {1026, 631899909}) = 0
1521876197.642773 read(5, "\r", 16384)  = 1
1521876197.642815 clock_gettime(CLOCK_BOOTTIME, {1026, 631963449}) = 0
1521876197.642833 clock_gettime(CLOCK_BOOTTIME, {1026, 631977528}) = 0
1521876197.642847 select(8, [4 5], [4], NULL, NULL) = 1 (out [4])
1521876197.642868 clock_gettime(CLOCK_BOOTTIME, {1026, 632011976}) = 0
1521876197.642881 write(4, "\323\222\31\6@A\311\262\334yZ\5\346f6)^\355\214l:\7\231|\3754\345\3768\274]\351"..., 36) = 36
1521876197.642966 clock_gettime(CLOCK_BOOTTIME, {1026, 632110890}) = 0
1521876197.642981 clock_gettime(CLOCK_BOOTTIME, {1026, 632124753}) = 0
1521876197.642993 select(8, [4 5], [], NULL, NULL) = 1 (in [4])
1521876197.643698 clock_gettime(CLOCK_BOOTTIME, {1026, 632844067}) = 0
1521876197.643714 read(4, "\305;\315\205\3260\307\265\210\246\271\354\306\367\4\371\277\244\332C\346\213O^\274\230\362\0018eH="..., 8192) = 36
1521876197.643736 clock_gettime(CLOCK_BOOTTIME, {1026, 632880959}) = 0
1521876197.643749 clock_gettime(CLOCK_BOOTTIME, {1026, 632893557}) = 0
1521876197.643762 select(8, [4 5], [6], NULL, NULL) = 1 (out [6])
1521876197.643780 clock_gettime(CLOCK_BOOTTIME, {1026, 632924551}) = 0
1521876197.643793 write(6, "\r\n", 2)   = 2
1521876197.643919 clock_gettime(CLOCK_BOOTTIME, {1026, 633064005}) = 0
1521876197.643934 clock_gettime(CLOCK_BOOTTIME, {1026, 633078033}) = 0
1521876197.643947 select(8, [4 5], [], NULL, NULL) = 1 (in [4])
1521876197.644833 clock_gettime(CLOCK_BOOTTIME, {1026, 633978685}) = 0
1521876197.644849 read(4, "4P\321\262!S\233\242\6)\260]\\\250\1\312=\347\10\325R\6n\320\234\5~\274\341n\355s"..., 8192) = 220
1521876197.644887 clock_gettime(CLOCK_BOOTTIME, {1026, 634032171}) = 0
1521876197.644901 clock_gettime(CLOCK_BOOTTIME, {1026, 634045330}) = 0
1521876197.644914 select(8, [4 5], [6], NULL, NULL) = 1 (out [6])
1521876197.644933 clock_gettime(CLOCK_BOOTTIME, {1026, 634077401}) = 0
1521876197.644946 write(6, "\33[0m\33[01;34mtmp\33[0m  \33[01;34m\344\270\213"..., 181) = 181
1521876197.645094 clock_gettime(CLOCK_BOOTTIME, {1026, 634238919}) = 0
1521876197.645109 clock_gettime(CLOCK_BOOTTIME, {1026, 634252947}) = 0
1521876197.645122 select(8, [4 5], [], NULL, NULL) = 1 (in [4])
1521876197.645139 clock_gettime(CLOCK_BOOTTIME, {1026, 634283068}) = 0
1521876197.645151 read(4, "\vL!7W\315\231\351\276\300%\311\\\3717Q\374\371F\356\202\316\235\274^Q\270\34\"\0375G"..., 8192) = 76
1521876197.645171 clock_gettime(CLOCK_BOOTTIME, {1026, 634315254}) = 0
1521876197.645183 clock_gettime(CLOCK_BOOTTIME, {1026, 634327588}) = 0
1521876197.645196 select(8, [4 5], [6], NULL, NULL) = 1 (out [6])
1521876197.645212 clock_gettime(CLOCK_BOOTTIME, {1026, 634356669}) = 0
1521876197.645225 write(6, "\33]0;jacob@study:~\7[jacob@study ~"..., 35) = 35
1521876197.645309 clock_gettime(CLOCK_BOOTTIME, {1026, 634455174}) = 0
1521876197.645325 clock_gettime(CLOCK_BOOTTIME, {1026, 634469053}) = 0
1521876197.645337 select(8, [4 5], [], NULL, NULL) = 1 (in [5])
1521876197.858844 clock_gettime(CLOCK_BOOTTIME, {1026, 847991684}) = 0
1521876197.858867 read(5, "l", 16384)   = 1
1521876197.858897 clock_gettime(CLOCK_BOOTTIME, {1026, 848042479}) = 0
1521876197.858911 clock_gettime(CLOCK_BOOTTIME, {1026, 848055554}) = 0
1521876197.858925 select(8, [4 5], [4], NULL, NULL) = 1 (out [4])
1521876197.858945 clock_gettime(CLOCK_BOOTTIME, {1026, 848088954}) = 0
1521876197.858958 write(4, "+\327\3540\22}pN\301\321\216\37\3<4P\361\332\267\206p\10\322w\333\35}\275\252\6\255\206"..., 36) = 36
1521876197.859052 clock_gettime(CLOCK_BOOTTIME, {1026, 848196416}) = 0
1521876197.859066 clock_gettime(CLOCK_BOOTTIME, {1026, 848210353}) = 0
1521876197.859079 select(8, [4 5], [], NULL, NULL) = 1 (in [4])
1521876197.859661 clock_gettime(CLOCK_BOOTTIME, {1026, 848806602}) = 0
1521876197.859677 read(4, "\201j\321\275\352\253\3749\7\34fB\344\271/L\350\253/g\313?\206\16\271\211\f$$\254j\342"..., 8192) = 36
1521876197.859699 clock_gettime(CLOCK_BOOTTIME, {1026, 848843595}) = 0
1521876197.859712 clock_gettime(CLOCK_BOOTTIME, {1026, 848856474}) = 0
1521876197.859725 select(8, [4 5], [6], NULL, NULL) = 1 (out [6])
1521876197.859744 clock_gettime(CLOCK_BOOTTIME, {1026, 848888028}) = 0
1521876197.859757 write(6, "l", 1)      = 1
1521876197.859856 clock_gettime(CLOCK_BOOTTIME, {1026, 849000818}) = 0
1521876197.859871 clock_gettime(CLOCK_BOOTTIME, {1026, 849015382}) = 0
1521876197.859884 select(8, [4 5], [], NULL, NULL) = 1 (in [5])
1521876197.986857 clock_gettime(CLOCK_BOOTTIME, {1026, 976005414}) = 0
1521876197.986879 read(5, "s", 16384)   = 1
1521876197.986910 clock_gettime(CLOCK_BOOTTIME, {1026, 976055734}) = 0
1521876197.986925 clock_gettime(CLOCK_BOOTTIME, {1026, 976068932}) = 0
1521876197.986938 select(8, [4 5], [4], NULL, NULL) = 1 (out [4])
1521876197.986959 clock_gettime(CLOCK_BOOTTIME, {1026, 976103349}) = 0
1521876197.986972 write(4, "*g\342\245\1\270\236\10Z\4\37\\\257\331\324)\24DT\3452\3462\245\332\33\321\347(C\375\3"..., 36) = 36
1521876197.987060 clock_gettime(CLOCK_BOOTTIME, {1026, 976204983}) = 0
1521876197.987075 clock_gettime(CLOCK_BOOTTIME, {1026, 976218766}) = 0
1521876197.987087 select(8, [4 5], [], NULL, NULL) = 1 (in [4])
1521876197.987481 clock_gettime(CLOCK_BOOTTIME, {1026, 976626726}) = 0
1521876197.987497 read(4, "t+G\355\332\3\241\241\5T\302\2\351\216\221\361\301L\27|Z\255\202G\367\350\335\355\204\344:\234"..., 8192) = 36
1521876197.987519 clock_gettime(CLOCK_BOOTTIME, {1026, 976664080}) = 0
1521876197.987533 clock_gettime(CLOCK_BOOTTIME, {1026, 976676830}) = 0
1521876197.987545 select(8, [4 5], [6], NULL, NULL) = 1 (out [6])
1521876197.987564 clock_gettime(CLOCK_BOOTTIME, {1026, 976708469}) = 0
1521876197.987577 write(6, "s", 1)      = 1
1521876197.987683 clock_gettime(CLOCK_BOOTTIME, {1026, 976827943}) = 0
1521876197.987698 clock_gettime(CLOCK_BOOTTIME, {1026, 976841813}) = 0
1521876197.987710 select(8, [4 5], [], NULL, NULL) = 1 (in [5])
1521876198.106776 clock_gettime(CLOCK_BOOTTIME, {1027, 95923359}) = 0
1521876198.106796 read(5, "\r", 16384)  = 1
1521876198.106825 clock_gettime(CLOCK_BOOTTIME, {1027, 95969585}) = 0
1521876198.106838 clock_gettime(CLOCK_BOOTTIME, {1027, 95982409}) = 0
1521876198.106852 select(8, [4 5], [4], NULL, NULL) = 1 (out [4])
1521876198.106871 clock_gettime(CLOCK_BOOTTIME, {1027, 96015113}) = 0
1521876198.106884 write(4, "F\321p\270D\351\260\305\330|\264D`\17\262\264\344#\6\244\334H\n\316Tj\327\224\272.\264\r"..., 36) = 36
1521876198.106975 clock_gettime(CLOCK_BOOTTIME, {1027, 96119556}) = 0
1521876198.106989 clock_gettime(CLOCK_BOOTTIME, {1027, 96133580}) = 0
1521876198.107002 select(8, [4 5], [], NULL, NULL) = 1 (in [4])
1521876198.107544 clock_gettime(CLOCK_BOOTTIME, {1027, 96689150}) = 0
1521876198.107559 read(4, "\207\275gy\346\260\201\236[\214\305\262r3\352\241e\243\305F\301.\3\377\376mV\230\242x\233\3"..., 8192) = 36
1521876198.107582 clock_gettime(CLOCK_BOOTTIME, {1027, 96726606}) = 0
1521876198.107595 clock_gettime(CLOCK_BOOTTIME, {1027, 96739394}) = 0
1521876198.107608 select(8, [4 5], [6], NULL, NULL) = 1 (out [6])
1521876198.107626 clock_gettime(CLOCK_BOOTTIME, {1027, 96770749}) = 0
1521876198.107639 write(6, "\r\n", 2)   = 2
1521876198.107738 clock_gettime(CLOCK_BOOTTIME, {1027, 96882694}) = 0
1521876198.107752 clock_gettime(CLOCK_BOOTTIME, {1027, 96896638}) = 0
1521876198.107765 select(8, [4 5], [], NULL, NULL) = 1 (in [4])
1521876198.108718 clock_gettime(CLOCK_BOOTTIME, {1027, 97863765}) = 0
1521876198.108734 read(4, "\252\340\212\271\365\256I\3112\326\340\20\222\200\334]#&yl\364\303H\34SJ\252\332\33\370\240]"..., 8192) = 220
1521876198.108758 clock_gettime(CLOCK_BOOTTIME, {1027, 97902647}) = 0
1521876198.108771 clock_gettime(CLOCK_BOOTTIME, {1027, 97915438}) = 0
1521876198.108784 select(8, [4 5], [6], NULL, NULL) = 1 (out [6])
1521876198.108803 clock_gettime(CLOCK_BOOTTIME, {1027, 97946963}) = 0
1521876198.108815 write(6, "\33[0m\33[01;34mtmp\33[0m  \33[01;34m\344\270\213"..., 181) = 181
1521876198.108966 clock_gettime(CLOCK_BOOTTIME, {1027, 98110853}) = 0
1521876198.108981 clock_gettime(CLOCK_BOOTTIME, {1027, 98125020}) = 0
1521876198.108994 select(8, [4 5], [], NULL, NULL) = 1 (in [4])
1521876198.109011 clock_gettime(CLOCK_BOOTTIME, {1027, 98155190}) = 0
1521876198.109023 read(4, "t>\336\356\326R=_\34\350\327E1G\220\333\371\"\355\22P\0101\343\253\r\26=\243!6i"..., 8192) = 76
1521876198.109042 clock_gettime(CLOCK_BOOTTIME, {1027, 98186959}) = 0
1521876198.109055 clock_gettime(CLOCK_BOOTTIME, {1027, 98199353}) = 0
1521876198.109068 select(8, [4 5], [6], NULL, NULL) = 1 (out [6])
1521876198.109084 clock_gettime(CLOCK_BOOTTIME, {1027, 98228388}) = 0
1521876198.109097 write(6, "\33]0;jacob@study:~\7[jacob@study ~"..., 35) = 35
1521876198.109173 clock_gettime(CLOCK_BOOTTIME, {1027, 98317975}) = 0
1521876198.109187 clock_gettime(CLOCK_BOOTTIME, {1027, 98331477}) = 0
1521876198.109200 select(8, [4 5], [], NULL, NULL) = 1 (in [5])
1521876199.162848 clock_gettime(CLOCK_BOOTTIME, {1028, 151996677}) = 0
1521876199.162872 read(5, "s", 16384)   = 1
1521876199.162903 clock_gettime(CLOCK_BOOTTIME, {1028, 152048530}) = 0
1521876199.162918 clock_gettime(CLOCK_BOOTTIME, {1028, 152061826}) = 0
1521876199.162931 select(8, [4 5], [4], NULL, NULL) = 1 (out [4])
1521876199.162952 clock_gettime(CLOCK_BOOTTIME, {1028, 152096136}) = 0
1521876199.162965 write(4, "\316\251\335\230|\23{\3778o\237\213\367\1\323+\232;U\356\354n\243O\341Ir\257N3U\244"..., 36) = 36
1521876199.163061 clock_gettime(CLOCK_BOOTTIME, {1028, 152205357}) = 0
1521876199.163076 clock_gettime(CLOCK_BOOTTIME, {1028, 152220127}) = 0
1521876199.163089 select(8, [4 5], [], NULL, NULL) = 1 (in [4])
1521876199.163408 clock_gettime(CLOCK_BOOTTIME, {1028, 152553766}) = 0
1521876199.163424 read(4, "\317Y\271\344\225O\363\265\5\303\331\326\343\366\340\27\332\5\325FM\35\312dI\370\316\231\241f:\366"..., 8192) = 36
1521876199.163457 clock_gettime(CLOCK_BOOTTIME, {1028, 152602625}) = 0
1521876199.163471 clock_gettime(CLOCK_BOOTTIME, {1028, 152615612}) = 0
1521876199.163484 select(8, [4 5], [6], NULL, NULL) = 1 (out [6])
1521876199.163503 clock_gettime(CLOCK_BOOTTIME, {1028, 152646855}) = 0
1521876199.163515 write(6, "s", 1)      = 1
1521876199.163614 clock_gettime(CLOCK_BOOTTIME, {1028, 152758452}) = 0
1521876199.163628 clock_gettime(CLOCK_BOOTTIME, {1028, 152772172}) = 0
1521876199.163641 select(8, [4 5], [], NULL, NULL) = 1 (in [5])
1521876199.514852 clock_gettime(CLOCK_BOOTTIME, {1028, 504000606}) = 0
1521876199.514878 read(5, "s", 16384)   = 1
1521876199.514911 clock_gettime(CLOCK_BOOTTIME, {1028, 504055959}) = 0
1521876199.514925 clock_gettime(CLOCK_BOOTTIME, {1028, 504069256}) = 0
1521876199.514939 select(8, [4 5], [4], NULL, NULL) = 1 (out [4])
1521876199.514959 clock_gettime(CLOCK_BOOTTIME, {1028, 504103543}) = 0
1521876199.514973 write(4, "\245\260\22d\312<\335\245KR\264\351\212\365\267c\210\353\0Z}<+\310\331\333k\4\372\306T,"..., 36) = 36
1521876199.515065 clock_gettime(CLOCK_BOOTTIME, {1028, 504209717}) = 0
1521876199.515080 clock_gettime(CLOCK_BOOTTIME, {1028, 504223871}) = 0
1521876199.515092 select(8, [4 5], [], NULL, NULL) = 1 (in [4])
1521876199.515508 clock_gettime(CLOCK_BOOTTIME, {1028, 504653269}) = 0
1521876199.515524 read(4, "a~#\361\0239\304\354\206\246\21\354\262[\256\300\t\246\221\272\356\321\5\256\347\311\30\310s\330\361\t"..., 8192) = 36
1521876199.515546 clock_gettime(CLOCK_BOOTTIME, {1028, 504691416}) = 0
1521876199.515560 clock_gettime(CLOCK_BOOTTIME, {1028, 504704194}) = 0
1521876199.515573 select(8, [4 5], [6], NULL, NULL) = 1 (out [6])
1521876199.515592 clock_gettime(CLOCK_BOOTTIME, {1028, 504735903}) = 0
1521876199.515604 write(6, "s", 1)      = 1
1521876199.515716 clock_gettime(CLOCK_BOOTTIME, {1028, 504860699}) = 0
1521876199.515730 clock_gettime(CLOCK_BOOTTIME, {1028, 504874525}) = 0
1521876199.515743 select(8, [4 5], [], NULL, NULL) = 1 (in [5])
1521876199.842830 clock_gettime(CLOCK_BOOTTIME, {1028, 831976201}) = 0
1521876199.842849 read(5, "s", 16384)   = 1
1521876199.842877 clock_gettime(CLOCK_BOOTTIME, {1028, 832022111}) = 0
1521876199.842891 clock_gettime(CLOCK_BOOTTIME, {1028, 832034935}) = 0
1521876199.842904 select(8, [4 5], [4], NULL, NULL) = 1 (out [4])
1521876199.842923 clock_gettime(CLOCK_BOOTTIME, {1028, 832067145}) = 0
1521876199.842936 write(4, "l\2761\205\341[\207G\33\304\300\241\325\22\30O\307a\301\275\332\263\325\317\357\\\2603E\226n\333"..., 36) = 36
1521876199.843014 clock_gettime(CLOCK_BOOTTIME, {1028, 832159122}) = 0
1521876199.843029 clock_gettime(CLOCK_BOOTTIME, {1028, 832172972}) = 0
1521876199.843042 select(8, [4 5], [], NULL, NULL) = 1 (in [4])
1521876199.843372 clock_gettime(CLOCK_BOOTTIME, {1028, 832517840}) = 0
1521876199.843388 read(4, "\362\246\376\216m\353\350-\372\33\20\210u\321+_\311\300\34\312\321\27b_\35w1\357\243jW\6"..., 8192) = 36
1521876199.843409 clock_gettime(CLOCK_BOOTTIME, {1028, 832553572}) = 0
1521876199.843422 clock_gettime(CLOCK_BOOTTIME, {1028, 832566142}) = 0
1521876199.843435 select(8, [4 5], [6], NULL, NULL) = 1 (out [6])
1521876199.843453 clock_gettime(CLOCK_BOOTTIME, {1028, 832597263}) = 0
1521876199.843465 write(6, "s", 1)      = 1
1521876199.843550 clock_gettime(CLOCK_BOOTTIME, {1028, 832695356}) = 0
1521876199.843565 clock_gettime(CLOCK_BOOTTIME, {1028, 832708950}) = 0
1521876199.843577 select(8, [4 5], [], NULL, NULL) = 1 (in [5])
1521876200.114842 clock_gettime(CLOCK_BOOTTIME, {1029, 103989077}) = 0
1521876200.114862 read(5, "\r", 16384)  = 1
1521876200.114892 clock_gettime(CLOCK_BOOTTIME, {1029, 104036982}) = 0
1521876200.114906 clock_gettime(CLOCK_BOOTTIME, {1029, 104049910}) = 0
1521876200.114919 select(8, [4 5], [4], NULL, NULL) = 1 (out [4])
1521876200.114938 clock_gettime(CLOCK_BOOTTIME, {1029, 104082682}) = 0
1521876200.114952 write(4, "\351\273\354\236\341\31x8\311\265 be\343\2161gK\336\32\26y\6*\3201_C\27\241/6"..., 36) = 36
1521876200.115070 clock_gettime(CLOCK_BOOTTIME, {1029, 104217382}) = 0
1521876200.115105 clock_gettime(CLOCK_BOOTTIME, {1029, 104249710}) = 0
1521876200.115119 select(8, [4 5], [], NULL, NULL) = 1 (in [4])
1521876200.116452 clock_gettime(CLOCK_BOOTTIME, {1029, 105598533}) = 0
1521876200.116469 read(4, " \313\352l\355PW\343\3464\215@7T\33h9$S\2v\370V\342\335\27H\317\317e\354G"..., 8192) = 36
1521876200.116509 clock_gettime(CLOCK_BOOTTIME, {1029, 105654573}) = 0
1521876200.116523 clock_gettime(CLOCK_BOOTTIME, {1029, 105667633}) = 0
1521876200.116537 select(8, [4 5], [6], NULL, NULL) = 1 (out [6])
1521876200.116556 clock_gettime(CLOCK_BOOTTIME, {1029, 105700323}) = 0
1521876200.116569 write(6, "\r\n", 2)   = 2
1521876200.116673 clock_gettime(CLOCK_BOOTTIME, {1029, 105817539}) = 0
1521876200.116687 clock_gettime(CLOCK_BOOTTIME, {1029, 105831422}) = 0
1521876200.116700 select(8, [4 5], [], NULL, NULL) = 1 (in [4])
1521876200.120644 clock_gettime(CLOCK_BOOTTIME, {1029, 109791476}) = 0
1521876200.120666 read(4, "{\271\355\317\314^\347\30\246;\343k^w\250|\251\272\215\364qb\214}p\311:\344l:[\355"..., 8192) = 100
1521876200.120702 clock_gettime(CLOCK_BOOTTIME, {1029, 109846906}) = 0
1521876200.120716 clock_gettime(CLOCK_BOOTTIME, {1029, 109860398}) = 0
1521876200.120730 select(8, [4 5], [6], NULL, NULL) = 1 (out [6])
1521876200.120751 clock_gettime(CLOCK_BOOTTIME, {1029, 109894863}) = 0
1521876200.120764 write(6, "bash: sss: command not found...\r"..., 59) = 59
1521876200.120887 clock_gettime(CLOCK_BOOTTIME, {1029, 110031805}) = 0
1521876200.120901 clock_gettime(CLOCK_BOOTTIME, {1029, 110045666}) = 0
1521876200.120914 select(8, [4 5], [], NULL, NULL) = 1 (in [4])
1521876200.122163 clock_gettime(CLOCK_BOOTTIME, {1029, 111308950}) = 0
1521876200.122179 read(4, "\262r\10![Go\364U\224(\374\3\335F\271\20\265\304\0\307\24\tm\16\335M\307\7\202\217C"..., 8192) = 76
1521876200.122203 clock_gettime(CLOCK_BOOTTIME, {1029, 111348185}) = 0
1521876200.122217 clock_gettime(CLOCK_BOOTTIME, {1029, 111360924}) = 0
1521876200.122230 select(8, [4 5], [6], NULL, NULL) = 1 (out [6])
1521876200.122248 clock_gettime(CLOCK_BOOTTIME, {1029, 111392257}) = 0
1521876200.122261 write(6, "\33]0;jacob@study:~\7[jacob@study ~"..., 35) = 35
1521876200.122350 clock_gettime(CLOCK_BOOTTIME, {1029, 111494614}) = 0
1521876200.122364 clock_gettime(CLOCK_BOOTTIME, {1029, 111508292}) = 0
1521876200.122377 select(8, [4 5], [], NULL, NULL) = 1 (in [5])
1521876200.306793 clock_gettime(CLOCK_BOOTTIME, {1029, 295939840}) = 0
1521876200.306813 read(5, "s", 16384)   = 1
1521876200.306840 clock_gettime(CLOCK_BOOTTIME, {1029, 295984562}) = 0
1521876200.306853 clock_gettime(CLOCK_BOOTTIME, {1029, 295997435}) = 0
1521876200.306866 select(8, [4 5], [4], NULL, NULL) = 1 (out [4])
1521876200.306912 clock_gettime(CLOCK_BOOTTIME, {1029, 296056770}) = 0
1521876200.306926 write(4, "_\204\210\303\f\223\205\363\6j8\200\2SH\260Y#1\362\373r\262gm\333\24\305\20\30\344d"..., 36) = 36
1521876200.306998 clock_gettime(CLOCK_BOOTTIME, {1029, 296142327}) = 0
1521876200.307012 clock_gettime(CLOCK_BOOTTIME, {1029, 296155865}) = 0
1521876200.307024 select(8, [4 5], [], NULL, NULL) = 1 (in [4])
1521876200.307298 clock_gettime(CLOCK_BOOTTIME, {1029, 296442997}) = 0
1521876200.307312 read(4, "_-\335\301\342\377V\22S#[\33\214\355)\30r?\227MH\256\0\302\2744\273\206\243\362\34\273"..., 8192) = 36
1521876200.307332 clock_gettime(CLOCK_BOOTTIME, {1029, 296476548}) = 0
1521876200.307345 clock_gettime(CLOCK_BOOTTIME, {1029, 296489078}) = 0
1521876200.307357 select(8, [4 5], [6], NULL, NULL) = 1 (out [6])
1521876200.307375 clock_gettime(CLOCK_BOOTTIME, {1029, 296530800}) = 0
1521876200.307403 write(6, "s", 1)      = 1
1521876200.307495 clock_gettime(CLOCK_BOOTTIME, {1029, 296639575}) = 0
1521876200.307509 clock_gettime(CLOCK_BOOTTIME, {1029, 296653080}) = 0
1521876200.307522 select(8, [4 5], [], NULL, NULL) = 1 (in [5])
1521876200.498711 clock_gettime(CLOCK_BOOTTIME, {1029, 487857384}) = 0
1521876200.498730 read(5, "\r", 16384)  = 1
1521876200.498757 clock_gettime(CLOCK_BOOTTIME, {1029, 487902103}) = 0
1521876200.498771 clock_gettime(CLOCK_BOOTTIME, {1029, 487914888}) = 0
1521876200.498795 select(8, [4 5], [4], NULL, NULL) = 1 (out [4])
1521876200.498814 clock_gettime(CLOCK_BOOTTIME, {1029, 487958775}) = 0
1521876200.498827 write(4, "\376\344\324\245\346\367\242\32PjzS\303\233af\202\351\254\2\374\222\240;\265\267^\277\354\201>\235"..., 36) = 36
1521876200.498905 clock_gettime(CLOCK_BOOTTIME, {1029, 488050149}) = 0
1521876200.498920 clock_gettime(CLOCK_BOOTTIME, {1029, 488063800}) = 0
1521876200.498932 select(8, [4 5], [], NULL, NULL) = 1 (in [4])
1521876200.499491 clock_gettime(CLOCK_BOOTTIME, {1029, 488636579}) = 0
1521876200.499507 read(4, "\247\16\7\37\334\201S\257<\225tc\255\207\27\232\312a\323[\326\265~\6\222\300\303\321\256\343\233\357"..., 8192) = 36
1521876200.499528 clock_gettime(CLOCK_BOOTTIME, {1029, 488673265}) = 0
1521876200.499542 clock_gettime(CLOCK_BOOTTIME, {1029, 488686704}) = 0
1521876200.499556 select(8, [4 5], [6], NULL, NULL) = 1 (out [6])
1521876200.499592 clock_gettime(CLOCK_BOOTTIME, {1029, 488736539}) = 0
1521876200.499605 write(6, "\r\n", 2)   = 2
1521876200.499691 clock_gettime(CLOCK_BOOTTIME, {1029, 488836005}) = 0
1521876200.499706 clock_gettime(CLOCK_BOOTTIME, {1029, 488849968}) = 0
1521876200.499719 select(8, [4 5], [], NULL, NULL) = 1 (in [4])
1521876200.502364 clock_gettime(CLOCK_BOOTTIME, {1029, 491510727}) = 0
1521876200.502382 read(4, "\315\227O\346\304\5\370\314\262\215r_M\306P\361\215`-\305T\226\0208V\327\350\302\7\vh\231"..., 8192) = 68
1521876200.502409 clock_gettime(CLOCK_BOOTTIME, {1029, 491554198}) = 0
1521876200.502423 clock_gettime(CLOCK_BOOTTIME, {1029, 491567022}) = 0
1521876200.502436 select(8, [4 5], [6], NULL, NULL) = 1 (out [6])
1521876200.502455 clock_gettime(CLOCK_BOOTTIME, {1029, 491599496}) = 0
1521876200.502468 write(6, "bash: s: command not found...\r\n", 31) = 31
1521876200.502585 clock_gettime(CLOCK_BOOTTIME, {1029, 491730369}) = 0
1521876200.502600 clock_gettime(CLOCK_BOOTTIME, {1029, 491744373}) = 0
1521876200.502613 select(8, [4 5], [], NULL, NULL) = 1 (in [4])
1521876200.502983 clock_gettime(CLOCK_BOOTTIME, {1029, 492128802}) = 0
1521876200.502999 read(4, "\3516\204\246{}<\17?\222\227\242\375~\3565\225$\273\16\343\223C\27\33\205\327\2{\277\261'"..., 8192) = 76
1521876200.503020 clock_gettime(CLOCK_BOOTTIME, {1029, 492165130}) = 0
1521876200.503034 clock_gettime(CLOCK_BOOTTIME, {1029, 492177928}) = 0
1521876200.503046 select(8, [4 5], [6], NULL, NULL) = 1 (out [6])
1521876200.503076 clock_gettime(CLOCK_BOOTTIME, {1029, 492222542}) = 0
1521876200.503092 write(6, "\33]0;jacob@study:~\7[jacob@study ~"..., 35) = 35
1521876200.503173 clock_gettime(CLOCK_BOOTTIME, {1029, 492317702}) = 0
1521876200.503187 clock_gettime(CLOCK_BOOTTIME, {1029, 492331357}) = 0
1521876200.503200 select(8, [4 5], [], NULL, NULL) = 1 (in [5])
1521876200.602718 clock_gettime(CLOCK_BOOTTIME, {1029, 591864160}) = 0
1521876200.602737 read(5, "s", 16384)   = 1
1521876200.602763 clock_gettime(CLOCK_BOOTTIME, {1029, 591908130}) = 0
1521876200.602777 clock_gettime(CLOCK_BOOTTIME, {1029, 591920889}) = 0
1521876200.602790 select(8, [4 5], [4], NULL, NULL) = 1 (out [4])
1521876200.602808 clock_gettime(CLOCK_BOOTTIME, {1029, 591952629}) = 0
1521876200.602821 write(4, "\222\245P\232\325\225=3cA\32\270\16\22\210\321\35m\301n\27t\244xy\334\0344\264\240\177A"..., 36) = 36
1521876200.602899 clock_gettime(CLOCK_BOOTTIME, {1029, 592044117}) = 0
1521876200.602914 clock_gettime(CLOCK_BOOTTIME, {1029, 592057681}) = 0
1521876200.602926 select(8, [4 5], [], NULL, NULL) = 1 (in [4])
1521876200.603217 clock_gettime(CLOCK_BOOTTIME, {1029, 592362208}) = 0
1521876200.603232 read(4, "\26.\37\360l\235\221\343\27Ls\321[%\377\360\3705?U\254\32\33i+\333\361\32\234\270\356_"..., 8192) = 36
1521876200.603253 clock_gettime(CLOCK_BOOTTIME, {1029, 592398047}) = 0
1521876200.603267 clock_gettime(CLOCK_BOOTTIME, {1029, 592410766}) = 0
1521876200.603279 select(8, [4 5], [6], NULL, NULL) = 1 (out [6])
1521876200.603298 clock_gettime(CLOCK_BOOTTIME, {1029, 592441874}) = 0
1521876200.603310 write(6, "s", 1)      = 1
1521876200.603392 clock_gettime(CLOCK_BOOTTIME, {1029, 592536972}) = 0
1521876200.603406 clock_gettime(CLOCK_BOOTTIME, {1029, 592560767}) = 0
1521876200.603430 select(8, [4 5], [], NULL, NULL) = 1 (in [5])
1521876200.794842 clock_gettime(CLOCK_BOOTTIME, {1029, 783988211}) = 0
1521876200.794860 read(5, "\r", 16384)  = 1
1521876200.794888 clock_gettime(CLOCK_BOOTTIME, {1029, 784033433}) = 0
1521876200.794902 clock_gettime(CLOCK_BOOTTIME, {1029, 784046500}) = 0
1521876200.794915 select(8, [4 5], [4], NULL, NULL) = 1 (out [4])
1521876200.794934 clock_gettime(CLOCK_BOOTTIME, {1029, 784078475}) = 0
1521876200.794947 write(4, "\237jH\32\3165!\234\361N0^\342\255\311_\3t\2`%m\305\274J\202\300\200\207\300\352\252"..., 36) = 36
1521876200.795021 clock_gettime(CLOCK_BOOTTIME, {1029, 784165325}) = 0
1521876200.795035 clock_gettime(CLOCK_BOOTTIME, {1029, 784179074}) = 0
1521876200.795048 select(8, [4 5], [], NULL, NULL) = 1 (in [4])
1521876200.795609 clock_gettime(CLOCK_BOOTTIME, {1029, 784754915}) = 0
1521876200.795625 read(4, "\0220T\367\236]\2508\230\271;\235\366\353g$\262YvI\367\320\344\201\326\235\3746\341\322\243p"..., 8192) = 36
1521876200.795648 clock_gettime(CLOCK_BOOTTIME, {1029, 784792706}) = 0
1521876200.795661 clock_gettime(CLOCK_BOOTTIME, {1029, 784805773}) = 0
1521876200.795675 select(8, [4 5], [6], NULL, NULL) = 1 (out [6])
1521876200.795693 clock_gettime(CLOCK_BOOTTIME, {1029, 784837576}) = 0
1521876200.795706 write(6, "\r\n", 2)   = 2
1521876200.795796 clock_gettime(CLOCK_BOOTTIME, {1029, 784940654}) = 0
1521876200.795811 clock_gettime(CLOCK_BOOTTIME, {1029, 784954977}) = 0
1521876200.795824 select(8, [4 5], [], NULL, NULL) = 1 (in [4])
1521876200.798593 clock_gettime(CLOCK_BOOTTIME, {1029, 787739593}) = 0
1521876200.798612 read(4, "\343\250T(Q\32N\203\7\342N\334`\365\3341\323\204\315o\376\376ez\270\220\327\0\276\226\6\353"..., 8192) = 68
1521876200.798639 clock_gettime(CLOCK_BOOTTIME, {1029, 787783984}) = 0
1521876200.798653 clock_gettime(CLOCK_BOOTTIME, {1029, 787797365}) = 0
1521876200.798667 select(8, [4 5], [6], NULL, NULL) = 1 (out [6])
1521876200.798687 clock_gettime(CLOCK_BOOTTIME, {1029, 787831073}) = 0
1521876200.798700 write(6, "bash: s: command not found...\r\n", 31) = 31
1521876200.798809 clock_gettime(CLOCK_BOOTTIME, {1029, 787954366}) = 0
1521876200.798839 clock_gettime(CLOCK_BOOTTIME, {1029, 787984708}) = 0
1521876200.798854 select(8, [4 5], [], NULL, NULL) = 1 (in [4])
1521876200.799040 clock_gettime(CLOCK_BOOTTIME, {1029, 788189221}) = 0
1521876200.799067 read(4, "\276_J\246\274Y\363\273\344v{\\\364\234\2204\252\4-(c>\311;mn\250Zooj$"..., 8192) = 76
1521876200.799090 clock_gettime(CLOCK_BOOTTIME, {1029, 788234617}) = 0
1521876200.799103 clock_gettime(CLOCK_BOOTTIME, {1029, 788247350}) = 0
1521876200.799116 select(8, [4 5], [6], NULL, NULL) = 1 (out [6])
1521876200.799135 clock_gettime(CLOCK_BOOTTIME, {1029, 788279201}) = 0
1521876200.799148 write(6, "\33]0;jacob@study:~\7[jacob@study ~"..., 35) = 35
1521876200.799235 clock_gettime(CLOCK_BOOTTIME, {1029, 788380106}) = 0
1521876200.799250 clock_gettime(CLOCK_BOOTTIME, {1029, 788393919}) = 0
1521876200.799262 select(8, [4 5], [], NULL, NULL) = 1 (in [5])
1521876200.922821 clock_gettime(CLOCK_BOOTTIME, {1029, 911970907}) = 0
1521876200.922847 read(5, "s", 16384)   = 1
1521876200.922882 clock_gettime(CLOCK_BOOTTIME, {1029, 912026992}) = 0
1521876200.922896 clock_gettime(CLOCK_BOOTTIME, {1029, 912040448}) = 0
1521876200.922910 select(8, [4 5], [4], NULL, NULL) = 1 (out [4])
1521876200.922932 clock_gettime(CLOCK_BOOTTIME, {1029, 912076355}) = 0
1521876200.922945 write(4, "\312\277\21\277#O\3\315\353[F\262\246\375\362\361~\261\36\227O\f\357%\2X4\370\211\24\302p"..., 36) = 36
1521876200.923061 clock_gettime(CLOCK_BOOTTIME, {1029, 912207591}) = 0
1521876200.923078 clock_gettime(CLOCK_BOOTTIME, {1029, 912221974}) = 0
1521876200.923091 select(8, [4 5], [], NULL, NULL) = 1 (in [4])
1521876200.923541 clock_gettime(CLOCK_BOOTTIME, {1029, 912686350}) = 0
1521876200.923556 read(4, "\341\246y\370+iq\224\320\261\26\251P\313Wi\205\252\263\3\375b\220\240\272\342\322\260\365\374\36\361"..., 8192) = 36
1521876200.923639 clock_gettime(CLOCK_BOOTTIME, {1029, 912784860}) = 0
1521876200.923667 clock_gettime(CLOCK_BOOTTIME, {1029, 912811360}) = 0
1521876200.923681 select(8, [4 5], [6], NULL, NULL) = 1 (out [6])
1521876200.923700 clock_gettime(CLOCK_BOOTTIME, {1029, 912844152}) = 0
1521876200.923713 write(6, "s", 1)      = 1
1521876200.923824 clock_gettime(CLOCK_BOOTTIME, {1029, 912968787}) = 0
1521876200.923838 clock_gettime(CLOCK_BOOTTIME, {1029, 912982479}) = 0
1521876200.923851 select(8, [4 5], [], NULL, NULL) = 1 (in [5])
1521876201.082839 clock_gettime(CLOCK_BOOTTIME, {1030, 71985476}) = 0
1521876201.082858 read(5, "\r", 16384)  = 1
1521876201.082885 clock_gettime(CLOCK_BOOTTIME, {1030, 72030554}) = 0
1521876201.082899 clock_gettime(CLOCK_BOOTTIME, {1030, 72043516}) = 0
1521876201.082912 select(8, [4 5], [4], NULL, NULL) = 1 (out [4])
1521876201.082931 clock_gettime(CLOCK_BOOTTIME, {1030, 72075804}) = 0
1521876201.082945 write(4, "\37\16\316\234\240\250\37(0'\37\35eB'K&\223\350\366\nj}k\336\2704\201\230\234\246c"..., 36) = 36
1521876201.083025 clock_gettime(CLOCK_BOOTTIME, {1030, 72169904}) = 0
1521876201.083039 clock_gettime(CLOCK_BOOTTIME, {1030, 72183686}) = 0
1521876201.083052 select(8, [4 5], [], NULL, NULL) = 1 (in [4])
1521876201.084390 clock_gettime(CLOCK_BOOTTIME, {1030, 73535263}) = 0
1521876201.084405 read(4, "\35\31d\370\323\n\361W\260\3364\255\35\341\201^\374o\346d:\277\303:v;\4\343\333q]4"..., 8192) = 36
1521876201.084469 clock_gettime(CLOCK_BOOTTIME, {1030, 73614354}) = 0
1521876201.084483 clock_gettime(CLOCK_BOOTTIME, {1030, 73627266}) = 0
1521876201.084496 select(8, [4 5], [6], NULL, NULL) = 1 (out [6])
1521876201.084515 clock_gettime(CLOCK_BOOTTIME, {1030, 73659379}) = 0
1521876201.084528 write(6, "\r\n", 2)   = 2
1521876201.084617 clock_gettime(CLOCK_BOOTTIME, {1030, 73761749}) = 0
1521876201.084631 clock_gettime(CLOCK_BOOTTIME, {1030, 73775567}) = 0
1521876201.084644 select(8, [4 5], [], NULL, NULL) = 1 (in [4])
1521876201.086963 clock_gettime(CLOCK_BOOTTIME, {1030, 76109601}) = 0
1521876201.086981 read(4, "\225\356\225\365\30\t\230\365\354+\21\230;9\257\242\222O1\1e\254*\260\367\302o\10,\\_N"..., 8192) = 68
1521876201.087050 clock_gettime(CLOCK_BOOTTIME, {1030, 76195413}) = 0
1521876201.087064 clock_gettime(CLOCK_BOOTTIME, {1030, 76208487}) = 0
1521876201.087077 select(8, [4 5], [6], NULL, NULL) = 1 (out [6])
1521876201.087097 clock_gettime(CLOCK_BOOTTIME, {1030, 76241243}) = 0
1521876201.087110 write(6, "bash: s: command not found...\r\n", 31) = 31
1521876201.087206 clock_gettime(CLOCK_BOOTTIME, {1030, 76350777}) = 0
1521876201.087220 clock_gettime(CLOCK_BOOTTIME, {1030, 76364632}) = 0
1521876201.087233 select(8, [4 5], [], NULL, NULL) = 1 (in [4])
1521876201.087570 clock_gettime(CLOCK_BOOTTIME, {1030, 76716242}) = 0
1521876201.087586 read(4, "y\2679\301\256\325;\305\344\31n\266\207\342/\203\303\214a\362C\323h\23560K\275\2225E\f"..., 8192) = 76
1521876201.087652 clock_gettime(CLOCK_BOOTTIME, {1030, 76797768}) = 0
1521876201.087667 clock_gettime(CLOCK_BOOTTIME, {1030, 76810896}) = 0
1521876201.087679 select(8, [4 5], [6], NULL, NULL) = 1 (out [6])
1521876201.087699 clock_gettime(CLOCK_BOOTTIME, {1030, 76843053}) = 0
1521876201.087711 write(6, "\33]0;jacob@study:~\7[jacob@study ~"..., 35) = 35
1521876201.087792 clock_gettime(CLOCK_BOOTTIME, {1030, 76936775}) = 0
1521876201.087806 clock_gettime(CLOCK_BOOTTIME, {1030, 76950650}) = 0
1521876201.087819 select(8, [4 5], [], NULL, NULL) = 1 (in [5])
1521876201.218882 clock_gettime(CLOCK_BOOTTIME, {1030, 208037928}) = 0
1521876201.218923 read(5, "s", 16384)   = 1
1521876201.218973 clock_gettime(CLOCK_BOOTTIME, {1030, 208122051}) = 0
1521876201.218998 clock_gettime(CLOCK_BOOTTIME, {1030, 208145407}) = 0
1521876201.219021 select(8, [4 5], [4], NULL, NULL) = 1 (out [4])
1521876201.219056 clock_gettime(CLOCK_BOOTTIME, {1030, 208203359}) = 0
1521876201.219081 write(4, "\210\353\315\231\200\252\242\262\315M\311X\367j\255(\1\34\360R\342\320\323,\210 \256`\362v\4\274"..., 36) = 36
1521876201.219201 clock_gettime(CLOCK_BOOTTIME, {1030, 208346449}) = 0
1521876201.219216 clock_gettime(CLOCK_BOOTTIME, {1030, 208360591}) = 0
1521876201.219242 select(8, [4 5], [], NULL, NULL) = 1 (in [4])
1521876201.219529 clock_gettime(CLOCK_BOOTTIME, {1030, 208674648}) = 0
1521876201.219544 read(4, "K@\235\304[\357\10\302p\321|\243+lM \252\346+\204\223\35\222*\342\300\237\31\177g-\22"..., 8192) = 36
1521876201.219610 clock_gettime(CLOCK_BOOTTIME, {1030, 208754907}) = 0
1521876201.219624 clock_gettime(CLOCK_BOOTTIME, {1030, 208767812}) = 0
1521876201.219636 select(8, [4 5], [6], NULL, NULL) = 1 (out [6])
1521876201.219656 clock_gettime(CLOCK_BOOTTIME, {1030, 208800233}) = 0
1521876201.219669 write(6, "s", 1)      = 1
1521876201.219763 clock_gettime(CLOCK_BOOTTIME, {1030, 208907562}) = 0
1521876201.219777 clock_gettime(CLOCK_BOOTTIME, {1030, 208921357}) = 0
1521876201.219790 select(8, [4 5], [], NULL, NULL) = 1 (in [5])
1521876201.338750 clock_gettime(CLOCK_BOOTTIME, {1030, 327897713}) = 0
1521876201.338770 read(5, "\r", 16384)  = 1
1521876201.338798 clock_gettime(CLOCK_BOOTTIME, {1030, 327943410}) = 0
1521876201.338812 clock_gettime(CLOCK_BOOTTIME, {1030, 327956530}) = 0
1521876201.338826 select(8, [4 5], [4], NULL, NULL) = 1 (out [4])
1521876201.338845 clock_gettime(CLOCK_BOOTTIME, {1030, 327989771}) = 0
1521876201.338859 write(4, "}\177Q\321\22\210\316\305\307@F\2730\360\277\257,\213k\21\240\240C\31pue\216\361\307$\265"..., 36) = 36
1521876201.338945 clock_gettime(CLOCK_BOOTTIME, {1030, 328090178}) = 0
1521876201.338960 clock_gettime(CLOCK_BOOTTIME, {1030, 328104014}) = 0
1521876201.338973 select(8, [4 5], [], NULL, NULL) = 1 (in [4])
1521876201.339520 clock_gettime(CLOCK_BOOTTIME, {1030, 328666173}) = 0
1521876201.339536 read(4, "\331*nf\236k\246\f\274\30\32\3461\241H\372\207\243\355\240\253\316\33#\370\363C|\205Zz="..., 8192) = 36
1521876201.339607 clock_gettime(CLOCK_BOOTTIME, {1030, 328751757}) = 0
1521876201.339620 clock_gettime(CLOCK_BOOTTIME, {1030, 328764690}) = 0
1521876201.339633 select(8, [4 5], [6], NULL, NULL) = 1 (out [6])
1521876201.339653 clock_gettime(CLOCK_BOOTTIME, {1030, 328797076}) = 0
1521876201.339666 write(6, "\r\n", 2)   = 2
1521876201.339766 clock_gettime(CLOCK_BOOTTIME, {1030, 328911240}) = 0
1521876201.339781 clock_gettime(CLOCK_BOOTTIME, {1030, 328925143}) = 0
1521876201.339794 select(8, [4 5], [], NULL, NULL) = 1 (in [4])
1521876201.343345 clock_gettime(CLOCK_BOOTTIME, {1030, 332490979}) = 0
1521876201.343362 read(4, "\3\333k_\214\250\241\245Zkx$8\2059\330\320s\213^@kX\343\352\333\332>\370\355\1\24"..., 8192) = 68
1521876201.343435 clock_gettime(CLOCK_BOOTTIME, {1030, 332579910}) = 0
1521876201.343449 clock_gettime(CLOCK_BOOTTIME, {1030, 332592915}) = 0
1521876201.343462 select(8, [4 5], [6], NULL, NULL) = 1 (out [6])
1521876201.343482 clock_gettime(CLOCK_BOOTTIME, {1030, 332626216}) = 0
1521876201.343495 write(6, "bash: s: command not found...\r\n", 31) = 31
1521876201.343597 clock_gettime(CLOCK_BOOTTIME, {1030, 332742065}) = 0
1521876201.343612 clock_gettime(CLOCK_BOOTTIME, {1030, 332755628}) = 0
1521876201.343624 select(8, [4 5], [], NULL, NULL) = 1 (in [4])
1521876201.343687 clock_gettime(CLOCK_BOOTTIME, {1030, 332831890}) = 0
1521876201.343701 read(4, "\264\25\312\215E\245\237\r\365\277\325\31n\370\3\272\324`n\301\201X,E`\317\311\347\rq\2\362"..., 8192) = 76
1521876201.343753 clock_gettime(CLOCK_BOOTTIME, {1030, 332898230}) = 0
1521876201.343767 clock_gettime(CLOCK_BOOTTIME, {1030, 332910705}) = 0
1521876201.343779 select(8, [4 5], [6], NULL, NULL) = 1 (out [6])
1521876201.343797 clock_gettime(CLOCK_BOOTTIME, {1030, 332941138}) = 0
1521876201.343809 write(6, "\33]0;jacob@study:~\7[jacob@study ~"..., 35) = 35
1521876201.343881 clock_gettime(CLOCK_BOOTTIME, {1030, 333025375}) = 0
1521876201.343895 clock_gettime(CLOCK_BOOTTIME, {1030, 333038979}) = 0
1521876201.343907 select(8, [4 5], [], NULL, NULL) = 1 (in [5])
1521876202.402755 clock_gettime(CLOCK_BOOTTIME, {1031, 391901989}) = 0
1521876202.402775 read(5, "\4", 16384)  = 1
1521876202.402803 clock_gettime(CLOCK_BOOTTIME, {1031, 391947479}) = 0
1521876202.402816 clock_gettime(CLOCK_BOOTTIME, {1031, 391960256}) = 0
1521876202.402829 select(8, [4 5], [4], NULL, NULL) = 1 (out [4])
1521876202.402861 clock_gettime(CLOCK_BOOTTIME, {1031, 392005663}) = 0
1521876202.402875 write(4, "\211j{\17\246=\r\240\313M\177l\217\367\355\205^\220\226\210\21\276ck\341\343\236:\274\357\362-"..., 36) = 36
1521876202.402959 clock_gettime(CLOCK_BOOTTIME, {1031, 392103897}) = 0
1521876202.402973 clock_gettime(CLOCK_BOOTTIME, {1031, 392117581}) = 0
1521876202.402986 select(8, [4 5], [], NULL, NULL) = 1 (in [4])
1521876202.403702 clock_gettime(CLOCK_BOOTTIME, {1031, 392847533}) = 0
1521876202.403717 read(4, "!<v+[6\321\355l'\10}\2\355A\332\365\372<\307H\243\th9\356\210Q+?\236\252"..., 8192) = 220
1521876202.403743 close(5)              = 0
1521876202.403761 clock_gettime(CLOCK_BOOTTIME, {1031, 392905969}) = 0
1521876202.403775 clock_gettime(CLOCK_BOOTTIME, {1031, 392918621}) = 0
1521876202.403787 select(8, [4], [6], NULL, NULL) = 1 (out [6])
1521876202.403805 clock_gettime(CLOCK_BOOTTIME, {1031, 392948995}) = 0
1521876202.403817 write(6, "logout\r\n", 8) = 8
1521876202.403922 clock_gettime(CLOCK_BOOTTIME, {1031, 393066547}) = 0
1521876202.403936 clock_gettime(CLOCK_BOOTTIME, {1031, 393080335}) = 0
1521876202.403949 close(6)              = 0
1521876202.403962 ioctl(0, SNDCTL_TMR_STOP or TCSETSW, {B38400 opost isig icanon echo ...}) = 0
1521876202.403993 close(7)              = 0
1521876202.404006 select(8, [4], [4], NULL, NULL) = 1 (out [4])
1521876202.404023 clock_gettime(CLOCK_BOOTTIME, {1031, 393167412}) = 0
1521876202.404036 write(4, "G\216\353\307\320x\217\255\326E\276z\265l\246\343\313=:.GD\340~d\326\t\240\337KP^"..., 36) = 36
1521876202.404088 rt_sigaction(SIGWINCH, NULL, {0x56075c643430, [], SA_RESTORER, 0x7f709e00f270}, 8) = 0
1521876202.404104 rt_sigaction(SIGWINCH, {SIG_DFL, [], SA_RESTORER, 0x7f709e00f270}, NULL, 8) = 0
1521876202.404120 write(4, "\224q\353e\2464\306\3671\2629\256\265\3\226\226\345\6zN\220\245\232K#\35C3o\322\244+"..., 60) = 60
1521876202.404169 ioctl(0, TCGETS, {B38400 opost isig icanon echo ...}) = 0
1521876202.404184 ioctl(1, TCGETS, {B38400 opost isig icanon echo ...}) = 0
1521876202.404197 ioctl(2, TCGETS, {B38400 opost isig icanon echo ...}) = 0
1521876202.404212 write(2, "Connection to 192.168.125.180 cl"..., 39) = 39
1521876202.404296 shutdown(4, SHUT_RDWR) = 0
1521876202.404344 close(4)              = 0
1521876202.404597 exit_group(127)       = ?
1521876202.404916 +++ exited with 127 +++
