1521876097.599228 select(8, [4], [], NULL, NULL) = 1 (in [4])
1521876097.602790 clock_gettime(CLOCK_BOOTTIME, {926, 591979716}) = 0
1521876097.602892 read(4, "\266\254\302\36\351\352v\364\303\277\371\255\366\21\333\320\2\30\254u\216q}e.\247_\2670n\210@"..., 8192) = 108
1521876097.602957 clock_gettime(CLOCK_BOOTTIME, {926, 592102010}) = 0
1521876097.602972 clock_gettime(CLOCK_BOOTTIME, {926, 592116427}) = 0
1521876097.602986 select(8, [4 5], [], NULL, NULL) = 1 (in [4])
1521876097.604976 clock_gettime(CLOCK_BOOTTIME, {926, 594121767}) = 0
1521876097.604992 read(4, "\10\201:+Y\225\222\267\246Fbn\315K\237T&u\n\2600\260I\377O\35\270ZG\36\372\f"..., 8192) = 92
1521876097.605082 clock_gettime(CLOCK_BOOTTIME, {926, 594228059}) = 0
1521876097.605098 clock_gettime(CLOCK_BOOTTIME, {926, 594241961}) = 0
1521876097.605111 select(8, [4 5], [6], NULL, NULL) = 1 (out [6])
1521876097.605133 clock_gettime(CLOCK_BOOTTIME, {926, 594277408}) = 0
1521876097.605146 write(6, "Last login: Sat Mar 24 15:10:33 "..., 58) = 58
1521876097.605194 clock_gettime(CLOCK_BOOTTIME, {926, 594341171}) = 0
1521876097.605219 clock_gettime(CLOCK_BOOTTIME, {926, 594365968}) = 0
1521876097.605239 select(8, [4 5], [], NULL, NULL) = 1 (in [4])
1521876097.823558 clock_gettime(CLOCK_BOOTTIME, {926, 812705747}) = 0
1521876097.823579 read(4, "]\320\r\324\210x\225;\373\226\7\337r\273\r9\227\251_'X\332\214\267\321_\246Bh%\213\217"..., 8192) = 84
1521876097.823611 clock_gettime(CLOCK_BOOTTIME, {926, 812756036}) = 0
1521876097.823626 clock_gettime(CLOCK_BOOTTIME, {926, 812769977}) = 0
1521876097.823639 select(8, [4 5], [6], NULL, NULL) = 1 (out [6])
1521876097.823661 clock_gettime(CLOCK_BOOTTIME, {926, 812805685}) = 0
1521876097.823675 write(6, "\33]0;jacob@study:~\7\33[?1034h[jacob"..., 43) = 43
1521876097.823718 clock_gettime(CLOCK_BOOTTIME, {926, 812863048}) = 0
1521876097.823732 clock_gettime(CLOCK_BOOTTIME, {926, 812876514}) = 0
1521876097.823745 select(8, [4 5], [], NULL, NULL) = 1 (in [5])
1521876099.694724 clock_gettime(CLOCK_BOOTTIME, {928, 683870880}) = 0
1521876099.694743 read(5, "l", 16384)   = 1
1521876099.694773 clock_gettime(CLOCK_BOOTTIME, {928, 683917878}) = 0
1521876099.694787 clock_gettime(CLOCK_BOOTTIME, {928, 683931263}) = 0
1521876099.694800 select(8, [4 5], [4], NULL, NULL) = 1 (out [4])
1521876099.694820 clock_gettime(CLOCK_BOOTTIME, {928, 683964424}) = 0
1521876099.694833 write(4, "\201\320\241\304\340\275\347GeN\364\353\347\254\325\332\242\212!88\323\306\4)y3\206U4\373\220"..., 36) = 36
1521876099.694909 clock_gettime(CLOCK_BOOTTIME, {928, 684054300}) = 0
1521876099.694924 clock_gettime(CLOCK_BOOTTIME, {928, 684068509}) = 0
1521876099.694937 select(8, [4 5], [], NULL, NULL) = 1 (in [4])
1521876099.695415 clock_gettime(CLOCK_BOOTTIME, {928, 684561094}) = 0
1521876099.695431 read(4, "'9\300\232\203\316Eh\324\204\377\324^\353!\10z\217\6\7\367\245]%\247\231\336\304Q\347\300\6"..., 8192) = 36
1521876099.695454 clock_gettime(CLOCK_BOOTTIME, {928, 684599177}) = 0
1521876099.695468 clock_gettime(CLOCK_BOOTTIME, {928, 684612373}) = 0
1521876099.695481 select(8, [4 5], [6], NULL, NULL) = 1 (out [6])
1521876099.695501 clock_gettime(CLOCK_BOOTTIME, {928, 684645193}) = 0
1521876099.695514 write(6, "l", 1)      = 1
1521876099.695550 clock_gettime(CLOCK_BOOTTIME, {928, 684694659}) = 0
1521876099.695564 clock_gettime(CLOCK_BOOTTIME, {928, 684708637}) = 0
1521876099.695577 select(8, [4 5], [], NULL, NULL) = 1 (in [5])
1521876099.807157 clock_gettime(CLOCK_BOOTTIME, {928, 796303241}) = 0
1521876099.807175 read(5, "s", 16384)   = 1
1521876099.807199 clock_gettime(CLOCK_BOOTTIME, {928, 796344083}) = 0
1521876099.807213 clock_gettime(CLOCK_BOOTTIME, {928, 796356960}) = 0
1521876099.807226 select(8, [4 5], [4], NULL, NULL) = 1 (out [4])
1521876099.807246 clock_gettime(CLOCK_BOOTTIME, {928, 796389801}) = 0
1521876099.807259 write(4, "fEx\372\302\367\24Q\261\227\306\223;s\"\"\212\243\30\277o\257,#\324h(<\347\2120\217"..., 36) = 36
1521876099.807328 clock_gettime(CLOCK_BOOTTIME, {928, 796473124}) = 0
1521876099.807343 clock_gettime(CLOCK_BOOTTIME, {928, 796486856}) = 0
1521876099.807355 select(8, [4 5], [], NULL, NULL) = 1 (in [4])
1521876099.807701 clock_gettime(CLOCK_BOOTTIME, {928, 796845600}) = 0
1521876099.807715 read(4, "\357B\27\16\377k\335\177\246.1\344\36\24\307\224\375iO\27\254\227\247\200\326&\337\256\350\273\0344"..., 8192) = 36
1521876099.807736 clock_gettime(CLOCK_BOOTTIME, {928, 796880648}) = 0
1521876099.807749 clock_gettime(CLOCK_BOOTTIME, {928, 796893168}) = 0
1521876099.807762 select(8, [4 5], [6], NULL, NULL) = 1 (out [6])
1521876099.807780 clock_gettime(CLOCK_BOOTTIME, {928, 796923898}) = 0
1521876099.807792 write(6, "s", 1)      = 1
1521876099.807826 clock_gettime(CLOCK_BOOTTIME, {928, 796970407}) = 0
1521876099.807839 clock_gettime(CLOCK_BOOTTIME, {928, 796983383}) = 0
1521876099.807852 select(8, [4 5], [], NULL, NULL) = 1 (in [5])
1521876099.942843 clock_gettime(CLOCK_BOOTTIME, {928, 931989787}) = 0
1521876099.942861 read(5, "\r", 16384)  = 1
1521876099.942933 clock_gettime(CLOCK_BOOTTIME, {928, 932078734}) = 0
1521876099.942948 clock_gettime(CLOCK_BOOTTIME, {928, 932091980}) = 0
1521876099.942961 select(8, [4 5], [4], NULL, NULL) = 1 (out [4])
1521876099.942981 clock_gettime(CLOCK_BOOTTIME, {928, 932125663}) = 0
1521876099.942994 write(4, "\372~\373\"u\0174$\243Z<\330\307\315\312\341\5+/\207\237\236\225\321k\214\2023k\245\376&"..., 36) = 36
1521876099.943067 clock_gettime(CLOCK_BOOTTIME, {928, 932211507}) = 0
1521876099.943081 clock_gettime(CLOCK_BOOTTIME, {928, 932225251}) = 0
1521876099.943096 select(8, [4 5], [], NULL, NULL) = 1 (in [4])
1521876099.944473 clock_gettime(CLOCK_BOOTTIME, {928, 933618628}) = 0
1521876099.944489 read(4, "\336\265X\247\331w\177\246\365uq#O\313m\364\246m%\273\245\245\335m\202d(Uy0\220\t"..., 8192) = 36
1521876099.944511 clock_gettime(CLOCK_BOOTTIME, {928, 933655782}) = 0
1521876099.944524 clock_gettime(CLOCK_BOOTTIME, {928, 933668571}) = 0
1521876099.944537 select(8, [4 5], [6], NULL, NULL) = 1 (out [6])
1521876099.944557 clock_gettime(CLOCK_BOOTTIME, {928, 933701427}) = 0
1521876099.944570 write(6, "\r\n", 2)   = 2
1521876099.944618 clock_gettime(CLOCK_BOOTTIME, {928, 933765419}) = 0
1521876099.944640 clock_gettime(CLOCK_BOOTTIME, {928, 933786944}) = 0
1521876099.944662 select(8, [4 5], [], NULL, NULL) = 1 (in [4])
1521876099.971887 clock_gettime(CLOCK_BOOTTIME, {928, 961033925}) = 0
1521876099.971906 read(4, "\364\271\233\315\326\370U]\265\376\305\321`\206EOP\261;\272b\300\365\4\257\241\t\277\215\363\344V"..., 8192) = 220
1521876099.972017 clock_gettime(CLOCK_BOOTTIME, {928, 961162643}) = 0
1521876099.972032 clock_gettime(CLOCK_BOOTTIME, {928, 961175985}) = 0
1521876099.972045 select(8, [4 5], [6], NULL, NULL) = 2 (in [4], out [6])
1521876099.972066 clock_gettime(CLOCK_BOOTTIME, {928, 961210763}) = 0
1521876099.972079 write(6, "\33[0m\33[01;34mtmp\33[0m  \33[01;34m\344\270\213"..., 181) = 181
1521876099.972116 read(4, "\235W{\274\207\331\236 S<>L\307\31\375\226*\304\5u\334\376\220\332<jt\370q\201\250\224"..., 8192) = 76
1521876099.972136 clock_gettime(CLOCK_BOOTTIME, {928, 961280568}) = 0
1521876099.972149 clock_gettime(CLOCK_BOOTTIME, {928, 961293334}) = 0
1521876099.972162 select(8, [4 5], [6], NULL, NULL) = 1 (out [6])
1521876099.972180 clock_gettime(CLOCK_BOOTTIME, {928, 961324259}) = 0
1521876099.972193 write(6, "\33]0;jacob@study:~\7[jacob@study ~"..., 35) = 35
1521876099.972209 clock_gettime(CLOCK_BOOTTIME, {928, 961353766}) = 0
1521876099.972222 clock_gettime(CLOCK_BOOTTIME, {928, 961366300}) = 0
1521876099.972235 select(8, [4 5], [], NULL, NULL) = 1 (in [5])
1521876100.247173 clock_gettime(CLOCK_BOOTTIME, {929, 236319411}) = 0
1521876100.247191 read(5, "l", 16384)   = 1
1521876100.247217 clock_gettime(CLOCK_BOOTTIME, {929, 236362004}) = 0
1521876100.247231 clock_gettime(CLOCK_BOOTTIME, {929, 236374885}) = 0
1521876100.247244 select(8, [4 5], [4], NULL, NULL) = 1 (out [4])
1521876100.247264 clock_gettime(CLOCK_BOOTTIME, {929, 236408211}) = 0
1521876100.247277 write(4, "\0104\201\257\10\240\267\372^H\303\275\201\251j\315{E\337\350&xC\315B\250'\32/\242\345\n"..., 36) = 36
1521876100.247342 clock_gettime(CLOCK_BOOTTIME, {929, 236486804}) = 0
1521876100.247382 clock_gettime(CLOCK_BOOTTIME, {929, 236527390}) = 0
1521876100.247397 select(8, [4 5], [], NULL, NULL) = 1 (in [4])
1521876100.247774 clock_gettime(CLOCK_BOOTTIME, {929, 236923279}) = 0
1521876100.247801 read(4, "?5\313#B\\\364\255\204\223\254@\36\372\\\325\200\3471\313/\307M\22[M8GC\33\267\343"..., 8192) = 36
1521876100.247824 clock_gettime(CLOCK_BOOTTIME, {929, 236968867}) = 0
1521876100.247837 clock_gettime(CLOCK_BOOTTIME, {929, 236981700}) = 0
1521876100.247850 select(8, [4 5], [6], NULL, NULL) = 1 (out [6])
1521876100.247870 clock_gettime(CLOCK_BOOTTIME, {929, 237058198}) = 0
1521876100.247941 write(6, "l", 1)      = 1
1521876100.247988 clock_gettime(CLOCK_BOOTTIME, {929, 237135164}) = 0
1521876100.248010 clock_gettime(CLOCK_BOOTTIME, {929, 237156868}) = 0
1521876100.248032 select(8, [4 5], [], NULL, NULL) = 1 (in [5])
1521876100.382982 clock_gettime(CLOCK_BOOTTIME, {929, 372128378}) = 0
1521876100.383000 read(5, "s", 16384)   = 1
1521876100.383027 clock_gettime(CLOCK_BOOTTIME, {929, 372171607}) = 0
1521876100.383040 clock_gettime(CLOCK_BOOTTIME, {929, 372184731}) = 0
1521876100.383054 select(8, [4 5], [4], NULL, NULL) = 1 (out [4])
1521876100.383073 clock_gettime(CLOCK_BOOTTIME, {929, 372217391}) = 0
1521876100.383086 write(4, "`\371{CX\305\255\226\376e\373ogw\323'\344\0257\237\336\341\235\32\16\265\320\r\206K\30Y"..., 36) = 36
1521876100.383152 clock_gettime(CLOCK_BOOTTIME, {929, 372296874}) = 0
1521876100.383166 clock_gettime(CLOCK_BOOTTIME, {929, 372310582}) = 0
1521876100.383179 select(8, [4 5], [], NULL, NULL) = 1 (in [4])
1521876100.383654 clock_gettime(CLOCK_BOOTTIME, {929, 372802013}) = 0
1521876100.383679 read(4, "\27\265\10\223\320\244\242\222\23F~\324\346\25\247\276\200\305\214\307:\334\307\336\216\332\305~\337a\314\237"..., 8192) = 36
1521876100.383705 clock_gettime(CLOCK_BOOTTIME, {929, 372850015}) = 0
1521876100.383719 clock_gettime(CLOCK_BOOTTIME, {929, 372863013}) = 0
1521876100.383732 select(8, [4 5], [6], NULL, NULL) = 1 (out [6])
1521876100.383778 clock_gettime(CLOCK_BOOTTIME, {929, 372922346}) = 0
1521876100.383791 write(6, "s", 1)      = 1
1521876100.383834 clock_gettime(CLOCK_BOOTTIME, {929, 372981339}) = 0
1521876100.383856 clock_gettime(CLOCK_BOOTTIME, {929, 373002313}) = 0
1521876100.383877 select(8, [4 5], [], NULL, NULL) = 1 (in [5])
1521876100.487320 clock_gettime(CLOCK_BOOTTIME, {929, 476466199}) = 0
1521876100.487338 read(5, "\r", 16384)  = 1
1521876100.487364 clock_gettime(CLOCK_BOOTTIME, {929, 476509206}) = 0
1521876100.487378 clock_gettime(CLOCK_BOOTTIME, {929, 476522112}) = 0
1521876100.487391 select(8, [4 5], [4], NULL, NULL) = 1 (out [4])
1521876100.487411 clock_gettime(CLOCK_BOOTTIME, {929, 476555173}) = 0
1521876100.487424 write(4, "\330\230\200\263\3617YP\325,\364<\225+@U8t\272\207o\24i\306\23\347\0109JW\267\265"..., 36) = 36
1521876100.487488 clock_gettime(CLOCK_BOOTTIME, {929, 476632840}) = 0
1521876100.487502 clock_gettime(CLOCK_BOOTTIME, {929, 476646390}) = 0
1521876100.487515 select(8, [4 5], [], NULL, NULL) = 1 (in [4])
1521876100.488384 clock_gettime(CLOCK_BOOTTIME, {929, 477529690}) = 0
1521876100.488400 read(4, "W\321\347t\303\317\352\314\374\260\346\307-\233\250\210\206\255-B\27\350\2\336T:\246\264\f\266\363\35"..., 8192) = 36
1521876100.488423 clock_gettime(CLOCK_BOOTTIME, {929, 477568316}) = 0
1521876100.488437 clock_gettime(CLOCK_BOOTTIME, {929, 477581309}) = 0
1521876100.488450 select(8, [4 5], [6], NULL, NULL) = 1 (out [6])
1521876100.488469 clock_gettime(CLOCK_BOOTTIME, {929, 477613799}) = 0
1521876100.488482 write(6, "\r\n", 2)   = 2
1521876100.488520 clock_gettime(CLOCK_BOOTTIME, {929, 477665222}) = 0
1521876100.488534 clock_gettime(CLOCK_BOOTTIME, {929, 477678572}) = 0
1521876100.488551 select(8, [4 5], [], NULL, NULL) = 1 (in [4])
1521876100.489564 clock_gettime(CLOCK_BOOTTIME, {929, 478713688}) = 0
1521876100.489591 read(4, "\222v\331\257LM\310\206\231\345\326\231O\366\36\v\221\332\363\315\235j\16\"P\17\245)\\\301\361`"..., 8192) = 220
1521876100.489628 clock_gettime(CLOCK_BOOTTIME, {929, 478775949}) = 0
1521876100.489651 clock_gettime(CLOCK_BOOTTIME, {929, 478810462}) = 0
1521876100.489682 select(8, [4 5], [6], NULL, NULL) = 1 (out [6])
1521876100.489702 clock_gettime(CLOCK_BOOTTIME, {929, 478846468}) = 0
1521876100.489716 write(6, "\33[0m\33[01;34mtmp\33[0m  \33[01;34m\344\270\213"..., 181) = 181
1521876100.489854 clock_gettime(CLOCK_BOOTTIME, {929, 478999169}) = 0
1521876100.489869 clock_gettime(CLOCK_BOOTTIME, {929, 479013153}) = 0
1521876100.489882 select(8, [4 5], [], NULL, NULL) = 1 (in [4])
1521876100.489901 clock_gettime(CLOCK_BOOTTIME, {929, 479045067}) = 0
1521876100.489914 read(4, "]t]\240\250I\16\316g\344K\223\3056\262CM]\214\245\322\346\254Rw\300Y.u\326(\234"..., 8192) = 76
1521876100.489943 clock_gettime(CLOCK_BOOTTIME, {929, 479091023}) = 0
1521876100.489960 clock_gettime(CLOCK_BOOTTIME, {929, 479104680}) = 0
1521876100.489974 select(8, [4 5], [6], NULL, NULL) = 1 (out [6])
1521876100.490015 clock_gettime(CLOCK_BOOTTIME, {929, 479161803}) = 0
1521876100.490032 write(6, "\33]0;jacob@study:~\7[jacob@study ~"..., 35) = 35
1521876100.490076 clock_gettime(CLOCK_BOOTTIME, {929, 479221514}) = 0
1521876100.490095 clock_gettime(CLOCK_BOOTTIME, {929, 479241257}) = 0
1521876100.490117 select(8, [4 5], [], NULL, NULL) = 1 (in [5])
1521876100.831055 clock_gettime(CLOCK_BOOTTIME, {929, 820201389}) = 0
1521876100.831073 read(5, "l", 16384)   = 1
1521876100.831097 clock_gettime(CLOCK_BOOTTIME, {929, 820241807}) = 0
1521876100.831111 clock_gettime(CLOCK_BOOTTIME, {929, 820254763}) = 0
1521876100.831124 select(8, [4 5], [4], NULL, NULL) = 1 (out [4])
1521876100.831143 clock_gettime(CLOCK_BOOTTIME, {929, 820287253}) = 0
1521876100.831156 write(4, "\256\3O\315\30\24\306\7\340\242\366>Y\255\235\375j\356.\317\260\26\253\237r\16\307<!X\3\265"..., 36) = 36
1521876100.831226 clock_gettime(CLOCK_BOOTTIME, {929, 820370815}) = 0
1521876100.831240 clock_gettime(CLOCK_BOOTTIME, {929, 820384494}) = 0
1521876100.831274 select(8, [4 5], [], NULL, NULL) = 1 (in [4])
1521876100.831671 clock_gettime(CLOCK_BOOTTIME, {929, 820816469}) = 0
1521876100.831686 read(4, "\257\346\346\1\204Y_k\3370\210\256!\213\277\230\320\254\227=u\240\371\30\241\0\22+\25\263\341,"..., 8192) = 36
1521876100.831708 clock_gettime(CLOCK_BOOTTIME, {929, 820852573}) = 0
1521876100.831721 clock_gettime(CLOCK_BOOTTIME, {929, 820865307}) = 0
1521876100.831734 select(8, [4 5], [6], NULL, NULL) = 1 (out [6])
1521876100.831752 clock_gettime(CLOCK_BOOTTIME, {929, 820896810}) = 0
1521876100.831765 write(6, "l", 1)      = 1
1521876100.831800 clock_gettime(CLOCK_BOOTTIME, {929, 820944566}) = 0
1521876100.831814 clock_gettime(CLOCK_BOOTTIME, {929, 820957769}) = 0
1521876100.831826 select(8, [4 5], [], NULL, NULL) = 1 (in [5])
1521876100.950942 clock_gettime(CLOCK_BOOTTIME, {929, 940089156}) = 0
1521876100.950962 read(5, "s", 16384)   = 1
1521876100.950986 clock_gettime(CLOCK_BOOTTIME, {929, 940130946}) = 0
1521876100.951000 clock_gettime(CLOCK_BOOTTIME, {929, 940144317}) = 0
1521876100.951013 select(8, [4 5], [4], NULL, NULL) = 1 (out [4])
1521876100.951033 clock_gettime(CLOCK_BOOTTIME, {929, 940177796}) = 0
1521876100.951047 write(4, "n\f=9{+\"!\215\272\23\270\213~\245:\263\346\21\3051\0065(7\256\314hK\20/\251"..., 36) = 36
1521876100.951113 clock_gettime(CLOCK_BOOTTIME, {929, 940257272}) = 0
1521876100.951127 clock_gettime(CLOCK_BOOTTIME, {929, 940271078}) = 0
1521876100.951140 select(8, [4 5], [], NULL, NULL) = 1 (in [4])
1521876100.951566 clock_gettime(CLOCK_BOOTTIME, {929, 940714741}) = 0
1521876100.951592 read(4, "FC\225\230\260\24Q ?\274gG&f\377r!\202\211\246\272B\23bc\276\36\237\235\307W\225"..., 8192) = 36
1521876100.951616 clock_gettime(CLOCK_BOOTTIME, {929, 940761361}) = 0
1521876100.951630 clock_gettime(CLOCK_BOOTTIME, {929, 940774481}) = 0
1521876100.951643 select(8, [4 5], [6], NULL, NULL) = 1 (out [6])
1521876100.951663 clock_gettime(CLOCK_BOOTTIME, {929, 940807310}) = 0
1521876100.951676 write(6, "s", 1)      = 1
1521876100.951718 clock_gettime(CLOCK_BOOTTIME, {929, 940865713}) = 0
1521876100.951741 clock_gettime(CLOCK_BOOTTIME, {929, 940887614}) = 0
1521876100.951762 select(8, [4 5], [], NULL, NULL) = 1 (in [5])
1521876101.054331 clock_gettime(CLOCK_BOOTTIME, {930, 43484290}) = 0
1521876101.054357 read(5, "\r", 16384)  = 1
1521876101.054383 clock_gettime(CLOCK_BOOTTIME, {930, 43527649}) = 0
1521876101.054396 clock_gettime(CLOCK_BOOTTIME, {930, 43540890}) = 0
1521876101.054410 select(8, [4 5], [4], NULL, NULL) = 1 (out [4])
1521876101.054431 clock_gettime(CLOCK_BOOTTIME, {930, 43575076}) = 0
1521876101.054444 write(4, "\261\301\240\276;\2406\0\365\361\365\331\361`\35\321.\207\306 \31t:\21\225QA\4`(Q\353"..., 36) = 36
1521876101.054511 clock_gettime(CLOCK_BOOTTIME, {930, 43656092}) = 0
1521876101.054526 clock_gettime(CLOCK_BOOTTIME, {930, 43670360}) = 0
1521876101.054540 select(8, [4 5], [], NULL, NULL) = 1 (in [4])
1521876101.055249 clock_gettime(CLOCK_BOOTTIME, {930, 44394066}) = 0
1521876101.055264 read(4, "\227\211\343\205\245\321rW\30`\7\10!$\351\372\0068\321m\257\222f\24Z#\251F\235oVz"..., 8192) = 36
1521876101.055286 clock_gettime(CLOCK_BOOTTIME, {930, 44430700}) = 0
1521876101.055299 clock_gettime(CLOCK_BOOTTIME, {930, 44443431}) = 0
1521876101.055312 select(8, [4 5], [6], NULL, NULL) = 1 (out [6])
1521876101.055331 clock_gettime(CLOCK_BOOTTIME, {930, 44475065}) = 0
1521876101.055344 write(6, "\r\n", 2)   = 2
1521876101.055386 clock_gettime(CLOCK_BOOTTIME, {930, 44533883}) = 0
1521876101.055409 clock_gettime(CLOCK_BOOTTIME, {930, 44555004}) = 0
1521876101.055430 select(8, [4 5], [], NULL, NULL) = 1 (in [4])
1521876101.056347 clock_gettime(CLOCK_BOOTTIME, {930, 45493231}) = 0
1521876101.056365 read(4, "X\247\2570\307 \347!\245\340\353% \255\304\311X7\310\220\327\0\247\10\232\306\256u:\3516\221"..., 8192) = 220
1521876101.056393 clock_gettime(CLOCK_BOOTTIME, {930, 45539091}) = 0
1521876101.056410 clock_gettime(CLOCK_BOOTTIME, {930, 45555664}) = 0
1521876101.056427 select(8, [4 5], [6], NULL, NULL) = 1 (out [6])
1521876101.056451 clock_gettime(CLOCK_BOOTTIME, {930, 45596248}) = 0
1521876101.056468 write(6, "\33[0m\33[01;34mtmp\33[0m  \33[01;34m\344\270\213"..., 181) = 181
1521876101.056586 clock_gettime(CLOCK_BOOTTIME, {930, 45732529}) = 0
1521876101.056605 clock_gettime(CLOCK_BOOTTIME, {930, 45750803}) = 0
1521876101.056622 select(8, [4 5], [], NULL, NULL) = 1 (in [4])
1521876101.056646 clock_gettime(CLOCK_BOOTTIME, {930, 45791303}) = 0
1521876101.056665 read(4, "\1#\fn\33\244@\304\235+<\370\26h!\v\320\224R\204ao\177\272(\346\236\316\357\206\35\16"..., 8192) = 76
1521876101.056717 clock_gettime(CLOCK_BOOTTIME, {930, 45864504}) = 0
1521876101.056737 clock_gettime(CLOCK_BOOTTIME, {930, 45882626}) = 0
1521876101.056754 select(8, [4 5], [6], NULL, NULL) = 1 (out [6])
1521876101.056777 clock_gettime(CLOCK_BOOTTIME, {930, 45923006}) = 0
1521876101.056794 write(6, "\33]0;jacob@study:~\7[jacob@study ~"..., 35) = 35
1521876101.056836 clock_gettime(CLOCK_BOOTTIME, {930, 45981768}) = 0
1521876101.056854 clock_gettime(CLOCK_BOOTTIME, {930, 45999175}) = 0
1521876101.056870 select(8, [4 5], [], NULL, NULL) = 1 (in [5])
1521876120.014102 clock_gettime(CLOCK_BOOTTIME, {949, 3249671}) = 0
1521876120.014122 read(5, "\4", 16384)  = 1
1521876120.014147 clock_gettime(CLOCK_BOOTTIME, {949, 3291913}) = 0
1521876120.014161 clock_gettime(CLOCK_BOOTTIME, {949, 3304964}) = 0
1521876120.014174 select(8, [4 5], [4], NULL, NULL) = 1 (out [4])
1521876120.014193 clock_gettime(CLOCK_BOOTTIME, {949, 3337782}) = 0
1521876120.014206 write(4, "\2\342\232,\207\202\247\221\306V\326\303\177q*\201F\266\342\\u?N-\377\374\244H\304 Z\350"..., 36) = 36
1521876120.014302 clock_gettime(CLOCK_BOOTTIME, {949, 3448861}) = 0
1521876120.014323 clock_gettime(CLOCK_BOOTTIME, {949, 3469511}) = 0
1521876120.014339 select(8, [4 5], [], NULL, NULL) = 1 (in [4])
1521876120.015177 clock_gettime(CLOCK_BOOTTIME, {949, 4321985}) = 0
1521876120.015191 read(4, "\221\306 \16\205\343\272\206\200\27$\23\5\276\204\272\200$\325E\363\33\t/8\253\223\240\223\254<\t"..., 8192) = 44
1521876120.015216 clock_gettime(CLOCK_BOOTTIME, {949, 4360987}) = 0
1521876120.015230 clock_gettime(CLOCK_BOOTTIME, {949, 4373898}) = 0
1521876120.015243 select(8, [4 5], [6], NULL, NULL) = 1 (out [6])
1521876120.015275 clock_gettime(CLOCK_BOOTTIME, {949, 4419649}) = 0
1521876120.015289 write(6, "logout\r\n", 8) = 8
1521876120.015325 clock_gettime(CLOCK_BOOTTIME, {949, 4469593}) = 0
1521876120.015339 clock_gettime(CLOCK_BOOTTIME, {949, 4482891}) = 0
1521876120.015351 select(8, [4 5], [], NULL, NULL) = 1 (in [4])
1521876120.036857 clock_gettime(CLOCK_BOOTTIME, {949, 26007835}) = 0
1521876120.036888 read(4, "T,g~w\272\33\213*\372\347\240\21\356dRw$\246\366\202\203&\331\326\261\247\242\213\277{\342"..., 8192) = 176
1521876120.036939 close(5)              = 0
1521876120.037036 close(6)              = 0
1521876120.037052 clock_gettime(CLOCK_BOOTTIME, {949, 26198263}) = 0
1521876120.037071 clock_gettime(CLOCK_BOOTTIME, {949, 26215468}) = 0
1521876120.037086 ioctl(0, SNDCTL_TMR_STOP or TCSETSW, {B38400 opost isig icanon echo ...}) = 0
1521876120.037291 close(7)              = 0
1521876120.037306 select(8, [4], [4], NULL, NULL) = 1 (out [4])
1521876120.037326 clock_gettime(CLOCK_BOOTTIME, {949, 26470962}) = 0
1521876120.037340 write(4, "\30f\365\347K\314\34\212\223\223\274\300H\242\367\36O\224\\#\t!jq$w\314\262\314\325\0061"..., 36) = 36
1521876120.037416 rt_sigaction(SIGWINCH, NULL, {0x563509645430, [], SA_RESTORER, 0x7fa9ea4e7270}, 8) = 0
1521876120.037509 rt_sigaction(SIGWINCH, {SIG_DFL, [], SA_RESTORER, 0x7fa9ea4e7270}, NULL, 8) = 0
1521876120.037526 write(4, "$\251\3\327R\320f\2230v9\33\32@M\312\315\0\0A\327\343\241\4%1\241CO] #"..., 60) = 60
1521876120.037591 ioctl(0, TCGETS, {B38400 opost isig icanon echo ...}) = 0
1521876120.037609 ioctl(1, TCGETS, {B38400 opost isig icanon echo ...}) = 0
1521876120.037622 ioctl(2, TCGETS, {B38400 opost isig icanon echo ...}) = 0
1521876120.037638 write(2, "Connection to 192.168.125.180 cl"..., 39) = 39
1521876120.037709 shutdown(4, SHUT_RDWR) = 0
1521876120.037861 close(4)              = 0
1521876120.038255 exit_group(0)         = ?
1521876120.038812 +++ exited with 0 +++
