1521876121.403590 select(5, [4], NULL, NULL, NULL) = 1 (in [4])
1521876121.434100 read(4, " k\rP\24\23\221P\2441\6\355\260\321\252\217K,\232|\363V\207\217{\354\362\246\201B\333\335"..., 8192) = 44
1521876121.434141 write(4, "\\\347\325\2670\267\343cu \324M\371\16\326=g\334'\204kQf'w\223\353}\214\325\314\311"..., 68) = 68
1521876121.434207 select(5, [4], NULL, NULL, NULL) = 1 (in [4])
1521876121.435087 read(4, "\7\340\201jF\364\236`\3131\254\340\263\325\363\332\366\303\241=a\255\233\344\33\222Z\35M\200}\371"..., 8192) = 84
1521876121.435140 futex(0x7faeec328530, FUTEX_WAKE_PRIVATE, 2147483647) = 0
1521876121.435240 futex(0x7faeec3283d0, FUTEX_WAKE_PRIVATE, 2147483647) = 0
1521876121.435275 futex(0x7faeee905fa0, FUTEX_WAKE_PRIVATE, 2147483647) = 0
1521876121.435294 lstat("/etc/gss/mech", 0x7fff165519d0) = -1 ENOENT (No such file or directory)
1521876121.435343 openat(AT_FDCWD, "/etc/gss/mech.d", O_RDONLY|O_NONBLOCK|O_DIRECTORY|O_CLOEXEC) = 5
1521876121.435441 getdents(5, /* 3 entries */, 32768) = 88
1521876121.435474 open("/usr/lib64/gconv/gconv-modules.cache", O_RDONLY) = 6
1521876121.435495 fstat(6, {st_mode=S_IFREG|0644, st_size=26254, ...}) = 0
1521876121.435577 mmap(NULL, 26254, PROT_READ, MAP_SHARED, 6, 0) = 0x7faef027c000
1521876121.435625 close(6)              = 0
1521876121.435638 futex(0x7faeedf95a80, FUTEX_WAKE_PRIVATE, 2147483647) = 0
1521876121.435665 getdents(5, /* 0 entries */, 32768) = 0
1521876121.435679 close(5)              = 0
1521876121.435694 lstat("/etc/gss/mech.d/gssproxy.conf", {st_mode=S_IFREG|0644, st_size=189, ...}) = 0
1521876121.435721 open("/etc/gss/mech.d/gssproxy.conf", O_RDONLY) = 5
1521876121.435741 fstat(5, {st_mode=S_IFREG|0644, st_size=189, ...}) = 0
1521876121.435754 mmap(NULL, 4096, PROT_READ|PROT_WRITE, MAP_PRIVATE|MAP_ANONYMOUS, -1, 0) = 0x7faef027b000
1521876121.435772 read(5, "# GSS-API mechanism plugins\n#\n# "..., 4096) = 189
1521876121.435804 read(5, "", 4096)     = 0
1521876121.435819 close(5)              = 0
1521876121.435834 munmap(0x7faef027b000, 4096) = 0
1521876121.435863 stat("/usr/lib64/gssproxy/proxymech.so", {st_mode=S_IFREG|0755, st_size=115072, ...}) = 0
1521876121.435891 futex(0x7faeef7d70d0, FUTEX_WAKE_PRIVATE, 2147483647) = 0
1521876121.435914 open("/usr/lib64/gssproxy/proxymech.so", O_RDONLY|O_CLOEXEC) = 5
1521876121.435930 read(5, "\177ELF\2\1\1\0\0\0\0\0\0\0\0\0\3\0>\0\1\0\0\0\320x\0\0\0\0\0\0"..., 832) = 832
1521876121.435945 fstat(5, {st_mode=S_IFREG|0755, st_size=115072, ...}) = 0
1521876121.435961 mmap(NULL, 2208224, PROT_READ|PROT_EXEC, MAP_PRIVATE|MAP_DENYWRITE, 5, 0) = 0x7faee53b7000
1521876121.435976 mprotect(0x7faee53d2000, 2093056, PROT_NONE) = 0
1521876121.435992 mmap(0x7faee55d1000, 8192, PROT_READ|PROT_WRITE, MAP_PRIVATE|MAP_FIXED|MAP_DENYWRITE, 5, 0x1a000) = 0x7faee55d1000
1521876121.436016 close(5)              = 0
1521876121.436039 open("/etc/ld.so.cache", O_RDONLY|O_CLOEXEC) = 5
1521876121.436056 fstat(5, {st_mode=S_IFREG|0644, st_size=74765, ...}) = 0
1521876121.436070 mmap(NULL, 74765, PROT_READ, MAP_PRIVATE, 5, 0) = 0x7faef024e000
1521876121.436083 close(5)              = 0
1521876121.436103 open("/lib64/libgssrpc.so.4", O_RDONLY|O_CLOEXEC) = 5
1521876121.436123 read(5, "\177ELF\2\1\1\0\0\0\0\0\0\0\0\0\3\0>\0\1\0\0\0\340Z\0\0\0\0\0\0"..., 832) = 832
1521876121.436136 fstat(5, {st_mode=S_IFREG|0755, st_size=134368, ...}) = 0
1521876121.436151 mmap(NULL, 2227072, PROT_READ|PROT_EXEC, MAP_PRIVATE|MAP_DENYWRITE, 5, 0) = 0x7faee5197000
1521876121.436165 mprotect(0x7faee51b5000, 2097152, PROT_NONE) = 0
1521876121.436179 mmap(0x7faee53b5000, 8192, PROT_READ|PROT_WRITE, MAP_PRIVATE|MAP_FIXED|MAP_DENYWRITE, 5, 0x1e000) = 0x7faee53b5000
1521876121.436203 close(5)              = 0
1521876121.436367 mprotect(0x7faee53b5000, 4096, PROT_READ) = 0
1521876121.436578 mprotect(0x7faee55d1000, 4096, PROT_READ) = 0
1521876121.436605 munmap(0x7faef024e000, 74765) = 0
1521876121.436656 stat("/usr/lib64/gssproxy/proxymech.so", {st_mode=S_IFREG|0755, st_size=115072, ...}) = 0
1521876121.436761 futex(0x7faeee6b8480, FUTEX_WAKE_PRIVATE, 2147483647) = 0
1521876121.436790 futex(0x7faeee6b96d0, FUTEX_WAKE_PRIVATE, 2147483647) = 0
1521876121.436826 stat("/etc/krb5.conf", {st_mode=S_IFREG|0644, st_size=590, ...}) = 0
1521876121.436850 open("/etc/krb5.conf", O_RDONLY) = 5
1521876121.436870 fcntl(5, F_SETFD, FD_CLOEXEC) = 0
1521876121.436891 fstat(5, {st_mode=S_IFREG|0644, st_size=590, ...}) = 0
1521876121.436905 mmap(NULL, 4096, PROT_READ|PROT_WRITE, MAP_PRIVATE|MAP_ANONYMOUS, -1, 0) = 0x7faef027b000
1521876121.436919 read(5, "# Configuration snippets may be "..., 4096) = 590
1521876121.436940 openat(AT_FDCWD, "/etc/krb5.conf.d/", O_RDONLY|O_NONBLOCK|O_DIRECTORY|O_CLOEXEC) = 6
1521876121.436960 getdents(6, /* 2 entries */, 32768) = 48
1521876121.436975 getdents(6, /* 0 entries */, 32768) = 0
1521876121.436989 close(6)              = 0
1521876121.437013 read(5, "", 4096)     = 0
1521876121.437028 close(5)              = 0
1521876121.437040 munmap(0x7faef027b000, 4096) = 0
1521876121.437143 stat("/etc/krb5.conf", {st_mode=S_IFREG|0644, st_size=590, ...}) = 0
1521876121.437164 open("/etc/krb5.conf", O_RDONLY) = 5
1521876121.437180 fcntl(5, F_SETFD, FD_CLOEXEC) = 0
1521876121.437193 fstat(5, {st_mode=S_IFREG|0644, st_size=590, ...}) = 0
1521876121.437206 mmap(NULL, 4096, PROT_READ|PROT_WRITE, MAP_PRIVATE|MAP_ANONYMOUS, -1, 0) = 0x7faef027b000
1521876121.437220 read(5, "# Configuration snippets may be "..., 4096) = 590
1521876121.437238 openat(AT_FDCWD, "/etc/krb5.conf.d/", O_RDONLY|O_NONBLOCK|O_DIRECTORY|O_CLOEXEC) = 6
1521876121.437255 getdents(6, /* 2 entries */, 32768) = 48
1521876121.437269 getdents(6, /* 0 entries */, 32768) = 0
1521876121.437281 close(6)              = 0
1521876121.437300 read(5, "", 4096)     = 0
1521876121.437312 close(5)              = 0
1521876121.437325 munmap(0x7faef027b000, 4096) = 0
1521876121.437358 access("/etc/krb5.conf", R_OK) = 0
1521876121.437419 stat("/etc/krb5.conf", {st_mode=S_IFREG|0644, st_size=590, ...}) = 0
1521876121.437452 stat("/etc/sysconfig/64bit_strstr_via_64bit_strstr_sse2_unaligned", 0x7fff16550f70) = -1 ENOENT (No such file or directory)
1521876121.437479 geteuid()             = 1001
1521876121.437513 open("/var/kerberos/krb5/user/1001/client.keytab", O_RDONLY) = -1 ENOENT (No such file or directory)
1521876121.437831 getuid()              = 1001
1521876121.437860 keyctl(KEYCTL_GET_PERSISTENT, 1001, KEY_SPEC_PROCESS_KEYRING) = 787715377
1521876121.437888 keyctl(KEYCTL_SEARCH, 787715377, "keyring", "_krb", KEY_SPEC_PROCESS_KEYRING) = 685330725
1521876121.437906 keyctl(KEYCTL_SEARCH, 685330725, "user", "krb_ccache:primary", 0) = 179237251
1521876121.437924 keyctl(KEYCTL_READ, 179237251, NULL, 0) = 12
1521876121.437939 keyctl(KEYCTL_READ, 179237251, "", 12) = 12
1521876121.437953 keyctl(KEYCTL_READ, 685330725, NULL, 0) = 4
1521876121.437965 keyctl(KEYCTL_READ, 685330725, "\203\361\256\n", 4) = 4
1521876121.437978 keyctl(KEYCTL_SEARCH, 685330725, "keyring", "1001", 0) = -1 ENOKEY (Required key not available)
1521876121.437996 keyctl(KEYCTL_DESCRIBE, 179237251, NULL, 0) = 43
1521876121.438010 keyctl(KEYCTL_DESCRIBE, 179237251, "user;1001;1001;3f010000;krb_ccac"..., 43) = 43
1521876121.438055 stat("/etc/krb5.conf", {st_mode=S_IFREG|0644, st_size=590, ...}) = 0
1521876121.438075 open("/etc/krb5.conf", O_RDONLY) = 5
1521876121.438091 fcntl(5, F_SETFD, FD_CLOEXEC) = 0
1521876121.438105 fstat(5, {st_mode=S_IFREG|0644, st_size=590, ...}) = 0
1521876121.438118 mmap(NULL, 4096, PROT_READ|PROT_WRITE, MAP_PRIVATE|MAP_ANONYMOUS, -1, 0) = 0x7faef027b000
1521876121.438133 read(5, "# Configuration snippets may be "..., 4096) = 590
1521876121.438150 openat(AT_FDCWD, "/etc/krb5.conf.d/", O_RDONLY|O_NONBLOCK|O_DIRECTORY|O_CLOEXEC) = 6
1521876121.438166 getdents(6, /* 2 entries */, 32768) = 48
1521876121.438180 getdents(6, /* 0 entries */, 32768) = 0
1521876121.438192 close(6)              = 0
1521876121.438211 read(5, "", 4096)     = 0
1521876121.438224 close(5)              = 0
1521876121.438236 munmap(0x7faef027b000, 4096) = 0
1521876121.438280 stat("/etc/krb5.conf", {st_mode=S_IFREG|0644, st_size=590, ...}) = 0
1521876121.438301 open("/etc/krb5.conf", O_RDONLY) = 5
1521876121.438322 fcntl(5, F_SETFD, FD_CLOEXEC) = 0
1521876121.438335 fstat(5, {st_mode=S_IFREG|0644, st_size=590, ...}) = 0
1521876121.438349 mmap(NULL, 4096, PROT_READ|PROT_WRITE, MAP_PRIVATE|MAP_ANONYMOUS, -1, 0) = 0x7faef027b000
1521876121.438363 read(5, "# Configuration snippets may be "..., 4096) = 590
1521876121.438379 openat(AT_FDCWD, "/etc/krb5.conf.d/", O_RDONLY|O_NONBLOCK|O_DIRECTORY|O_CLOEXEC) = 6
1521876121.438395 getdents(6, /* 2 entries */, 32768) = 48
1521876121.438409 getdents(6, /* 0 entries */, 32768) = 0
1521876121.438421 close(6)              = 0
1521876121.438439 read(5, "", 4096)     = 0
1521876121.438452 close(5)              = 0
1521876121.438464 munmap(0x7faef027b000, 4096) = 0
1521876121.438499 stat("/etc/krb5.conf", {st_mode=S_IFREG|0644, st_size=590, ...}) = 0
1521876121.438519 open("/etc/krb5.conf", O_RDONLY) = 5
1521876121.438553 fcntl(5, F_SETFD, FD_CLOEXEC) = 0
1521876121.438572 fstat(5, {st_mode=S_IFREG|0644, st_size=590, ...}) = 0
1521876121.438586 mmap(NULL, 4096, PROT_READ|PROT_WRITE, MAP_PRIVATE|MAP_ANONYMOUS, -1, 0) = 0x7faef027b000
1521876121.438601 read(5, "# Configuration snippets may be "..., 4096) = 590
1521876121.438618 openat(AT_FDCWD, "/etc/krb5.conf.d/", O_RDONLY|O_NONBLOCK|O_DIRECTORY|O_CLOEXEC) = 6
1521876121.438635 getdents(6, /* 2 entries */, 32768) = 48
1521876121.438648 getdents(6, /* 0 entries */, 32768) = 0
1521876121.438660 close(6)              = 0
1521876121.438679 read(5, "", 4096)     = 0
1521876121.438691 close(5)              = 0
1521876121.438703 munmap(0x7faef027b000, 4096) = 0
1521876121.438730 access("/etc/krb5.conf", R_OK) = 0
1521876121.438748 stat("/etc/krb5.conf", {st_mode=S_IFREG|0644, st_size=590, ...}) = 0
1521876121.438769 geteuid()             = 1001
1521876121.438785 open("/var/kerberos/krb5/user/1001/client.keytab", O_RDONLY) = -1 ENOENT (No such file or directory)
1521876121.438810 getuid()              = 1001
1521876121.438825 keyctl(KEYCTL_GET_PERSISTENT, 1001, KEY_SPEC_PROCESS_KEYRING) = 787715377
1521876121.438840 keyctl(KEYCTL_SEARCH, 787715377, "keyring", "_krb", KEY_SPEC_PROCESS_KEYRING) = 685330725
1521876121.438857 keyctl(KEYCTL_SEARCH, 685330725, "user", "krb_ccache:primary", 0) = 179237251
1521876121.438871 keyctl(KEYCTL_READ, 179237251, NULL, 0) = 12
1521876121.438883 keyctl(KEYCTL_READ, 179237251, "", 12) = 12
1521876121.438897 keyctl(KEYCTL_READ, 685330725, NULL, 0) = 4
1521876121.438908 keyctl(KEYCTL_READ, 685330725, "\203\361\256\n", 4) = 4
1521876121.438921 keyctl(KEYCTL_SEARCH, 685330725, "keyring", "1001", 0) = -1 ENOKEY (Required key not available)
1521876121.438936 keyctl(KEYCTL_DESCRIBE, 179237251, NULL, 0) = 43
1521876121.438949 keyctl(KEYCTL_DESCRIBE, 179237251, "user;1001;1001;3f010000;krb_ccac"..., 43) = 43
1521876121.438971 access("/etc/krb5.conf", R_OK) = 0
1521876121.438987 stat("/etc/krb5.conf", {st_mode=S_IFREG|0644, st_size=590, ...}) = 0
1521876121.439019 stat("/etc/krb5.conf", {st_mode=S_IFREG|0644, st_size=590, ...}) = 0
1521876121.439036 open("/etc/krb5.conf", O_RDONLY) = 5
1521876121.439052 fcntl(5, F_SETFD, FD_CLOEXEC) = 0
1521876121.439066 fstat(5, {st_mode=S_IFREG|0644, st_size=590, ...}) = 0
1521876121.439079 mmap(NULL, 4096, PROT_READ|PROT_WRITE, MAP_PRIVATE|MAP_ANONYMOUS, -1, 0) = 0x7faef027b000
1521876121.439093 read(5, "# Configuration snippets may be "..., 4096) = 590
1521876121.439110 openat(AT_FDCWD, "/etc/krb5.conf.d/", O_RDONLY|O_NONBLOCK|O_DIRECTORY|O_CLOEXEC) = 6
1521876121.439126 getdents(6, /* 2 entries */, 32768) = 48
1521876121.439140 getdents(6, /* 0 entries */, 32768) = 0
1521876121.439151 close(6)              = 0
1521876121.439170 read(5, "", 4096)     = 0
1521876121.439183 close(5)              = 0
1521876121.439195 munmap(0x7faef027b000, 4096) = 0
1521876121.439229 stat("/home/king/.ssh/id_rsa", 0x7fff16551a50) = -1 ENOENT (No such file or directory)
1521876121.439251 stat("/home/king/.ssh/id_dsa", 0x7fff16551a50) = -1 ENOENT (No such file or directory)
1521876121.439267 stat("/home/king/.ssh/id_ecdsa", 0x7fff16551a50) = -1 ENOENT (No such file or directory)
1521876121.439281 stat("/home/king/.ssh/id_ed25519", 0x7fff16551a50) = -1 ENOENT (No such file or directory)
1521876121.439307 open("/dev/tty", O_RDWR) = 5
1521876121.439328 close(5)              = 0
1521876121.439341 open("/dev/tty", O_RDWR) = 5
1521876121.439356 ioctl(5, TCGETS, {B38400 opost isig icanon echo ...}) = 0
1521876121.439381 ioctl(5, SNDCTL_TMR_CONTINUE or TCSETSF, {B38400 opost isig icanon -echo ...}) = 0
1521876121.439396 rt_sigaction(SIGALRM, {0x5629815305b0, [], SA_RESTORER, 0x7faeedc0d270}, {SIG_DFL, [], 0}, 8) = 0
1521876121.439413 rt_sigaction(SIGHUP, {0x5629815305b0, [], SA_RESTORER, 0x7faeedc0d270}, {SIG_DFL, [], 0}, 8) = 0
1521876121.439426 rt_sigaction(SIGINT, {0x5629815305b0, [], SA_RESTORER, 0x7faeedc0d270}, {SIG_DFL, [], 0}, 8) = 0
1521876121.439439 rt_sigaction(SIGPIPE, {0x5629815305b0, [], SA_RESTORER, 0x7faeedc0d270}, {SIG_IGN, [], SA_RESTORER, 0x7faeedc0d270}, 8) = 0
1521876121.439452 rt_sigaction(SIGQUIT, {0x5629815305b0, [], SA_RESTORER, 0x7faeedc0d270}, {SIG_DFL, [], 0}, 8) = 0
1521876121.439466 rt_sigaction(SIGTERM, {0x5629815305b0, [], SA_RESTORER, 0x7faeedc0d270}, {SIG_DFL, [], 0}, 8) = 0
1521876121.439479 rt_sigaction(SIGTSTP, {0x5629815305b0, [], SA_RESTORER, 0x7faeedc0d270}, {SIG_DFL, [], 0}, 8) = 0
1521876121.439492 rt_sigaction(SIGTTIN, {0x5629815305b0, [], SA_RESTORER, 0x7faeedc0d270}, {SIG_DFL, [], 0}, 8) = 0
1521876121.439505 rt_sigaction(SIGTTOU, {0x5629815305b0, [], SA_RESTORER, 0x7faeedc0d270}, {SIG_DFL, [], 0}, 8) = 0
1521876121.439518 write(5, "jacob@192.168.125.180's password"..., 34) = 34
1521876121.439569 read(5, "b", 1)       = 1
1521876121.439663 read(5, "b", 1)       = 1
1521876121.439678 read(5, "c", 1)       = 1
1521876121.439691 read(5, "0", 1)       = 1
1521876121.439704 read(5, "0", 1)       = 1
1521876121.439716 read(5, "0", 1)       = 1
1521876121.439729 read(5, "7", 1)       = 1
1521876121.439741 read(5, "3", 1)       = 1
1521876121.439754 read(5, "1", 1)       = 1
1521876121.439766 read(5, "\n", 1)      = 1
1521876121.439779 write(5, "\n", 1)     = 1
1521876121.439812 ioctl(5, SNDCTL_TMR_CONTINUE or TCSETSF, {B38400 opost isig icanon echo ...}) = 0
1521876121.439828 rt_sigaction(SIGALRM, {SIG_DFL, [], SA_RESTORER, 0x7faeedc0d270}, NULL, 8) = 0
1521876121.439842 rt_sigaction(SIGHUP, {SIG_DFL, [], SA_RESTORER, 0x7faeedc0d270}, NULL, 8) = 0
1521876121.439854 rt_sigaction(SIGINT, {SIG_DFL, [], SA_RESTORER, 0x7faeedc0d270}, NULL, 8) = 0
1521876121.439867 rt_sigaction(SIGQUIT, {SIG_DFL, [], SA_RESTORER, 0x7faeedc0d270}, NULL, 8) = 0
1521876121.439879 rt_sigaction(SIGPIPE, {SIG_IGN, [], SA_RESTORER, 0x7faeedc0d270}, NULL, 8) = 0
1521876121.439891 rt_sigaction(SIGTERM, {SIG_DFL, [], SA_RESTORER, 0x7faeedc0d270}, NULL, 8) = 0
1521876121.439903 rt_sigaction(SIGTSTP, {SIG_DFL, [], SA_RESTORER, 0x7faeedc0d270}, NULL, 8) = 0
1521876121.439915 rt_sigaction(SIGTTIN, {SIG_DFL, [], SA_RESTORER, 0x7faeedc0d270}, NULL, 8) = 0
1521876121.439928 rt_sigaction(SIGTTOU, {SIG_DFL, [], SA_RESTORER, 0x7faeedc0d270}, NULL, 8) = 0
1521876121.439940 close(5)              = 0
1521876121.439962 write(4, "\20\24\2\363\224J(\362\3516H\36\10\3*\356\251\273\270\221A\215$\210q\341\335_s\10\35\317"..., 148) = 148
1521876121.440035 select(5, [4], NULL, NULL, NULL) = 1 (in [4])
1521876121.453583 read(4, "5\27\263\351\354\210\255\v\357mK)Ap\5\r\330\2a\323F*W\265+\376e`", 8192) = 28
1521876121.453622 dup(0)                = 5
1521876121.453636 dup(1)                = 6
1521876121.453647 dup(2)                = 7
1521876121.453658 ioctl(5, TCGETS, {B38400 opost isig icanon echo ...}) = 0
1521876121.453676 ioctl(6, TCGETS, {B38400 opost isig icanon echo ...}) = 0
1521876121.453689 ioctl(7, TCGETS, {B38400 opost isig icanon echo ...}) = 0
1521876121.453705 fcntl(5, F_SETFD, FD_CLOEXEC) = 0
1521876121.453719 fcntl(6, F_SETFD, FD_CLOEXEC) = 0
1521876121.453730 fcntl(7, F_SETFD, FD_CLOEXEC) = 0
1521876121.453754 rt_sigaction(SIGHUP, NULL, {SIG_DFL, [], SA_RESTORER, 0x7faeedc0d270}, 8) = 0
1521876121.453769 rt_sigaction(SIGHUP, {SIG_IGN, [], SA_RESTORER, 0x7faeedc0d270}, NULL, 8) = 0
1521876121.453782 rt_sigaction(SIGHUP, NULL, {SIG_IGN, [], SA_RESTORER, 0x7faeedc0d270}, 8) = 0
1521876121.453804 rt_sigaction(SIGHUP, {0x5629814d31a0, [], SA_RESTORER, 0x7faeedc0d270}, NULL, 8) = 0
1521876121.453817 rt_sigaction(SIGINT, NULL, {SIG_DFL, [], SA_RESTORER, 0x7faeedc0d270}, 8) = 0
1521876121.453829 rt_sigaction(SIGINT, {SIG_IGN, [], SA_RESTORER, 0x7faeedc0d270}, NULL, 8) = 0
1521876121.453842 rt_sigaction(SIGINT, NULL, {SIG_IGN, [], SA_RESTORER, 0x7faeedc0d270}, 8) = 0
1521876121.453854 rt_sigaction(SIGINT, {0x5629814d31a0, [], SA_RESTORER, 0x7faeedc0d270}, NULL, 8) = 0
1521876121.453866 rt_sigaction(SIGQUIT, NULL, {SIG_DFL, [], SA_RESTORER, 0x7faeedc0d270}, 8) = 0
1521876121.453878 rt_sigaction(SIGQUIT, {SIG_IGN, [], SA_RESTORER, 0x7faeedc0d270}, NULL, 8) = 0
1521876121.453891 rt_sigaction(SIGQUIT, NULL, {SIG_IGN, [], SA_RESTORER, 0x7faeedc0d270}, 8) = 0
1521876121.453903 rt_sigaction(SIGQUIT, {0x5629814d31a0, [], SA_RESTORER, 0x7faeedc0d270}, NULL, 8) = 0
1521876121.453915 rt_sigaction(SIGTERM, NULL, {SIG_DFL, [], SA_RESTORER, 0x7faeedc0d270}, 8) = 0
1521876121.453927 rt_sigaction(SIGTERM, {SIG_IGN, [], SA_RESTORER, 0x7faeedc0d270}, NULL, 8) = 0
1521876121.453940 rt_sigaction(SIGTERM, NULL, {SIG_IGN, [], SA_RESTORER, 0x7faeedc0d270}, 8) = 0
1521876121.453952 rt_sigaction(SIGTERM, {0x5629814d31a0, [], SA_RESTORER, 0x7faeedc0d270}, NULL, 8) = 0
1521876121.453964 rt_sigaction(SIGWINCH, NULL, {SIG_DFL, [], 0}, 8) = 0
1521876121.453976 rt_sigaction(SIGWINCH, {0x5629814d3430, [], SA_RESTORER, 0x7faeedc0d270}, NULL, 8) = 0
1521876121.453989 ioctl(0, TCGETS, {B38400 opost isig icanon echo ...}) = 0
1521876121.454003 ioctl(0, SNDCTL_TMR_STOP or TCSETSW, {B38400 -opost -isig -icanon -echo ...}) = 0
1521876121.454020 clock_gettime(CLOCK_BOOTTIME, {950, 443165425}) = 0
1521876121.454035 clock_gettime(CLOCK_BOOTTIME, {950, 443179075}) = 0
1521876121.454048 select(8, [4], [4], NULL, NULL) = 1 (out [4])
1521876121.454066 clock_gettime(CLOCK_BOOTTIME, {950, 443210419}) = 0
1521876121.454079 write(4, "2\243n\227\311\264J\236\264\367\255\343\35v\346!g\274\260\3\233V\265\327U \242\273L\360\371X"..., 112) = 112
1521876121.454152 clock_gettime(CLOCK_BOOTTIME, {950, 443296094}) = 0
1521876121.454166 clock_gettime(CLOCK_BOOTTIME, {950, 443309571}) = 0
1521876121.454178 select(8, [4], [], NULL, NULL) = 1 (in [4])
1521876121.598387 clock_gettime(CLOCK_BOOTTIME, {950, 587534733}) = 0
1521876121.598407 read(4, "W\256\372*\360\244'\275M*Tn\343\10\22\337K,>fY\207\253\22BXJc8\31+\360"..., 8192) = 500
1521876121.598446 clock_gettime(CLOCK_BOOTTIME, {950, 587591672}) = 0
1521876121.598461 clock_gettime(CLOCK_BOOTTIME, {950, 587604871}) = 0
1521876121.598473 select(8, [4], [], NULL, NULL) = 1 (in [4])
1521876121.639318 clock_gettime(CLOCK_BOOTTIME, {950, 628465573}) = 0
1521876121.639338 read(4, "\24\34KJ__R\24I\266\245C\207\220\200\300J\241\330\212Rs\225^\213\376\332\367\307{\202o"..., 8192) = 44
1521876121.639369 getsockopt(4, SOL_TCP, TCP_NODELAY, [0], [4]) = 0
1521876121.639445 setsockopt(4, SOL_TCP, TCP_NODELAY, [1], 4) = 0
1521876121.639459 getsockname(4, {sa_family=AF_INET, sin_port=htons(44034), sin_addr=inet_addr("192.168.125.181")}, [16]) = 0
1521876121.639487 setsockopt(4, SOL_IP, IP_TOS, [16], 4) = 0
1521876121.639502 ioctl(0, TIOCGWINSZ, {ws_row=26, ws_col=159, ws_xpixel=0, ws_ypixel=0}) = 0
1521876121.639549 clock_gettime(CLOCK_BOOTTIME, {950, 628694776}) = 0
1521876121.639564 clock_gettime(CLOCK_BOOTTIME, {950, 628707678}) = 0
1521876121.639576 select(8, [4], [4], NULL, NULL) = 1 (out [4])
1521876121.639594 clock_gettime(CLOCK_BOOTTIME, {950, 628738535}) = 0
1521876121.639609 write(4, "\272X\rH\22\315\357~\32\31\327;0\2#\317I\255M&\273\341U\237\236\222\316\311\27\10;k"..., 504) = 504
1521876121.639680 clock_gettime(CLOCK_BOOTTIME, {950, 628824706}) = 0
1521876121.639694 clock_gettime(CLOCK_BOOTTIME, {950, 628837951}) = 0
1521876121.639706 select(8, [4], [], NULL, NULL) = 1 (in [4])
1521876121.645570 clock_gettime(CLOCK_BOOTTIME, {950, 634716137}) = 0
1521876121.645587 read(4, "\212]\215\334\337\262aa\6\30\375\343\302\266\334\200\365\fI\373h\212\205:y\350\245O\317\325\251-"..., 8192) = 108
1521876121.645628 clock_gettime(CLOCK_BOOTTIME, {950, 634773242}) = 0
1521876121.645642 clock_gettime(CLOCK_BOOTTIME, {950, 634786229}) = 0
1521876121.645655 select(8, [4 5], [], NULL, NULL) = 1 (in [4])
1521876121.647835 clock_gettime(CLOCK_BOOTTIME, {950, 636981177}) = 0
1521876121.647852 read(4, "\313\313=\256\235\356\241\361N\24\373\"/\242m\252\26\347\7\203[\340\261\202[\210D\270 }\335J"..., 8192) = 100
1521876121.647940 clock_gettime(CLOCK_BOOTTIME, {950, 637085281}) = 0
1521876121.647954 clock_gettime(CLOCK_BOOTTIME, {950, 637098078}) = 0
1521876121.647967 select(8, [4 5], [6], NULL, NULL) = 1 (out [6])
1521876121.647988 clock_gettime(CLOCK_BOOTTIME, {950, 637132457}) = 0
1521876121.648001 write(6, "Last login: Sat Mar 24 15:21:38 "..., 60) = 60
1521876121.648159 clock_gettime(CLOCK_BOOTTIME, {950, 637306577}) = 0
1521876121.648182 clock_gettime(CLOCK_BOOTTIME, {950, 637328081}) = 0
1521876121.648204 select(8, [4 5], [], NULL, NULL) = 1 (in [4])
1521876121.738333 clock_gettime(CLOCK_BOOTTIME, {950, 727479951}) = 0
1521876121.738353 read(4, "?\27\231\355\203\274\232\320;E\177\350\245\271\0\200\334\316\347\1u\377Nr\377\26\373\362)3k\275"..., 8192) = 84
1521876121.738383 clock_gettime(CLOCK_BOOTTIME, {950, 727528078}) = 0
1521876121.738397 clock_gettime(CLOCK_BOOTTIME, {950, 727541102}) = 0
1521876121.738410 select(8, [4 5], [6], NULL, NULL) = 1 (out [6])
1521876121.738430 clock_gettime(CLOCK_BOOTTIME, {950, 727573946}) = 0
1521876121.738442 write(6, "\33]0;jacob@study:~\7\33[?1034h[jacob"..., 43) = 43
1521876121.738587 clock_gettime(CLOCK_BOOTTIME, {950, 727731522}) = 0
1521876121.738601 clock_gettime(CLOCK_BOOTTIME, {950, 727745706}) = 0
1521876121.738632 select(8, [4 5], [], NULL, NULL) = 1 (in [5])
1521876127.663787 clock_gettime(CLOCK_BOOTTIME, {956, 652933617}) = 0
1521876127.663806 read(5, "l", 16384)   = 1
1521876127.663838 clock_gettime(CLOCK_BOOTTIME, {956, 652982722}) = 0
1521876127.663851 clock_gettime(CLOCK_BOOTTIME, {956, 652995499}) = 0
1521876127.663864 select(8, [4 5], [4], NULL, NULL) = 1 (out [4])
1521876127.663883 clock_gettime(CLOCK_BOOTTIME, {956, 653027115}) = 0
1521876127.663896 write(4, "O:\352\341\"\223\265C-%\353\314\315\v\6NK/\222\\\24-\301\303\316u\345G\205,\33Q"..., 36) = 36
1521876127.663990 clock_gettime(CLOCK_BOOTTIME, {956, 653134138}) = 0
1521876127.664004 clock_gettime(CLOCK_BOOTTIME, {956, 653147797}) = 0
1521876127.664016 select(8, [4 5], [], NULL, NULL) = 1 (in [4])
1521876127.665569 clock_gettime(CLOCK_BOOTTIME, {956, 654721857}) = 0
1521876127.665594 read(4, ";\320.\341\225\353\275e\301\340F\236$7@g\307*\304F\325\251h}^N\0108H%\353\372"..., 8192) = 36
1521876127.665620 clock_gettime(CLOCK_BOOTTIME, {956, 654764657}) = 0
1521876127.665633 clock_gettime(CLOCK_BOOTTIME, {956, 654777160}) = 0
1521876127.665646 select(8, [4 5], [6], NULL, NULL) = 1 (out [6])
1521876127.665665 clock_gettime(CLOCK_BOOTTIME, {956, 654809408}) = 0
1521876127.665678 write(6, "l", 1)      = 1
1521876127.665695 clock_gettime(CLOCK_BOOTTIME, {956, 654839003}) = 0
1521876127.665707 clock_gettime(CLOCK_BOOTTIME, {956, 654850980}) = 0
1521876127.665719 select(8, [4 5], [], NULL, NULL) = 1 (in [5])
1521876127.766424 clock_gettime(CLOCK_BOOTTIME, {956, 755570802}) = 0
1521876127.766442 read(5, "s", 16384)   = 1
1521876127.766465 clock_gettime(CLOCK_BOOTTIME, {956, 755609698}) = 0
1521876127.766478 clock_gettime(CLOCK_BOOTTIME, {956, 755622114}) = 0
1521876127.766491 select(8, [4 5], [4], NULL, NULL) = 1 (out [4])
1521876127.766509 clock_gettime(CLOCK_BOOTTIME, {956, 755652930}) = 0
1521876127.766521 write(4, "![r\220XJ\362\333\202\354\253\222\372\272?$\301!N\323\237\215\234\361\322\202Ouv}e7"..., 36) = 36
1521876127.766591 clock_gettime(CLOCK_BOOTTIME, {956, 755735683}) = 0
1521876127.766605 clock_gettime(CLOCK_BOOTTIME, {956, 755749143}) = 0
1521876127.766618 select(8, [4 5], [], NULL, NULL) = 1 (in [4])
1521876127.766933 clock_gettime(CLOCK_BOOTTIME, {956, 756079092}) = 0
1521876127.766949 read(4, "\316w\332\357\25\33\236+\256\201\r\322\220\311]\16M^\22m@\36\26^6Q\363\204\357\341wv"..., 8192) = 36
1521876127.766982 clock_gettime(CLOCK_BOOTTIME, {956, 756127079}) = 0
1521876127.766996 clock_gettime(CLOCK_BOOTTIME, {956, 756139672}) = 0
1521876127.767008 select(8, [4 5], [6], NULL, NULL) = 1 (out [6])
1521876127.767027 clock_gettime(CLOCK_BOOTTIME, {956, 756170737}) = 0
1521876127.767039 write(6, "s", 1)      = 1
1521876127.767056 clock_gettime(CLOCK_BOOTTIME, {956, 756199709}) = 0
1521876127.767068 clock_gettime(CLOCK_BOOTTIME, {956, 756211972}) = 0
1521876127.767080 select(8, [4 5], [], NULL, NULL) = 1 (in [5])
1521876127.893686 clock_gettime(CLOCK_BOOTTIME, {956, 882832541}) = 0
1521876127.893704 read(5, "\r", 16384)  = 1
1521876127.893729 clock_gettime(CLOCK_BOOTTIME, {956, 882873511}) = 0
1521876127.893742 clock_gettime(CLOCK_BOOTTIME, {956, 882885897}) = 0
1521876127.893755 select(8, [4 5], [4], NULL, NULL) = 1 (out [4])
1521876127.893774 clock_gettime(CLOCK_BOOTTIME, {956, 882918023}) = 0
1521876127.893787 write(4, "Lw;\271`s\333\223\221\372\304s\335\225\367\31\24\267\204\373b\"\273\332\341\33}C\30\345\313\320"..., 36) = 36
1521876127.893853 clock_gettime(CLOCK_BOOTTIME, {956, 882998081}) = 0
1521876127.893867 clock_gettime(CLOCK_BOOTTIME, {956, 883011572}) = 0
1521876127.893880 select(8, [4 5], [], NULL, NULL) = 1 (in [4])
1521876127.895495 clock_gettime(CLOCK_BOOTTIME, {956, 884640570}) = 0
1521876127.895511 read(4, "M\210l\303g\362NWP\26\f\3572H\345\354\215\177\234sHu\35!\257q70\215\374\2722"..., 8192) = 36
1521876127.895533 clock_gettime(CLOCK_BOOTTIME, {956, 884677515}) = 0
1521876127.895546 clock_gettime(CLOCK_BOOTTIME, {956, 884689907}) = 0
1521876127.895558 select(8, [4 5], [6], NULL, NULL) = 1 (out [6])
1521876127.895577 clock_gettime(CLOCK_BOOTTIME, {956, 884721236}) = 0
1521876127.895590 write(6, "\r\n", 2)   = 2
1521876127.895607 clock_gettime(CLOCK_BOOTTIME, {956, 884750981}) = 0
1521876127.895619 clock_gettime(CLOCK_BOOTTIME, {956, 884763852}) = 0
1521876127.895632 select(8, [4 5], [], NULL, NULL) = 1 (in [4])
1521876127.897348 clock_gettime(CLOCK_BOOTTIME, {956, 886493319}) = 0
1521876127.897363 read(4, "\261\7\301]\270M|\351*yO\250\242\202\341V\225\35\1\nJ^1j\2017\213J|\220x\244"..., 8192) = 220
1521876127.897397 clock_gettime(CLOCK_BOOTTIME, {956, 886545274}) = 0
1521876127.897421 clock_gettime(CLOCK_BOOTTIME, {956, 886567963}) = 0
1521876127.897445 select(8, [4 5], [6], NULL, NULL) = 1 (out [6])
1521876127.897479 clock_gettime(CLOCK_BOOTTIME, {956, 886625571}) = 0
1521876127.897502 write(6, "\33[0m\33[01;34mtmp\33[0m  \33[01;34m\344\270\213"..., 181) = 181
1521876127.897522 clock_gettime(CLOCK_BOOTTIME, {956, 886666580}) = 0
1521876127.897535 clock_gettime(CLOCK_BOOTTIME, {956, 886678866}) = 0
1521876127.897547 select(8, [4 5], [], NULL, NULL) = 1 (in [4])
1521876127.897687 clock_gettime(CLOCK_BOOTTIME, {956, 886834963}) = 0
1521876127.897707 read(4, "\230\223\250om\245\277\"\17\1M\307Eo\332\247<niV=\0164\207\217\10\2400@\230[\345"..., 8192) = 76
1521876127.897727 clock_gettime(CLOCK_BOOTTIME, {956, 886871347}) = 0
1521876127.897740 clock_gettime(CLOCK_BOOTTIME, {956, 886883789}) = 0
1521876127.897752 select(8, [4 5], [6], NULL, NULL) = 1 (out [6])
1521876127.897788 clock_gettime(CLOCK_BOOTTIME, {956, 886932681}) = 0
1521876127.897801 write(6, "\33]0;jacob@study:~\7[jacob@study ~"..., 35) = 35
1521876127.897827 clock_gettime(CLOCK_BOOTTIME, {956, 886970963}) = 0
1521876127.897839 clock_gettime(CLOCK_BOOTTIME, {956, 886983329}) = 0
1521876127.897852 select(8, [4 5], [], NULL, NULL) = 1 (in [5])
1521876128.176032 clock_gettime(CLOCK_BOOTTIME, {957, 165179221}) = 0
1521876128.176053 read(5, "l", 16384)   = 1
1521876128.176079 clock_gettime(CLOCK_BOOTTIME, {957, 165223449}) = 0
1521876128.176092 clock_gettime(CLOCK_BOOTTIME, {957, 165236494}) = 0
1521876128.176105 select(8, [4 5], [4], NULL, NULL) = 1 (out [4])
1521876128.176125 clock_gettime(CLOCK_BOOTTIME, {957, 165269392}) = 0
1521876128.176138 write(4, "J4\326dt`\25\346\244\317\23 +\313\331\252\353\206\311^\353\313\n\200\310\254\227\360\367\356\202i"..., 36) = 36
1521876128.176206 clock_gettime(CLOCK_BOOTTIME, {957, 165350528}) = 0
1521876128.176232 clock_gettime(CLOCK_BOOTTIME, {957, 165376699}) = 0
1521876128.176246 select(8, [4 5], [], NULL, NULL) = 1 (in [4])
1521876128.176702 clock_gettime(CLOCK_BOOTTIME, {957, 165847848}) = 0
1521876128.176718 read(4, "\223\267\352\210\20\225q/\f\32\34\304\220\20\334\304\317\314\377\374\235d{ \263\214 \256\26\216a\203"..., 8192) = 36
1521876128.176740 clock_gettime(CLOCK_BOOTTIME, {957, 165884499}) = 0
1521876128.176753 clock_gettime(CLOCK_BOOTTIME, {957, 165896995}) = 0
1521876128.176765 select(8, [4 5], [6], NULL, NULL) = 1 (out [6])
1521876128.176784 clock_gettime(CLOCK_BOOTTIME, {957, 165927944}) = 0
1521876128.176796 write(6, "l", 1)      = 1
1521876128.176813 clock_gettime(CLOCK_BOOTTIME, {957, 165957414}) = 0
1521876128.176826 clock_gettime(CLOCK_BOOTTIME, {957, 165969804}) = 0
1521876128.176838 select(8, [4 5], [], NULL, NULL) = 1 (in [5])
1521876128.317399 clock_gettime(CLOCK_BOOTTIME, {957, 306545017}) = 0
1521876128.317416 read(5, "s", 16384)   = 1
1521876128.317440 clock_gettime(CLOCK_BOOTTIME, {957, 306584562}) = 0
1521876128.317453 clock_gettime(CLOCK_BOOTTIME, {957, 306597121}) = 0
1521876128.317466 select(8, [4 5], [4], NULL, NULL) = 1 (out [4])
1521876128.317484 clock_gettime(CLOCK_BOOTTIME, {957, 306628387}) = 0
1521876128.317497 write(4, "\264\264\356y\37[\276\250z\363\263CP\346\202D \360\245\266\311]\252|5\341\206s\27&b\371"..., 36) = 36
1521876128.317562 clock_gettime(CLOCK_BOOTTIME, {957, 306706439}) = 0
1521876128.317576 clock_gettime(CLOCK_BOOTTIME, {957, 306719977}) = 0
1521876128.317588 select(8, [4 5], [], NULL, NULL) = 1 (in [4])
1521876128.419899 clock_gettime(CLOCK_BOOTTIME, {957, 409046467}) = 0
1521876128.419920 read(4, "D\352ix(\350\0V\210\36\274\353+M\375J^%Ha\237\330\t\17\345.\332(y\1\321\240"..., 8192) = 36
1521876128.419949 clock_gettime(CLOCK_BOOTTIME, {957, 409093830}) = 0
1521876128.419963 clock_gettime(CLOCK_BOOTTIME, {957, 409107272}) = 0
1521876128.419977 select(8, [4 5], [6], NULL, NULL) = 1 (out [6])
1521876128.419997 clock_gettime(CLOCK_BOOTTIME, {957, 409141216}) = 0
1521876128.420010 write(6, "s", 1)      = 1
1521876128.420029 clock_gettime(CLOCK_BOOTTIME, {957, 409172907}) = 0
1521876128.420041 clock_gettime(CLOCK_BOOTTIME, {957, 409185176}) = 0
1521876128.420053 select(8, [4 5], [], NULL, NULL) = 1 (in [5])
1521876128.431699 clock_gettime(CLOCK_BOOTTIME, {957, 420846281}) = 0
1521876128.431719 read(5, "\r", 16384)  = 1
1521876128.431746 clock_gettime(CLOCK_BOOTTIME, {957, 420891544}) = 0
1521876128.431766 clock_gettime(CLOCK_BOOTTIME, {957, 420913026}) = 0
1521876128.431783 select(8, [4 5], [4], NULL, NULL) = 1 (out [4])
1521876128.431813 clock_gettime(CLOCK_BOOTTIME, {957, 420959523}) = 0
1521876128.431834 write(4, "\30\241\353\1\200>PGP\245\205\317\323\v\35\361\33\270\n\257\205k\335\3153\24\253P\224b\332\260"..., 36) = 36
1521876128.431930 clock_gettime(CLOCK_BOOTTIME, {957, 421076867}) = 0
1521876128.431949 clock_gettime(CLOCK_BOOTTIME, {957, 421093501}) = 0
1521876128.431962 select(8, [4 5], [], NULL, NULL) = 1 (in [4])
1521876128.432691 clock_gettime(CLOCK_BOOTTIME, {957, 421836919}) = 0
1521876128.432707 read(4, "\243\0\36\304y|(\362\346C\332\256U\272\256\201\321z\363\25\372\310;\346\335\373\260\260s\rrk"..., 8192) = 36
1521876128.432730 clock_gettime(CLOCK_BOOTTIME, {957, 421874844}) = 0
1521876128.432743 clock_gettime(CLOCK_BOOTTIME, {957, 421887407}) = 0
1521876128.432756 select(8, [4 5], [6], NULL, NULL) = 1 (out [6])
1521876128.432775 clock_gettime(CLOCK_BOOTTIME, {957, 421918856}) = 0
1521876128.432787 write(6, "\r\n", 2)   = 2
1521876128.432805 clock_gettime(CLOCK_BOOTTIME, {957, 421948762}) = 0
1521876128.432817 clock_gettime(CLOCK_BOOTTIME, {957, 421960827}) = 0
1521876128.432829 select(8, [4 5], [], NULL, NULL) = 1 (in [4])
1521876128.433744 clock_gettime(CLOCK_BOOTTIME, {957, 422890258}) = 0
1521876128.433762 read(4, "d\354:\254!\375c\24\257\357\36\336j\26j\6\241\357\253\261\351\372\376\336\32\354\275H\243\323o\207"..., 8192) = 220
1521876128.433831 clock_gettime(CLOCK_BOOTTIME, {957, 422977460}) = 0
1521876128.433849 clock_gettime(CLOCK_BOOTTIME, {957, 423007325}) = 0
1521876128.433880 select(8, [4 5], [6], NULL, NULL) = 1 (out [6])
1521876128.433904 clock_gettime(CLOCK_BOOTTIME, {957, 423048932}) = 0
1521876128.433920 write(6, "\33[0m\33[01;34mtmp\33[0m  \33[01;34m\344\270\213"..., 181) = 181
1521876128.433942 clock_gettime(CLOCK_BOOTTIME, {957, 423087193}) = 0
1521876128.433958 clock_gettime(CLOCK_BOOTTIME, {957, 423103773}) = 0
1521876128.433975 select(8, [4 5], [], NULL, NULL) = 1 (in [4])
1521876128.434064 clock_gettime(CLOCK_BOOTTIME, {957, 423209456}) = 0
1521876128.434081 read(4, "\301\361K\352c\21\255\v0}\205\326\352\332\245\353\374F\356\25w\235\336j\24~\33y\33]\222\271"..., 8192) = 76
1521876128.434105 clock_gettime(CLOCK_BOOTTIME, {957, 423250680}) = 0
1521876128.434148 clock_gettime(CLOCK_BOOTTIME, {957, 423295944}) = 0
1521876128.434168 select(8, [4 5], [6], NULL, NULL) = 1 (out [6])
1521876128.434205 clock_gettime(CLOCK_BOOTTIME, {957, 423350260}) = 0
1521876128.434221 write(6, "\33]0;jacob@study:~\7[jacob@study ~"..., 35) = 35
1521876128.434242 clock_gettime(CLOCK_BOOTTIME, {957, 423386949}) = 0
1521876128.434258 clock_gettime(CLOCK_BOOTTIME, {957, 423403085}) = 0
1521876128.434274 select(8, [4 5], [], NULL, NULL) = 1 (in [5])
1521876142.791447 clock_gettime(CLOCK_BOOTTIME, {971, 780593288}) = 0
1521876142.791465 read(5, "\4", 16384)  = 1
1521876142.791490 clock_gettime(CLOCK_BOOTTIME, {971, 780634224}) = 0
1521876142.791503 clock_gettime(CLOCK_BOOTTIME, {971, 780646928}) = 0
1521876142.791516 select(8, [4 5], [4], NULL, NULL) = 1 (out [4])
1521876142.791534 clock_gettime(CLOCK_BOOTTIME, {971, 780678054}) = 0
1521876142.791547 write(4, "\325\212I0\35@\253\34\207\366H\274R\25^R\341\34 \253\226M\f\3015\336\2/\272\215_T"..., 36) = 36
1521876142.791615 clock_gettime(CLOCK_BOOTTIME, {971, 780759288}) = 0
1521876142.791629 clock_gettime(CLOCK_BOOTTIME, {971, 780773022}) = 0
1521876142.791642 select(8, [4 5], [], NULL, NULL) = 1 (in [4])
1521876142.792567 clock_gettime(CLOCK_BOOTTIME, {971, 781712679}) = 0
1521876142.792582 read(4, "\17\221\336y\262\247\225\330\330\3133\2153\325Y\267\36\375[\305SM\305\303\315n\36\253\372!n\365"..., 8192) = 220
1521876142.792607 close(5)              = 0
1521876142.792625 clock_gettime(CLOCK_BOOTTIME, {971, 781769295}) = 0
1521876142.792638 clock_gettime(CLOCK_BOOTTIME, {971, 781781644}) = 0
1521876142.792650 select(8, [4], [6], NULL, NULL) = 1 (out [6])
1521876142.792667 clock_gettime(CLOCK_BOOTTIME, {971, 781811593}) = 0
1521876142.792680 write(6, "logout\r\n", 8) = 8
1521876142.792697 clock_gettime(CLOCK_BOOTTIME, {971, 781840924}) = 0
1521876142.792709 clock_gettime(CLOCK_BOOTTIME, {971, 781853222}) = 0
1521876142.792722 close(6)              = 0
1521876142.792734 ioctl(0, SNDCTL_TMR_STOP or TCSETSW, {B38400 opost isig icanon echo ...}) = 0
1521876142.792764 close(7)              = 0
1521876142.792777 select(8, [4], [4], NULL, NULL) = 1 (out [4])
1521876142.792794 clock_gettime(CLOCK_BOOTTIME, {971, 781937875}) = 0
1521876142.792806 write(4, "q\20\362\10\273k\325mk\341h\253M\2641\212^VK\25\"\30\274\222\7P\f&h\222\257\333"..., 36) = 36
1521876142.792860 rt_sigaction(SIGWINCH, NULL, {0x5629814d3430, [], SA_RESTORER, 0x7faeedc0d270}, 8) = 0
1521876142.792876 rt_sigaction(SIGWINCH, {SIG_DFL, [], SA_RESTORER, 0x7faeedc0d270}, NULL, 8) = 0
1521876142.792893 write(4, "C\\\231H\363\356\363v\371\226\270\200\305\5\303\311\376Y\4t\270\351\26\240\n\4\206\37\352%\377\203"..., 60) = 60
1521876142.792971 ioctl(0, TCGETS, {B38400 opost isig icanon echo ...}) = 0
1521876142.792997 ioctl(1, TCGETS, {B38400 opost isig icanon echo ...}) = 0
1521876142.793011 ioctl(2, TCGETS, {B38400 opost isig icanon echo ...}) = 0
1521876142.793026 write(2, "Connection to 192.168.125.180 cl"..., 39) = 39
1521876142.793048 shutdown(4, SHUT_RDWR) = 0
1521876142.793098 close(4)              = 0
1521876142.793273 exit_group(0)         = ?
1521876142.793727 +++ exited with 0 +++
