1520804065.859071 select(5, [4], NULL, NULL, NULL) = 1 (in [4])
1520804065.860680 read(4, "\0\0\3\274\n!\0\0\1\25\0\0\0\7ssh-rsa\0\0\0\1#\0\0\1\1\0\307"..., 8192) = 976
1520804065.860803 open("/home/Jacob/.ssh/known_hosts", O_RDONLY) = 5
1520804065.860898 fstat(5, {st_mode=S_IFREG|0644, st_size=396, ...}) = 0
1520804065.860941 mmap(NULL, 4096, PROT_READ|PROT_WRITE, MAP_PRIVATE|MAP_ANONYMOUS, -1, 0) = 0x7faa090de000
1520804065.860982 read(5, "192.168.122.10 ssh-rsa AAAAB3Nza"..., 4096) = 396
1520804065.861038 read(5, "", 4096)     = 0
1520804065.861050 close(5)              = 0
1520804065.861061 munmap(0x7faa090de000, 4096) = 0
1520804065.861081 open("/home/Jacob/.ssh/known_hosts2", O_RDONLY) = -1 ENOENT (No such file or directory)
1520804065.861102 open("/etc/ssh/ssh_known_hosts", O_RDONLY) = -1 ENOENT (No such file or directory)
1520804065.861114 open("/etc/ssh/ssh_known_hosts2", O_RDONLY) = -1 ENOENT (No such file or directory)
1520804065.862569 clock_gettime(CLOCK_BOOTTIME, {24566, 760884733}) = 0
1520804065.862613 write(4, "\0\0\0\f\n\25\0\0\0\0\0\0\0\0\0\0", 16) = 16
1520804065.862678 write(4, "\355\322_t\363\210`\364P-R\232\277J'\253\331\36nm3\273Z\365\260$\320P`\352\330\1"..., 48) = 48
1520804065.862693 select(5, [4], NULL, NULL, NULL) = 1 (in [4])
1520804065.903156 read(4, "\327vp~q\25\337\316\370\364V:=xVu\231\344\345ya\177\23\366\213\300M\253\246(\272\236"..., 8192) = 48
1520804065.903272 write(4, "\365\335\200\240B\326\"\310[X&\317\262\370{\231\275\264\245N\273\213\"\4!\373\213\254\324\314\303O"..., 64) = 64
1520804065.903330 select(5, [4], NULL, NULL, NULL) = 1 (in [4])
1520804065.923054 read(4, "\7\265\346\270\243\23\263\331\207\331C\256ey\37akK\26Or\0?\237\246B_A\336\356\220$"..., 8192) = 80
1520804065.923103 futex(0x7faa04ff7510, FUTEX_WAKE_PRIVATE, 2147483647) = 0
1520804065.923141 futex(0x7faa04ff73b0, FUTEX_WAKE_PRIVATE, 2147483647) = 0
1520804065.923167 futex(0x7faa075c2fa0, FUTEX_WAKE_PRIVATE, 2147483647) = 0
1520804065.923182 lstat("/etc/gss/mech", 0x7ffc2a798610) = -1 ENOENT (No such file or directory)
1520804065.923207 openat(AT_FDCWD, "/etc/gss/mech.d", O_RDONLY|O_NONBLOCK|O_DIRECTORY|O_CLOEXEC) = 5
1520804065.923230 getdents(5, /* 2 entries */, 32768) = 48
1520804065.923246 getdents(5, /* 0 entries */, 32768) = 0
1520804065.923256 close(5)              = 0
1520804065.923414 futex(0x7faa07374440, FUTEX_WAKE_PRIVATE, 2147483647) = 0
1520804065.923466 futex(0x7faa073755d0, FUTEX_WAKE_PRIVATE, 2147483647) = 0
1520804065.923519 stat("/etc/krb5.conf", {st_mode=S_IFREG|0644, st_size=590, ...}) = 0
1520804065.923542 open("/etc/krb5.conf", O_RDONLY) = 5
1520804065.923559 fcntl(5, F_SETFD, FD_CLOEXEC) = 0
1520804065.923642 fstat(5, {st_mode=S_IFREG|0644, st_size=590, ...}) = 0
1520804065.923655 mmap(NULL, 4096, PROT_READ|PROT_WRITE, MAP_PRIVATE|MAP_ANONYMOUS, -1, 0) = 0x7faa090de000
1520804065.923670 read(5, "# Configuration snippets may be "..., 4096) = 590
1520804065.923730 openat(AT_FDCWD, "/etc/krb5.conf.d/", O_RDONLY|O_NONBLOCK|O_DIRECTORY|O_CLOEXEC) = 6
1520804065.923749 getdents(6, /* 2 entries */, 32768) = 48
1520804065.923760 getdents(6, /* 0 entries */, 32768) = 0
1520804065.923771 close(6)              = 0
1520804065.923794 read(5, "", 4096)     = 0
1520804065.923834 close(5)              = 0
1520804065.923851 munmap(0x7faa090de000, 4096) = 0
1520804065.923932 open("/dev/urandom", O_RDONLY) = 5
1520804065.923955 fcntl(5, F_SETFD, FD_CLOEXEC) = 0
1520804065.923966 fstat(5, {st_mode=S_IFCHR|0666, st_rdev=makedev(1, 9), ...}) = 0
1520804065.923979 read(5, "\245\311{3\346u\200\n\200\f\25\315D=\320+Q\315\6v\0163\35\356\241\320\251K\257\24\2735"..., 64) = 64
1520804065.923999 close(5)              = 0
1520804065.924079 open("/dev/urandom", O_RDONLY) = 5
1520804065.924094 fcntl(5, F_SETFD, FD_CLOEXEC) = 0
1520804065.924103 fstat(5, {st_mode=S_IFCHR|0666, st_rdev=makedev(1, 9), ...}) = 0
1520804065.924114 read(5, "\372\323#[\274K_\253\304\313\323oI\3ud\16v\303\37z\330+\344P\200\370\17\261\273T3"..., 64) = 64
1520804065.924129 close(5)              = 0
1520804065.924171 futex(0x7faa0708d2e0, FUTEX_WAKE_PRIVATE, 2147483647) = 0
1520804065.924376 stat("/etc/krb5.conf", {st_mode=S_IFREG|0644, st_size=590, ...}) = 0
1520804065.924395 open("/etc/krb5.conf", O_RDONLY) = 5
1520804065.924408 fcntl(5, F_SETFD, FD_CLOEXEC) = 0
1520804065.924418 fstat(5, {st_mode=S_IFREG|0644, st_size=590, ...}) = 0
1520804065.924428 mmap(NULL, 4096, PROT_READ|PROT_WRITE, MAP_PRIVATE|MAP_ANONYMOUS, -1, 0) = 0x7faa090de000
1520804065.924440 read(5, "# Configuration snippets may be "..., 4096) = 590
1520804065.924457 openat(AT_FDCWD, "/etc/krb5.conf.d/", O_RDONLY|O_NONBLOCK|O_DIRECTORY|O_CLOEXEC) = 6
1520804065.924469 getdents(6, /* 2 entries */, 32768) = 48
1520804065.924480 getdents(6, /* 0 entries */, 32768) = 0
1520804065.924489 close(6)              = 0
1520804065.924506 read(5, "", 4096)     = 0
1520804065.924516 close(5)              = 0
1520804065.924525 munmap(0x7faa090de000, 4096) = 0
1520804065.924545 open("/dev/urandom", O_RDONLY) = 5
1520804065.924559 fcntl(5, F_SETFD, FD_CLOEXEC) = 0
1520804065.924568 fstat(5, {st_mode=S_IFCHR|0666, st_rdev=makedev(1, 9), ...}) = 0
1520804065.924579 read(5, "\352\354\356\340\355\260\267R\0213\375c\203b%6\357\253_^\20\252\251L+D\226\305\302\350\214\270"..., 64) = 64
1520804065.924594 close(5)              = 0
1520804065.924620 access("/etc/krb5.conf", R_OK) = 0
1520804065.924638 stat("/etc/krb5.conf", {st_mode=S_IFREG|0644, st_size=590, ...}) = 0
1520804065.924652 open("/dev/urandom", O_RDONLY) = 5
1520804065.924664 fcntl(5, F_SETFD, FD_CLOEXEC) = 0
1520804065.924673 fstat(5, {st_mode=S_IFCHR|0666, st_rdev=makedev(1, 9), ...}) = 0
1520804065.924683 read(5, "\226o\273\2\336ip\2427\376g\220\262\36\325s\215\341\233Lu\373S\363^wz\240\301>\37\342"..., 64) = 64
1520804065.924697 close(5)              = 0
1520804065.924722 stat("/etc/sysconfig/64bit_strstr_via_64bit_strstr_sse2_unaligned", 0x7ffc2a797ec0) = -1 ENOENT (No such file or directory)
1520804065.924743 geteuid()             = 1002
1520804065.924809 open("/var/kerberos/krb5/user/1002/client.keytab", O_RDONLY) = -1 ENOENT (No such file or directory)
1520804065.924866 getuid()              = 1002
1520804065.924894 keyctl(KEYCTL_GET_PERSISTENT, 1002, KEY_SPEC_PROCESS_KEYRING) = 1022005889
1520804065.924919 keyctl(KEYCTL_SEARCH, 1022005889, "keyring", "_krb", KEY_SPEC_PROCESS_KEYRING) = 1026570426
1520804065.924966 keyctl(KEYCTL_SEARCH, 1026570426, "user", "krb_ccache:primary", 0) = 269159054
1520804065.924983 keyctl(KEYCTL_READ, 269159054, NULL, 0) = 12
1520804065.924996 keyctl(KEYCTL_READ, 269159054, "", 12) = 12
1520804065.925007 keyctl(KEYCTL_READ, 1026570426, NULL, 0) = 4
1520804065.925016 keyctl(KEYCTL_READ, 1026570426, "\216\n\v\20", 4) = 4
1520804065.925026 keyctl(KEYCTL_SEARCH, 1026570426, "keyring", "1002", 0) = -1 ENOKEY (Required key not available)
1520804065.925041 keyctl(KEYCTL_DESCRIBE, 269159054, NULL, 0) = 43
1520804065.925052 keyctl(KEYCTL_DESCRIBE, 269159054, "user;1002;1002;3f010000;krb_ccac"..., 43) = 43
1520804065.925135 stat("/etc/krb5.conf", {st_mode=S_IFREG|0644, st_size=590, ...}) = 0
1520804065.925153 open("/etc/krb5.conf", O_RDONLY) = 5
1520804065.925165 fcntl(5, F_SETFD, FD_CLOEXEC) = 0
1520804065.925176 fstat(5, {st_mode=S_IFREG|0644, st_size=590, ...}) = 0
1520804065.925186 mmap(NULL, 4096, PROT_READ|PROT_WRITE, MAP_PRIVATE|MAP_ANONYMOUS, -1, 0) = 0x7faa090de000
1520804065.925198 read(5, "# Configuration snippets may be "..., 4096) = 590
1520804065.925213 openat(AT_FDCWD, "/etc/krb5.conf.d/", O_RDONLY|O_NONBLOCK|O_DIRECTORY|O_CLOEXEC) = 6
1520804065.925225 getdents(6, /* 2 entries */, 32768) = 48
1520804065.925236 getdents(6, /* 0 entries */, 32768) = 0
1520804065.925245 close(6)              = 0
1520804065.925261 read(5, "", 4096)     = 0
1520804065.925271 close(5)              = 0
1520804065.925281 munmap(0x7faa090de000, 4096) = 0
1520804065.925300 open("/dev/urandom", O_RDONLY) = 5
1520804065.925314 fcntl(5, F_SETFD, FD_CLOEXEC) = 0
1520804065.925323 fstat(5, {st_mode=S_IFCHR|0666, st_rdev=makedev(1, 9), ...}) = 0
1520804065.925334 read(5, "\20rW>\236\332\274\352\270\310\250\33\305fP\215\251J5\244\303\216\306e\302\"\363\6\370\272J8"..., 64) = 64
1520804065.925353 close(5)              = 0
1520804065.925416 stat("/etc/krb5.conf", {st_mode=S_IFREG|0644, st_size=590, ...}) = 0
1520804065.925434 open("/etc/krb5.conf", O_RDONLY) = 5
1520804065.925446 fcntl(5, F_SETFD, FD_CLOEXEC) = 0
1520804065.925456 fstat(5, {st_mode=S_IFREG|0644, st_size=590, ...}) = 0
1520804065.925466 mmap(NULL, 4096, PROT_READ|PROT_WRITE, MAP_PRIVATE|MAP_ANONYMOUS, -1, 0) = 0x7faa090de000
1520804065.925477 read(5, "# Configuration snippets may be "..., 4096) = 590
1520804065.925494 openat(AT_FDCWD, "/etc/krb5.conf.d/", O_RDONLY|O_NONBLOCK|O_DIRECTORY|O_CLOEXEC) = 6
1520804065.925506 getdents(6, /* 2 entries */, 32768) = 48
1520804065.925517 getdents(6, /* 0 entries */, 32768) = 0
1520804065.925526 close(6)              = 0
1520804065.925541 read(5, "", 4096)     = 0
1520804065.925551 close(5)              = 0
1520804065.925561 munmap(0x7faa090de000, 4096) = 0
1520804065.925580 open("/dev/urandom", O_RDONLY) = 5
1520804065.925593 fcntl(5, F_SETFD, FD_CLOEXEC) = 0
1520804065.925602 fstat(5, {st_mode=S_IFCHR|0666, st_rdev=makedev(1, 9), ...}) = 0
1520804065.925613 read(5, "`hI\344U\336\2434\217R\300s\257\314\352\205\244p\2125h\303pB\1AX&\335(\317\20"..., 64) = 64
1520804065.925628 close(5)              = 0
1520804065.925657 stat("/etc/krb5.conf", {st_mode=S_IFREG|0644, st_size=590, ...}) = 0
1520804065.925672 open("/etc/krb5.conf", O_RDONLY) = 5
1520804065.925683 fcntl(5, F_SETFD, FD_CLOEXEC) = 0
1520804065.925694 fstat(5, {st_mode=S_IFREG|0644, st_size=590, ...}) = 0
1520804065.925703 mmap(NULL, 4096, PROT_READ|PROT_WRITE, MAP_PRIVATE|MAP_ANONYMOUS, -1, 0) = 0x7faa090de000
1520804065.925714 read(5, "# Configuration snippets may be "..., 4096) = 590
1520804065.925728 openat(AT_FDCWD, "/etc/krb5.conf.d/", O_RDONLY|O_NONBLOCK|O_DIRECTORY|O_CLOEXEC) = 6
1520804065.925740 getdents(6, /* 2 entries */, 32768) = 48
1520804065.925750 getdents(6, /* 0 entries */, 32768) = 0
1520804065.925759 close(6)              = 0
1520804065.925774 read(5, "", 4096)     = 0
1520804065.925784 close(5)              = 0
1520804065.925794 munmap(0x7faa090de000, 4096) = 0
1520804065.925832 open("/dev/urandom", O_RDONLY) = 5
1520804065.925851 fcntl(5, F_SETFD, FD_CLOEXEC) = 0
1520804065.925860 fstat(5, {st_mode=S_IFCHR|0666, st_rdev=makedev(1, 9), ...}) = 0
1520804065.925871 read(5, "V\251 {\230(\365~\345\262s\\\351\321\351J/\223X\334N\236\230L:\7_\210\3146\17\251"..., 64) = 64
1520804065.925886 close(5)              = 0
1520804065.925904 access("/etc/krb5.conf", R_OK) = 0
1520804065.925916 stat("/etc/krb5.conf", {st_mode=S_IFREG|0644, st_size=590, ...}) = 0
1520804065.925929 open("/dev/urandom", O_RDONLY) = 5
1520804065.925941 fcntl(5, F_SETFD, FD_CLOEXEC) = 0
1520804065.925949 fstat(5, {st_mode=S_IFCHR|0666, st_rdev=makedev(1, 9), ...}) = 0
1520804065.925959 read(5, "\267\334\331R\232\0231L\332\360\274\24\303\355\257M\10\3>K\36#\2229\36\323\232\17-\203\237;"..., 64) = 64
1520804065.925974 close(5)              = 0
1520804065.925990 geteuid()             = 1002
1520804065.926003 open("/var/kerberos/krb5/user/1002/client.keytab", O_RDONLY) = -1 ENOENT (No such file or directory)
1520804065.926023 getuid()              = 1002
1520804065.926035 keyctl(KEYCTL_GET_PERSISTENT, 1002, KEY_SPEC_PROCESS_KEYRING) = 1022005889
1520804065.926047 keyctl(KEYCTL_SEARCH, 1022005889, "keyring", "_krb", KEY_SPEC_PROCESS_KEYRING) = 1026570426
1520804065.926061 keyctl(KEYCTL_SEARCH, 1026570426, "user", "krb_ccache:primary", 0) = 269159054
1520804065.926072 keyctl(KEYCTL_READ, 269159054, NULL, 0) = 12
1520804065.926082 keyctl(KEYCTL_READ, 269159054, "", 12) = 12
1520804065.926092 keyctl(KEYCTL_READ, 1026570426, NULL, 0) = 4
1520804065.926101 keyctl(KEYCTL_READ, 1026570426, "\216\n\v\20", 4) = 4
1520804065.926111 keyctl(KEYCTL_SEARCH, 1026570426, "keyring", "1002", 0) = -1 ENOKEY (Required key not available)
1520804065.926122 keyctl(KEYCTL_DESCRIBE, 269159054, NULL, 0) = 43
1520804065.926132 keyctl(KEYCTL_DESCRIBE, 269159054, "user;1002;1002;3f010000;krb_ccac"..., 43) = 43
1520804065.926180 access("/etc/krb5.conf", R_OK) = 0
1520804065.926200 stat("/etc/krb5.conf", {st_mode=S_IFREG|0644, st_size=590, ...}) = 0
1520804065.926216 open("/dev/urandom", O_RDONLY) = 5
1520804065.926228 fcntl(5, F_SETFD, FD_CLOEXEC) = 0
1520804065.926237 fstat(5, {st_mode=S_IFCHR|0666, st_rdev=makedev(1, 9), ...}) = 0
1520804065.926247 read(5, "c\336x\217e)\221\266u6fS\343\240\327\317\374\202\335\32\371\203\267{\211\3245<w\265\240\f"..., 64) = 64
1520804065.926263 close(5)              = 0
1520804065.926291 stat("/etc/krb5.conf", {st_mode=S_IFREG|0644, st_size=590, ...}) = 0
1520804065.926305 open("/etc/krb5.conf", O_RDONLY) = 5
1520804065.926316 fcntl(5, F_SETFD, FD_CLOEXEC) = 0
1520804065.926327 fstat(5, {st_mode=S_IFREG|0644, st_size=590, ...}) = 0
1520804065.926337 mmap(NULL, 4096, PROT_READ|PROT_WRITE, MAP_PRIVATE|MAP_ANONYMOUS, -1, 0) = 0x7faa090de000
1520804065.926348 read(5, "# Configuration snippets may be "..., 4096) = 590
1520804065.926389 openat(AT_FDCWD, "/etc/krb5.conf.d/", O_RDONLY|O_NONBLOCK|O_DIRECTORY|O_CLOEXEC) = 6
1520804065.926403 getdents(6, /* 2 entries */, 32768) = 48
1520804065.926414 getdents(6, /* 0 entries */, 32768) = 0
1520804065.926423 close(6)              = 0
1520804065.926439 read(5, "", 4096)     = 0
1520804065.926449 close(5)              = 0
1520804065.926459 munmap(0x7faa090de000, 4096) = 0
1520804065.926477 open("/dev/urandom", O_RDONLY) = 5
1520804065.926491 fcntl(5, F_SETFD, FD_CLOEXEC) = 0
1520804065.926500 fstat(5, {st_mode=S_IFCHR|0666, st_rdev=makedev(1, 9), ...}) = 0
1520804065.926510 read(5, "\226\271\3\244K-\321X\6\223\375\277>\v\24k\247\20\235\340$\302n\200\227\336\313\252\322\333\315`"..., 64) = 64
1520804065.926525 close(5)              = 0
1520804065.926550 stat("/home/Jacob/.ssh/id_rsa", 0x7ffc2a798690) = -1 ENOENT (No such file or directory)
1520804065.926566 stat("/home/Jacob/.ssh/id_dsa", 0x7ffc2a798690) = -1 ENOENT (No such file or directory)
1520804065.926578 stat("/home/Jacob/.ssh/id_ecdsa", 0x7ffc2a798690) = -1 ENOENT (No such file or directory)
1520804065.926590 stat("/home/Jacob/.ssh/id_ed25519", 0x7ffc2a798690) = -1 ENOENT (No such file or directory)
1520804065.926605 open("/dev/tty", O_RDWR) = 5
1520804065.926620 close(5)              = 0
1520804065.926630 open("/dev/tty", O_RDWR) = 5
1520804065.926641 rt_sigaction(SIGALRM, {0x7faa0913f790, [], SA_RESTORER, 0x7faa068cd250}, {SIG_DFL, [], 0}, 8) = 0
1520804065.926656 rt_sigaction(SIGHUP, {0x7faa0913f790, [], SA_RESTORER, 0x7faa068cd250}, {SIG_DFL, [], 0}, 8) = 0
1520804065.926666 rt_sigaction(SIGINT, {0x7faa0913f790, [], SA_RESTORER, 0x7faa068cd250}, {SIG_DFL, [], 0}, 8) = 0
1520804065.926676 rt_sigaction(SIGPIPE, {0x7faa0913f790, [], SA_RESTORER, 0x7faa068cd250}, {SIG_IGN, [], SA_RESTORER, 0x7faa068cd250}, 8) = 0
1520804065.926686 rt_sigaction(SIGQUIT, {0x7faa0913f790, [], SA_RESTORER, 0x7faa068cd250}, {SIG_DFL, [], 0}, 8) = 0
1520804065.926696 rt_sigaction(SIGTERM, {0x7faa0913f790, [], SA_RESTORER, 0x7faa068cd250}, {SIG_DFL, [], 0}, 8) = 0
1520804065.926706 rt_sigaction(SIGTSTP, {0x7faa0913f790, [], SA_RESTORER, 0x7faa068cd250}, {SIG_DFL, [], 0}, 8) = 0
1520804065.926715 rt_sigaction(SIGTTIN, {0x7faa0913f790, [], SA_RESTORER, 0x7faa068cd250}, {SIG_DFL, [], 0}, 8) = 0
1520804065.926725 rt_sigaction(SIGTTOU, {0x7faa0913f790, [], SA_RESTORER, 0x7faa068cd250}, {SIG_DFL, [], 0}, 8) = 0
1520804065.926735 ioctl(5, TCGETS, {B38400 opost isig icanon echo ...}) = 0
1520804065.926822 ioctl(5, SNDCTL_TMR_CONTINUE or TCSETSF, {B38400 opost isig icanon -echo ...}) = 0
1520804065.926836 write(5, "root@192.168.122.10's password: ", 32) = 32
1520804065.926851 read(5, "h", 1)       = 1
1520804065.926888 read(5, "a", 1)       = 1
1520804065.926897 read(5, "d", 1)       = 1
1520804065.926907 read(5, "o", 1)       = 1
1520804065.926916 read(5, "o", 1)       = 1
1520804065.926925 read(5, "p", 1)       = 1
1520804065.926935 read(5, "\n", 1)      = 1
1520804065.926944 write(5, "\n", 1)     = 1
1520804065.926955 ioctl(5, SNDCTL_TMR_CONTINUE or TCSETSF, {B38400 opost isig icanon echo ...}) = 0
1520804065.926966 rt_sigaction(SIGALRM, {SIG_DFL, [], SA_RESTORER, 0x7faa068cd250}, NULL, 8) = 0
1520804065.926980 rt_sigaction(SIGHUP, {SIG_DFL, [], SA_RESTORER, 0x7faa068cd250}, NULL, 8) = 0
1520804065.926989 rt_sigaction(SIGINT, {SIG_DFL, [], SA_RESTORER, 0x7faa068cd250}, NULL, 8) = 0
1520804065.926998 rt_sigaction(SIGQUIT, {SIG_DFL, [], SA_RESTORER, 0x7faa068cd250}, NULL, 8) = 0
1520804065.927008 rt_sigaction(SIGPIPE, {SIG_IGN, [], SA_RESTORER, 0x7faa068cd250}, NULL, 8) = 0
1520804065.927017 rt_sigaction(SIGTERM, {SIG_DFL, [], SA_RESTORER, 0x7faa068cd250}, NULL, 8) = 0
1520804065.927026 rt_sigaction(SIGTSTP, {SIG_DFL, [], SA_RESTORER, 0x7faa068cd250}, NULL, 8) = 0
1520804065.927035 rt_sigaction(SIGTTIN, {SIG_DFL, [], SA_RESTORER, 0x7faa068cd250}, NULL, 8) = 0
1520804065.927044 rt_sigaction(SIGTTOU, {SIG_DFL, [], SA_RESTORER, 0x7faa068cd250}, NULL, 8) = 0
1520804065.927054 close(5)              = 0
1520804065.927070 write(4, "\331e\25\276I\302\266C\336\3636\254\226\200\341\20$\"\314\350\370\343\257+\6\260\36\340\364\313p>"..., 144) = 144
1520804065.927131 select(5, [4], NULL, NULL, NULL) = 1 (in [4])
1520804065.934375 read(4, "z$vU\33r \330\222C\252\3003j\235\326Zn\27m\220\253;\243\5\340\23\333^%\7'", 8192) = 32
1520804065.934402 getpeername(4, {sa_family=AF_INET, sin_port=htons(22), sin_addr=inet_addr("192.168.122.10")}, [16]) = 0
1520804065.934442 dup(0)                = 5
1520804065.934452 dup(1)                = 6
1520804065.934460 dup(2)                = 7
1520804065.934468 ioctl(5, TCGETS, {B38400 opost isig icanon echo ...}) = 0
1520804065.934482 ioctl(6, TCGETS, {B38400 opost isig icanon echo ...}) = 0
1520804065.934492 ioctl(7, TCGETS, {B38400 opost isig icanon echo ...}) = 0
1520804065.934506 fcntl(5, F_SETFD, FD_CLOEXEC) = 0
1520804065.934516 fcntl(6, F_SETFD, FD_CLOEXEC) = 0
1520804065.934525 fcntl(7, F_SETFD, FD_CLOEXEC) = 0
1520804065.934599 rt_sigaction(SIGHUP, NULL, {SIG_DFL, [], SA_RESTORER, 0x7faa068cd250}, 8) = 0
1520804065.934614 rt_sigaction(SIGHUP, {SIG_IGN, [], SA_RESTORER, 0x7faa068cd250}, NULL, 8) = 0
1520804065.934624 rt_sigaction(SIGHUP, NULL, {SIG_IGN, [], SA_RESTORER, 0x7faa068cd250}, 8) = 0
1520804065.934633 rt_sigaction(SIGHUP, {0x7faa090f4280, [], SA_RESTORER, 0x7faa068cd250}, NULL, 8) = 0
1520804065.934642 rt_sigaction(SIGINT, NULL, {SIG_DFL, [], SA_RESTORER, 0x7faa068cd250}, 8) = 0
1520804065.934651 rt_sigaction(SIGINT, {SIG_IGN, [], SA_RESTORER, 0x7faa068cd250}, NULL, 8) = 0
1520804065.934660 rt_sigaction(SIGINT, NULL, {SIG_IGN, [], SA_RESTORER, 0x7faa068cd250}, 8) = 0
1520804065.934669 rt_sigaction(SIGINT, {0x7faa090f4280, [], SA_RESTORER, 0x7faa068cd250}, NULL, 8) = 0
1520804065.934679 rt_sigaction(SIGQUIT, NULL, {SIG_DFL, [], SA_RESTORER, 0x7faa068cd250}, 8) = 0
1520804065.934688 rt_sigaction(SIGQUIT, {SIG_IGN, [], SA_RESTORER, 0x7faa068cd250}, NULL, 8) = 0
1520804065.934697 rt_sigaction(SIGQUIT, NULL, {SIG_IGN, [], SA_RESTORER, 0x7faa068cd250}, 8) = 0
1520804065.934706 rt_sigaction(SIGQUIT, {0x7faa090f4280, [], SA_RESTORER, 0x7faa068cd250}, NULL, 8) = 0
1520804065.934715 rt_sigaction(SIGTERM, NULL, {SIG_DFL, [], SA_RESTORER, 0x7faa068cd250}, 8) = 0
1520804065.934724 rt_sigaction(SIGTERM, {SIG_IGN, [], SA_RESTORER, 0x7faa068cd250}, NULL, 8) = 0
1520804065.934733 rt_sigaction(SIGTERM, NULL, {SIG_IGN, [], SA_RESTORER, 0x7faa068cd250}, 8) = 0
1520804065.934742 rt_sigaction(SIGTERM, {0x7faa090f4280, [], SA_RESTORER, 0x7faa068cd250}, NULL, 8) = 0
1520804065.934751 rt_sigaction(SIGWINCH, NULL, {SIG_DFL, [], 0}, 8) = 0
1520804065.934760 rt_sigaction(SIGWINCH, {0x7faa090f4500, [], SA_RESTORER, 0x7faa068cd250}, NULL, 8) = 0
1520804065.934769 ioctl(0, TCGETS, {B38400 opost isig icanon echo ...}) = 0
1520804065.934780 ioctl(0, SNDCTL_TMR_STOP or TCSETSW, {B38400 -opost -isig -icanon -echo ...}) = 0
1520804065.934814 clock_gettime(CLOCK_BOOTTIME, {24566, 833101005}) = 0
1520804065.934827 clock_gettime(CLOCK_BOOTTIME, {24566, 833112167}) = 0
1520804065.934837 select(8, [4], [4], NULL, NULL) = 1 (out [4])
1520804065.934851 clock_gettime(CLOCK_BOOTTIME, {24566, 833136105}) = 0
1520804065.934860 write(4, "c_jK\353\214\203\246\233\300\265\35\357\266\33\2X\307Ng\316\27\316>\6\371\301\10![\37\211"..., 128) = 128
1520804065.934948 clock_gettime(CLOCK_BOOTTIME, {24566, 833233816}) = 0
1520804065.934959 clock_gettime(CLOCK_BOOTTIME, {24566, 833244332}) = 0
1520804065.934968 select(8, [4], [], NULL, NULL) = 1 (in [4])
1520804066.042955 clock_gettime(CLOCK_BOOTTIME, {24566, 941248186}) = 0
1520804066.042976 read(4, "\7\374\341/1\\Y\r\236\274\252H_\311E\300\230L@|\325\256\247\234K\240:\355n\374\241^"..., 8192) = 48
1520804066.043003 getsockopt(4, SOL_TCP, TCP_NODELAY, [0], [4]) = 0
1520804066.043017 setsockopt(4, SOL_TCP, TCP_NODELAY, [1], 4) = 0
1520804066.043027 getsockname(4, {sa_family=AF_INET, sin_port=htons(38824), sin_addr=inet_addr("192.168.122.20")}, [16]) = 0
1520804066.043040 setsockopt(4, SOL_IP, IP_TOS, [16], 4) = 0
1520804066.043055 ioctl(0, TIOCGWINSZ, {ws_row=30, ws_col=179, ws_xpixel=0, ws_ypixel=0}) = 0
1520804066.043091 clock_gettime(CLOCK_BOOTTIME, {24566, 941377781}) = 0
1520804066.043102 clock_gettime(CLOCK_BOOTTIME, {24566, 941387848}) = 0
1520804066.043112 select(8, [4], [4], NULL, NULL) = 1 (out [4])
1520804066.043143 clock_gettime(CLOCK_BOOTTIME, {24566, 941428921}) = 0
1520804066.043204 write(4, "z\242\272t\253\361mu\323\207\234O\214sr\316.qX\256t[\2649\240}\233iGv\37\362"..., 448) = 448
1520804066.043269 clock_gettime(CLOCK_BOOTTIME, {24566, 941555394}) = 0
1520804066.043280 clock_gettime(CLOCK_BOOTTIME, {24566, 941566000}) = 0
1520804066.043290 select(8, [4], [], NULL, NULL) = 1 (in [4])
1520804066.045249 clock_gettime(CLOCK_BOOTTIME, {24566, 943535602}) = 0
1520804066.045260 read(4, "&\363\236$.\217\276u\376j?6\226\20\0\241\6P\370\32\374\334\357\307\310\261@\366\205c\235a"..., 8192) = 112
1520804066.045279 clock_gettime(CLOCK_BOOTTIME, {24566, 943564896}) = 0
1520804066.045289 clock_gettime(CLOCK_BOOTTIME, {24566, 943574496}) = 0
1520804066.045299 select(8, [4 5], [], NULL, NULL) = 1 (in [4])
1520804066.047293 clock_gettime(CLOCK_BOOTTIME, {24566, 945579589}) = 0
1520804066.047304 read(4, "\t\213\33\265\202*\254V\242\0\3657D#\323\320n\247\3\v\252\376-\372\16\257\366\326\216\246\230\374"..., 8192) = 96
1520804066.047352 clock_gettime(CLOCK_BOOTTIME, {24566, 945638402}) = 0
1520804066.047362 clock_gettime(CLOCK_BOOTTIME, {24566, 945647974}) = 0
1520804066.047372 select(8, [4 5], [6], NULL, NULL) = 1 (out [6])
1520804066.047386 clock_gettime(CLOCK_BOOTTIME, {24566, 945672083}) = 0
1520804066.047396 write(6, "Last login: Sat Mar 10 21:47:11 "..., 59) = 59
1520804066.047411 clock_gettime(CLOCK_BOOTTIME, {24566, 945697136}) = 0
1520804066.047421 clock_gettime(CLOCK_BOOTTIME, {24566, 945706606}) = 0
1520804066.047430 select(8, [4 5], [], NULL, NULL) = 1 (in [4])
1520804066.091271 clock_gettime(CLOCK_BOOTTIME, {24566, 989559493}) = 0
1520804066.091287 read(4, "s\326o\374S^<\37\365%\"\351^\361+\203\210\266KJ\215\214d\333\316\315\372\26\02307\326"..., 8192) = 112
1520804066.091313 clock_gettime(CLOCK_BOOTTIME, {24566, 989599497}) = 0
1520804066.091324 clock_gettime(CLOCK_BOOTTIME, {24566, 989609106}) = 0
1520804066.091334 select(8, [4 5], [6], NULL, NULL) = 1 (out [6])
1520804066.091349 clock_gettime(CLOCK_BOOTTIME, {24566, 989634229}) = 0
1520804066.091358 write(6, "\33]0;root@Breakering-server-00:~\7"..., 71) = 71
1520804066.091373 clock_gettime(CLOCK_BOOTTIME, {24566, 989658702}) = 0
1520804066.091382 clock_gettime(CLOCK_BOOTTIME, {24566, 989667814}) = 0
1520804066.091392 select(8, [4 5], [], NULL, NULL) = 1 (in [5])
1520804067.087948 clock_gettime(CLOCK_BOOTTIME, {24567, 986236846}) = 0
1520804067.087995 read(5, "l", 16384)   = 1
1520804067.088032 clock_gettime(CLOCK_BOOTTIME, {24567, 986319245}) = 0
1520804067.088044 clock_gettime(CLOCK_BOOTTIME, {24567, 986329856}) = 0
1520804067.088055 select(8, [4 5], [4], NULL, NULL) = 1 (out [4])
1520804067.088072 clock_gettime(CLOCK_BOOTTIME, {24567, 986357323}) = 0
1520804067.088082 write(4, "\304\262\322\360G\263\242\326\241\231\237J,\361v\304\250\1tU\265\224\3\210va\376R\301\273i\1"..., 48) = 48
1520804067.088161 clock_gettime(CLOCK_BOOTTIME, {24567, 986447149}) = 0
1520804067.088172 clock_gettime(CLOCK_BOOTTIME, {24567, 986457782}) = 0
1520804067.088199 select(8, [4 5], [], NULL, NULL) = 1 (in [4])
1520804067.090154 clock_gettime(CLOCK_BOOTTIME, {24567, 988441043}) = 0
1520804067.090167 read(4, "n\37\277\5\234\20\367I\t\21HU\21\337\331\261J\222\215\350\301>\273\324\203\266\240`\225{Q{"..., 8192) = 48
1520804067.090187 clock_gettime(CLOCK_BOOTTIME, {24567, 988473139}) = 0
1520804067.090197 clock_gettime(CLOCK_BOOTTIME, {24567, 988482718}) = 0
1520804067.090207 select(8, [4 5], [6], NULL, NULL) = 1 (out [6])
1520804067.090221 clock_gettime(CLOCK_BOOTTIME, {24567, 988506825}) = 0
1520804067.090231 write(6, "l", 1)      = 1
1520804067.090245 clock_gettime(CLOCK_BOOTTIME, {24567, 988530326}) = 0
1520804067.090254 clock_gettime(CLOCK_BOOTTIME, {24567, 988539480}) = 0
1520804067.090263 select(8, [4 5], [], NULL, NULL) = 1 (in [5])
1520804067.239519 clock_gettime(CLOCK_BOOTTIME, {24568, 137809314}) = 0
1520804067.239540 read(5, "s", 16384)   = 1
1520804067.239571 clock_gettime(CLOCK_BOOTTIME, {24568, 137858237}) = 0
1520804067.239583 clock_gettime(CLOCK_BOOTTIME, {24568, 137868930}) = 0
1520804067.239594 select(8, [4 5], [4], NULL, NULL) = 1 (out [4])
1520804067.239610 clock_gettime(CLOCK_BOOTTIME, {24568, 137895776}) = 0
1520804067.239621 write(4, "\t\312\251Q\316\262\207\6\264y\16\0f\315V\357\272q~=\230\321\332{>\235\345\221j\17\206\22"..., 48) = 48
1520804067.239716 clock_gettime(CLOCK_BOOTTIME, {24568, 138003254}) = 0
1520804067.239733 clock_gettime(CLOCK_BOOTTIME, {24568, 138019538}) = 0
1520804067.239748 select(8, [4 5], [], NULL, NULL) = 1 (in [4])
1520804067.242341 clock_gettime(CLOCK_BOOTTIME, {24568, 140628225}) = 0
1520804067.242354 read(4, "'\220\235M}W\273\362\267V\"\5\351\256\333\6<=\2615\231v\220I3\313\200F\330\301\3b"..., 8192) = 48
1520804067.242374 clock_gettime(CLOCK_BOOTTIME, {24568, 140660048}) = 0
1520804067.242384 clock_gettime(CLOCK_BOOTTIME, {24568, 140669469}) = 0
1520804067.242394 select(8, [4 5], [6], NULL, NULL) = 1 (out [6])
1520804067.242408 clock_gettime(CLOCK_BOOTTIME, {24568, 140693702}) = 0
1520804067.242418 write(6, "s", 1)      = 1
1520804067.242432 clock_gettime(CLOCK_BOOTTIME, {24568, 140717250}) = 0
1520804067.242441 clock_gettime(CLOCK_BOOTTIME, {24568, 140726359}) = 0
1520804067.242450 select(8, [4 5], [], NULL, NULL) = 1 (in [5])
1520804067.423126 clock_gettime(CLOCK_BOOTTIME, {24568, 321415559}) = 0
1520804067.423146 read(5, "\r", 16384)  = 1
1520804067.423174 clock_gettime(CLOCK_BOOTTIME, {24568, 321461457}) = 0
1520804067.423187 clock_gettime(CLOCK_BOOTTIME, {24568, 321472447}) = 0
1520804067.423198 select(8, [4 5], [4], NULL, NULL) = 1 (out [4])
1520804067.423213 clock_gettime(CLOCK_BOOTTIME, {24568, 321498608}) = 0
1520804067.423223 write(4, "\265\357!Z\32\315a\252\371\342_\353P\306\25%\220\25\314\352\266O0\200\377\16\22\276\300\"\223\215"..., 48) = 48
1520804067.423295 clock_gettime(CLOCK_BOOTTIME, {24568, 321581144}) = 0
1520804067.423306 clock_gettime(CLOCK_BOOTTIME, {24568, 321592008}) = 0
1520804067.423316 select(8, [4 5], [], NULL, NULL) = 1 (in [4])
1520804067.426786 clock_gettime(CLOCK_BOOTTIME, {24568, 325073334}) = 0
1520804067.426799 read(4, "\256\303j\357.X\346\362]\265\32\312\263\373y\245\317n\30\t\33\3252\221\233A\32B\335\371\354\367"..., 8192) = 48
1520804067.426820 clock_gettime(CLOCK_BOOTTIME, {24568, 325105640}) = 0
1520804067.426830 clock_gettime(CLOCK_BOOTTIME, {24568, 325115063}) = 0
1520804067.426839 select(8, [4 5], [6], NULL, NULL) = 1 (out [6])
1520804067.426853 clock_gettime(CLOCK_BOOTTIME, {24568, 325138907}) = 0
1520804067.426863 write(6, "\r\n", 2)   = 2
1520804067.426877 clock_gettime(CLOCK_BOOTTIME, {24568, 325162317}) = 0
1520804067.426886 clock_gettime(CLOCK_BOOTTIME, {24568, 325171408}) = 0
1520804067.426895 select(8, [4 5], [], NULL, NULL) = 1 (in [4])
1520804067.429783 clock_gettime(CLOCK_BOOTTIME, {24568, 328070427}) = 0
1520804067.429797 read(4, "\250:O_\331\31\302\33\220\337p\322\203:='[\304\212X\207\201a\214\312-\322\352,Iz\374"..., 8192) = 352
1520804067.429817 clock_gettime(CLOCK_BOOTTIME, {24568, 328103426}) = 0
1520804067.429827 clock_gettime(CLOCK_BOOTTIME, {24568, 328113015}) = 0
1520804067.429897 select(8, [4 5], [6], NULL, NULL) = 1 (out [6])
1520804067.429915 clock_gettime(CLOCK_BOOTTIME, {24568, 328200647}) = 0
1520804067.429925 write(6, "anaconda-ks.cfg  \33[0m\33[01;34mBre"..., 315) = 315
1520804067.429939 clock_gettime(CLOCK_BOOTTIME, {24568, 328224783}) = 0
1520804067.429948 clock_gettime(CLOCK_BOOTTIME, {24568, 328233980}) = 0
1520804067.429958 select(8, [4 5], [], NULL, NULL) = 1 (in [5])
1520804067.734490 clock_gettime(CLOCK_BOOTTIME, {24568, 632779493}) = 0
1520804067.734511 read(5, "l", 16384)   = 1
1520804067.734546 clock_gettime(CLOCK_BOOTTIME, {24568, 632834421}) = 0
1520804067.734564 clock_gettime(CLOCK_BOOTTIME, {24568, 632851298}) = 0
1520804067.734581 select(8, [4 5], [4], NULL, NULL) = 1 (out [4])
1520804067.734606 clock_gettime(CLOCK_BOOTTIME, {24568, 632893274}) = 0
1520804067.734623 write(4, "\375\210IX\351A]J9\370\23_\232B\255\247\v\6Vo\324\202\325\0043\206\322\347\343X\327\377"..., 48) = 48
1520804067.734731 clock_gettime(CLOCK_BOOTTIME, {24568, 633017188}) = 0
1520804067.734743 clock_gettime(CLOCK_BOOTTIME, {24568, 633028057}) = 0
1520804067.734752 select(8, [4 5], [], NULL, NULL) = 1 (in [4])
1520804067.736806 clock_gettime(CLOCK_BOOTTIME, {24568, 635093114}) = 0
1520804067.736819 read(4, "\n\304\2153?\303\177\24\372\36\355\215o\23Gz:\320\356`\235(~\3158)\26\344\4\3615\334"..., 8192) = 48
1520804067.736837 clock_gettime(CLOCK_BOOTTIME, {24568, 635122865}) = 0
1520804067.736847 clock_gettime(CLOCK_BOOTTIME, {24568, 635132347}) = 0
1520804067.736857 select(8, [4 5], [6], NULL, NULL) = 1 (out [6])
1520804067.736870 clock_gettime(CLOCK_BOOTTIME, {24568, 635156015}) = 0
1520804067.736880 write(6, "l", 1)      = 1
1520804067.736893 clock_gettime(CLOCK_BOOTTIME, {24568, 635178730}) = 0
1520804067.736902 clock_gettime(CLOCK_BOOTTIME, {24568, 635187810}) = 0
1520804067.736912 select(8, [4 5], [], NULL, NULL) = 1 (in [5])
1520804067.870003 clock_gettime(CLOCK_BOOTTIME, {24568, 768291987}) = 0
1520804067.870021 read(5, "s", 16384)   = 1
1520804067.870047 clock_gettime(CLOCK_BOOTTIME, {24568, 768333804}) = 0
1520804067.870058 clock_gettime(CLOCK_BOOTTIME, {24568, 768344091}) = 0
1520804067.870069 select(8, [4 5], [4], NULL, NULL) = 1 (out [4])
1520804067.870085 clock_gettime(CLOCK_BOOTTIME, {24568, 768370358}) = 0
1520804067.870095 write(4, "/\370\30\344\246Srt\316\243\262\327\342\340n;\33L\225f\n\2339-\335\6\266\vF\30S\340"..., 48) = 48
1520804067.870162 clock_gettime(CLOCK_BOOTTIME, {24568, 768448094}) = 0
1520804067.870173 clock_gettime(CLOCK_BOOTTIME, {24568, 768458763}) = 0
1520804067.870193 select(8, [4 5], [], NULL, NULL) = 1 (in [4])
1520804067.872423 clock_gettime(CLOCK_BOOTTIME, {24568, 770709754}) = 0
1520804067.872435 read(4, "Q\361\300\242x\2\207w\272L\205\351\210c\240\375gn\336\357-\35\241}\270\316H\215\277l\ro"..., 8192) = 48
1520804067.872455 clock_gettime(CLOCK_BOOTTIME, {24568, 770740639}) = 0
1520804067.872465 clock_gettime(CLOCK_BOOTTIME, {24568, 770750219}) = 0
1520804067.872474 select(8, [4 5], [6], NULL, NULL) = 1 (out [6])
1520804067.872488 clock_gettime(CLOCK_BOOTTIME, {24568, 770773818}) = 0
1520804067.872498 write(6, "s", 1)      = 1
1520804067.872511 clock_gettime(CLOCK_BOOTTIME, {24568, 770796951}) = 0
1520804067.872521 clock_gettime(CLOCK_BOOTTIME, {24568, 770806175}) = 0
1520804067.872530 select(8, [4 5], [], NULL, NULL) = 1 (in [5])
1520804068.005718 clock_gettime(CLOCK_BOOTTIME, {24568, 904006630}) = 0
1520804068.005735 read(5, "\r", 16384)  = 1
1520804068.005761 clock_gettime(CLOCK_BOOTTIME, {24568, 904047725}) = 0
1520804068.005772 clock_gettime(CLOCK_BOOTTIME, {24568, 904058053}) = 0
1520804068.005783 select(8, [4 5], [4], NULL, NULL) = 1 (out [4])
1520804068.005798 clock_gettime(CLOCK_BOOTTIME, {24568, 904083486}) = 0
1520804068.005808 write(4, "\221\345\222\5\247\220>\2168\372k\2169No\254h\333\311\335\244q\346\321\375X\346=0\30\375R"..., 48) = 48
1520804068.005894 clock_gettime(CLOCK_BOOTTIME, {24568, 904180051}) = 0
1520804068.005905 clock_gettime(CLOCK_BOOTTIME, {24568, 904191059}) = 0
1520804068.005915 select(8, [4 5], [], NULL, NULL) = 1 (in [4])
1520804068.008031 clock_gettime(CLOCK_BOOTTIME, {24568, 906317791}) = 0
1520804068.008044 read(4, "\16\251\316l\327\325 \6\34={\33$a\310R\305\10\266(p\22\316\251\366\333T\213a\317\303t"..., 8192) = 48
1520804068.008064 clock_gettime(CLOCK_BOOTTIME, {24568, 906349813}) = 0
1520804068.008074 clock_gettime(CLOCK_BOOTTIME, {24568, 906359788}) = 0
1520804068.008084 select(8, [4 5], [6], NULL, NULL) = 1 (out [6])
1520804068.008099 clock_gettime(CLOCK_BOOTTIME, {24568, 906384860}) = 0
1520804068.008109 write(6, "\r\n", 2)   = 2
1520804068.008124 clock_gettime(CLOCK_BOOTTIME, {24568, 906409508}) = 0
1520804068.008133 clock_gettime(CLOCK_BOOTTIME, {24568, 906419081}) = 0
1520804068.008143 select(8, [4 5], [], NULL, NULL) = 1 (in [4])
1520804068.008786 clock_gettime(CLOCK_BOOTTIME, {24568, 907072813}) = 0
1520804068.008799 read(4, "}cQ\225\31D\241L\260\233\v\306\r\210Z~\3370\0210:\22n\351<vR\17t\\\2\336"..., 8192) = 352
1520804068.008819 clock_gettime(CLOCK_BOOTTIME, {24568, 907104943}) = 0
1520804068.008829 clock_gettime(CLOCK_BOOTTIME, {24568, 907114593}) = 0
1520804068.008855 select(8, [4 5], [6], NULL, NULL) = 1 (out [6])
1520804068.008870 clock_gettime(CLOCK_BOOTTIME, {24568, 907156189}) = 0
1520804068.008880 write(6, "anaconda-ks.cfg  \33[0m\33[01;34mBre"..., 315) = 315
1520804068.008895 clock_gettime(CLOCK_BOOTTIME, {24568, 907180735}) = 0
1520804068.008904 clock_gettime(CLOCK_BOOTTIME, {24568, 907189987}) = 0
1520804068.008914 select(8, [4 5], [], NULL, NULL) = 1 (in [5])
1520804068.317038 clock_gettime(CLOCK_BOOTTIME, {24569, 215325133}) = 0
1520804068.317052 read(5, "l", 16384)   = 1
1520804068.317076 clock_gettime(CLOCK_BOOTTIME, {24569, 215362100}) = 0
1520804068.317086 clock_gettime(CLOCK_BOOTTIME, {24569, 215371665}) = 0
1520804068.317096 select(8, [4 5], [4], NULL, NULL) = 1 (out [4])
1520804068.317111 clock_gettime(CLOCK_BOOTTIME, {24569, 215396125}) = 0
1520804068.317120 write(4, "\206\243^!\356'\224\365\7N\3308\216E\317w|\264\367\274\333\332\266P\v~|\366\311[4{"..., 48) = 48
1520804068.317190 clock_gettime(CLOCK_BOOTTIME, {24569, 215478135}) = 0
1520804068.317205 clock_gettime(CLOCK_BOOTTIME, {24569, 215490653}) = 0
1520804068.317215 select(8, [4 5], [], NULL, NULL) = 1 (in [4])
1520804068.318790 clock_gettime(CLOCK_BOOTTIME, {24569, 217079567}) = 0
1520804068.318810 read(4, "\366\247\3442\210\226\243\333\1\356i\17!\254\324\352y\207r((\352W\377\253~yz\272\362\202\235"..., 8192) = 48
1520804068.318837 clock_gettime(CLOCK_BOOTTIME, {24569, 217124879}) = 0
1520804068.318854 clock_gettime(CLOCK_BOOTTIME, {24569, 217139653}) = 0
1520804068.318864 select(8, [4 5], [6], NULL, NULL) = 1 (out [6])
1520804068.318879 clock_gettime(CLOCK_BOOTTIME, {24569, 217164880}) = 0
1520804068.318889 write(6, "l", 1)      = 1
1520804068.318903 clock_gettime(CLOCK_BOOTTIME, {24569, 217188238}) = 0
1520804068.318912 clock_gettime(CLOCK_BOOTTIME, {24569, 217197285}) = 0
1520804068.318921 select(8, [4 5], [], NULL, NULL) = 1 (in [5])
1520804068.468902 clock_gettime(CLOCK_BOOTTIME, {24569, 367196700}) = 0
1520804068.468934 read(5, "s", 16384)   = 1
1520804068.468981 clock_gettime(CLOCK_BOOTTIME, {24569, 367271025}) = 0
1520804068.469003 clock_gettime(CLOCK_BOOTTIME, {24569, 367290890}) = 0
1520804068.469022 select(8, [4 5], [4], NULL, NULL) = 1 (out [4])
1520804068.469051 clock_gettime(CLOCK_BOOTTIME, {24569, 367339015}) = 0
1520804068.469069 write(4, "l\20\306h+\365\363i\353>a?\346x\246\321\377a\222K\260O\216\365\356\236\35\342t\276G\244"..., 48) = 48
1520804068.469215 clock_gettime(CLOCK_BOOTTIME, {24569, 367502992}) = 0
1520804068.469233 clock_gettime(CLOCK_BOOTTIME, {24569, 367519892}) = 0
1520804068.469250 select(8, [4 5], [], NULL, NULL) = 1 (in [4])
1520804068.471651 clock_gettime(CLOCK_BOOTTIME, {24569, 369937962}) = 0
1520804068.471665 read(4, "\303\177\342\305O\302r\364%b\222\277\34y\177i\1\7L\344Da\303\302\246\236D\266\263\0005\2"..., 8192) = 48
1520804068.471692 clock_gettime(CLOCK_BOOTTIME, {24569, 369977611}) = 0
1520804068.471702 clock_gettime(CLOCK_BOOTTIME, {24569, 369987161}) = 0
1520804068.471712 select(8, [4 5], [6], NULL, NULL) = 1 (out [6])
1520804068.471814 clock_gettime(CLOCK_BOOTTIME, {24569, 370100189}) = 0
1520804068.471825 write(6, "s", 1)      = 1
1520804068.471840 clock_gettime(CLOCK_BOOTTIME, {24569, 370125370}) = 0
1520804068.471849 clock_gettime(CLOCK_BOOTTIME, {24569, 370134546}) = 0
1520804068.471858 select(8, [4 5], [], NULL, NULL) = 1 (in [5])
1520804068.588540 clock_gettime(CLOCK_BOOTTIME, {24569, 486827806}) = 0
1520804068.588555 read(5, "\r", 16384)  = 1
1520804068.588586 clock_gettime(CLOCK_BOOTTIME, {24569, 486874120}) = 0
1520804068.588603 clock_gettime(CLOCK_BOOTTIME, {24569, 486890323}) = 0
1520804068.588620 select(8, [4 5], [4], NULL, NULL) = 1 (out [4])
1520804068.588644 clock_gettime(CLOCK_BOOTTIME, {24569, 486931020}) = 0
1520804068.588660 write(4, "@\10xg\304\313\2262e8\332\34\212?\274\237\t-=Q\254\376L\373\366\5\244\21\21\350v\37"..., 48) = 48
1520804068.588750 clock_gettime(CLOCK_BOOTTIME, {24569, 487037734}) = 0
1520804068.588797 clock_gettime(CLOCK_BOOTTIME, {24569, 487090328}) = 0
1520804068.588817 select(8, [4 5], [], NULL, NULL) = 1 (in [4])
1520804068.590983 clock_gettime(CLOCK_BOOTTIME, {24569, 489270943}) = 0
1520804068.590999 read(4, "D 6L~\246Q\317\335\337\233\347b\300.\201\253L!\1Tm\320<\0313\251[\344 fu"..., 8192) = 48
1520804068.591027 clock_gettime(CLOCK_BOOTTIME, {24569, 489313069}) = 0
1520804068.591037 clock_gettime(CLOCK_BOOTTIME, {24569, 489323244}) = 0
1520804068.591048 select(8, [4 5], [6], NULL, NULL) = 1 (out [6])
1520804068.591064 clock_gettime(CLOCK_BOOTTIME, {24569, 489349355}) = 0
1520804068.591074 write(6, "\r\n", 2)   = 2
1520804068.591089 clock_gettime(CLOCK_BOOTTIME, {24569, 489375134}) = 0
1520804068.591099 clock_gettime(CLOCK_BOOTTIME, {24569, 489384627}) = 0
1520804068.591109 select(8, [4 5], [], NULL, NULL) = 1 (in [4])
1520804068.591804 clock_gettime(CLOCK_BOOTTIME, {24569, 490091506}) = 0
1520804068.591819 read(4, "\10\341\340\367\343\326\342\274\243\334\220[\353\223\222\241\t\205\377\315\204\336\372\267m\246k0\325ZK\245"..., 8192) = 352
1520804068.591845 clock_gettime(CLOCK_BOOTTIME, {24569, 490130748}) = 0
1520804068.591855 clock_gettime(CLOCK_BOOTTIME, {24569, 490140855}) = 0
1520804068.591865 select(8, [4 5], [6], NULL, NULL) = 1 (out [6])
1520804068.591881 clock_gettime(CLOCK_BOOTTIME, {24569, 490166499}) = 0
1520804068.591891 write(6, "anaconda-ks.cfg  \33[0m\33[01;34mBre"..., 315) = 315
1520804068.591906 clock_gettime(CLOCK_BOOTTIME, {24569, 490191755}) = 0
1520804068.591916 clock_gettime(CLOCK_BOOTTIME, {24569, 490201222}) = 0
1520804068.591925 select(8, [4 5], [], NULL, NULL) = 1 (in [5])
1520804069.426587 clock_gettime(CLOCK_BOOTTIME, {24570, 324875054}) = 0
1520804069.426602 read(5, "t", 16384)   = 1
1520804069.426628 clock_gettime(CLOCK_BOOTTIME, {24570, 324914404}) = 0
1520804069.426638 clock_gettime(CLOCK_BOOTTIME, {24570, 324923914}) = 0
1520804069.426648 select(8, [4 5], [4], NULL, NULL) = 1 (out [4])
1520804069.426662 clock_gettime(CLOCK_BOOTTIME, {24570, 324948104}) = 0
1520804069.426672 write(4, "tG\336\351\247\275O\364*5\207\353cy\205\371N\331\372\260\323\347\256\236\f\213\223\224y\311t\277"..., 48) = 48
1520804069.426734 clock_gettime(CLOCK_BOOTTIME, {24570, 325019654}) = 0
1520804069.426744 clock_gettime(CLOCK_BOOTTIME, {24570, 325029854}) = 0
1520804069.426754 select(8, [4 5], [], NULL, NULL) = 1 (in [4])
1520804069.429441 clock_gettime(CLOCK_BOOTTIME, {24570, 327727747}) = 0
1520804069.429454 read(4, "{Y\204\376}0\vPXyh\30+\273\253TT*#\2231\314Zw\357\224)\20m\251\300\250"..., 8192) = 48
1520804069.429471 clock_gettime(CLOCK_BOOTTIME, {24570, 327757535}) = 0
1520804069.429482 clock_gettime(CLOCK_BOOTTIME, {24570, 327767435}) = 0
1520804069.429492 select(8, [4 5], [6], NULL, NULL) = 1 (out [6])
1520804069.429506 clock_gettime(CLOCK_BOOTTIME, {24570, 327791817}) = 0
1520804069.429516 write(6, "t", 1)      = 1
1520804069.429529 clock_gettime(CLOCK_BOOTTIME, {24570, 327814644}) = 0
1520804069.429539 clock_gettime(CLOCK_BOOTTIME, {24570, 327824083}) = 0
1520804069.429548 select(8, [4 5], [], NULL, NULL) = 1 (in [5])
1520804069.570143 clock_gettime(CLOCK_BOOTTIME, {24570, 468483005}) = 0
1520804069.570214 read(5, "o", 16384)   = 1
1520804069.570242 clock_gettime(CLOCK_BOOTTIME, {24570, 468528627}) = 0
1520804069.570253 clock_gettime(CLOCK_BOOTTIME, {24570, 468538401}) = 0
1520804069.570263 select(8, [4 5], [4], NULL, NULL) = 1 (out [4])
1520804069.570279 clock_gettime(CLOCK_BOOTTIME, {24570, 468564812}) = 0
1520804069.570290 write(4, "bH\322\nZP\321\272\32\352\377\346\24a\t\364\360\357&A)\fj\302\262\305\323G\353\2422\177"..., 48) = 48
1520804069.570357 clock_gettime(CLOCK_BOOTTIME, {24570, 468643131}) = 0
1520804069.570368 clock_gettime(CLOCK_BOOTTIME, {24570, 468653775}) = 0
1520804069.570378 select(8, [4 5], [], NULL, NULL) = 1 (in [4])
1520804069.571770 clock_gettime(CLOCK_BOOTTIME, {24570, 470057239}) = 0
1520804069.571783 read(4, "'#P\276r%\256\371\16\304\314&\3035\226z\237\310\v5\254G\250\24Ox\355\215s\272D\1"..., 8192) = 48
1520804069.571802 clock_gettime(CLOCK_BOOTTIME, {24570, 470088228}) = 0
1520804069.571812 clock_gettime(CLOCK_BOOTTIME, {24570, 470097692}) = 0
1520804069.571822 select(8, [4 5], [6], NULL, NULL) = 1 (out [6])
1520804069.571836 clock_gettime(CLOCK_BOOTTIME, {24570, 470121351}) = 0
1520804069.571845 write(6, "o", 1)      = 1
1520804069.571859 clock_gettime(CLOCK_BOOTTIME, {24570, 470144953}) = 0
1520804069.571869 clock_gettime(CLOCK_BOOTTIME, {24570, 470154128}) = 0
1520804069.571878 select(8, [4 5], [], NULL, NULL) = 1 (in [5])
1520804069.762992 clock_gettime(CLOCK_BOOTTIME, {24570, 661279462}) = 0
1520804069.763008 read(5, "p", 16384)   = 1
1520804069.763035 clock_gettime(CLOCK_BOOTTIME, {24570, 661321550}) = 0
1520804069.763046 clock_gettime(CLOCK_BOOTTIME, {24570, 661331256}) = 0
1520804069.763056 select(8, [4 5], [4], NULL, NULL) = 1 (out [4])
1520804069.763070 clock_gettime(CLOCK_BOOTTIME, {24570, 661355419}) = 0
1520804069.763080 write(4, "\362wt\363{xU\256\240/\326\7\330n\1R4\225\200R2(\353x\306\346,\212V\342\201\204"..., 48) = 48
1520804069.763154 clock_gettime(CLOCK_BOOTTIME, {24570, 661439967}) = 0
1520804069.763165 clock_gettime(CLOCK_BOOTTIME, {24570, 661450129}) = 0
1520804069.763174 select(8, [4 5], [], NULL, NULL) = 1 (in [4])
1520804069.765241 clock_gettime(CLOCK_BOOTTIME, {24570, 663527772}) = 0
1520804069.765254 read(4, "\35\315Pp\36Y\233\241\200\341\330\255\253=\367\362\245\363E\206\3035\325gn\36Z\302cw\242O"..., 8192) = 48
1520804069.765271 clock_gettime(CLOCK_BOOTTIME, {24570, 663557041}) = 0
1520804069.765281 clock_gettime(CLOCK_BOOTTIME, {24570, 663566973}) = 0
1520804069.765291 select(8, [4 5], [6], NULL, NULL) = 1 (out [6])
1520804069.765305 clock_gettime(CLOCK_BOOTTIME, {24570, 663591240}) = 0
1520804069.765315 write(6, "p", 1)      = 1
1520804069.765328 clock_gettime(CLOCK_BOOTTIME, {24570, 663614175}) = 0
1520804069.765338 clock_gettime(CLOCK_BOOTTIME, {24570, 663623627}) = 0
1520804069.765348 select(8, [4 5], [], NULL, NULL) = 1 (in [5])
1520804070.088954 clock_gettime(CLOCK_BOOTTIME, {24570, 987242063}) = 0
1520804070.088970 read(5, "\r", 16384)  = 1
1520804070.088995 clock_gettime(CLOCK_BOOTTIME, {24570, 987280956}) = 0
1520804070.089005 clock_gettime(CLOCK_BOOTTIME, {24570, 987290474}) = 0
1520804070.089015 select(8, [4 5], [4], NULL, NULL) = 1 (out [4])
1520804070.089029 clock_gettime(CLOCK_BOOTTIME, {24570, 987314544}) = 0
1520804070.089039 write(4, "\370\331\323\274\17\f\227\22\270vSC\24J&\330\233K]\250\352\215\240U\272\216\323\356\372pN\33"..., 48) = 48
1520804070.089099 clock_gettime(CLOCK_BOOTTIME, {24570, 987385213}) = 0
1520804070.089110 clock_gettime(CLOCK_BOOTTIME, {24570, 987395451}) = 0
1520804070.089119 select(8, [4 5], [], NULL, NULL) = 1 (in [4])
1520804070.093022 clock_gettime(CLOCK_BOOTTIME, {24570, 991309506}) = 0
1520804070.093036 read(4, "\363\315\236y\356\236\214\22P2;=I/+f\346\276:\236\250\35\320+\244d\n\214\273\t\371\340"..., 8192) = 48
1520804070.093055 clock_gettime(CLOCK_BOOTTIME, {24570, 991341328}) = 0
1520804070.093065 clock_gettime(CLOCK_BOOTTIME, {24570, 991350914}) = 0
1520804070.093075 select(8, [4 5], [6], NULL, NULL) = 1 (out [6])
1520804070.093089 clock_gettime(CLOCK_BOOTTIME, {24570, 991435167}) = 0
1520804070.093163 write(6, "\r\n", 2)   = 2
1520804070.093186 clock_gettime(CLOCK_BOOTTIME, {24570, 991474471}) = 0
1520804070.093199 clock_gettime(CLOCK_BOOTTIME, {24570, 991484374}) = 0
1520804070.093208 select(8, [4 5], [], NULL, NULL) = 1 (in [4])
1520804070.689020 clock_gettime(CLOCK_BOOTTIME, {24571, 587307677}) = 0
1520804070.689035 read(4, "\372*\320\2TN@\277\3054\260\232\224\305`\225A%6l\331\20\336\302\3770J$\226\21\220\222"..., 8192) = 2896
1520804070.689056 clock_gettime(CLOCK_BOOTTIME, {24571, 587341887}) = 0
1520804070.689066 clock_gettime(CLOCK_BOOTTIME, {24571, 587351744}) = 0
1520804070.689076 select(8, [4 5], [], NULL, NULL) = 1 (in [4])
1520804070.689189 clock_gettime(CLOCK_BOOTTIME, {24571, 587475203}) = 0
1520804070.689200 read(4, "\255\220\335\2670\263y\215n\23\212O\277i8\237a#\237\25EB^\260R\221\351\302\226\v\305\236"..., 8192) = 2696
1520804070.689367 clock_gettime(CLOCK_BOOTTIME, {24571, 587655543}) = 0
1520804070.689381 clock_gettime(CLOCK_BOOTTIME, {24571, 587666432}) = 0
1520804070.689390 select(8, [4 5], [6], NULL, NULL) = 2 (in [4], out [6])
1520804070.689405 clock_gettime(CLOCK_BOOTTIME, {24571, 587690669}) = 0
1520804070.689415 write(6, "\33[H\33[2J\33(B\33[mtop - 05:34:30 up  "..., 4095) = 4095
1520804070.689432 read(4, "J\311\0\365K\362\2672\0316\227\306\257!\4J\266\207\32d}\310\356\357\22,\f\351\307\250\26\6"..., 8192) = 520
1520804070.689450 clock_gettime(CLOCK_BOOTTIME, {24571, 587735877}) = 0
1520804070.689460 clock_gettime(CLOCK_BOOTTIME, {24571, 587745040}) = 0
1520804070.689469 select(8, [4 5], [6], NULL, NULL) = 1 (out [6])
1520804070.689481 clock_gettime(CLOCK_BOOTTIME, {24571, 587766903}) = 0
1520804070.689491 write(6, "                                "..., 1927) = 1927
1520804070.689530 clock_gettime(CLOCK_BOOTTIME, {24571, 587815632}) = 0
1520804070.689540 clock_gettime(CLOCK_BOOTTIME, {24571, 587825435}) = 0
1520804070.689549 select(8, [4 5], [], NULL, NULL) = 1 (in [5])
1520804071.373977 clock_gettime(CLOCK_BOOTTIME, {24572, 272265704}) = 0
1520804071.373995 read(5, "\3", 16384)  = 1
1520804071.374021 clock_gettime(CLOCK_BOOTTIME, {24572, 272307350}) = 0
1520804071.374032 clock_gettime(CLOCK_BOOTTIME, {24572, 272317327}) = 0
1520804071.374042 select(8, [4 5], [4], NULL, NULL) = 1 (out [4])
1520804071.374057 clock_gettime(CLOCK_BOOTTIME, {24572, 272343145}) = 0
1520804071.374068 write(4, "\333\226\275\337\332\271\353=b\256\r+i8\6\342\263\17\201B\351\341\2163\304x\20\276`\363\211\311"..., 48) = 48
1520804071.374140 clock_gettime(CLOCK_BOOTTIME, {24572, 272426148}) = 0
1520804071.374151 clock_gettime(CLOCK_BOOTTIME, {24572, 272436816}) = 0
1520804071.374161 select(8, [4 5], [], NULL, NULL) = 1 (in [4])
1520804071.376100 clock_gettime(CLOCK_BOOTTIME, {24572, 274387135}) = 0
1520804071.376113 read(4, "w;1\230d\2554Y=w\242uE2!Z\335_\275\231mU\315\vO+\216G\352\31\257{"..., 8192) = 128
1520804071.376133 clock_gettime(CLOCK_BOOTTIME, {24572, 274419072}) = 0
1520804071.376143 clock_gettime(CLOCK_BOOTTIME, {24572, 274428688}) = 0
1520804071.376153 select(8, [4 5], [6], NULL, NULL) = 1 (out [6])
1520804071.376167 clock_gettime(CLOCK_BOOTTIME, {24572, 274452869}) = 0
1520804071.376177 write(6, "\33[31;1H\33[?12l\33[?25h\r\n\33]0;root@Br"..., 84) = 84
1520804071.376191 clock_gettime(CLOCK_BOOTTIME, {24572, 274476232}) = 0
1520804071.376200 clock_gettime(CLOCK_BOOTTIME, {24572, 274485358}) = 0
1520804071.376209 select(8, [4 5], [], NULL, NULL) = 1 (in [5])
1520804072.196043 clock_gettime(CLOCK_BOOTTIME, {24573, 94332385}) = 0
1520804072.196061 read(5, "l", 16384)   = 1
1520804072.196090 clock_gettime(CLOCK_BOOTTIME, {24573, 94376362}) = 0
1520804072.196101 clock_gettime(CLOCK_BOOTTIME, {24573, 94386311}) = 0
1520804072.196111 select(8, [4 5], [4], NULL, NULL) = 1 (out [4])
1520804072.196128 clock_gettime(CLOCK_BOOTTIME, {24573, 94413724}) = 0
1520804072.196139 write(4, "\324\203\r\325\2238\234%B\31[nA\313\355\333w&\r\34\302\241\346\227\16(\10~nk\6\320"..., 48) = 48
1520804072.196239 clock_gettime(CLOCK_BOOTTIME, {24573, 94525629}) = 0
1520804072.196251 clock_gettime(CLOCK_BOOTTIME, {24573, 94594321}) = 0
1520804072.196322 select(8, [4 5], [], NULL, NULL) = 1 (in [4])
1520804072.197867 clock_gettime(CLOCK_BOOTTIME, {24573, 96154070}) = 0
1520804072.197880 read(4, "\252\303\1\274O\25zJ\365\2216\317\30\333tg\377q\345.\3v#\363\305\256K\367_\0^\322"..., 8192) = 48
1520804072.197901 clock_gettime(CLOCK_BOOTTIME, {24573, 96186669}) = 0
1520804072.197911 clock_gettime(CLOCK_BOOTTIME, {24573, 96196692}) = 0
1520804072.197921 select(8, [4 5], [6], NULL, NULL) = 1 (out [6])
1520804072.197936 clock_gettime(CLOCK_BOOTTIME, {24573, 96221600}) = 0
1520804072.197946 write(6, "l", 1)      = 1
1520804072.197960 clock_gettime(CLOCK_BOOTTIME, {24573, 96245549}) = 0
1520804072.197970 clock_gettime(CLOCK_BOOTTIME, {24573, 96255128}) = 0
1520804072.197979 select(8, [4 5], [], NULL, NULL) = 1 (in [5])
1520804072.331616 clock_gettime(CLOCK_BOOTTIME, {24573, 229903815}) = 0
1520804072.331631 read(5, "s", 16384)   = 1
1520804072.331656 clock_gettime(CLOCK_BOOTTIME, {24573, 229942474}) = 0
1520804072.331667 clock_gettime(CLOCK_BOOTTIME, {24573, 229952295}) = 0
1520804072.331677 select(8, [4 5], [4], NULL, NULL) = 1 (out [4])
1520804072.331692 clock_gettime(CLOCK_BOOTTIME, {24573, 229977898}) = 0
1520804072.331703 write(4, ":\321)\260\214\234\267T\204\4\264\307U\207}8}\346\342k\341\234\\\36^\326O\n\222\347\3361"..., 48) = 48
1520804072.331779 clock_gettime(CLOCK_BOOTTIME, {24573, 230064890}) = 0
1520804072.331790 clock_gettime(CLOCK_BOOTTIME, {24573, 230075413}) = 0
1520804072.331800 select(8, [4 5], [], NULL, NULL) = 1 (in [4])
1520804072.334222 clock_gettime(CLOCK_BOOTTIME, {24573, 232509031}) = 0
1520804072.334235 read(4, "\327\340&\354\273e\377\320\364\303\245!%?\245Vx.\234>|\337a@\342\350^ZP\220\35d"..., 8192) = 48
1520804072.334256 clock_gettime(CLOCK_BOOTTIME, {24573, 232542221}) = 0
1520804072.334266 clock_gettime(CLOCK_BOOTTIME, {24573, 232551999}) = 0
1520804072.334276 select(8, [4 5], [6], NULL, NULL) = 1 (out [6])
1520804072.334291 clock_gettime(CLOCK_BOOTTIME, {24573, 232576341}) = 0
1520804072.334301 write(6, "s", 1)      = 1
1520804072.334315 clock_gettime(CLOCK_BOOTTIME, {24573, 232600364}) = 0
1520804072.334324 clock_gettime(CLOCK_BOOTTIME, {24573, 232609802}) = 0
1520804072.334334 select(8, [4 5], [], NULL, NULL) = 1 (in [5])
1520804073.321367 clock_gettime(CLOCK_BOOTTIME, {24574, 219654909}) = 0
1520804073.321382 read(5, "\r", 16384)  = 1
1520804073.321409 clock_gettime(CLOCK_BOOTTIME, {24574, 219694964}) = 0
1520804073.321419 clock_gettime(CLOCK_BOOTTIME, {24574, 219704758}) = 0
1520804073.321429 select(8, [4 5], [4], NULL, NULL) = 1 (out [4])
1520804073.321444 clock_gettime(CLOCK_BOOTTIME, {24574, 219729283}) = 0
1520804073.321454 write(4, "\335n\f\203\16\200j\276\243\323\3\16\363\337\2423\363d\262\342\6L \204xd\252\321 \335\2\353"..., 48) = 48
1520804073.321514 clock_gettime(CLOCK_BOOTTIME, {24574, 219799486}) = 0
1520804073.321524 clock_gettime(CLOCK_BOOTTIME, {24574, 219809709}) = 0
1520804073.321534 select(8, [4 5], [], NULL, NULL) = 1 (in [4])
1520804073.324039 clock_gettime(CLOCK_BOOTTIME, {24574, 222325669}) = 0
1520804073.324051 read(4, "\267\370\t\367\304\376D\202\30\3106\362\351\217\26\304\276\301\37\250\226\362S.<\3615\335\250 \233j"..., 8192) = 48
1520804073.324068 clock_gettime(CLOCK_BOOTTIME, {24574, 222353593}) = 0
1520804073.324077 clock_gettime(CLOCK_BOOTTIME, {24574, 222362898}) = 0
1520804073.324087 select(8, [4 5], [6], NULL, NULL) = 1 (out [6])
1520804073.324100 clock_gettime(CLOCK_BOOTTIME, {24574, 222385732}) = 0
1520804073.324110 write(6, "\r\n", 2)   = 2
1520804073.324122 clock_gettime(CLOCK_BOOTTIME, {24574, 222408011}) = 0
1520804073.324132 clock_gettime(CLOCK_BOOTTIME, {24574, 222417191}) = 0
1520804073.324141 select(8, [4 5], [], NULL, NULL) = 1 (in [4])
1520804073.324823 clock_gettime(CLOCK_BOOTTIME, {24574, 223111697}) = 0
1520804073.324842 read(4, "\267\27#X\36b\3156y\242S\342r\262>\326w\207\210\376}\31\342\220:\230\274`\330\336zr"..., 8192) = 352
1520804073.324869 clock_gettime(CLOCK_BOOTTIME, {24574, 223157462}) = 0
1520804073.324900 clock_gettime(CLOCK_BOOTTIME, {24574, 223247107}) = 0
1520804073.324975 select(8, [4 5], [6], NULL, NULL) = 1 (out [6])
1520804073.324991 clock_gettime(CLOCK_BOOTTIME, {24574, 223276269}) = 0
1520804073.325000 write(6, "anaconda-ks.cfg  \33[0m\33[01;34mBre"..., 315) = 315
1520804073.325015 clock_gettime(CLOCK_BOOTTIME, {24574, 223300469}) = 0
1520804073.325024 clock_gettime(CLOCK_BOOTTIME, {24574, 223309708}) = 0
1520804073.325033 select(8, [4 5], [], NULL, NULL) = 1 (in [5])
1520804073.872227 clock_gettime(CLOCK_BOOTTIME, {24574, 770514425}) = 0
1520804073.872242 read(5, "v", 16384)   = 1
1520804073.872266 clock_gettime(CLOCK_BOOTTIME, {24574, 770552262}) = 0
1520804073.872276 clock_gettime(CLOCK_BOOTTIME, {24574, 770562035}) = 0
1520804073.872286 select(8, [4 5], [4], NULL, NULL) = 1 (out [4])
1520804073.872301 clock_gettime(CLOCK_BOOTTIME, {24574, 770586304}) = 0
1520804073.872311 write(4, "\203|\fJ\205\245\300cg\216\0\201\210\360Y\230L\234e\36\360r\231\260\356\322\271\16\22M\354G"..., 48) = 48
1520804073.872370 clock_gettime(CLOCK_BOOTTIME, {24574, 770656437}) = 0
1520804073.872381 clock_gettime(CLOCK_BOOTTIME, {24574, 770666686}) = 0
1520804073.872391 select(8, [4 5], [], NULL, NULL) = 1 (in [4])
1520804073.874234 clock_gettime(CLOCK_BOOTTIME, {24574, 772522701}) = 0
1520804073.874253 read(4, "u\313B0\255U\33\350\26IN/\312\375OsLf\20\6\216\\\27\222x\246\25\323w\241\33}"..., 8192) = 48
1520804073.874278 clock_gettime(CLOCK_BOOTTIME, {24574, 772566122}) = 0
1520804073.874295 clock_gettime(CLOCK_BOOTTIME, {24574, 772582472}) = 0
1520804073.874311 select(8, [4 5], [6], NULL, NULL) = 1 (out [6])
1520804073.874327 clock_gettime(CLOCK_BOOTTIME, {24574, 772612348}) = 0
1520804073.874336 write(6, "v", 1)      = 1
1520804073.874350 clock_gettime(CLOCK_BOOTTIME, {24574, 772635364}) = 0
1520804073.874359 clock_gettime(CLOCK_BOOTTIME, {24574, 772644569}) = 0
1520804073.874368 select(8, [4 5], [], NULL, NULL) = 1 (in [5])
1520804073.983879 clock_gettime(CLOCK_BOOTTIME, {24574, 882167993}) = 0
1520804073.983897 read(5, "i", 16384)   = 1
1520804073.983923 clock_gettime(CLOCK_BOOTTIME, {24574, 882209399}) = 0
1520804073.983934 clock_gettime(CLOCK_BOOTTIME, {24574, 882219252}) = 0
1520804073.983944 select(8, [4 5], [4], NULL, NULL) = 1 (out [4])
1520804073.983960 clock_gettime(CLOCK_BOOTTIME, {24574, 882245589}) = 0
1520804073.983970 write(4, ">\320\356\205\213b\307\253D5*\372lm\353\301#qV>p\201m\265CL8\230\335\5\305\307"..., 48) = 48
1520804073.984050 clock_gettime(CLOCK_BOOTTIME, {24574, 882337052}) = 0
1520804073.984066 clock_gettime(CLOCK_BOOTTIME, {24574, 882352733}) = 0
1520804073.984095 select(8, [4 5], [], NULL, NULL) = 1 (in [4])
1520804073.986309 clock_gettime(CLOCK_BOOTTIME, {24574, 884595721}) = 0
1520804073.986321 read(4, "\f\7\0203b\212S\355\332e\354\254\303\3057\v\33\214\303\201\210\223^\272?\332,\364\31s\263<"..., 8192) = 48
1520804073.986341 clock_gettime(CLOCK_BOOTTIME, {24574, 884626652}) = 0
1520804073.986351 clock_gettime(CLOCK_BOOTTIME, {24574, 884636070}) = 0
1520804073.986360 select(8, [4 5], [6], NULL, NULL) = 1 (out [6])
1520804073.986374 clock_gettime(CLOCK_BOOTTIME, {24574, 884659772}) = 0
1520804073.986384 write(6, "i", 1)      = 1
1520804073.986397 clock_gettime(CLOCK_BOOTTIME, {24574, 884682786}) = 0
1520804073.986406 clock_gettime(CLOCK_BOOTTIME, {24574, 884691903}) = 0
1520804073.986416 select(8, [4 5], [], NULL, NULL) = 1 (in [5])
1520804074.255232 clock_gettime(CLOCK_BOOTTIME, {24575, 153522123}) = 0
1520804074.255252 read(5, "m", 16384)   = 1
1520804074.255283 clock_gettime(CLOCK_BOOTTIME, {24575, 153569686}) = 0
1520804074.255295 clock_gettime(CLOCK_BOOTTIME, {24575, 153580451}) = 0
1520804074.255306 select(8, [4 5], [4], NULL, NULL) = 1 (out [4])
1520804074.255322 clock_gettime(CLOCK_BOOTTIME, {24575, 153607611}) = 0
1520804074.255333 write(4, "\226\377!\266\246^N\335\356BY\\\335\337E\360o&>\33\340\370U\330f\246\274\362\274\233\360\303"..., 48) = 48
1520804074.255405 clock_gettime(CLOCK_BOOTTIME, {24575, 153691579}) = 0
1520804074.255417 clock_gettime(CLOCK_BOOTTIME, {24575, 153703065}) = 0
1520804074.255428 select(8, [4 5], [], NULL, NULL) = 1 (in [4])
1520804074.257195 clock_gettime(CLOCK_BOOTTIME, {24575, 155480912}) = 0
1520804074.257206 read(4, "mdh\376\210\254<\234\33\10\217\227\372\255&]\337`G\326\341\3144\271\177\271\324\310k\357v="..., 8192) = 48
1520804074.257225 clock_gettime(CLOCK_BOOTTIME, {24575, 155510974}) = 0
1520804074.257235 clock_gettime(CLOCK_BOOTTIME, {24575, 155520352}) = 0
1520804074.257244 select(8, [4 5], [6], NULL, NULL) = 1 (out [6])
1520804074.257258 clock_gettime(CLOCK_BOOTTIME, {24575, 155543486}) = 0
1520804074.257267 write(6, "m", 1)      = 1
1520804074.257283 clock_gettime(CLOCK_BOOTTIME, {24575, 155568609}) = 0
1520804074.257292 clock_gettime(CLOCK_BOOTTIME, {24575, 155577719}) = 0
1520804074.257302 select(8, [4 5], [], NULL, NULL) = 1 (in [5])
1520804074.510636 clock_gettime(CLOCK_BOOTTIME, {24575, 408923380}) = 0
1520804074.510651 read(5, "\r", 16384)  = 1
1520804074.510676 clock_gettime(CLOCK_BOOTTIME, {24575, 408961931}) = 0
1520804074.510686 clock_gettime(CLOCK_BOOTTIME, {24575, 408971352}) = 0
1520804074.510696 select(8, [4 5], [4], NULL, NULL) = 1 (out [4])
1520804074.510710 clock_gettime(CLOCK_BOOTTIME, {24575, 408995481}) = 0
1520804074.510720 write(4, "T\337\335\207i\350n\361\20\r\213eZ\374\253\222a\366>~;o\27of9\v\312\235\376P\223"..., 48) = 48
1520804074.510791 clock_gettime(CLOCK_BOOTTIME, {24575, 409077256}) = 0
1520804074.510802 clock_gettime(CLOCK_BOOTTIME, {24575, 409087689}) = 0
1520804074.510812 select(8, [4 5], [], NULL, NULL) = 1 (in [4])
1520804074.514505 clock_gettime(CLOCK_BOOTTIME, {24575, 412791629}) = 0
1520804074.514518 read(4, "\347\312!i#\241\217uk=\251M\344\233x\25\215t*\234h[?\377En\317\31b\375\262v"..., 8192) = 48
1520804074.514537 clock_gettime(CLOCK_BOOTTIME, {24575, 412822641}) = 0
1520804074.514547 clock_gettime(CLOCK_BOOTTIME, {24575, 412832012}) = 0
1520804074.514556 select(8, [4 5], [6], NULL, NULL) = 1 (out [6])
1520804074.514570 clock_gettime(CLOCK_BOOTTIME, {24575, 412855584}) = 0
1520804074.514580 write(6, "\r\n", 2)   = 2
1520804074.514593 clock_gettime(CLOCK_BOOTTIME, {24575, 412878379}) = 0
1520804074.514602 clock_gettime(CLOCK_BOOTTIME, {24575, 412887495}) = 0
1520804074.514611 select(8, [4 5], [], NULL, NULL) = 1 (in [4])
1520804075.031031 clock_gettime(CLOCK_BOOTTIME, {24575, 929320053}) = 0
1520804075.031050 read(4, "6u\313Vq\336\334,\326\332\274A!\252\255-\275y\245/\30d\22\f\35u\254\350\275\324k\220"..., 8192) = 80
1520804075.031082 clock_gettime(CLOCK_BOOTTIME, {24575, 929368376}) = 0
1520804075.031094 clock_gettime(CLOCK_BOOTTIME, {24575, 929379372}) = 0
1520804075.031105 select(8, [4 5], [6], NULL, NULL) = 1 (out [6])
1520804075.031121 clock_gettime(CLOCK_BOOTTIME, {24575, 929406959}) = 0
1520804075.031132 write(6, "\33[?1049h\33[?1h\33=\33[2;1H\342\226\275\33[6n\33[2;"..., 42) = 42
1520804075.031148 clock_gettime(CLOCK_BOOTTIME, {24575, 929433543}) = 0
1520804075.031158 clock_gettime(CLOCK_BOOTTIME, {24575, 929443070}) = 0
1520804075.031167 select(8, [4 5], [], NULL, NULL) = 1 (in [5])
1520804075.032377 clock_gettime(CLOCK_BOOTTIME, {24575, 930664330}) = 0
1520804075.032390 read(5, "\33[2;2R", 16384) = 6
1520804075.032411 clock_gettime(CLOCK_BOOTTIME, {24575, 930697349}) = 0
1520804075.032422 clock_gettime(CLOCK_BOOTTIME, {24575, 930707157}) = 0
1520804075.032432 select(8, [4 5], [4], NULL, NULL) = 1 (out [4])
1520804075.032446 clock_gettime(CLOCK_BOOTTIME, {24575, 930731663}) = 0
1520804075.032456 write(4, "\20\10\252r\331\333\362\336\240/\27\333\275\362GX\206L\264_<y\26004\365\335q\244XY?"..., 48) = 48
1520804075.032512 clock_gettime(CLOCK_BOOTTIME, {24575, 930797862}) = 0
1520804075.032523 clock_gettime(CLOCK_BOOTTIME, {24575, 930808413}) = 0
1520804075.032532 select(8, [4 5], [], NULL, NULL) = 1 (in [4])
1520804075.032683 clock_gettime(CLOCK_BOOTTIME, {24575, 930968890}) = 0
1520804075.032694 read(4, "N\325\346\256z\201\266\332\254s\370\350\312\206\tw\233\240\220&\324\5O\241\373\210!\326\345\351\223\16"..., 8192) = 1448
1520804075.032708 clock_gettime(CLOCK_BOOTTIME, {24575, 930993827}) = 0
1520804075.032718 clock_gettime(CLOCK_BOOTTIME, {24575, 931088343}) = 0
1520804075.032824 select(8, [4 5], [], NULL, NULL) = 1 (in [4])
1520804075.032839 clock_gettime(CLOCK_BOOTTIME, {24575, 931124654}) = 0
1520804075.032849 read(4, "y\365j\253Z\21\17tG\216sJ\327a\257\354\255\24*Li\265WP\301\226\314v\373\3260\251"..., 8192) = 2696
1520804075.032875 clock_gettime(CLOCK_BOOTTIME, {24575, 931161079}) = 0
1520804075.032885 clock_gettime(CLOCK_BOOTTIME, {24575, 931170415}) = 0
1520804075.032894 select(8, [4 5], [6], NULL, NULL) = 1 (out [6])
1520804075.032907 clock_gettime(CLOCK_BOOTTIME, {24575, 931192437}) = 0
1520804075.032916 write(6, "\33[1;30r\33[?12;25h\33[?12l\33[?25h\33[27"..., 4095) = 4095
1520804075.032933 clock_gettime(CLOCK_BOOTTIME, {24575, 931218310}) = 0
1520804075.032942 clock_gettime(CLOCK_BOOTTIME, {24575, 931227419}) = 0
1520804075.032951 select(8, [4 5], [], NULL, NULL) = 1 (in [4])
1520804075.033138 clock_gettime(CLOCK_BOOTTIME, {24575, 931423855}) = 0
1520804075.033148 read(4, "\215\331\257:\t\177\356\332\322\246zL\303\233\351\217.\350\304\203X[z=Y\245\n(\373\277\253\275"..., 8192) = 1712
1520804075.033168 clock_gettime(CLOCK_BOOTTIME, {24575, 931453873}) = 0
1520804075.033178 clock_gettime(CLOCK_BOOTTIME, {24575, 931463214}) = 0
1520804075.033187 select(8, [4 5], [6], NULL, NULL) = 1 (out [6])
1520804075.033200 clock_gettime(CLOCK_BOOTTIME, {24575, 931485154}) = 0
1520804075.033209 write(6, "                                "..., 1676) = 1676
1520804075.033232 clock_gettime(CLOCK_BOOTTIME, {24575, 931519908}) = 0
1520804075.033244 clock_gettime(CLOCK_BOOTTIME, {24575, 931529931}) = 0
1520804075.033254 select(8, [4 5], [], NULL, NULL) = 1 (in [5])
1520804075.036503 clock_gettime(CLOCK_BOOTTIME, {24575, 934790687}) = 0
1520804075.036518 read(5, "\33[>0;136;0c", 16384) = 11
1520804075.036540 clock_gettime(CLOCK_BOOTTIME, {24575, 934826252}) = 0
1520804075.036551 clock_gettime(CLOCK_BOOTTIME, {24575, 934836222}) = 0
1520804075.036561 select(8, [4 5], [4], NULL, NULL) = 1 (out [4])
1520804075.036575 clock_gettime(CLOCK_BOOTTIME, {24575, 934860414}) = 0
1520804075.036585 write(4, "\227\331?\333\7R\273\375\314\350\276\35\200\3434\4\235\220qN\235s\20)\377\30\0049\307\266$\370"..., 48) = 48
1520804075.036644 clock_gettime(CLOCK_BOOTTIME, {24575, 934929871}) = 0
1520804075.036655 clock_gettime(CLOCK_BOOTTIME, {24575, 934940223}) = 0
1520804075.036664 select(8, [4 5], [], NULL, NULL) = 1 (in [5])
1520804076.673741 clock_gettime(CLOCK_BOOTTIME, {24577, 572028234}) = 0
1520804076.673755 read(5, "\3", 16384)  = 1
1520804076.673779 clock_gettime(CLOCK_BOOTTIME, {24577, 572065371}) = 0
1520804076.673789 clock_gettime(CLOCK_BOOTTIME, {24577, 572074951}) = 0
1520804076.673799 select(8, [4 5], [4], NULL, NULL) = 1 (out [4])
1520804076.673813 clock_gettime(CLOCK_BOOTTIME, {24577, 572098943}) = 0
1520804076.673823 write(4, "\272\300\306\226\216T\3630\3172n^\3764k^\v\371\325[~\24|4k\326%jp\201\315_"..., 48) = 48
1520804076.673882 clock_gettime(CLOCK_BOOTTIME, {24577, 572167521}) = 0
1520804076.673892 clock_gettime(CLOCK_BOOTTIME, {24577, 572177910}) = 0
1520804076.673902 select(8, [4 5], [], NULL, NULL) = 1 (in [4])
1520804076.676388 clock_gettime(CLOCK_BOOTTIME, {24577, 574674596}) = 0
1520804076.676401 read(4, "A\375]!\7,\312&\22\253[\335m\343\312\0\324\213D1\254\20\16ly\330\242a\300\311\0272"..., 8192) = 144
1520804076.676419 clock_gettime(CLOCK_BOOTTIME, {24577, 574705021}) = 0
1520804076.676429 clock_gettime(CLOCK_BOOTTIME, {24577, 574714496}) = 0
1520804076.676438 select(8, [4 5], [6], NULL, NULL) = 1 (out [6])
1520804076.676452 clock_gettime(CLOCK_BOOTTIME, {24577, 574737905}) = 0
1520804076.676462 write(6, "\33[?25l\33[30;1HType  :quit<Enter> "..., 96) = 96
1520804076.676475 clock_gettime(CLOCK_BOOTTIME, {24577, 574760789}) = 0
1520804076.676484 clock_gettime(CLOCK_BOOTTIME, {24577, 574769841}) = 0
1520804076.676494 select(8, [4 5], [], NULL, NULL) = 1 (in [5])
1520804078.230160 clock_gettime(CLOCK_BOOTTIME, {24579, 128450864}) = 0
1520804078.230182 read(5, "\r", 16384)  = 1
1520804078.230213 clock_gettime(CLOCK_BOOTTIME, {24579, 128499656}) = 0
1520804078.230242 clock_gettime(CLOCK_BOOTTIME, {24579, 128528110}) = 0
1520804078.230253 select(8, [4 5], [4], NULL, NULL) = 1 (out [4])
1520804078.230271 clock_gettime(CLOCK_BOOTTIME, {24579, 128556348}) = 0
1520804078.230281 write(4, "\222\230\312v@\35\360\311j,y\20\25P\30\224j\333\232\212u\242h\30\307\354\236\f\253\220d\314"..., 48) = 48
1520804078.230353 clock_gettime(CLOCK_BOOTTIME, {24579, 128638933}) = 0
1520804078.230364 clock_gettime(CLOCK_BOOTTIME, {24579, 128649736}) = 0
1520804078.230374 select(8, [4 5], [], NULL, NULL) = 1 (in [4])
1520804078.231795 clock_gettime(CLOCK_BOOTTIME, {24579, 130081982}) = 0
1520804078.231808 read(4, "\344\302\244(I\303\316Xg\244\33\321\1\253\341\20\236\"x\224\7m\217:\343\207\307~\217\264 \20"..., 8192) = 48
1520804078.231828 clock_gettime(CLOCK_BOOTTIME, {24579, 130113442}) = 0
1520804078.231837 clock_gettime(CLOCK_BOOTTIME, {24579, 130122927}) = 0
1520804078.231847 select(8, [4 5], [6], NULL, NULL) = 1 (out [6])
1520804078.231861 clock_gettime(CLOCK_BOOTTIME, {24579, 130147101}) = 0
1520804078.231871 write(6, "\7", 1)     = 1
1520804078.231885 clock_gettime(CLOCK_BOOTTIME, {24579, 130170754}) = 0
1520804078.231894 clock_gettime(CLOCK_BOOTTIME, {24579, 130179871}) = 0
1520804078.231904 select(8, [4 5], [], NULL, NULL) = 1 (in [5])
1520804079.307558 clock_gettime(CLOCK_BOOTTIME, {24580, 205847706}) = 0
1520804079.307578 read(5, "\33", 16384) = 1
1520804079.307608 clock_gettime(CLOCK_BOOTTIME, {24580, 205894498}) = 0
1520804079.307620 clock_gettime(CLOCK_BOOTTIME, {24580, 205905610}) = 0
1520804079.307631 select(8, [4 5], [4], NULL, NULL) = 1 (out [4])
1520804079.307647 clock_gettime(CLOCK_BOOTTIME, {24580, 205932855}) = 0
1520804079.307658 write(4, ";\324\30\30150\236X%\303\3\6\264\n\245\300\263\342\330\t\20\241\"#\250\227\275\tH\302\242p"..., 48) = 48
1520804079.307731 clock_gettime(CLOCK_BOOTTIME, {24580, 206017296}) = 0
1520804079.307743 clock_gettime(CLOCK_BOOTTIME, {24580, 206028147}) = 0
1520804079.307752 select(8, [4 5], [], NULL, NULL) = 1 (in [5])
1520804080.041965 clock_gettime(CLOCK_BOOTTIME, {24580, 940254066}) = 0
1520804080.041984 read(5, ":", 16384)   = 1
1520804080.042015 clock_gettime(CLOCK_BOOTTIME, {24580, 940301472}) = 0
1520804080.042026 clock_gettime(CLOCK_BOOTTIME, {24580, 940311946}) = 0
1520804080.042037 select(8, [4 5], [4], NULL, NULL) = 1 (out [4])
1520804080.042053 clock_gettime(CLOCK_BOOTTIME, {24580, 940339036}) = 0
1520804080.042064 write(4, "\374\215I]\321\373RY\256\245]\2675\246\3633\343\313\227lLv\341\373X\262[5+\270\3510"..., 48) = 48
1520804080.042123 clock_gettime(CLOCK_BOOTTIME, {24580, 940408621}) = 0
1520804080.042134 clock_gettime(CLOCK_BOOTTIME, {24580, 940419553}) = 0
1520804080.042144 select(8, [4 5], [], NULL, NULL) = 1 (in [4])
1520804080.043988 clock_gettime(CLOCK_BOOTTIME, {24580, 942277715}) = 0
1520804080.044010 read(4, "\325\16i[,\253V\343'\7\261\333j\301\311X\353\233\205?\374v}\356\311\31A\5\37T\275p"..., 8192) = 80
1520804080.044043 clock_gettime(CLOCK_BOOTTIME, {24580, 942329847}) = 0
1520804080.044076 clock_gettime(CLOCK_BOOTTIME, {24580, 942361298}) = 0
1520804080.044086 select(8, [4 5], [6], NULL, NULL) = 1 (out [6])
1520804080.044103 clock_gettime(CLOCK_BOOTTIME, {24580, 942388187}) = 0
1520804080.044112 write(6, "\7\33[?25l\33[30;1H\33[K\33[30;1H:\33[?12l\33"..., 37) = 37
1520804080.044127 clock_gettime(CLOCK_BOOTTIME, {24580, 942413074}) = 0
1520804080.044137 clock_gettime(CLOCK_BOOTTIME, {24580, 942422258}) = 0
1520804080.044146 select(8, [4 5], [], NULL, NULL) = 1 (in [5])
1520804080.903934 clock_gettime(CLOCK_BOOTTIME, {24581, 802221062}) = 0
1520804080.903949 read(5, "q", 16384)   = 1
1520804080.903977 clock_gettime(CLOCK_BOOTTIME, {24581, 802263525}) = 0
1520804080.903988 clock_gettime(CLOCK_BOOTTIME, {24581, 802273174}) = 0
1520804080.903998 select(8, [4 5], [4], NULL, NULL) = 1 (out [4])
1520804080.904012 clock_gettime(CLOCK_BOOTTIME, {24581, 802297752}) = 0
1520804080.904022 write(4, "\344\31\342\212[\266}\306\366)\233\2738\21\265^\20\212$l\tT\\d\223\237<u\275\325\210\276"..., 48) = 48
1520804080.904106 clock_gettime(CLOCK_BOOTTIME, {24581, 802409556}) = 0
1520804080.904139 clock_gettime(CLOCK_BOOTTIME, {24581, 802426473}) = 0
1520804080.904195 select(8, [4 5], [], NULL, NULL) = 1 (in [4])
1520804080.906073 clock_gettime(CLOCK_BOOTTIME, {24581, 804360066}) = 0
1520804080.906086 read(4, "\235\37K\254B\227\2109\222\312\\\311\314\212\331\207l \233\317\5\264]\333[\337vC\220\361\230}"..., 8192) = 64
1520804080.906117 clock_gettime(CLOCK_BOOTTIME, {24581, 804404148}) = 0
1520804080.906129 clock_gettime(CLOCK_BOOTTIME, {24581, 804414319}) = 0
1520804080.906138 select(8, [4 5], [6], NULL, NULL) = 1 (out [6])
1520804080.906153 clock_gettime(CLOCK_BOOTTIME, {24581, 804439019}) = 0
1520804080.906163 write(6, "q\33[?25l\33[?12l\33[?25h", 19) = 19
1520804080.906177 clock_gettime(CLOCK_BOOTTIME, {24581, 804462346}) = 0
1520804080.906186 clock_gettime(CLOCK_BOOTTIME, {24581, 804471363}) = 0
1520804080.906195 select(8, [4 5], [], NULL, NULL) = 1 (in [5])
1520804081.007903 clock_gettime(CLOCK_BOOTTIME, {24581, 906210047}) = 0
1520804081.007951 read(5, "\r", 16384)  = 1
1520804081.007990 clock_gettime(CLOCK_BOOTTIME, {24581, 906279180}) = 0
1520804081.008010 clock_gettime(CLOCK_BOOTTIME, {24581, 906297218}) = 0
1520804081.008027 select(8, [4 5], [4], NULL, NULL) = 1 (out [4])
1520804081.008053 clock_gettime(CLOCK_BOOTTIME, {24581, 906340728}) = 0
1520804081.008070 write(4, "8\212\366\331\6\3475\310T\3\261y\377\352~\226\205\1y\5\331*\353\203\224\23\216Z\25[)p"..., 48) = 48
1520804081.008166 clock_gettime(CLOCK_BOOTTIME, {24581, 906453725}) = 0
1520804081.008184 clock_gettime(CLOCK_BOOTTIME, {24581, 906471566}) = 0
1520804081.008201 select(8, [4 5], [], NULL, NULL) = 1 (in [4])
1520804081.009805 clock_gettime(CLOCK_BOOTTIME, {24581, 908092242}) = 0
1520804081.009818 read(4, "AQ\32/\262\255\0217x\10\210]+\3675\363q\336\300\375\31e\16\275\25\265B\0305\f\343B"..., 8192) = 48
1520804081.009840 clock_gettime(CLOCK_BOOTTIME, {24581, 908126029}) = 0
1520804081.009850 clock_gettime(CLOCK_BOOTTIME, {24581, 908135662}) = 0
1520804081.009860 select(8, [4 5], [6], NULL, NULL) = 1 (out [6])
1520804081.009875 clock_gettime(CLOCK_BOOTTIME, {24581, 908160386}) = 0
1520804081.009885 write(6, "\r", 1)     = 1
1520804081.009900 clock_gettime(CLOCK_BOOTTIME, {24581, 908185609}) = 0
1520804081.009909 clock_gettime(CLOCK_BOOTTIME, {24581, 908194929}) = 0
1520804081.009919 select(8, [4 5], [], NULL, NULL) = 1 (in [4])
1520804081.015359 clock_gettime(CLOCK_BOOTTIME, {24581, 913647023}) = 0
1520804081.015375 read(4, "z7ec\341\252g\273\371\205\242\237\352D\276\260\\\323\205[]}C\230\347Kl\231;\275?\250"..., 8192) = 208
1520804081.015401 clock_gettime(CLOCK_BOOTTIME, {24581, 913686865}) = 0
1520804081.015411 clock_gettime(CLOCK_BOOTTIME, {24581, 913697012}) = 0
1520804081.015421 select(8, [4 5], [6], NULL, NULL) = 1 (out [6])
1520804081.015437 clock_gettime(CLOCK_BOOTTIME, {24581, 913722330}) = 0
1520804081.015447 write(6, "\33[?25l\33[30;1H\33[K\33[30;1H\33[?1l\33>\33["..., 113) = 113
1520804081.015462 clock_gettime(CLOCK_BOOTTIME, {24581, 913747391}) = 0
1520804081.015472 clock_gettime(CLOCK_BOOTTIME, {24581, 913757205}) = 0
1520804081.015481 select(8, [4 5], [], NULL, NULL) = 1 (in [5])
1520804081.558471 clock_gettime(CLOCK_BOOTTIME, {24582, 456758075}) = 0
1520804081.558486 read(5, "l", 16384)   = 1
1520804081.558511 clock_gettime(CLOCK_BOOTTIME, {24582, 456796890}) = 0
1520804081.558521 clock_gettime(CLOCK_BOOTTIME, {24582, 456806373}) = 0
1520804081.558531 select(8, [4 5], [4], NULL, NULL) = 1 (out [4])
1520804081.558545 clock_gettime(CLOCK_BOOTTIME, {24582, 456830178}) = 0
1520804081.558554 write(4, "TP\372Ysx>\201\354\316o\344r\215\351uW\255\377\276:\31\226\356\272I\366\331\312\342\366\16"..., 48) = 48
1520804081.558615 clock_gettime(CLOCK_BOOTTIME, {24582, 456900965}) = 0
1520804081.558626 clock_gettime(CLOCK_BOOTTIME, {24582, 456911293}) = 0
1520804081.558635 select(8, [4 5], [], NULL, NULL) = 1 (in [4])
1520804081.560859 clock_gettime(CLOCK_BOOTTIME, {24582, 459146102}) = 0
1520804081.560872 read(4, "K'\32\203\325\303\344^|\265J\177\334RM\212\35\341D\275\364\2105\264\236\222\372\355\207\247\371N"..., 8192) = 48
1520804081.560902 clock_gettime(CLOCK_BOOTTIME, {24582, 459187897}) = 0
1520804081.560912 clock_gettime(CLOCK_BOOTTIME, {24582, 459197564}) = 0
1520804081.560922 select(8, [4 5], [6], NULL, NULL) = 1 (out [6])
1520804081.560936 clock_gettime(CLOCK_BOOTTIME, {24582, 459221524}) = 0
1520804081.560945 write(6, "l", 1)      = 1
1520804081.560959 clock_gettime(CLOCK_BOOTTIME, {24582, 459244217}) = 0
1520804081.560968 clock_gettime(CLOCK_BOOTTIME, {24582, 459253259}) = 0
1520804081.560977 select(8, [4 5], [], NULL, NULL) = 1 (in [5])
1520804081.662134 clock_gettime(CLOCK_BOOTTIME, {24582, 560422970}) = 0
1520804081.662152 read(5, "s", 16384)   = 1
1520804081.662181 clock_gettime(CLOCK_BOOTTIME, {24582, 560480966}) = 0
1520804081.662210 clock_gettime(CLOCK_BOOTTIME, {24582, 560495579}) = 0
1520804081.662220 select(8, [4 5], [4], NULL, NULL) = 1 (out [4])
1520804081.662237 clock_gettime(CLOCK_BOOTTIME, {24582, 560522502}) = 0
1520804081.662247 write(4, ":\226+I\250\237\336&O\330nB\\tot\201#S\215\301n\3402\36bMM\350\225\266?"..., 48) = 48
1520804081.662311 clock_gettime(CLOCK_BOOTTIME, {24582, 560597162}) = 0
1520804081.662322 clock_gettime(CLOCK_BOOTTIME, {24582, 560607428}) = 0
1520804081.662331 select(8, [4 5], [], NULL, NULL) = 1 (in [4])
1520804081.663891 clock_gettime(CLOCK_BOOTTIME, {24582, 562178092}) = 0
1520804081.663904 read(4, "\t(\345\34\357\375\1\35\3\336e\267\271\5\26\207\201y0\374\202\333~G\301.\31\240\321t\224\337"..., 8192) = 48
1520804081.663923 clock_gettime(CLOCK_BOOTTIME, {24582, 562209450}) = 0
1520804081.663934 clock_gettime(CLOCK_BOOTTIME, {24582, 562219058}) = 0
1520804081.663943 select(8, [4 5], [6], NULL, NULL) = 1 (out [6])
1520804081.663957 clock_gettime(CLOCK_BOOTTIME, {24582, 562242823}) = 0
1520804081.663967 write(6, "s", 1)      = 1
1520804081.663981 clock_gettime(CLOCK_BOOTTIME, {24582, 562266323}) = 0
1520804081.663990 clock_gettime(CLOCK_BOOTTIME, {24582, 562275478}) = 0
1520804081.663999 select(8, [4 5], [], NULL, NULL) = 1 (in [5])
1520804081.813829 clock_gettime(CLOCK_BOOTTIME, {24582, 712116991}) = 0
1520804081.813846 read(5, "\r", 16384)  = 1
1520804081.813874 clock_gettime(CLOCK_BOOTTIME, {24582, 712159766}) = 0
1520804081.813884 clock_gettime(CLOCK_BOOTTIME, {24582, 712169401}) = 0
1520804081.813894 select(8, [4 5], [4], NULL, NULL) = 1 (out [4])
1520804081.813909 clock_gettime(CLOCK_BOOTTIME, {24582, 712195098}) = 0
1520804081.813920 write(4, "\325\275\202Rcq\203e\33=\322\202\347(\22<'a\0\273\31\212<\364t\25.\355\331\35\320\253"..., 48) = 48
1520804081.813990 clock_gettime(CLOCK_BOOTTIME, {24582, 712275631}) = 0
1520804081.814001 clock_gettime(CLOCK_BOOTTIME, {24582, 712286371}) = 0
1520804081.814010 select(8, [4 5], [], NULL, NULL) = 1 (in [4])
1520804081.815955 clock_gettime(CLOCK_BOOTTIME, {24582, 714242083}) = 0
1520804081.815968 read(4, "-\"\340\324\31\26\225\246\\\10d\363\234B[\245\327\273\3472BE\371\364\250,X})\21\36j"..., 8192) = 48
1520804081.815988 clock_gettime(CLOCK_BOOTTIME, {24582, 714273725}) = 0
1520804081.815998 clock_gettime(CLOCK_BOOTTIME, {24582, 714283120}) = 0
1520804081.816007 select(8, [4 5], [6], NULL, NULL) = 1 (out [6])
1520804081.816021 clock_gettime(CLOCK_BOOTTIME, {24582, 714307083}) = 0
1520804081.816031 write(6, "\r\n", 2)   = 2
1520804081.816045 clock_gettime(CLOCK_BOOTTIME, {24582, 714330068}) = 0
1520804081.816054 clock_gettime(CLOCK_BOOTTIME, {24582, 714339180}) = 0
1520804081.816063 select(8, [4 5], [], NULL, NULL) = 1 (in [4])
1520804081.816745 clock_gettime(CLOCK_BOOTTIME, {24582, 715032381}) = 0
1520804081.816758 read(4, "\217\n\32\10<\263\303\376H\27}\362:\361\300qe&\27r\36\3253B\234\336\25\6\233\2\304\213"..., 8192) = 352
1520804081.816796 clock_gettime(CLOCK_BOOTTIME, {24582, 715086875}) = 0
1520804081.816812 clock_gettime(CLOCK_BOOTTIME, {24582, 715097677}) = 0
1520804081.816822 select(8, [4 5], [6], NULL, NULL) = 1 (out [6])
1520804081.816837 clock_gettime(CLOCK_BOOTTIME, {24582, 715122913}) = 0
1520804081.816847 write(6, "anaconda-ks.cfg  \33[0m\33[01;34mBre"..., 315) = 315
1520804081.816861 clock_gettime(CLOCK_BOOTTIME, {24582, 715159279}) = 0
1520804081.816884 clock_gettime(CLOCK_BOOTTIME, {24582, 715169231}) = 0
1520804081.816893 select(8, [4 5], [], NULL, NULL) = 1 (in [5])
1520804087.815992 clock_gettime(CLOCK_BOOTTIME, {24588, 714280982}) = 0
1520804087.816010 read(5, "\4", 16384)  = 1
1520804087.816039 clock_gettime(CLOCK_BOOTTIME, {24588, 714326122}) = 0
1520804087.816051 clock_gettime(CLOCK_BOOTTIME, {24588, 714336370}) = 0
1520804087.816062 select(8, [4 5], [4], NULL, NULL) = 1 (out [4])
1520804087.816077 clock_gettime(CLOCK_BOOTTIME, {24588, 714374362}) = 0
1520804087.816103 write(4, "YZ-m~w\220g\0360\262'x<\3J\211}\313z8e>8\267e\26\305Mq\245\3"..., 48) = 48
1520804087.816174 clock_gettime(CLOCK_BOOTTIME, {24588, 714460064}) = 0
1520804087.816185 clock_gettime(CLOCK_BOOTTIME, {24588, 714470589}) = 0
1520804087.816195 select(8, [4 5], [], NULL, NULL) = 1 (in [4])
1520804087.820045 clock_gettime(CLOCK_BOOTTIME, {24588, 718332617}) = 0
1520804087.820060 read(4, "RGR\223*\357\255\362\256\337\260oO\24\361\337\215\273\6g\373\372\213\371U\266\3542\2079\335Z"..., 8192) = 240
1520804087.820104 close(5)              = 0
1520804087.820120 clock_gettime(CLOCK_BOOTTIME, {24588, 718405542}) = 0
1520804087.820130 clock_gettime(CLOCK_BOOTTIME, {24588, 718415898}) = 0
1520804087.820140 select(8, [4], [6], NULL, NULL) = 1 (out [6])
1520804087.820155 clock_gettime(CLOCK_BOOTTIME, {24588, 718440969}) = 0
1520804087.820165 write(6, "logout\r\n", 8) = 8
1520804087.820180 clock_gettime(CLOCK_BOOTTIME, {24588, 718465336}) = 0
1520804087.820189 clock_gettime(CLOCK_BOOTTIME, {24588, 718474468}) = 0
1520804087.820198 close(6)              = 0
1520804087.820208 ioctl(0, SNDCTL_TMR_STOP or TCSETSW, {B38400 opost isig icanon echo ...}) = 0
1520804087.820285 close(7)              = 0
1520804087.820299 select(8, [4], [4], NULL, NULL) = 1 (out [4])
1520804087.820313 clock_gettime(CLOCK_BOOTTIME, {24588, 718598432}) = 0
1520804087.820323 write(4, "\22\310\10\27\253\203\231-\303F\237t\361*\342\315EaM\361\210\311\24\t\20\334,\nojp\v", 32) = 32
1520804087.820371 rt_sigaction(SIGWINCH, NULL, {0x7faa090f4500, [], SA_RESTORER, 0x7faa068cd250}, 8) = 0
1520804087.820384 rt_sigaction(SIGWINCH, {SIG_DFL, [], SA_RESTORER, 0x7faa068cd250}, NULL, 8) = 0
1520804087.820398 write(4, "\324\26\363\310\310[F\233\307%-W\3762d4\325z\22/8\327\30\236\r'f\306\252\313G\220"..., 64) = 64
1520804087.820439 ioctl(0, TCGETS, {B38400 opost isig icanon echo ...}) = 0
1520804087.820452 ioctl(1, TCGETS, {B38400 opost isig icanon echo ...}) = 0
1520804087.820462 ioctl(2, TCGETS, {B38400 opost isig icanon echo ...}) = 0
1520804087.820497 write(2, "Connection to 192.168.122.10 clo"..., 38) = 38
1520804087.820535 shutdown(4, SHUT_RDWR) = 0
1520804087.820587 close(4)              = 0
1520804087.820761 exit_group(0)         = ?
1520804087.821135 +++ exited with 0 +++
