2017-05-30 11:22:24,037 - action - INFO - base - 49:  用户-Breakering注册了该系统！
2017-05-30 11:22:29,346 - action - INFO - base - 69:  用户-Breakering登陆了该系统！
2017-05-30 11:22:44,159 - action - INFO - ftp_server - 253:  用户Breakering创建了目录D:\PythonStudy\day08\FTPServer\ftpserver\home\Breakering\python_day01
2017-05-30 11:22:51,642 - action - INFO - ftp_server - 253:  用户Breakering创建了目录D:\PythonStudy\day08\FTPServer\ftpserver\home\Breakering\python_day02
2017-05-30 11:23:09,585 - action - INFO - ftp_server - 253:  用户Breakering创建了目录D:\PythonStudy\day08\FTPServer\ftpserver\home\Breakering\python_day01\test1
2017-05-30 11:23:15,267 - action - INFO - ftp_server - 253:  用户Breakering创建了目录D:\PythonStudy\day08\FTPServer\ftpserver\home\Breakering\python_day01\test1\1
2017-05-30 11:24:05,390 - action - INFO - base - 69:  用户-Breakering登陆了该系统！
2017-05-30 11:25:35,536 - action - INFO - ftp_server - 302:  用户[Breakering]上传了文件[2015-12-12新增用户.xls]
2017-05-30 11:27:07,342 - action - INFO - base - 69:  用户-Breakering登陆了该系统！
2017-05-30 11:27:12,973 - action - INFO - ftp_server - 302:  用户[Breakering]上传了文件[3DM编码补丁.7z]
2017-05-30 11:40:12,404 - action - INFO - base - 69:  用户-Breakering登陆了该系统！
2017-05-30 11:42:07,719 - action - INFO - base - 69:  用户-Breakering登陆了该系统！
2017-05-30 11:42:30,611 - action - INFO - ftp_server - 302:  用户[Breakering]上传了文件[3DM编码补丁.7z]
2017-05-30 11:42:50,567 - action - INFO - base - 69:  用户-Breakering登陆了该系统！
2017-05-30 11:43:27,007 - action - INFO - base - 69:  用户-Breakering登陆了该系统！
2017-05-30 11:43:44,969 - action - INFO - ftp_server - 302:  用户[Breakering]上传了文件[3DM编码补丁.7z]
2017-05-30 11:45:50,382 - action - INFO - ftp_server - 302:  用户[Breakering]上传了文件[3DM编码补丁.7z]
2017-05-30 11:46:37,591 - action - INFO - base - 69:  用户-Breakering登陆了该系统！
2017-05-30 11:46:55,151 - action - INFO - base - 69:  用户-Breakering登陆了该系统！
2017-05-30 11:47:00,276 - action - INFO - ftp_server - 303:  用户[Breakering]上传了文件[3DM编码补丁.7z]
2017-05-30 11:48:30,471 - action - INFO - base - 69:  用户-Breakering登陆了该系统！
2017-05-30 11:49:06,775 - action - INFO - base - 69:  用户-Breakering登陆了该系统！
2017-05-30 11:50:18,176 - action - INFO - ftp_server - 303:  用户[Breakering]上传了文件[2015-12-12新增用户.xls]
2017-05-30 12:14:24,903 - action - INFO - base - 69:  用户-Breakering登陆了该系统！
2017-05-30 12:19:20,583 - action - INFO - base - 69:  用户-Breakering登陆了该系统！
2017-05-30 12:20:04,198 - action - INFO - base - 69:  用户-Breakering登陆了该系统！
2017-05-30 12:20:09,952 - action - INFO - ftp_server - 349:  用户[Breakering]下载了文件[3DM编码补丁.7z]
2017-05-30 12:22:04,441 - action - INFO - base - 69:  用户-Breakering登陆了该系统！
2017-05-30 12:22:12,226 - action - INFO - ftp_server - 350:  用户[Breakering]下载了文件[3DM编码补丁.7z]
2017-05-30 12:22:54,726 - action - INFO - base - 69:  用户-Breakering登陆了该系统！
2017-05-30 12:23:43,902 - action - INFO - base - 69:  用户-Breakering登陆了该系统！
2017-05-30 12:24:52,217 - action - INFO - ftp_server - 350:  用户[Breakering]下载了文件[2015-12-12新增用户.xls]
2017-05-30 12:27:44,029 - action - INFO - base - 69:  用户-Breakering登陆了该系统！
2017-05-30 12:28:47,334 - action - INFO - base - 69:  用户-Breakering登陆了该系统！
2017-05-30 12:29:49,162 - action - INFO - ftp_server - 355:  用户[Breakering]下载了文件[2015-12-12新增用户.xls]
2017-05-30 12:47:46,101 - action - INFO - base - 69:  用户-Breakering登陆了该系统！
2017-05-30 12:47:59,570 - action - INFO - ftp_server - 355:  用户[Breakering]下载了文件[3DM编码补丁.7z]
2017-05-30 12:48:21,937 - action - INFO - ftp_server - 355:  用户[Breakering]下载了文件[2015-12-12新增用户.xls]
2017-05-30 12:49:42,542 - action - INFO - ftp_server - 355:  用户[Breakering]下载了文件[2015-12-12新增用户.xls]
2017-05-30 12:50:26,485 - action - INFO - base - 69:  用户-Breakering登陆了该系统！
2017-05-30 12:50:53,005 - action - INFO - base - 69:  用户-Breakering登陆了该系统！
2017-05-30 12:51:03,860 - action - INFO - ftp_server - 355:  用户[Breakering]下载了文件[3DM编码补丁.7z]
2017-05-30 12:53:43,953 - action - INFO - ftp_server - 308:  用户[Breakering]上传了文件[3DM编码补丁.7z]
2017-05-30 12:54:05,134 - action - INFO - ftp_server - 308:  用户[Breakering]上传了文件[3DM编码补丁.7z]
2017-05-30 12:54:30,503 - action - INFO - base - 69:  用户-Breakering登陆了该系统！
2017-05-30 12:54:43,309 - action - INFO - base - 69:  用户-Breakering登陆了该系统！
2017-05-30 12:54:48,009 - action - INFO - ftp_server - 308:  用户[Breakering]上传了文件[3DM编码补丁.7z]
2017-05-30 13:00:40,596 - action - INFO - ftp_server - 308:  用户[Breakering]上传了文件[3DM编码补丁.7z]
2017-05-30 13:03:00,789 - action - INFO - base - 69:  用户-Breakering登陆了该系统！
2017-05-30 13:03:45,820 - action - INFO - base - 69:  用户-Breakering登陆了该系统！
2017-05-30 13:03:50,970 - action - INFO - ftp_server - 355:  用户[Breakering]下载了文件[3DM编码补丁.7z]
2017-05-30 13:04:09,237 - action - INFO - ftp_server - 355:  用户[Breakering]下载了文件[3DM编码补丁.7z]
2017-05-30 13:04:25,805 - action - INFO - base - 69:  用户-Breakering登陆了该系统！
2017-05-30 13:04:28,007 - action - INFO - ftp_server - 355:  用户[Breakering]下载了文件[3DM编码补丁.7z]
2017-05-30 13:08:51,779 - action - INFO - ftp_server - 355:  用户[Breakering]下载了文件[3DM编码补丁.7z]
2017-05-30 13:12:05,084 - action - INFO - base - 69:  用户-Breakering登陆了该系统！
2017-05-30 13:12:15,507 - action - INFO - ftp_server - 355:  用户[Breakering]下载了文件[3DM编码补丁.7z]
2017-05-30 13:12:26,228 - action - INFO - base - 69:  用户-Breakering登陆了该系统！
2017-05-30 13:12:45,308 - action - INFO - base - 69:  用户-Breakering登陆了该系统！
2017-05-30 13:12:50,829 - action - INFO - ftp_server - 355:  用户[Breakering]下载了文件[3DM编码补丁.7z]
2017-05-30 13:14:36,548 - action - INFO - base - 69:  用户-Breakering登陆了该系统！
2017-05-30 13:14:40,904 - action - INFO - ftp_server - 354:  用户[Breakering]下载了文件[3DM编码补丁.7z]
2017-05-30 13:14:55,413 - action - INFO - base - 69:  用户-Breakering登陆了该系统！
2017-05-30 13:15:00,290 - action - INFO - ftp_server - 354:  用户[Breakering]下载了文件[3DM编码补丁.7z]
2017-05-30 13:16:33,561 - action - INFO - ftp_server - 354:  用户[Breakering]下载了文件[3DM编码补丁.7z]
2017-05-30 13:16:53,826 - action - INFO - base - 69:  用户-Breakering登陆了该系统！
2017-05-30 13:16:57,086 - action - INFO - ftp_server - 354:  用户[Breakering]下载了文件[3DM编码补丁.7z]
2017-05-30 13:17:13,591 - action - INFO - ftp_server - 354:  用户[Breakering]下载了文件[3DM编码补丁.7z]
2017-05-30 13:17:24,156 - action - INFO - base - 69:  用户-Breakering登陆了该系统！
2017-05-30 13:17:39,452 - action - INFO - base - 69:  用户-Breakering登陆了该系统！
2017-05-30 13:17:44,729 - action - INFO - ftp_server - 354:  用户[Breakering]下载了文件[3DM编码补丁.7z]
2017-05-30 13:31:31,316 - action - INFO - base - 69:  用户-Breakering登陆了该系统！
2017-05-30 13:32:57,343 - action - INFO - base - 69:  用户-Breakering登陆了该系统！
2017-05-30 13:33:53,227 - action - INFO - base - 69:  用户-Breakering登陆了该系统！
2017-05-30 13:36:48,075 - action - INFO - base - 69:  用户-Breakering登陆了该系统！
2017-05-30 13:37:25,724 - action - INFO - base - 69:  用户-Breakering登陆了该系统！
2017-05-30 13:37:30,166 - action - INFO - ftp_server - 349:  用户[Breakering]下载了文件[3DM编码补丁.7z]
2017-05-30 13:41:20,291 - action - INFO - base - 69:  用户-Breakering登陆了该系统！
2017-05-30 13:41:29,815 - action - INFO - ftp_server - 352:  用户[Breakering]下载了文件[3DM编码补丁.7z]
2017-05-30 13:41:51,732 - action - INFO - base - 69:  用户-Breakering登陆了该系统！
2017-05-30 13:44:36,284 - action - INFO - base - 69:  用户-Breakering登陆了该系统！
2017-05-30 13:44:48,256 - action - INFO - ftp_server - 354:  用户[Breakering]下载了文件[3DM编码补丁.7z]
2017-05-30 13:45:29,467 - action - INFO - base - 69:  用户-Breakering登陆了该系统！
2017-05-30 13:45:52,355 - action - INFO - base - 69:  用户-Breakering登陆了该系统！
2017-05-30 13:46:05,870 - action - INFO - ftp_server - 354:  用户[Breakering]下载了文件[3DM编码补丁.7z]
2017-05-30 13:46:12,934 - action - INFO - ftp_server - 354:  用户[Breakering]下载了文件[3DM编码补丁.7z]
2017-05-30 13:46:26,387 - action - INFO - base - 69:  用户-Breakering登陆了该系统！
2017-05-30 13:46:39,348 - action - INFO - base - 69:  用户-Breakering登陆了该系统！
2017-05-30 13:54:44,414 - action - INFO - base - 69:  用户-Breakering登陆了该系统！
2017-05-30 13:54:51,198 - action - INFO - ftp_server - 355:  用户[Breakering]下载了文件[3DM编码补丁.7z]
2017-05-30 13:55:05,840 - action - INFO - ftp_server - 355:  用户[Breakering]下载了文件[3DM编码补丁.7z]
2017-05-30 13:55:11,154 - action - INFO - ftp_server - 355:  用户[Breakering]下载了文件[3DM编码补丁.7z]
2017-05-30 13:55:31,905 - action - INFO - base - 69:  用户-Breakering登陆了该系统！
2017-05-30 13:55:39,216 - action - INFO - ftp_server - 355:  用户[Breakering]下载了文件[3DM编码补丁.7z]
2017-05-30 13:55:52,113 - action - INFO - base - 69:  用户-Breakering登陆了该系统！
2017-05-30 13:57:07,961 - action - INFO - base - 69:  用户-Breakering登陆了该系统！
2017-05-30 13:57:31,123 - action - INFO - base - 69:  用户-Breakering登陆了该系统！
2017-05-30 14:02:41,451 - action - INFO - base - 69:  用户-Breakering登陆了该系统！
2017-05-30 14:02:48,888 - action - INFO - ftp_server - 352:  用户[Breakering]下载了文件[3DM编码补丁.7z]
2017-05-30 14:03:10,267 - action - INFO - base - 69:  用户-Breakering登陆了该系统！
2017-05-30 14:03:18,663 - action - INFO - ftp_server - 352:  用户[Breakering]下载了文件[3DM编码补丁.7z]
2017-05-30 14:04:40,618 - action - INFO - base - 69:  用户-Breakering登陆了该系统！
2017-05-30 14:04:49,099 - action - INFO - ftp_server - 351:  用户[Breakering]下载了文件[3DM编码补丁.7z]
2017-05-30 14:05:04,603 - action - INFO - base - 69:  用户-Breakering登陆了该系统！
2017-05-30 14:07:07,547 - action - INFO - base - 69:  用户-Breakering登陆了该系统！
2017-05-30 14:07:26,738 - action - INFO - base - 69:  用户-Breakering登陆了该系统！
2017-05-30 14:08:06,571 - action - INFO - base - 69:  用户-Breakering登陆了该系统！
2017-05-30 14:08:14,513 - action - INFO - ftp_server - 353:  用户[Breakering]下载了文件[3DM编码补丁.7z]
2017-05-30 14:08:32,394 - action - INFO - base - 69:  用户-Breakering登陆了该系统！
2017-05-30 14:10:34,658 - action - INFO - base - 69:  用户-Breakering登陆了该系统！
2017-05-30 14:10:44,854 - action - INFO - ftp_server - 350:  用户[Breakering]下载了文件[3DM编码补丁.7z]
2017-05-30 14:10:59,074 - action - INFO - base - 69:  用户-Breakering登陆了该系统！
2017-05-30 14:11:03,286 - action - INFO - ftp_server - 350:  用户[Breakering]下载了文件[3DM编码补丁.7z]
2017-05-30 14:11:13,724 - action - INFO - ftp_server - 350:  用户[Breakering]下载了文件[3DM编码补丁.7z]
2017-05-30 14:11:19,367 - action - INFO - ftp_server - 350:  用户[Breakering]下载了文件[3DM编码补丁.7z]
2017-05-30 14:11:30,506 - action - INFO - base - 69:  用户-Breakering登陆了该系统！
2017-05-30 14:11:41,062 - action - INFO - ftp_server - 350:  用户[Breakering]下载了文件[3DM编码补丁.7z]
2017-05-30 14:12:01,442 - action - INFO - base - 69:  用户-Breakering登陆了该系统！
2017-05-30 14:12:04,105 - action - INFO - ftp_server - 350:  用户[Breakering]下载了文件[3DM编码补丁.7z]
2017-05-30 14:12:17,174 - action - INFO - ftp_server - 350:  用户[Breakering]下载了文件[3DM编码补丁.7z]
2017-05-30 14:12:39,845 - action - INFO - base - 49:  用户-profhua注册了该系统！
2017-05-30 14:12:46,739 - action - INFO - base - 69:  用户-profhua登陆了该系统！
2017-05-30 14:12:54,861 - action - INFO - ftp_server - 256:  用户profhua创建了目录D:\PythonStudy\day08\FTPServer\ftpserver\home\profhua\test1
2017-05-30 14:13:38,938 - action - INFO - base - 69:  用户-profhua登陆了该系统！
2017-05-30 14:15:49,705 - action - INFO - ftp_server - 308:  用户[profhua]上传了文件[2015-12-12新增用户.xls]
2017-05-30 14:16:12,994 - action - INFO - base - 69:  用户-profhua登陆了该系统！
2017-05-30 14:17:02,979 - action - INFO - base - 69:  用户-profhua登陆了该系统！
2017-05-30 14:17:33,510 - action - INFO - ftp_server - 308:  用户[profhua]上传了文件[2015-12-12新增用户.xls]
2017-05-30 14:18:23,530 - action - INFO - base - 69:  用户-profhua登陆了该系统！
2017-05-30 14:19:34,787 - action - INFO - base - 69:  用户-profhua登陆了该系统！
2017-05-30 14:19:46,136 - action - INFO - ftp_server - 350:  用户[profhua]下载了文件[2015-12-12新增用户.xls]
2017-05-30 14:20:25,459 - action - INFO - ftp_server - 350:  用户[Breakering]下载了文件[3DM编码补丁.7z]
2017-05-30 14:24:26,426 - action - INFO - ftp_server - 256:  用户Breakering创建了目录D:\PythonStudy\day08\FTPServer\ftpserver\home\Breakering\python_day01\test1\1\wd
2017-05-30 14:24:36,850 - action - INFO - ftp_server - 256:  用户Breakering创建了目录D:\PythonStudy\day08\FTPServer\ftpserver\home\Breakering\python_day01\test1\1\wd\hh
2017-05-30 14:26:23,284 - action - INFO - ftp_server - 308:  用户[Breakering]上传了文件[mylog.log]
2017-05-30 14:26:34,189 - action - INFO - ftp_server - 350:  用户[Breakering]下载了文件[mylog.log]
2017-05-30 14:30:55,891 - action - INFO - base - 69:  管理员-灵虚至尊登陆了该系统！
2017-05-30 14:32:28,714 - action - INFO - base - 69:  用户-Breakering登陆了该系统！
2017-05-30 14:32:36,873 - action - INFO - ftp_server - 350:  用户[Breakering]下载了文件[3DM编码补丁.7z]
2017-05-30 14:32:48,088 - action - INFO - ftp_server - 350:  用户[Breakering]下载了文件[3DM编码补丁.7z]
2017-05-30 14:34:10,058 - action - INFO - base - 69:  用户-Breakering登陆了该系统！
2017-05-30 14:34:15,859 - action - INFO - ftp_server - 350:  用户[Breakering]下载了文件[3DM编码补丁.7z]
2017-05-30 14:34:18,973 - action - INFO - ftp_server - 350:  用户[Breakering]下载了文件[3DM编码补丁.7z]
2017-05-30 14:34:23,161 - action - INFO - ftp_server - 350:  用户[Breakering]下载了文件[3DM编码补丁.7z]
2017-05-30 14:34:35,385 - action - INFO - ftp_server - 350:  用户[Breakering]下载了文件[3DM编码补丁.7z]
2017-05-30 14:35:02,202 - action - INFO - base - 69:  用户-Breakering登陆了该系统！
2017-05-30 14:35:07,466 - action - INFO - ftp_server - 350:  用户[Breakering]下载了文件[3DM编码补丁.7z]
2017-05-30 14:35:14,133 - action - INFO - ftp_server - 350:  用户[Breakering]下载了文件[3DM编码补丁.7z]
2017-05-30 14:36:22,610 - action - INFO - base - 69:  用户-Breakering登陆了该系统！
2017-05-30 14:36:34,134 - action - INFO - ftp_server - 351:  用户[Breakering]下载了文件[3DM编码补丁.7z]
2017-05-30 14:36:42,191 - action - INFO - ftp_server - 351:  用户[Breakering]下载了文件[3DM编码补丁.7z]
2017-05-30 14:36:50,515 - action - INFO - ftp_server - 351:  用户[Breakering]下载了文件[3DM编码补丁.7z]
2017-05-30 14:40:02,786 - action - INFO - base - 69:  用户-Breakering登陆了该系统！
2017-05-30 14:40:11,601 - action - INFO - ftp_server - 351:  用户[Breakering]下载了文件[3DM编码补丁.7z]
2017-05-30 14:40:27,923 - action - INFO - ftp_server - 351:  用户[Breakering]下载了文件[3DM编码补丁.7z]
2017-05-30 14:40:36,813 - action - INFO - ftp_server - 351:  用户[Breakering]下载了文件[3DM编码补丁.7z]
2017-05-30 14:40:44,195 - action - INFO - ftp_server - 351:  用户[Breakering]下载了文件[3DM编码补丁.7z]
2017-05-30 14:40:52,308 - action - INFO - ftp_server - 351:  用户[Breakering]下载了文件[3DM编码补丁.7z]
2017-05-30 14:40:58,925 - action - INFO - ftp_server - 351:  用户[Breakering]下载了文件[3DM编码补丁.7z]
2017-05-30 14:41:12,659 - action - INFO - base - 69:  用户-Breakering登陆了该系统！
2017-05-30 14:41:13,649 - action - INFO - ftp_server - 351:  用户[Breakering]下载了文件[3DM编码补丁.7z]
2017-05-30 14:41:20,068 - action - INFO - ftp_server - 351:  用户[Breakering]下载了文件[3DM编码补丁.7z]
2017-05-30 14:41:33,178 - action - INFO - base - 69:  用户-Breakering登陆了该系统！
2017-05-30 14:41:37,500 - action - INFO - ftp_server - 351:  用户[Breakering]下载了文件[3DM编码补丁.7z]
2017-05-30 14:41:44,237 - action - INFO - ftp_server - 351:  用户[Breakering]下载了文件[3DM编码补丁.7z]
2017-05-30 14:41:53,191 - action - INFO - ftp_server - 351:  用户[Breakering]下载了文件[3DM编码补丁.7z]
2017-05-30 14:42:04,005 - action - INFO - ftp_server - 351:  用户[Breakering]下载了文件[3DM编码补丁.7z]
2017-05-30 14:42:16,906 - action - INFO - base - 69:  用户-Breakering登陆了该系统！
2017-05-30 14:42:21,851 - action - INFO - ftp_server - 351:  用户[Breakering]下载了文件[3DM编码补丁.7z]
2017-05-30 14:42:31,069 - action - INFO - ftp_server - 351:  用户[Breakering]下载了文件[3DM编码补丁.7z]
2017-05-30 14:42:47,866 - action - INFO - base - 69:  用户-Breakering登陆了该系统！
2017-05-30 14:46:09,434 - action - INFO - base - 69:  用户-profhua登陆了该系统！
2017-05-30 14:47:50,633 - action - INFO - ftp_server - 350:  用户[profhua]下载了文件[2015-12-12新增用户.xls]
2017-05-30 14:48:27,456 - action - INFO - base - 69:  用户-Breakering登陆了该系统！
2017-05-30 14:48:36,847 - action - INFO - ftp_server - 350:  用户[Breakering]下载了文件[3DM编码补丁.7z]
2017-05-30 14:49:00,200 - action - INFO - ftp_server - 350:  用户[Breakering]下载了文件[3DM编码补丁.7z]
2017-05-30 14:49:17,697 - action - INFO - base - 69:  用户-Breakering登陆了该系统！
2017-05-30 14:49:24,188 - action - INFO - ftp_server - 350:  用户[Breakering]下载了文件[3DM编码补丁.7z]
2017-05-30 14:49:39,429 - action - INFO - base - 69:  用户-Breakering登陆了该系统！
2017-05-30 14:49:48,301 - action - INFO - ftp_server - 350:  用户[Breakering]下载了文件[3DM编码补丁.7z]
2017-05-30 14:49:59,005 - action - INFO - ftp_server - 350:  用户[Breakering]下载了文件[3DM编码补丁.7z]
2017-05-30 14:50:10,775 - action - INFO - ftp_server - 350:  用户[Breakering]下载了文件[3DM编码补丁.7z]
2017-05-30 14:50:23,546 - action - INFO - ftp_server - 350:  用户[Breakering]下载了文件[3DM编码补丁.7z]
2017-05-30 15:07:04,406 - action - INFO - base - 69:  用户-Breakering登陆了该系统！
2017-05-30 15:07:13,173 - action - INFO - ftp_server - 350:  用户[Breakering]下载了文件[3DM编码补丁.7z]
2017-05-30 15:07:25,500 - action - INFO - ftp_server - 350:  用户[Breakering]下载了文件[3DM编码补丁.7z]
2017-05-30 15:07:36,369 - action - INFO - base - 69:  用户-Breakering登陆了该系统！
2017-05-30 15:07:47,219 - action - INFO - ftp_server - 350:  用户[Breakering]下载了文件[3DM编码补丁.7z]
2017-05-30 15:08:05,297 - action - INFO - base - 69:  用户-Breakering登陆了该系统！
2017-05-30 15:08:07,862 - action - INFO - ftp_server - 350:  用户[Breakering]下载了文件[3DM编码补丁.7z]
2017-05-30 15:08:40,058 - action - INFO - ftp_server - 308:  用户[Breakering]上传了文件[mylog.log]
2017-05-30 15:09:38,978 - action - INFO - ftp_server - 308:  用户[Breakering]上传了文件[mylog.log]
2017-05-30 15:23:43,161 - action - INFO - base - 69:  管理员-灵虚至尊登陆了该系统！
2017-05-30 15:24:11,736 - action - INFO - base - 69:  用户-Breakering登陆了该系统！
2017-05-30 15:24:23,001 - action - INFO - ftp_server - 256:  用户Breakering创建了目录D:\PythonStudy\day08\FTPServer\ftpserver\home\Breakering\python_day03
2017-05-30 15:25:29,736 - action - INFO - base - 69:  用户-Breakering登陆了该系统！
2017-05-30 15:25:46,329 - action - INFO - ftp_server - 256:  用户Breakering创建了目录D:\PythonStudy\day08\FTPServer\ftpserver\home\Breakering\1.a
2017-05-30 15:26:27,305 - action - INFO - base - 69:  用户-Breakering登陆了该系统！
2017-05-30 15:26:45,611 - action - INFO - ftp_server - 350:  用户[Breakering]下载了文件[mylog.log]
2017-05-30 15:27:59,547 - action - INFO - ftp_server - 308:  用户[Breakering]上传了文件[mylog.log]
2017-05-30 15:28:11,652 - action - INFO - ftp_server - 350:  用户[Breakering]下载了文件[3DM编码补丁.7z]
2017-05-30 15:28:29,021 - action - INFO - ftp_server - 350:  用户[Breakering]下载了文件[3DM编码补丁.7z]
2017-05-30 15:28:40,896 - action - INFO - base - 69:  用户-Breakering登陆了该系统！
2017-05-30 15:28:43,020 - action - INFO - ftp_server - 350:  用户[Breakering]下载了文件[3DM编码补丁.7z]
2017-05-30 15:29:16,665 - action - INFO - ftp_server - 350:  用户[Breakering]下载了文件[2015-12-12新增用户.xls]
2017-05-30 15:30:09,192 - action - INFO - base - 69:  用户-Breakering登陆了该系统！
2017-05-30 15:30:35,459 - action - INFO - base - 69:  用户-Breakering登陆了该系统！
2017-05-30 15:30:53,152 - action - INFO - base - 69:  用户-Breakering登陆了该系统！
2017-05-30 15:31:00,757 - action - INFO - ftp_server - 350:  用户[Breakering]下载了文件[2015-12-12新增用户.xls]
2017-05-30 15:31:46,304 - action - INFO - base - 69:  用户-Breakering登陆了该系统！
2017-05-30 15:32:53,952 - action - INFO - base - 69:  用户-Breakering登陆了该系统！
2017-05-30 15:33:50,096 - action - INFO - base - 69:  用户-Breakering登陆了该系统！
2017-05-30 15:34:03,025 - action - INFO - ftp_server - 308:  用户[Breakering]上传了文件[3DM编码补丁.7z]
2017-05-30 15:34:14,940 - action - INFO - ftp_server - 308:  用户[Breakering]上传了文件[3DM编码补丁.7z]
2017-05-30 15:34:23,008 - action - INFO - base - 69:  用户-Breakering登陆了该系统！
2017-05-30 15:34:26,537 - action - INFO - ftp_server - 308:  用户[Breakering]上传了文件[3DM编码补丁.7z]
2017-05-30 15:35:24,048 - action - INFO - base - 69:  用户-Breakering登陆了该系统！
2017-05-30 15:35:26,820 - action - INFO - ftp_server - 350:  用户[Breakering]下载了文件[3DM编码补丁.7z]
2017-05-30 15:35:34,407 - action - INFO - ftp_server - 350:  用户[Breakering]下载了文件[3DM编码补丁.7z]
2017-05-30 15:35:40,477 - action - INFO - ftp_server - 350:  用户[Breakering]下载了文件[3DM编码补丁.7z]
2017-06-03 13:36:46,865 - action - INFO - base - 69:  用户-Breakering登陆了该系统！
2017-06-09 12:28:31,061 - action - INFO - base - 69:  用户-Breakering登陆了该系统！
2017-06-09 12:28:46,415 - action - INFO - ftp_server - 350:  用户[Breakering]下载了文件[mylog.log]
2017-06-09 12:28:56,417 - action - INFO - ftp_server - 350:  用户[Breakering]下载了文件[3DM编码补丁.7z]
