2017-05-13 14:59:56,976 - action - INFO - module - 68:  学员-赵晋彪注册了该系统！
2017-05-13 15:00:14,206 - action - INFO - module - 93:  学员-赵晋彪登陆了该系统！
2017-05-13 15:00:56,132 - action - INFO - module - 68:  管理员-赵晋彪注册了该系统！
2017-05-13 15:01:02,166 - action - INFO - module - 93:  管理员-赵晋彪登陆了该系统！
2017-05-13 15:02:29,838 - action - INFO - module - 93:  管理员-赵晋彪登陆了该系统！
2017-05-13 15:03:56,309 - action - INFO - module - 93:  管理员-赵晋彪登陆了该系统！
2017-05-13 15:04:18,879 - action - INFO - module - 68:  讲师-李杰注册了该系统！
2017-05-13 15:04:50,634 - action - INFO - module - 68:  讲师-武沛齐注册了该系统！
2017-05-13 15:05:45,372 - action - INFO - module - 93:  管理员-赵晋彪登陆了该系统！
2017-05-13 15:07:21,771 - action - INFO - module - 93:  学员-赵晋彪登陆了该系统！
2017-05-13 15:07:31,153 - action - INFO - module - 253:  [赵晋彪]为其报名的课程[python]交了学费！
2017-05-13 15:07:31,153 - action - INFO - student_view - 133:  学员[赵晋彪]报名了班级[Python自动化开发][第16期]!
2017-05-13 15:07:53,266 - action - INFO - module - 93:  管理员-赵晋彪登陆了该系统！
2017-05-13 15:08:34,025 - action - INFO - module - 93:  学员-赵晋彪登陆了该系统！
2017-05-13 15:08:48,254 - action - INFO - module - 253:  [赵晋彪]为其报名的课程[python]交了学费！
2017-05-13 15:08:48,255 - action - INFO - student_view - 133:  学员[赵晋彪]报名了班级[Python全栈开发][第1期]!
2017-05-13 15:09:00,381 - action - INFO - module - 93:  管理员-赵晋彪登陆了该系统！
2017-05-13 15:43:48,959 - action - INFO - module - 93:  讲师-李杰登陆了该系统！
2017-05-13 15:48:20,624 - action - INFO - module - 93:  讲师-李杰登陆了该系统！
2017-05-13 15:48:47,367 - action - INFO - module - 93:  讲师-李杰登陆了该系统！
2017-05-13 15:49:19,359 - action - INFO - module - 93:  讲师-李杰登陆了该系统！
2017-05-13 15:49:43,608 - action - INFO - module - 93:  讲师-李杰登陆了该系统！
2017-05-13 15:50:02,094 - action - INFO - module - 93:  讲师-李杰登陆了该系统！
2017-05-13 15:51:24,102 - action - INFO - module - 93:  讲师-李杰登陆了该系统！
2017-05-13 15:51:55,958 - action - INFO - module - 93:  讲师-李杰登陆了该系统！
2017-05-13 15:56:48,111 - action - INFO - module - 93:  讲师-李杰登陆了该系统！
2017-05-14 17:27:10,268 - action - INFO - module - 93:  讲师-李杰登陆了该系统！
2017-05-14 17:33:10,082 - action - INFO - module - 93:  讲师-李杰登陆了该系统！
2017-05-14 17:33:45,680 - action - INFO - module - 93:  讲师-李杰登陆了该系统！
2017-05-14 17:38:17,679 - action - INFO - module - 93:  讲师-李杰登陆了该系统！
2017-05-14 17:38:22,749 - action - INFO - teacher_view - 79:  讲师 [李杰] 创建 了一条 [Python自动化开发班级上课记录] 的 上课纪录 [day1]
2017-05-14 17:41:11,802 - action - INFO - module - 93:  讲师-武沛齐登陆了该系统！
2017-05-14 17:41:16,825 - action - INFO - teacher_view - 79:  讲师 [武沛齐] 创建 了一条 [Python全栈开发第1期班级上课记录] [day1]
2017-05-14 17:46:24,735 - action - INFO - module - 93:  管理员-赵晋彪登陆了该系统！
2017-05-14 17:46:55,095 - action - INFO - module - 93:  讲师-武沛齐登陆了该系统！
2017-05-14 18:10:06,184 - action - INFO - module - 93:  讲师-李杰登陆了该系统！
2017-05-14 18:17:02,505 - action - INFO - module - 93:  讲师-李杰登陆了该系统！
2017-05-14 18:19:39,407 - action - INFO - module - 93:  讲师-李杰登陆了该系统！
2017-05-14 18:21:36,528 - action - INFO - module - 93:  讲师-李杰登陆了该系统！
2017-05-14 18:22:38,532 - action - INFO - module - 93:  讲师-李杰登陆了该系统！
2017-05-14 18:23:42,898 - action - INFO - module - 93:  讲师-李杰登陆了该系统！
2017-05-14 18:24:04,632 - action - INFO - module - 93:  讲师-李杰登陆了该系统！
2017-05-14 18:31:21,241 - action - INFO - module - 93:  讲师-李杰登陆了该系统！
2017-05-14 18:35:04,011 - action - INFO - module - 93:  讲师-李杰登陆了该系统！
2017-05-14 19:02:50,466 - action - INFO - module - 68:  学员-花教授注册了该系统！
2017-05-14 19:03:00,458 - action - INFO - module - 93:  学员-花教授登陆了该系统！
2017-05-14 19:03:25,810 - action - INFO - module - 263:  [花教授]为其报名的课程[python]交了学费！
2017-05-14 19:03:25,810 - action - INFO - student_view - 133:  学员[花教授]报名了班级[Python自动化开发][第16期]!
2017-05-14 19:03:37,329 - action - INFO - module - 93:  讲师-李杰登陆了该系统！
2017-05-14 19:03:55,182 - action - INFO - module - 93:  管理员-赵晋彪登陆了该系统！
2017-05-14 19:05:07,120 - action - INFO - module - 93:  讲师-李杰登陆了该系统！
2017-05-14 19:25:38,616 - action - INFO - module - 93:  学员-赵晋彪登陆了该系统！
2017-05-14 19:25:41,104 - action - INFO - student_view - 161:  学员 [赵晋彪] 上了 [Python自动化开发第16期班级上课记录] [day1]
2017-05-14 19:25:52,107 - action - INFO - module - 93:  讲师-李杰登陆了该系统！
2017-05-14 19:29:29,250 - action - INFO - module - 93:  学员-花教授登陆了该系统！
2017-05-14 19:29:31,337 - action - INFO - student_view - 163:  学员 [花教授] 在 [Python自动化开发] [第16期] [day1] 签到了
2017-05-14 19:34:33,288 - action - INFO - module - 93:  学员-赵晋彪登陆了该系统！
2017-05-14 19:34:53,886 - action - INFO - module - 93:  学员-花教授登陆了该系统！
2017-05-14 19:37:12,492 - action - INFO - module - 93:  学员-赵晋彪登陆了该系统！
2017-05-14 19:37:42,154 - action - INFO - module - 93:  学员-赵晋彪登陆了该系统！
2017-05-14 19:38:09,767 - action - INFO - module - 93:  学员-赵晋彪登陆了该系统！
2017-05-14 19:38:27,695 - action - INFO - module - 93:  学员-赵晋彪登陆了该系统！
2017-05-14 20:02:34,393 - action - INFO - module - 93:  学员-赵晋彪登陆了该系统！
2017-05-14 20:03:41,196 - action - INFO - module - 93:  学员-赵晋彪登陆了该系统！
2017-05-14 20:04:31,705 - action - INFO - module - 93:  学员-赵晋彪登陆了该系统！
2017-05-14 20:06:38,025 - action - INFO - module - 93:  学员-赵晋彪登陆了该系统！
2017-05-14 20:08:20,160 - action - INFO - module - 93:  学员-赵晋彪登陆了该系统！
2017-05-14 20:09:43,356 - action - INFO - module - 93:  讲师-武沛齐登陆了该系统！
2017-05-14 20:16:16,487 - action - INFO - module - 93:  学员-赵晋彪登陆了该系统！
2017-05-14 20:22:09,716 - action - INFO - module - 93:  学员-赵晋彪登陆了该系统！
2017-05-14 20:22:11,863 - action - INFO - student_view - 208:  学员 [赵晋彪] 在 [Python全栈开发] [第1期] [day1] 签到了
2017-05-14 20:24:45,081 - action - INFO - module - 68:  学员-时磊注册了该系统！
2017-05-14 20:24:54,350 - action - INFO - module - 93:  学员-时磊登陆了该系统！
2017-05-14 20:26:03,065 - action - INFO - module - 93:  学员-时磊登陆了该系统！
2017-05-14 20:27:01,110 - action - INFO - module - 93:  学员-时磊登陆了该系统！
2017-05-14 20:27:21,342 - action - INFO - module - 93:  学员-赵晋彪登陆了该系统！
2017-05-14 20:35:59,554 - action - INFO - module - 93:  学员-赵晋彪登陆了该系统！
2017-05-14 20:36:24,674 - action - INFO - module - 93:  学员-赵晋彪登陆了该系统！
2017-05-14 20:37:21,354 - action - INFO - student_view - 272:  学员 [赵晋彪] 提交了[Python自动化开发][第16期][day1] 的作业
2017-05-14 20:38:58,985 - action - INFO - module - 93:  讲师-李杰登陆了该系统！
2017-05-14 20:40:08,460 - action - INFO - module - 93:  讲师-武沛齐登陆了该系统！
2017-05-14 20:42:15,786 - action - INFO - module - 93:  讲师-李杰登陆了该系统！
2017-05-14 20:52:16,864 - action - INFO - module - 93:  讲师-李杰登陆了该系统！
2017-05-14 20:54:41,314 - action - INFO - module - 93:  讲师-李杰登陆了该系统！
2017-05-14 20:55:11,487 - action - INFO - module - 93:  讲师-李杰登陆了该系统！
2017-05-14 20:55:35,406 - action - INFO - teacher_view - 187:  讲师 [李杰] 为学员[赵晋彪] [Python自动化开发][第16期][day1] 进行了评分! 
2017-05-14 20:56:06,927 - action - INFO - module - 93:  讲师-武沛齐登陆了该系统！
2017-05-14 20:56:26,506 - action - INFO - module - 93:  讲师-李杰登陆了该系统！
2017-05-14 20:57:06,346 - action - INFO - module - 93:  讲师-李杰登陆了该系统！
2017-05-14 20:57:47,467 - action - INFO - module - 93:  学员-赵晋彪登陆了该系统！
2017-05-14 20:58:09,518 - action - INFO - module - 263:  [赵晋彪]为其报名的课程[python]交了学费！
2017-05-14 20:58:09,518 - action - INFO - student_view - 169:  学员[赵晋彪]报名了班级[Python自动化开发][第15期]!
2017-05-14 20:58:33,898 - action - INFO - module - 93:  管理员-赵晋彪登陆了该系统！
2017-05-14 20:59:07,703 - action - INFO - module - 93:  学员-赵晋彪登陆了该系统！
2017-05-14 20:59:12,742 - action - INFO - student_view - 211:  学员 [赵晋彪] 在 [Python自动化开发] [第15期] [day1] 签到了
2017-05-14 21:00:04,125 - action - INFO - student_view - 272:  学员 [赵晋彪] 提交了[Python全栈开发][第1期][day1] 的作业
2017-05-14 21:00:39,176 - action - INFO - module - 93:  讲师-李杰登陆了该系统！
2017-05-14 21:01:30,728 - action - INFO - module - 93:  学员-赵晋彪登陆了该系统！
2017-05-14 21:01:49,620 - action - INFO - student_view - 272:  学员 [赵晋彪] 提交了[Python自动化开发][第15期][day1] 的作业
2017-05-14 21:01:57,585 - action - INFO - module - 93:  讲师-李杰登陆了该系统！
2017-05-14 21:02:16,136 - action - INFO - teacher_view - 187:  讲师 [李杰] 为学员[赵晋彪] [Python自动化开发][第15期][day1] 进行了评分! 
2017-05-14 21:02:27,772 - action - INFO - module - 93:  讲师-武沛齐登陆了该系统！
2017-05-14 21:02:49,540 - action - INFO - teacher_view - 187:  讲师 [武沛齐] 为学员[赵晋彪] [Python全栈开发][第1期][day1] 进行了评分! 
2017-05-14 21:03:02,871 - action - INFO - module - 93:  学员-赵晋彪登陆了该系统！
2017-05-14 21:04:22,417 - action - INFO - module - 93:  学员-赵晋彪登陆了该系统！
2017-05-14 21:14:56,634 - action - INFO - module - 93:  讲师-李杰登陆了该系统！
2017-05-14 21:21:27,577 - action - INFO - module - 93:  管理员-赵晋彪登陆了该系统！
2017-05-15 11:18:48,814 - action - INFO - module - 93:  学员-赵晋彪登陆了该系统！
2017-05-17 11:47:47,887 - action - INFO - module - 93:  学员-赵晋彪登陆了该系统！
2017-05-17 11:48:24,000 - action - INFO - module - 93:  讲师-李杰登陆了该系统！
2017-05-17 11:48:31,197 - action - INFO - teacher_view - 127:  讲师 [李杰] 创建 了一条 [Python自动化开发第16期班级上课记录] [day2]
2017-05-17 11:48:52,635 - action - INFO - module - 93:  学员-赵晋彪登陆了该系统！
2017-05-17 11:49:08,816 - action - INFO - student_view - 211:  学员 [赵晋彪] 在 [Python自动化开发] [第16期] [day2] 签到了
2017-05-17 11:49:25,976 - action - INFO - student_view - 273:  学员 [赵晋彪] 提交了[Python自动化开发][第16期][day2] 的作业
2017-05-17 11:49:42,526 - action - INFO - module - 93:  讲师-李杰登陆了该系统！
2017-05-17 11:50:04,451 - action - INFO - teacher_view - 187:  讲师 [李杰] 为学员[赵晋彪] [Python自动化开发][第16期][day2] 进行了评分! 
2017-05-17 11:50:15,841 - action - INFO - module - 93:  学员-赵晋彪登陆了该系统！
