1520664133.532602 select(5, [4], NULL, NULL, NULL) = 1 (in [4])
1520664133.540154 read(4, "\0\0\3\274\t!\0\0\1\25\0\0\0\7ssh-rsa\0\0\0\1#\0\0\1\1\0\307"..., 8192) = 976
1520664133.540254 open("/home/Jacob/.ssh/known_hosts", O_RDONLY) = 5
1520664133.540337 fstat(5, {st_mode=S_IFREG|0644, st_size=396, ...}) = 0
1520664133.540361 mmap(NULL, 4096, PROT_READ|PROT_WRITE, MAP_PRIVATE|MAP_ANONYMOUS, -1, 0) = 0x7f8efdfaa000
1520664133.540381 read(5, "192.168.122.10 ssh-rsa AAAAB3Nza"..., 4096) = 396
1520664133.540411 read(5, "", 4096)     = 0
1520664133.540422 close(5)              = 0
1520664133.540432 munmap(0x7f8efdfaa000, 4096) = 0
1520664133.540454 open("/home/Jacob/.ssh/known_hosts2", O_RDONLY) = -1 ENOENT (No such file or directory)
1520664133.540478 open("/etc/ssh/ssh_known_hosts", O_RDONLY) = -1 ENOENT (No such file or directory)
1520664133.540491 open("/etc/ssh/ssh_known_hosts2", O_RDONLY) = -1 ENOENT (No such file or directory)
1520664133.541810 clock_gettime(CLOCK_BOOTTIME, {27781, 773746586}) = 0
1520664133.541828 write(4, "\0\0\0\f\n\25\0\0\0\0\0\0\0\0\0\0", 16) = 16
1520664133.541909 write(4, " \305\33\250\6\377\314\230r\335\254\345\253\260\377\316\3\332e]\222\\='\323\301<\207\351\315\240>"..., 48) = 48
1520664133.541924 select(5, [4], NULL, NULL, NULL) = 1 (in [4])
1520664133.582197 read(4, "\261\31\5/\2506o\267^\276\323\270\2266\212>\241+\307{<\237\376Pd\36\344\211\366`\220\344"..., 8192) = 48
1520664133.582238 write(4, "\25\242\1Q\304J\367e\350\361x#\356\3266CQp\320\32\3047\2577\234\375\263h\227\r)y"..., 64) = 64
1520664133.582289 select(5, [4], NULL, NULL, NULL) = 1 (in [4])
1520664133.584563 read(4, "h\335\21k;N}\26K\346\226[#p\242P^nPQl\224#\217\4\340\202\353^H\330\235"..., 8192) = 80
1520664133.584610 futex(0x7f8ef9ec3510, FUTEX_WAKE_PRIVATE, 2147483647) = 0
1520664133.584665 futex(0x7f8ef9ec33b0, FUTEX_WAKE_PRIVATE, 2147483647) = 0
1520664133.584693 futex(0x7f8efc48efa0, FUTEX_WAKE_PRIVATE, 2147483647) = 0
1520664133.584713 lstat("/etc/gss/mech", 0x7ffde32fc2b0) = -1 ENOENT (No such file or directory)
1520664133.584740 openat(AT_FDCWD, "/etc/gss/mech.d", O_RDONLY|O_NONBLOCK|O_DIRECTORY|O_CLOEXEC) = 5
1520664133.584763 getdents(5, /* 2 entries */, 32768) = 48
1520664133.584779 getdents(5, /* 0 entries */, 32768) = 0
1520664133.584789 close(5)              = 0
1520664133.584874 futex(0x7f8efc240440, FUTEX_WAKE_PRIVATE, 2147483647) = 0
1520664133.584908 futex(0x7f8efc2415d0, FUTEX_WAKE_PRIVATE, 2147483647) = 0
1520664133.584930 stat("/etc/krb5.conf", {st_mode=S_IFREG|0644, st_size=590, ...}) = 0
1520664133.584952 open("/etc/krb5.conf", O_RDONLY) = 5
1520664133.584970 fcntl(5, F_SETFD, FD_CLOEXEC) = 0
1520664133.584989 fstat(5, {st_mode=S_IFREG|0644, st_size=590, ...}) = 0
1520664133.585000 mmap(NULL, 4096, PROT_READ|PROT_WRITE, MAP_PRIVATE|MAP_ANONYMOUS, -1, 0) = 0x7f8efdfaa000
1520664133.585016 read(5, "# Configuration snippets may be "..., 4096) = 590
1520664133.585035 openat(AT_FDCWD, "/etc/krb5.conf.d/", O_RDONLY|O_NONBLOCK|O_DIRECTORY|O_CLOEXEC) = 6
1520664133.585050 getdents(6, /* 2 entries */, 32768) = 48
1520664133.585061 getdents(6, /* 0 entries */, 32768) = 0
1520664133.585072 close(6)              = 0
1520664133.585090 read(5, "", 4096)     = 0
1520664133.585103 close(5)              = 0
1520664133.585114 munmap(0x7f8efdfaa000, 4096) = 0
1520664133.585150 open("/dev/urandom", O_RDONLY) = 5
1520664133.585170 fcntl(5, F_SETFD, FD_CLOEXEC) = 0
1520664133.585181 fstat(5, {st_mode=S_IFCHR|0666, st_rdev=makedev(1, 9), ...}) = 0
1520664133.585194 read(5, "\35fT.o\252\223Hy\364I2^\25\341\345\373\365(+\272\226DLp1\372\32\242X\310$"..., 64) = 64
1520664133.585212 close(5)              = 0
1520664133.585247 open("/dev/urandom", O_RDONLY) = 5
1520664133.585259 fcntl(5, F_SETFD, FD_CLOEXEC) = 0
1520664133.585268 fstat(5, {st_mode=S_IFCHR|0666, st_rdev=makedev(1, 9), ...}) = 0
1520664133.585278 read(5, "\356\270\2404\262o\214\240\240\233\0054_7\243\261\262\35\362O\257=1\355\313\0345lV\340\366\237"..., 64) = 64
1520664133.585293 close(5)              = 0
1520664133.585311 futex(0x7f8efbf592e0, FUTEX_WAKE_PRIVATE, 2147483647) = 0
1520664133.585495 stat("/etc/krb5.conf", {st_mode=S_IFREG|0644, st_size=590, ...}) = 0
1520664133.585515 open("/etc/krb5.conf", O_RDONLY) = 5
1520664133.585528 fcntl(5, F_SETFD, FD_CLOEXEC) = 0
1520664133.585539 fstat(5, {st_mode=S_IFREG|0644, st_size=590, ...}) = 0
1520664133.585549 mmap(NULL, 4096, PROT_READ|PROT_WRITE, MAP_PRIVATE|MAP_ANONYMOUS, -1, 0) = 0x7f8efdfaa000
1520664133.585561 read(5, "# Configuration snippets may be "..., 4096) = 590
1520664133.585576 openat(AT_FDCWD, "/etc/krb5.conf.d/", O_RDONLY|O_NONBLOCK|O_DIRECTORY|O_CLOEXEC) = 6
1520664133.585590 getdents(6, /* 2 entries */, 32768) = 48
1520664133.585601 getdents(6, /* 0 entries */, 32768) = 0
1520664133.585610 close(6)              = 0
1520664133.585627 read(5, "", 4096)     = 0
1520664133.585637 close(5)              = 0
1520664133.585647 munmap(0x7f8efdfaa000, 4096) = 0
1520664133.585667 open("/dev/urandom", O_RDONLY) = 5
1520664133.585681 fcntl(5, F_SETFD, FD_CLOEXEC) = 0
1520664133.585691 fstat(5, {st_mode=S_IFCHR|0666, st_rdev=makedev(1, 9), ...}) = 0
1520664133.585701 read(5, "b\rPG\5`\34\23\206\271\277Tg\314!d\240\30\275K\263\316\240l\247\314\230\272\272~|\324"..., 64) = 64
1520664133.585717 close(5)              = 0
1520664133.585744 access("/etc/krb5.conf", R_OK) = 0
1520664133.585759 stat("/etc/krb5.conf", {st_mode=S_IFREG|0644, st_size=590, ...}) = 0
1520664133.585774 open("/dev/urandom", O_RDONLY) = 5
1520664133.585786 fcntl(5, F_SETFD, FD_CLOEXEC) = 0
1520664133.585795 fstat(5, {st_mode=S_IFCHR|0666, st_rdev=makedev(1, 9), ...}) = 0
1520664133.585805 read(5, "\342Z\351}\344\241\t\320\305\246\6\356\304\336\330%\370\200\2129\201\247\374\351\365l\207\27\222\201\"\372"..., 64) = 64
1520664133.585839 close(5)              = 0
1520664133.585866 stat("/etc/sysconfig/64bit_strstr_via_64bit_strstr_sse2_unaligned", 0x7ffde32fbb60) = -1 ENOENT (No such file or directory)
1520664133.585889 geteuid()             = 1002
1520664133.585917 open("/var/kerberos/krb5/user/1002/client.keytab", O_RDONLY) = -1 ENOENT (No such file or directory)
1520664133.585952 getuid()              = 1002
1520664133.585978 keyctl(KEYCTL_GET_PERSISTENT, 1002, KEY_SPEC_PROCESS_KEYRING) = 4503583
1520664133.586004 keyctl(KEYCTL_SEARCH, 4503583, "keyring", "_krb", KEY_SPEC_PROCESS_KEYRING) = 805520795
1520664133.586019 keyctl(KEYCTL_SEARCH, 805520795, "user", "krb_ccache:primary", 0) = 444782918
1520664133.586034 keyctl(KEYCTL_READ, 444782918, NULL, 0) = 12
1520664133.586046 keyctl(KEYCTL_READ, 444782918, "", 12) = 12
1520664133.586057 keyctl(KEYCTL_READ, 805520795, NULL, 0) = 4
1520664133.586067 keyctl(KEYCTL_READ, 805520795, "F\331\202\32", 4) = 4
1520664133.586077 keyctl(KEYCTL_SEARCH, 805520795, "keyring", "1002", 0) = -1 ENOKEY (Required key not available)
1520664133.586091 keyctl(KEYCTL_DESCRIBE, 444782918, NULL, 0) = 43
1520664133.586103 keyctl(KEYCTL_DESCRIBE, 444782918, "user;1002;1002;3f010000;krb_ccac"..., 43) = 43
1520664133.586142 stat("/etc/krb5.conf", {st_mode=S_IFREG|0644, st_size=590, ...}) = 0
1520664133.586158 open("/etc/krb5.conf", O_RDONLY) = 5
1520664133.586170 fcntl(5, F_SETFD, FD_CLOEXEC) = 0
1520664133.586181 fstat(5, {st_mode=S_IFREG|0644, st_size=590, ...}) = 0
1520664133.586191 mmap(NULL, 4096, PROT_READ|PROT_WRITE, MAP_PRIVATE|MAP_ANONYMOUS, -1, 0) = 0x7f8efdfaa000
1520664133.586203 read(5, "# Configuration snippets may be "..., 4096) = 590
1520664133.586218 openat(AT_FDCWD, "/etc/krb5.conf.d/", O_RDONLY|O_NONBLOCK|O_DIRECTORY|O_CLOEXEC) = 6
1520664133.586230 getdents(6, /* 2 entries */, 32768) = 48
1520664133.586241 getdents(6, /* 0 entries */, 32768) = 0
1520664133.586250 close(6)              = 0
1520664133.586267 read(5, "", 4096)     = 0
1520664133.586277 close(5)              = 0
1520664133.586287 munmap(0x7f8efdfaa000, 4096) = 0
1520664133.586306 open("/dev/urandom", O_RDONLY) = 5
1520664133.586346 fcntl(5, F_SETFD, FD_CLOEXEC) = 0
1520664133.586355 fstat(5, {st_mode=S_IFCHR|0666, st_rdev=makedev(1, 9), ...}) = 0
1520664133.586366 read(5, "\r\6q\223H\253X\20dX\344g\2727\305\266\301X\222\360\203\31)!\304\227\370\2563u;t"..., 64) = 64
1520664133.586386 close(5)              = 0
1520664133.586425 stat("/etc/krb5.conf", {st_mode=S_IFREG|0644, st_size=590, ...}) = 0
1520664133.586441 open("/etc/krb5.conf", O_RDONLY) = 5
1520664133.586453 fcntl(5, F_SETFD, FD_CLOEXEC) = 0
1520664133.586464 fstat(5, {st_mode=S_IFREG|0644, st_size=590, ...}) = 0
1520664133.586474 mmap(NULL, 4096, PROT_READ|PROT_WRITE, MAP_PRIVATE|MAP_ANONYMOUS, -1, 0) = 0x7f8efdfaa000
1520664133.586486 read(5, "# Configuration snippets may be "..., 4096) = 590
1520664133.586500 openat(AT_FDCWD, "/etc/krb5.conf.d/", O_RDONLY|O_NONBLOCK|O_DIRECTORY|O_CLOEXEC) = 6
1520664133.586512 getdents(6, /* 2 entries */, 32768) = 48
1520664133.586523 getdents(6, /* 0 entries */, 32768) = 0
1520664133.586532 close(6)              = 0
1520664133.586548 read(5, "", 4096)     = 0
1520664133.586558 close(5)              = 0
1520664133.586567 munmap(0x7f8efdfaa000, 4096) = 0
1520664133.586587 open("/dev/urandom", O_RDONLY) = 5
1520664133.586601 fcntl(5, F_SETFD, FD_CLOEXEC) = 0
1520664133.586610 fstat(5, {st_mode=S_IFCHR|0666, st_rdev=makedev(1, 9), ...}) = 0
1520664133.586620 read(5, "Y\4\215\vG\6eC\305\6_\177\262\311=\35\221\350\326\276d&\247\0!\327\220\263\343\225\25\265"..., 64) = 64
1520664133.586636 close(5)              = 0
1520664133.586665 stat("/etc/krb5.conf", {st_mode=S_IFREG|0644, st_size=590, ...}) = 0
1520664133.586681 open("/etc/krb5.conf", O_RDONLY) = 5
1520664133.586693 fcntl(5, F_SETFD, FD_CLOEXEC) = 0
1520664133.586704 fstat(5, {st_mode=S_IFREG|0644, st_size=590, ...}) = 0
1520664133.586714 mmap(NULL, 4096, PROT_READ|PROT_WRITE, MAP_PRIVATE|MAP_ANONYMOUS, -1, 0) = 0x7f8efdfaa000
1520664133.586725 read(5, "# Configuration snippets may be "..., 4096) = 590
1520664133.586739 openat(AT_FDCWD, "/etc/krb5.conf.d/", O_RDONLY|O_NONBLOCK|O_DIRECTORY|O_CLOEXEC) = 6
1520664133.586751 getdents(6, /* 2 entries */, 32768) = 48
1520664133.586762 getdents(6, /* 0 entries */, 32768) = 0
1520664133.586771 close(6)              = 0
1520664133.586786 read(5, "", 4096)     = 0
1520664133.586796 close(5)              = 0
1520664133.586806 munmap(0x7f8efdfaa000, 4096) = 0
1520664133.586835 open("/dev/urandom", O_RDONLY) = 5
1520664133.586849 fcntl(5, F_SETFD, FD_CLOEXEC) = 0
1520664133.586858 fstat(5, {st_mode=S_IFCHR|0666, st_rdev=makedev(1, 9), ...}) = 0
1520664133.586869 read(5, "\f\264\324\212H\335\274H.\23\351\323\231\202GL\263`\232\237F\305/\364PC2\271c\\\4)"..., 64) = 64
1520664133.586884 close(5)              = 0
1520664133.586901 access("/etc/krb5.conf", R_OK) = 0
1520664133.586914 stat("/etc/krb5.conf", {st_mode=S_IFREG|0644, st_size=590, ...}) = 0
1520664133.586927 open("/dev/urandom", O_RDONLY) = 5
1520664133.586939 fcntl(5, F_SETFD, FD_CLOEXEC) = 0
1520664133.586948 fstat(5, {st_mode=S_IFCHR|0666, st_rdev=makedev(1, 9), ...}) = 0
1520664133.586957 read(5, "\225$3\243\234\7\357!\237\233\4\1\225\335\246<H\336\tOa\331\203\300\374f\342O\177\26\241\355"..., 64) = 64
1520664133.586972 close(5)              = 0
1520664133.586989 geteuid()             = 1002
1520664133.587003 open("/var/kerberos/krb5/user/1002/client.keytab", O_RDONLY) = -1 ENOENT (No such file or directory)
1520664133.587023 getuid()              = 1002
1520664133.587036 keyctl(KEYCTL_GET_PERSISTENT, 1002, KEY_SPEC_PROCESS_KEYRING) = 4503583
1520664133.587049 keyctl(KEYCTL_SEARCH, 4503583, "keyring", "_krb", KEY_SPEC_PROCESS_KEYRING) = 805520795
1520664133.587062 keyctl(KEYCTL_SEARCH, 805520795, "user", "krb_ccache:primary", 0) = 444782918
1520664133.587073 keyctl(KEYCTL_READ, 444782918, NULL, 0) = 12
1520664133.587083 keyctl(KEYCTL_READ, 444782918, "", 12) = 12
1520664133.587094 keyctl(KEYCTL_READ, 805520795, NULL, 0) = 4
1520664133.587103 keyctl(KEYCTL_READ, 805520795, "F\331\202\32", 4) = 4
1520664133.587113 keyctl(KEYCTL_SEARCH, 805520795, "keyring", "1002", 0) = -1 ENOKEY (Required key not available)
1520664133.587124 keyctl(KEYCTL_DESCRIBE, 444782918, NULL, 0) = 43
1520664133.587135 keyctl(KEYCTL_DESCRIBE, 444782918, "user;1002;1002;3f010000;krb_ccac"..., 43) = 43
1520664133.587156 access("/etc/krb5.conf", R_OK) = 0
1520664133.587169 stat("/etc/krb5.conf", {st_mode=S_IFREG|0644, st_size=590, ...}) = 0
1520664133.587189 open("/dev/urandom", O_RDONLY) = 5
1520664133.587202 fcntl(5, F_SETFD, FD_CLOEXEC) = 0
1520664133.587211 fstat(5, {st_mode=S_IFCHR|0666, st_rdev=makedev(1, 9), ...}) = 0
1520664133.587221 read(5, "b\330\220\252'\346\225\375f'\261Q)9\323\272\7h\342\232\22h\35\306\333&\1\323\367\231?\216"..., 64) = 64
1520664133.587237 close(5)              = 0
1520664133.587265 stat("/etc/krb5.conf", {st_mode=S_IFREG|0644, st_size=590, ...}) = 0
1520664133.587280 open("/etc/krb5.conf", O_RDONLY) = 5
1520664133.587291 fcntl(5, F_SETFD, FD_CLOEXEC) = 0
1520664133.587302 fstat(5, {st_mode=S_IFREG|0644, st_size=590, ...}) = 0
1520664133.587338 mmap(NULL, 4096, PROT_READ|PROT_WRITE, MAP_PRIVATE|MAP_ANONYMOUS, -1, 0) = 0x7f8efdfaa000
1520664133.587350 read(5, "# Configuration snippets may be "..., 4096) = 590
1520664133.587365 openat(AT_FDCWD, "/etc/krb5.conf.d/", O_RDONLY|O_NONBLOCK|O_DIRECTORY|O_CLOEXEC) = 6
1520664133.587378 getdents(6, /* 2 entries */, 32768) = 48
1520664133.587389 getdents(6, /* 0 entries */, 32768) = 0
1520664133.587399 close(6)              = 0
1520664133.587415 read(5, "", 4096)     = 0
1520664133.587425 close(5)              = 0
1520664133.587435 munmap(0x7f8efdfaa000, 4096) = 0
1520664133.587455 open("/dev/urandom", O_RDONLY) = 5
1520664133.587468 fcntl(5, F_SETFD, FD_CLOEXEC) = 0
1520664133.587477 fstat(5, {st_mode=S_IFCHR|0666, st_rdev=makedev(1, 9), ...}) = 0
1520664133.587488 read(5, "\326\21\16\33TI\210iW\331!\241\257\201\n\256\213Z\351\\\4\202:`\213X\275\361\370\210\250A"..., 64) = 64
1520664133.587503 close(5)              = 0
1520664133.587528 stat("/home/Jacob/.ssh/id_rsa", 0x7ffde32fc330) = -1 ENOENT (No such file or directory)
1520664133.587546 stat("/home/Jacob/.ssh/id_dsa", 0x7ffde32fc330) = -1 ENOENT (No such file or directory)
1520664133.587558 stat("/home/Jacob/.ssh/id_ecdsa", 0x7ffde32fc330) = -1 ENOENT (No such file or directory)
1520664133.587570 stat("/home/Jacob/.ssh/id_ed25519", 0x7ffde32fc330) = -1 ENOENT (No such file or directory)
1520664133.587586 open("/dev/tty", O_RDWR) = 5
1520664133.587601 close(5)              = 0
1520664133.587611 open("/dev/tty", O_RDWR) = 5
1520664133.587622 rt_sigaction(SIGALRM, {0x7f8efe00b790, [], SA_RESTORER, 0x7f8efb799250}, {SIG_DFL, [], 0}, 8) = 0
1520664133.587638 rt_sigaction(SIGHUP, {0x7f8efe00b790, [], SA_RESTORER, 0x7f8efb799250}, {SIG_DFL, [], 0}, 8) = 0
1520664133.587648 rt_sigaction(SIGINT, {0x7f8efe00b790, [], SA_RESTORER, 0x7f8efb799250}, {SIG_DFL, [], 0}, 8) = 0
1520664133.587658 rt_sigaction(SIGPIPE, {0x7f8efe00b790, [], SA_RESTORER, 0x7f8efb799250}, {SIG_IGN, [], SA_RESTORER, 0x7f8efb799250}, 8) = 0
1520664133.587668 rt_sigaction(SIGQUIT, {0x7f8efe00b790, [], SA_RESTORER, 0x7f8efb799250}, {SIG_DFL, [], 0}, 8) = 0
1520664133.587678 rt_sigaction(SIGTERM, {0x7f8efe00b790, [], SA_RESTORER, 0x7f8efb799250}, {SIG_DFL, [], 0}, 8) = 0
1520664133.587688 rt_sigaction(SIGTSTP, {0x7f8efe00b790, [], SA_RESTORER, 0x7f8efb799250}, {SIG_DFL, [], 0}, 8) = 0
1520664133.587697 rt_sigaction(SIGTTIN, {0x7f8efe00b790, [], SA_RESTORER, 0x7f8efb799250}, {SIG_DFL, [], 0}, 8) = 0
1520664133.587707 rt_sigaction(SIGTTOU, {0x7f8efe00b790, [], SA_RESTORER, 0x7f8efb799250}, {SIG_DFL, [], 0}, 8) = 0
1520664133.587717 ioctl(5, TCGETS, {B38400 opost isig icanon echo ...}) = 0
1520664133.587737 ioctl(5, SNDCTL_TMR_CONTINUE or TCSETSF, {B38400 opost isig icanon -echo ...}) = 0
1520664133.587749 write(5, "root@192.168.122.10's password: ", 32) = 32
1520664133.587763 read(5, "h", 1)       = 1
1520664133.587851 read(5, "a", 1)       = 1
1520664133.587861 read(5, "d", 1)       = 1
1520664133.587871 read(5, "o", 1)       = 1
1520664133.587880 read(5, "o", 1)       = 1
1520664133.587890 read(5, "p", 1)       = 1
1520664133.587899 read(5, "\n", 1)      = 1
1520664133.587909 write(5, "\n", 1)     = 1
1520664133.587920 ioctl(5, SNDCTL_TMR_CONTINUE or TCSETSF, {B38400 opost isig icanon echo ...}) = 0
1520664133.587932 rt_sigaction(SIGALRM, {SIG_DFL, [], SA_RESTORER, 0x7f8efb799250}, NULL, 8) = 0
1520664133.587942 rt_sigaction(SIGHUP, {SIG_DFL, [], SA_RESTORER, 0x7f8efb799250}, NULL, 8) = 0
1520664133.587956 rt_sigaction(SIGINT, {SIG_DFL, [], SA_RESTORER, 0x7f8efb799250}, NULL, 8) = 0
1520664133.587966 rt_sigaction(SIGQUIT, {SIG_DFL, [], SA_RESTORER, 0x7f8efb799250}, NULL, 8) = 0
1520664133.587975 rt_sigaction(SIGPIPE, {SIG_IGN, [], SA_RESTORER, 0x7f8efb799250}, NULL, 8) = 0
1520664133.587984 rt_sigaction(SIGTERM, {SIG_DFL, [], SA_RESTORER, 0x7f8efb799250}, NULL, 8) = 0
1520664133.587993 rt_sigaction(SIGTSTP, {SIG_DFL, [], SA_RESTORER, 0x7f8efb799250}, NULL, 8) = 0
1520664133.588003 rt_sigaction(SIGTTIN, {SIG_DFL, [], SA_RESTORER, 0x7f8efb799250}, NULL, 8) = 0
1520664133.588012 rt_sigaction(SIGTTOU, {SIG_DFL, [], SA_RESTORER, 0x7f8efb799250}, NULL, 8) = 0
1520664133.588021 close(5)              = 0
1520664133.588038 write(4, "\337\216\255\223\363I\375YPP:V\5Qb\216\31\35\365\207zB\273\206Ux\356\222\210y\2240"..., 144) = 144
1520664133.588095 select(5, [4], NULL, NULL, NULL) = 1 (in [4])
1520664133.595902 read(4, "T\240\202\300\4Sc\30\234Ym\336\320\233\265.BR'\202\376G^\351m\270Kr\21e\313\373", 8192) = 32
1520664133.595929 getpeername(4, {sa_family=AF_INET, sin_port=htons(22), sin_addr=inet_addr("192.168.122.10")}, [16]) = 0
1520664133.596015 dup(0)                = 5
1520664133.596025 dup(1)                = 6
1520664133.596034 dup(2)                = 7
1520664133.596042 ioctl(5, TCGETS, {B38400 opost isig icanon echo ...}) = 0
1520664133.596056 ioctl(6, TCGETS, {B38400 opost isig icanon echo ...}) = 0
1520664133.596066 ioctl(7, TCGETS, {B38400 opost isig icanon echo ...}) = 0
1520664133.596081 fcntl(5, F_SETFD, FD_CLOEXEC) = 0
1520664133.596091 fcntl(6, F_SETFD, FD_CLOEXEC) = 0
1520664133.596100 fcntl(7, F_SETFD, FD_CLOEXEC) = 0
1520664133.596118 rt_sigaction(SIGHUP, NULL, {SIG_DFL, [], SA_RESTORER, 0x7f8efb799250}, 8) = 0
1520664133.596130 rt_sigaction(SIGHUP, {SIG_IGN, [], SA_RESTORER, 0x7f8efb799250}, NULL, 8) = 0
1520664133.596140 rt_sigaction(SIGHUP, NULL, {SIG_IGN, [], SA_RESTORER, 0x7f8efb799250}, 8) = 0
1520664133.596149 rt_sigaction(SIGHUP, {0x7f8efdfc0280, [], SA_RESTORER, 0x7f8efb799250}, NULL, 8) = 0
1520664133.596159 rt_sigaction(SIGINT, NULL, {SIG_DFL, [], SA_RESTORER, 0x7f8efb799250}, 8) = 0
1520664133.596168 rt_sigaction(SIGINT, {SIG_IGN, [], SA_RESTORER, 0x7f8efb799250}, NULL, 8) = 0
1520664133.596178 rt_sigaction(SIGINT, NULL, {SIG_IGN, [], SA_RESTORER, 0x7f8efb799250}, 8) = 0
1520664133.596187 rt_sigaction(SIGINT, {0x7f8efdfc0280, [], SA_RESTORER, 0x7f8efb799250}, NULL, 8) = 0
1520664133.596196 rt_sigaction(SIGQUIT, NULL, {SIG_DFL, [], SA_RESTORER, 0x7f8efb799250}, 8) = 0
1520664133.596206 rt_sigaction(SIGQUIT, {SIG_IGN, [], SA_RESTORER, 0x7f8efb799250}, NULL, 8) = 0
1520664133.596215 rt_sigaction(SIGQUIT, NULL, {SIG_IGN, [], SA_RESTORER, 0x7f8efb799250}, 8) = 0
1520664133.596224 rt_sigaction(SIGQUIT, {0x7f8efdfc0280, [], SA_RESTORER, 0x7f8efb799250}, NULL, 8) = 0
1520664133.596233 rt_sigaction(SIGTERM, NULL, {SIG_DFL, [], SA_RESTORER, 0x7f8efb799250}, 8) = 0
1520664133.596243 rt_sigaction(SIGTERM, {SIG_IGN, [], SA_RESTORER, 0x7f8efb799250}, NULL, 8) = 0
1520664133.596252 rt_sigaction(SIGTERM, NULL, {SIG_IGN, [], SA_RESTORER, 0x7f8efb799250}, 8) = 0
1520664133.596261 rt_sigaction(SIGTERM, {0x7f8efdfc0280, [], SA_RESTORER, 0x7f8efb799250}, NULL, 8) = 0
1520664133.596270 rt_sigaction(SIGWINCH, NULL, {SIG_DFL, [], 0}, 8) = 0
1520664133.596279 rt_sigaction(SIGWINCH, {0x7f8efdfc0500, [], SA_RESTORER, 0x7f8efb799250}, NULL, 8) = 0
1520664133.596289 ioctl(0, TCGETS, {B38400 opost isig icanon echo ...}) = 0
1520664133.596300 ioctl(0, SNDCTL_TMR_STOP or TCSETSW, {B38400 -opost -isig -icanon -echo ...}) = 0
1520664133.596335 clock_gettime(CLOCK_BOOTTIME, {27781, 828267260}) = 0
1520664133.596347 clock_gettime(CLOCK_BOOTTIME, {27781, 828278732}) = 0
1520664133.596357 select(8, [4], [4], NULL, NULL) = 1 (out [4])
1520664133.596372 clock_gettime(CLOCK_BOOTTIME, {27781, 828303185}) = 0
1520664133.596382 write(4, "]\356)n\351\371\205\210;Z\347N\355\315\377\377\363X\265\212\17\230\37\265\243_\342\3562=\2B"..., 128) = 128
1520664133.596449 clock_gettime(CLOCK_BOOTTIME, {27781, 828382157}) = 0
1520664133.596465 clock_gettime(CLOCK_BOOTTIME, {27781, 828397852}) = 0
1520664133.596480 select(8, [4], [], NULL, NULL) = 1 (in [4])
1520664133.698803 clock_gettime(CLOCK_BOOTTIME, {27781, 930737092}) = 0
1520664133.698819 read(4, "\t>\223eG.`\307\355\215\377\245t\211\232\272\267oq\225\23\235j;N\5\2\377\205\311\330\f"..., 8192) = 48
1520664133.698847 getsockopt(4, SOL_TCP, TCP_NODELAY, [0], [4]) = 0
1520664133.698860 setsockopt(4, SOL_TCP, TCP_NODELAY, [1], 4) = 0
1520664133.698871 getsockname(4, {sa_family=AF_INET, sin_port=htons(40468), sin_addr=inet_addr("192.168.122.20")}, [16]) = 0
1520664133.698884 setsockopt(4, SOL_IP, IP_TOS, [16], 4) = 0
1520664133.698900 ioctl(0, TIOCGWINSZ, {ws_row=30, ws_col=179, ws_xpixel=0, ws_ypixel=0}) = 0
1520664133.698937 clock_gettime(CLOCK_BOOTTIME, {27781, 930869839}) = 0
1520664133.698949 clock_gettime(CLOCK_BOOTTIME, {27781, 930879991}) = 0
1520664133.698959 select(8, [4], [4], NULL, NULL) = 1 (out [4])
1520664133.698973 clock_gettime(CLOCK_BOOTTIME, {27781, 930903912}) = 0
1520664133.698985 write(4, "\207RR\10\275e\27\1\3344\203\365ul\214\307\341v\223\316+\302a\262Y\250\32\341\362<@M"..., 448) = 448
1520664133.699049 clock_gettime(CLOCK_BOOTTIME, {27781, 930980622}) = 0
1520664133.699060 clock_gettime(CLOCK_BOOTTIME, {27781, 930990920}) = 0
1520664133.699069 select(8, [4], [], NULL, NULL) = 1 (in [4])
1520664133.701437 clock_gettime(CLOCK_BOOTTIME, {27781, 933370159}) = 0
1520664133.701451 read(4, "\322\236\246x\342>\374\270\376\r\336 x\377\310\341\317\366\307\212\325R\370:\216v\230py\273\f\343"..., 8192) = 112
1520664133.701471 clock_gettime(CLOCK_BOOTTIME, {27781, 933402613}) = 0
1520664133.701481 clock_gettime(CLOCK_BOOTTIME, {27781, 933412387}) = 0
1520664133.701491 select(8, [4 5], [], NULL, NULL) = 1 (in [4])
1520664133.703906 clock_gettime(CLOCK_BOOTTIME, {27781, 935839081}) = 0
1520664133.703919 read(4, "\335\264k\332\357\357g\\l7L\3306\5\22\25\375\276\2578\302\201\374\324]r\260T\312\361\365I"..., 8192) = 96
1520664133.703977 clock_gettime(CLOCK_BOOTTIME, {27781, 935908674}) = 0
1520664133.703987 clock_gettime(CLOCK_BOOTTIME, {27781, 935918624}) = 0
1520664133.703997 select(8, [4 5], [6], NULL, NULL) = 1 (out [6])
1520664133.704013 clock_gettime(CLOCK_BOOTTIME, {27781, 935944337}) = 0
1520664133.704023 write(6, "Last login: Sat Mar 10 03:56:09 "..., 59) = 59
1520664133.704038 clock_gettime(CLOCK_BOOTTIME, {27781, 935969297}) = 0
1520664133.704047 clock_gettime(CLOCK_BOOTTIME, {27781, 935978683}) = 0
1520664133.704057 select(8, [4 5], [], NULL, NULL) = 1 (in [4])
1520664133.748258 clock_gettime(CLOCK_BOOTTIME, {27781, 980191982}) = 0
1520664133.748275 read(4, "\302\247\375\341X+\363d\r\277w@e>\212\"\200\256\n\10&*o\277\202\334\270m]\254&m"..., 8192) = 112
1520664133.748302 clock_gettime(CLOCK_BOOTTIME, {27781, 980234258}) = 0
1520664133.748313 clock_gettime(CLOCK_BOOTTIME, {27781, 980244185}) = 0
1520664133.748323 select(8, [4 5], [6], NULL, NULL) = 1 (out [6])
1520664133.748339 clock_gettime(CLOCK_BOOTTIME, {27781, 980270074}) = 0
1520664133.748348 write(6, "\33]0;root@Breakering-server-00:~\7"..., 71) = 71
1520664133.748363 clock_gettime(CLOCK_BOOTTIME, {27781, 980294147}) = 0
1520664133.748372 clock_gettime(CLOCK_BOOTTIME, {27781, 980303436}) = 0
1520664133.748382 select(8, [4 5], [], NULL, NULL) = 1 (in [5])
1520664134.825710 clock_gettime(CLOCK_BOOTTIME, {27783, 57643866}) = 0
1520664134.825726 read(5, "l", 16384)   = 1
1520664134.825756 clock_gettime(CLOCK_BOOTTIME, {27783, 57688265}) = 0
1520664134.825767 clock_gettime(CLOCK_BOOTTIME, {27783, 57698326}) = 0
1520664134.825777 select(8, [4 5], [4], NULL, NULL) = 1 (out [4])
1520664134.825792 clock_gettime(CLOCK_BOOTTIME, {27783, 57723683}) = 0
1520664134.825802 write(4, "\3046\203\217[\272\3214\271V\202e\200\2323\201\240\17H\362Q\243\341\307z\335\215i\376Fh\311"..., 48) = 48
1520664134.825862 clock_gettime(CLOCK_BOOTTIME, {27783, 57794103}) = 0
1520664134.825873 clock_gettime(CLOCK_BOOTTIME, {27783, 57804412}) = 0
1520664134.825883 select(8, [4 5], [], NULL, NULL) = 1 (in [4])
1520664134.828520 clock_gettime(CLOCK_BOOTTIME, {27783, 60452640}) = 0
1520664134.828533 read(4, "Q\324\242\342\372\202\214\36\307\231\10\5!\364\223\216\n\3117Ox\345\31w\275kA\17\276\350?}"..., 8192) = 48
1520664134.828551 clock_gettime(CLOCK_BOOTTIME, {27783, 60483360}) = 0
1520664134.828562 clock_gettime(CLOCK_BOOTTIME, {27783, 60493154}) = 0
1520664134.828572 select(8, [4 5], [6], NULL, NULL) = 1 (out [6])
1520664134.828586 clock_gettime(CLOCK_BOOTTIME, {27783, 60517816}) = 0
1520664134.828596 write(6, "l", 1)      = 1
1520664134.828609 clock_gettime(CLOCK_BOOTTIME, {27783, 60540851}) = 0
1520664134.828619 clock_gettime(CLOCK_BOOTTIME, {27783, 60550304}) = 0
1520664134.828629 select(8, [4 5], [], NULL, NULL) = 1 (in [5])
1520664134.945418 clock_gettime(CLOCK_BOOTTIME, {27783, 177351279}) = 0
1520664134.945434 read(5, "s", 16384)   = 1
1520664134.945461 clock_gettime(CLOCK_BOOTTIME, {27783, 177392380}) = 0
1520664134.945471 clock_gettime(CLOCK_BOOTTIME, {27783, 177402182}) = 0
1520664134.945481 select(8, [4 5], [4], NULL, NULL) = 1 (out [4])
1520664134.945496 clock_gettime(CLOCK_BOOTTIME, {27783, 177427408}) = 0
1520664134.945506 write(4, "\356\321\227\7\217\324N\375\2y\224\244\3\0#\\\2365kd\235'\335\233\0i\353\3\t\345\212\35"..., 48) = 48
1520664134.945569 clock_gettime(CLOCK_BOOTTIME, {27783, 177500510}) = 0
1520664134.945579 clock_gettime(CLOCK_BOOTTIME, {27783, 177510856}) = 0
1520664134.945589 select(8, [4 5], [], NULL, NULL) = 1 (in [4])
1520664134.947467 clock_gettime(CLOCK_BOOTTIME, {27783, 179399990}) = 0
1520664134.947480 read(4, "\305 \310&\313\276\211\224\221\306\32\4t\210s\225\363\213b\317\214S\32_\202\240E~\224yk\374"..., 8192) = 48
1520664134.947499 clock_gettime(CLOCK_BOOTTIME, {27783, 179430561}) = 0
1520664134.947509 clock_gettime(CLOCK_BOOTTIME, {27783, 179440363}) = 0
1520664134.947519 select(8, [4 5], [6], NULL, NULL) = 1 (out [6])
1520664134.947534 clock_gettime(CLOCK_BOOTTIME, {27783, 179465081}) = 0
1520664134.947543 write(6, "s", 1)      = 1
1520664134.947556 clock_gettime(CLOCK_BOOTTIME, {27783, 179487948}) = 0
1520664134.947566 clock_gettime(CLOCK_BOOTTIME, {27783, 179497273}) = 0
1520664134.947576 select(8, [4 5], [], NULL, NULL) = 1 (in [5])
1520664135.089119 clock_gettime(CLOCK_BOOTTIME, {27783, 321065154}) = 0
1520664135.089154 read(5, "\r", 16384)  = 1
1520664135.089242 clock_gettime(CLOCK_BOOTTIME, {27783, 321174862}) = 0
1520664135.089257 clock_gettime(CLOCK_BOOTTIME, {27783, 321189348}) = 0
1520664135.089270 select(8, [4 5], [4], NULL, NULL) = 1 (out [4])
1520664135.089307 clock_gettime(CLOCK_BOOTTIME, {27783, 321240428}) = 0
1520664135.089321 write(4, "\7@\273\24\246\205C\336\221,>\3061\t3b\300\177\376f\vL\204\245\24\3611f\264\336\0339"..., 48) = 48
1520664135.089408 clock_gettime(CLOCK_BOOTTIME, {27783, 321340415}) = 0
1520664135.089420 clock_gettime(CLOCK_BOOTTIME, {27783, 321351215}) = 0
1520664135.089430 select(8, [4 5], [], NULL, NULL) = 1 (in [4])
1520664135.092261 clock_gettime(CLOCK_BOOTTIME, {27783, 324195563}) = 0
1520664135.092278 read(4, "FP<.n\23\303Do]\316LZ^\256\n\20\26\267\325\200I\32\34\0D\204d\304\373\16\246"..., 8192) = 48
1520664135.092305 clock_gettime(CLOCK_BOOTTIME, {27783, 324237944}) = 0
1520664135.092317 clock_gettime(CLOCK_BOOTTIME, {27783, 324249173}) = 0
1520664135.092329 select(8, [4 5], [6], NULL, NULL) = 1 (out [6])
1520664135.092347 clock_gettime(CLOCK_BOOTTIME, {27783, 324278193}) = 0
1520664135.092358 write(6, "\r\n", 2)   = 2
1520664135.092374 clock_gettime(CLOCK_BOOTTIME, {27783, 324305229}) = 0
1520664135.092383 clock_gettime(CLOCK_BOOTTIME, {27783, 324314691}) = 0
1520664135.092393 select(8, [4 5], [], NULL, NULL) = 1 (in [4])
1520664135.096103 clock_gettime(CLOCK_BOOTTIME, {27783, 328038804}) = 0
1520664135.096127 read(4, "mh\233\217\303l\322\215:\343\352\315\365\304\200\226\242\5\271\2113z\225\7\3356^Y?D\336\362"..., 8192) = 352
1520664135.096169 clock_gettime(CLOCK_BOOTTIME, {27783, 328102547}) = 0
1520664135.096185 clock_gettime(CLOCK_BOOTTIME, {27783, 328117367}) = 0
1520664135.096200 select(8, [4 5], [6], NULL, NULL) = 1 (out [6])
1520664135.096239 clock_gettime(CLOCK_BOOTTIME, {27783, 328172127}) = 0
1520664135.096254 write(6, "anaconda-ks.cfg  \33[0m\33[01;34mBre"..., 315) = 315
1520664135.096277 clock_gettime(CLOCK_BOOTTIME, {27783, 328210016}) = 0
1520664135.096292 clock_gettime(CLOCK_BOOTTIME, {27783, 328224591}) = 0
1520664135.096307 select(8, [4 5], [], NULL, NULL) = 1 (in [5])
1520664147.556202 clock_gettime(CLOCK_BOOTTIME, {27795, 788136200}) = 0
1520664147.556219 read(5, "\4", 16384)  = 1
1520664147.556245 clock_gettime(CLOCK_BOOTTIME, {27795, 788176888}) = 0
1520664147.556255 clock_gettime(CLOCK_BOOTTIME, {27795, 788186711}) = 0
1520664147.556266 select(8, [4 5], [4], NULL, NULL) = 1 (out [4])
1520664147.556282 clock_gettime(CLOCK_BOOTTIME, {27795, 788213272}) = 0
1520664147.556292 write(4, "e/\30\376\326\34\344\5\301G\306\330\345=\370\10v\202\245c\273f\236s\373\302\315\351\222\352\314\340"..., 48) = 48
1520664147.556363 clock_gettime(CLOCK_BOOTTIME, {27795, 788294586}) = 0
1520664147.556374 clock_gettime(CLOCK_BOOTTIME, {27795, 788305122}) = 0
1520664147.556383 select(8, [4 5], [], NULL, NULL) = 1 (in [4])
1520664147.560416 clock_gettime(CLOCK_BOOTTIME, {27795, 792348998}) = 0
1520664147.560430 read(4, "\22i\24\362\313^\357\263\315>\241x\232\340\306\222\376\16A\374Rp<+\312\tv\25\301\2N\251"..., 8192) = 240
1520664147.560454 close(5)              = 0
1520664147.560468 clock_gettime(CLOCK_BOOTTIME, {27795, 792399722}) = 0
1520664147.560478 clock_gettime(CLOCK_BOOTTIME, {27795, 792409490}) = 0
1520664147.560488 select(8, [4], [6], NULL, NULL) = 1 (out [6])
1520664147.560503 clock_gettime(CLOCK_BOOTTIME, {27795, 792434417}) = 0
1520664147.560513 write(6, "logout\r\n", 8) = 8
1520664147.560527 clock_gettime(CLOCK_BOOTTIME, {27795, 792458084}) = 0
1520664147.560536 clock_gettime(CLOCK_BOOTTIME, {27795, 792467490}) = 0
1520664147.560546 close(6)              = 0
1520664147.560555 ioctl(0, SNDCTL_TMR_STOP or TCSETSW, {B38400 opost isig icanon echo ...}) = 0
1520664147.560584 close(7)              = 0
1520664147.560596 select(8, [4], [4], NULL, NULL) = 1 (out [4])
1520664147.560609 clock_gettime(CLOCK_BOOTTIME, {27795, 792540823}) = 0
1520664147.560619 write(4, "y\0166\235\204`\317B\217\30j\372X\332\353H\302r\t\215{\302\327Y\34\231\364\315\30\365\271\22", 32) = 32
1520664147.560668 rt_sigaction(SIGWINCH, NULL, {0x7f8efdfc0500, [], SA_RESTORER, 0x7f8efb799250}, 8) = 0
1520664147.560681 rt_sigaction(SIGWINCH, {SIG_DFL, [], SA_RESTORER, 0x7f8efb799250}, NULL, 8) = 0
1520664147.560695 write(4, "\10^\10\216o~\330\341\nm\350\363X\5z\256\\\10\27FUAs\36C\275\255\300?\375{5"..., 64) = 64
1520664147.560736 ioctl(0, TCGETS, {B38400 opost isig icanon echo ...}) = 0
1520664147.560749 ioctl(1, TCGETS, {B38400 opost isig icanon echo ...}) = 0
1520664147.560759 ioctl(2, TCGETS, {B38400 opost isig icanon echo ...}) = 0
1520664147.560770 write(2, "Connection to 192.168.122.10 clo"..., 38) = 38
1520664147.560788 shutdown(4, SHUT_RDWR) = 0
1520664147.560839 close(4)              = 0
1520664147.560996 exit_group(0)         = ?
1520664147.561394 +++ exited with 0 +++
