1520686323.657108 select(5, [4], NULL, NULL, NULL) = 1 (in [4])
1520686323.696033 read(4, "O\247\22\255\234\260\330A\335\224U\205\267\357\251\356\25>WE^#\202\355\30Iwm4\211^\363"..., 8192) = 48
1520686323.696131 write(4, "\v\37\256\301\317=\4\262_n\274\255\251\361\17*\3420\360\5\33\270\214\10c\320\30)\331e\260\212"..., 64) = 64
1520686323.696185 select(5, [4], NULL, NULL, NULL) = 1 (in [4])
1520686323.698525 read(4, "\30\342Sj\312\2445cs\362$\316\3\16\241\235\1k\32\26\0069V\2378\236:\334\304Hc\277"..., 8192) = 80
1520686323.698568 futex(0x7ff677be2510, FUTEX_WAKE_PRIVATE, 2147483647) = 0
1520686323.698642 futex(0x7ff677be23b0, FUTEX_WAKE_PRIVATE, 2147483647) = 0
1520686323.698698 futex(0x7ff67a1adfa0, FUTEX_WAKE_PRIVATE, 2147483647) = 0
1520686323.698716 lstat("/etc/gss/mech", 0x7ffcfbe12360) = -1 ENOENT (No such file or directory)
1520686323.698780 openat(AT_FDCWD, "/etc/gss/mech.d", O_RDONLY|O_NONBLOCK|O_DIRECTORY|O_CLOEXEC) = 5
1520686323.698808 getdents(5, /* 2 entries */, 32768) = 48
1520686323.698824 getdents(5, /* 0 entries */, 32768) = 0
1520686323.698834 close(5)              = 0
1520686323.698935 futex(0x7ff679f5f440, FUTEX_WAKE_PRIVATE, 2147483647) = 0
1520686323.698965 futex(0x7ff679f605d0, FUTEX_WAKE_PRIVATE, 2147483647) = 0
1520686323.698999 stat("/etc/krb5.conf", {st_mode=S_IFREG|0644, st_size=590, ...}) = 0
1520686323.699057 open("/etc/krb5.conf", O_RDONLY) = 5
1520686323.699076 fcntl(5, F_SETFD, FD_CLOEXEC) = 0
1520686323.699097 fstat(5, {st_mode=S_IFREG|0644, st_size=590, ...}) = 0
1520686323.699109 mmap(NULL, 4096, PROT_READ|PROT_WRITE, MAP_PRIVATE|MAP_ANONYMOUS, -1, 0) = 0x7ff67bcc9000
1520686323.699127 read(5, "# Configuration snippets may be "..., 4096) = 590
1520686323.699146 openat(AT_FDCWD, "/etc/krb5.conf.d/", O_RDONLY|O_NONBLOCK|O_DIRECTORY|O_CLOEXEC) = 6
1520686323.699162 getdents(6, /* 2 entries */, 32768) = 48
1520686323.699174 getdents(6, /* 0 entries */, 32768) = 0
1520686323.699185 close(6)              = 0
1520686323.699204 read(5, "", 4096)     = 0
1520686323.699216 close(5)              = 0
1520686323.699227 munmap(0x7ff67bcc9000, 4096) = 0
1520686323.699264 open("/dev/urandom", O_RDONLY) = 5
1520686323.699284 fcntl(5, F_SETFD, FD_CLOEXEC) = 0
1520686323.699295 fstat(5, {st_mode=S_IFCHR|0666, st_rdev=makedev(1, 9), ...}) = 0
1520686323.699309 read(5, "~\4\23\376\207v\326\257\260\202\3\357\\\252M\256\3357\212\252\325\334R^\221\355\222O\2378\317\245"..., 64) = 64
1520686323.699328 close(5)              = 0
1520686323.699363 open("/dev/urandom", O_RDONLY) = 5
1520686323.699375 fcntl(5, F_SETFD, FD_CLOEXEC) = 0
1520686323.699384 fstat(5, {st_mode=S_IFCHR|0666, st_rdev=makedev(1, 9), ...}) = 0
1520686323.699395 read(5, "\3700\237\vs|:\322M\222\n\204\252\25\215&\264\245\321\33x\377\22hl\264\24\340\7\243E\354"..., 64) = 64
1520686323.699410 close(5)              = 0
1520686323.699428 futex(0x7ff679c782e0, FUTEX_WAKE_PRIVATE, 2147483647) = 0
1520686323.699555 stat("/etc/krb5.conf", {st_mode=S_IFREG|0644, st_size=590, ...}) = 0
1520686323.699577 open("/etc/krb5.conf", O_RDONLY) = 5
1520686323.699590 fcntl(5, F_SETFD, FD_CLOEXEC) = 0
1520686323.699601 fstat(5, {st_mode=S_IFREG|0644, st_size=590, ...}) = 0
1520686323.699612 mmap(NULL, 4096, PROT_READ|PROT_WRITE, MAP_PRIVATE|MAP_ANONYMOUS, -1, 0) = 0x7ff67bcc9000
1520686323.699624 read(5, "# Configuration snippets may be "..., 4096) = 590
1520686323.699638 openat(AT_FDCWD, "/etc/krb5.conf.d/", O_RDONLY|O_NONBLOCK|O_DIRECTORY|O_CLOEXEC) = 6
1520686323.699651 getdents(6, /* 2 entries */, 32768) = 48
1520686323.699663 getdents(6, /* 0 entries */, 32768) = 0
1520686323.699672 close(6)              = 0
1520686323.699689 read(5, "", 4096)     = 0
1520686323.699699 close(5)              = 0
1520686323.699709 munmap(0x7ff67bcc9000, 4096) = 0
1520686323.699729 open("/dev/urandom", O_RDONLY) = 5
1520686323.699743 fcntl(5, F_SETFD, FD_CLOEXEC) = 0
1520686323.699752 fstat(5, {st_mode=S_IFCHR|0666, st_rdev=makedev(1, 9), ...}) = 0
1520686323.699763 read(5, "\311\34\26\271\314\325\373TLN!\212\4T\264wM\312.\370\23\306&j\247\32*(q~\205\r"..., 64) = 64
1520686323.699779 close(5)              = 0
1520686323.699813 access("/etc/krb5.conf", R_OK) = 0
1520686323.699828 stat("/etc/krb5.conf", {st_mode=S_IFREG|0644, st_size=590, ...}) = 0
1520686323.699843 open("/dev/urandom", O_RDONLY) = 5
1520686323.699855 fcntl(5, F_SETFD, FD_CLOEXEC) = 0
1520686323.699864 fstat(5, {st_mode=S_IFCHR|0666, st_rdev=makedev(1, 9), ...}) = 0
1520686323.699875 read(5, "ja\r\37\2767\227\252\204\302\300\306\274\252\257\236\323v\307f\34`\307\364\343\373\222B\345\fb="..., 64) = 64
1520686323.699890 close(5)              = 0
1520686323.699942 stat("/etc/sysconfig/64bit_strstr_via_64bit_strstr_sse2_unaligned", 0x7ffcfbe11c10) = -1 ENOENT (No such file or directory)
1520686323.699967 geteuid()             = 1002
1520686323.700009 open("/var/kerberos/krb5/user/1002/client.keytab", O_RDONLY) = -1 ENOENT (No such file or directory)
1520686323.700045 getuid()              = 1002
1520686323.700071 keyctl(KEYCTL_GET_PERSISTENT, 1002, KEY_SPEC_PROCESS_KEYRING) = 4503583
1520686323.700098 keyctl(KEYCTL_SEARCH, 4503583, "keyring", "_krb", KEY_SPEC_PROCESS_KEYRING) = 805520795
1520686323.700141 keyctl(KEYCTL_SEARCH, 805520795, "user", "krb_ccache:primary", 0) = 444782918
1520686323.700158 keyctl(KEYCTL_READ, 444782918, NULL, 0) = 12
1520686323.700171 keyctl(KEYCTL_READ, 444782918, "", 12) = 12
1520686323.700183 keyctl(KEYCTL_READ, 805520795, NULL, 0) = 4
1520686323.700192 keyctl(KEYCTL_READ, 805520795, "F\331\202\32", 4) = 4
1520686323.700202 keyctl(KEYCTL_SEARCH, 805520795, "keyring", "1002", 0) = -1 ENOKEY (Required key not available)
1520686323.700218 keyctl(KEYCTL_DESCRIBE, 444782918, NULL, 0) = 43
1520686323.700230 keyctl(KEYCTL_DESCRIBE, 444782918, "user;1002;1002;3f010000;krb_ccac"..., 43) = 43
1520686323.700269 stat("/etc/krb5.conf", {st_mode=S_IFREG|0644, st_size=590, ...}) = 0
1520686323.700286 open("/etc/krb5.conf", O_RDONLY) = 5
1520686323.700298 fcntl(5, F_SETFD, FD_CLOEXEC) = 0
1520686323.700310 fstat(5, {st_mode=S_IFREG|0644, st_size=590, ...}) = 0
1520686323.700320 mmap(NULL, 4096, PROT_READ|PROT_WRITE, MAP_PRIVATE|MAP_ANONYMOUS, -1, 0) = 0x7ff67bcc9000
1520686323.700332 read(5, "# Configuration snippets may be "..., 4096) = 590
1520686323.700347 openat(AT_FDCWD, "/etc/krb5.conf.d/", O_RDONLY|O_NONBLOCK|O_DIRECTORY|O_CLOEXEC) = 6
1520686323.700360 getdents(6, /* 2 entries */, 32768) = 48
1520686323.700371 getdents(6, /* 0 entries */, 32768) = 0
1520686323.700381 close(6)              = 0
1520686323.700397 read(5, "", 4096)     = 0
1520686323.700408 close(5)              = 0
1520686323.700418 munmap(0x7ff67bcc9000, 4096) = 0
1520686323.700438 open("/dev/urandom", O_RDONLY) = 5
1520686323.700451 fcntl(5, F_SETFD, FD_CLOEXEC) = 0
1520686323.700461 fstat(5, {st_mode=S_IFCHR|0666, st_rdev=makedev(1, 9), ...}) = 0
1520686323.700471 read(5, "V\205N\270\37\243\357\177\265\300\10\360\34\4\250\2677\236\3316\27\6\317\21\273d\2\365\254\323\27b"..., 64) = 64
1520686323.700514 close(5)              = 0
1520686323.700551 stat("/etc/krb5.conf", {st_mode=S_IFREG|0644, st_size=590, ...}) = 0
1520686323.700568 open("/etc/krb5.conf", O_RDONLY) = 5
1520686323.700580 fcntl(5, F_SETFD, FD_CLOEXEC) = 0
1520686323.700591 fstat(5, {st_mode=S_IFREG|0644, st_size=590, ...}) = 0
1520686323.700601 mmap(NULL, 4096, PROT_READ|PROT_WRITE, MAP_PRIVATE|MAP_ANONYMOUS, -1, 0) = 0x7ff67bcc9000
1520686323.700613 read(5, "# Configuration snippets may be "..., 4096) = 590
1520686323.700627 openat(AT_FDCWD, "/etc/krb5.conf.d/", O_RDONLY|O_NONBLOCK|O_DIRECTORY|O_CLOEXEC) = 6
1520686323.700640 getdents(6, /* 2 entries */, 32768) = 48
1520686323.700651 getdents(6, /* 0 entries */, 32768) = 0
1520686323.700661 close(6)              = 0
1520686323.700677 read(5, "", 4096)     = 0
1520686323.700687 close(5)              = 0
1520686323.700697 munmap(0x7ff67bcc9000, 4096) = 0
1520686323.700715 open("/dev/urandom", O_RDONLY) = 5
1520686323.700729 fcntl(5, F_SETFD, FD_CLOEXEC) = 0
1520686323.700739 fstat(5, {st_mode=S_IFCHR|0666, st_rdev=makedev(1, 9), ...}) = 0
1520686323.700749 read(5, "\333\267\177\367\367\3707%~\16\35\255\331\307I\367\3\264\22\232\261\32\254j\266\226\2161[\6\305\311"..., 64) = 64
1520686323.700770 close(5)              = 0
1520686323.700800 stat("/etc/krb5.conf", {st_mode=S_IFREG|0644, st_size=590, ...}) = 0
1520686323.700815 open("/etc/krb5.conf", O_RDONLY) = 5
1520686323.700827 fcntl(5, F_SETFD, FD_CLOEXEC) = 0
1520686323.700838 fstat(5, {st_mode=S_IFREG|0644, st_size=590, ...}) = 0
1520686323.700848 mmap(NULL, 4096, PROT_READ|PROT_WRITE, MAP_PRIVATE|MAP_ANONYMOUS, -1, 0) = 0x7ff67bcc9000
1520686323.700860 read(5, "# Configuration snippets may be "..., 4096) = 590
1520686323.700874 openat(AT_FDCWD, "/etc/krb5.conf.d/", O_RDONLY|O_NONBLOCK|O_DIRECTORY|O_CLOEXEC) = 6
1520686323.700886 getdents(6, /* 2 entries */, 32768) = 48
1520686323.700897 getdents(6, /* 0 entries */, 32768) = 0
1520686323.700907 close(6)              = 0
1520686323.700923 read(5, "", 4096)     = 0
1520686323.700933 close(5)              = 0
1520686323.700942 munmap(0x7ff67bcc9000, 4096) = 0
1520686323.700961 open("/dev/urandom", O_RDONLY) = 5
1520686323.700975 fcntl(5, F_SETFD, FD_CLOEXEC) = 0
1520686323.700995 fstat(5, {st_mode=S_IFCHR|0666, st_rdev=makedev(1, 9), ...}) = 0
1520686323.701008 read(5, "\223@\355\206\257\204\313\316\313g\17\22\23\320\225\357;\275\327\223\311\1\205Q*+\302I\367\245\332\227"..., 64) = 64
1520686323.701023 close(5)              = 0
1520686323.701041 access("/etc/krb5.conf", R_OK) = 0
1520686323.701054 stat("/etc/krb5.conf", {st_mode=S_IFREG|0644, st_size=590, ...}) = 0
1520686323.701067 open("/dev/urandom", O_RDONLY) = 5
1520686323.701079 fcntl(5, F_SETFD, FD_CLOEXEC) = 0
1520686323.701089 fstat(5, {st_mode=S_IFCHR|0666, st_rdev=makedev(1, 9), ...}) = 0
1520686323.701099 read(5, "0U\306W\202\236.<\231A\370\20y\334\275\207\210\376w\2\235\355X\231;\23p\350?\252\312\307"..., 64) = 64
1520686323.701114 close(5)              = 0
1520686323.701130 geteuid()             = 1002
1520686323.701144 open("/var/kerberos/krb5/user/1002/client.keytab", O_RDONLY) = -1 ENOENT (No such file or directory)
1520686323.701164 getuid()              = 1002
1520686323.701176 keyctl(KEYCTL_GET_PERSISTENT, 1002, KEY_SPEC_PROCESS_KEYRING) = 4503583
1520686323.701189 keyctl(KEYCTL_SEARCH, 4503583, "keyring", "_krb", KEY_SPEC_PROCESS_KEYRING) = 805520795
1520686323.701203 keyctl(KEYCTL_SEARCH, 805520795, "user", "krb_ccache:primary", 0) = 444782918
1520686323.701214 keyctl(KEYCTL_READ, 444782918, NULL, 0) = 12
1520686323.701224 keyctl(KEYCTL_READ, 444782918, "", 12) = 12
1520686323.701235 keyctl(KEYCTL_READ, 805520795, NULL, 0) = 4
1520686323.701244 keyctl(KEYCTL_READ, 805520795, "F\331\202\32", 4) = 4
1520686323.701254 keyctl(KEYCTL_SEARCH, 805520795, "keyring", "1002", 0) = -1 ENOKEY (Required key not available)
1520686323.701266 keyctl(KEYCTL_DESCRIBE, 444782918, NULL, 0) = 43
1520686323.701277 keyctl(KEYCTL_DESCRIBE, 444782918, "user;1002;1002;3f010000;krb_ccac"..., 43) = 43
1520686323.701298 access("/etc/krb5.conf", R_OK) = 0
1520686323.701311 stat("/etc/krb5.conf", {st_mode=S_IFREG|0644, st_size=590, ...}) = 0
1520686323.701325 open("/dev/urandom", O_RDONLY) = 5
1520686323.701337 fcntl(5, F_SETFD, FD_CLOEXEC) = 0
1520686323.701347 fstat(5, {st_mode=S_IFCHR|0666, st_rdev=makedev(1, 9), ...}) = 0
1520686323.701357 read(5, "^%/\366\3\314\360`\321w\343,e]\302\323\262\307\214\250S\304\357\371\362\256\35\222;\351\277\377"..., 64) = 64
1520686323.701372 close(5)              = 0
1520686323.701399 stat("/etc/krb5.conf", {st_mode=S_IFREG|0644, st_size=590, ...}) = 0
1520686323.701413 open("/etc/krb5.conf", O_RDONLY) = 5
1520686323.701424 fcntl(5, F_SETFD, FD_CLOEXEC) = 0
1520686323.701435 fstat(5, {st_mode=S_IFREG|0644, st_size=590, ...}) = 0
1520686323.701446 mmap(NULL, 4096, PROT_READ|PROT_WRITE, MAP_PRIVATE|MAP_ANONYMOUS, -1, 0) = 0x7ff67bcc9000
1520686323.701457 read(5, "# Configuration snippets may be "..., 4096) = 590
1520686323.701471 openat(AT_FDCWD, "/etc/krb5.conf.d/", O_RDONLY|O_NONBLOCK|O_DIRECTORY|O_CLOEXEC) = 6
1520686323.701506 getdents(6, /* 2 entries */, 32768) = 48
1520686323.701522 getdents(6, /* 0 entries */, 32768) = 0
1520686323.701532 close(6)              = 0
1520686323.701548 read(5, "", 4096)     = 0
1520686323.701564 close(5)              = 0
1520686323.701574 munmap(0x7ff67bcc9000, 4096) = 0
1520686323.701593 open("/dev/urandom", O_RDONLY) = 5
1520686323.701607 fcntl(5, F_SETFD, FD_CLOEXEC) = 0
1520686323.701617 fstat(5, {st_mode=S_IFCHR|0666, st_rdev=makedev(1, 9), ...}) = 0
1520686323.701627 read(5, "\343\337\335\25F\237=S\343\2415\257:\323\267\31\305@\240\217\5S\336\302\375W\2362\"\6\314\265"..., 64) = 64
1520686323.701643 close(5)              = 0
1520686323.701668 stat("/home/Jacob/.ssh/id_rsa", 0x7ffcfbe123e0) = -1 ENOENT (No such file or directory)
1520686323.701685 stat("/home/Jacob/.ssh/id_dsa", 0x7ffcfbe123e0) = -1 ENOENT (No such file or directory)
1520686323.701698 stat("/home/Jacob/.ssh/id_ecdsa", 0x7ffcfbe123e0) = -1 ENOENT (No such file or directory)
1520686323.701710 stat("/home/Jacob/.ssh/id_ed25519", 0x7ffcfbe123e0) = -1 ENOENT (No such file or directory)
1520686323.701727 open("/dev/tty", O_RDWR) = 5
1520686323.701742 close(5)              = 0
1520686323.701752 open("/dev/tty", O_RDWR) = 5
1520686323.701763 rt_sigaction(SIGALRM, {0x7ff67bd2a790, [], SA_RESTORER, 0x7ff6794b8250}, {SIG_DFL, [], 0}, 8) = 0
1520686323.701810 rt_sigaction(SIGHUP, {0x7ff67bd2a790, [], SA_RESTORER, 0x7ff6794b8250}, {SIG_DFL, [], 0}, 8) = 0
1520686323.701821 rt_sigaction(SIGINT, {0x7ff67bd2a790, [], SA_RESTORER, 0x7ff6794b8250}, {SIG_DFL, [], 0}, 8) = 0
1520686323.701831 rt_sigaction(SIGPIPE, {0x7ff67bd2a790, [], SA_RESTORER, 0x7ff6794b8250}, {SIG_IGN, [], SA_RESTORER, 0x7ff6794b8250}, 8) = 0
1520686323.701842 rt_sigaction(SIGQUIT, {0x7ff67bd2a790, [], SA_RESTORER, 0x7ff6794b8250}, {SIG_DFL, [], 0}, 8) = 0
1520686323.701852 rt_sigaction(SIGTERM, {0x7ff67bd2a790, [], SA_RESTORER, 0x7ff6794b8250}, {SIG_DFL, [], 0}, 8) = 0
1520686323.701862 rt_sigaction(SIGTSTP, {0x7ff67bd2a790, [], SA_RESTORER, 0x7ff6794b8250}, {SIG_DFL, [], 0}, 8) = 0
1520686323.701872 rt_sigaction(SIGTTIN, {0x7ff67bd2a790, [], SA_RESTORER, 0x7ff6794b8250}, {SIG_DFL, [], 0}, 8) = 0
1520686323.701882 rt_sigaction(SIGTTOU, {0x7ff67bd2a790, [], SA_RESTORER, 0x7ff6794b8250}, {SIG_DFL, [], 0}, 8) = 0
1520686323.701893 ioctl(5, TCGETS, {B38400 opost isig icanon echo ...}) = 0
1520686323.701913 ioctl(5, SNDCTL_TMR_CONTINUE or TCSETSF, {B38400 opost isig icanon -echo ...}) = 0
1520686323.701926 write(5, "root@192.168.122.10's password: ", 32) = 32
1520686323.701941 read(5, "h", 1)       = 1
1520686323.701989 read(5, "a", 1)       = 1
1520686323.702003 read(5, "d", 1)       = 1
1520686323.702013 read(5, "o", 1)       = 1
1520686323.702022 read(5, "o", 1)       = 1
1520686323.702032 read(5, "p", 1)       = 1
1520686323.702042 read(5, "\n", 1)      = 1
1520686323.702052 write(5, "\n", 1)     = 1
1520686323.702067 ioctl(5, SNDCTL_TMR_CONTINUE or TCSETSF, {B38400 opost isig icanon echo ...}) = 0
1520686323.702084 rt_sigaction(SIGALRM, {SIG_DFL, [], SA_RESTORER, 0x7ff6794b8250}, NULL, 8) = 0
1520686323.702100 rt_sigaction(SIGHUP, {SIG_DFL, [], SA_RESTORER, 0x7ff6794b8250}, NULL, 8) = 0
1520686323.702114 rt_sigaction(SIGINT, {SIG_DFL, [], SA_RESTORER, 0x7ff6794b8250}, NULL, 8) = 0
1520686323.702128 rt_sigaction(SIGQUIT, {SIG_DFL, [], SA_RESTORER, 0x7ff6794b8250}, NULL, 8) = 0
1520686323.702142 rt_sigaction(SIGPIPE, {SIG_IGN, [], SA_RESTORER, 0x7ff6794b8250}, NULL, 8) = 0
1520686323.702155 rt_sigaction(SIGTERM, {SIG_DFL, [], SA_RESTORER, 0x7ff6794b8250}, NULL, 8) = 0
1520686323.702165 rt_sigaction(SIGTSTP, {SIG_DFL, [], SA_RESTORER, 0x7ff6794b8250}, NULL, 8) = 0
1520686323.702175 rt_sigaction(SIGTTIN, {SIG_DFL, [], SA_RESTORER, 0x7ff6794b8250}, NULL, 8) = 0
1520686323.702184 rt_sigaction(SIGTTOU, {SIG_DFL, [], SA_RESTORER, 0x7ff6794b8250}, NULL, 8) = 0
1520686323.702194 close(5)              = 0
1520686323.702211 write(4, "\266#\344\333\32\2\301C\3029\230T\314+l\\x\226d\35+\3527\233\3356\201.\315\375\344y"..., 144) = 144
1520686323.702266 select(5, [4], NULL, NULL, NULL) = 1 (in [4])
1520686323.709989 read(4, "@\344\302\332\260\0101YK\253\234~\1\3\211{\tuS8\"\232\315KuU\20'\r\314#\257", 8192) = 32
1520686323.710017 getpeername(4, {sa_family=AF_INET, sin_port=htons(22), sin_addr=inet_addr("192.168.122.10")}, [16]) = 0
1520686323.710062 dup(0)                = 5
1520686323.710073 dup(1)                = 6
1520686323.710082 dup(2)                = 7
1520686323.710091 ioctl(5, TCGETS, {B38400 opost isig icanon echo ...}) = 0
1520686323.710105 ioctl(6, TCGETS, {B38400 opost isig icanon echo ...}) = 0
1520686323.710115 ioctl(7, TCGETS, {B38400 opost isig icanon echo ...}) = 0
1520686323.710130 fcntl(5, F_SETFD, FD_CLOEXEC) = 0
1520686323.710140 fcntl(6, F_SETFD, FD_CLOEXEC) = 0
1520686323.710149 fcntl(7, F_SETFD, FD_CLOEXEC) = 0
1520686323.710213 rt_sigaction(SIGHUP, NULL, {SIG_DFL, [], SA_RESTORER, 0x7ff6794b8250}, 8) = 0
1520686323.710228 rt_sigaction(SIGHUP, {SIG_IGN, [], SA_RESTORER, 0x7ff6794b8250}, NULL, 8) = 0
1520686323.710238 rt_sigaction(SIGHUP, NULL, {SIG_IGN, [], SA_RESTORER, 0x7ff6794b8250}, 8) = 0
1520686323.710248 rt_sigaction(SIGHUP, {0x7ff67bcdf280, [], SA_RESTORER, 0x7ff6794b8250}, NULL, 8) = 0
1520686323.710258 rt_sigaction(SIGINT, NULL, {SIG_DFL, [], SA_RESTORER, 0x7ff6794b8250}, 8) = 0
1520686323.710268 rt_sigaction(SIGINT, {SIG_IGN, [], SA_RESTORER, 0x7ff6794b8250}, NULL, 8) = 0
1520686323.710277 rt_sigaction(SIGINT, NULL, {SIG_IGN, [], SA_RESTORER, 0x7ff6794b8250}, 8) = 0
1520686323.710287 rt_sigaction(SIGINT, {0x7ff67bcdf280, [], SA_RESTORER, 0x7ff6794b8250}, NULL, 8) = 0
1520686323.710296 rt_sigaction(SIGQUIT, NULL, {SIG_DFL, [], SA_RESTORER, 0x7ff6794b8250}, 8) = 0
1520686323.710306 rt_sigaction(SIGQUIT, {SIG_IGN, [], SA_RESTORER, 0x7ff6794b8250}, NULL, 8) = 0
1520686323.710315 rt_sigaction(SIGQUIT, NULL, {SIG_IGN, [], SA_RESTORER, 0x7ff6794b8250}, 8) = 0
1520686323.710324 rt_sigaction(SIGQUIT, {0x7ff67bcdf280, [], SA_RESTORER, 0x7ff6794b8250}, NULL, 8) = 0
1520686323.710334 rt_sigaction(SIGTERM, NULL, {SIG_DFL, [], SA_RESTORER, 0x7ff6794b8250}, 8) = 0
1520686323.710344 rt_sigaction(SIGTERM, {SIG_IGN, [], SA_RESTORER, 0x7ff6794b8250}, NULL, 8) = 0
1520686323.710353 rt_sigaction(SIGTERM, NULL, {SIG_IGN, [], SA_RESTORER, 0x7ff6794b8250}, 8) = 0
1520686323.710363 rt_sigaction(SIGTERM, {0x7ff67bcdf280, [], SA_RESTORER, 0x7ff6794b8250}, NULL, 8) = 0
1520686323.710372 rt_sigaction(SIGWINCH, NULL, {SIG_DFL, [], 0}, 8) = 0
1520686323.710382 rt_sigaction(SIGWINCH, {0x7ff67bcdf500, [], SA_RESTORER, 0x7ff6794b8250}, NULL, 8) = 0
1520686323.710392 ioctl(0, TCGETS, {B38400 opost isig icanon echo ...}) = 0
1520686323.710404 ioctl(0, SNDCTL_TMR_STOP or TCSETSW, {B38400 -opost -isig -icanon -echo ...}) = 0
1520686323.710417 clock_gettime(CLOCK_BOOTTIME, {30930, 301139029}) = 0
1520686323.710428 clock_gettime(CLOCK_BOOTTIME, {30930, 301149673}) = 0
1520686323.710439 select(8, [4], [4], NULL, NULL) = 1 (out [4])
1520686323.710453 clock_gettime(CLOCK_BOOTTIME, {30930, 301174359}) = 0
1520686323.710463 write(4, "\357\255IK\276r\321H:\23U\276\316\376l&D;\371\356^3\347\373a\10}*\332\377\220\22"..., 128) = 128
1520686323.710541 clock_gettime(CLOCK_BOOTTIME, {30930, 301262401}) = 0
1520686323.710552 clock_gettime(CLOCK_BOOTTIME, {30930, 301273308}) = 0
1520686323.710562 select(8, [4], [], NULL, NULL) = 1 (in [4])
1520686323.813248 clock_gettime(CLOCK_BOOTTIME, {30930, 403971471}) = 0
1520686323.813264 read(4, "\33\321j@sWfn\32c\305v\20\371\312\35\222\303\334EH\6\277\375\354\336l\241R\270@5"..., 8192) = 48
1520686323.813291 getsockopt(4, SOL_TCP, TCP_NODELAY, [0], [4]) = 0
1520686323.813333 setsockopt(4, SOL_TCP, TCP_NODELAY, [1], 4) = 0
1520686323.813345 getsockname(4, {sa_family=AF_INET, sin_port=htons(40602), sin_addr=inet_addr("192.168.122.20")}, [16]) = 0
1520686323.813359 setsockopt(4, SOL_IP, IP_TOS, [16], 4) = 0
1520686323.813376 ioctl(0, TIOCGWINSZ, {ws_row=30, ws_col=179, ws_xpixel=0, ws_ypixel=0}) = 0
1520686323.813413 clock_gettime(CLOCK_BOOTTIME, {30930, 404135234}) = 0
1520686323.813424 clock_gettime(CLOCK_BOOTTIME, {30930, 404145467}) = 0
1520686323.813434 select(8, [4], [4], NULL, NULL) = 1 (out [4])
1520686323.813449 clock_gettime(CLOCK_BOOTTIME, {30930, 404169902}) = 0
1520686323.813461 write(4, "\374\222iq\263\276P\0344\2059\226\301\326Vz\225\346OS\263\244\357\205\344e\201\31\206\351\0\313"..., 448) = 448
1520686323.813536 clock_gettime(CLOCK_BOOTTIME, {30930, 404257305}) = 0
1520686323.813547 clock_gettime(CLOCK_BOOTTIME, {30930, 404268165}) = 0
1520686323.813557 select(8, [4], [], NULL, NULL) = 1 (in [4])
1520686323.815691 clock_gettime(CLOCK_BOOTTIME, {30930, 406413360}) = 0
1520686323.815704 read(4, "}\335\35\340a\265)-\r\317\350\300\364\0051\305-\267\205/??.\273\350/\4R\221T\310\325"..., 8192) = 112
1520686323.815723 clock_gettime(CLOCK_BOOTTIME, {30930, 406444853}) = 0
1520686323.815733 clock_gettime(CLOCK_BOOTTIME, {30930, 406454640}) = 0
1520686323.815743 select(8, [4 5], [], NULL, NULL) = 1 (in [4])
1520686323.817411 clock_gettime(CLOCK_BOOTTIME, {30930, 408133163}) = 0
1520686323.817424 read(4, "\320\270O+\353\20\31&\356N\31\254-'\213t\252\33*o\365\265\373\200'\343\274q\262\220\21\23"..., 8192) = 96
1520686323.817478 clock_gettime(CLOCK_BOOTTIME, {30930, 408199817}) = 0
1520686323.817489 clock_gettime(CLOCK_BOOTTIME, {30930, 408209920}) = 0
1520686323.817499 select(8, [4 5], [6], NULL, NULL) = 1 (out [6])
1520686323.817514 clock_gettime(CLOCK_BOOTTIME, {30930, 408235447}) = 0
1520686323.817524 write(6, "Last login: Sat Mar 10 04:45:32 "..., 59) = 59
1520686323.817539 clock_gettime(CLOCK_BOOTTIME, {30930, 408260802}) = 0
1520686323.817549 clock_gettime(CLOCK_BOOTTIME, {30930, 408270541}) = 0
1520686323.817559 select(8, [4 5], [], NULL, NULL) = 1 (in [4])
1520686323.854484 clock_gettime(CLOCK_BOOTTIME, {30930, 445207152}) = 0
1520686323.854501 read(4, "]\244\251\303{\370+H$\300\316p\356\312\331\326\r`\303\343\31\347\212_\0\271\254F\202v\213Y"..., 8192) = 112
1520686323.854528 clock_gettime(CLOCK_BOOTTIME, {30930, 445249980}) = 0
1520686323.854539 clock_gettime(CLOCK_BOOTTIME, {30930, 445259940}) = 0
1520686323.854549 select(8, [4 5], [6], NULL, NULL) = 1 (out [6])
1520686323.854564 clock_gettime(CLOCK_BOOTTIME, {30930, 445285516}) = 0
1520686323.854574 write(6, "\33]0;root@Breakering-server-00:~\7"..., 71) = 71
1520686323.854590 clock_gettime(CLOCK_BOOTTIME, {30930, 445311095}) = 0
1520686323.854599 clock_gettime(CLOCK_BOOTTIME, {30930, 445320618}) = 0
1520686323.854609 select(8, [4 5], [], NULL, NULL) = 1 (in [5])
1520686347.917497 clock_gettime(CLOCK_BOOTTIME, {30954, 508220583}) = 0
1520686347.917513 read(5, "\4", 16384)  = 1
1520686347.917544 clock_gettime(CLOCK_BOOTTIME, {30954, 508265475}) = 0
1520686347.917554 clock_gettime(CLOCK_BOOTTIME, {30954, 508275513}) = 0
1520686347.917565 select(8, [4 5], [4], NULL, NULL) = 1 (out [4])
1520686347.917580 clock_gettime(CLOCK_BOOTTIME, {30954, 508300895}) = 0
1520686347.917590 write(4, "\27AT\342x\352\3r\372\314\37\223}\227)rj\257<\353\17Dx\214\261\361:;\3518\302N"..., 48) = 48
1520686347.917654 clock_gettime(CLOCK_BOOTTIME, {30954, 508375364}) = 0
1520686347.917665 clock_gettime(CLOCK_BOOTTIME, {30954, 508386274}) = 0
1520686347.917675 select(8, [4 5], [], NULL, NULL) = 1 (in [4])
1520686347.921244 clock_gettime(CLOCK_BOOTTIME, {30954, 511966364}) = 0
1520686347.921257 read(4, "X\337Q\"bM^sE\227\27\360\270\327O\367>Zg\233\330q\260\334m}\2737vT\353\34"..., 8192) = 80
1520686347.921279 clock_gettime(CLOCK_BOOTTIME, {30954, 512000580}) = 0
1520686347.921289 clock_gettime(CLOCK_BOOTTIME, {30954, 512010573}) = 0
1520686347.921300 select(8, [4 5], [6], NULL, NULL) = 1 (out [6])
1520686347.921314 clock_gettime(CLOCK_BOOTTIME, {30954, 512035098}) = 0
1520686347.921324 write(6, "logout\r\n", 8) = 8
1520686347.921337 clock_gettime(CLOCK_BOOTTIME, {30954, 512058755}) = 0
1520686347.921347 clock_gettime(CLOCK_BOOTTIME, {30954, 512068298}) = 0
1520686347.921357 close(6)              = 0
1520686347.921367 select(8, [4 5], [], NULL, NULL) = 1 (in [4])
1520686347.922674 clock_gettime(CLOCK_BOOTTIME, {30954, 513397325}) = 0
1520686347.922689 read(4, "\375\351K\244\304\273F\306\267V\372\23+~\27\370;\365\321\26\223;\222\27\337]\21\6\361\243q3"..., 8192) = 160
1520686347.922711 close(5)              = 0
1520686347.922724 clock_gettime(CLOCK_BOOTTIME, {30954, 513445544}) = 0
1520686347.922734 clock_gettime(CLOCK_BOOTTIME, {30954, 513467267}) = 0
1520686347.922757 ioctl(0, SNDCTL_TMR_STOP or TCSETSW, {B38400 opost isig icanon echo ...}) = 0
1520686347.922786 close(7)              = 0
1520686347.922800 select(8, [4], [4], NULL, NULL) = 1 (out [4])
1520686347.922814 clock_gettime(CLOCK_BOOTTIME, {30954, 513535044}) = 0
1520686347.922824 write(4, "\v\304\327n%\320\366\5\36Ti\366\354\5m\245\370\262\314U0\360\360\351\371\253\350B\203\235-\232", 32) = 32
1520686347.922873 rt_sigaction(SIGWINCH, NULL, {0x7ff67bcdf500, [], SA_RESTORER, 0x7ff6794b8250}, 8) = 0
1520686347.922887 rt_sigaction(SIGWINCH, {SIG_DFL, [], SA_RESTORER, 0x7ff6794b8250}, NULL, 8) = 0
1520686347.922901 write(4, "\247\360\265,\7\353UC\330\346\223\253P\274\361\221\2340\325X\27\32\310\221\342\200t:\264\357\230\220"..., 64) = 64
1520686347.922943 ioctl(0, TCGETS, {B38400 opost isig icanon echo ...}) = 0
1520686347.922956 ioctl(1, TCGETS, {B38400 opost isig icanon echo ...}) = 0
1520686347.922966 ioctl(2, TCGETS, {B38400 opost isig icanon echo ...}) = 0
1520686347.922978 write(2, "Connection to 192.168.122.10 clo"..., 38) = 38
1520686347.922998 shutdown(4, SHUT_RDWR) = 0
1520686347.923050 close(4)              = 0
1520686347.923433 exit_group(0)         = ?
1520686347.923993 +++ exited with 0 +++
