1520664149.030329 select(5, [4], NULL, NULL, NULL) = 1 (in [4])
1520664149.030737 read(4, "\0\0\1\224\10\37\0\0\1\201\0\323#\r#ur\354\351\371#Xq^\272\303\244\330\237-kM"..., 8192) = 408
1520664149.032039 write(4, "\0\0\1\214\5 \0\0\1\201\0\275RS\357n2\344\"\324\220\v!wx|\232\251\242\203\264\227"..., 400) = 400
1520664149.032114 select(5, [4], NULL, NULL, NULL) = 1 (in [4])
1520664149.046494 read(4, "\0\0\3\274\t!\0\0\1\25\0\0\0\7ssh-rsa\0\0\0\1#\0\0\1\1\0\307"..., 8192) = 976
1520664149.046549 open("/home/Jacob/.ssh/known_hosts", O_RDONLY) = 5
1520664149.046591 fstat(5, {st_mode=S_IFREG|0644, st_size=396, ...}) = 0
1520664149.046610 mmap(NULL, 4096, PROT_READ|PROT_WRITE, MAP_PRIVATE|MAP_ANONYMOUS, -1, 0) = 0x7fa1cf5dd000
1520664149.046630 read(5, "192.168.122.10 ssh-rsa AAAAB3Nza"..., 4096) = 396
1520664149.046659 read(5, "", 4096)     = 0
1520664149.046670 close(5)              = 0
1520664149.046681 munmap(0x7fa1cf5dd000, 4096) = 0
1520664149.046704 open("/home/Jacob/.ssh/known_hosts2", O_RDONLY) = -1 ENOENT (No such file or directory)
1520664149.046727 open("/etc/ssh/ssh_known_hosts", O_RDONLY) = -1 ENOENT (No such file or directory)
1520664149.046740 open("/etc/ssh/ssh_known_hosts2", O_RDONLY) = -1 ENOENT (No such file or directory)
1520664149.048073 clock_gettime(CLOCK_BOOTTIME, {27797, 280009105}) = 0
1520664149.048090 write(4, "\0\0\0\f\n\25\0\0\0\0\0\0\0\0\0\0", 16) = 16
1520664149.048187 write(4, "-#\223p\212\211\364\22A\207\226\33Z~!\331\325\265\262\370\231z\26Jg\334\263t\n${\335"..., 48) = 48
1520664149.048204 select(5, [4], NULL, NULL, NULL) = 1 (in [4])
1520664149.088828 read(4, "G\265\315<\356f\267-\371t\22\360\330\324\344\347\356\306\245Pf\307\220\322?K\203t'\253\32\322"..., 8192) = 48
1520664149.088869 write(4, "\24\265\v\1\341\32B\344\t\25\270\20\247xA\257\304:BwQ~q\204\5\27^z\344;)."..., 64) = 64
1520664149.088920 select(5, [4], NULL, NULL, NULL) = 1 (in [4])
1520664149.091126 read(4, "U\ti\266\34G%\355\301f\347\36R6\355\17:\364\235D\304q\3727\0350iVg;\332a"..., 8192) = 80
1520664149.091168 futex(0x7fa1cb4f6510, FUTEX_WAKE_PRIVATE, 2147483647) = 0
1520664149.091251 futex(0x7fa1cb4f63b0, FUTEX_WAKE_PRIVATE, 2147483647) = 0
1520664149.091277 futex(0x7fa1cdac1fa0, FUTEX_WAKE_PRIVATE, 2147483647) = 0
1520664149.091295 lstat("/etc/gss/mech", 0x7ffd125362c0) = -1 ENOENT (No such file or directory)
1520664149.091321 openat(AT_FDCWD, "/etc/gss/mech.d", O_RDONLY|O_NONBLOCK|O_DIRECTORY|O_CLOEXEC) = 5
1520664149.091344 getdents(5, /* 2 entries */, 32768) = 48
1520664149.091359 getdents(5, /* 0 entries */, 32768) = 0
1520664149.091369 close(5)              = 0
1520664149.091458 futex(0x7fa1cd873440, FUTEX_WAKE_PRIVATE, 2147483647) = 0
1520664149.091490 futex(0x7fa1cd8745d0, FUTEX_WAKE_PRIVATE, 2147483647) = 0
1520664149.091512 stat("/etc/krb5.conf", {st_mode=S_IFREG|0644, st_size=590, ...}) = 0
1520664149.091534 open("/etc/krb5.conf", O_RDONLY) = 5
1520664149.091551 fcntl(5, F_SETFD, FD_CLOEXEC) = 0
1520664149.091571 fstat(5, {st_mode=S_IFREG|0644, st_size=590, ...}) = 0
1520664149.091582 mmap(NULL, 4096, PROT_READ|PROT_WRITE, MAP_PRIVATE|MAP_ANONYMOUS, -1, 0) = 0x7fa1cf5dd000
1520664149.091597 read(5, "# Configuration snippets may be "..., 4096) = 590
1520664149.091615 openat(AT_FDCWD, "/etc/krb5.conf.d/", O_RDONLY|O_NONBLOCK|O_DIRECTORY|O_CLOEXEC) = 6
1520664149.091630 getdents(6, /* 2 entries */, 32768) = 48
1520664149.091641 getdents(6, /* 0 entries */, 32768) = 0
1520664149.091652 close(6)              = 0
1520664149.091671 read(5, "", 4096)     = 0
1520664149.091683 close(5)              = 0
1520664149.091694 munmap(0x7fa1cf5dd000, 4096) = 0
1520664149.091731 open("/dev/urandom", O_RDONLY) = 5
1520664149.091750 fcntl(5, F_SETFD, FD_CLOEXEC) = 0
1520664149.091761 fstat(5, {st_mode=S_IFCHR|0666, st_rdev=makedev(1, 9), ...}) = 0
1520664149.091774 read(5, "\r\240\10\253[Q\371\27\264\34\255\273\375\325\345\251\22\30\214J\321\0\361.4E\305F\300\275\321\20"..., 64) = 64
1520664149.091793 close(5)              = 0
1520664149.091828 open("/dev/urandom", O_RDONLY) = 5
1520664149.091840 fcntl(5, F_SETFD, FD_CLOEXEC) = 0
1520664149.091849 fstat(5, {st_mode=S_IFCHR|0666, st_rdev=makedev(1, 9), ...}) = 0
1520664149.091867 read(5, "P\202A?\360_]\213\36\350R\r;\n\233\254\35\357P9^S\375\340\3\2#\30\311\1\276\n"..., 64) = 64
1520664149.091882 close(5)              = 0
1520664149.091900 futex(0x7fa1cd58c2e0, FUTEX_WAKE_PRIVATE, 2147483647) = 0
1520664149.091981 stat("/etc/krb5.conf", {st_mode=S_IFREG|0644, st_size=590, ...}) = 0
1520664149.091997 open("/etc/krb5.conf", O_RDONLY) = 5
1520664149.092009 fcntl(5, F_SETFD, FD_CLOEXEC) = 0
1520664149.092020 fstat(5, {st_mode=S_IFREG|0644, st_size=590, ...}) = 0
1520664149.092030 mmap(NULL, 4096, PROT_READ|PROT_WRITE, MAP_PRIVATE|MAP_ANONYMOUS, -1, 0) = 0x7fa1cf5dd000
1520664149.092041 read(5, "# Configuration snippets may be "..., 4096) = 590
1520664149.092055 openat(AT_FDCWD, "/etc/krb5.conf.d/", O_RDONLY|O_NONBLOCK|O_DIRECTORY|O_CLOEXEC) = 6
1520664149.092068 getdents(6, /* 2 entries */, 32768) = 48
1520664149.092079 getdents(6, /* 0 entries */, 32768) = 0
1520664149.092088 close(6)              = 0
1520664149.092105 read(5, "", 4096)     = 0
1520664149.092115 close(5)              = 0
1520664149.092124 munmap(0x7fa1cf5dd000, 4096) = 0
1520664149.092143 open("/dev/urandom", O_RDONLY) = 5
1520664149.092157 fcntl(5, F_SETFD, FD_CLOEXEC) = 0
1520664149.092166 fstat(5, {st_mode=S_IFCHR|0666, st_rdev=makedev(1, 9), ...}) = 0
1520664149.092177 read(5, "\305\340\316O\v/\255c\302\177KU+\355}@\270O\0~F\356\244\257\35\233\204-[\2315\275"..., 64) = 64
1520664149.092192 close(5)              = 0
1520664149.092218 access("/etc/krb5.conf", R_OK) = 0
1520664149.092233 stat("/etc/krb5.conf", {st_mode=S_IFREG|0644, st_size=590, ...}) = 0
1520664149.092247 open("/dev/urandom", O_RDONLY) = 5
1520664149.092259 fcntl(5, F_SETFD, FD_CLOEXEC) = 0
1520664149.092268 fstat(5, {st_mode=S_IFCHR|0666, st_rdev=makedev(1, 9), ...}) = 0
1520664149.092278 read(5, "\261\255\344\215\344\364\20F$\21\5\4\273\2744\230\305H6\260\317\3047P\255\f\34K\372\227Y\342"..., 64) = 64
1520664149.092293 close(5)              = 0
1520664149.092317 stat("/etc/sysconfig/64bit_strstr_via_64bit_strstr_sse2_unaligned", 0x7ffd12535b70) = -1 ENOENT (No such file or directory)
1520664149.092337 geteuid()             = 1002
1520664149.092365 open("/var/kerberos/krb5/user/1002/client.keytab", O_RDONLY) = -1 ENOENT (No such file or directory)
1520664149.092421 getuid()              = 1002
1520664149.092454 keyctl(KEYCTL_GET_PERSISTENT, 1002, KEY_SPEC_PROCESS_KEYRING) = 4503583
1520664149.092481 keyctl(KEYCTL_SEARCH, 4503583, "keyring", "_krb", KEY_SPEC_PROCESS_KEYRING) = 805520795
1520664149.092496 keyctl(KEYCTL_SEARCH, 805520795, "user", "krb_ccache:primary", 0) = 444782918
1520664149.092511 keyctl(KEYCTL_READ, 444782918, NULL, 0) = 12
1520664149.092523 keyctl(KEYCTL_READ, 444782918, "", 12) = 12
1520664149.092534 keyctl(KEYCTL_READ, 805520795, NULL, 0) = 4
1520664149.092544 keyctl(KEYCTL_READ, 805520795, "F\331\202\32", 4) = 4
1520664149.092554 keyctl(KEYCTL_SEARCH, 805520795, "keyring", "1002", 0) = -1 ENOKEY (Required key not available)
1520664149.092569 keyctl(KEYCTL_DESCRIBE, 444782918, NULL, 0) = 43
1520664149.092580 keyctl(KEYCTL_DESCRIBE, 444782918, "user;1002;1002;3f010000;krb_ccac"..., 43) = 43
1520664149.092619 stat("/etc/krb5.conf", {st_mode=S_IFREG|0644, st_size=590, ...}) = 0
1520664149.092635 open("/etc/krb5.conf", O_RDONLY) = 5
1520664149.092647 fcntl(5, F_SETFD, FD_CLOEXEC) = 0
1520664149.092658 fstat(5, {st_mode=S_IFREG|0644, st_size=590, ...}) = 0
1520664149.092668 mmap(NULL, 4096, PROT_READ|PROT_WRITE, MAP_PRIVATE|MAP_ANONYMOUS, -1, 0) = 0x7fa1cf5dd000
1520664149.092680 read(5, "# Configuration snippets may be "..., 4096) = 590
1520664149.092694 openat(AT_FDCWD, "/etc/krb5.conf.d/", O_RDONLY|O_NONBLOCK|O_DIRECTORY|O_CLOEXEC) = 6
1520664149.092707 getdents(6, /* 2 entries */, 32768) = 48
1520664149.092718 getdents(6, /* 0 entries */, 32768) = 0
1520664149.092727 close(6)              = 0
1520664149.092743 read(5, "", 4096)     = 0
1520664149.092754 close(5)              = 0
1520664149.092763 munmap(0x7fa1cf5dd000, 4096) = 0
1520664149.092783 open("/dev/urandom", O_RDONLY) = 5
1520664149.092801 fcntl(5, F_SETFD, FD_CLOEXEC) = 0
1520664149.092810 fstat(5, {st_mode=S_IFCHR|0666, st_rdev=makedev(1, 9), ...}) = 0
1520664149.092821 read(5, "\220K\20:\23\242\261S;lnP\23w\231X\375\340\363z\201\27n[H\315\274\2565P&\205"..., 64) = 64
1520664149.092836 close(5)              = 0
1520664149.092872 stat("/etc/krb5.conf", {st_mode=S_IFREG|0644, st_size=590, ...}) = 0
1520664149.092888 open("/etc/krb5.conf", O_RDONLY) = 5
1520664149.092900 fcntl(5, F_SETFD, FD_CLOEXEC) = 0
1520664149.092910 fstat(5, {st_mode=S_IFREG|0644, st_size=590, ...}) = 0
1520664149.092920 mmap(NULL, 4096, PROT_READ|PROT_WRITE, MAP_PRIVATE|MAP_ANONYMOUS, -1, 0) = 0x7fa1cf5dd000
1520664149.092931 read(5, "# Configuration snippets may be "..., 4096) = 590
1520664149.092945 openat(AT_FDCWD, "/etc/krb5.conf.d/", O_RDONLY|O_NONBLOCK|O_DIRECTORY|O_CLOEXEC) = 6
1520664149.092958 getdents(6, /* 2 entries */, 32768) = 48
1520664149.092968 getdents(6, /* 0 entries */, 32768) = 0
1520664149.092978 close(6)              = 0
1520664149.092993 read(5, "", 4096)     = 0
1520664149.093003 close(5)              = 0
1520664149.093012 munmap(0x7fa1cf5dd000, 4096) = 0
1520664149.093031 open("/dev/urandom", O_RDONLY) = 5
1520664149.093044 fcntl(5, F_SETFD, FD_CLOEXEC) = 0
1520664149.093053 fstat(5, {st_mode=S_IFCHR|0666, st_rdev=makedev(1, 9), ...}) = 0
1520664149.093064 read(5, "\263B\\\305$\367\253\350:\"v\247\215R\257*\307\215\362~sR\3411,\217\241\340\361g\233\203"..., 64) = 64
1520664149.093079 close(5)              = 0
1520664149.093108 stat("/etc/krb5.conf", {st_mode=S_IFREG|0644, st_size=590, ...}) = 0
1520664149.093122 open("/etc/krb5.conf", O_RDONLY) = 5
1520664149.093134 fcntl(5, F_SETFD, FD_CLOEXEC) = 0
1520664149.093144 fstat(5, {st_mode=S_IFREG|0644, st_size=590, ...}) = 0
1520664149.093154 mmap(NULL, 4096, PROT_READ|PROT_WRITE, MAP_PRIVATE|MAP_ANONYMOUS, -1, 0) = 0x7fa1cf5dd000
1520664149.093165 read(5, "# Configuration snippets may be "..., 4096) = 590
1520664149.093179 openat(AT_FDCWD, "/etc/krb5.conf.d/", O_RDONLY|O_NONBLOCK|O_DIRECTORY|O_CLOEXEC) = 6
1520664149.093191 getdents(6, /* 2 entries */, 32768) = 48
1520664149.093201 getdents(6, /* 0 entries */, 32768) = 0
1520664149.093210 close(6)              = 0
1520664149.093226 read(5, "", 4096)     = 0
1520664149.093236 close(5)              = 0
1520664149.093245 munmap(0x7fa1cf5dd000, 4096) = 0
1520664149.093263 open("/dev/urandom", O_RDONLY) = 5
1520664149.093277 fcntl(5, F_SETFD, FD_CLOEXEC) = 0
1520664149.093286 fstat(5, {st_mode=S_IFCHR|0666, st_rdev=makedev(1, 9), ...}) = 0
1520664149.093296 read(5, ";\37n\10EDI\273?\217U\f\260\207r\31K\271\200\367\fxA}\366+\356\341Q\256\314["..., 64) = 64
1520664149.093311 close(5)              = 0
1520664149.093328 access("/etc/krb5.conf", R_OK) = 0
1520664149.093340 stat("/etc/krb5.conf", {st_mode=S_IFREG|0644, st_size=590, ...}) = 0
1520664149.093353 open("/dev/urandom", O_RDONLY) = 5
1520664149.093364 fcntl(5, F_SETFD, FD_CLOEXEC) = 0
1520664149.093373 fstat(5, {st_mode=S_IFCHR|0666, st_rdev=makedev(1, 9), ...}) = 0
1520664149.093382 read(5, "\3464O\35\317\357e\312\17f\245\\\366\302\364\365I\370\26\\\266\345%\212^\f\1\270\235\207n\232"..., 64) = 64
1520664149.093426 close(5)              = 0
1520664149.093449 geteuid()             = 1002
1520664149.093463 open("/var/kerberos/krb5/user/1002/client.keytab", O_RDONLY) = -1 ENOENT (No such file or directory)
1520664149.093484 getuid()              = 1002
1520664149.093496 keyctl(KEYCTL_GET_PERSISTENT, 1002, KEY_SPEC_PROCESS_KEYRING) = 4503583
1520664149.093509 keyctl(KEYCTL_SEARCH, 4503583, "keyring", "_krb", KEY_SPEC_PROCESS_KEYRING) = 805520795
1520664149.093522 keyctl(KEYCTL_SEARCH, 805520795, "user", "krb_ccache:primary", 0) = 444782918
1520664149.093533 keyctl(KEYCTL_READ, 444782918, NULL, 0) = 12
1520664149.093543 keyctl(KEYCTL_READ, 444782918, "", 12) = 12
1520664149.093554 keyctl(KEYCTL_READ, 805520795, NULL, 0) = 4
1520664149.093563 keyctl(KEYCTL_READ, 805520795, "F\331\202\32", 4) = 4
1520664149.093573 keyctl(KEYCTL_SEARCH, 805520795, "keyring", "1002", 0) = -1 ENOKEY (Required key not available)
1520664149.093590 keyctl(KEYCTL_DESCRIBE, 444782918, NULL, 0) = 43
1520664149.093601 keyctl(KEYCTL_DESCRIBE, 444782918, "user;1002;1002;3f010000;krb_ccac"..., 43) = 43
1520664149.093622 access("/etc/krb5.conf", R_OK) = 0
1520664149.093635 stat("/etc/krb5.conf", {st_mode=S_IFREG|0644, st_size=590, ...}) = 0
1520664149.093650 open("/dev/urandom", O_RDONLY) = 5
1520664149.093663 fcntl(5, F_SETFD, FD_CLOEXEC) = 0
1520664149.093672 fstat(5, {st_mode=S_IFCHR|0666, st_rdev=makedev(1, 9), ...}) = 0
1520664149.093682 read(5, "G\202tW\242<\271\212\332F\331V`6i\250+_\357\242\301\375{5\265\214\"\243N\254\313\310"..., 64) = 64
1520664149.093698 close(5)              = 0
1520664149.093725 stat("/etc/krb5.conf", {st_mode=S_IFREG|0644, st_size=590, ...}) = 0
1520664149.093739 open("/etc/krb5.conf", O_RDONLY) = 5
1520664149.093751 fcntl(5, F_SETFD, FD_CLOEXEC) = 0
1520664149.093767 fstat(5, {st_mode=S_IFREG|0644, st_size=590, ...}) = 0
1520664149.093783 mmap(NULL, 4096, PROT_READ|PROT_WRITE, MAP_PRIVATE|MAP_ANONYMOUS, -1, 0) = 0x7fa1cf5dd000
1520664149.093800 read(5, "# Configuration snippets may be "..., 4096) = 590
1520664149.093822 openat(AT_FDCWD, "/etc/krb5.conf.d/", O_RDONLY|O_NONBLOCK|O_DIRECTORY|O_CLOEXEC) = 6
1520664149.093839 getdents(6, /* 2 entries */, 32768) = 48
1520664149.093850 getdents(6, /* 0 entries */, 32768) = 0
1520664149.093860 close(6)              = 0
1520664149.093876 read(5, "", 4096)     = 0
1520664149.093887 close(5)              = 0
1520664149.093896 munmap(0x7fa1cf5dd000, 4096) = 0
1520664149.093915 open("/dev/urandom", O_RDONLY) = 5
1520664149.093929 fcntl(5, F_SETFD, FD_CLOEXEC) = 0
1520664149.093938 fstat(5, {st_mode=S_IFCHR|0666, st_rdev=makedev(1, 9), ...}) = 0
1520664149.093949 read(5, "\325\230\2q\5\35[\246\216=\204@n;\211\252\240V\210\27\272}\24\225\276\243\6\"\206\325\177n"..., 64) = 64
1520664149.093964 close(5)              = 0
1520664149.093989 stat("/home/Jacob/.ssh/id_rsa", 0x7ffd12536340) = -1 ENOENT (No such file or directory)
1520664149.094006 stat("/home/Jacob/.ssh/id_dsa", 0x7ffd12536340) = -1 ENOENT (No such file or directory)
1520664149.094018 stat("/home/Jacob/.ssh/id_ecdsa", 0x7ffd12536340) = -1 ENOENT (No such file or directory)
1520664149.094030 stat("/home/Jacob/.ssh/id_ed25519", 0x7ffd12536340) = -1 ENOENT (No such file or directory)
1520664149.094046 open("/dev/tty", O_RDWR) = 5
1520664149.094061 close(5)              = 0
1520664149.094071 open("/dev/tty", O_RDWR) = 5
1520664149.094082 rt_sigaction(SIGALRM, {0x7fa1cf63e790, [], SA_RESTORER, 0x7fa1ccdcc250}, {SIG_DFL, [], 0}, 8) = 0
1520664149.094097 rt_sigaction(SIGHUP, {0x7fa1cf63e790, [], SA_RESTORER, 0x7fa1ccdcc250}, {SIG_DFL, [], 0}, 8) = 0
1520664149.094108 rt_sigaction(SIGINT, {0x7fa1cf63e790, [], SA_RESTORER, 0x7fa1ccdcc250}, {SIG_DFL, [], 0}, 8) = 0
1520664149.094118 rt_sigaction(SIGPIPE, {0x7fa1cf63e790, [], SA_RESTORER, 0x7fa1ccdcc250}, {SIG_IGN, [], SA_RESTORER, 0x7fa1ccdcc250}, 8) = 0
1520664149.094128 rt_sigaction(SIGQUIT, {0x7fa1cf63e790, [], SA_RESTORER, 0x7fa1ccdcc250}, {SIG_DFL, [], 0}, 8) = 0
1520664149.094138 rt_sigaction(SIGTERM, {0x7fa1cf63e790, [], SA_RESTORER, 0x7fa1ccdcc250}, {SIG_DFL, [], 0}, 8) = 0
1520664149.094147 rt_sigaction(SIGTSTP, {0x7fa1cf63e790, [], SA_RESTORER, 0x7fa1ccdcc250}, {SIG_DFL, [], 0}, 8) = 0
1520664149.094157 rt_sigaction(SIGTTIN, {0x7fa1cf63e790, [], SA_RESTORER, 0x7fa1ccdcc250}, {SIG_DFL, [], 0}, 8) = 0
1520664149.094167 rt_sigaction(SIGTTOU, {0x7fa1cf63e790, [], SA_RESTORER, 0x7fa1ccdcc250}, {SIG_DFL, [], 0}, 8) = 0
1520664149.094177 ioctl(5, TCGETS, {B38400 opost isig icanon echo ...}) = 0
1520664149.094197 ioctl(5, SNDCTL_TMR_CONTINUE or TCSETSF, {B38400 opost isig icanon -echo ...}) = 0
1520664149.094209 write(5, "root@192.168.122.10's password: ", 32) = 32
1520664149.094223 read(5, "h", 1)       = 1
1520664149.094261 read(5, "a", 1)       = 1
1520664149.094271 read(5, "d", 1)       = 1
1520664149.094280 read(5, "o", 1)       = 1
1520664149.094289 read(5, "o", 1)       = 1
1520664149.094299 read(5, "p", 1)       = 1
1520664149.094308 read(5, "\n", 1)      = 1
1520664149.094323 write(5, "\n", 1)     = 1
1520664149.094334 ioctl(5, SNDCTL_TMR_CONTINUE or TCSETSF, {B38400 opost isig icanon echo ...}) = 0
1520664149.094345 rt_sigaction(SIGALRM, {SIG_DFL, [], SA_RESTORER, 0x7fa1ccdcc250}, NULL, 8) = 0
1520664149.094355 rt_sigaction(SIGHUP, {SIG_DFL, [], SA_RESTORER, 0x7fa1ccdcc250}, NULL, 8) = 0
1520664149.094364 rt_sigaction(SIGINT, {SIG_DFL, [], SA_RESTORER, 0x7fa1ccdcc250}, NULL, 8) = 0
1520664149.094373 rt_sigaction(SIGQUIT, {SIG_DFL, [], SA_RESTORER, 0x7fa1ccdcc250}, NULL, 8) = 0
1520664149.094383 rt_sigaction(SIGPIPE, {SIG_IGN, [], SA_RESTORER, 0x7fa1ccdcc250}, NULL, 8) = 0
1520664149.094392 rt_sigaction(SIGTERM, {SIG_DFL, [], SA_RESTORER, 0x7fa1ccdcc250}, NULL, 8) = 0
1520664149.094433 rt_sigaction(SIGTSTP, {SIG_DFL, [], SA_RESTORER, 0x7fa1ccdcc250}, NULL, 8) = 0
1520664149.094443 rt_sigaction(SIGTTIN, {SIG_DFL, [], SA_RESTORER, 0x7fa1ccdcc250}, NULL, 8) = 0
1520664149.094452 rt_sigaction(SIGTTOU, {SIG_DFL, [], SA_RESTORER, 0x7fa1ccdcc250}, NULL, 8) = 0
1520664149.094462 close(5)              = 0
1520664149.094478 write(4, "\10i\362\236\274\375g\3550d\241\333;\341V^\r\346\303\10\333\177\202\333]\270\261A@\337\2644"..., 144) = 144
1520664149.094540 select(5, [4], NULL, NULL, NULL) = 1 (in [4])
1520664149.103984 read(4, "\327\276i\341}\241\266_\305\317\364\324\236\35\306V\314TKO\372\257\27\\\364\375\344\312F\0B\215", 8192) = 32
1520664149.104013 getpeername(4, {sa_family=AF_INET, sin_port=htons(22), sin_addr=inet_addr("192.168.122.10")}, [16]) = 0
1520664149.104051 dup(0)                = 5
1520664149.104061 dup(1)                = 6
1520664149.104069 dup(2)                = 7
1520664149.104077 ioctl(5, TCGETS, {B38400 opost isig icanon echo ...}) = 0
1520664149.104092 ioctl(6, TCGETS, {B38400 opost isig icanon echo ...}) = 0
1520664149.104102 ioctl(7, TCGETS, {B38400 opost isig icanon echo ...}) = 0
1520664149.104117 fcntl(5, F_SETFD, FD_CLOEXEC) = 0
1520664149.104127 fcntl(6, F_SETFD, FD_CLOEXEC) = 0
1520664149.104136 fcntl(7, F_SETFD, FD_CLOEXEC) = 0
1520664149.104154 rt_sigaction(SIGHUP, NULL, {SIG_DFL, [], SA_RESTORER, 0x7fa1ccdcc250}, 8) = 0
1520664149.104166 rt_sigaction(SIGHUP, {SIG_IGN, [], SA_RESTORER, 0x7fa1ccdcc250}, NULL, 8) = 0
1520664149.104176 rt_sigaction(SIGHUP, NULL, {SIG_IGN, [], SA_RESTORER, 0x7fa1ccdcc250}, 8) = 0
1520664149.104185 rt_sigaction(SIGHUP, {0x7fa1cf5f3280, [], SA_RESTORER, 0x7fa1ccdcc250}, NULL, 8) = 0
1520664149.104195 rt_sigaction(SIGINT, NULL, {SIG_DFL, [], SA_RESTORER, 0x7fa1ccdcc250}, 8) = 0
1520664149.104204 rt_sigaction(SIGINT, {SIG_IGN, [], SA_RESTORER, 0x7fa1ccdcc250}, NULL, 8) = 0
1520664149.104213 rt_sigaction(SIGINT, NULL, {SIG_IGN, [], SA_RESTORER, 0x7fa1ccdcc250}, 8) = 0
1520664149.104222 rt_sigaction(SIGINT, {0x7fa1cf5f3280, [], SA_RESTORER, 0x7fa1ccdcc250}, NULL, 8) = 0
1520664149.104232 rt_sigaction(SIGQUIT, NULL, {SIG_DFL, [], SA_RESTORER, 0x7fa1ccdcc250}, 8) = 0
1520664149.104241 rt_sigaction(SIGQUIT, {SIG_IGN, [], SA_RESTORER, 0x7fa1ccdcc250}, NULL, 8) = 0
1520664149.104250 rt_sigaction(SIGQUIT, NULL, {SIG_IGN, [], SA_RESTORER, 0x7fa1ccdcc250}, 8) = 0
1520664149.104259 rt_sigaction(SIGQUIT, {0x7fa1cf5f3280, [], SA_RESTORER, 0x7fa1ccdcc250}, NULL, 8) = 0
1520664149.104269 rt_sigaction(SIGTERM, NULL, {SIG_DFL, [], SA_RESTORER, 0x7fa1ccdcc250}, 8) = 0
1520664149.104278 rt_sigaction(SIGTERM, {SIG_IGN, [], SA_RESTORER, 0x7fa1ccdcc250}, NULL, 8) = 0
1520664149.104287 rt_sigaction(SIGTERM, NULL, {SIG_IGN, [], SA_RESTORER, 0x7fa1ccdcc250}, 8) = 0
1520664149.104296 rt_sigaction(SIGTERM, {0x7fa1cf5f3280, [], SA_RESTORER, 0x7fa1ccdcc250}, NULL, 8) = 0
1520664149.104306 rt_sigaction(SIGWINCH, NULL, {SIG_DFL, [], 0}, 8) = 0
1520664149.104315 rt_sigaction(SIGWINCH, {0x7fa1cf5f3500, [], SA_RESTORER, 0x7fa1ccdcc250}, NULL, 8) = 0
1520664149.104325 ioctl(0, TCGETS, {B38400 opost isig icanon echo ...}) = 0
1520664149.104335 ioctl(0, SNDCTL_TMR_STOP or TCSETSW, {B38400 -opost -isig -icanon -echo ...}) = 0
1520664149.104349 clock_gettime(CLOCK_BOOTTIME, {27797, 336280655}) = 0
1520664149.104360 clock_gettime(CLOCK_BOOTTIME, {27797, 336300529}) = 0
1520664149.104400 select(8, [4], [4], NULL, NULL) = 1 (out [4])
1520664149.104419 clock_gettime(CLOCK_BOOTTIME, {27797, 336350433}) = 0
1520664149.104429 write(4, "8\260\374\3d\225\367\301U\32\f*\340\275\245T\5\264uW\265?\310\252\225+_i\227\335x\33"..., 128) = 128
1520664149.104486 clock_gettime(CLOCK_BOOTTIME, {27797, 336417472}) = 0
1520664149.104496 clock_gettime(CLOCK_BOOTTIME, {27797, 336427906}) = 0
1520664149.104506 select(8, [4], [], NULL, NULL) = 1 (in [4])
1520664149.209335 clock_gettime(CLOCK_BOOTTIME, {27797, 441268927}) = 0
1520664149.209351 read(4, "%\326L\272\273a}-~-\3\261\267k\376'\235\352\321J3\n\23\\\350\204\357\315\377^\362\336"..., 8192) = 48
1520664149.209379 getsockopt(4, SOL_TCP, TCP_NODELAY, [0], [4]) = 0
1520664149.209392 setsockopt(4, SOL_TCP, TCP_NODELAY, [1], 4) = 0
1520664149.209403 getsockname(4, {sa_family=AF_INET, sin_port=htons(40470), sin_addr=inet_addr("192.168.122.20")}, [16]) = 0
1520664149.209416 setsockopt(4, SOL_IP, IP_TOS, [16], 4) = 0
1520664149.209432 ioctl(0, TIOCGWINSZ, {ws_row=30, ws_col=179, ws_xpixel=0, ws_ypixel=0}) = 0
1520664149.209469 clock_gettime(CLOCK_BOOTTIME, {27797, 441401541}) = 0
1520664149.209480 clock_gettime(CLOCK_BOOTTIME, {27797, 441411624}) = 0
1520664149.209490 select(8, [4], [4], NULL, NULL) = 1 (out [4])
1520664149.209504 clock_gettime(CLOCK_BOOTTIME, {27797, 441435194}) = 0
1520664149.209516 write(4, "\212J\262\230ZG\210<\233\203\17q\f\344t\330\265\302\214o\207v\203\241\272\234M\246=\276\247Y"..., 448) = 448
1520664149.209579 clock_gettime(CLOCK_BOOTTIME, {27797, 441511032}) = 0
1520664149.209590 clock_gettime(CLOCK_BOOTTIME, {27797, 441521464}) = 0
1520664149.209600 select(8, [4], [], NULL, NULL) = 1 (in [4])
1520664149.213502 clock_gettime(CLOCK_BOOTTIME, {27797, 445435341}) = 0
1520664149.213516 read(4, "[\35G\353\36\325\322\360\216\357?cK\303\306\250\337\231\17~\206\306x\10&\364\241\\\323\275\203\247"..., 8192) = 112
1520664149.213538 clock_gettime(CLOCK_BOOTTIME, {27797, 445469583}) = 0
1520664149.213548 clock_gettime(CLOCK_BOOTTIME, {27797, 445479241}) = 0
1520664149.213558 select(8, [4 5], [], NULL, NULL) = 1 (in [4])
1520664149.215227 clock_gettime(CLOCK_BOOTTIME, {27797, 447159695}) = 0
1520664149.215240 read(4, "\2506$\275\322\fc\327\277\2669S\1\337\324\223\211\243=\16\5u\312m\245&\223z\356\323\326b"..., 8192) = 96
1520664149.215296 clock_gettime(CLOCK_BOOTTIME, {27797, 447228359}) = 0
1520664149.215307 clock_gettime(CLOCK_BOOTTIME, {27797, 447238106}) = 0
1520664149.215317 select(8, [4 5], [6], NULL, NULL) = 1 (out [6])
1520664149.215332 clock_gettime(CLOCK_BOOTTIME, {27797, 447263330}) = 0
1520664149.215342 write(6, "Last login: Sat Mar 10 03:58:32 "..., 59) = 59
1520664149.215357 clock_gettime(CLOCK_BOOTTIME, {27797, 447288408}) = 0
1520664149.215366 clock_gettime(CLOCK_BOOTTIME, {27797, 447297689}) = 0
1520664149.215376 select(8, [4 5], [], NULL, NULL) = 1 (in [4])
1520664149.253111 clock_gettime(CLOCK_BOOTTIME, {27797, 485044384}) = 0
1520664149.253127 read(4, "\337\322s\17B3\343\255Q\230\336C\f\361.\331)\3648\240N\350\373\351\3059+\370\227\33\207\32"..., 8192) = 80
1520664149.253155 clock_gettime(CLOCK_BOOTTIME, {27797, 485086601}) = 0
1520664149.253165 clock_gettime(CLOCK_BOOTTIME, {27797, 485096506}) = 0
1520664149.253175 select(8, [4 5], [6], NULL, NULL) = 1 (out [6])
1520664149.253191 clock_gettime(CLOCK_BOOTTIME, {27797, 485122204}) = 0
1520664149.253201 write(6, "\33]0;root@Breakering-server-00:~\7", 32) = 32
1520664149.253215 clock_gettime(CLOCK_BOOTTIME, {27797, 485146870}) = 0
1520664149.253225 clock_gettime(CLOCK_BOOTTIME, {27797, 485156249}) = 0
1520664149.253234 select(8, [4 5], [], NULL, NULL) = 1 (in [4])
1520664149.255016 clock_gettime(CLOCK_BOOTTIME, {27797, 486948812}) = 0
1520664149.255029 read(4, "\224d\231J\270\20\215\177\202\237{o3-}{bBZ\236\336\365O\351\204m\207\303a\315]\247"..., 8192) = 80
1520664149.255085 clock_gettime(CLOCK_BOOTTIME, {27797, 487017037}) = 0
1520664149.255096 clock_gettime(CLOCK_BOOTTIME, {27797, 487027012}) = 0
1520664149.255106 select(8, [4 5], [6], NULL, NULL) = 1 (out [6])
1520664149.255133 clock_gettime(CLOCK_BOOTTIME, {27797, 487064196}) = 0
1520664149.255143 write(6, "\33[?1034h[root@Breakering-server-"..., 39) = 39
1520664149.255156 clock_gettime(CLOCK_BOOTTIME, {27797, 487087680}) = 0
1520664149.255166 clock_gettime(CLOCK_BOOTTIME, {27797, 487097078}) = 0
1520664149.255175 select(8, [4 5], [], NULL, NULL) = 1 (in [5])
1520664222.216196 clock_gettime(CLOCK_BOOTTIME, {27870, 448135266}) = 0
1520664222.216231 read(5, "l", 16384)   = 1
1520664222.216275 clock_gettime(CLOCK_BOOTTIME, {27870, 448207614}) = 0
1520664222.216287 clock_gettime(CLOCK_BOOTTIME, {27870, 448218607}) = 0
1520664222.216298 select(8, [4 5], [4], NULL, NULL) = 1 (out [4])
1520664222.216315 clock_gettime(CLOCK_BOOTTIME, {27870, 448246180}) = 0
1520664222.216325 write(4, "\332\351\346\246/\211\275\310\242x\313\n\177\365\215W\330\226\325\210\202\f\240y\267\34\225\376\36\317b\336"..., 48) = 48
1520664222.216388 clock_gettime(CLOCK_BOOTTIME, {27870, 448320299}) = 0
1520664222.216399 clock_gettime(CLOCK_BOOTTIME, {27870, 448330780}) = 0
1520664222.216409 select(8, [4 5], [], NULL, NULL) = 1 (in [4])
1520664222.218387 clock_gettime(CLOCK_BOOTTIME, {27870, 450320006}) = 0
1520664222.218401 read(4, "[\36\302\20\330\377\201GLv\266\343v\375\211BF*zb9\303A\272\r\355\355\207\251Q\275."..., 8192) = 48
1520664222.218422 clock_gettime(CLOCK_BOOTTIME, {27870, 450353802}) = 0
1520664222.218432 clock_gettime(CLOCK_BOOTTIME, {27870, 450363570}) = 0
1520664222.218442 select(8, [4 5], [6], NULL, NULL) = 1 (out [6])
1520664222.218456 clock_gettime(CLOCK_BOOTTIME, {27870, 450387904}) = 0
1520664222.218466 write(6, "l", 1)      = 1
1520664222.218480 clock_gettime(CLOCK_BOOTTIME, {27870, 450411735}) = 0
1520664222.218490 clock_gettime(CLOCK_BOOTTIME, {27870, 450421206}) = 0
1520664222.218499 select(8, [4 5], [], NULL, NULL) = 1 (in [5])
1520664222.335084 clock_gettime(CLOCK_BOOTTIME, {27870, 567019425}) = 0
1520664222.335104 read(5, "s", 16384)   = 1
1520664222.335135 clock_gettime(CLOCK_BOOTTIME, {27870, 567067512}) = 0
1520664222.335147 clock_gettime(CLOCK_BOOTTIME, {27870, 567078419}) = 0
1520664222.335158 select(8, [4 5], [4], NULL, NULL) = 1 (out [4])
1520664222.335174 clock_gettime(CLOCK_BOOTTIME, {27870, 567105554}) = 0
1520664222.335185 write(4, "\361\260\34\207\371\261\302\23\347@~\30\331\255\263\253S\311j#\375\243pm\364\213\277O\301\205\204+"..., 48) = 48
1520664222.335268 clock_gettime(CLOCK_BOOTTIME, {27870, 567199527}) = 0
1520664222.335279 clock_gettime(CLOCK_BOOTTIME, {27870, 567210851}) = 0
1520664222.335289 select(8, [4 5], [], NULL, NULL) = 1 (in [4])
1520664222.337229 clock_gettime(CLOCK_BOOTTIME, {27870, 569162130}) = 0
1520664222.337243 read(4, "\204A\315\361\266\373r9ZO\265\374\252\234R\265\34K\t\356\201\221\33\367Z\236\310\273\0k\325P"..., 8192) = 48
1520664222.337263 clock_gettime(CLOCK_BOOTTIME, {27870, 569194689}) = 0
1520664222.337273 clock_gettime(CLOCK_BOOTTIME, {27870, 569204491}) = 0
1520664222.337283 select(8, [4 5], [6], NULL, NULL) = 1 (out [6])
1520664222.337297 clock_gettime(CLOCK_BOOTTIME, {27870, 569228862}) = 0
1520664222.337307 write(6, "s", 1)      = 1
1520664222.337321 clock_gettime(CLOCK_BOOTTIME, {27870, 569252383}) = 0
1520664222.337330 clock_gettime(CLOCK_BOOTTIME, {27870, 569261787}) = 0
1520664222.337340 select(8, [4 5], [], NULL, NULL) = 1 (in [5])
1520664222.478608 clock_gettime(CLOCK_BOOTTIME, {27870, 710541128}) = 0
1520664222.478623 read(5, "\r", 16384)  = 1
1520664222.478648 clock_gettime(CLOCK_BOOTTIME, {27870, 710580259}) = 0
1520664222.478659 clock_gettime(CLOCK_BOOTTIME, {27870, 710590015}) = 0
1520664222.478669 select(8, [4 5], [4], NULL, NULL) = 1 (out [4])
1520664222.478683 clock_gettime(CLOCK_BOOTTIME, {27870, 710614427}) = 0
1520664222.478693 write(4, ";\344\16\33\340\261\3406B\353kn7\2\257Z\206\350\347\362\34\234\372`\2\310\351\260n\210Z\372"..., 48) = 48
1520664222.478754 clock_gettime(CLOCK_BOOTTIME, {27870, 710685901}) = 0
1520664222.478765 clock_gettime(CLOCK_BOOTTIME, {27870, 710696358}) = 0
1520664222.478775 select(8, [4 5], [], NULL, NULL) = 1 (in [4])
1520664222.480669 clock_gettime(CLOCK_BOOTTIME, {27870, 712613806}) = 0
1520664222.480695 read(4, "]|\377\253\200X\341\250\347\27\32\3\22dfA\272\30\325\244\252\356\27\377\352\330(\363]\225n\356"..., 8192) = 48
1520664222.480713 clock_gettime(CLOCK_BOOTTIME, {27870, 712645082}) = 0
1520664222.480724 clock_gettime(CLOCK_BOOTTIME, {27870, 712654912}) = 0
1520664222.480733 select(8, [4 5], [6], NULL, NULL) = 1 (out [6])
1520664222.480748 clock_gettime(CLOCK_BOOTTIME, {27870, 712679206}) = 0
1520664222.480757 write(6, "\r\n", 2)   = 2
1520664222.480771 clock_gettime(CLOCK_BOOTTIME, {27870, 712702349}) = 0
1520664222.480780 clock_gettime(CLOCK_BOOTTIME, {27870, 712711814}) = 0
1520664222.480790 select(8, [4 5], [], NULL, NULL) = 1 (in [4])
1520664222.483742 clock_gettime(CLOCK_BOOTTIME, {27870, 715675610}) = 0
1520664222.483757 read(4, "9R\27\243GqP5\7Q\251*\37\251\10\273\371\347\r\212l\206X\247\316\2-\273Mf\2526"..., 8192) = 352
1520664222.483779 clock_gettime(CLOCK_BOOTTIME, {27870, 715711390}) = 0
1520664222.483790 clock_gettime(CLOCK_BOOTTIME, {27870, 715721093}) = 0
1520664222.483800 select(8, [4 5], [6], NULL, NULL) = 1 (out [6])
1520664222.483814 clock_gettime(CLOCK_BOOTTIME, {27870, 715745416}) = 0
1520664222.483824 write(6, "anaconda-ks.cfg  \33[0m\33[01;34mBre"..., 315) = 315
1520664222.483838 clock_gettime(CLOCK_BOOTTIME, {27870, 715769834}) = 0
1520664222.483848 clock_gettime(CLOCK_BOOTTIME, {27870, 715779251}) = 0
1520664222.483857 select(8, [4 5], [], NULL, NULL) = 1 (in [5])
1520664222.813956 clock_gettime(CLOCK_BOOTTIME, {27871, 45891073}) = 0
1520664222.813975 read(5, "l", 16384)   = 1
1520664222.814005 clock_gettime(CLOCK_BOOTTIME, {27871, 45936688}) = 0
1520664222.814015 clock_gettime(CLOCK_BOOTTIME, {27871, 45946526}) = 0
1520664222.814026 select(8, [4 5], [4], NULL, NULL) = 1 (out [4])
1520664222.814041 clock_gettime(CLOCK_BOOTTIME, {27871, 45971986}) = 0
1520664222.814051 write(4, "\364\2138\370\32\245\353P\234\177\345\273\315\364\20\323x\343\237\332\235\226\251n \33\220t\5\23sj"..., 48) = 48
1520664222.814120 clock_gettime(CLOCK_BOOTTIME, {27871, 46052208}) = 0
1520664222.814131 clock_gettime(CLOCK_BOOTTIME, {27871, 46062824}) = 0
1520664222.814141 select(8, [4 5], [], NULL, NULL) = 1 (in [4])
1520664222.816440 clock_gettime(CLOCK_BOOTTIME, {27871, 48372784}) = 0
1520664222.816453 read(4, "\267\320O\32-\305\37+\37\370\\9\265\22\363K&\231\275\221\3716\3238\302\341\256\336\267\317\33z"..., 8192) = 48
1520664222.816471 clock_gettime(CLOCK_BOOTTIME, {27871, 48402769}) = 0
1520664222.816481 clock_gettime(CLOCK_BOOTTIME, {27871, 48412624}) = 0
1520664222.816491 select(8, [4 5], [6], NULL, NULL) = 1 (out [6])
1520664222.816505 clock_gettime(CLOCK_BOOTTIME, {27871, 48436466}) = 0
1520664222.816515 write(6, "l", 1)      = 1
1520664222.816528 clock_gettime(CLOCK_BOOTTIME, {27871, 48459697}) = 0
1520664222.816538 clock_gettime(CLOCK_BOOTTIME, {27871, 48469069}) = 0
1520664222.816547 select(8, [4 5], [], NULL, NULL) = 1 (in [5])
1520664222.949654 clock_gettime(CLOCK_BOOTTIME, {27871, 181588007}) = 0
1520664222.949670 read(5, "s", 16384)   = 1
1520664222.949695 clock_gettime(CLOCK_BOOTTIME, {27871, 181626498}) = 0
1520664222.949705 clock_gettime(CLOCK_BOOTTIME, {27871, 181636310}) = 0
1520664222.949715 select(8, [4 5], [4], NULL, NULL) = 1 (out [4])
1520664222.949730 clock_gettime(CLOCK_BOOTTIME, {27871, 181661268}) = 0
1520664222.949740 write(4, "\222C`\305c\266\205\365\315\271\232\320\v\234\6\336\301C\206>\272\353\263F\22\31I\247\2\f\227\1"..., 48) = 48
1520664222.949802 clock_gettime(CLOCK_BOOTTIME, {27871, 181734226}) = 0
1520664222.949813 clock_gettime(CLOCK_BOOTTIME, {27871, 181744726}) = 0
1520664222.949823 select(8, [4 5], [], NULL, NULL) = 1 (in [4])
1520664222.952534 clock_gettime(CLOCK_BOOTTIME, {27871, 184467019}) = 0
1520664222.952547 read(4, "A\321l\312\310\312\275\216f\250%\36\251\2623G\337\213\301\372\271g\f\264\247}\371L\3AK\302"..., 8192) = 48
1520664222.952565 clock_gettime(CLOCK_BOOTTIME, {27871, 184496599}) = 0
1520664222.952575 clock_gettime(CLOCK_BOOTTIME, {27871, 184506514}) = 0
1520664222.952585 select(8, [4 5], [6], NULL, NULL) = 1 (out [6])
1520664222.952610 clock_gettime(CLOCK_BOOTTIME, {27871, 184541639}) = 0
1520664222.952620 write(6, "s", 1)      = 1
1520664222.952633 clock_gettime(CLOCK_BOOTTIME, {27871, 184564599}) = 0
1520664222.952643 clock_gettime(CLOCK_BOOTTIME, {27871, 184574166}) = 0
1520664222.952652 select(8, [4 5], [], NULL, NULL) = 1 (in [5])
1520664223.053433 clock_gettime(CLOCK_BOOTTIME, {27871, 285366804}) = 0
1520664223.053449 read(5, "\r", 16384)  = 1
1520664223.053475 clock_gettime(CLOCK_BOOTTIME, {27871, 285407325}) = 0
1520664223.053486 clock_gettime(CLOCK_BOOTTIME, {27871, 285417248}) = 0
1520664223.053496 select(8, [4 5], [4], NULL, NULL) = 1 (out [4])
1520664223.053511 clock_gettime(CLOCK_BOOTTIME, {27871, 285442069}) = 0
1520664223.053521 write(4, "\0\251s\\5\213\367\16\0>qt\334dN\265\211v\216\263\325\343\3361\212\330?\21\261v\271\376"..., 48) = 48
1520664223.053583 clock_gettime(CLOCK_BOOTTIME, {27871, 285514536}) = 0
1520664223.053594 clock_gettime(CLOCK_BOOTTIME, {27871, 285524959}) = 0
1520664223.053603 select(8, [4 5], [], NULL, NULL) = 1 (in [4])
1520664223.055404 clock_gettime(CLOCK_BOOTTIME, {27871, 287337139}) = 0
1520664223.055417 read(4, "\370Y&X\326y\374zb\366\370p\315\223\346D\353hbJq\0216\313\7\276\263\276s;\264\201"..., 8192) = 48
1520664223.055436 clock_gettime(CLOCK_BOOTTIME, {27871, 287367516}) = 0
1520664223.055446 clock_gettime(CLOCK_BOOTTIME, {27871, 287377248}) = 0
1520664223.055456 select(8, [4 5], [6], NULL, NULL) = 1 (out [6])
1520664223.055470 clock_gettime(CLOCK_BOOTTIME, {27871, 287401452}) = 0
1520664223.055480 write(6, "\r\n", 2)   = 2
1520664223.055493 clock_gettime(CLOCK_BOOTTIME, {27871, 287424207}) = 0
1520664223.055502 clock_gettime(CLOCK_BOOTTIME, {27871, 287433712}) = 0
1520664223.055512 select(8, [4 5], [], NULL, NULL) = 1 (in [4])
1520664223.056116 clock_gettime(CLOCK_BOOTTIME, {27871, 288048884}) = 0
1520664223.056129 read(4, "\260,pr\333lF\305y\273\257p7\202\361\203y\227\21\206\t\304\30\372\33\215\340WD\325\373{"..., 8192) = 352
1520664223.056147 clock_gettime(CLOCK_BOOTTIME, {27871, 288078945}) = 0
1520664223.056157 clock_gettime(CLOCK_BOOTTIME, {27871, 288088793}) = 0
1520664223.056167 select(8, [4 5], [6], NULL, NULL) = 1 (out [6])
1520664223.056181 clock_gettime(CLOCK_BOOTTIME, {27871, 288112925}) = 0
1520664223.056191 write(6, "anaconda-ks.cfg  \33[0m\33[01;34mBre"..., 315) = 315
1520664223.056205 clock_gettime(CLOCK_BOOTTIME, {27871, 288136289}) = 0
1520664223.056214 clock_gettime(CLOCK_BOOTTIME, {27871, 288145826}) = 0
1520664223.056224 select(8, [4 5], [], NULL, NULL) = 1 (in [5])
1520664223.356766 clock_gettime(CLOCK_BOOTTIME, {27871, 588699504}) = 0
1520664223.356781 read(5, "l", 16384)   = 1
1520664223.356807 clock_gettime(CLOCK_BOOTTIME, {27871, 588738686}) = 0
1520664223.356817 clock_gettime(CLOCK_BOOTTIME, {27871, 588748466}) = 0
1520664223.356827 select(8, [4 5], [4], NULL, NULL) = 1 (out [4])
1520664223.356842 clock_gettime(CLOCK_BOOTTIME, {27871, 588773428}) = 0
1520664223.356852 write(4, "\235\214\336\31\373X\272uM\205\2069\355\20\201\207\nv\344\32\227\372\321\\_\305\240@\207\300\236\277"..., 48) = 48
1520664223.356915 clock_gettime(CLOCK_BOOTTIME, {27871, 588846657}) = 0
1520664223.356926 clock_gettime(CLOCK_BOOTTIME, {27871, 588857369}) = 0
1520664223.356936 select(8, [4 5], [], NULL, NULL) = 1 (in [4])
1520664223.359764 clock_gettime(CLOCK_BOOTTIME, {27871, 591697123}) = 0
1520664223.359777 read(4, " \246\236\\\361\222\360;\0\264!\204}\335\217\371\323\21\253\272C*\327\322\337.\344N\226i\322\276"..., 8192) = 48
1520664223.359795 clock_gettime(CLOCK_BOOTTIME, {27871, 591726800}) = 0
1520664223.359805 clock_gettime(CLOCK_BOOTTIME, {27871, 591736596}) = 0
1520664223.359815 select(8, [4 5], [6], NULL, NULL) = 1 (out [6])
1520664223.359829 clock_gettime(CLOCK_BOOTTIME, {27871, 591760687}) = 0
1520664223.359839 write(6, "l", 1)      = 1
1520664223.359852 clock_gettime(CLOCK_BOOTTIME, {27871, 591783474}) = 0
1520664223.359862 clock_gettime(CLOCK_BOOTTIME, {27871, 591792927}) = 0
1520664223.359871 select(8, [4 5], [], NULL, NULL) = 1 (in [5])
1520664223.484499 clock_gettime(CLOCK_BOOTTIME, {27871, 716433994}) = 0
1520664223.484518 read(5, "s", 16384)   = 1
1520664223.484547 clock_gettime(CLOCK_BOOTTIME, {27871, 716478964}) = 0
1520664223.484558 clock_gettime(CLOCK_BOOTTIME, {27871, 716489006}) = 0
1520664223.484568 select(8, [4 5], [4], NULL, NULL) = 1 (out [4])
1520664223.484583 clock_gettime(CLOCK_BOOTTIME, {27871, 716514738}) = 0
1520664223.484594 write(4, "\333\202\322\340\222\272\276\31\6Zi\34\252\6\314T!\306\205\271\f/\256J\316\331\203\202\203\316-<"..., 48) = 48
1520664223.484670 clock_gettime(CLOCK_BOOTTIME, {27871, 716603313}) = 0
1520664223.484686 clock_gettime(CLOCK_BOOTTIME, {27871, 716619048}) = 0
1520664223.484702 select(8, [4 5], [], NULL, NULL) = 1 (in [4])
1520664223.486403 clock_gettime(CLOCK_BOOTTIME, {27871, 718335942}) = 0
1520664223.486416 read(4, "oa\255R\347\227n\10\311H`\373\340P\230^d!\203\"C\302\305\352D\371\307\211;A\223\362"..., 8192) = 48
1520664223.486434 clock_gettime(CLOCK_BOOTTIME, {27871, 718366049}) = 0
1520664223.486444 clock_gettime(CLOCK_BOOTTIME, {27871, 718375766}) = 0
1520664223.486454 select(8, [4 5], [6], NULL, NULL) = 1 (out [6])
1520664223.486468 clock_gettime(CLOCK_BOOTTIME, {27871, 718399782}) = 0
1520664223.486478 write(6, "s", 1)      = 1
1520664223.486491 clock_gettime(CLOCK_BOOTTIME, {27871, 718422635}) = 0
1520664223.486501 clock_gettime(CLOCK_BOOTTIME, {27871, 718432038}) = 0
1520664223.486510 select(8, [4 5], [], NULL, NULL) = 1 (in [5])
1520664223.588084 clock_gettime(CLOCK_BOOTTIME, {27871, 820017031}) = 0
1520664223.588100 read(5, "\r", 16384)  = 1
1520664223.588128 clock_gettime(CLOCK_BOOTTIME, {27871, 820059424}) = 0
1520664223.588138 clock_gettime(CLOCK_BOOTTIME, {27871, 820069253}) = 0
1520664223.588148 select(8, [4 5], [4], NULL, NULL) = 1 (out [4])
1520664223.588163 clock_gettime(CLOCK_BOOTTIME, {27871, 820094147}) = 0
1520664223.588173 write(4, "\366\367\333\n}Hh\332\234\340\367\204\35[\0OP\v\237\363\2445\310\\}\273z\343\27\275\261\24"..., 48) = 48
1520664223.588244 clock_gettime(CLOCK_BOOTTIME, {27871, 820176110}) = 0
1520664223.588255 clock_gettime(CLOCK_BOOTTIME, {27871, 820186733}) = 0
1520664223.588265 select(8, [4 5], [], NULL, NULL) = 1 (in [4])
1520664223.590655 clock_gettime(CLOCK_BOOTTIME, {27871, 822587728}) = 0
1520664223.590668 read(4, "Y\234\7\26\t\321\22\331L\7\212\221J\25&T\334Su!p1zw\177h&\302\214\204\262\251"..., 8192) = 48
1520664223.590685 clock_gettime(CLOCK_BOOTTIME, {27871, 822617293}) = 0
1520664223.590696 clock_gettime(CLOCK_BOOTTIME, {27871, 822627066}) = 0
1520664223.590706 select(8, [4 5], [6], NULL, NULL) = 1 (out [6])
1520664223.590720 clock_gettime(CLOCK_BOOTTIME, {27871, 822651128}) = 0
1520664223.590729 write(6, "\r\n", 2)   = 2
1520664223.590743 clock_gettime(CLOCK_BOOTTIME, {27871, 822674101}) = 0
1520664223.590752 clock_gettime(CLOCK_BOOTTIME, {27871, 822683520}) = 0
1520664223.590762 select(8, [4 5], [], NULL, NULL) = 1 (in [4])
1520664223.591404 clock_gettime(CLOCK_BOOTTIME, {27871, 823336728}) = 0
1520664223.591417 read(4, "\362\22\216\203\223\256\21x\235\360\266\225\10{%\311*enm5\313er\334\266\236!/\224\33{"..., 8192) = 352
1520664223.591434 clock_gettime(CLOCK_BOOTTIME, {27871, 823366293}) = 0
1520664223.591445 clock_gettime(CLOCK_BOOTTIME, {27871, 823376180}) = 0
1520664223.591455 select(8, [4 5], [6], NULL, NULL) = 1 (out [6])
1520664223.591469 clock_gettime(CLOCK_BOOTTIME, {27871, 823400262}) = 0
1520664223.591478 write(6, "anaconda-ks.cfg  \33[0m\33[01;34mBre"..., 315) = 315
1520664223.591492 clock_gettime(CLOCK_BOOTTIME, {27871, 823423340}) = 0
1520664223.591514 clock_gettime(CLOCK_BOOTTIME, {27871, 823450902}) = 0
1520664223.591534 select(8, [4 5], [], NULL, NULL) = 1 (in [5])
1520664226.804803 clock_gettime(CLOCK_BOOTTIME, {27875, 36736159}) = 0
1520664226.804819 read(5, "d", 16384)   = 1
1520664226.804846 clock_gettime(CLOCK_BOOTTIME, {27875, 36777527}) = 0
1520664226.804856 clock_gettime(CLOCK_BOOTTIME, {27875, 36787430}) = 0
1520664226.804866 select(8, [4 5], [4], NULL, NULL) = 1 (out [4])
1520664226.804881 clock_gettime(CLOCK_BOOTTIME, {27875, 36826280}) = 0
1520664226.804906 write(4, "S\25*\270\6<\250K\21*\321\350\303\231P\223\265\373\373\3543z'/\f\267[\264_\266Z\206"..., 48) = 48
1520664226.804968 clock_gettime(CLOCK_BOOTTIME, {27875, 36900172}) = 0
1520664226.804980 clock_gettime(CLOCK_BOOTTIME, {27875, 36913425}) = 0
1520664226.804994 select(8, [4 5], [], NULL, NULL) = 1 (in [4])
1520664226.807380 clock_gettime(CLOCK_BOOTTIME, {27875, 39313149}) = 0
1520664226.807394 read(4, "a\272<z\v\355\21\325\2404\257\316\4e\267}\363\371\242\362\245\257V\22)\315\0\306\300\33\6\266"..., 8192) = 48
1520664226.807412 clock_gettime(CLOCK_BOOTTIME, {27875, 39343794}) = 0
1520664226.807422 clock_gettime(CLOCK_BOOTTIME, {27875, 39353560}) = 0
1520664226.807432 select(8, [4 5], [6], NULL, NULL) = 1 (out [6])
1520664226.807446 clock_gettime(CLOCK_BOOTTIME, {27875, 39377812}) = 0
1520664226.807456 write(6, "d", 1)      = 1
1520664226.807469 clock_gettime(CLOCK_BOOTTIME, {27875, 39400698}) = 0
1520664226.807479 clock_gettime(CLOCK_BOOTTIME, {27875, 39410199}) = 0
1520664226.807488 select(8, [4 5], [], NULL, NULL) = 1 (in [5])
1520664226.932929 clock_gettime(CLOCK_BOOTTIME, {27875, 164862205}) = 0
1520664226.932944 read(5, "i", 16384)   = 1
1520664226.932970 clock_gettime(CLOCK_BOOTTIME, {27875, 164901759}) = 0
1520664226.932980 clock_gettime(CLOCK_BOOTTIME, {27875, 164911621}) = 0
1520664226.932991 select(8, [4 5], [4], NULL, NULL) = 1 (out [4])
1520664226.933005 clock_gettime(CLOCK_BOOTTIME, {27875, 164936712}) = 0
1520664226.933016 write(4, "\247R\312\337\n\201L?\220Uh\23\341\313\273M\31\353\22\267_\254\315H\216\317\360\177(\16\2319"..., 48) = 48
1520664226.933077 clock_gettime(CLOCK_BOOTTIME, {27875, 165008840}) = 0
1520664226.933088 clock_gettime(CLOCK_BOOTTIME, {27875, 165019480}) = 0
1520664226.933098 select(8, [4 5], [], NULL, NULL) = 1 (in [4])
1520664226.935464 clock_gettime(CLOCK_BOOTTIME, {27875, 167396586}) = 0
1520664226.935476 read(4, "a\321\325q\316\343\330\313/25\246oO+F\324b\376UK\311\10\302\177\231\271Apy\363\277"..., 8192) = 48
1520664226.935493 clock_gettime(CLOCK_BOOTTIME, {27875, 167425027}) = 0
1520664226.935503 clock_gettime(CLOCK_BOOTTIME, {27875, 167434574}) = 0
1520664226.935513 select(8, [4 5], [6], NULL, NULL) = 1 (out [6])
1520664226.935527 clock_gettime(CLOCK_BOOTTIME, {27875, 167457952}) = 0
1520664226.935536 write(6, "i", 1)      = 1
1520664226.935549 clock_gettime(CLOCK_BOOTTIME, {27875, 167480457}) = 0
1520664226.935558 clock_gettime(CLOCK_BOOTTIME, {27875, 167489693}) = 0
1520664226.935568 select(8, [4 5], [], NULL, NULL) = 1 (in [5])
1520664227.115962 clock_gettime(CLOCK_BOOTTIME, {27875, 347896127}) = 0
1520664227.115978 read(5, "r", 16384)   = 1
1520664227.116004 clock_gettime(CLOCK_BOOTTIME, {27875, 347935855}) = 0
1520664227.116014 clock_gettime(CLOCK_BOOTTIME, {27875, 347945562}) = 0
1520664227.116024 select(8, [4 5], [4], NULL, NULL) = 1 (out [4])
1520664227.116039 clock_gettime(CLOCK_BOOTTIME, {27875, 347970175}) = 0
1520664227.116049 write(4, "1\331\334\17_6\363\tn\v\365M*\250\201\322s\302oU\271\232\310.\360\207&OMH@\257"..., 48) = 48
1520664227.116119 clock_gettime(CLOCK_BOOTTIME, {27875, 348050364}) = 0
1520664227.116129 clock_gettime(CLOCK_BOOTTIME, {27875, 348060768}) = 0
1520664227.116139 select(8, [4 5], [], NULL, NULL) = 1 (in [4])
1520664227.118345 clock_gettime(CLOCK_BOOTTIME, {27875, 350277535}) = 0
1520664227.118358 read(4, "\26k\240\267F\234\337\247m\215\272\332\375)]m\322\333ocb\332\4\322\365\212\267}\271@\4\357"..., 8192) = 48
1520664227.118375 clock_gettime(CLOCK_BOOTTIME, {27875, 350307130}) = 0
1520664227.118386 clock_gettime(CLOCK_BOOTTIME, {27875, 350316952}) = 0
1520664227.118395 select(8, [4 5], [6], NULL, NULL) = 1 (out [6])
1520664227.118410 clock_gettime(CLOCK_BOOTTIME, {27875, 350341206}) = 0
1520664227.118419 write(6, "r", 1)      = 1
1520664227.118432 clock_gettime(CLOCK_BOOTTIME, {27875, 350363855}) = 0
1520664227.118442 clock_gettime(CLOCK_BOOTTIME, {27875, 350373231}) = 0
1520664227.118451 select(8, [4 5], [], NULL, NULL) = 1 (in [5])
1520664227.251721 clock_gettime(CLOCK_BOOTTIME, {27875, 483654244}) = 0
1520664227.251748 read(5, "\r", 16384)  = 1
1520664227.251775 clock_gettime(CLOCK_BOOTTIME, {27875, 483706937}) = 0
1520664227.251785 clock_gettime(CLOCK_BOOTTIME, {27875, 483716820}) = 0
1520664227.251796 select(8, [4 5], [4], NULL, NULL) = 1 (out [4])
1520664227.251810 clock_gettime(CLOCK_BOOTTIME, {27875, 483741710}) = 0
1520664227.251821 write(4, "k\353u\210?\231\4\6\227\271\373\304\204;F\27\355R\2236,\263sN\303\303\314:\244\250@\346"..., 48) = 48
1520664227.251883 clock_gettime(CLOCK_BOOTTIME, {27875, 483814571}) = 0
1520664227.251894 clock_gettime(CLOCK_BOOTTIME, {27875, 483825064}) = 0
1520664227.251903 select(8, [4 5], [], NULL, NULL) = 1 (in [4])
1520664227.254755 clock_gettime(CLOCK_BOOTTIME, {27875, 486687391}) = 0
1520664227.254767 read(4, "34\304\236\241\231B\t\231\360\322\225\304\336\277\202^\324m\322\201\213\0\241\r\350\331\315RH\250\364"..., 8192) = 48
1520664227.254786 clock_gettime(CLOCK_BOOTTIME, {27875, 486717455}) = 0
1520664227.254796 clock_gettime(CLOCK_BOOTTIME, {27875, 486727218}) = 0
1520664227.254806 select(8, [4 5], [6], NULL, NULL) = 1 (out [6])
1520664227.254820 clock_gettime(CLOCK_BOOTTIME, {27875, 486751417}) = 0
1520664227.254830 write(6, "\r\n", 2)   = 2
1520664227.254843 clock_gettime(CLOCK_BOOTTIME, {27875, 486774321}) = 0
1520664227.254852 clock_gettime(CLOCK_BOOTTIME, {27875, 486783763}) = 0
1520664227.254862 select(8, [4 5], [], NULL, NULL) = 1 (in [4])
1520664227.255494 clock_gettime(CLOCK_BOOTTIME, {27875, 487427242}) = 0
1520664227.255507 read(4, "\t%\347\313:_\26\1\177qIQ\265dq\203x\331%\367\\\206l)\324\20H\241\206O=\371"..., 8192) = 240
1520664227.255525 clock_gettime(CLOCK_BOOTTIME, {27875, 487456804}) = 0
1520664227.255535 clock_gettime(CLOCK_BOOTTIME, {27875, 487466471}) = 0
1520664227.255545 select(8, [4 5], [6], NULL, NULL) = 1 (out [6])
1520664227.255559 clock_gettime(CLOCK_BOOTTIME, {27875, 487490335}) = 0
1520664227.255568 write(6, "anaconda-ks.cfg  Breakering  Des"..., 200) = 200
1520664227.255582 clock_gettime(CLOCK_BOOTTIME, {27875, 487513509}) = 0
1520664227.255592 clock_gettime(CLOCK_BOOTTIME, {27875, 487522946}) = 0
1520664227.255618 select(8, [4 5], [], NULL, NULL) = 1 (in [5])
1520664227.890186 clock_gettime(CLOCK_BOOTTIME, {27876, 122119807}) = 0
1520664227.890202 read(5, "d", 16384)   = 1
1520664227.890228 clock_gettime(CLOCK_BOOTTIME, {27876, 122160316}) = 0
1520664227.890239 clock_gettime(CLOCK_BOOTTIME, {27876, 122170195}) = 0
1520664227.890249 select(8, [4 5], [4], NULL, NULL) = 1 (out [4])
1520664227.890264 clock_gettime(CLOCK_BOOTTIME, {27876, 122195621}) = 0
1520664227.890274 write(4, "g\tNm,\301\20\361\31\372\177\265\36=\222\305W\341g/\242\370ZH\331\206au\351H\2109"..., 48) = 48
1520664227.890338 clock_gettime(CLOCK_BOOTTIME, {27876, 122269456}) = 0
1520664227.890349 clock_gettime(CLOCK_BOOTTIME, {27876, 122279886}) = 0
1520664227.890358 select(8, [4 5], [], NULL, NULL) = 1 (in [4])
1520664227.892266 clock_gettime(CLOCK_BOOTTIME, {27876, 124198370}) = 0
1520664227.892277 read(4, "}>\204\364[\220\323\226\205\276\353\372k\31H\342\36eh\347\26\257\230Z\352}\261\326\251\306xy"..., 8192) = 48
1520664227.892295 clock_gettime(CLOCK_BOOTTIME, {27876, 124226321}) = 0
1520664227.892304 clock_gettime(CLOCK_BOOTTIME, {27876, 124235751}) = 0
1520664227.892314 select(8, [4 5], [6], NULL, NULL) = 1 (out [6])
1520664227.892327 clock_gettime(CLOCK_BOOTTIME, {27876, 124258390}) = 0
1520664227.892336 write(6, "d", 1)      = 1
1520664227.892350 clock_gettime(CLOCK_BOOTTIME, {27876, 124281175}) = 0
1520664227.892359 clock_gettime(CLOCK_BOOTTIME, {27876, 124290499}) = 0
1520664227.892368 select(8, [4 5], [], NULL, NULL) = 1 (in [5])
1520664228.057704 clock_gettime(CLOCK_BOOTTIME, {27876, 289637470}) = 0
1520664228.057719 read(5, "f", 16384)   = 1
1520664228.057744 clock_gettime(CLOCK_BOOTTIME, {27876, 289676348}) = 0
1520664228.057755 clock_gettime(CLOCK_BOOTTIME, {27876, 289686074}) = 0
1520664228.057765 select(8, [4 5], [4], NULL, NULL) = 1 (out [4])
1520664228.057779 clock_gettime(CLOCK_BOOTTIME, {27876, 289710643}) = 0
1520664228.057789 write(4, "\342\262\331\275\317X\231<j\234(\177\240\310\264n\24\231Y\f\251!\202\233#\10\37\370\236\r\314\\"..., 48) = 48
1520664228.057862 clock_gettime(CLOCK_BOOTTIME, {27876, 289793472}) = 0
1520664228.057873 clock_gettime(CLOCK_BOOTTIME, {27876, 289804077}) = 0
1520664228.057882 select(8, [4 5], [], NULL, NULL) = 1 (in [4])
1520664228.060144 clock_gettime(CLOCK_BOOTTIME, {27876, 292076930}) = 0
1520664228.060157 read(4, "\374\357[\350|\352\215Po5%\275@W\222\323>t\211]>\351\223\23\21y)d'U\212a"..., 8192) = 48
1520664228.060176 clock_gettime(CLOCK_BOOTTIME, {27876, 292107684}) = 0
1520664228.060188 clock_gettime(CLOCK_BOOTTIME, {27876, 292121132}) = 0
1520664228.060204 select(8, [4 5], [6], NULL, NULL) = 1 (out [6])
1520664228.060227 clock_gettime(CLOCK_BOOTTIME, {27876, 292159391}) = 0
1520664228.060242 write(6, "f", 1)      = 1
1520664228.060259 clock_gettime(CLOCK_BOOTTIME, {27876, 292190691}) = 0
1520664228.060269 clock_gettime(CLOCK_BOOTTIME, {27876, 292200396}) = 0
1520664228.060279 select(8, [4 5], [], NULL, NULL) = 1 (in [5])
1520664228.185444 clock_gettime(CLOCK_BOOTTIME, {27876, 417377759}) = 0
1520664228.185460 read(5, "\r", 16384)  = 1
1520664228.185485 clock_gettime(CLOCK_BOOTTIME, {27876, 417416608}) = 0
1520664228.185495 clock_gettime(CLOCK_BOOTTIME, {27876, 417426346}) = 0
1520664228.185505 select(8, [4 5], [4], NULL, NULL) = 1 (out [4])
1520664228.185520 clock_gettime(CLOCK_BOOTTIME, {27876, 417450996}) = 0
1520664228.185530 write(4, ".\1>\5\322\375}\2029\366n\246\266\\\25J\274`b?\262'c\n\361\0340\272\371\2\3257"..., 48) = 48
1520664228.185591 clock_gettime(CLOCK_BOOTTIME, {27876, 417535805}) = 0
1520664228.185617 clock_gettime(CLOCK_BOOTTIME, {27876, 417548445}) = 0
1520664228.185627 select(8, [4 5], [], NULL, NULL) = 1 (in [4])
1520664228.187985 clock_gettime(CLOCK_BOOTTIME, {27876, 419917988}) = 0
1520664228.187998 read(4, "\24y\322\367\314B\222\311\33\f[\310 \274*_=\264\365cY\305\312\346\34\22\327\21\25\266Rn"..., 8192) = 48
1520664228.188016 clock_gettime(CLOCK_BOOTTIME, {27876, 419947896}) = 0
1520664228.188026 clock_gettime(CLOCK_BOOTTIME, {27876, 419957649}) = 0
1520664228.188036 select(8, [4 5], [6], NULL, NULL) = 1 (out [6])
1520664228.188050 clock_gettime(CLOCK_BOOTTIME, {27876, 419981567}) = 0
1520664228.188060 write(6, "\r\n", 2)   = 2
1520664228.188073 clock_gettime(CLOCK_BOOTTIME, {27876, 420004835}) = 0
1520664228.188083 clock_gettime(CLOCK_BOOTTIME, {27876, 420014239}) = 0
1520664228.188092 select(8, [4 5], [], NULL, NULL) = 1 (in [4])
1520664228.191324 clock_gettime(CLOCK_BOOTTIME, {27876, 423257500}) = 0
1520664228.191339 read(4, ".\20\304[Q#\364\v\313?\337\31\312nI\304\347\204\277?\37\3\234(\243&\335\250\336\0061\220"..., 8192) = 336
1520664228.191361 clock_gettime(CLOCK_BOOTTIME, {27876, 423293438}) = 0
1520664228.191372 clock_gettime(CLOCK_BOOTTIME, {27876, 423303305}) = 0
1520664228.191382 select(8, [4 5], [6], NULL, NULL) = 1 (out [6])
1520664228.191397 clock_gettime(CLOCK_BOOTTIME, {27876, 423328199}) = 0
1520664228.191406 write(6, "Filesystem     1K-blocks    Used"..., 287) = 287
1520664228.191421 clock_gettime(CLOCK_BOOTTIME, {27876, 423352580}) = 0
1520664228.191431 clock_gettime(CLOCK_BOOTTIME, {27876, 423361914}) = 0
1520664228.191440 select(8, [4 5], [], NULL, NULL) = 1 (in [5])
1520664229.518492 clock_gettime(CLOCK_BOOTTIME, {27877, 750425560}) = 0
1520664229.518508 read(5, "t", 16384)   = 1
1520664229.518534 clock_gettime(CLOCK_BOOTTIME, {27877, 750465415}) = 0
1520664229.518544 clock_gettime(CLOCK_BOOTTIME, {27877, 750475079}) = 0
1520664229.518554 select(8, [4 5], [4], NULL, NULL) = 1 (out [4])
1520664229.518569 clock_gettime(CLOCK_BOOTTIME, {27877, 750500115}) = 0
1520664229.518579 write(4, "\22\21\242\3032\236S4\344\237\323-L\35f3\17\242\207\3065\301\365\330+Y\235\277hl\204`"..., 48) = 48
1520664229.518652 clock_gettime(CLOCK_BOOTTIME, {27877, 750585435}) = 0
1520664229.518669 clock_gettime(CLOCK_BOOTTIME, {27877, 750601366}) = 0
1520664229.518684 select(8, [4 5], [], NULL, NULL) = 1 (in [4])
1520664229.520596 clock_gettime(CLOCK_BOOTTIME, {27877, 752529121}) = 0
1520664229.520609 read(4, "\241t\3209)\372`\227\340y\362\213\343\243\4\304\274\21\236\322>\207\7\373i\344N\\\27\323\306\373"..., 8192) = 48
1520664229.520637 clock_gettime(CLOCK_BOOTTIME, {27877, 752569316}) = 0
1520664229.520648 clock_gettime(CLOCK_BOOTTIME, {27877, 752579346}) = 0
1520664229.520658 select(8, [4 5], [6], NULL, NULL) = 1 (out [6])
1520664229.520672 clock_gettime(CLOCK_BOOTTIME, {27877, 752603641}) = 0
1520664229.520682 write(6, "t", 1)      = 1
1520664229.520695 clock_gettime(CLOCK_BOOTTIME, {27877, 752626627}) = 0
1520664229.520705 clock_gettime(CLOCK_BOOTTIME, {27877, 752635896}) = 0
1520664229.520714 select(8, [4 5], [], NULL, NULL) = 1 (in [5])
1520664229.677945 clock_gettime(CLOCK_BOOTTIME, {27877, 909878361}) = 0
1520664229.677961 read(5, "o", 16384)   = 1
1520664229.677986 clock_gettime(CLOCK_BOOTTIME, {27877, 909917655}) = 0
1520664229.677996 clock_gettime(CLOCK_BOOTTIME, {27877, 909927289}) = 0
1520664229.678006 select(8, [4 5], [4], NULL, NULL) = 1 (out [4])
1520664229.678020 clock_gettime(CLOCK_BOOTTIME, {27877, 909951755}) = 0
1520664229.678030 write(4, "Y\245\205\35'c\342\365B\233~:{\324\34A\16\214\260T\312~\276\\\224\341\205\306\346\264\311\213"..., 48) = 48
1520664229.678092 clock_gettime(CLOCK_BOOTTIME, {27877, 910023393}) = 0
1520664229.678102 clock_gettime(CLOCK_BOOTTIME, {27877, 910033736}) = 0
1520664229.678112 select(8, [4 5], [], NULL, NULL) = 1 (in [4])
1520664229.679992 clock_gettime(CLOCK_BOOTTIME, {27877, 911924467}) = 0
1520664229.680004 read(4, "\3476\320\27\266\315\246\372j\30\275\310 \370\310F\320\315>\352O\361\340\253m\346j!\262\342\6\31"..., 8192) = 48
1520664229.680022 clock_gettime(CLOCK_BOOTTIME, {27877, 911953810}) = 0
1520664229.680032 clock_gettime(CLOCK_BOOTTIME, {27877, 911963446}) = 0
1520664229.680042 select(8, [4 5], [6], NULL, NULL) = 1 (out [6])
1520664229.680056 clock_gettime(CLOCK_BOOTTIME, {27877, 911987225}) = 0
1520664229.680065 write(6, "o", 1)      = 1
1520664229.680078 clock_gettime(CLOCK_BOOTTIME, {27877, 912009792}) = 0
1520664229.680088 clock_gettime(CLOCK_BOOTTIME, {27877, 912019046}) = 0
1520664229.680097 select(8, [4 5], [], NULL, NULL) = 1 (in [5])
1520664230.220869 clock_gettime(CLOCK_BOOTTIME, {27878, 452802942}) = 0
1520664230.220885 read(5, "p", 16384)   = 1
1520664230.220912 clock_gettime(CLOCK_BOOTTIME, {27878, 452843596}) = 0
1520664230.220922 clock_gettime(CLOCK_BOOTTIME, {27878, 452853278}) = 0
1520664230.220932 select(8, [4 5], [4], NULL, NULL) = 1 (out [4])
1520664230.220947 clock_gettime(CLOCK_BOOTTIME, {27878, 452878122}) = 0
1520664230.220957 write(4, "\3145'\320\16\262\343)\251\334{d.\357\223\240\320\262S\326\226'h\247)\23,\236e\247\"c"..., 48) = 48
1520664230.221021 clock_gettime(CLOCK_BOOTTIME, {27878, 452953320}) = 0
1520664230.221032 clock_gettime(CLOCK_BOOTTIME, {27878, 452963682}) = 0
1520664230.221042 select(8, [4 5], [], NULL, NULL) = 1 (in [4])
1520664230.223692 clock_gettime(CLOCK_BOOTTIME, {27878, 455625342}) = 0
1520664230.223706 read(4, "\265\377C\271\n\202c\246\372S\313\3006o \367A\322A\10\242d\22\f\217#[\214\231m\254\35"..., 8192) = 48
1520664230.223726 clock_gettime(CLOCK_BOOTTIME, {27878, 455658124}) = 0
1520664230.223737 clock_gettime(CLOCK_BOOTTIME, {27878, 455668230}) = 0
1520664230.223747 select(8, [4 5], [6], NULL, NULL) = 1 (out [6])
1520664230.223761 clock_gettime(CLOCK_BOOTTIME, {27878, 455692989}) = 0
1520664230.223771 write(6, "p", 1)      = 1
1520664230.223786 clock_gettime(CLOCK_BOOTTIME, {27878, 455717548}) = 0
1520664230.223796 clock_gettime(CLOCK_BOOTTIME, {27878, 455727325}) = 0
1520664230.223806 select(8, [4 5], [], NULL, NULL) = 1 (in [5])
1520664230.396452 clock_gettime(CLOCK_BOOTTIME, {27878, 628386052}) = 0
1520664230.396468 read(5, "\r", 16384)  = 1
1520664230.396496 clock_gettime(CLOCK_BOOTTIME, {27878, 628427277}) = 0
1520664230.396506 clock_gettime(CLOCK_BOOTTIME, {27878, 628436913}) = 0
1520664230.396516 select(8, [4 5], [4], NULL, NULL) = 1 (out [4])
1520664230.396531 clock_gettime(CLOCK_BOOTTIME, {27878, 628462044}) = 0
1520664230.396541 write(4, "-\257\313\250b9\260\27\257\337\234\16u\26\230\255dI\310\234\246H@\264h\305f\0wR\34\304"..., 48) = 48
1520664230.396615 clock_gettime(CLOCK_BOOTTIME, {27878, 628547140}) = 0
1520664230.396626 clock_gettime(CLOCK_BOOTTIME, {27878, 628557728}) = 0
1520664230.396636 select(8, [4 5], [], NULL, NULL) = 1 (in [4])
1520664230.398145 clock_gettime(CLOCK_BOOTTIME, {27878, 630077293}) = 0
1520664230.398157 read(4, "\316A\362\244P#V\210&\247\213\362\"\373\267,\313:s.\302\366\364\302E\340$IK\214\34L"..., 8192) = 48
1520664230.398175 clock_gettime(CLOCK_BOOTTIME, {27878, 630107258}) = 0
1520664230.398186 clock_gettime(CLOCK_BOOTTIME, {27878, 630117058}) = 0
1520664230.398195 select(8, [4 5], [6], NULL, NULL) = 1 (out [6])
1520664230.398210 clock_gettime(CLOCK_BOOTTIME, {27878, 630140967}) = 0
1520664230.398219 write(6, "\r\n", 2)   = 2
1520664230.398232 clock_gettime(CLOCK_BOOTTIME, {27878, 630164017}) = 0
1520664230.398242 clock_gettime(CLOCK_BOOTTIME, {27878, 630173399}) = 0
1520664230.398251 select(8, [4 5], [], NULL, NULL) = 1 (in [4])
1520664230.943543 clock_gettime(CLOCK_BOOTTIME, {27879, 175476348}) = 0
1520664230.943559 read(4, "\2)\335\357\30l\211\244\377\311-d\4\311\326\221i+v@\356?\313\354\340\306,=\177\265\357t"..., 8192) = 1448
1520664230.943672 clock_gettime(CLOCK_BOOTTIME, {27879, 175604402}) = 0
1520664230.943683 clock_gettime(CLOCK_BOOTTIME, {27879, 175614548}) = 0
1520664230.943694 select(8, [4 5], [], NULL, NULL) = 1 (in [4])
1520664230.943709 clock_gettime(CLOCK_BOOTTIME, {27879, 175640133}) = 0
1520664230.943718 read(4, "\36\217^\323K\4\27025e[\17\376\312\250\275*\5\237\206+\24yB\24\346Q\235\t\222\244e"..., 8192) = 4144
1520664230.943760 clock_gettime(CLOCK_BOOTTIME, {27879, 175692820}) = 0
1520664230.943771 clock_gettime(CLOCK_BOOTTIME, {27879, 175702614}) = 0
1520664230.943781 select(8, [4 5], [6], NULL, NULL) = 1 (out [6])
1520664230.943794 clock_gettime(CLOCK_BOOTTIME, {27879, 175725190}) = 0
1520664230.943803 write(6, "\33[H\33[2J\33(B\33[mtop - 04:00:09 up  "..., 4095) = 4095
1520664230.943821 clock_gettime(CLOCK_BOOTTIME, {27879, 175752703}) = 0
1520664230.943831 clock_gettime(CLOCK_BOOTTIME, {27879, 175762162}) = 0
1520664230.943840 select(8, [4 5], [], NULL, NULL) = 1 (in [4])
1520664230.944067 clock_gettime(CLOCK_BOOTTIME, {27879, 175998942}) = 0
1520664230.944078 read(4, "\334TK\272u\2/\353X(\314?t\t\323\20D\262sk\273\263\252\232)\222Ln\333\251J\264"..., 8192) = 520
1520664230.944097 clock_gettime(CLOCK_BOOTTIME, {27879, 176028631}) = 0
1520664230.944107 clock_gettime(CLOCK_BOOTTIME, {27879, 176038068}) = 0
1520664230.944116 select(8, [4 5], [6], NULL, NULL) = 1 (out [6])
1520664230.944129 clock_gettime(CLOCK_BOOTTIME, {27879, 176060290}) = 0
1520664230.944138 write(6, "                                "..., 1921) = 1921
1520664230.944151 clock_gettime(CLOCK_BOOTTIME, {27879, 176082785}) = 0
1520664230.944161 clock_gettime(CLOCK_BOOTTIME, {27879, 176092128}) = 0
1520664230.944170 select(8, [4 5], [], NULL, NULL) = 1 (in [5])
1520664231.721363 clock_gettime(CLOCK_BOOTTIME, {27879, 953296985}) = 0
1520664231.721379 read(5, "\3", 16384)  = 1
1520664231.721405 clock_gettime(CLOCK_BOOTTIME, {27879, 953336778}) = 0
1520664231.721415 clock_gettime(CLOCK_BOOTTIME, {27879, 953346741}) = 0
1520664231.721426 select(8, [4 5], [4], NULL, NULL) = 1 (out [4])
1520664231.721441 clock_gettime(CLOCK_BOOTTIME, {27879, 953372170}) = 0
1520664231.721451 write(4, "@\3617\10\377\224\33,yG\214\306|\33\35Sn%\341u\364@\303\34\3031\305x\354\3557\360"..., 48) = 48
1520664231.721516 clock_gettime(CLOCK_BOOTTIME, {27879, 953447377}) = 0
1520664231.721527 clock_gettime(CLOCK_BOOTTIME, {27879, 953458003}) = 0
1520664231.721536 select(8, [4 5], [], NULL, NULL) = 1 (in [4])
1520664231.723153 clock_gettime(CLOCK_BOOTTIME, {27879, 955085420}) = 0
1520664231.723166 read(4, "\265JjB\201\352F[\216\34\266\1Ve\324)\232\270/\305\357E\21H\360;P\r\331\253\n\4"..., 8192) = 128
1520664231.723185 clock_gettime(CLOCK_BOOTTIME, {27879, 955116990}) = 0
1520664231.723195 clock_gettime(CLOCK_BOOTTIME, {27879, 955126794}) = 0
1520664231.723205 select(8, [4 5], [6], NULL, NULL) = 1 (out [6])
1520664231.723219 clock_gettime(CLOCK_BOOTTIME, {27879, 955161800}) = 0
1520664231.723241 write(6, "\33[31;1H\33[?12l\33[?25h\r\n\33]0;root@Br"..., 84) = 84
1520664231.723255 clock_gettime(CLOCK_BOOTTIME, {27879, 955186720}) = 0
1520664231.723265 clock_gettime(CLOCK_BOOTTIME, {27879, 955196127}) = 0
1520664231.723274 select(8, [4 5], [], NULL, NULL) = 1 (in [5])
1520664233.676854 clock_gettime(CLOCK_BOOTTIME, {27881, 908787360}) = 0
1520664233.676870 read(5, "l", 16384)   = 1
1520664233.676895 clock_gettime(CLOCK_BOOTTIME, {27881, 908826548}) = 0
1520664233.676905 clock_gettime(CLOCK_BOOTTIME, {27881, 908836364}) = 0
1520664233.676915 select(8, [4 5], [4], NULL, NULL) = 1 (out [4])
1520664233.676930 clock_gettime(CLOCK_BOOTTIME, {27881, 908861020}) = 0
1520664233.676954 write(4, "\312\254\224Qz\210\366A\\7on\232*\2605\25\313~Lk\274Q\262?\307\272\22\345\324K\6"..., 48) = 48
1520664233.677015 clock_gettime(CLOCK_BOOTTIME, {27881, 908947353}) = 0
1520664233.677026 clock_gettime(CLOCK_BOOTTIME, {27881, 908957844}) = 0
1520664233.677036 select(8, [4 5], [], NULL, NULL) = 1 (in [4])
1520664233.679117 clock_gettime(CLOCK_BOOTTIME, {27881, 911050165}) = 0
1520664233.679131 read(4, " _\326\323}6H\254\323Aj\264~k2\rWa\26\335u\333\367$\316\365*\30\22\336\242\t"..., 8192) = 48
1520664233.679149 clock_gettime(CLOCK_BOOTTIME, {27881, 911080512}) = 0
1520664233.679159 clock_gettime(CLOCK_BOOTTIME, {27881, 911090240}) = 0
1520664233.679169 select(8, [4 5], [6], NULL, NULL) = 1 (out [6])
1520664233.679183 clock_gettime(CLOCK_BOOTTIME, {27881, 911114390}) = 0
1520664233.679193 write(6, "l", 1)      = 1
1520664233.679206 clock_gettime(CLOCK_BOOTTIME, {27881, 911137188}) = 0
1520664233.679215 clock_gettime(CLOCK_BOOTTIME, {27881, 911146568}) = 0
1520664233.679225 select(8, [4 5], [], NULL, NULL) = 1 (in [5])
1520664234.147792 clock_gettime(CLOCK_BOOTTIME, {27882, 379725045}) = 0
1520664234.147807 read(5, "l", 16384)   = 1
1520664234.147834 clock_gettime(CLOCK_BOOTTIME, {27882, 379766063}) = 0
1520664234.147845 clock_gettime(CLOCK_BOOTTIME, {27882, 379775951}) = 0
1520664234.147855 select(8, [4 5], [4], NULL, NULL) = 1 (out [4])
1520664234.147869 clock_gettime(CLOCK_BOOTTIME, {27882, 379800650}) = 0
1520664234.147880 write(4, "|/\336\247@\242\356d\227/\206\315\277\254\311Ij\31\337{<=#S}\30\314\250\261o^,"..., 48) = 48
1520664234.147943 clock_gettime(CLOCK_BOOTTIME, {27882, 379875183}) = 0
1520664234.147954 clock_gettime(CLOCK_BOOTTIME, {27882, 379885733}) = 0
1520664234.147964 select(8, [4 5], [], NULL, NULL) = 1 (in [4])
1520664234.150866 clock_gettime(CLOCK_BOOTTIME, {27882, 382797994}) = 0
1520664234.150877 read(4, "Vs\256H\365D\262,\226w\317FX\223\225\3Zi1\213\273\354\6\310\210\r\0\373o\235u^"..., 8192) = 48
1520664234.150895 clock_gettime(CLOCK_BOOTTIME, {27882, 382826411}) = 0
1520664234.150905 clock_gettime(CLOCK_BOOTTIME, {27882, 382835972}) = 0
1520664234.150914 select(8, [4 5], [6], NULL, NULL) = 1 (out [6])
1520664234.150928 clock_gettime(CLOCK_BOOTTIME, {27882, 382859194}) = 0
1520664234.150937 write(6, "l", 1)      = 1
1520664234.150950 clock_gettime(CLOCK_BOOTTIME, {27882, 382881945}) = 0
1520664234.150960 clock_gettime(CLOCK_BOOTTIME, {27882, 382891261}) = 0
1520664234.150969 select(8, [4 5], [], NULL, NULL) = 1 (in [5])
1520664234.411142 clock_gettime(CLOCK_BOOTTIME, {27882, 643076342}) = 0
1520664234.411159 read(5, "\r", 16384)  = 1
1520664234.411186 clock_gettime(CLOCK_BOOTTIME, {27882, 643117760}) = 0
1520664234.411196 clock_gettime(CLOCK_BOOTTIME, {27882, 643127595}) = 0
1520664234.411207 select(8, [4 5], [4], NULL, NULL) = 1 (out [4])
1520664234.411222 clock_gettime(CLOCK_BOOTTIME, {27882, 643153018}) = 0
1520664234.411232 write(4, "sD\20\35\231Nu\203\303T\364\276\277\332\20{\270\267\320\247?\30\211\267v\370\367\261\237F=\241"..., 48) = 48
1520664234.411302 clock_gettime(CLOCK_BOOTTIME, {27882, 643233356}) = 0
1520664234.411313 clock_gettime(CLOCK_BOOTTIME, {27882, 643243907}) = 0
1520664234.411322 select(8, [4 5], [], NULL, NULL) = 1 (in [4])
1520664234.413921 clock_gettime(CLOCK_BOOTTIME, {27882, 645853530}) = 0
1520664234.413934 read(4, "\304,3\333\25n\245s\16\244\267/\304\34\366\274\33\236D\r,\347\36\305\377\347D\22\232\267\250S"..., 8192) = 48
1520664234.413967 clock_gettime(CLOCK_BOOTTIME, {27882, 645898823}) = 0
1520664234.413977 clock_gettime(CLOCK_BOOTTIME, {27882, 645908791}) = 0
1520664234.413987 select(8, [4 5], [6], NULL, NULL) = 1 (out [6])
1520664234.414001 clock_gettime(CLOCK_BOOTTIME, {27882, 645932858}) = 0
1520664234.414011 write(6, "\r\n", 2)   = 2
1520664234.414024 clock_gettime(CLOCK_BOOTTIME, {27882, 645955922}) = 0
1520664234.414034 clock_gettime(CLOCK_BOOTTIME, {27882, 645965202}) = 0
1520664234.414043 select(8, [4 5], [], NULL, NULL) = 1 (in [4])
1520664234.416887 clock_gettime(CLOCK_BOOTTIME, {27882, 648820346}) = 0
1520664234.416902 read(4, "\350\344K`Tn\237k\vU\0\247\222\204\244\32\216\326\332\341\357\376\25R4\316C*\367\235\3038"..., 8192) = 880
1520664234.416927 clock_gettime(CLOCK_BOOTTIME, {27882, 648858800}) = 0
1520664234.416937 clock_gettime(CLOCK_BOOTTIME, {27882, 648868676}) = 0
1520664234.416947 select(8, [4 5], [6], NULL, NULL) = 1 (out [6])
1520664234.416962 clock_gettime(CLOCK_BOOTTIME, {27882, 648893578}) = 0
1520664234.416972 write(6, "total 96\r\n-rw-------. 1 root roo"..., 841) = 841
1520664234.416987 clock_gettime(CLOCK_BOOTTIME, {27882, 648919028}) = 0
1520664234.416997 clock_gettime(CLOCK_BOOTTIME, {27882, 648928444}) = 0
1520664234.417006 select(8, [4 5], [], NULL, NULL) = 1 (in [5])
1520664264.478697 clock_gettime(CLOCK_BOOTTIME, {27912, 710630776}) = 0
1520664264.478714 read(5, "l", 16384)   = 1
1520664264.478740 clock_gettime(CLOCK_BOOTTIME, {27912, 710671581}) = 0
1520664264.478750 clock_gettime(CLOCK_BOOTTIME, {27912, 710681381}) = 0
1520664264.478760 select(8, [4 5], [4], NULL, NULL) = 1 (out [4])
1520664264.478775 clock_gettime(CLOCK_BOOTTIME, {27912, 710706208}) = 0
1520664264.478785 write(4, "\376d\201z\337V^\274\227:\263Y\200\353\5R\377]k\270\325B\26h\16\322\\\222\\@\253."..., 48) = 48
1520664264.478839 clock_gettime(CLOCK_BOOTTIME, {27912, 710770789}) = 0
1520664264.478850 clock_gettime(CLOCK_BOOTTIME, {27912, 710781220}) = 0
1520664264.478860 select(8, [4 5], [], NULL, NULL) = 1 (in [4])
1520664264.481067 clock_gettime(CLOCK_BOOTTIME, {27912, 712999410}) = 0
1520664264.481080 read(4, "v\357G\33\266\6\373\n}\301\302\323\277P\310G\362\30\371\327\251\264\25\2129R09{\260\5\327"..., 8192) = 48
1520664264.481099 clock_gettime(CLOCK_BOOTTIME, {27912, 713030723}) = 0
1520664264.481109 clock_gettime(CLOCK_BOOTTIME, {27912, 713040581}) = 0
1520664264.481119 select(8, [4 5], [6], NULL, NULL) = 1 (out [6])
1520664264.481134 clock_gettime(CLOCK_BOOTTIME, {27912, 713065044}) = 0
1520664264.481143 write(6, "l", 1)      = 1
1520664264.481157 clock_gettime(CLOCK_BOOTTIME, {27912, 713088303}) = 0
1520664264.481166 clock_gettime(CLOCK_BOOTTIME, {27912, 713097690}) = 0
1520664264.481176 select(8, [4 5], [], NULL, NULL) = 1 (in [5])
1520664264.605160 clock_gettime(CLOCK_BOOTTIME, {27912, 837093394}) = 0
1520664264.605175 read(5, "s", 16384)   = 1
1520664264.605201 clock_gettime(CLOCK_BOOTTIME, {27912, 837132418}) = 0
1520664264.605211 clock_gettime(CLOCK_BOOTTIME, {27912, 837142212}) = 0
1520664264.605221 select(8, [4 5], [4], NULL, NULL) = 1 (out [4])
1520664264.605236 clock_gettime(CLOCK_BOOTTIME, {27912, 837167400}) = 0
1520664264.605246 write(4, "\306cs\365HmZ\302\33\373\321\1p\272w\333K@\373{9\274\312\34r%\363\332\\\223$\366"..., 48) = 48
1520664264.605317 clock_gettime(CLOCK_BOOTTIME, {27912, 837248870}) = 0
1520664264.605328 clock_gettime(CLOCK_BOOTTIME, {27912, 837259367}) = 0
1520664264.605338 select(8, [4 5], [], NULL, NULL) = 1 (in [4])
1520664264.608973 clock_gettime(CLOCK_BOOTTIME, {27912, 840906054}) = 0
1520664264.608987 read(4, "\366 \f+\365b\324\334\342\5\10\341b\264\3\17\344\351\344i\353G\242\200\246\313\217$\355\244j\10"..., 8192) = 48
1520664264.609005 clock_gettime(CLOCK_BOOTTIME, {27912, 840937101}) = 0
1520664264.609016 clock_gettime(CLOCK_BOOTTIME, {27912, 840947007}) = 0
1520664264.609026 select(8, [4 5], [6], NULL, NULL) = 1 (out [6])
1520664264.609040 clock_gettime(CLOCK_BOOTTIME, {27912, 840971209}) = 0
1520664264.609064 write(6, "s", 1)      = 1
1520664264.609078 clock_gettime(CLOCK_BOOTTIME, {27912, 841009592}) = 0
1520664264.609088 clock_gettime(CLOCK_BOOTTIME, {27912, 841019069}) = 0
1520664264.609097 select(8, [4 5], [], NULL, NULL) = 1 (in [5])
1520664264.709293 clock_gettime(CLOCK_BOOTTIME, {27912, 941226621}) = 0
1520664264.709310 read(5, "\r", 16384)  = 1
1520664264.709344 clock_gettime(CLOCK_BOOTTIME, {27912, 941276323}) = 0
1520664264.709355 clock_gettime(CLOCK_BOOTTIME, {27912, 941286234}) = 0
1520664264.709366 select(8, [4 5], [4], NULL, NULL) = 1 (out [4])
1520664264.709381 clock_gettime(CLOCK_BOOTTIME, {27912, 941312185}) = 0
1520664264.709392 write(4, "\346\265Tr\271\257m\10\213Q\27J\3039\262\274\260^\212\302\231\276J\217w\36K3\220\372/U"..., 48) = 48
1520664264.709491 clock_gettime(CLOCK_BOOTTIME, {27912, 941423976}) = 0
1520664264.709509 clock_gettime(CLOCK_BOOTTIME, {27912, 941441627}) = 0
1520664264.709525 select(8, [4 5], [], NULL, NULL) = 1 (in [4])
1520664264.711664 clock_gettime(CLOCK_BOOTTIME, {27912, 943596889}) = 0
1520664264.711678 read(4, " \222:\f\324\256\244\205\201\207U\310j\324_1\225\325.o=\376%H\f#\306\266\\\203\"?"..., 8192) = 48
1520664264.711701 clock_gettime(CLOCK_BOOTTIME, {27912, 943632664}) = 0
1520664264.711711 clock_gettime(CLOCK_BOOTTIME, {27912, 943642460}) = 0
1520664264.711721 select(8, [4 5], [6], NULL, NULL) = 1 (out [6])
1520664264.711736 clock_gettime(CLOCK_BOOTTIME, {27912, 943667065}) = 0
1520664264.711745 write(6, "\r\n", 2)   = 2
1520664264.711759 clock_gettime(CLOCK_BOOTTIME, {27912, 943690760}) = 0
1520664264.711769 clock_gettime(CLOCK_BOOTTIME, {27912, 943700183}) = 0
1520664264.711778 select(8, [4 5], [], NULL, NULL) = 1 (in [4])
1520664264.712319 clock_gettime(CLOCK_BOOTTIME, {27912, 944251394}) = 0
1520664264.712332 read(4, "W\250wdv\341\354\21'\267\313U\321\231\203cl\205\241\27\245s8\324\7\314a{[\361\320\232"..., 8192) = 288
1520664264.712350 clock_gettime(CLOCK_BOOTTIME, {27912, 944281734}) = 0
1520664264.712360 clock_gettime(CLOCK_BOOTTIME, {27912, 944291648}) = 0
1520664264.712370 select(8, [4 5], [6], NULL, NULL) = 1 (out [6])
1520664264.712384 clock_gettime(CLOCK_BOOTTIME, {27912, 944315587}) = 0
1520664264.712394 write(6, "anaconda-ks.cfg  \33[0m\33[01;34mBre"..., 252) = 252
1520664264.712407 clock_gettime(CLOCK_BOOTTIME, {27912, 944338675}) = 0
1520664264.712417 clock_gettime(CLOCK_BOOTTIME, {27912, 944348024}) = 0
1520664264.712426 select(8, [4 5], [], NULL, NULL) = 1 (in [4])
1520664264.713588 clock_gettime(CLOCK_BOOTTIME, {27912, 945521275}) = 0
1520664264.713602 read(4, "6\2651H\204\260\4\36\300k\201R\272t\353\t\373\376\312%1\257\275t;\312\253\211\r=\312\375"..., 8192) = 112
1520664264.713620 clock_gettime(CLOCK_BOOTTIME, {27912, 945551890}) = 0
1520664264.713630 clock_gettime(CLOCK_BOOTTIME, {27912, 945561689}) = 0
1520664264.713640 select(8, [4 5], [6], NULL, NULL) = 1 (out [6])
1520664264.713655 clock_gettime(CLOCK_BOOTTIME, {27912, 945586231}) = 0
1520664264.713665 write(6, "\33]0;root@Breakering-server-00:~\7"..., 63) = 63
1520664264.713678 clock_gettime(CLOCK_BOOTTIME, {27912, 945609579}) = 0
1520664264.713688 clock_gettime(CLOCK_BOOTTIME, {27912, 945618908}) = 0
1520664264.713697 select(8, [4 5], [], NULL, NULL) = 1 (in [5])
1520664266.792201 clock_gettime(CLOCK_BOOTTIME, {27915, 24136705}) = 0
1520664266.792222 read(5, "\4", 16384)  = 1
1520664266.792254 clock_gettime(CLOCK_BOOTTIME, {27915, 24186445}) = 0
1520664266.792266 clock_gettime(CLOCK_BOOTTIME, {27915, 24197180}) = 0
1520664266.792277 select(8, [4 5], [4], NULL, NULL) = 1 (out [4])
1520664266.792293 clock_gettime(CLOCK_BOOTTIME, {27915, 24224393}) = 0
1520664266.792304 write(4, "Qv\334\335\204\365\314\363[\264s\"~^xT\262\231\5\353gV\3]j\361:\312N.P\332"..., 48) = 48
1520664266.792403 clock_gettime(CLOCK_BOOTTIME, {27915, 24336572}) = 0
1520664266.792421 clock_gettime(CLOCK_BOOTTIME, {27915, 24354138}) = 0
1520664266.792436 select(8, [4 5], [], NULL, NULL) = 1 (in [4])
1520664266.796065 clock_gettime(CLOCK_BOOTTIME, {27915, 27998465}) = 0
1520664266.796080 read(4, "%\"\r\316\6.\310\254e\267%\216&\331\24%;\376\216\3005\313ZG$#T\22\v&\223e"..., 8192) = 240
1520664266.796116 close(5)              = 0
1520664266.796131 clock_gettime(CLOCK_BOOTTIME, {27915, 28062678}) = 0
1520664266.796141 clock_gettime(CLOCK_BOOTTIME, {27915, 28072819}) = 0
1520664266.796152 select(8, [4], [6], NULL, NULL) = 1 (out [6])
1520664266.796166 clock_gettime(CLOCK_BOOTTIME, {27915, 28097717}) = 0
1520664266.796176 write(6, "logout\r\n", 8) = 8
1520664266.796190 clock_gettime(CLOCK_BOOTTIME, {27915, 28121623}) = 0
1520664266.796200 clock_gettime(CLOCK_BOOTTIME, {27915, 28130890}) = 0
1520664266.796209 close(6)              = 0
1520664266.796219 ioctl(0, SNDCTL_TMR_STOP or TCSETSW, {B38400 opost isig icanon echo ...}) = 0
1520664266.796246 close(7)              = 0
1520664266.796257 select(8, [4], [4], NULL, NULL) = 1 (out [4])
1520664266.796270 clock_gettime(CLOCK_BOOTTIME, {27915, 28201526}) = 0
1520664266.796280 write(4, "\275nu/\30F\255\v\224Re\300\301&>\276\221}\373\2\325B\203,g\346\260\201B\215j\37", 32) = 32
1520664266.796347 rt_sigaction(SIGWINCH, NULL, {0x7fa1cf5f3500, [], SA_RESTORER, 0x7fa1ccdcc250}, 8) = 0
1520664266.796361 rt_sigaction(SIGWINCH, {SIG_DFL, [], SA_RESTORER, 0x7fa1ccdcc250}, NULL, 8) = 0
1520664266.796375 write(4, "5,\237_\355\226\367_\37\177T.\305\6\341\0.J*\271E\376\274\257-\244\211:\f0\26|"..., 64) = 64
1520664266.796418 ioctl(0, TCGETS, {B38400 opost isig icanon echo ...}) = 0
1520664266.796431 ioctl(1, TCGETS, {B38400 opost isig icanon echo ...}) = 0
1520664266.796440 ioctl(2, TCGETS, {B38400 opost isig icanon echo ...}) = 0
1520664266.796452 write(2, "Connection to 192.168.122.10 clo"..., 38) = 38
1520664266.796487 shutdown(4, SHUT_RDWR) = 0
1520664266.796538 close(4)              = 0
1520664266.796700 exit_group(0)         = ?
1520664266.797042 +++ exited with 0 +++
