1520666953.504632 select(5, [4], NULL, NULL, NULL) = 1 (in [4])
1520666953.508768 read(4, "\0\0\3\274\t!\0\0\1\25\0\0\0\7ssh-rsa\0\0\0\1#\0\0\1\1\0\307"..., 8192) = 976
1520666953.508843 open("/home/Jacob/.ssh/known_hosts", O_RDONLY) = 5
1520666953.508888 fstat(5, {st_mode=S_IFREG|0644, st_size=396, ...}) = 0
1520666953.508987 mmap(NULL, 4096, PROT_READ|PROT_WRITE, MAP_PRIVATE|MAP_ANONYMOUS, -1, 0) = 0x7fa802302000
1520666953.509008 read(5, "192.168.122.10 ssh-rsa AAAAB3Nza"..., 4096) = 396
1520666953.509040 read(5, "", 4096)     = 0
1520666953.509051 close(5)              = 0
1520666953.509062 munmap(0x7fa802302000, 4096) = 0
1520666953.509086 open("/home/Jacob/.ssh/known_hosts2", O_RDONLY) = -1 ENOENT (No such file or directory)
1520666953.509143 open("/etc/ssh/ssh_known_hosts", O_RDONLY) = -1 ENOENT (No such file or directory)
1520666953.509159 open("/etc/ssh/ssh_known_hosts2", O_RDONLY) = -1 ENOENT (No such file or directory)
1520666953.510566 clock_gettime(CLOCK_BOOTTIME, {30601, 742513434}) = 0
1520666953.510613 write(4, "\0\0\0\f\n\25\0\0\0\0\0\0\0\0\0\0", 16) = 16
1520666953.510718 write(4, "AIWb\211\250o\357\251\312 {\313\325\331\222\27\253T\200\353\307\"\336\271\313bL\22E\322\316"..., 48) = 48
1520666953.510734 select(5, [4], NULL, NULL, NULL) = 1 (in [4])
1520666953.551209 read(4, ";\321\346\362\217\242\254/\3\300\325\3$\267\204\252\213sxVFq1\274\21643\0035<\256\351"..., 8192) = 48
1520666953.551309 write(4, "\332\326\325)Y\1x\226Te\351\305/\213\211\220\3140{\20\326\7G\22\0X\301\10j\236\315\335"..., 64) = 64
1520666953.551363 select(5, [4], NULL, NULL, NULL) = 1 (in [4])
1520666953.560382 read(4, "\3229~\36v\222u\200\224\fX:\22\211-\377FD\320\35\363\300\232\265S\5\215Oa/\376\235"..., 8192) = 80
1520666953.560444 futex(0x7fa7fe21b510, FUTEX_WAKE_PRIVATE, 2147483647) = 0
1520666953.560484 futex(0x7fa7fe21b3b0, FUTEX_WAKE_PRIVATE, 2147483647) = 0
1520666953.560511 futex(0x7fa8007e6fa0, FUTEX_WAKE_PRIVATE, 2147483647) = 0
1520666953.560559 lstat("/etc/gss/mech", 0x7fff59232ae0) = -1 ENOENT (No such file or directory)
1520666953.560592 openat(AT_FDCWD, "/etc/gss/mech.d", O_RDONLY|O_NONBLOCK|O_DIRECTORY|O_CLOEXEC) = 5
1520666953.560617 getdents(5, /* 2 entries */, 32768) = 48
1520666953.560690 getdents(5, /* 0 entries */, 32768) = 0
1520666953.560703 close(5)              = 0
1520666953.560780 futex(0x7fa800598440, FUTEX_WAKE_PRIVATE, 2147483647) = 0
1520666953.560862 futex(0x7fa8005995d0, FUTEX_WAKE_PRIVATE, 2147483647) = 0
1520666953.560889 stat("/etc/krb5.conf", {st_mode=S_IFREG|0644, st_size=590, ...}) = 0
1520666953.560912 open("/etc/krb5.conf", O_RDONLY) = 5
1520666953.560929 fcntl(5, F_SETFD, FD_CLOEXEC) = 0
1520666953.560950 fstat(5, {st_mode=S_IFREG|0644, st_size=590, ...}) = 0
1520666953.560961 mmap(NULL, 4096, PROT_READ|PROT_WRITE, MAP_PRIVATE|MAP_ANONYMOUS, -1, 0) = 0x7fa802302000
1520666953.560978 read(5, "# Configuration snippets may be "..., 4096) = 590
1520666953.560997 openat(AT_FDCWD, "/etc/krb5.conf.d/", O_RDONLY|O_NONBLOCK|O_DIRECTORY|O_CLOEXEC) = 6
1520666953.561012 getdents(6, /* 2 entries */, 32768) = 48
1520666953.561038 getdents(6, /* 0 entries */, 32768) = 0
1520666953.561050 close(6)              = 0
1520666953.561071 read(5, "", 4096)     = 0
1520666953.561084 close(5)              = 0
1520666953.561095 munmap(0x7fa802302000, 4096) = 0
1520666953.561135 open("/dev/urandom", O_RDONLY) = 5
1520666953.561155 fcntl(5, F_SETFD, FD_CLOEXEC) = 0
1520666953.561166 fstat(5, {st_mode=S_IFCHR|0666, st_rdev=makedev(1, 9), ...}) = 0
1520666953.561179 read(5, "\312\337W\252J\311\367\260\352\361De5\353r9\340\224\345\216(gK\215\275\35~\333\366'\316p"..., 64) = 64
1520666953.561198 close(5)              = 0
1520666953.561234 open("/dev/urandom", O_RDONLY) = 5
1520666953.561247 fcntl(5, F_SETFD, FD_CLOEXEC) = 0
1520666953.561256 fstat(5, {st_mode=S_IFCHR|0666, st_rdev=makedev(1, 9), ...}) = 0
1520666953.561266 read(5, "\255\31\343\315\17\n\177\336\300\333O\301su\235\303\301\314\334\20\355\300\315Lpa\256\361\324\22y~"..., 64) = 64
1520666953.561281 close(5)              = 0
1520666953.561300 futex(0x7fa8002b12e0, FUTEX_WAKE_PRIVATE, 2147483647) = 0
1520666953.561487 stat("/etc/krb5.conf", {st_mode=S_IFREG|0644, st_size=590, ...}) = 0
1520666953.561511 open("/etc/krb5.conf", O_RDONLY) = 5
1520666953.561537 fcntl(5, F_SETFD, FD_CLOEXEC) = 0
1520666953.561549 fstat(5, {st_mode=S_IFREG|0644, st_size=590, ...}) = 0
1520666953.561560 mmap(NULL, 4096, PROT_READ|PROT_WRITE, MAP_PRIVATE|MAP_ANONYMOUS, -1, 0) = 0x7fa802302000
1520666953.561572 read(5, "# Configuration snippets may be "..., 4096) = 590
1520666953.561590 openat(AT_FDCWD, "/etc/krb5.conf.d/", O_RDONLY|O_NONBLOCK|O_DIRECTORY|O_CLOEXEC) = 6
1520666953.561604 getdents(6, /* 2 entries */, 32768) = 48
1520666953.561615 getdents(6, /* 0 entries */, 32768) = 0
1520666953.561625 close(6)              = 0
1520666953.561642 read(5, "", 4096)     = 0
1520666953.561653 close(5)              = 0
1520666953.561662 munmap(0x7fa802302000, 4096) = 0
1520666953.561682 open("/dev/urandom", O_RDONLY) = 5
1520666953.561696 fcntl(5, F_SETFD, FD_CLOEXEC) = 0
1520666953.561706 fstat(5, {st_mode=S_IFCHR|0666, st_rdev=makedev(1, 9), ...}) = 0
1520666953.561716 read(5, "wQ\336\\$\353\250\365Sx\233\fK)\3\2103\34oW\305\353\336\271\307\264\217\354\343L\261\274"..., 64) = 64
1520666953.561732 close(5)              = 0
1520666953.561759 access("/etc/krb5.conf", R_OK) = 0
1520666953.561775 stat("/etc/krb5.conf", {st_mode=S_IFREG|0644, st_size=590, ...}) = 0
1520666953.561789 open("/dev/urandom", O_RDONLY) = 5
1520666953.561801 fcntl(5, F_SETFD, FD_CLOEXEC) = 0
1520666953.561810 fstat(5, {st_mode=S_IFCHR|0666, st_rdev=makedev(1, 9), ...}) = 0
1520666953.561820 read(5, "\305\241\3553%B%\35\262)Q*A{\10\16}\220[\321G\335\220\350\2202\341$\360=\202\273"..., 64) = 64
1520666953.561835 close(5)              = 0
1520666953.561860 stat("/etc/sysconfig/64bit_strstr_via_64bit_strstr_sse2_unaligned", 0x7fff59232390) = -1 ENOENT (No such file or directory)
1520666953.561883 geteuid()             = 1002
1520666953.561912 open("/var/kerberos/krb5/user/1002/client.keytab", O_RDONLY) = -1 ENOENT (No such file or directory)
1520666953.561978 getuid()              = 1002
1520666953.562005 keyctl(KEYCTL_GET_PERSISTENT, 1002, KEY_SPEC_PROCESS_KEYRING) = 4503583
1520666953.562048 keyctl(KEYCTL_SEARCH, 4503583, "keyring", "_krb", KEY_SPEC_PROCESS_KEYRING) = 805520795
1520666953.562064 keyctl(KEYCTL_SEARCH, 805520795, "user", "krb_ccache:primary", 0) = 444782918
1520666953.562080 keyctl(KEYCTL_READ, 444782918, NULL, 0) = 12
1520666953.562092 keyctl(KEYCTL_READ, 444782918, "", 12) = 12
1520666953.562104 keyctl(KEYCTL_READ, 805520795, NULL, 0) = 4
1520666953.562113 keyctl(KEYCTL_READ, 805520795, "F\331\202\32", 4) = 4
1520666953.562124 keyctl(KEYCTL_SEARCH, 805520795, "keyring", "1002", 0) = -1 ENOKEY (Required key not available)
1520666953.562139 keyctl(KEYCTL_DESCRIBE, 444782918, NULL, 0) = 43
1520666953.562151 keyctl(KEYCTL_DESCRIBE, 444782918, "user;1002;1002;3f010000;krb_ccac"..., 43) = 43
1520666953.562191 stat("/etc/krb5.conf", {st_mode=S_IFREG|0644, st_size=590, ...}) = 0
1520666953.562207 open("/etc/krb5.conf", O_RDONLY) = 5
1520666953.562220 fcntl(5, F_SETFD, FD_CLOEXEC) = 0
1520666953.562231 fstat(5, {st_mode=S_IFREG|0644, st_size=590, ...}) = 0
1520666953.562242 mmap(NULL, 4096, PROT_READ|PROT_WRITE, MAP_PRIVATE|MAP_ANONYMOUS, -1, 0) = 0x7fa802302000
1520666953.562254 read(5, "# Configuration snippets may be "..., 4096) = 590
1520666953.562269 openat(AT_FDCWD, "/etc/krb5.conf.d/", O_RDONLY|O_NONBLOCK|O_DIRECTORY|O_CLOEXEC) = 6
1520666953.562281 getdents(6, /* 2 entries */, 32768) = 48
1520666953.562293 getdents(6, /* 0 entries */, 32768) = 0
1520666953.562302 close(6)              = 0
1520666953.562319 read(5, "", 4096)     = 0
1520666953.562330 close(5)              = 0
1520666953.562339 munmap(0x7fa802302000, 4096) = 0
1520666953.562359 open("/dev/urandom", O_RDONLY) = 5
1520666953.562374 fcntl(5, F_SETFD, FD_CLOEXEC) = 0
1520666953.562383 fstat(5, {st_mode=S_IFCHR|0666, st_rdev=makedev(1, 9), ...}) = 0
1520666953.562393 read(5, "\26\360\273-\274(\1\347\250\312\10Y\326a\v\336\331\24\3\347w\374\t\22[6\26\0274kT0"..., 64) = 64
1520666953.562414 close(5)              = 0
1520666953.562498 stat("/etc/krb5.conf", {st_mode=S_IFREG|0644, st_size=590, ...}) = 0
1520666953.562535 open("/etc/krb5.conf", O_RDONLY) = 5
1520666953.562549 fcntl(5, F_SETFD, FD_CLOEXEC) = 0
1520666953.562559 fstat(5, {st_mode=S_IFREG|0644, st_size=590, ...}) = 0
1520666953.562570 mmap(NULL, 4096, PROT_READ|PROT_WRITE, MAP_PRIVATE|MAP_ANONYMOUS, -1, 0) = 0x7fa802302000
1520666953.562582 read(5, "# Configuration snippets may be "..., 4096) = 590
1520666953.562596 openat(AT_FDCWD, "/etc/krb5.conf.d/", O_RDONLY|O_NONBLOCK|O_DIRECTORY|O_CLOEXEC) = 6
1520666953.562610 getdents(6, /* 2 entries */, 32768) = 48
1520666953.562621 getdents(6, /* 0 entries */, 32768) = 0
1520666953.562631 close(6)              = 0
1520666953.562647 read(5, "", 4096)     = 0
1520666953.562657 close(5)              = 0
1520666953.562667 munmap(0x7fa802302000, 4096) = 0
1520666953.562686 open("/dev/urandom", O_RDONLY) = 5
1520666953.562700 fcntl(5, F_SETFD, FD_CLOEXEC) = 0
1520666953.562709 fstat(5, {st_mode=S_IFCHR|0666, st_rdev=makedev(1, 9), ...}) = 0
1520666953.562720 read(5, "sn\233^O/\355\34Dv\261\201\357\33S\207\206\24L\t+\342\204W\r\310\317\366\4L\366:"..., 64) = 64
1520666953.562735 close(5)              = 0
1520666953.562795 stat("/etc/krb5.conf", {st_mode=S_IFREG|0644, st_size=590, ...}) = 0
1520666953.562813 open("/etc/krb5.conf", O_RDONLY) = 5
1520666953.562826 fcntl(5, F_SETFD, FD_CLOEXEC) = 0
1520666953.562837 fstat(5, {st_mode=S_IFREG|0644, st_size=590, ...}) = 0
1520666953.562847 mmap(NULL, 4096, PROT_READ|PROT_WRITE, MAP_PRIVATE|MAP_ANONYMOUS, -1, 0) = 0x7fa802302000
1520666953.562858 read(5, "# Configuration snippets may be "..., 4096) = 590
1520666953.562873 openat(AT_FDCWD, "/etc/krb5.conf.d/", O_RDONLY|O_NONBLOCK|O_DIRECTORY|O_CLOEXEC) = 6
1520666953.562886 getdents(6, /* 2 entries */, 32768) = 48
1520666953.562897 getdents(6, /* 0 entries */, 32768) = 0
1520666953.562906 close(6)              = 0
1520666953.562922 read(5, "", 4096)     = 0
1520666953.562933 close(5)              = 0
1520666953.562942 munmap(0x7fa802302000, 4096) = 0
1520666953.562961 open("/dev/urandom", O_RDONLY) = 5
1520666953.562975 fcntl(5, F_SETFD, FD_CLOEXEC) = 0
1520666953.562984 fstat(5, {st_mode=S_IFCHR|0666, st_rdev=makedev(1, 9), ...}) = 0
1520666953.562995 read(5, "G\0\325\343\355f+m\241\360\345\24nr\240\330\315\312\366\2\t\354\22\356\21\32\363\203;2\365~"..., 64) = 64
1520666953.563010 close(5)              = 0
1520666953.563042 access("/etc/krb5.conf", R_OK) = 0
1520666953.563056 stat("/etc/krb5.conf", {st_mode=S_IFREG|0644, st_size=590, ...}) = 0
1520666953.563082 open("/dev/urandom", O_RDONLY) = 5
1520666953.563095 fcntl(5, F_SETFD, FD_CLOEXEC) = 0
1520666953.563104 fstat(5, {st_mode=S_IFCHR|0666, st_rdev=makedev(1, 9), ...}) = 0
1520666953.563134 read(5, "\377\221X\320s\0\274V\251g\34\20\3g\360/\21>\340~f\227M)\204\326\"\345\257\222\3168"..., 64) = 64
1520666953.563152 close(5)              = 0
1520666953.563170 geteuid()             = 1002
1520666953.563184 open("/var/kerberos/krb5/user/1002/client.keytab", O_RDONLY) = -1 ENOENT (No such file or directory)
1520666953.563206 getuid()              = 1002
1520666953.563219 keyctl(KEYCTL_GET_PERSISTENT, 1002, KEY_SPEC_PROCESS_KEYRING) = 4503583
1520666953.563233 keyctl(KEYCTL_SEARCH, 4503583, "keyring", "_krb", KEY_SPEC_PROCESS_KEYRING) = 805520795
1520666953.563246 keyctl(KEYCTL_SEARCH, 805520795, "user", "krb_ccache:primary", 0) = 444782918
1520666953.563257 keyctl(KEYCTL_READ, 444782918, NULL, 0) = 12
1520666953.563268 keyctl(KEYCTL_READ, 444782918, "", 12) = 12
1520666953.563279 keyctl(KEYCTL_READ, 805520795, NULL, 0) = 4
1520666953.563288 keyctl(KEYCTL_READ, 805520795, "F\331\202\32", 4) = 4
1520666953.563298 keyctl(KEYCTL_SEARCH, 805520795, "keyring", "1002", 0) = -1 ENOKEY (Required key not available)
1520666953.563310 keyctl(KEYCTL_DESCRIBE, 444782918, NULL, 0) = 43
1520666953.563321 keyctl(KEYCTL_DESCRIBE, 444782918, "user;1002;1002;3f010000;krb_ccac"..., 43) = 43
1520666953.563343 access("/etc/krb5.conf", R_OK) = 0
1520666953.563356 stat("/etc/krb5.conf", {st_mode=S_IFREG|0644, st_size=590, ...}) = 0
1520666953.563376 open("/dev/urandom", O_RDONLY) = 5
1520666953.563389 fcntl(5, F_SETFD, FD_CLOEXEC) = 0
1520666953.563398 fstat(5, {st_mode=S_IFCHR|0666, st_rdev=makedev(1, 9), ...}) = 0
1520666953.563408 read(5, "?\31\277\3266\211<7\346X\237\313\341W\37\260-\321P\252\224X\25\351|\n*CiTV,"..., 64) = 64
1520666953.563424 close(5)              = 0
1520666953.563453 stat("/etc/krb5.conf", {st_mode=S_IFREG|0644, st_size=590, ...}) = 0
1520666953.563467 open("/etc/krb5.conf", O_RDONLY) = 5
1520666953.563479 fcntl(5, F_SETFD, FD_CLOEXEC) = 0
1520666953.563490 fstat(5, {st_mode=S_IFREG|0644, st_size=590, ...}) = 0
1520666953.563500 mmap(NULL, 4096, PROT_READ|PROT_WRITE, MAP_PRIVATE|MAP_ANONYMOUS, -1, 0) = 0x7fa802302000
1520666953.563512 read(5, "# Configuration snippets may be "..., 4096) = 590
1520666953.563542 openat(AT_FDCWD, "/etc/krb5.conf.d/", O_RDONLY|O_NONBLOCK|O_DIRECTORY|O_CLOEXEC) = 6
1520666953.563556 getdents(6, /* 2 entries */, 32768) = 48
1520666953.563567 getdents(6, /* 0 entries */, 32768) = 0
1520666953.563576 close(6)              = 0
1520666953.563593 read(5, "", 4096)     = 0
1520666953.563603 close(5)              = 0
1520666953.563613 munmap(0x7fa802302000, 4096) = 0
1520666953.563632 open("/dev/urandom", O_RDONLY) = 5
1520666953.563646 fcntl(5, F_SETFD, FD_CLOEXEC) = 0
1520666953.563655 fstat(5, {st_mode=S_IFCHR|0666, st_rdev=makedev(1, 9), ...}) = 0
1520666953.563666 read(5, "\355d*\243\f\320K\1\212\213\261\236=\336]g\361\2354\32Q\222\323a\366\0\21\346\225\223i\233"..., 64) = 64
1520666953.563681 close(5)              = 0
1520666953.563708 stat("/home/Jacob/.ssh/id_rsa", 0x7fff59232b60) = -1 ENOENT (No such file or directory)
1520666953.563725 stat("/home/Jacob/.ssh/id_dsa", 0x7fff59232b60) = -1 ENOENT (No such file or directory)
1520666953.563738 stat("/home/Jacob/.ssh/id_ecdsa", 0x7fff59232b60) = -1 ENOENT (No such file or directory)
1520666953.563750 stat("/home/Jacob/.ssh/id_ed25519", 0x7fff59232b60) = -1 ENOENT (No such file or directory)
1520666953.563767 open("/dev/tty", O_RDWR) = 5
1520666953.563782 close(5)              = 0
1520666953.563792 open("/dev/tty", O_RDWR) = 5
1520666953.563803 rt_sigaction(SIGALRM, {0x7fa802363790, [], SA_RESTORER, 0x7fa7ffaf1250}, {SIG_DFL, [], 0}, 8) = 0
1520666953.563819 rt_sigaction(SIGHUP, {0x7fa802363790, [], SA_RESTORER, 0x7fa7ffaf1250}, {SIG_DFL, [], 0}, 8) = 0
1520666953.563830 rt_sigaction(SIGINT, {0x7fa802363790, [], SA_RESTORER, 0x7fa7ffaf1250}, {SIG_DFL, [], 0}, 8) = 0
1520666953.563853 rt_sigaction(SIGPIPE, {0x7fa802363790, [], SA_RESTORER, 0x7fa7ffaf1250}, {SIG_IGN, [], SA_RESTORER, 0x7fa7ffaf1250}, 8) = 0
1520666953.563864 rt_sigaction(SIGQUIT, {0x7fa802363790, [], SA_RESTORER, 0x7fa7ffaf1250}, {SIG_DFL, [], 0}, 8) = 0
1520666953.563874 rt_sigaction(SIGTERM, {0x7fa802363790, [], SA_RESTORER, 0x7fa7ffaf1250}, {SIG_DFL, [], 0}, 8) = 0
1520666953.563884 rt_sigaction(SIGTSTP, {0x7fa802363790, [], SA_RESTORER, 0x7fa7ffaf1250}, {SIG_DFL, [], 0}, 8) = 0
1520666953.563894 rt_sigaction(SIGTTIN, {0x7fa802363790, [], SA_RESTORER, 0x7fa7ffaf1250}, {SIG_DFL, [], 0}, 8) = 0
1520666953.563904 rt_sigaction(SIGTTOU, {0x7fa802363790, [], SA_RESTORER, 0x7fa7ffaf1250}, {SIG_DFL, [], 0}, 8) = 0
1520666953.563914 ioctl(5, TCGETS, {B38400 opost isig icanon echo ...}) = 0
1520666953.563937 ioctl(5, SNDCTL_TMR_CONTINUE or TCSETSF, {B38400 opost isig icanon -echo ...}) = 0
1520666953.563950 write(5, "root@192.168.122.10's password: ", 32) = 32
1520666953.563966 read(5, "h", 1)       = 1
1520666953.564022 read(5, "a", 1)       = 1
1520666953.564037 read(5, "d", 1)       = 1
1520666953.564046 read(5, "o", 1)       = 1
1520666953.564056 read(5, "o", 1)       = 1
1520666953.564065 read(5, "p", 1)       = 1
1520666953.564075 read(5, "\n", 1)      = 1
1520666953.564085 write(5, "\n", 1)     = 1
1520666953.564097 ioctl(5, SNDCTL_TMR_CONTINUE or TCSETSF, {B38400 opost isig icanon echo ...}) = 0
1520666953.564108 rt_sigaction(SIGALRM, {SIG_DFL, [], SA_RESTORER, 0x7fa7ffaf1250}, NULL, 8) = 0
1520666953.564118 rt_sigaction(SIGHUP, {SIG_DFL, [], SA_RESTORER, 0x7fa7ffaf1250}, NULL, 8) = 0
1520666953.564132 rt_sigaction(SIGINT, {SIG_DFL, [], SA_RESTORER, 0x7fa7ffaf1250}, NULL, 8) = 0
1520666953.564142 rt_sigaction(SIGQUIT, {SIG_DFL, [], SA_RESTORER, 0x7fa7ffaf1250}, NULL, 8) = 0
1520666953.564151 rt_sigaction(SIGPIPE, {SIG_IGN, [], SA_RESTORER, 0x7fa7ffaf1250}, NULL, 8) = 0
1520666953.564160 rt_sigaction(SIGTERM, {SIG_DFL, [], SA_RESTORER, 0x7fa7ffaf1250}, NULL, 8) = 0
1520666953.564170 rt_sigaction(SIGTSTP, {SIG_DFL, [], SA_RESTORER, 0x7fa7ffaf1250}, NULL, 8) = 0
1520666953.564179 rt_sigaction(SIGTTIN, {SIG_DFL, [], SA_RESTORER, 0x7fa7ffaf1250}, NULL, 8) = 0
1520666953.564188 rt_sigaction(SIGTTOU, {SIG_DFL, [], SA_RESTORER, 0x7fa7ffaf1250}, NULL, 8) = 0
1520666953.564198 close(5)              = 0
1520666953.564220 write(4, "\325\351\241\302\220\364\3\27\5\252\267X\241\236\30\372\10\334bAG\350\2724V5o\276\302q>\364"..., 144) = 144
1520666953.564319 select(5, [4], NULL, NULL, NULL) = 1 (in [4])
1520666953.573455 read(4, "\230\206\33Y\232*&\205\316\3038La\204M\2660\25\313N\337\307\35m\220\347y\r\216\332\311\334", 8192) = 32
1520666953.573490 getpeername(4, {sa_family=AF_INET, sin_port=htons(22), sin_addr=inet_addr("192.168.122.10")}, [16]) = 0
1520666953.573549 dup(0)                = 5
1520666953.573559 dup(1)                = 6
1520666953.573568 dup(2)                = 7
1520666953.573576 ioctl(5, TCGETS, {B38400 opost isig icanon echo ...}) = 0
1520666953.573592 ioctl(6, TCGETS, {B38400 opost isig icanon echo ...}) = 0
1520666953.573601 ioctl(7, TCGETS, {B38400 opost isig icanon echo ...}) = 0
1520666953.573617 fcntl(5, F_SETFD, FD_CLOEXEC) = 0
1520666953.573628 fcntl(6, F_SETFD, FD_CLOEXEC) = 0
1520666953.573637 fcntl(7, F_SETFD, FD_CLOEXEC) = 0
1520666953.573656 rt_sigaction(SIGHUP, NULL, {SIG_DFL, [], SA_RESTORER, 0x7fa7ffaf1250}, 8) = 0
1520666953.573669 rt_sigaction(SIGHUP, {SIG_IGN, [], SA_RESTORER, 0x7fa7ffaf1250}, NULL, 8) = 0
1520666953.573679 rt_sigaction(SIGHUP, NULL, {SIG_IGN, [], SA_RESTORER, 0x7fa7ffaf1250}, 8) = 0
1520666953.573688 rt_sigaction(SIGHUP, {0x7fa802318280, [], SA_RESTORER, 0x7fa7ffaf1250}, NULL, 8) = 0
1520666953.573698 rt_sigaction(SIGINT, NULL, {SIG_DFL, [], SA_RESTORER, 0x7fa7ffaf1250}, 8) = 0
1520666953.573707 rt_sigaction(SIGINT, {SIG_IGN, [], SA_RESTORER, 0x7fa7ffaf1250}, NULL, 8) = 0
1520666953.573717 rt_sigaction(SIGINT, NULL, {SIG_IGN, [], SA_RESTORER, 0x7fa7ffaf1250}, 8) = 0
1520666953.573726 rt_sigaction(SIGINT, {0x7fa802318280, [], SA_RESTORER, 0x7fa7ffaf1250}, NULL, 8) = 0
1520666953.573736 rt_sigaction(SIGQUIT, NULL, {SIG_DFL, [], SA_RESTORER, 0x7fa7ffaf1250}, 8) = 0
1520666953.573745 rt_sigaction(SIGQUIT, {SIG_IGN, [], SA_RESTORER, 0x7fa7ffaf1250}, NULL, 8) = 0
1520666953.573754 rt_sigaction(SIGQUIT, NULL, {SIG_IGN, [], SA_RESTORER, 0x7fa7ffaf1250}, 8) = 0
1520666953.573764 rt_sigaction(SIGQUIT, {0x7fa802318280, [], SA_RESTORER, 0x7fa7ffaf1250}, NULL, 8) = 0
1520666953.573773 rt_sigaction(SIGTERM, NULL, {SIG_DFL, [], SA_RESTORER, 0x7fa7ffaf1250}, 8) = 0
1520666953.573782 rt_sigaction(SIGTERM, {SIG_IGN, [], SA_RESTORER, 0x7fa7ffaf1250}, NULL, 8) = 0
1520666953.573792 rt_sigaction(SIGTERM, NULL, {SIG_IGN, [], SA_RESTORER, 0x7fa7ffaf1250}, 8) = 0
1520666953.573801 rt_sigaction(SIGTERM, {0x7fa802318280, [], SA_RESTORER, 0x7fa7ffaf1250}, NULL, 8) = 0
1520666953.573810 rt_sigaction(SIGWINCH, NULL, {SIG_DFL, [], 0}, 8) = 0
1520666953.573820 rt_sigaction(SIGWINCH, {0x7fa802318500, [], SA_RESTORER, 0x7fa7ffaf1250}, NULL, 8) = 0
1520666953.573830 ioctl(0, TCGETS, {B38400 opost isig icanon echo ...}) = 0
1520666953.573840 ioctl(0, SNDCTL_TMR_STOP or TCSETSW, {B38400 -opost -isig -icanon -echo ...}) = 0
1520666953.573855 clock_gettime(CLOCK_BOOTTIME, {30601, 805786679}) = 0
1520666953.573866 clock_gettime(CLOCK_BOOTTIME, {30601, 805797686}) = 0
1520666953.573876 select(8, [4], [4], NULL, NULL) = 1 (out [4])
1520666953.573891 clock_gettime(CLOCK_BOOTTIME, {30601, 805822604}) = 0
1520666953.573902 write(4, "\360\336\233q^\267 pT\205*J;\30\203\5\200,s\350.\303IjB\337\370Y\264\256\302\6"..., 128) = 128
1520666953.573971 clock_gettime(CLOCK_BOOTTIME, {30601, 805914342}) = 0
1520666953.573994 clock_gettime(CLOCK_BOOTTIME, {30601, 805939846}) = 0
1520666953.574021 select(8, [4], [], NULL, NULL) = 1 (in [4])
1520666953.696835 clock_gettime(CLOCK_BOOTTIME, {30601, 928770414}) = 0
1520666953.696854 read(4, "qLi41\321tf\1\343v\262\344 \346\313'\307\256\267\334\300\201E\242;\314\5\22139\244"..., 8192) = 48
1520666953.696886 getsockopt(4, SOL_TCP, TCP_NODELAY, [0], [4]) = 0
1520666953.696899 setsockopt(4, SOL_TCP, TCP_NODELAY, [1], 4) = 0
1520666953.696910 getsockname(4, {sa_family=AF_INET, sin_port=htons(40486), sin_addr=inet_addr("192.168.122.20")}, [16]) = 0
1520666953.696924 setsockopt(4, SOL_IP, IP_TOS, [16], 4) = 0
1520666953.697003 ioctl(0, TIOCGWINSZ, {ws_row=30, ws_col=179, ws_xpixel=0, ws_ypixel=0}) = 0
1520666953.697047 clock_gettime(CLOCK_BOOTTIME, {30601, 928979182}) = 0
1520666953.697058 clock_gettime(CLOCK_BOOTTIME, {30601, 928989318}) = 0
1520666953.697068 select(8, [4], [4], NULL, NULL) = 1 (out [4])
1520666953.697083 clock_gettime(CLOCK_BOOTTIME, {30601, 929014057}) = 0
1520666953.697096 write(4, "\246\33\313\21!\221\37\357U*\304E\373F\314\305mB\3\214\366\321\323\360\321\21Q(D\5\2412"..., 448) = 448
1520666953.697174 clock_gettime(CLOCK_BOOTTIME, {30601, 929106467}) = 0
1520666953.697186 clock_gettime(CLOCK_BOOTTIME, {30601, 929117204}) = 0
1520666953.697196 select(8, [4], [], NULL, NULL) = 1 (in [4])
1520666953.700058 clock_gettime(CLOCK_BOOTTIME, {30601, 931990930}) = 0
1520666953.700073 read(4, "\360\23\32c\10bB\v\323\320or7\0\200!\262\350wtY\340k\256\215]\30Efa\346\230"..., 8192) = 112
1520666953.700104 clock_gettime(CLOCK_BOOTTIME, {30601, 932036248}) = 0
1520666953.700114 clock_gettime(CLOCK_BOOTTIME, {30601, 932045839}) = 0
1520666953.700125 select(8, [4 5], [], NULL, NULL) = 1 (in [5])
1520666953.700143 clock_gettime(CLOCK_BOOTTIME, {30601, 932074598}) = 0
1520666953.700153 read(5, "+", 16384)   = 1
1520666953.700176 clock_gettime(CLOCK_BOOTTIME, {30601, 932107549}) = 0
1520666953.700186 clock_gettime(CLOCK_BOOTTIME, {30601, 932117079}) = 0
1520666953.700195 select(8, [4 5], [4], NULL, NULL) = 1 (out [4])
1520666953.700208 clock_gettime(CLOCK_BOOTTIME, {30601, 932139675}) = 0
1520666953.700219 write(4, "H\rY\260\347\341WI\10\367\322t$y\t?\312V=\5Q\307\234{P\300Vh\f \32\233"..., 48) = 48
1520666953.700294 clock_gettime(CLOCK_BOOTTIME, {30601, 932239045}) = 0
1520666953.700319 clock_gettime(CLOCK_BOOTTIME, {30601, 932250528}) = 0
1520666953.700329 select(8, [4 5], [], NULL, NULL) = 1 (in [4])
1520666953.702491 clock_gettime(CLOCK_BOOTTIME, {30601, 934424449}) = 0
1520666953.702506 read(4, "~I\351\36;\214\307\243\341A\316\1\305[~u\203\362\251\222\342\212t\23\25(\274\311\5\2in"..., 8192) = 96
1520666953.702530 clock_gettime(CLOCK_BOOTTIME, {30601, 934461990}) = 0
1520666953.702540 clock_gettime(CLOCK_BOOTTIME, {30601, 934471868}) = 0
1520666953.702551 select(8, [4 5], [6], NULL, NULL) = 1 (out [6])
1520666953.702566 clock_gettime(CLOCK_BOOTTIME, {30601, 934497912}) = 0
1520666953.702576 write(6, "+Last login: Sat Mar 10 04:38:18"..., 60) = 60
1520666953.702592 clock_gettime(CLOCK_BOOTTIME, {30601, 934524038}) = 0
1520666953.702602 clock_gettime(CLOCK_BOOTTIME, {30601, 934533698}) = 0
1520666953.702612 select(8, [4 5], [], NULL, NULL) = 1 (in [4])
1520666953.746431 clock_gettime(CLOCK_BOOTTIME, {30601, 978365470}) = 0
1520666953.746449 read(4, "\372\341D\300Q`\324\352\223\254\221\224x\332v\301\315\213&\266\33C\232\277~tv\251\204\372\203\3"..., 8192) = 112
1520666953.746476 clock_gettime(CLOCK_BOOTTIME, {30601, 978408113}) = 0
1520666953.746487 clock_gettime(CLOCK_BOOTTIME, {30601, 978418097}) = 0
1520666953.746497 select(8, [4 5], [6], NULL, NULL) = 1 (out [6])
1520666953.746513 clock_gettime(CLOCK_BOOTTIME, {30601, 978444244}) = 0
1520666953.746523 write(6, "\33]0;root@Breakering-server-00:~\7"..., 72) = 72
1520666953.746538 clock_gettime(CLOCK_BOOTTIME, {30601, 978469395}) = 0
1520666953.746547 clock_gettime(CLOCK_BOOTTIME, {30601, 978478820}) = 0
1520666953.746557 select(8, [4 5], [], NULL, NULL) = 1 (in [5])
1520666955.144985 clock_gettime(CLOCK_BOOTTIME, {30603, 376923931}) = 0
1520666955.145012 read(5, "\r", 16384)  = 1
1520666955.145045 clock_gettime(CLOCK_BOOTTIME, {30603, 376978552}) = 0
1520666955.145058 clock_gettime(CLOCK_BOOTTIME, {30603, 376989645}) = 0
1520666955.145070 select(8, [4 5], [4], NULL, NULL) = 1 (out [4])
1520666955.145088 clock_gettime(CLOCK_BOOTTIME, {30603, 377019485}) = 0
1520666955.145099 write(4, "\361\226\217\365\222\327\v\275B\316m6\33\330d[\215\222\250\20\246(u\266\250\250\336J\v\320I\23"..., 48) = 48
1520666955.145192 clock_gettime(CLOCK_BOOTTIME, {30603, 377124286}) = 0
1520666955.145205 clock_gettime(CLOCK_BOOTTIME, {30603, 377136282}) = 0
1520666955.145215 select(8, [4 5], [], NULL, NULL) = 1 (in [4])
1520666955.149077 clock_gettime(CLOCK_BOOTTIME, {30603, 381010936}) = 0
1520666955.149094 read(4, "\375\n\242\247\333\265\341<\36\350\252>\35\370=\200k\361\327Y!\31\343a\354m\211\316\10\n\326\240"..., 8192) = 48
1520666955.149122 clock_gettime(CLOCK_BOOTTIME, {30603, 381053569}) = 0
1520666955.149132 clock_gettime(CLOCK_BOOTTIME, {30603, 381063436}) = 0
1520666955.149142 select(8, [4 5], [6], NULL, NULL) = 1 (out [6])
1520666955.149157 clock_gettime(CLOCK_BOOTTIME, {30603, 381088864}) = 0
1520666955.149167 write(6, "\r\n", 2)   = 2
1520666955.149183 clock_gettime(CLOCK_BOOTTIME, {30603, 381114260}) = 0
1520666955.149192 clock_gettime(CLOCK_BOOTTIME, {30603, 381123680}) = 0
1520666955.149202 select(8, [4 5], [], NULL, NULL) = 1 (in [4])
1520666955.151096 clock_gettime(CLOCK_BOOTTIME, {30603, 383031399}) = 0
1520666955.151116 read(4, "\202\320h\21klt\340\352\357\2\331\376\5h\314xp\302i\r\233a\246>\30-\334\305\25\353\215"..., 8192) = 128
1520666955.151141 clock_gettime(CLOCK_BOOTTIME, {30603, 383074509}) = 0
1520666955.151156 clock_gettime(CLOCK_BOOTTIME, {30603, 383089026}) = 0
1520666955.151171 select(8, [4 5], [6], NULL, NULL) = 1 (out [6])
1520666955.151193 clock_gettime(CLOCK_BOOTTIME, {30603, 383126201}) = 0
1520666955.151209 write(6, "-bash: +: command not found\r\n\33]0"..., 92) = 92
1520666955.151228 clock_gettime(CLOCK_BOOTTIME, {30603, 383160926}) = 0
1520666955.151243 clock_gettime(CLOCK_BOOTTIME, {30603, 383175879}) = 0
1520666955.151259 select(8, [4 5], [], NULL, NULL) = 1 (in [5])
1520666955.600009 clock_gettime(CLOCK_BOOTTIME, {30603, 831942870}) = 0
1520666955.600025 read(5, "s", 16384)   = 1
1520666955.600051 clock_gettime(CLOCK_BOOTTIME, {30603, 831982592}) = 0
1520666955.600061 clock_gettime(CLOCK_BOOTTIME, {30603, 831992620}) = 0
1520666955.600072 select(8, [4 5], [4], NULL, NULL) = 1 (out [4])
1520666955.600087 clock_gettime(CLOCK_BOOTTIME, {30603, 832018202}) = 0
1520666955.600097 write(4, "\266\200\213/\20~\4kW3\314\332\214\201\304\341\230\370\23o\266\vU[H\1E,\2\215=\26"..., 48) = 48
1520666955.600168 clock_gettime(CLOCK_BOOTTIME, {30603, 832099696}) = 0
1520666955.600179 clock_gettime(CLOCK_BOOTTIME, {30603, 832110436}) = 0
1520666955.600189 select(8, [4 5], [], NULL, NULL) = 1 (in [4])
1520666955.602541 clock_gettime(CLOCK_BOOTTIME, {30603, 834473852}) = 0
1520666955.602554 read(4, "nM|-$#X5!\6\276Hy\323\343\353\310W$\30\251\356\276\266Es'\210\6\7\0%"..., 8192) = 48
1520666955.602573 clock_gettime(CLOCK_BOOTTIME, {30603, 834504410}) = 0
1520666955.602583 clock_gettime(CLOCK_BOOTTIME, {30603, 834514070}) = 0
1520666955.602593 select(8, [4 5], [6], NULL, NULL) = 1 (out [6])
1520666955.602607 clock_gettime(CLOCK_BOOTTIME, {30603, 834537899}) = 0
1520666955.602616 write(6, "s", 1)      = 1
1520666955.602629 clock_gettime(CLOCK_BOOTTIME, {30603, 834560673}) = 0
1520666955.602639 clock_gettime(CLOCK_BOOTTIME, {30603, 834570060}) = 0
1520666955.602648 select(8, [4 5], [], NULL, NULL) = 1 (in [5])
1520666955.615740 clock_gettime(CLOCK_BOOTTIME, {30603, 847673537}) = 0
1520666955.615755 read(5, "a", 16384)   = 1
1520666955.615780 clock_gettime(CLOCK_BOOTTIME, {30603, 847711814}) = 0
1520666955.615790 clock_gettime(CLOCK_BOOTTIME, {30603, 847721661}) = 0
1520666955.615800 select(8, [4 5], [4], NULL, NULL) = 1 (out [4])
1520666955.615815 clock_gettime(CLOCK_BOOTTIME, {30603, 847746583}) = 0
1520666955.615837 write(4, "\310\377\1\5\366\355ht\355c\344\347\271\257|\2552\213!\213L\323l2\337\25\10*:\200\267\212"..., 48) = 48
1520666955.615913 clock_gettime(CLOCK_BOOTTIME, {30603, 847845477}) = 0
1520666955.615925 clock_gettime(CLOCK_BOOTTIME, {30603, 847856066}) = 0
1520666955.615934 select(8, [4 5], [], NULL, NULL) = 1 (in [4])
1520666955.617461 clock_gettime(CLOCK_BOOTTIME, {30603, 849393182}) = 0
1520666955.617473 read(4, "\300\265\212D\240\325\275O\216\365c\216\360\310So!\252@\276\16Bm<M\244\"\255\373\315\307\246"..., 8192) = 48
1520666955.617489 clock_gettime(CLOCK_BOOTTIME, {30603, 849420728}) = 0
1520666955.617499 clock_gettime(CLOCK_BOOTTIME, {30603, 849430226}) = 0
1520666955.617509 select(8, [4 5], [6], NULL, NULL) = 1 (out [6])
1520666955.617522 clock_gettime(CLOCK_BOOTTIME, {30603, 849453665}) = 0
1520666955.617532 write(6, "a", 1)      = 1
1520666955.617545 clock_gettime(CLOCK_BOOTTIME, {30603, 849476383}) = 0
1520666955.617554 clock_gettime(CLOCK_BOOTTIME, {30603, 849485864}) = 0
1520666955.617564 select(8, [4 5], [], NULL, NULL) = 1 (in [5])
1520666955.626263 clock_gettime(CLOCK_BOOTTIME, {30603, 858196232}) = 0
1520666955.626279 read(5, "d", 16384)   = 1
1520666955.626303 clock_gettime(CLOCK_BOOTTIME, {30603, 858234829}) = 0
1520666955.626313 clock_gettime(CLOCK_BOOTTIME, {30603, 858244769}) = 0
1520666955.626324 select(8, [4 5], [4], NULL, NULL) = 1 (out [4])
1520666955.626338 clock_gettime(CLOCK_BOOTTIME, {30603, 858269879}) = 0
1520666955.626362 write(4, "\371\34\200t\245\277\326\214h\376Cc\314\325\240\243\223\253\376\201\346{d\327qw\274\373D\355\267&"..., 48) = 48
1520666955.626425 clock_gettime(CLOCK_BOOTTIME, {30603, 858357187}) = 0
1520666955.626436 clock_gettime(CLOCK_BOOTTIME, {30603, 858367794}) = 0
1520666955.626446 select(8, [4 5], [], NULL, NULL) = 1 (in [4])
1520666955.628485 clock_gettime(CLOCK_BOOTTIME, {30603, 860417755}) = 0
1520666955.628498 read(4, "\252N\326v\302\3\35\225\203m3?O\210\350\266\223x\237\3515\36\205\7\220\210\235W\16\27{d"..., 8192) = 48
1520666955.628516 clock_gettime(CLOCK_BOOTTIME, {30603, 860447375}) = 0
1520666955.628526 clock_gettime(CLOCK_BOOTTIME, {30603, 860457150}) = 0
1520666955.628536 select(8, [4 5], [6], NULL, NULL) = 1 (out [6])
1520666955.628550 clock_gettime(CLOCK_BOOTTIME, {30603, 860481381}) = 0
1520666955.628560 write(6, "d", 1)      = 1
1520666955.628573 clock_gettime(CLOCK_BOOTTIME, {30603, 860504427}) = 0
1520666955.628583 clock_gettime(CLOCK_BOOTTIME, {30603, 860513946}) = 0
1520666955.628592 select(8, [4 5], [], NULL, NULL) = 1 (in [5])
1520666955.695745 clock_gettime(CLOCK_BOOTTIME, {30603, 927679059}) = 0
1520666955.695762 read(5, "f", 16384)   = 1
1520666955.695789 clock_gettime(CLOCK_BOOTTIME, {30603, 927720588}) = 0
1520666955.695799 clock_gettime(CLOCK_BOOTTIME, {30603, 927730540}) = 0
1520666955.695810 select(8, [4 5], [4], NULL, NULL) = 1 (out [4])
1520666955.695825 clock_gettime(CLOCK_BOOTTIME, {30603, 927756045}) = 0
1520666955.695835 write(4, "\316\352\374Io,@-\271#\370Ysr\271\355\267\254!\2374\354MC\24\357.\214Q\\l\260"..., 48) = 48
1520666955.695897 clock_gettime(CLOCK_BOOTTIME, {30603, 927828785}) = 0
1520666955.695908 clock_gettime(CLOCK_BOOTTIME, {30603, 927839556}) = 0
1520666955.695918 select(8, [4 5], [], NULL, NULL) = 1 (in [4])
1520666955.697372 clock_gettime(CLOCK_BOOTTIME, {30603, 929304176}) = 0
1520666955.697384 read(4, "\341\fiO\356\26\200A-t{a\300\212\177\302LC\343\331aa\3661\3101\362\352G\7\270\334"..., 8192) = 48
1520666955.697401 clock_gettime(CLOCK_BOOTTIME, {30603, 929332373}) = 0
1520666955.697410 clock_gettime(CLOCK_BOOTTIME, {30603, 929341793}) = 0
1520666955.697420 select(8, [4 5], [6], NULL, NULL) = 1 (out [6])
1520666955.697434 clock_gettime(CLOCK_BOOTTIME, {30603, 929365036}) = 0
1520666955.697443 write(6, "f", 1)      = 1
1520666955.697456 clock_gettime(CLOCK_BOOTTIME, {30603, 929387528}) = 0
1520666955.697466 clock_gettime(CLOCK_BOOTTIME, {30603, 929396895}) = 0
1520666955.697475 select(8, [4 5], [], NULL, NULL) = 1 (in [5])
1520666955.775452 clock_gettime(CLOCK_BOOTTIME, {30604, 7385612}) = 0
1520666955.775479 read(5, "\r", 16384)  = 1
1520666955.775504 clock_gettime(CLOCK_BOOTTIME, {30604, 7435976}) = 0
1520666955.775514 clock_gettime(CLOCK_BOOTTIME, {30604, 7445692}) = 0
1520666955.775525 select(8, [4 5], [4], NULL, NULL) = 1 (out [4])
1520666955.775539 clock_gettime(CLOCK_BOOTTIME, {30604, 7470856}) = 0
1520666955.775550 write(4, "\33\3112\326\211\21@Z9\375\t\337\37g\2708\2606\305\7\307b\325\36\362\6\t4\2168,\302"..., 48) = 48
1520666955.775612 clock_gettime(CLOCK_BOOTTIME, {30604, 7544150}) = 0
1520666955.775623 clock_gettime(CLOCK_BOOTTIME, {30604, 7554803}) = 0
1520666955.775633 select(8, [4 5], [], NULL, NULL) = 1 (in [4])
1520666955.777417 clock_gettime(CLOCK_BOOTTIME, {30604, 9349736}) = 0
1520666955.777430 read(4, "O\366\366pW\16\302\214R0?\3121c\310G\23\337\351\\t\275\242`\274-3\30\2426\26@"..., 8192) = 144
1520666955.777448 clock_gettime(CLOCK_BOOTTIME, {30604, 9380080}) = 0
1520666955.777458 clock_gettime(CLOCK_BOOTTIME, {30604, 9389776}) = 0
1520666955.777468 select(8, [4 5], [6], NULL, NULL) = 1 (out [6])
1520666955.777483 clock_gettime(CLOCK_BOOTTIME, {30604, 9414186}) = 0
1520666955.777492 write(6, "\r\n-bash: sadf: command not found"..., 97) = 97
1520666955.777506 clock_gettime(CLOCK_BOOTTIME, {30604, 9437471}) = 0
1520666955.777516 clock_gettime(CLOCK_BOOTTIME, {30604, 9446931}) = 0
1520666955.777525 select(8, [4 5], [], NULL, NULL) = 1 (in [5])
1520666955.967308 clock_gettime(CLOCK_BOOTTIME, {30604, 199240947}) = 0
1520666955.967323 read(5, "s", 16384)   = 1
1520666955.967349 clock_gettime(CLOCK_BOOTTIME, {30604, 199280660}) = 0
1520666955.967359 clock_gettime(CLOCK_BOOTTIME, {30604, 199290608}) = 0
1520666955.967370 select(8, [4 5], [4], NULL, NULL) = 1 (out [4])
1520666955.967384 clock_gettime(CLOCK_BOOTTIME, {30604, 199315965}) = 0
1520666955.967395 write(4, "\251\347\3009}F\236\260\315\315\4\222\234(=\241d\241\177\204\24\262V\312\0317\203\2\364\371\235\330"..., 48) = 48
1520666955.967559 clock_gettime(CLOCK_BOOTTIME, {30604, 199490816}) = 0
1520666955.967570 clock_gettime(CLOCK_BOOTTIME, {30604, 199501885}) = 0
1520666955.967580 select(8, [4 5], [], NULL, NULL) = 1 (in [4])
1520666955.969757 clock_gettime(CLOCK_BOOTTIME, {30604, 201689775}) = 0
1520666955.969770 read(4, "\227\266\272\356\t\373\332\251\177\303#mAp\350n\274\365\2R\217\270MhNHt\275S\217'l"..., 8192) = 48
1520666955.969788 clock_gettime(CLOCK_BOOTTIME, {30604, 201719442}) = 0
1520666955.969798 clock_gettime(CLOCK_BOOTTIME, {30604, 201729215}) = 0
1520666955.969808 select(8, [4 5], [6], NULL, NULL) = 1 (out [6])
1520666955.969822 clock_gettime(CLOCK_BOOTTIME, {30604, 201753792}) = 0
1520666955.969832 write(6, "s", 1)      = 1
1520666955.969845 clock_gettime(CLOCK_BOOTTIME, {30604, 201776771}) = 0
1520666955.969855 clock_gettime(CLOCK_BOOTTIME, {30604, 201786262}) = 0
1520666955.969865 select(8, [4 5], [], NULL, NULL) = 1 (in [5])
1520666955.979060 clock_gettime(CLOCK_BOOTTIME, {30604, 210993638}) = 0
1520666955.979075 read(5, "a", 16384)   = 1
1520666955.979099 clock_gettime(CLOCK_BOOTTIME, {30604, 211030490}) = 0
1520666955.979109 clock_gettime(CLOCK_BOOTTIME, {30604, 211040240}) = 0
1520666955.979119 select(8, [4 5], [4], NULL, NULL) = 1 (out [4])
1520666955.979134 clock_gettime(CLOCK_BOOTTIME, {30604, 211065288}) = 0
1520666955.979144 write(4, "\353\232\25\301\27\273E\224\rb\327V\377\252\341\7W\221\366{\254\241\254y\v\203\207\245Tt\4/"..., 48) = 48
1520666955.979212 clock_gettime(CLOCK_BOOTTIME, {30604, 211143860}) = 0
1520666955.979223 clock_gettime(CLOCK_BOOTTIME, {30604, 211154883}) = 0
1520666955.979233 select(8, [4 5], [], NULL, NULL) = 1 (in [4])
1520666955.982214 clock_gettime(CLOCK_BOOTTIME, {30604, 214146503}) = 0
1520666955.982227 read(4, "\253Ml\7\7I\203\200fn\250\336\2\253\231\256\36L\311\244J\367\n\24{rJ\303Ai\235\236"..., 8192) = 48
1520666955.982244 clock_gettime(CLOCK_BOOTTIME, {30604, 214176011}) = 0
1520666955.982254 clock_gettime(CLOCK_BOOTTIME, {30604, 214185828}) = 0
1520666955.982264 select(8, [4 5], [6], NULL, NULL) = 1 (out [6])
1520666955.982279 clock_gettime(CLOCK_BOOTTIME, {30604, 214210036}) = 0
1520666955.982300 write(6, "a", 1)      = 1
1520666955.982314 clock_gettime(CLOCK_BOOTTIME, {30604, 214245476}) = 0
1520666955.982324 clock_gettime(CLOCK_BOOTTIME, {30604, 214254900}) = 0
1520666955.982333 select(8, [4 5], [], NULL, NULL) = 1 (in [5])
1520666956.022906 clock_gettime(CLOCK_BOOTTIME, {30604, 254845040}) = 0
1520666956.022927 read(5, "d", 16384)   = 1
1520666956.022953 clock_gettime(CLOCK_BOOTTIME, {30604, 254885305}) = 0
1520666956.022964 clock_gettime(CLOCK_BOOTTIME, {30604, 254895166}) = 0
1520666956.022974 select(8, [4 5], [4], NULL, NULL) = 1 (out [4])
1520666956.022989 clock_gettime(CLOCK_BOOTTIME, {30604, 254920632}) = 0
1520666956.023000 write(4, "D\26\331Z\261\200\243\305\20\307\330\360>\227\331\20467\246\0)\312\306\304\275\200\272\347\fd$\273"..., 48) = 48
1520666956.023053 clock_gettime(CLOCK_BOOTTIME, {30604, 254985552}) = 0
1520666956.023065 clock_gettime(CLOCK_BOOTTIME, {30604, 254996114}) = 0
1520666956.023075 select(8, [4 5], [], NULL, NULL) = 1 (in [4])
1520666956.025297 clock_gettime(CLOCK_BOOTTIME, {30604, 257230378}) = 0
1520666956.025311 read(4, "\3\1\257\336T\265\330\31\271\333C\356\232\253\324\7:b4\245-\0245L^B\3649\313\353\252\305"..., 8192) = 48
1520666956.025329 clock_gettime(CLOCK_BOOTTIME, {30604, 257261153}) = 0
1520666956.025339 clock_gettime(CLOCK_BOOTTIME, {30604, 257270879}) = 0
1520666956.025349 select(8, [4 5], [6], NULL, NULL) = 1 (out [6])
1520666956.025364 clock_gettime(CLOCK_BOOTTIME, {30604, 257295123}) = 0
1520666956.025374 write(6, "d", 1)      = 1
1520666956.025387 clock_gettime(CLOCK_BOOTTIME, {30604, 257318076}) = 0
1520666956.025396 clock_gettime(CLOCK_BOOTTIME, {30604, 257327590}) = 0
1520666956.025406 select(8, [4 5], [], NULL, NULL) = 1 (in [5])
1520666956.102789 clock_gettime(CLOCK_BOOTTIME, {30604, 334722306}) = 0
1520666956.102805 read(5, "f", 16384)   = 1
1520666956.102832 clock_gettime(CLOCK_BOOTTIME, {30604, 334763310}) = 0
1520666956.102842 clock_gettime(CLOCK_BOOTTIME, {30604, 334773083}) = 0
1520666956.102852 select(8, [4 5], [4], NULL, NULL) = 1 (out [4])
1520666956.102866 clock_gettime(CLOCK_BOOTTIME, {30604, 334797857}) = 0
1520666956.102877 write(4, "\225\226t)\266\370\233\207\316\227\320\226\20\250\342\310\1\351M&\34\6\6\267{\2269<\234\323\224\276"..., 48) = 48
1520666956.102939 clock_gettime(CLOCK_BOOTTIME, {30604, 334870894}) = 0
1520666956.102950 clock_gettime(CLOCK_BOOTTIME, {30604, 334881683}) = 0
1520666956.102960 select(8, [4 5], [], NULL, NULL) = 1 (in [4])
1520666956.104913 clock_gettime(CLOCK_BOOTTIME, {30604, 336845993}) = 0
1520666956.104926 read(4, "T\202c\227\t\345~&\211\10\371\204\5\31\37\257\0348\7H\207mE\2452\273h\310\177YL\357"..., 8192) = 48
1520666956.104945 clock_gettime(CLOCK_BOOTTIME, {30604, 336876608}) = 0
1520666956.104955 clock_gettime(CLOCK_BOOTTIME, {30604, 336886280}) = 0
1520666956.104965 select(8, [4 5], [6], NULL, NULL) = 1 (out [6])
1520666956.104979 clock_gettime(CLOCK_BOOTTIME, {30604, 336910355}) = 0
1520666956.104989 write(6, "f", 1)      = 1
1520666956.105002 clock_gettime(CLOCK_BOOTTIME, {30604, 336933340}) = 0
1520666956.105011 clock_gettime(CLOCK_BOOTTIME, {30604, 336942681}) = 0
1520666956.105021 select(8, [4 5], [], NULL, NULL) = 1 (in [5])
1520666956.150550 clock_gettime(CLOCK_BOOTTIME, {30604, 382483226}) = 0
1520666956.150566 read(5, "\r", 16384)  = 1
1520666956.150592 clock_gettime(CLOCK_BOOTTIME, {30604, 382523689}) = 0
1520666956.150602 clock_gettime(CLOCK_BOOTTIME, {30604, 382533515}) = 0
1520666956.150612 select(8, [4 5], [4], NULL, NULL) = 1 (out [4])
1520666956.150627 clock_gettime(CLOCK_BOOTTIME, {30604, 382558483}) = 0
1520666956.150637 write(4, "By\"\36\274\26I5\262\201\27\204x\303\n\274A\362=\25\352m_\5\23mX\341\363\231<\0"..., 48) = 48
1520666956.150701 clock_gettime(CLOCK_BOOTTIME, {30604, 382632823}) = 0
1520666956.150725 clock_gettime(CLOCK_BOOTTIME, {30604, 382656688}) = 0
1520666956.150735 select(8, [4 5], [], NULL, NULL) = 1 (in [4])
1520666956.152373 clock_gettime(CLOCK_BOOTTIME, {30604, 384306089}) = 0
1520666956.152386 read(4, "A\354\302\26\35\222\265-\177\v\254\324\222\256\2360\f\206H\340$#\n\370\6*L\216\324\300g\306"..., 8192) = 144
1520666956.152417 clock_gettime(CLOCK_BOOTTIME, {30604, 384349010}) = 0
1520666956.152428 clock_gettime(CLOCK_BOOTTIME, {30604, 384358980}) = 0
1520666956.152437 select(8, [4 5], [6], NULL, NULL) = 1 (out [6])
1520666956.152452 clock_gettime(CLOCK_BOOTTIME, {30604, 384383693}) = 0
1520666956.152462 write(6, "\r\n-bash: sadf: command not found"..., 97) = 97
1520666956.152476 clock_gettime(CLOCK_BOOTTIME, {30604, 384407099}) = 0
1520666956.152485 clock_gettime(CLOCK_BOOTTIME, {30604, 384416437}) = 0
1520666956.152495 select(8, [4 5], [], NULL, NULL) = 1 (in [5])
1520666956.310298 clock_gettime(CLOCK_BOOTTIME, {30604, 542231133}) = 0
1520666956.310314 read(5, "s", 16384)   = 1
1520666956.310339 clock_gettime(CLOCK_BOOTTIME, {30604, 542271148}) = 0
1520666956.310350 clock_gettime(CLOCK_BOOTTIME, {30604, 542280962}) = 0
1520666956.310360 select(8, [4 5], [4], NULL, NULL) = 1 (out [4])
1520666956.310375 clock_gettime(CLOCK_BOOTTIME, {30604, 542306019}) = 0
1520666956.310385 write(4, "\330W\365\32\257/\336\277\177\237\370\354\247\34f\335\23\210\310\354\265\355\307\255\0\377\321\260s;\220\242"..., 48) = 48
1520666956.310448 clock_gettime(CLOCK_BOOTTIME, {30604, 542379768}) = 0
1520666956.310459 clock_gettime(CLOCK_BOOTTIME, {30604, 542390368}) = 0
1520666956.310469 select(8, [4 5], [], NULL, NULL) = 1 (in [4])
1520666956.313144 clock_gettime(CLOCK_BOOTTIME, {30604, 545076850}) = 0
1520666956.313157 read(4, "2\227\3619\236_\314K\346\1\321\303\323b\272 \212\264j\226C\323\302\232\327\246\377V\244\324ST"..., 8192) = 48
1520666956.313220 clock_gettime(CLOCK_BOOTTIME, {30604, 545152436}) = 0
1520666956.313231 clock_gettime(CLOCK_BOOTTIME, {30604, 545162399}) = 0
1520666956.313241 select(8, [4 5], [6], NULL, NULL) = 1 (out [6])
1520666956.313257 clock_gettime(CLOCK_BOOTTIME, {30604, 545188010}) = 0
1520666956.313266 write(6, "s", 1)      = 1
1520666956.313280 clock_gettime(CLOCK_BOOTTIME, {30604, 545211250}) = 0
1520666956.313289 clock_gettime(CLOCK_BOOTTIME, {30604, 545220726}) = 0
1520666956.313299 select(8, [4 5], [], NULL, NULL) = 1 (in [5])
1520666956.318616 clock_gettime(CLOCK_BOOTTIME, {30604, 550549530}) = 0
1520666956.318630 read(5, "a", 16384)   = 1
1520666956.318655 clock_gettime(CLOCK_BOOTTIME, {30604, 550589309}) = 0
1520666956.318673 clock_gettime(CLOCK_BOOTTIME, {30604, 550606090}) = 0
1520666956.318686 select(8, [4 5], [4], NULL, NULL) = 1 (out [4])
1520666956.318700 clock_gettime(CLOCK_BOOTTIME, {30604, 550631992}) = 0
1520666956.318711 write(4, "\234<\236\227\324\304\7\211\20\213\206{\233\346m_=\273\222\20\273\177\301\325f}%\17\331I\270\364"..., 48) = 48
1520666956.318769 clock_gettime(CLOCK_BOOTTIME, {30604, 550700951}) = 0
1520666956.318780 clock_gettime(CLOCK_BOOTTIME, {30604, 550711650}) = 0
1520666956.318790 select(8, [4 5], [], NULL, NULL) = 1 (in [4])
1520666956.320610 clock_gettime(CLOCK_BOOTTIME, {30604, 552542502}) = 0
1520666956.320623 read(4, "\366\221\371\357\0\272\204\236\371\223\300\342,(\233\315\346R[N\333\26Zb\267\1\216\251\232\270+v"..., 8192) = 48
1520666956.320640 clock_gettime(CLOCK_BOOTTIME, {30604, 552571973}) = 0
1520666956.320650 clock_gettime(CLOCK_BOOTTIME, {30604, 552581797}) = 0
1520666956.320660 select(8, [4 5], [6], NULL, NULL) = 1 (out [6])
1520666956.320675 clock_gettime(CLOCK_BOOTTIME, {30604, 552606146}) = 0
1520666956.320684 write(6, "a", 1)      = 1
1520666956.320698 clock_gettime(CLOCK_BOOTTIME, {30604, 552629198}) = 0
1520666956.320707 clock_gettime(CLOCK_BOOTTIME, {30604, 552638752}) = 0
1520666956.320717 select(8, [4 5], [], NULL, NULL) = 1 (in [5])
1520666956.374193 clock_gettime(CLOCK_BOOTTIME, {30604, 606126269}) = 0
1520666956.374209 read(5, "d", 16384)   = 1
1520666956.374235 clock_gettime(CLOCK_BOOTTIME, {30604, 606167244}) = 0
1520666956.374246 clock_gettime(CLOCK_BOOTTIME, {30604, 606177047}) = 0
1520666956.374256 select(8, [4 5], [4], NULL, NULL) = 1 (out [4])
1520666956.374271 clock_gettime(CLOCK_BOOTTIME, {30604, 606202674}) = 0
1520666956.374295 write(4, "s-\373\223\227\214\305\177\351\317\210\360\262\322\327\241\260\3#\354j\22\23\37\200\257\213=\232\336a\3"..., 48) = 48
1520666956.374381 clock_gettime(CLOCK_BOOTTIME, {30604, 606314821}) = 0
1520666956.374398 clock_gettime(CLOCK_BOOTTIME, {30604, 606331397}) = 0
1520666956.374414 select(8, [4 5], [], NULL, NULL) = 1 (in [4])
1520666956.376284 clock_gettime(CLOCK_BOOTTIME, {30604, 608216448}) = 0
1520666956.376296 read(4, "\306\rN^\251\5Kq\237_\n\264lw\f\267\253)\271\30#wr\366\36v\310q\260\213\274\254"..., 8192) = 48
1520666956.376348 clock_gettime(CLOCK_BOOTTIME, {30604, 608279702}) = 0
1520666956.376358 clock_gettime(CLOCK_BOOTTIME, {30604, 608289375}) = 0
1520666956.376368 select(8, [4 5], [6], NULL, NULL) = 1 (out [6])
1520666956.376383 clock_gettime(CLOCK_BOOTTIME, {30604, 608314197}) = 0
1520666956.376392 write(6, "d", 1)      = 1
1520666956.376405 clock_gettime(CLOCK_BOOTTIME, {30604, 608336915}) = 0
1520666956.376415 clock_gettime(CLOCK_BOOTTIME, {30604, 608346251}) = 0
1520666956.376424 select(8, [4 5], [], NULL, NULL) = 1 (in [5])
1520666956.445932 clock_gettime(CLOCK_BOOTTIME, {30604, 677866081}) = 0
1520666956.445949 read(5, "f", 16384)   = 1
1520666956.445976 clock_gettime(CLOCK_BOOTTIME, {30604, 677908147}) = 0
1520666956.445986 clock_gettime(CLOCK_BOOTTIME, {30604, 677917861}) = 0
1520666956.445997 select(8, [4 5], [4], NULL, NULL) = 1 (out [4])
1520666956.446012 clock_gettime(CLOCK_BOOTTIME, {30604, 677943707}) = 0
1520666956.446023 write(4, "\211\23\20\362\0027\231\273\t\3345\250\221\373\343L\370 l9U\253i$\202\337j\373\246a\341\345"..., 48) = 48
1520666956.446085 clock_gettime(CLOCK_BOOTTIME, {30604, 678016859}) = 0
1520666956.446096 clock_gettime(CLOCK_BOOTTIME, {30604, 678027271}) = 0
1520666956.446106 select(8, [4 5], [], NULL, NULL) = 1 (in [4])
1520666956.448632 clock_gettime(CLOCK_BOOTTIME, {30604, 680565048}) = 0
1520666956.448645 read(4, "\35\365\357\30506\354et`\253\265\2442V\364c\240l\301\225\f7\17\3405\20\10r\276p\4"..., 8192) = 48
1520666956.448699 clock_gettime(CLOCK_BOOTTIME, {30604, 680631321}) = 0
1520666956.448710 clock_gettime(CLOCK_BOOTTIME, {30604, 680641254}) = 0
1520666956.448720 select(8, [4 5], [6], NULL, NULL) = 1 (out [6])
1520666956.448735 clock_gettime(CLOCK_BOOTTIME, {30604, 680666683}) = 0
1520666956.448745 write(6, "f", 1)      = 1
1520666956.448758 clock_gettime(CLOCK_BOOTTIME, {30604, 680689977}) = 0
1520666956.448768 clock_gettime(CLOCK_BOOTTIME, {30604, 680699429}) = 0
1520666956.448778 select(8, [4 5], [], NULL, NULL) = 1 (in [5])
1520666956.621586 clock_gettime(CLOCK_BOOTTIME, {30604, 853520441}) = 0
1520666956.621604 read(5, "s", 16384)   = 1
1520666956.621630 clock_gettime(CLOCK_BOOTTIME, {30604, 853562353}) = 0
1520666956.621641 clock_gettime(CLOCK_BOOTTIME, {30604, 853572075}) = 0
1520666956.621651 select(8, [4 5], [4], NULL, NULL) = 1 (out [4])
1520666956.621666 clock_gettime(CLOCK_BOOTTIME, {30604, 853597685}) = 0
1520666956.621677 write(4, "\315\f\363\337\313$n;D\361n\235\206\224a{fF\275\233r\20\317\336\355\24g\202\346\24\255\231"..., 48) = 48
1520666956.621738 clock_gettime(CLOCK_BOOTTIME, {30604, 853670065}) = 0
1520666956.621749 clock_gettime(CLOCK_BOOTTIME, {30604, 853680544}) = 0
1520666956.621759 select(8, [4 5], [], NULL, NULL) = 1 (in [4])
1520666956.624205 clock_gettime(CLOCK_BOOTTIME, {30604, 856137566}) = 0
1520666956.624218 read(4, "\200\357=\335:\211d\255\336-U\23\306\f9\3063\250\377-;\3739_\232h\350\233\5\273\10-"..., 8192) = 48
1520666956.624272 clock_gettime(CLOCK_BOOTTIME, {30604, 856203592}) = 0
1520666956.624282 clock_gettime(CLOCK_BOOTTIME, {30604, 856213539}) = 0
1520666956.624292 select(8, [4 5], [6], NULL, NULL) = 1 (out [6])
1520666956.624308 clock_gettime(CLOCK_BOOTTIME, {30604, 856239045}) = 0
1520666956.624317 write(6, "s", 1)      = 1
1520666956.624331 clock_gettime(CLOCK_BOOTTIME, {30604, 856262112}) = 0
1520666956.624340 clock_gettime(CLOCK_BOOTTIME, {30604, 856271636}) = 0
1520666956.624350 select(8, [4 5], [], NULL, NULL) = 1 (in [5])
1520666956.633151 clock_gettime(CLOCK_BOOTTIME, {30604, 865084205}) = 0
1520666956.633165 read(5, "a", 16384)   = 1
1520666956.633188 clock_gettime(CLOCK_BOOTTIME, {30604, 865130640}) = 0
1520666956.633210 clock_gettime(CLOCK_BOOTTIME, {30604, 865141455}) = 0
1520666956.633220 select(8, [4 5], [4], NULL, NULL) = 1 (out [4])
1520666956.633235 clock_gettime(CLOCK_BOOTTIME, {30604, 865166733}) = 0
1520666956.633245 write(4, "\367\32\205\31\355\2B\251\365<\20\226\300\257\22\367\270D\252 >\255^(\212\342\304\211\214\2=["..., 48) = 48
1520666956.633317 clock_gettime(CLOCK_BOOTTIME, {30604, 865249327}) = 0
1520666956.633329 clock_gettime(CLOCK_BOOTTIME, {30604, 865260052}) = 0
1520666956.633338 select(8, [4 5], [], NULL, NULL) = 1 (in [4])
1520666956.635231 clock_gettime(CLOCK_BOOTTIME, {30604, 867163545}) = 0
1520666956.635244 read(4, "\335m\307\6\240\241\310\315\214\333u\37\0305\21\276\5\7\23\250\22\306*\346\356\311\351\271#\223\31\6"..., 8192) = 48
1520666956.635261 clock_gettime(CLOCK_BOOTTIME, {30604, 867193317}) = 0
1520666956.635272 clock_gettime(CLOCK_BOOTTIME, {30604, 867203095}) = 0
1520666956.635282 select(8, [4 5], [6], NULL, NULL) = 1 (out [6])
1520666956.635296 clock_gettime(CLOCK_BOOTTIME, {30604, 867227260}) = 0
1520666956.635306 write(6, "a", 1)      = 1
1520666956.635319 clock_gettime(CLOCK_BOOTTIME, {30604, 867250156}) = 0
1520666956.635328 clock_gettime(CLOCK_BOOTTIME, {30604, 867259617}) = 0
1520666956.635338 select(8, [4 5], [], NULL, NULL) = 1 (in [5])
1520666956.653496 clock_gettime(CLOCK_BOOTTIME, {30604, 885430172}) = 0
1520666956.653513 read(5, "d", 16384)   = 1
1520666956.653538 clock_gettime(CLOCK_BOOTTIME, {30604, 885469533}) = 0
1520666956.653548 clock_gettime(CLOCK_BOOTTIME, {30604, 885479285}) = 0
1520666956.653558 select(8, [4 5], [4], NULL, NULL) = 1 (out [4])
1520666956.653574 clock_gettime(CLOCK_BOOTTIME, {30604, 885505283}) = 0
1520666956.653584 write(4, "\236\224\367\341\\\n\244\26\334\322,\"\350\343\6\363\6\356VN\362\234\1\215;\251\371\f\205v>\221"..., 48) = 48
1520666956.653645 clock_gettime(CLOCK_BOOTTIME, {30604, 885577235}) = 0
1520666956.653657 clock_gettime(CLOCK_BOOTTIME, {30604, 885587978}) = 0
1520666956.653666 select(8, [4 5], [], NULL, NULL) = 1 (in [4])
1520666956.656172 clock_gettime(CLOCK_BOOTTIME, {30604, 888105079}) = 0
1520666956.656185 read(4, "\325\253B\252\260\205\217\21\227?\332\242^\364\21]\274\344\16\323\250\212\30\2\205g\244\355\327\"q^"..., 8192) = 48
1520666956.656203 clock_gettime(CLOCK_BOOTTIME, {30604, 888135247}) = 0
1520666956.656214 clock_gettime(CLOCK_BOOTTIME, {30604, 888145089}) = 0
1520666956.656224 select(8, [4 5], [6], NULL, NULL) = 1 (out [6])
1520666956.656238 clock_gettime(CLOCK_BOOTTIME, {30604, 888169417}) = 0
1520666956.656248 write(6, "d", 1)      = 1
1520666956.656261 clock_gettime(CLOCK_BOOTTIME, {30604, 888192634}) = 0
1520666956.656271 clock_gettime(CLOCK_BOOTTIME, {30604, 888202142}) = 0
1520666956.656280 select(8, [4 5], [], NULL, NULL) = 1 (in [5])
1520666956.757238 clock_gettime(CLOCK_BOOTTIME, {30604, 989171914}) = 0
1520666956.757254 read(5, "f", 16384)   = 1
1520666956.757279 clock_gettime(CLOCK_BOOTTIME, {30604, 989210940}) = 0
1520666956.757289 clock_gettime(CLOCK_BOOTTIME, {30604, 989220748}) = 0
1520666956.757300 select(8, [4 5], [4], NULL, NULL) = 1 (out [4])
1520666956.757314 clock_gettime(CLOCK_BOOTTIME, {30604, 989245900}) = 0
1520666956.757325 write(4, "\220F\317\242\10\205\216Xb\321e\223ypA\320\36\336\346P\31\25\245\23ZZ\343X\204\246]\311"..., 48) = 48
1520666956.757394 clock_gettime(CLOCK_BOOTTIME, {30604, 989326407}) = 0
1520666956.757406 clock_gettime(CLOCK_BOOTTIME, {30604, 989337018}) = 0
1520666956.757416 select(8, [4 5], [], NULL, NULL) = 1 (in [4])
1520666956.760003 clock_gettime(CLOCK_BOOTTIME, {30604, 991935365}) = 0
1520666956.760015 read(4, "8\221\233\257\367\2332#o\34mf\352\336\212y\304Jd5\331\250\306;\0022Dz\300\250Vu"..., 8192) = 48
1520666956.760070 clock_gettime(CLOCK_BOOTTIME, {30604, 992001912}) = 0
1520666956.760080 clock_gettime(CLOCK_BOOTTIME, {30604, 992011879}) = 0
1520666956.760090 select(8, [4 5], [6], NULL, NULL) = 1 (out [6])
1520666956.760106 clock_gettime(CLOCK_BOOTTIME, {30604, 992037534}) = 0
1520666956.760116 write(6, "f", 1)      = 1
1520666956.760141 clock_gettime(CLOCK_BOOTTIME, {30604, 992072604}) = 0
1520666956.760151 clock_gettime(CLOCK_BOOTTIME, {30604, 992082159}) = 0
1520666956.760160 select(8, [4 5], [], NULL, NULL) = 1 (in [5])
1520666957.244168 clock_gettime(CLOCK_BOOTTIME, {30605, 476101625}) = 0
1520666957.244184 read(5, "\r", 16384)  = 1
1520666957.244211 clock_gettime(CLOCK_BOOTTIME, {30605, 476142372}) = 0
1520666957.244221 clock_gettime(CLOCK_BOOTTIME, {30605, 476152172}) = 0
1520666957.244231 select(8, [4 5], [4], NULL, NULL) = 1 (out [4])
1520666957.244246 clock_gettime(CLOCK_BOOTTIME, {30605, 476177512}) = 0
1520666957.244256 write(4, "\256w\261\32\343{\313s$G\f\370\370\230\26\3336\267jt\20\342\\\312\245\261\263\"\20\361\251A"..., 48) = 48
1520666957.244330 clock_gettime(CLOCK_BOOTTIME, {30605, 476262040}) = 0
1520666957.244341 clock_gettime(CLOCK_BOOTTIME, {30605, 476272820}) = 0
1520666957.244351 select(8, [4 5], [], NULL, NULL) = 1 (in [4])
1520666957.246418 clock_gettime(CLOCK_BOOTTIME, {30605, 478361500}) = 0
1520666957.246445 read(4, "dq\246uIm\344\241\207\16\32\t\27\334y\371\337\306\304\372\210\fc\3\1e;_\236q\306\222"..., 8192) = 144
1520666957.246464 clock_gettime(CLOCK_BOOTTIME, {30605, 478396175}) = 0
1520666957.246475 clock_gettime(CLOCK_BOOTTIME, {30605, 478405910}) = 0
1520666957.246484 select(8, [4 5], [6], NULL, NULL) = 1 (out [6])
1520666957.246499 clock_gettime(CLOCK_BOOTTIME, {30605, 478430919}) = 0
1520666957.246509 write(6, "\r\n-bash: sadfsadf: command not f"..., 101) = 101
1520666957.246523 clock_gettime(CLOCK_BOOTTIME, {30605, 478454395}) = 0
1520666957.246532 clock_gettime(CLOCK_BOOTTIME, {30605, 478463892}) = 0
1520666957.246542 select(8, [4 5], [], NULL, NULL) = 1 (in [5])
1520666957.258211 clock_gettime(CLOCK_BOOTTIME, {30605, 490144129}) = 0
1520666957.258226 read(5, ".", 16384)   = 1
1520666957.258251 clock_gettime(CLOCK_BOOTTIME, {30605, 490182327}) = 0
1520666957.258261 clock_gettime(CLOCK_BOOTTIME, {30605, 490192042}) = 0
1520666957.258271 select(8, [4 5], [4], NULL, NULL) = 1 (out [4])
1520666957.258286 clock_gettime(CLOCK_BOOTTIME, {30605, 490217304}) = 0
1520666957.258296 write(4, "}\272Z\16\341b\354vy\224\6\277\266\353!T\370p\240,qSz:\251*\372\253j\24i\223"..., 48) = 48
1520666957.258360 clock_gettime(CLOCK_BOOTTIME, {30605, 490292368}) = 0
1520666957.258371 clock_gettime(CLOCK_BOOTTIME, {30605, 490302746}) = 0
1520666957.258381 select(8, [4 5], [], NULL, NULL) = 1 (in [4])
1520666957.261036 clock_gettime(CLOCK_BOOTTIME, {30605, 492968920}) = 0
1520666957.261049 read(4, "\354\323~\365=\374\205\26\214\6\21\375\223\247<\371\203\4|6\323\332\354\300\26\236\3775[\23\23U"..., 8192) = 48
1520666957.261068 clock_gettime(CLOCK_BOOTTIME, {30605, 493000036}) = 0
1520666957.261078 clock_gettime(CLOCK_BOOTTIME, {30605, 493009775}) = 0
1520666957.261088 select(8, [4 5], [6], NULL, NULL) = 1 (out [6])
1520666957.261103 clock_gettime(CLOCK_BOOTTIME, {30605, 493034550}) = 0
1520666957.261113 write(6, ".", 1)      = 1
1520666957.261126 clock_gettime(CLOCK_BOOTTIME, {30605, 493057783}) = 0
1520666957.261136 clock_gettime(CLOCK_BOOTTIME, {30605, 493067201}) = 0
1520666957.261145 select(8, [4 5], [], NULL, NULL) = 1 (in [5])
1520666957.738889 clock_gettime(CLOCK_BOOTTIME, {30605, 970822392}) = 0
1520666957.738904 read(5, "\4", 16384)  = 1
1520666957.738929 clock_gettime(CLOCK_BOOTTIME, {30605, 970860519}) = 0
1520666957.738939 clock_gettime(CLOCK_BOOTTIME, {30605, 970870404}) = 0
1520666957.738949 select(8, [4 5], [4], NULL, NULL) = 1 (out [4])
1520666957.738964 clock_gettime(CLOCK_BOOTTIME, {30605, 970895415}) = 0
1520666957.738974 write(4, "\21\267f\"\265)\273\356\224U\213:b\\Zr\312\312\303\316\2373\212q\304w\6)\177V\333\301"..., 48) = 48
1520666957.739036 clock_gettime(CLOCK_BOOTTIME, {30605, 970967653}) = 0
1520666957.739047 clock_gettime(CLOCK_BOOTTIME, {30605, 970978039}) = 0
1520666957.739057 select(8, [4 5], [], NULL, NULL) = 1 (in [4])
1520666957.741421 clock_gettime(CLOCK_BOOTTIME, {30605, 973354316}) = 0
1520666957.741435 read(4, "D\241\360\364\\\24\211\2023\0251\374\30\356h\20178\202\200K\344\332w\231\300\205\302_wm\214"..., 8192) = 48
1520666957.741464 clock_gettime(CLOCK_BOOTTIME, {30605, 973396447}) = 0
1520666957.741475 clock_gettime(CLOCK_BOOTTIME, {30605, 973406304}) = 0
1520666957.741485 select(8, [4 5], [6], NULL, NULL) = 1 (out [6])
1520666957.741500 clock_gettime(CLOCK_BOOTTIME, {30605, 973431007}) = 0
1520666957.741509 write(6, "\7", 1)     = 1
1520666957.741523 clock_gettime(CLOCK_BOOTTIME, {30605, 973454446}) = 0
1520666957.741532 clock_gettime(CLOCK_BOOTTIME, {30605, 973463794}) = 0
1520666957.741542 select(8, [4 5], [], NULL, NULL) = 1 (in [5])
1520666958.832521 clock_gettime(CLOCK_BOOTTIME, {30607, 64454568}) = 0
1520666958.832537 read(5, "\4", 16384)  = 1
1520666958.832580 clock_gettime(CLOCK_BOOTTIME, {30607, 64513908}) = 0
1520666958.832593 clock_gettime(CLOCK_BOOTTIME, {30607, 64524519}) = 0
1520666958.832604 select(8, [4 5], [4], NULL, NULL) = 1 (out [4])
1520666958.832619 clock_gettime(CLOCK_BOOTTIME, {30607, 64550604}) = 0
1520666958.832630 write(4, "qo\371m\353!\5F\206\262\27\34\353lT\340\225<\26X5if\327\235\0lPD:\263\314"..., 48) = 48
1520666958.832710 clock_gettime(CLOCK_BOOTTIME, {30607, 64643389}) = 0
1520666958.832727 clock_gettime(CLOCK_BOOTTIME, {30607, 64659826}) = 0
1520666958.832742 select(8, [4 5], [], NULL, NULL) = 1 (in [4])
1520666958.834817 clock_gettime(CLOCK_BOOTTIME, {30607, 66750495}) = 0
1520666958.834832 read(4, "\244\240l,4hbj\355\323)\252\353\v\236\324\26+pB\200\227\242cf\362\25W\324\270\205\343"..., 8192) = 48
1520666958.834853 clock_gettime(CLOCK_BOOTTIME, {30607, 66784457}) = 0
1520666958.834863 clock_gettime(CLOCK_BOOTTIME, {30607, 66794279}) = 0
1520666958.834873 select(8, [4 5], [6], NULL, NULL) = 1 (out [6])
1520666958.834888 clock_gettime(CLOCK_BOOTTIME, {30607, 66819677}) = 0
1520666958.834898 write(6, "\7", 1)     = 1
1520666958.834913 clock_gettime(CLOCK_BOOTTIME, {30607, 66844125}) = 0
1520666958.834922 clock_gettime(CLOCK_BOOTTIME, {30607, 66853562}) = 0
1520666958.834932 select(8, [4 5], [], NULL, NULL) = 1 (in [5])
1520666959.215712 clock_gettime(CLOCK_BOOTTIME, {30607, 447646680}) = 0
1520666959.215730 read(5, "\r", 16384)  = 1
1520666959.215758 clock_gettime(CLOCK_BOOTTIME, {30607, 447689961}) = 0
1520666959.215769 clock_gettime(CLOCK_BOOTTIME, {30607, 447700147}) = 0
1520666959.215779 select(8, [4 5], [4], NULL, NULL) = 1 (out [4])
1520666959.215795 clock_gettime(CLOCK_BOOTTIME, {30607, 447726685}) = 0
1520666959.215806 write(4, "H}\20+\24Q\347\r\214\306\304\333 \253\213\3bx\332&\374\0373Q\212\220\236F\207Y\340F"..., 48) = 48
1520666959.215882 clock_gettime(CLOCK_BOOTTIME, {30607, 447813407}) = 0
1520666959.215894 clock_gettime(CLOCK_BOOTTIME, {30607, 447825350}) = 0
1520666959.215904 select(8, [4 5], [], NULL, NULL) = 1 (in [4])
1520666959.217691 clock_gettime(CLOCK_BOOTTIME, {30607, 449624041}) = 0
1520666959.217705 read(4, "\324\25\335F\363\243\375\34\37!\356\0357 \323lfJ\263e=P\213\302X\366\227 mDM["..., 8192) = 176
1520666959.217727 clock_gettime(CLOCK_BOOTTIME, {30607, 449658648}) = 0
1520666959.217737 clock_gettime(CLOCK_BOOTTIME, {30607, 449668458}) = 0
1520666959.217747 select(8, [4 5], [6], NULL, NULL) = 1 (out [6])
1520666959.217762 clock_gettime(CLOCK_BOOTTIME, {30607, 449693252}) = 0
1520666959.217772 write(6, "\r\n-bash: .: filename argument re"..., 137) = 137
1520666959.217786 clock_gettime(CLOCK_BOOTTIME, {30607, 449717372}) = 0
1520666959.217795 clock_gettime(CLOCK_BOOTTIME, {30607, 449726786}) = 0
1520666959.217805 select(8, [4 5], [], NULL, NULL) = 1 (in [5])
1520666959.894091 clock_gettime(CLOCK_BOOTTIME, {30608, 126027862}) = 0
1520666959.894116 read(5, "\4", 16384)  = 1
1520666959.894156 clock_gettime(CLOCK_BOOTTIME, {30608, 126089955}) = 0
1520666959.894173 clock_gettime(CLOCK_BOOTTIME, {30608, 126106219}) = 0
1520666959.894190 select(8, [4 5], [4], NULL, NULL) = 1 (out [4])
1520666959.894213 clock_gettime(CLOCK_BOOTTIME, {30608, 126146556}) = 0
1520666959.894230 write(4, "Fi\321\325\307\210\10x\4\334!3\242\305\316eb\3568\201\267\355\r\32\r\263\203W\233\270\312\16"..., 48) = 48
1520666959.894348 clock_gettime(CLOCK_BOOTTIME, {30608, 126284593}) = 0
1520666959.894387 clock_gettime(CLOCK_BOOTTIME, {30608, 126320939}) = 0
1520666959.894405 select(8, [4 5], [], NULL, NULL) = 1 (in [4])
1520666959.897911 clock_gettime(CLOCK_BOOTTIME, {30608, 129849988}) = 0
1520666959.897947 read(4, "\211Rm\277\5\5g\343\322x\316\355\253\273\307\262;\3434h\314\275.7\320\236\365f\374nH\325"..., 8192) = 240
1520666959.898013 close(5)              = 0
1520666959.898042 clock_gettime(CLOCK_BOOTTIME, {30608, 129976981}) = 0
1520666959.898062 clock_gettime(CLOCK_BOOTTIME, {30608, 129995723}) = 0
1520666959.898080 select(8, [4], [6], NULL, NULL) = 1 (out [6])
1520666959.898109 clock_gettime(CLOCK_BOOTTIME, {30608, 130042932}) = 0
1520666959.898124 write(6, "logout\r\n", 8) = 8
1520666959.898141 clock_gettime(CLOCK_BOOTTIME, {30608, 130072376}) = 0
1520666959.898150 clock_gettime(CLOCK_BOOTTIME, {30608, 130081801}) = 0
1520666959.898160 close(6)              = 0
1520666959.898170 ioctl(0, SNDCTL_TMR_STOP or TCSETSW, {B38400 opost isig icanon echo ...}) = 0
1520666959.898214 close(7)              = 0
1520666959.898232 select(8, [4], [4], NULL, NULL) = 1 (out [4])
1520666959.898246 clock_gettime(CLOCK_BOOTTIME, {30608, 130177624}) = 0
1520666959.898256 write(4, "\242tZ\260\330\333f\345\214\325\330DV\324'\300\223\2Z=\6%\277\334\230P\353+\36u\3327", 32) = 32
1520666959.898347 rt_sigaction(SIGWINCH, NULL, {0x7fa802318500, [], SA_RESTORER, 0x7fa7ffaf1250}, 8) = 0
1520666959.898362 rt_sigaction(SIGWINCH, {SIG_DFL, [], SA_RESTORER, 0x7fa7ffaf1250}, NULL, 8) = 0
1520666959.898376 write(4, "+\300\365Et-\321p2\203A\3214\32\243w\267\27g\260Te\26\204\233\273\376\t\360\301\3307"..., 64) = 64
1520666959.898438 ioctl(0, TCGETS, {B38400 opost isig icanon echo ...}) = 0
1520666959.898454 ioctl(1, TCGETS, {B38400 opost isig icanon echo ...}) = 0
1520666959.898464 ioctl(2, TCGETS, {B38400 opost isig icanon echo ...}) = 0
1520666959.898476 write(2, "Connection to 192.168.122.10 clo"..., 38) = 38
1520666959.898496 shutdown(4, SHUT_RDWR) = 0
1520666959.898540 close(4)              = 0
1520666959.898710 exit_group(2)         = ?
1520666959.899200 +++ exited with 2 +++
