1520664268.134482 select(5, [4], NULL, NULL, NULL) = 1 (in [4])
1520664268.166115 read(4, "\363\345\177\274#\343\niPo3\221\366\330\301\244\374\2473\4\240Lg\\\260Q\374{\327\221\27\205"..., 8192) = 48
1520664268.166162 write(4, ".\201\331\272\35\262\v\243z\260\204\1}\267\362\25D8\327g\240\201\34\317\304\3\367\326\354s\274h"..., 64) = 64
1520664268.166220 select(5, [4], NULL, NULL, NULL) = 1 (in [4])
1520664268.168356 read(4, "\0*+(\262\323~wuV@\325\327\224+<\232\261\36t\321\30-^\224n\256T\6\361}k"..., 8192) = 80
1520664268.168404 futex(0x7f14e95e2510, FUTEX_WAKE_PRIVATE, 2147483647) = 0
1520664268.168445 futex(0x7f14e95e23b0, FUTEX_WAKE_PRIVATE, 2147483647) = 0
1520664268.168471 futex(0x7f14ebbadfa0, FUTEX_WAKE_PRIVATE, 2147483647) = 0
1520664268.168486 lstat("/etc/gss/mech", 0x7ffc610918b0) = -1 ENOENT (No such file or directory)
1520664268.168530 openat(AT_FDCWD, "/etc/gss/mech.d", O_RDONLY|O_NONBLOCK|O_DIRECTORY|O_CLOEXEC) = 5
1520664268.168557 getdents(5, /* 2 entries */, 32768) = 48
1520664268.168580 getdents(5, /* 0 entries */, 32768) = 0
1520664268.168590 close(5)              = 0
1520664268.168684 futex(0x7f14eb95f440, FUTEX_WAKE_PRIVATE, 2147483647) = 0
1520664268.168722 futex(0x7f14eb9605d0, FUTEX_WAKE_PRIVATE, 2147483647) = 0
1520664268.168757 stat("/etc/krb5.conf", {st_mode=S_IFREG|0644, st_size=590, ...}) = 0
1520664268.168787 open("/etc/krb5.conf", O_RDONLY) = 5
1520664268.168803 fcntl(5, F_SETFD, FD_CLOEXEC) = 0
1520664268.168823 fstat(5, {st_mode=S_IFREG|0644, st_size=590, ...}) = 0
1520664268.168834 mmap(NULL, 4096, PROT_READ|PROT_WRITE, MAP_PRIVATE|MAP_ANONYMOUS, -1, 0) = 0x7f14ed6c9000
1520664268.168852 read(5, "# Configuration snippets may be "..., 4096) = 590
1520664268.168871 openat(AT_FDCWD, "/etc/krb5.conf.d/", O_RDONLY|O_NONBLOCK|O_DIRECTORY|O_CLOEXEC) = 6
1520664268.168887 getdents(6, /* 2 entries */, 32768) = 48
1520664268.168898 getdents(6, /* 0 entries */, 32768) = 0
1520664268.168909 close(6)              = 0
1520664268.168928 read(5, "", 4096)     = 0
1520664268.168940 close(5)              = 0
1520664268.168952 munmap(0x7f14ed6c9000, 4096) = 0
1520664268.168988 open("/dev/urandom", O_RDONLY) = 5
1520664268.169008 fcntl(5, F_SETFD, FD_CLOEXEC) = 0
1520664268.169019 fstat(5, {st_mode=S_IFCHR|0666, st_rdev=makedev(1, 9), ...}) = 0
1520664268.169032 read(5, "\222\367\267\276\0326\347\344\33\273\37{*w?\v`\225z\334\321\204\205\211:\20(}%\203\247\362"..., 64) = 64
1520664268.169051 close(5)              = 0
1520664268.169085 open("/dev/urandom", O_RDONLY) = 5
1520664268.169097 fcntl(5, F_SETFD, FD_CLOEXEC) = 0
1520664268.169106 fstat(5, {st_mode=S_IFCHR|0666, st_rdev=makedev(1, 9), ...}) = 0
1520664268.169116 read(5, "\221\263\254\25\256\377\"\246\n\316\306\216\322\222Y\255sy\374>f\23\235&\6bWN\nL\34\343"..., 64) = 64
1520664268.169131 close(5)              = 0
1520664268.169149 futex(0x7f14eb6782e0, FUTEX_WAKE_PRIVATE, 2147483647) = 0
1520664268.169299 stat("/etc/krb5.conf", {st_mode=S_IFREG|0644, st_size=590, ...}) = 0
1520664268.169321 open("/etc/krb5.conf", O_RDONLY) = 5
1520664268.169333 fcntl(5, F_SETFD, FD_CLOEXEC) = 0
1520664268.169345 fstat(5, {st_mode=S_IFREG|0644, st_size=590, ...}) = 0
1520664268.169355 mmap(NULL, 4096, PROT_READ|PROT_WRITE, MAP_PRIVATE|MAP_ANONYMOUS, -1, 0) = 0x7f14ed6c9000
1520664268.169367 read(5, "# Configuration snippets may be "..., 4096) = 590
1520664268.169381 openat(AT_FDCWD, "/etc/krb5.conf.d/", O_RDONLY|O_NONBLOCK|O_DIRECTORY|O_CLOEXEC) = 6
1520664268.169394 getdents(6, /* 2 entries */, 32768) = 48
1520664268.169405 getdents(6, /* 0 entries */, 32768) = 0
1520664268.169414 close(6)              = 0
1520664268.169431 read(5, "", 4096)     = 0
1520664268.169441 close(5)              = 0
1520664268.169451 munmap(0x7f14ed6c9000, 4096) = 0
1520664268.169470 open("/dev/urandom", O_RDONLY) = 5
1520664268.169484 fcntl(5, F_SETFD, FD_CLOEXEC) = 0
1520664268.169493 fstat(5, {st_mode=S_IFCHR|0666, st_rdev=makedev(1, 9), ...}) = 0
1520664268.169504 read(5, "\312\r\265i\3100\325\254bmy\355\214\207;\210S\263?\320\367/G.\212h\245\364\366\236e\344"..., 64) = 64
1520664268.169519 close(5)              = 0
1520664268.169554 access("/etc/krb5.conf", R_OK) = 0
1520664268.169570 stat("/etc/krb5.conf", {st_mode=S_IFREG|0644, st_size=590, ...}) = 0
1520664268.169584 open("/dev/urandom", O_RDONLY) = 5
1520664268.169595 fcntl(5, F_SETFD, FD_CLOEXEC) = 0
1520664268.169604 fstat(5, {st_mode=S_IFCHR|0666, st_rdev=makedev(1, 9), ...}) = 0
1520664268.169614 read(5, "\375:\264\2413{k\360\225\347\365\330k\361\f\222\253a+5\367>?\344\17\247!{\263\215'7"..., 64) = 64
1520664268.169643 close(5)              = 0
1520664268.169669 stat("/etc/sysconfig/64bit_strstr_via_64bit_strstr_sse2_unaligned", 0x7ffc61091160) = -1 ENOENT (No such file or directory)
1520664268.169691 geteuid()             = 1002
1520664268.169719 open("/var/kerberos/krb5/user/1002/client.keytab", O_RDONLY) = -1 ENOENT (No such file or directory)
1520664268.169753 getuid()              = 1002
1520664268.169778 keyctl(KEYCTL_GET_PERSISTENT, 1002, KEY_SPEC_PROCESS_KEYRING) = 4503583
1520664268.169804 keyctl(KEYCTL_SEARCH, 4503583, "keyring", "_krb", KEY_SPEC_PROCESS_KEYRING) = 805520795
1520664268.169819 keyctl(KEYCTL_SEARCH, 805520795, "user", "krb_ccache:primary", 0) = 444782918
1520664268.169833 keyctl(KEYCTL_READ, 444782918, NULL, 0) = 12
1520664268.169845 keyctl(KEYCTL_READ, 444782918, "", 12) = 12
1520664268.169856 keyctl(KEYCTL_READ, 805520795, NULL, 0) = 4
1520664268.169866 keyctl(KEYCTL_READ, 805520795, "F\331\202\32", 4) = 4
1520664268.169875 keyctl(KEYCTL_SEARCH, 805520795, "keyring", "1002", 0) = -1 ENOKEY (Required key not available)
1520664268.169891 keyctl(KEYCTL_DESCRIBE, 444782918, NULL, 0) = 43
1520664268.169902 keyctl(KEYCTL_DESCRIBE, 444782918, "user;1002;1002;3f010000;krb_ccac"..., 43) = 43
1520664268.169939 stat("/etc/krb5.conf", {st_mode=S_IFREG|0644, st_size=590, ...}) = 0
1520664268.169954 open("/etc/krb5.conf", O_RDONLY) = 5
1520664268.169966 fcntl(5, F_SETFD, FD_CLOEXEC) = 0
1520664268.169977 fstat(5, {st_mode=S_IFREG|0644, st_size=590, ...}) = 0
1520664268.169987 mmap(NULL, 4096, PROT_READ|PROT_WRITE, MAP_PRIVATE|MAP_ANONYMOUS, -1, 0) = 0x7f14ed6c9000
1520664268.169999 read(5, "# Configuration snippets may be "..., 4096) = 590
1520664268.170013 openat(AT_FDCWD, "/etc/krb5.conf.d/", O_RDONLY|O_NONBLOCK|O_DIRECTORY|O_CLOEXEC) = 6
1520664268.170025 getdents(6, /* 2 entries */, 32768) = 48
1520664268.170036 getdents(6, /* 0 entries */, 32768) = 0
1520664268.170045 close(6)              = 0
1520664268.170062 read(5, "", 4096)     = 0
1520664268.170072 close(5)              = 0
1520664268.170082 munmap(0x7f14ed6c9000, 4096) = 0
1520664268.170101 open("/dev/urandom", O_RDONLY) = 5
1520664268.170115 fcntl(5, F_SETFD, FD_CLOEXEC) = 0
1520664268.170124 fstat(5, {st_mode=S_IFCHR|0666, st_rdev=makedev(1, 9), ...}) = 0
1520664268.170134 read(5, "H\257\203\356$\f!\"\236\213\227\326\215\377a\237\242\305\7\230\0369\316c\253V\362\260\252>\323\306"..., 64) = 64
1520664268.170150 close(5)              = 0
1520664268.170185 stat("/etc/krb5.conf", {st_mode=S_IFREG|0644, st_size=590, ...}) = 0
1520664268.170200 open("/etc/krb5.conf", O_RDONLY) = 5
1520664268.170212 fcntl(5, F_SETFD, FD_CLOEXEC) = 0
1520664268.170222 fstat(5, {st_mode=S_IFREG|0644, st_size=590, ...}) = 0
1520664268.170232 mmap(NULL, 4096, PROT_READ|PROT_WRITE, MAP_PRIVATE|MAP_ANONYMOUS, -1, 0) = 0x7f14ed6c9000
1520664268.170244 read(5, "# Configuration snippets may be "..., 4096) = 590
1520664268.170257 openat(AT_FDCWD, "/etc/krb5.conf.d/", O_RDONLY|O_NONBLOCK|O_DIRECTORY|O_CLOEXEC) = 6
1520664268.170269 getdents(6, /* 2 entries */, 32768) = 48
1520664268.170280 getdents(6, /* 0 entries */, 32768) = 0
1520664268.170289 close(6)              = 0
1520664268.170304 read(5, "", 4096)     = 0
1520664268.170314 close(5)              = 0
1520664268.170324 munmap(0x7f14ed6c9000, 4096) = 0
1520664268.170342 open("/dev/urandom", O_RDONLY) = 5
1520664268.170357 fcntl(5, F_SETFD, FD_CLOEXEC) = 0
1520664268.170366 fstat(5, {st_mode=S_IFCHR|0666, st_rdev=makedev(1, 9), ...}) = 0
1520664268.170376 read(5, "\6\0264\331\36\277N\17Ge\222\233h\3514\n \365*\266\333\355tw@A\343\n\215X}\0"..., 64) = 64
1520664268.170396 close(5)              = 0
1520664268.170426 stat("/etc/krb5.conf", {st_mode=S_IFREG|0644, st_size=590, ...}) = 0
1520664268.170441 open("/etc/krb5.conf", O_RDONLY) = 5
1520664268.170452 fcntl(5, F_SETFD, FD_CLOEXEC) = 0
1520664268.170463 fstat(5, {st_mode=S_IFREG|0644, st_size=590, ...}) = 0
1520664268.170473 mmap(NULL, 4096, PROT_READ|PROT_WRITE, MAP_PRIVATE|MAP_ANONYMOUS, -1, 0) = 0x7f14ed6c9000
1520664268.170484 read(5, "# Configuration snippets may be "..., 4096) = 590
1520664268.170498 openat(AT_FDCWD, "/etc/krb5.conf.d/", O_RDONLY|O_NONBLOCK|O_DIRECTORY|O_CLOEXEC) = 6
1520664268.170510 getdents(6, /* 2 entries */, 32768) = 48
1520664268.170521 getdents(6, /* 0 entries */, 32768) = 0
1520664268.170530 close(6)              = 0
1520664268.170545 read(5, "", 4096)     = 0
1520664268.170555 close(5)              = 0
1520664268.170565 munmap(0x7f14ed6c9000, 4096) = 0
1520664268.170583 open("/dev/urandom", O_RDONLY) = 5
1520664268.170597 fcntl(5, F_SETFD, FD_CLOEXEC) = 0
1520664268.170606 fstat(5, {st_mode=S_IFCHR|0666, st_rdev=makedev(1, 9), ...}) = 0
1520664268.170639 read(5, "\250i\225B\225\306\303\r\r\240\"\364\370\376O\270E\362\2262\23\7\264]w=y\2308y\7\333"..., 64) = 64
1520664268.170661 close(5)              = 0
1520664268.170679 access("/etc/krb5.conf", R_OK) = 0
1520664268.170692 stat("/etc/krb5.conf", {st_mode=S_IFREG|0644, st_size=590, ...}) = 0
1520664268.170705 open("/dev/urandom", O_RDONLY) = 5
1520664268.170718 fcntl(5, F_SETFD, FD_CLOEXEC) = 0
1520664268.170727 fstat(5, {st_mode=S_IFCHR|0666, st_rdev=makedev(1, 9), ...}) = 0
1520664268.170737 read(5, "!\363\21\204\\AK\2045\260\20\334E\306)\241\341~\177\222*\0378*\364\226\274\204\334.\261\202"..., 64) = 64
1520664268.170752 close(5)              = 0
1520664268.170768 geteuid()             = 1002
1520664268.170781 open("/var/kerberos/krb5/user/1002/client.keytab", O_RDONLY) = -1 ENOENT (No such file or directory)
1520664268.170802 getuid()              = 1002
1520664268.170814 keyctl(KEYCTL_GET_PERSISTENT, 1002, KEY_SPEC_PROCESS_KEYRING) = 4503583
1520664268.170827 keyctl(KEYCTL_SEARCH, 4503583, "keyring", "_krb", KEY_SPEC_PROCESS_KEYRING) = 805520795
1520664268.170841 keyctl(KEYCTL_SEARCH, 805520795, "user", "krb_ccache:primary", 0) = 444782918
1520664268.170852 keyctl(KEYCTL_READ, 444782918, NULL, 0) = 12
1520664268.170862 keyctl(KEYCTL_READ, 444782918, "", 12) = 12
1520664268.170872 keyctl(KEYCTL_READ, 805520795, NULL, 0) = 4
1520664268.170881 keyctl(KEYCTL_READ, 805520795, "F\331\202\32", 4) = 4
1520664268.170891 keyctl(KEYCTL_SEARCH, 805520795, "keyring", "1002", 0) = -1 ENOKEY (Required key not available)
1520664268.170902 keyctl(KEYCTL_DESCRIBE, 444782918, NULL, 0) = 43
1520664268.170913 keyctl(KEYCTL_DESCRIBE, 444782918, "user;1002;1002;3f010000;krb_ccac"..., 43) = 43
1520664268.170934 access("/etc/krb5.conf", R_OK) = 0
1520664268.170946 stat("/etc/krb5.conf", {st_mode=S_IFREG|0644, st_size=590, ...}) = 0
1520664268.170960 open("/dev/urandom", O_RDONLY) = 5
1520664268.170972 fcntl(5, F_SETFD, FD_CLOEXEC) = 0
1520664268.170981 fstat(5, {st_mode=S_IFCHR|0666, st_rdev=makedev(1, 9), ...}) = 0
1520664268.170991 read(5, "\344^\225\2131e\3518[\251\357Z\360\233tn\316\1\364\257\230U\205\225\336\\\346vC\314-\356"..., 64) = 64
1520664268.171006 close(5)              = 0
1520664268.171034 stat("/etc/krb5.conf", {st_mode=S_IFREG|0644, st_size=590, ...}) = 0
1520664268.171048 open("/etc/krb5.conf", O_RDONLY) = 5
1520664268.171060 fcntl(5, F_SETFD, FD_CLOEXEC) = 0
1520664268.171070 fstat(5, {st_mode=S_IFREG|0644, st_size=590, ...}) = 0
1520664268.171080 mmap(NULL, 4096, PROT_READ|PROT_WRITE, MAP_PRIVATE|MAP_ANONYMOUS, -1, 0) = 0x7f14ed6c9000
1520664268.171092 read(5, "# Configuration snippets may be "..., 4096) = 590
1520664268.171106 openat(AT_FDCWD, "/etc/krb5.conf.d/", O_RDONLY|O_NONBLOCK|O_DIRECTORY|O_CLOEXEC) = 6
1520664268.171137 getdents(6, /* 2 entries */, 32768) = 48
1520664268.171151 getdents(6, /* 0 entries */, 32768) = 0
1520664268.171161 close(6)              = 0
1520664268.171177 read(5, "", 4096)     = 0
1520664268.171188 close(5)              = 0
1520664268.171202 munmap(0x7f14ed6c9000, 4096) = 0
1520664268.171221 open("/dev/urandom", O_RDONLY) = 5
1520664268.171235 fcntl(5, F_SETFD, FD_CLOEXEC) = 0
1520664268.171244 fstat(5, {st_mode=S_IFCHR|0666, st_rdev=makedev(1, 9), ...}) = 0
1520664268.171255 read(5, "\03272#\350\221\213G\331\215\363w\v\312 d\365{\4\227,\26\337\253\274\f\354&p\230(x"..., 64) = 64
1520664268.171270 close(5)              = 0
1520664268.171295 stat("/home/Jacob/.ssh/id_rsa", 0x7ffc61091930) = -1 ENOENT (No such file or directory)
1520664268.171312 stat("/home/Jacob/.ssh/id_dsa", 0x7ffc61091930) = -1 ENOENT (No such file or directory)
1520664268.171324 stat("/home/Jacob/.ssh/id_ecdsa", 0x7ffc61091930) = -1 ENOENT (No such file or directory)
1520664268.171336 stat("/home/Jacob/.ssh/id_ed25519", 0x7ffc61091930) = -1 ENOENT (No such file or directory)
1520664268.171352 open("/dev/tty", O_RDWR) = 5
1520664268.171367 close(5)              = 0
1520664268.171377 open("/dev/tty", O_RDWR) = 5
1520664268.171389 rt_sigaction(SIGALRM, {0x7f14ed72a790, [], SA_RESTORER, 0x7f14eaeb8250}, {SIG_DFL, [], 0}, 8) = 0
1520664268.171405 rt_sigaction(SIGHUP, {0x7f14ed72a790, [], SA_RESTORER, 0x7f14eaeb8250}, {SIG_DFL, [], 0}, 8) = 0
1520664268.171415 rt_sigaction(SIGINT, {0x7f14ed72a790, [], SA_RESTORER, 0x7f14eaeb8250}, {SIG_DFL, [], 0}, 8) = 0
1520664268.171425 rt_sigaction(SIGPIPE, {0x7f14ed72a790, [], SA_RESTORER, 0x7f14eaeb8250}, {SIG_IGN, [], SA_RESTORER, 0x7f14eaeb8250}, 8) = 0
1520664268.171435 rt_sigaction(SIGQUIT, {0x7f14ed72a790, [], SA_RESTORER, 0x7f14eaeb8250}, {SIG_DFL, [], 0}, 8) = 0
1520664268.171444 rt_sigaction(SIGTERM, {0x7f14ed72a790, [], SA_RESTORER, 0x7f14eaeb8250}, {SIG_DFL, [], 0}, 8) = 0
1520664268.171454 rt_sigaction(SIGTSTP, {0x7f14ed72a790, [], SA_RESTORER, 0x7f14eaeb8250}, {SIG_DFL, [], 0}, 8) = 0
1520664268.171464 rt_sigaction(SIGTTIN, {0x7f14ed72a790, [], SA_RESTORER, 0x7f14eaeb8250}, {SIG_DFL, [], 0}, 8) = 0
1520664268.171473 rt_sigaction(SIGTTOU, {0x7f14ed72a790, [], SA_RESTORER, 0x7f14eaeb8250}, {SIG_DFL, [], 0}, 8) = 0
1520664268.171483 ioctl(5, TCGETS, {B38400 opost isig icanon echo ...}) = 0
1520664268.171504 ioctl(5, SNDCTL_TMR_CONTINUE or TCSETSF, {B38400 opost isig icanon -echo ...}) = 0
1520664268.171516 write(5, "root@192.168.122.10's password: ", 32) = 32
1520664268.171530 read(5, "h", 1)       = 1
1520664268.171568 read(5, "a", 1)       = 1
1520664268.171578 read(5, "d", 1)       = 1
1520664268.171588 read(5, "o", 1)       = 1
1520664268.171597 read(5, "o", 1)       = 1
1520664268.171607 read(5, "p", 1)       = 1
1520664268.171627 read(5, "\n", 1)      = 1
1520664268.171640 write(5, "\n", 1)     = 1
1520664268.171651 ioctl(5, SNDCTL_TMR_CONTINUE or TCSETSF, {B38400 opost isig icanon echo ...}) = 0
1520664268.171662 rt_sigaction(SIGALRM, {SIG_DFL, [], SA_RESTORER, 0x7f14eaeb8250}, NULL, 8) = 0
1520664268.171672 rt_sigaction(SIGHUP, {SIG_DFL, [], SA_RESTORER, 0x7f14eaeb8250}, NULL, 8) = 0
1520664268.171682 rt_sigaction(SIGINT, {SIG_DFL, [], SA_RESTORER, 0x7f14eaeb8250}, NULL, 8) = 0
1520664268.171691 rt_sigaction(SIGQUIT, {SIG_DFL, [], SA_RESTORER, 0x7f14eaeb8250}, NULL, 8) = 0
1520664268.171700 rt_sigaction(SIGPIPE, {SIG_IGN, [], SA_RESTORER, 0x7f14eaeb8250}, NULL, 8) = 0
1520664268.171710 rt_sigaction(SIGTERM, {SIG_DFL, [], SA_RESTORER, 0x7f14eaeb8250}, NULL, 8) = 0
1520664268.171719 rt_sigaction(SIGTSTP, {SIG_DFL, [], SA_RESTORER, 0x7f14eaeb8250}, NULL, 8) = 0
1520664268.171728 rt_sigaction(SIGTTIN, {SIG_DFL, [], SA_RESTORER, 0x7f14eaeb8250}, NULL, 8) = 0
1520664268.171737 rt_sigaction(SIGTTOU, {SIG_DFL, [], SA_RESTORER, 0x7f14eaeb8250}, NULL, 8) = 0
1520664268.171746 close(5)              = 0
1520664268.171763 write(4, "\260\240\227\247\f\360\267K\367 \3400\200\262'T\212\304A\237\3\323\nJYY\3\225\324o>\267"..., 144) = 144
1520664268.171824 select(5, [4], NULL, NULL, NULL) = 1 (in [4])
1520664268.179656 read(4, "\273\th\355\6\205x\371\227KQ\325]\"#\272)\270\314\243\31\213}56\264t\225\353JC\242", 8192) = 32
1520664268.179683 getpeername(4, {sa_family=AF_INET, sin_port=htons(22), sin_addr=inet_addr("192.168.122.10")}, [16]) = 0
1520664268.179726 dup(0)                = 5
1520664268.179736 dup(1)                = 6
1520664268.179745 dup(2)                = 7
1520664268.179753 ioctl(5, TCGETS, {B38400 opost isig icanon echo ...}) = 0
1520664268.179767 ioctl(6, TCGETS, {B38400 opost isig icanon echo ...}) = 0
1520664268.179777 ioctl(7, TCGETS, {B38400 opost isig icanon echo ...}) = 0
1520664268.179791 fcntl(5, F_SETFD, FD_CLOEXEC) = 0
1520664268.179801 fcntl(6, F_SETFD, FD_CLOEXEC) = 0
1520664268.179810 fcntl(7, F_SETFD, FD_CLOEXEC) = 0
1520664268.179828 rt_sigaction(SIGHUP, NULL, {SIG_DFL, [], SA_RESTORER, 0x7f14eaeb8250}, 8) = 0
1520664268.179841 rt_sigaction(SIGHUP, {SIG_IGN, [], SA_RESTORER, 0x7f14eaeb8250}, NULL, 8) = 0
1520664268.179850 rt_sigaction(SIGHUP, NULL, {SIG_IGN, [], SA_RESTORER, 0x7f14eaeb8250}, 8) = 0
1520664268.179860 rt_sigaction(SIGHUP, {0x7f14ed6df280, [], SA_RESTORER, 0x7f14eaeb8250}, NULL, 8) = 0
1520664268.179869 rt_sigaction(SIGINT, NULL, {SIG_DFL, [], SA_RESTORER, 0x7f14eaeb8250}, 8) = 0
1520664268.179878 rt_sigaction(SIGINT, {SIG_IGN, [], SA_RESTORER, 0x7f14eaeb8250}, NULL, 8) = 0
1520664268.179888 rt_sigaction(SIGINT, NULL, {SIG_IGN, [], SA_RESTORER, 0x7f14eaeb8250}, 8) = 0
1520664268.179897 rt_sigaction(SIGINT, {0x7f14ed6df280, [], SA_RESTORER, 0x7f14eaeb8250}, NULL, 8) = 0
1520664268.179906 rt_sigaction(SIGQUIT, NULL, {SIG_DFL, [], SA_RESTORER, 0x7f14eaeb8250}, 8) = 0
1520664268.179915 rt_sigaction(SIGQUIT, {SIG_IGN, [], SA_RESTORER, 0x7f14eaeb8250}, NULL, 8) = 0
1520664268.179925 rt_sigaction(SIGQUIT, NULL, {SIG_IGN, [], SA_RESTORER, 0x7f14eaeb8250}, 8) = 0
1520664268.179934 rt_sigaction(SIGQUIT, {0x7f14ed6df280, [], SA_RESTORER, 0x7f14eaeb8250}, NULL, 8) = 0
1520664268.179943 rt_sigaction(SIGTERM, NULL, {SIG_DFL, [], SA_RESTORER, 0x7f14eaeb8250}, 8) = 0
1520664268.179952 rt_sigaction(SIGTERM, {SIG_IGN, [], SA_RESTORER, 0x7f14eaeb8250}, NULL, 8) = 0
1520664268.179961 rt_sigaction(SIGTERM, NULL, {SIG_IGN, [], SA_RESTORER, 0x7f14eaeb8250}, 8) = 0
1520664268.179971 rt_sigaction(SIGTERM, {0x7f14ed6df280, [], SA_RESTORER, 0x7f14eaeb8250}, NULL, 8) = 0
1520664268.179980 rt_sigaction(SIGWINCH, NULL, {SIG_DFL, [], 0}, 8) = 0
1520664268.179989 rt_sigaction(SIGWINCH, {0x7f14ed6df500, [], SA_RESTORER, 0x7f14eaeb8250}, NULL, 8) = 0
1520664268.179999 ioctl(0, TCGETS, {B38400 opost isig icanon echo ...}) = 0
1520664268.180009 ioctl(0, SNDCTL_TMR_STOP or TCSETSW, {B38400 -opost -isig -icanon -echo ...}) = 0
1520664268.180022 clock_gettime(CLOCK_BOOTTIME, {27916, 411954453}) = 0
1520664268.180033 clock_gettime(CLOCK_BOOTTIME, {27916, 411964948}) = 0
1520664268.180044 select(8, [4], [4], NULL, NULL) = 1 (out [4])
1520664268.180058 clock_gettime(CLOCK_BOOTTIME, {27916, 411989092}) = 0
1520664268.180068 write(4, "5\31\370\223\356&\221=\24\322/bD\363\351\326\225\nc\351\6}g\237\222\n\352\332@\247\244\r"..., 128) = 128
1520664268.180138 clock_gettime(CLOCK_BOOTTIME, {27916, 412070318}) = 0
1520664268.180149 clock_gettime(CLOCK_BOOTTIME, {27916, 412080798}) = 0
1520664268.180159 select(8, [4], [], NULL, NULL) = 1 (in [4])
1520664268.279013 clock_gettime(CLOCK_BOOTTIME, {27916, 510947498}) = 0
1520664268.279030 read(4, "\201\35\212\353@Y\372\23gy3a\2479\25\2574\327\354\227\247\327\202\304\275\366\327\277\233\337^\212"..., 8192) = 48
1520664268.279057 getsockopt(4, SOL_TCP, TCP_NODELAY, [0], [4]) = 0
1520664268.279070 setsockopt(4, SOL_TCP, TCP_NODELAY, [1], 4) = 0
1520664268.279081 getsockname(4, {sa_family=AF_INET, sin_port=htons(40472), sin_addr=inet_addr("192.168.122.20")}, [16]) = 0
1520664268.279094 setsockopt(4, SOL_IP, IP_TOS, [16], 4) = 0
1520664268.279110 ioctl(0, TIOCGWINSZ, {ws_row=30, ws_col=179, ws_xpixel=0, ws_ypixel=0}) = 0
1520664268.279146 clock_gettime(CLOCK_BOOTTIME, {27916, 511078556}) = 0
1520664268.279157 clock_gettime(CLOCK_BOOTTIME, {27916, 511088498}) = 0
1520664268.279167 select(8, [4], [4], NULL, NULL) = 1 (out [4])
1520664268.279181 clock_gettime(CLOCK_BOOTTIME, {27916, 511112062}) = 0
1520664268.279193 write(4, "r\3531\206\320x7\313.\23j\340\246\224\354\252\312\1\254\2424\226\t\351R\214\224\256h\375T\233"..., 448) = 448
1520664268.279275 clock_gettime(CLOCK_BOOTTIME, {27916, 511206837}) = 0
1520664268.279286 clock_gettime(CLOCK_BOOTTIME, {27916, 511217334}) = 0
1520664268.279296 select(8, [4], [], NULL, NULL) = 1 (in [4])
1520664268.282736 clock_gettime(CLOCK_BOOTTIME, {27916, 514669150}) = 0
1520664268.282750 read(4, "\21\361i=\225\r\355\307\3031\310\226\30>{{\223\6\254\236,G\321XO5\0YAJ\17\351"..., 8192) = 112
1520664268.282770 clock_gettime(CLOCK_BOOTTIME, {27916, 514701535}) = 0
1520664268.282780 clock_gettime(CLOCK_BOOTTIME, {27916, 514711248}) = 0
1520664268.282790 select(8, [4 5], [], NULL, NULL) = 1 (in [4])
1520664268.285704 clock_gettime(CLOCK_BOOTTIME, {27916, 517636609}) = 0
1520664268.285717 read(4, "~\355\231pcT\360\256\350\332SR>`\212\326Wq\221\5\374\255o\1c\372\210k\211\225\252\6"..., 8192) = 96
1520664268.285773 clock_gettime(CLOCK_BOOTTIME, {27916, 517705530}) = 0
1520664268.285784 clock_gettime(CLOCK_BOOTTIME, {27916, 517715543}) = 0
1520664268.285794 select(8, [4 5], [6], NULL, NULL) = 1 (out [6])
1520664268.285809 clock_gettime(CLOCK_BOOTTIME, {27916, 517740854}) = 0
1520664268.285819 write(6, "Last login: Sat Mar 10 03:58:48 "..., 59) = 59
1520664268.285834 clock_gettime(CLOCK_BOOTTIME, {27916, 517765711}) = 0
1520664268.285844 clock_gettime(CLOCK_BOOTTIME, {27916, 517775056}) = 0
1520664268.285853 select(8, [4 5], [], NULL, NULL) = 1 (in [4])
1520664268.324219 clock_gettime(CLOCK_BOOTTIME, {27916, 556152830}) = 0
1520664268.324236 read(4, "\246\216\372\264K\251\211vu\3732.\4\277\214\233m\374\33\235\256\334\332\3575\0\2041\2621Y\245"..., 8192) = 112
1520664268.324263 clock_gettime(CLOCK_BOOTTIME, {27916, 556194527}) = 0
1520664268.324273 clock_gettime(CLOCK_BOOTTIME, {27916, 556204499}) = 0
1520664268.324283 select(8, [4 5], [6], NULL, NULL) = 1 (out [6])
1520664268.324299 clock_gettime(CLOCK_BOOTTIME, {27916, 556230202}) = 0
1520664268.324309 write(6, "\33]0;root@Breakering-server-00:~\7"..., 71) = 71
1520664268.324323 clock_gettime(CLOCK_BOOTTIME, {27916, 556254809}) = 0
1520664268.324333 clock_gettime(CLOCK_BOOTTIME, {27916, 556264183}) = 0
1520664268.324342 select(8, [4 5], [], NULL, NULL) = 1 (in [5])
1520664269.713532 clock_gettime(CLOCK_BOOTTIME, {27917, 945465455}) = 0
1520664269.713549 read(5, "\4", 16384)  = 1
1520664269.713587 clock_gettime(CLOCK_BOOTTIME, {27917, 945519308}) = 0
1520664269.713598 clock_gettime(CLOCK_BOOTTIME, {27917, 945529519}) = 0
1520664269.713609 select(8, [4 5], [4], NULL, NULL) = 1 (out [4])
1520664269.713624 clock_gettime(CLOCK_BOOTTIME, {27917, 945555549}) = 0
1520664269.713635 write(4, "\4f\372\267\244=/a\261\204%q\26\322\6O\252\314}\245|\331\205\342\262\21\344\371y$\22\230"..., 48) = 48
1520664269.713718 clock_gettime(CLOCK_BOOTTIME, {27917, 945651502}) = 0
1520664269.713735 clock_gettime(CLOCK_BOOTTIME, {27917, 945667742}) = 0
1520664269.713750 select(8, [4 5], [], NULL, NULL) = 1 (in [4])
1520664269.715555 clock_gettime(CLOCK_BOOTTIME, {27917, 947488770}) = 0
1520664269.715572 read(4, "\1\22~o\220G^\241W\241\217[r\n\260v\261\373\16\240\2\6Xa\243\364\274/r\330>\\"..., 8192) = 80
1520664269.715601 clock_gettime(CLOCK_BOOTTIME, {27917, 947533889}) = 0
1520664269.715613 clock_gettime(CLOCK_BOOTTIME, {27917, 947544851}) = 0
1520664269.715624 select(8, [4 5], [6], NULL, NULL) = 1 (out [6])
1520664269.715639 clock_gettime(CLOCK_BOOTTIME, {27917, 947571035}) = 0
1520664269.715650 write(6, "logout\r\n", 8) = 8
1520664269.715665 clock_gettime(CLOCK_BOOTTIME, {27917, 947596547}) = 0
1520664269.715675 clock_gettime(CLOCK_BOOTTIME, {27917, 947606104}) = 0
1520664269.715685 close(6)              = 0
1520664269.715695 select(8, [4 5], [], NULL, NULL) = 1 (in [4])
1520664269.717960 clock_gettime(CLOCK_BOOTTIME, {27917, 949896033}) = 0
1520664269.717985 read(4, "\313\335\204B\230\272\274*d*-\3217\337h\5\36\233&'rTY\327\236\203&M\215\374*\235"..., 8192) = 160
1520664269.718025 close(5)              = 0
1520664269.718043 clock_gettime(CLOCK_BOOTTIME, {27917, 949976254}) = 0
1520664269.718056 clock_gettime(CLOCK_BOOTTIME, {27917, 949988719}) = 0
1520664269.718070 ioctl(0, SNDCTL_TMR_STOP or TCSETSW, {B38400 opost isig icanon echo ...}) = 0
1520664269.718134 close(7)              = 0
1520664269.718152 select(8, [4], [4], NULL, NULL) = 1 (out [4])
1520664269.718175 clock_gettime(CLOCK_BOOTTIME, {27917, 950108216}) = 0
1520664269.718188 write(4, "j\303L\244\237\225\16\224\26\365\24Op\23vpO\203}]\263\303$Y'^\307\276\335\321\352\3", 32) = 32
1520664269.718308 rt_sigaction(SIGWINCH, NULL, {0x7f14ed6df500, [], SA_RESTORER, 0x7f14eaeb8250}, 8) = 0
1520664269.718344 rt_sigaction(SIGWINCH, {SIG_DFL, [], SA_RESTORER, 0x7f14eaeb8250}, NULL, 8) = 0
1520664269.718369 write(4, "\241\203\274\360K\343\237a\315zw_\217\330\37>\21\352@\311\220_P{\367\353a\242\212M\231\343"..., 64) = 64
1520664269.718441 ioctl(0, TCGETS, {B38400 opost isig icanon echo ...}) = 0
1520664269.718464 ioctl(1, TCGETS, {B38400 opost isig icanon echo ...}) = 0
1520664269.718481 ioctl(2, TCGETS, {B38400 opost isig icanon echo ...}) = 0
1520664269.718501 write(2, "Connection to 192.168.122.10 clo"..., 38) = 38
1520664269.718533 shutdown(4, SHUT_RDWR) = 0
1520664269.718610 close(4)              = 0
1520664269.718819 exit_group(0)         = ?
1520664269.719459 +++ exited with 0 +++
