1520686348.997897 select(5, [4], NULL, NULL, NULL) = 1 (in [4])
1520686349.011529 read(4, "\0\0\3\274\n!\0\0\1\25\0\0\0\7ssh-rsa\0\0\0\1#\0\0\1\1\0\307"..., 8192) = 976
1520686349.011604 open("/home/Jacob/.ssh/known_hosts", O_RDONLY) = 5
1520686349.011665 fstat(5, {st_mode=S_IFREG|0644, st_size=396, ...}) = 0
1520686349.011685 mmap(NULL, 4096, PROT_READ|PROT_WRITE, MAP_PRIVATE|MAP_ANONYMOUS, -1, 0) = 0x7fbcce584000
1520686349.011706 read(5, "192.168.122.10 ssh-rsa AAAAB3Nza"..., 4096) = 396
1520686349.011737 read(5, "", 4096)     = 0
1520686349.011748 close(5)              = 0
1520686349.011759 munmap(0x7fbcce584000, 4096) = 0
1520686349.011782 open("/home/Jacob/.ssh/known_hosts2", O_RDONLY) = -1 ENOENT (No such file or directory)
1520686349.011806 open("/etc/ssh/ssh_known_hosts", O_RDONLY) = -1 ENOENT (No such file or directory)
1520686349.011820 open("/etc/ssh/ssh_known_hosts2", O_RDONLY) = -1 ENOENT (No such file or directory)
1520686349.013174 clock_gettime(CLOCK_BOOTTIME, {30955, 603902971}) = 0
1520686349.013195 write(4, "\0\0\0\f\n\25\0\0\0\0\0\0\0\0\0\0", 16) = 16
1520686349.013265 write(4, "\302\277\247p!\331\322/a\311\246\323\241\324\276B8\264q_\3\335\260\6\5\253\350\324\272\260\216\343"..., 48) = 48
1520686349.013280 select(5, [4], NULL, NULL, NULL) = 1 (in [4])
1520686349.053876 read(4, "\205\333\333\245N\267\222\v\334\252dh\374\r\256\24\360x\r\363\177\275\235\204\340U\374\321.b\31\333"..., 8192) = 48
1520686349.053914 write(4, "\364\301\32,\301\27\300\244t\376\347\243\tR\246\37\226\253\266g\3333Djc\373\0073\35\314\273/"..., 64) = 64
1520686349.053965 select(5, [4], NULL, NULL, NULL) = 1 (in [4])
1520686349.058161 read(4, "\6wb\32\266#s\330\335\324?\3615a\350J\201+\263\277\343\302j'\230\25-\242\17#\342A"..., 8192) = 80
1520686349.058227 futex(0x7fbcca49d510, FUTEX_WAKE_PRIVATE, 2147483647) = 0
1520686349.058286 futex(0x7fbcca49d3b0, FUTEX_WAKE_PRIVATE, 2147483647) = 0
1520686349.058327 futex(0x7fbccca68fa0, FUTEX_WAKE_PRIVATE, 2147483647) = 0
1520686349.058351 lstat("/etc/gss/mech", 0x7ffcb6e1a640) = -1 ENOENT (No such file or directory)
1520686349.058388 openat(AT_FDCWD, "/etc/gss/mech.d", O_RDONLY|O_NONBLOCK|O_DIRECTORY|O_CLOEXEC) = 5
1520686349.058421 getdents(5, /* 2 entries */, 32768) = 48
1520686349.058446 getdents(5, /* 0 entries */, 32768) = 0
1520686349.058462 close(5)              = 0
1520686349.058563 futex(0x7fbccc81a440, FUTEX_WAKE_PRIVATE, 2147483647) = 0
1520686349.058689 futex(0x7fbccc81b5d0, FUTEX_WAKE_PRIVATE, 2147483647) = 0
1520686349.058733 stat("/etc/krb5.conf", {st_mode=S_IFREG|0644, st_size=590, ...}) = 0
1520686349.058769 open("/etc/krb5.conf", O_RDONLY) = 5
1520686349.058796 fcntl(5, F_SETFD, FD_CLOEXEC) = 0
1520686349.058827 fstat(5, {st_mode=S_IFREG|0644, st_size=590, ...}) = 0
1520686349.058847 mmap(NULL, 4096, PROT_READ|PROT_WRITE, MAP_PRIVATE|MAP_ANONYMOUS, -1, 0) = 0x7fbcce584000
1520686349.058870 read(5, "# Configuration snippets may be "..., 4096) = 590
1520686349.058900 openat(AT_FDCWD, "/etc/krb5.conf.d/", O_RDONLY|O_NONBLOCK|O_DIRECTORY|O_CLOEXEC) = 6
1520686349.058928 getdents(6, /* 2 entries */, 32768) = 48
1520686349.058947 getdents(6, /* 0 entries */, 32768) = 0
1520686349.058965 close(6)              = 0
1520686349.058996 read(5, "", 4096)     = 0
1520686349.059018 close(5)              = 0
1520686349.059036 munmap(0x7fbcce584000, 4096) = 0
1520686349.059105 open("/dev/urandom", O_RDONLY) = 5
1520686349.059139 fcntl(5, F_SETFD, FD_CLOEXEC) = 0
1520686349.059157 fstat(5, {st_mode=S_IFCHR|0666, st_rdev=makedev(1, 9), ...}) = 0
1520686349.059180 read(5, "+x\16\323S\203%\4w\23Sj\302Q\327\257N\300^f=\307\345\314\273\273aS\316\253E\27"..., 64) = 64
1520686349.059212 close(5)              = 0
1520686349.059266 open("/dev/urandom", O_RDONLY) = 5
1520686349.059288 fcntl(5, F_SETFD, FD_CLOEXEC) = 0
1520686349.059303 fstat(5, {st_mode=S_IFCHR|0666, st_rdev=makedev(1, 9), ...}) = 0
1520686349.059320 read(5, "\311Q\22\241\330\342\275\t\243\322\314\233?/\243\320\333\7\33z\206*\323g\234h\224\324\260q\30\242"..., 64) = 64
1520686349.059345 close(5)              = 0
1520686349.059373 futex(0x7fbccc5332e0, FUTEX_WAKE_PRIVATE, 2147483647) = 0
1520686349.059499 stat("/etc/krb5.conf", {st_mode=S_IFREG|0644, st_size=590, ...}) = 0
1520686349.059529 open("/etc/krb5.conf", O_RDONLY) = 5
1520686349.059550 fcntl(5, F_SETFD, FD_CLOEXEC) = 0
1520686349.059567 fstat(5, {st_mode=S_IFREG|0644, st_size=590, ...}) = 0
1520686349.059620 mmap(NULL, 4096, PROT_READ|PROT_WRITE, MAP_PRIVATE|MAP_ANONYMOUS, -1, 0) = 0x7fbcce584000
1520686349.059639 read(5, "# Configuration snippets may be "..., 4096) = 590
1520686349.059662 openat(AT_FDCWD, "/etc/krb5.conf.d/", O_RDONLY|O_NONBLOCK|O_DIRECTORY|O_CLOEXEC) = 6
1520686349.059684 getdents(6, /* 2 entries */, 32768) = 48
1520686349.059702 getdents(6, /* 0 entries */, 32768) = 0
1520686349.059717 close(6)              = 0
1520686349.059744 read(5, "", 4096)     = 0
1520686349.059762 close(5)              = 0
1520686349.059778 munmap(0x7fbcce584000, 4096) = 0
1520686349.059808 open("/dev/urandom", O_RDONLY) = 5
1520686349.059831 fcntl(5, F_SETFD, FD_CLOEXEC) = 0
1520686349.059847 fstat(5, {st_mode=S_IFCHR|0666, st_rdev=makedev(1, 9), ...}) = 0
1520686349.059865 read(5, "8\223\271{\342Y\22\236b*89~R\1\200\210\357\5P\305V\332-WW*\207\217P0("..., 64) = 64
1520686349.059891 close(5)              = 0
1520686349.059932 access("/etc/krb5.conf", R_OK) = 0
1520686349.059957 stat("/etc/krb5.conf", {st_mode=S_IFREG|0644, st_size=590, ...}) = 0
1520686349.059983 open("/dev/urandom", O_RDONLY) = 5
1520686349.060004 fcntl(5, F_SETFD, FD_CLOEXEC) = 0
1520686349.060017 fstat(5, {st_mode=S_IFCHR|0666, st_rdev=makedev(1, 9), ...}) = 0
1520686349.060029 read(5, "\22\264\31\10_\272u\373(E\323!\270&V\250\326|\231\327\273\200\264\337\33\356\200\330\324Ktz"..., 64) = 64
1520686349.060044 close(5)              = 0
1520686349.060085 stat("/etc/sysconfig/64bit_strstr_via_64bit_strstr_sse2_unaligned", 0x7ffcb6e19ef0) = -1 ENOENT (No such file or directory)
1520686349.060109 geteuid()             = 1002
1520686349.060138 open("/var/kerberos/krb5/user/1002/client.keytab", O_RDONLY) = -1 ENOENT (No such file or directory)
1520686349.060173 getuid()              = 1002
1520686349.060198 keyctl(KEYCTL_GET_PERSISTENT, 1002, KEY_SPEC_PROCESS_KEYRING) = 4503583
1520686349.060224 keyctl(KEYCTL_SEARCH, 4503583, "keyring", "_krb", KEY_SPEC_PROCESS_KEYRING) = 805520795
1520686349.060239 keyctl(KEYCTL_SEARCH, 805520795, "user", "krb_ccache:primary", 0) = 444782918
1520686349.060254 keyctl(KEYCTL_READ, 444782918, NULL, 0) = 12
1520686349.060266 keyctl(KEYCTL_READ, 444782918, "", 12) = 12
1520686349.060277 keyctl(KEYCTL_READ, 805520795, NULL, 0) = 4
1520686349.060287 keyctl(KEYCTL_READ, 805520795, "F\331\202\32", 4) = 4
1520686349.060297 keyctl(KEYCTL_SEARCH, 805520795, "keyring", "1002", 0) = -1 ENOKEY (Required key not available)
1520686349.060312 keyctl(KEYCTL_DESCRIBE, 444782918, NULL, 0) = 43
1520686349.060323 keyctl(KEYCTL_DESCRIBE, 444782918, "user;1002;1002;3f010000;krb_ccac"..., 43) = 43
1520686349.060361 stat("/etc/krb5.conf", {st_mode=S_IFREG|0644, st_size=590, ...}) = 0
1520686349.060377 open("/etc/krb5.conf", O_RDONLY) = 5
1520686349.060389 fcntl(5, F_SETFD, FD_CLOEXEC) = 0
1520686349.060400 fstat(5, {st_mode=S_IFREG|0644, st_size=590, ...}) = 0
1520686349.060411 mmap(NULL, 4096, PROT_READ|PROT_WRITE, MAP_PRIVATE|MAP_ANONYMOUS, -1, 0) = 0x7fbcce584000
1520686349.060423 read(5, "# Configuration snippets may be "..., 4096) = 590
1520686349.060438 openat(AT_FDCWD, "/etc/krb5.conf.d/", O_RDONLY|O_NONBLOCK|O_DIRECTORY|O_CLOEXEC) = 6
1520686349.060451 getdents(6, /* 2 entries */, 32768) = 48
1520686349.060462 getdents(6, /* 0 entries */, 32768) = 0
1520686349.060471 close(6)              = 0
1520686349.060489 read(5, "", 4096)     = 0
1520686349.060499 close(5)              = 0
1520686349.060509 munmap(0x7fbcce584000, 4096) = 0
1520686349.060529 open("/dev/urandom", O_RDONLY) = 5
1520686349.060543 fcntl(5, F_SETFD, FD_CLOEXEC) = 0
1520686349.060552 fstat(5, {st_mode=S_IFCHR|0666, st_rdev=makedev(1, 9), ...}) = 0
1520686349.060563 read(5, "5\363\242\24\267\351[E\26\340\1\352\351q_\227l9g\355\10a\327\23\0\5S\211\344\265\371-"..., 64) = 64
1520686349.060615 close(5)              = 0
1520686349.060654 stat("/etc/krb5.conf", {st_mode=S_IFREG|0644, st_size=590, ...}) = 0
1520686349.060671 open("/etc/krb5.conf", O_RDONLY) = 5
1520686349.060683 fcntl(5, F_SETFD, FD_CLOEXEC) = 0
1520686349.060693 fstat(5, {st_mode=S_IFREG|0644, st_size=590, ...}) = 0
1520686349.060704 mmap(NULL, 4096, PROT_READ|PROT_WRITE, MAP_PRIVATE|MAP_ANONYMOUS, -1, 0) = 0x7fbcce584000
1520686349.060716 read(5, "# Configuration snippets may be "..., 4096) = 590
1520686349.060730 openat(AT_FDCWD, "/etc/krb5.conf.d/", O_RDONLY|O_NONBLOCK|O_DIRECTORY|O_CLOEXEC) = 6
1520686349.060742 getdents(6, /* 2 entries */, 32768) = 48
1520686349.060753 getdents(6, /* 0 entries */, 32768) = 0
1520686349.060763 close(6)              = 0
1520686349.060778 read(5, "", 4096)     = 0
1520686349.060789 close(5)              = 0
1520686349.060798 munmap(0x7fbcce584000, 4096) = 0
1520686349.060817 open("/dev/urandom", O_RDONLY) = 5
1520686349.060831 fcntl(5, F_SETFD, FD_CLOEXEC) = 0
1520686349.060840 fstat(5, {st_mode=S_IFCHR|0666, st_rdev=makedev(1, 9), ...}) = 0
1520686349.060851 read(5, "\307\313\341\342\3\341\24\271\354V\200\231P\33T\v\3255SOQ\207\341\345\321\21\232\2363\1\337\274"..., 64) = 64
1520686349.060866 close(5)              = 0
1520686349.060895 stat("/etc/krb5.conf", {st_mode=S_IFREG|0644, st_size=590, ...}) = 0
1520686349.060910 open("/etc/krb5.conf", O_RDONLY) = 5
1520686349.060922 fcntl(5, F_SETFD, FD_CLOEXEC) = 0
1520686349.060932 fstat(5, {st_mode=S_IFREG|0644, st_size=590, ...}) = 0
1520686349.060943 mmap(NULL, 4096, PROT_READ|PROT_WRITE, MAP_PRIVATE|MAP_ANONYMOUS, -1, 0) = 0x7fbcce584000
1520686349.060954 read(5, "# Configuration snippets may be "..., 4096) = 590
1520686349.060968 openat(AT_FDCWD, "/etc/krb5.conf.d/", O_RDONLY|O_NONBLOCK|O_DIRECTORY|O_CLOEXEC) = 6
1520686349.060981 getdents(6, /* 2 entries */, 32768) = 48
1520686349.060991 getdents(6, /* 0 entries */, 32768) = 0
1520686349.061001 close(6)              = 0
1520686349.061016 read(5, "", 4096)     = 0
1520686349.061027 close(5)              = 0
1520686349.061036 munmap(0x7fbcce584000, 4096) = 0
1520686349.061054 open("/dev/urandom", O_RDONLY) = 5
1520686349.061078 fcntl(5, F_SETFD, FD_CLOEXEC) = 0
1520686349.061089 fstat(5, {st_mode=S_IFCHR|0666, st_rdev=makedev(1, 9), ...}) = 0
1520686349.061100 read(5, "=4\346\"\257\270\342d,=\32\265\360\251\273D/%\177}\252\347\25\20Y\317\25\v\350\3\353\331"..., 64) = 64
1520686349.061115 close(5)              = 0
1520686349.061133 access("/etc/krb5.conf", R_OK) = 0
1520686349.061145 stat("/etc/krb5.conf", {st_mode=S_IFREG|0644, st_size=590, ...}) = 0
1520686349.061159 open("/dev/urandom", O_RDONLY) = 5
1520686349.061171 fcntl(5, F_SETFD, FD_CLOEXEC) = 0
1520686349.061180 fstat(5, {st_mode=S_IFCHR|0666, st_rdev=makedev(1, 9), ...}) = 0
1520686349.061190 read(5, "m\273\361\5\203={\2763p\24\267\262\240Y\343MR\37w\347\321\247\203a\4aJ\221\343\350\262"..., 64) = 64
1520686349.061205 close(5)              = 0
1520686349.061221 geteuid()             = 1002
1520686349.061235 open("/var/kerberos/krb5/user/1002/client.keytab", O_RDONLY) = -1 ENOENT (No such file or directory)
1520686349.061254 getuid()              = 1002
1520686349.061267 keyctl(KEYCTL_GET_PERSISTENT, 1002, KEY_SPEC_PROCESS_KEYRING) = 4503583
1520686349.061279 keyctl(KEYCTL_SEARCH, 4503583, "keyring", "_krb", KEY_SPEC_PROCESS_KEYRING) = 805520795
1520686349.061293 keyctl(KEYCTL_SEARCH, 805520795, "user", "krb_ccache:primary", 0) = 444782918
1520686349.061304 keyctl(KEYCTL_READ, 444782918, NULL, 0) = 12
1520686349.061314 keyctl(KEYCTL_READ, 444782918, "", 12) = 12
1520686349.061325 keyctl(KEYCTL_READ, 805520795, NULL, 0) = 4
1520686349.061334 keyctl(KEYCTL_READ, 805520795, "F\331\202\32", 4) = 4
1520686349.061344 keyctl(KEYCTL_SEARCH, 805520795, "keyring", "1002", 0) = -1 ENOKEY (Required key not available)
1520686349.061355 keyctl(KEYCTL_DESCRIBE, 444782918, NULL, 0) = 43
1520686349.061366 keyctl(KEYCTL_DESCRIBE, 444782918, "user;1002;1002;3f010000;krb_ccac"..., 43) = 43
1520686349.061387 access("/etc/krb5.conf", R_OK) = 0
1520686349.061405 stat("/etc/krb5.conf", {st_mode=S_IFREG|0644, st_size=590, ...}) = 0
1520686349.061420 open("/dev/urandom", O_RDONLY) = 5
1520686349.061432 fcntl(5, F_SETFD, FD_CLOEXEC) = 0
1520686349.061441 fstat(5, {st_mode=S_IFCHR|0666, st_rdev=makedev(1, 9), ...}) = 0
1520686349.061451 read(5, "\270\312\200\321\267\227\364\340p\213\275,\315\367]\305\316\357=\6+\3635\3048\320\310\333\371\205\321\377"..., 64) = 64
1520686349.061467 close(5)              = 0
1520686349.061495 stat("/etc/krb5.conf", {st_mode=S_IFREG|0644, st_size=590, ...}) = 0
1520686349.061509 open("/etc/krb5.conf", O_RDONLY) = 5
1520686349.061520 fcntl(5, F_SETFD, FD_CLOEXEC) = 0
1520686349.061531 fstat(5, {st_mode=S_IFREG|0644, st_size=590, ...}) = 0
1520686349.061542 mmap(NULL, 4096, PROT_READ|PROT_WRITE, MAP_PRIVATE|MAP_ANONYMOUS, -1, 0) = 0x7fbcce584000
1520686349.061553 read(5, "# Configuration snippets may be "..., 4096) = 590
1520686349.061596 openat(AT_FDCWD, "/etc/krb5.conf.d/", O_RDONLY|O_NONBLOCK|O_DIRECTORY|O_CLOEXEC) = 6
1520686349.061610 getdents(6, /* 2 entries */, 32768) = 48
1520686349.061621 getdents(6, /* 0 entries */, 32768) = 0
1520686349.061631 close(6)              = 0
1520686349.061647 read(5, "", 4096)     = 0
1520686349.061658 close(5)              = 0
1520686349.061667 munmap(0x7fbcce584000, 4096) = 0
1520686349.061687 open("/dev/urandom", O_RDONLY) = 5
1520686349.061700 fcntl(5, F_SETFD, FD_CLOEXEC) = 0
1520686349.061709 fstat(5, {st_mode=S_IFCHR|0666, st_rdev=makedev(1, 9), ...}) = 0
1520686349.061720 read(5, "\241\377\21\7q\225\250^\234uj\302u\373\303\277N\376\tEg\240\0\33\33\311\372 \215\360\357X"..., 64) = 64
1520686349.061735 close(5)              = 0
1520686349.061761 stat("/home/Jacob/.ssh/id_rsa", 0x7ffcb6e1a6c0) = -1 ENOENT (No such file or directory)
1520686349.061778 stat("/home/Jacob/.ssh/id_dsa", 0x7ffcb6e1a6c0) = -1 ENOENT (No such file or directory)
1520686349.061791 stat("/home/Jacob/.ssh/id_ecdsa", 0x7ffcb6e1a6c0) = -1 ENOENT (No such file or directory)
1520686349.061803 stat("/home/Jacob/.ssh/id_ed25519", 0x7ffcb6e1a6c0) = -1 ENOENT (No such file or directory)
1520686349.061820 open("/dev/tty", O_RDWR) = 5
1520686349.061835 close(5)              = 0
1520686349.061845 open("/dev/tty", O_RDWR) = 5
1520686349.061857 rt_sigaction(SIGALRM, {0x7fbcce5e5790, [], SA_RESTORER, 0x7fbccbd73250}, {SIG_DFL, [], 0}, 8) = 0
1520686349.061872 rt_sigaction(SIGHUP, {0x7fbcce5e5790, [], SA_RESTORER, 0x7fbccbd73250}, {SIG_DFL, [], 0}, 8) = 0
1520686349.061883 rt_sigaction(SIGINT, {0x7fbcce5e5790, [], SA_RESTORER, 0x7fbccbd73250}, {SIG_DFL, [], 0}, 8) = 0
1520686349.061892 rt_sigaction(SIGPIPE, {0x7fbcce5e5790, [], SA_RESTORER, 0x7fbccbd73250}, {SIG_IGN, [], SA_RESTORER, 0x7fbccbd73250}, 8) = 0
1520686349.061903 rt_sigaction(SIGQUIT, {0x7fbcce5e5790, [], SA_RESTORER, 0x7fbccbd73250}, {SIG_DFL, [], 0}, 8) = 0
1520686349.061912 rt_sigaction(SIGTERM, {0x7fbcce5e5790, [], SA_RESTORER, 0x7fbccbd73250}, {SIG_DFL, [], 0}, 8) = 0
1520686349.061922 rt_sigaction(SIGTSTP, {0x7fbcce5e5790, [], SA_RESTORER, 0x7fbccbd73250}, {SIG_DFL, [], 0}, 8) = 0
1520686349.061932 rt_sigaction(SIGTTIN, {0x7fbcce5e5790, [], SA_RESTORER, 0x7fbccbd73250}, {SIG_DFL, [], 0}, 8) = 0
1520686349.061942 rt_sigaction(SIGTTOU, {0x7fbcce5e5790, [], SA_RESTORER, 0x7fbccbd73250}, {SIG_DFL, [], 0}, 8) = 0
1520686349.061952 ioctl(5, TCGETS, {B38400 opost isig icanon echo ...}) = 0
1520686349.061973 ioctl(5, SNDCTL_TMR_CONTINUE or TCSETSF, {B38400 opost isig icanon -echo ...}) = 0
1520686349.061986 write(5, "root@192.168.122.10's password: ", 32) = 32
1520686349.062001 read(5, "h", 1)       = 1
1520686349.062041 read(5, "a", 1)       = 1
1520686349.062051 read(5, "d", 1)       = 1
1520686349.062061 read(5, "o", 1)       = 1
1520686349.062083 read(5, "o", 1)       = 1
1520686349.062093 read(5, "p", 1)       = 1
1520686349.062103 read(5, "\n", 1)      = 1
1520686349.062112 write(5, "\n", 1)     = 1
1520686349.062124 ioctl(5, SNDCTL_TMR_CONTINUE or TCSETSF, {B38400 opost isig icanon echo ...}) = 0
1520686349.062135 rt_sigaction(SIGALRM, {SIG_DFL, [], SA_RESTORER, 0x7fbccbd73250}, NULL, 8) = 0
1520686349.062150 rt_sigaction(SIGHUP, {SIG_DFL, [], SA_RESTORER, 0x7fbccbd73250}, NULL, 8) = 0
1520686349.062160 rt_sigaction(SIGINT, {SIG_DFL, [], SA_RESTORER, 0x7fbccbd73250}, NULL, 8) = 0
1520686349.062169 rt_sigaction(SIGQUIT, {SIG_DFL, [], SA_RESTORER, 0x7fbccbd73250}, NULL, 8) = 0
1520686349.062178 rt_sigaction(SIGPIPE, {SIG_IGN, [], SA_RESTORER, 0x7fbccbd73250}, NULL, 8) = 0
1520686349.062188 rt_sigaction(SIGTERM, {SIG_DFL, [], SA_RESTORER, 0x7fbccbd73250}, NULL, 8) = 0
1520686349.062197 rt_sigaction(SIGTSTP, {SIG_DFL, [], SA_RESTORER, 0x7fbccbd73250}, NULL, 8) = 0
1520686349.062206 rt_sigaction(SIGTTIN, {SIG_DFL, [], SA_RESTORER, 0x7fbccbd73250}, NULL, 8) = 0
1520686349.062215 rt_sigaction(SIGTTOU, {SIG_DFL, [], SA_RESTORER, 0x7fbccbd73250}, NULL, 8) = 0
1520686349.062225 close(5)              = 0
1520686349.062243 write(4, "j\t\10ej\331\331\257\320\303\230x\220\233j\375f\362\7\206\347\7\f\371\2109\17y+\343\356j"..., 144) = 144
1520686349.062316 select(5, [4], NULL, NULL, NULL) = 1 (in [4])
1520686349.071591 read(4, "|\227\302\340/\213U`\314\240^p\207H[\372\17\215?\307\207\337\t\365%\231K\270\315\327\333\274", 8192) = 32
1520686349.071621 getpeername(4, {sa_family=AF_INET, sin_port=htons(22), sin_addr=inet_addr("192.168.122.10")}, [16]) = 0
1520686349.071658 dup(0)                = 5
1520686349.071668 dup(1)                = 6
1520686349.071677 dup(2)                = 7
1520686349.071685 ioctl(5, TCGETS, {B38400 opost isig icanon echo ...}) = 0
1520686349.071700 ioctl(6, TCGETS, {B38400 opost isig icanon echo ...}) = 0
1520686349.071710 ioctl(7, TCGETS, {B38400 opost isig icanon echo ...}) = 0
1520686349.071725 fcntl(5, F_SETFD, FD_CLOEXEC) = 0
1520686349.071735 fcntl(6, F_SETFD, FD_CLOEXEC) = 0
1520686349.071744 fcntl(7, F_SETFD, FD_CLOEXEC) = 0
1520686349.071762 rt_sigaction(SIGHUP, NULL, {SIG_DFL, [], SA_RESTORER, 0x7fbccbd73250}, 8) = 0
1520686349.071774 rt_sigaction(SIGHUP, {SIG_IGN, [], SA_RESTORER, 0x7fbccbd73250}, NULL, 8) = 0
1520686349.071784 rt_sigaction(SIGHUP, NULL, {SIG_IGN, [], SA_RESTORER, 0x7fbccbd73250}, 8) = 0
1520686349.071794 rt_sigaction(SIGHUP, {0x7fbcce59a280, [], SA_RESTORER, 0x7fbccbd73250}, NULL, 8) = 0
1520686349.071803 rt_sigaction(SIGINT, NULL, {SIG_DFL, [], SA_RESTORER, 0x7fbccbd73250}, 8) = 0
1520686349.071813 rt_sigaction(SIGINT, {SIG_IGN, [], SA_RESTORER, 0x7fbccbd73250}, NULL, 8) = 0
1520686349.071822 rt_sigaction(SIGINT, NULL, {SIG_IGN, [], SA_RESTORER, 0x7fbccbd73250}, 8) = 0
1520686349.071831 rt_sigaction(SIGINT, {0x7fbcce59a280, [], SA_RESTORER, 0x7fbccbd73250}, NULL, 8) = 0
1520686349.071841 rt_sigaction(SIGQUIT, NULL, {SIG_DFL, [], SA_RESTORER, 0x7fbccbd73250}, 8) = 0
1520686349.071851 rt_sigaction(SIGQUIT, {SIG_IGN, [], SA_RESTORER, 0x7fbccbd73250}, NULL, 8) = 0
1520686349.071860 rt_sigaction(SIGQUIT, NULL, {SIG_IGN, [], SA_RESTORER, 0x7fbccbd73250}, 8) = 0
1520686349.071870 rt_sigaction(SIGQUIT, {0x7fbcce59a280, [], SA_RESTORER, 0x7fbccbd73250}, NULL, 8) = 0
1520686349.071879 rt_sigaction(SIGTERM, NULL, {SIG_DFL, [], SA_RESTORER, 0x7fbccbd73250}, 8) = 0
1520686349.071888 rt_sigaction(SIGTERM, {SIG_IGN, [], SA_RESTORER, 0x7fbccbd73250}, NULL, 8) = 0
1520686349.071898 rt_sigaction(SIGTERM, NULL, {SIG_IGN, [], SA_RESTORER, 0x7fbccbd73250}, 8) = 0
1520686349.071907 rt_sigaction(SIGTERM, {0x7fbcce59a280, [], SA_RESTORER, 0x7fbccbd73250}, NULL, 8) = 0
1520686349.071916 rt_sigaction(SIGWINCH, NULL, {SIG_DFL, [], 0}, 8) = 0
1520686349.071926 rt_sigaction(SIGWINCH, {0x7fbcce59a500, [], SA_RESTORER, 0x7fbccbd73250}, NULL, 8) = 0
1520686349.071936 ioctl(0, TCGETS, {B38400 opost isig icanon echo ...}) = 0
1520686349.071946 ioctl(0, SNDCTL_TMR_STOP or TCSETSW, {B38400 -opost -isig -icanon -echo ...}) = 0
1520686349.071960 clock_gettime(CLOCK_BOOTTIME, {30955, 662682223}) = 0
1520686349.071972 clock_gettime(CLOCK_BOOTTIME, {30955, 662693058}) = 0
1520686349.071982 select(8, [4], [4], NULL, NULL) = 1 (out [4])
1520686349.071996 clock_gettime(CLOCK_BOOTTIME, {30955, 662717257}) = 0
1520686349.072007 write(4, "\253z\366\314\327l\363\330\2\350\263\303\t\374a\306\345yA2\344uNu\1\t\322,\227\212\301v"..., 128) = 128
1520686349.072077 clock_gettime(CLOCK_BOOTTIME, {30955, 662798667}) = 0
1520686349.072088 clock_gettime(CLOCK_BOOTTIME, {30955, 662809263}) = 0
1520686349.072098 select(8, [4], [], NULL, NULL) = 1 (in [4])
1520686349.172964 clock_gettime(CLOCK_BOOTTIME, {30955, 763687748}) = 0
1520686349.172981 read(4, "V\251T[6{\353N\203\370\220\7V\335\302\4\1\350V\270\356G\356\277\323\241\351:\313\177\223\272"..., 8192) = 48
1520686349.173009 getsockopt(4, SOL_TCP, TCP_NODELAY, [0], [4]) = 0
1520686349.173022 setsockopt(4, SOL_TCP, TCP_NODELAY, [1], 4) = 0
1520686349.173032 getsockname(4, {sa_family=AF_INET, sin_port=htons(40604), sin_addr=inet_addr("192.168.122.20")}, [16]) = 0
1520686349.173046 setsockopt(4, SOL_IP, IP_TOS, [16], 4) = 0
1520686349.173062 ioctl(0, TIOCGWINSZ, {ws_row=30, ws_col=179, ws_xpixel=0, ws_ypixel=0}) = 0
1520686349.173099 clock_gettime(CLOCK_BOOTTIME, {30955, 763821556}) = 0
1520686349.173110 clock_gettime(CLOCK_BOOTTIME, {30955, 763831516}) = 0
1520686349.173120 select(8, [4], [4], NULL, NULL) = 1 (out [4])
1520686349.173134 clock_gettime(CLOCK_BOOTTIME, {30955, 763855353}) = 0
1520686349.173147 write(4, "/V#\254\244\23\"A\216\275\250\257\262RS5\247Z\316\304\3709R\3630\254\235\10?\300Kk"..., 448) = 448
1520686349.173210 clock_gettime(CLOCK_BOOTTIME, {30955, 763931344}) = 0
1520686349.173221 clock_gettime(CLOCK_BOOTTIME, {30955, 763941868}) = 0
1520686349.173230 select(8, [4], [], NULL, NULL) = 1 (in [4])
1520686349.175445 clock_gettime(CLOCK_BOOTTIME, {30955, 766166952}) = 0
1520686349.175457 read(4, "R iu\354Y\233\305\7\313\3509~j[\206\t]\307\30u0\220\t\204u\337\370\316\22\357\257"..., 8192) = 112
1520686349.175476 clock_gettime(CLOCK_BOOTTIME, {30955, 766197799}) = 0
1520686349.175486 clock_gettime(CLOCK_BOOTTIME, {30955, 766207372}) = 0
1520686349.175496 select(8, [4 5], [], NULL, NULL) = 1 (in [4])
1520686349.177539 clock_gettime(CLOCK_BOOTTIME, {30955, 768261389}) = 0
1520686349.177551 read(4, "\n\362\257\2700\316,5\254y\317\372O\307\344\347Z3R\376\10+\306j\317\357\36\336O~`\314"..., 8192) = 96
1520686349.177608 clock_gettime(CLOCK_BOOTTIME, {30955, 768330386}) = 0
1520686349.177619 clock_gettime(CLOCK_BOOTTIME, {30955, 768339971}) = 0
1520686349.177629 select(8, [4 5], [6], NULL, NULL) = 1 (out [6])
1520686349.177644 clock_gettime(CLOCK_BOOTTIME, {30955, 768364994}) = 0
1520686349.177653 write(6, "Last login: Sat Mar 10 04:51:00 "..., 59) = 59
1520686349.177669 clock_gettime(CLOCK_BOOTTIME, {30955, 768390139}) = 0
1520686349.177678 clock_gettime(CLOCK_BOOTTIME, {30955, 768399419}) = 0
1520686349.177688 select(8, [4 5], [], NULL, NULL) = 1 (in [4])
1520686349.220507 clock_gettime(CLOCK_BOOTTIME, {30955, 811230619}) = 0
1520686349.220524 read(4, "\335\260\245\221)\3363\336obK\363\235\25\231\205\34\252\332\260y\375\266`X\363\244\201\246m\370\261"..., 8192) = 112
1520686349.220551 clock_gettime(CLOCK_BOOTTIME, {30955, 811272686}) = 0
1520686349.220561 clock_gettime(CLOCK_BOOTTIME, {30955, 811282648}) = 0
1520686349.220572 select(8, [4 5], [6], NULL, NULL) = 1 (out [6])
1520686349.220587 clock_gettime(CLOCK_BOOTTIME, {30955, 811308403}) = 0
1520686349.220597 write(6, "\33]0;root@Breakering-server-00:~\7"..., 71) = 71
1520686349.220613 clock_gettime(CLOCK_BOOTTIME, {30955, 811334083}) = 0
1520686349.220622 clock_gettime(CLOCK_BOOTTIME, {30955, 811343429}) = 0
1520686349.220632 select(8, [4 5], [], NULL, NULL) = 1 (in [5])
1520686349.737222 clock_gettime(CLOCK_BOOTTIME, {30956, 327950431}) = 0
1520686349.737252 read(5, "\4", 16384)  = 1
1520686349.737298 clock_gettime(CLOCK_BOOTTIME, {30956, 328021357}) = 0
1520686349.737314 clock_gettime(CLOCK_BOOTTIME, {30956, 328036620}) = 0
1520686349.737330 select(8, [4 5], [4], NULL, NULL) = 1 (out [4])
1520686349.737354 clock_gettime(CLOCK_BOOTTIME, {30956, 328076768}) = 0
1520686349.737370 write(4, "\244\214b!\3\303\246\277\266\357\20+\272\243nO\254\20\7\335M\247\t\2208\336\225-\21\17\322v"..., 48) = 48
1520686349.737491 clock_gettime(CLOCK_BOOTTIME, {30956, 328214852}) = 0
1520686349.737509 clock_gettime(CLOCK_BOOTTIME, {30956, 328266465}) = 0
1520686349.737563 select(8, [4 5], [], NULL, NULL) = 1 (in [4])
1520686349.739170 clock_gettime(CLOCK_BOOTTIME, {30956, 329893074}) = 0
1520686349.739184 read(4, "v\"R\205\276\217v\340\370\364\317\320\247\305\225\212\263h\0036\25\212C\7@\320_\316\364G\312\206"..., 8192) = 80
1520686349.739206 clock_gettime(CLOCK_BOOTTIME, {30956, 329927998}) = 0
1520686349.739217 clock_gettime(CLOCK_BOOTTIME, {30956, 329937787}) = 0
1520686349.739227 select(8, [4 5], [6], NULL, NULL) = 1 (out [6])
1520686349.739241 clock_gettime(CLOCK_BOOTTIME, {30956, 329962381}) = 0
1520686349.739251 write(6, "logout\r\n", 8) = 8
1520686349.739265 clock_gettime(CLOCK_BOOTTIME, {30956, 329986145}) = 0
1520686349.739275 clock_gettime(CLOCK_BOOTTIME, {30956, 329995650}) = 0
1520686349.739284 close(6)              = 0
1520686349.739294 select(8, [4 5], [], NULL, NULL) = 1 (in [4])
1520686349.740327 clock_gettime(CLOCK_BOOTTIME, {30956, 331049475}) = 0
1520686349.740340 read(4, "\360~\347\321j\315c\226\377\210\273,%A-5\330x\310\321\203\322\312\360\216H\211a@\234\261v"..., 8192) = 160
1520686349.740362 close(5)              = 0
1520686349.740388 clock_gettime(CLOCK_BOOTTIME, {30956, 331109519}) = 0
1520686349.740398 clock_gettime(CLOCK_BOOTTIME, {30956, 331119659}) = 0
1520686349.740409 ioctl(0, SNDCTL_TMR_STOP or TCSETSW, {B38400 opost isig icanon echo ...}) = 0
1520686349.740438 close(7)              = 0
1520686349.740450 select(8, [4], [4], NULL, NULL) = 1 (out [4])
1520686349.740464 clock_gettime(CLOCK_BOOTTIME, {30956, 331185391}) = 0
1520686349.740474 write(4, "<2q\243\35\0301\265\260\33\nt\361\372\326h\177\244\320\33\302\264\335\360\272X\273C6_\220}", 32) = 32
1520686349.740533 rt_sigaction(SIGWINCH, NULL, {0x7fbcce59a500, [], SA_RESTORER, 0x7fbccbd73250}, 8) = 0
1520686349.740547 rt_sigaction(SIGWINCH, {SIG_DFL, [], SA_RESTORER, 0x7fbccbd73250}, NULL, 8) = 0
1520686349.740562 write(4, "?Z\233\326]\333\vw\304%D%\363=\0029x\365\216%\212\332\211\332J\215uv\201\2$F"..., 64) = 64
1520686349.740612 ioctl(0, TCGETS, {B38400 opost isig icanon echo ...}) = 0
1520686349.740625 ioctl(1, TCGETS, {B38400 opost isig icanon echo ...}) = 0
1520686349.740635 ioctl(2, TCGETS, {B38400 opost isig icanon echo ...}) = 0
1520686349.740647 write(2, "Connection to 192.168.122.10 clo"..., 38) = 38
1520686349.740668 shutdown(4, SHUT_RDWR) = 0
1520686349.740727 close(4)              = 0
1520686349.740910 exit_group(0)         = ?
1520686349.741463 +++ exited with 0 +++
