1520686350.617365 select(5, [4], NULL, NULL, NULL) = 1 (in [4])
1520686350.617775 read(4, "\0\0\1\224\10\37\0\0\1\201\0\323#\r#ur\354\351\371#Xq^\272\303\244\330\237-kM"..., 8192) = 408
1520686350.619066 write(4, "\0\0\1\214\5 \0\0\1\201\0\243\217\3672\307@\17\254\205\342hV\6\273\210o\"`I\272R"..., 400) = 400
1520686350.619128 select(5, [4], NULL, NULL, NULL) = 1 (in [4])
1520686350.633721 read(4, "\0\0\3\274\n!\0\0\1\25\0\0\0\7ssh-rsa\0\0\0\1#\0\0\1\1\0\307"..., 8192) = 976
1520686350.633783 open("/home/Jacob/.ssh/known_hosts", O_RDONLY) = 5
1520686350.633827 fstat(5, {st_mode=S_IFREG|0644, st_size=396, ...}) = 0
1520686350.633846 mmap(NULL, 4096, PROT_READ|PROT_WRITE, MAP_PRIVATE|MAP_ANONYMOUS, -1, 0) = 0x7f0909e1e000
1520686350.633866 read(5, "192.168.122.10 ssh-rsa AAAAB3Nza"..., 4096) = 396
1520686350.633896 read(5, "", 4096)     = 0
1520686350.633907 close(5)              = 0
1520686350.633918 munmap(0x7f0909e1e000, 4096) = 0
1520686350.633941 open("/home/Jacob/.ssh/known_hosts2", O_RDONLY) = -1 ENOENT (No such file or directory)
1520686350.633966 open("/etc/ssh/ssh_known_hosts", O_RDONLY) = -1 ENOENT (No such file or directory)
1520686350.633979 open("/etc/ssh/ssh_known_hosts2", O_RDONLY) = -1 ENOENT (No such file or directory)
1520686350.635332 clock_gettime(CLOCK_BOOTTIME, {30957, 226060368}) = 0
1520686350.635352 write(4, "\0\0\0\f\n\25\0\0\0\0\0\0\0\0\0\0", 16) = 16
1520686350.635433 write(4, "K\222\21\373*u\250E\311\275\203wOJ\35\342P\325S2\214\306\343\224\226\351\326\0u6\272\265"..., 48) = 48
1520686350.635449 select(5, [4], NULL, NULL, NULL) = 1 (in [4])
1520686350.676240 read(4, "\211\23A\267c\243rKY\256r\305; !\350\251\2320\305 \331\330|\205\270m\f\213\335/\311"..., 8192) = 48
1520686350.676301 write(4, "\177+1\2550\353\371%S4\237\256|\322\6_\377f$\326\240\347\243\373v\377\254r\212\206\222j"..., 64) = 64
1520686350.676365 select(5, [4], NULL, NULL, NULL) = 1 (in [4])
1520686350.678547 read(4, "\351\35P,\22\266\17\0\5\251a\257\370\1\272W\270\3605TG\222\226;\343+\323\236}?\305\344"..., 8192) = 80
1520686350.678591 futex(0x7f0905d37510, FUTEX_WAKE_PRIVATE, 2147483647) = 0
1520686350.678629 futex(0x7f0905d373b0, FUTEX_WAKE_PRIVATE, 2147483647) = 0
1520686350.678656 futex(0x7f0908302fa0, FUTEX_WAKE_PRIVATE, 2147483647) = 0
1520686350.678671 lstat("/etc/gss/mech", 0x7ffc99f16520) = -1 ENOENT (No such file or directory)
1520686350.678699 openat(AT_FDCWD, "/etc/gss/mech.d", O_RDONLY|O_NONBLOCK|O_DIRECTORY|O_CLOEXEC) = 5
1520686350.678723 getdents(5, /* 2 entries */, 32768) = 48
1520686350.678739 getdents(5, /* 0 entries */, 32768) = 0
1520686350.678749 close(5)              = 0
1520686350.678839 futex(0x7f09080b4440, FUTEX_WAKE_PRIVATE, 2147483647) = 0
1520686350.678867 futex(0x7f09080b55d0, FUTEX_WAKE_PRIVATE, 2147483647) = 0
1520686350.678894 stat("/etc/krb5.conf", {st_mode=S_IFREG|0644, st_size=590, ...}) = 0
1520686350.678917 open("/etc/krb5.conf", O_RDONLY) = 5
1520686350.678934 fcntl(5, F_SETFD, FD_CLOEXEC) = 0
1520686350.678954 fstat(5, {st_mode=S_IFREG|0644, st_size=590, ...}) = 0
1520686350.678965 mmap(NULL, 4096, PROT_READ|PROT_WRITE, MAP_PRIVATE|MAP_ANONYMOUS, -1, 0) = 0x7f0909e1e000
1520686350.678981 read(5, "# Configuration snippets may be "..., 4096) = 590
1520686350.679000 openat(AT_FDCWD, "/etc/krb5.conf.d/", O_RDONLY|O_NONBLOCK|O_DIRECTORY|O_CLOEXEC) = 6
1520686350.679016 getdents(6, /* 2 entries */, 32768) = 48
1520686350.679027 getdents(6, /* 0 entries */, 32768) = 0
1520686350.679038 close(6)              = 0
1520686350.679057 read(5, "", 4096)     = 0
1520686350.679069 close(5)              = 0
1520686350.679081 munmap(0x7f0909e1e000, 4096) = 0
1520686350.679120 open("/dev/urandom", O_RDONLY) = 5
1520686350.679139 fcntl(5, F_SETFD, FD_CLOEXEC) = 0
1520686350.679151 fstat(5, {st_mode=S_IFCHR|0666, st_rdev=makedev(1, 9), ...}) = 0
1520686350.679164 read(5, "\372\360\233x\f8\205\357m~\230\307\224-\233\343kb\3611\221\216\356\314\255\265\365\230\225\223\314\311"..., 64) = 64
1520686350.679183 close(5)              = 0
1520686350.679218 open("/dev/urandom", O_RDONLY) = 5
1520686350.679231 fcntl(5, F_SETFD, FD_CLOEXEC) = 0
1520686350.679248 fstat(5, {st_mode=S_IFCHR|0666, st_rdev=makedev(1, 9), ...}) = 0
1520686350.679270 read(5, "\314\352\376w\201N\364m_\204\336\346\\D\363\t\360\244v=\217\314\325z8\332\374\221\362\350\324N"..., 64) = 64
1520686350.679289 close(5)              = 0
1520686350.679309 futex(0x7f0907dcd2e0, FUTEX_WAKE_PRIVATE, 2147483647) = 0
1520686350.679395 stat("/etc/krb5.conf", {st_mode=S_IFREG|0644, st_size=590, ...}) = 0
1520686350.679412 open("/etc/krb5.conf", O_RDONLY) = 5
1520686350.679425 fcntl(5, F_SETFD, FD_CLOEXEC) = 0
1520686350.679436 fstat(5, {st_mode=S_IFREG|0644, st_size=590, ...}) = 0
1520686350.679446 mmap(NULL, 4096, PROT_READ|PROT_WRITE, MAP_PRIVATE|MAP_ANONYMOUS, -1, 0) = 0x7f0909e1e000
1520686350.679458 read(5, "# Configuration snippets may be "..., 4096) = 590
1520686350.679473 openat(AT_FDCWD, "/etc/krb5.conf.d/", O_RDONLY|O_NONBLOCK|O_DIRECTORY|O_CLOEXEC) = 6
1520686350.679485 getdents(6, /* 2 entries */, 32768) = 48
1520686350.679496 getdents(6, /* 0 entries */, 32768) = 0
1520686350.679506 close(6)              = 0
1520686350.679523 read(5, "", 4096)     = 0
1520686350.679533 close(5)              = 0
1520686350.679543 munmap(0x7f0909e1e000, 4096) = 0
1520686350.679563 open("/dev/urandom", O_RDONLY) = 5
1520686350.679577 fcntl(5, F_SETFD, FD_CLOEXEC) = 0
1520686350.679587 fstat(5, {st_mode=S_IFCHR|0666, st_rdev=makedev(1, 9), ...}) = 0
1520686350.679597 read(5, "[<Z\5\216\245\310\373\265L\331;\374\23290\213\r\342\16\323mr\237\303&\257s7FB\274"..., 64) = 64
1520686350.679613 close(5)              = 0
1520686350.679640 access("/etc/krb5.conf", R_OK) = 0
1520686350.679656 stat("/etc/krb5.conf", {st_mode=S_IFREG|0644, st_size=590, ...}) = 0
1520686350.679670 open("/dev/urandom", O_RDONLY) = 5
1520686350.679682 fcntl(5, F_SETFD, FD_CLOEXEC) = 0
1520686350.679691 fstat(5, {st_mode=S_IFCHR|0666, st_rdev=makedev(1, 9), ...}) = 0
1520686350.679702 read(5, "\214\363z\271\254\267\201\3532\207\26\363p\7U5\327\360\305\345\2437NRSi\344\350I\303\1x"..., 64) = 64
1520686350.679717 close(5)              = 0
1520686350.679742 stat("/etc/sysconfig/64bit_strstr_via_64bit_strstr_sse2_unaligned", 0x7ffc99f15dd0) = -1 ENOENT (No such file or directory)
1520686350.679791 geteuid()             = 1002
1520686350.679826 open("/var/kerberos/krb5/user/1002/client.keytab", O_RDONLY) = -1 ENOENT (No such file or directory)
1520686350.679862 getuid()              = 1002
1520686350.679887 keyctl(KEYCTL_GET_PERSISTENT, 1002, KEY_SPEC_PROCESS_KEYRING) = 4503583
1520686350.679919 keyctl(KEYCTL_SEARCH, 4503583, "keyring", "_krb", KEY_SPEC_PROCESS_KEYRING) = 805520795
1520686350.679934 keyctl(KEYCTL_SEARCH, 805520795, "user", "krb_ccache:primary", 0) = 444782918
1520686350.679949 keyctl(KEYCTL_READ, 444782918, NULL, 0) = 12
1520686350.679961 keyctl(KEYCTL_READ, 444782918, "", 12) = 12
1520686350.679972 keyctl(KEYCTL_READ, 805520795, NULL, 0) = 4
1520686350.679982 keyctl(KEYCTL_READ, 805520795, "F\331\202\32", 4) = 4
1520686350.679992 keyctl(KEYCTL_SEARCH, 805520795, "keyring", "1002", 0) = -1 ENOKEY (Required key not available)
1520686350.680007 keyctl(KEYCTL_DESCRIBE, 444782918, NULL, 0) = 43
1520686350.680019 keyctl(KEYCTL_DESCRIBE, 444782918, "user;1002;1002;3f010000;krb_ccac"..., 43) = 43
1520686350.680057 stat("/etc/krb5.conf", {st_mode=S_IFREG|0644, st_size=590, ...}) = 0
1520686350.680073 open("/etc/krb5.conf", O_RDONLY) = 5
1520686350.680086 fcntl(5, F_SETFD, FD_CLOEXEC) = 0
1520686350.680097 fstat(5, {st_mode=S_IFREG|0644, st_size=590, ...}) = 0
1520686350.680108 mmap(NULL, 4096, PROT_READ|PROT_WRITE, MAP_PRIVATE|MAP_ANONYMOUS, -1, 0) = 0x7f0909e1e000
1520686350.680120 read(5, "# Configuration snippets may be "..., 4096) = 590
1520686350.680134 openat(AT_FDCWD, "/etc/krb5.conf.d/", O_RDONLY|O_NONBLOCK|O_DIRECTORY|O_CLOEXEC) = 6
1520686350.680147 getdents(6, /* 2 entries */, 32768) = 48
1520686350.680158 getdents(6, /* 0 entries */, 32768) = 0
1520686350.680168 close(6)              = 0
1520686350.680185 read(5, "", 4096)     = 0
1520686350.680195 close(5)              = 0
1520686350.680205 munmap(0x7f0909e1e000, 4096) = 0
1520686350.680230 open("/dev/urandom", O_RDONLY) = 5
1520686350.680244 fcntl(5, F_SETFD, FD_CLOEXEC) = 0
1520686350.680254 fstat(5, {st_mode=S_IFCHR|0666, st_rdev=makedev(1, 9), ...}) = 0
1520686350.680280 read(5, "5kRIyt\344\214Nyk\306\273g\224\350\177M\30\200=\317\377?n#\214\276\1a\332'"..., 64) = 64
1520686350.680296 close(5)              = 0
1520686350.680334 stat("/etc/krb5.conf", {st_mode=S_IFREG|0644, st_size=590, ...}) = 0
1520686350.680351 open("/etc/krb5.conf", O_RDONLY) = 5
1520686350.680363 fcntl(5, F_SETFD, FD_CLOEXEC) = 0
1520686350.680374 fstat(5, {st_mode=S_IFREG|0644, st_size=590, ...}) = 0
1520686350.680384 mmap(NULL, 4096, PROT_READ|PROT_WRITE, MAP_PRIVATE|MAP_ANONYMOUS, -1, 0) = 0x7f0909e1e000
1520686350.680400 read(5, "# Configuration snippets may be "..., 4096) = 590
1520686350.680414 openat(AT_FDCWD, "/etc/krb5.conf.d/", O_RDONLY|O_NONBLOCK|O_DIRECTORY|O_CLOEXEC) = 6
1520686350.680427 getdents(6, /* 2 entries */, 32768) = 48
1520686350.680438 getdents(6, /* 0 entries */, 32768) = 0
1520686350.680448 close(6)              = 0
1520686350.680464 read(5, "", 4096)     = 0
1520686350.680474 close(5)              = 0
1520686350.680484 munmap(0x7f0909e1e000, 4096) = 0
1520686350.680503 open("/dev/urandom", O_RDONLY) = 5
1520686350.680517 fcntl(5, F_SETFD, FD_CLOEXEC) = 0
1520686350.680526 fstat(5, {st_mode=S_IFCHR|0666, st_rdev=makedev(1, 9), ...}) = 0
1520686350.680537 read(5, "\341%\rL\223\202N\265\7\335\341\315\247w_\326hI\272\366\222\7\257VW\0179Y\272\216\202\35"..., 64) = 64
1520686350.680552 close(5)              = 0
1520686350.680582 stat("/etc/krb5.conf", {st_mode=S_IFREG|0644, st_size=590, ...}) = 0
1520686350.680598 open("/etc/krb5.conf", O_RDONLY) = 5
1520686350.680609 fcntl(5, F_SETFD, FD_CLOEXEC) = 0
1520686350.680620 fstat(5, {st_mode=S_IFREG|0644, st_size=590, ...}) = 0
1520686350.680630 mmap(NULL, 4096, PROT_READ|PROT_WRITE, MAP_PRIVATE|MAP_ANONYMOUS, -1, 0) = 0x7f0909e1e000
1520686350.680641 read(5, "# Configuration snippets may be "..., 4096) = 590
1520686350.680655 openat(AT_FDCWD, "/etc/krb5.conf.d/", O_RDONLY|O_NONBLOCK|O_DIRECTORY|O_CLOEXEC) = 6
1520686350.680667 getdents(6, /* 2 entries */, 32768) = 48
1520686350.680678 getdents(6, /* 0 entries */, 32768) = 0
1520686350.680688 close(6)              = 0
1520686350.680703 read(5, "", 4096)     = 0
1520686350.680714 close(5)              = 0
1520686350.680723 munmap(0x7f0909e1e000, 4096) = 0
1520686350.680742 open("/dev/urandom", O_RDONLY) = 5
1520686350.680777 fcntl(5, F_SETFD, FD_CLOEXEC) = 0
1520686350.680793 fstat(5, {st_mode=S_IFCHR|0666, st_rdev=makedev(1, 9), ...}) = 0
1520686350.680804 read(5, "\373#\234=SO\273\373f+w\266\33\36\207\375\307\275\262\276\263\224\202\331\330\370\372\246\360\222m\256"..., 64) = 64
1520686350.680820 close(5)              = 0
1520686350.680839 access("/etc/krb5.conf", R_OK) = 0
1520686350.680852 stat("/etc/krb5.conf", {st_mode=S_IFREG|0644, st_size=590, ...}) = 0
1520686350.680866 open("/dev/urandom", O_RDONLY) = 5
1520686350.680879 fcntl(5, F_SETFD, FD_CLOEXEC) = 0
1520686350.680888 fstat(5, {st_mode=S_IFCHR|0666, st_rdev=makedev(1, 9), ...}) = 0
1520686350.680898 read(5, "\22\345\242\356q\354\351&W\377j\346\312\365F\27\21\22\224A\3234\342\364^\265\317c\0023\374\355"..., 64) = 64
1520686350.680913 close(5)              = 0
1520686350.680930 geteuid()             = 1002
1520686350.680944 open("/var/kerberos/krb5/user/1002/client.keytab", O_RDONLY) = -1 ENOENT (No such file or directory)
1520686350.680964 getuid()              = 1002
1520686350.680976 keyctl(KEYCTL_GET_PERSISTENT, 1002, KEY_SPEC_PROCESS_KEYRING) = 4503583
1520686350.680990 keyctl(KEYCTL_SEARCH, 4503583, "keyring", "_krb", KEY_SPEC_PROCESS_KEYRING) = 805520795
1520686350.681003 keyctl(KEYCTL_SEARCH, 805520795, "user", "krb_ccache:primary", 0) = 444782918
1520686350.681015 keyctl(KEYCTL_READ, 444782918, NULL, 0) = 12
1520686350.681025 keyctl(KEYCTL_READ, 444782918, "", 12) = 12
1520686350.681035 keyctl(KEYCTL_READ, 805520795, NULL, 0) = 4
1520686350.681058 keyctl(KEYCTL_READ, 805520795, "F\331\202\32", 4) = 4
1520686350.681069 keyctl(KEYCTL_SEARCH, 805520795, "keyring", "1002", 0) = -1 ENOKEY (Required key not available)
1520686350.681086 keyctl(KEYCTL_DESCRIBE, 444782918, NULL, 0) = 43
1520686350.681097 keyctl(KEYCTL_DESCRIBE, 444782918, "user;1002;1002;3f010000;krb_ccac"..., 43) = 43
1520686350.681119 access("/etc/krb5.conf", R_OK) = 0
1520686350.681133 stat("/etc/krb5.conf", {st_mode=S_IFREG|0644, st_size=590, ...}) = 0
1520686350.681148 open("/dev/urandom", O_RDONLY) = 5
1520686350.681161 fcntl(5, F_SETFD, FD_CLOEXEC) = 0
1520686350.681170 fstat(5, {st_mode=S_IFCHR|0666, st_rdev=makedev(1, 9), ...}) = 0
1520686350.681180 read(5, "\264\241*\1\307=\256m]\223\312\367{I\267]\370\217\277\307\256\177vG\344\275\246m3\264\267\265"..., 64) = 64
1520686350.681195 close(5)              = 0
1520686350.681224 stat("/etc/krb5.conf", {st_mode=S_IFREG|0644, st_size=590, ...}) = 0
1520686350.681239 open("/etc/krb5.conf", O_RDONLY) = 5
1520686350.681250 fcntl(5, F_SETFD, FD_CLOEXEC) = 0
1520686350.681276 fstat(5, {st_mode=S_IFREG|0644, st_size=590, ...}) = 0
1520686350.681287 mmap(NULL, 4096, PROT_READ|PROT_WRITE, MAP_PRIVATE|MAP_ANONYMOUS, -1, 0) = 0x7f0909e1e000
1520686350.681299 read(5, "# Configuration snippets may be "..., 4096) = 590
1520686350.681313 openat(AT_FDCWD, "/etc/krb5.conf.d/", O_RDONLY|O_NONBLOCK|O_DIRECTORY|O_CLOEXEC) = 6
1520686350.681327 getdents(6, /* 2 entries */, 32768) = 48
1520686350.681338 getdents(6, /* 0 entries */, 32768) = 0
1520686350.681347 close(6)              = 0
1520686350.681364 read(5, "", 4096)     = 0
1520686350.681374 close(5)              = 0
1520686350.681384 munmap(0x7f0909e1e000, 4096) = 0
1520686350.681403 open("/dev/urandom", O_RDONLY) = 5
1520686350.681417 fcntl(5, F_SETFD, FD_CLOEXEC) = 0
1520686350.681426 fstat(5, {st_mode=S_IFCHR|0666, st_rdev=makedev(1, 9), ...}) = 0
1520686350.681437 read(5, "/\344\240(%j\246\311\222\250\377}i\271\216\37\16\247\250\234\327\353\254\376\2\202]|\256i\342\v"..., 64) = 64
1520686350.681452 close(5)              = 0
1520686350.681478 stat("/home/Jacob/.ssh/id_rsa", 0x7ffc99f165a0) = -1 ENOENT (No such file or directory)
1520686350.681495 stat("/home/Jacob/.ssh/id_dsa", 0x7ffc99f165a0) = -1 ENOENT (No such file or directory)
1520686350.681508 stat("/home/Jacob/.ssh/id_ecdsa", 0x7ffc99f165a0) = -1 ENOENT (No such file or directory)
1520686350.681520 stat("/home/Jacob/.ssh/id_ed25519", 0x7ffc99f165a0) = -1 ENOENT (No such file or directory)
1520686350.681537 open("/dev/tty", O_RDWR) = 5
1520686350.681553 close(5)              = 0
1520686350.681563 open("/dev/tty", O_RDWR) = 5
1520686350.681575 rt_sigaction(SIGALRM, {0x7f0909e7f790, [], SA_RESTORER, 0x7f090760d250}, {SIG_DFL, [], 0}, 8) = 0
1520686350.681590 rt_sigaction(SIGHUP, {0x7f0909e7f790, [], SA_RESTORER, 0x7f090760d250}, {SIG_DFL, [], 0}, 8) = 0
1520686350.681601 rt_sigaction(SIGINT, {0x7f0909e7f790, [], SA_RESTORER, 0x7f090760d250}, {SIG_DFL, [], 0}, 8) = 0
1520686350.681611 rt_sigaction(SIGPIPE, {0x7f0909e7f790, [], SA_RESTORER, 0x7f090760d250}, {SIG_IGN, [], SA_RESTORER, 0x7f090760d250}, 8) = 0
1520686350.681621 rt_sigaction(SIGQUIT, {0x7f0909e7f790, [], SA_RESTORER, 0x7f090760d250}, {SIG_DFL, [], 0}, 8) = 0
1520686350.681631 rt_sigaction(SIGTERM, {0x7f0909e7f790, [], SA_RESTORER, 0x7f090760d250}, {SIG_DFL, [], 0}, 8) = 0
1520686350.681641 rt_sigaction(SIGTSTP, {0x7f0909e7f790, [], SA_RESTORER, 0x7f090760d250}, {SIG_DFL, [], 0}, 8) = 0
1520686350.681651 rt_sigaction(SIGTTIN, {0x7f0909e7f790, [], SA_RESTORER, 0x7f090760d250}, {SIG_DFL, [], 0}, 8) = 0
1520686350.681661 rt_sigaction(SIGTTOU, {0x7f0909e7f790, [], SA_RESTORER, 0x7f090760d250}, {SIG_DFL, [], 0}, 8) = 0
1520686350.681671 ioctl(5, TCGETS, {B38400 opost isig icanon echo ...}) = 0
1520686350.681691 ioctl(5, SNDCTL_TMR_CONTINUE or TCSETSF, {B38400 opost isig icanon -echo ...}) = 0
1520686350.681704 write(5, "root@192.168.122.10's password: ", 32) = 32
1520686350.681718 read(5, "h", 1)       = 1
1520686350.681777 read(5, "a", 1)       = 1
1520686350.681793 read(5, "d", 1)       = 1
1520686350.681803 read(5, "o", 1)       = 1
1520686350.681813 read(5, "o", 1)       = 1
1520686350.681827 read(5, "p", 1)       = 1
1520686350.681837 read(5, "\n", 1)      = 1
1520686350.681847 write(5, "\n", 1)     = 1
1520686350.681859 ioctl(5, SNDCTL_TMR_CONTINUE or TCSETSF, {B38400 opost isig icanon echo ...}) = 0
1520686350.681871 rt_sigaction(SIGALRM, {SIG_DFL, [], SA_RESTORER, 0x7f090760d250}, NULL, 8) = 0
1520686350.681881 rt_sigaction(SIGHUP, {SIG_DFL, [], SA_RESTORER, 0x7f090760d250}, NULL, 8) = 0
1520686350.681891 rt_sigaction(SIGINT, {SIG_DFL, [], SA_RESTORER, 0x7f090760d250}, NULL, 8) = 0
1520686350.681900 rt_sigaction(SIGQUIT, {SIG_DFL, [], SA_RESTORER, 0x7f090760d250}, NULL, 8) = 0
1520686350.681910 rt_sigaction(SIGPIPE, {SIG_IGN, [], SA_RESTORER, 0x7f090760d250}, NULL, 8) = 0
1520686350.681919 rt_sigaction(SIGTERM, {SIG_DFL, [], SA_RESTORER, 0x7f090760d250}, NULL, 8) = 0
1520686350.681929 rt_sigaction(SIGTSTP, {SIG_DFL, [], SA_RESTORER, 0x7f090760d250}, NULL, 8) = 0
1520686350.681938 rt_sigaction(SIGTTIN, {SIG_DFL, [], SA_RESTORER, 0x7f090760d250}, NULL, 8) = 0
1520686350.681948 rt_sigaction(SIGTTOU, {SIG_DFL, [], SA_RESTORER, 0x7f090760d250}, NULL, 8) = 0
1520686350.681957 close(5)              = 0
1520686350.681974 write(4, "W\332\206\n\315=\3\201\t*\"X\227\225\223\211\253\302\322\323S3\266\261l\16Q<\24\16]^"..., 144) = 144
1520686350.682033 select(5, [4], NULL, NULL, NULL) = 1 (in [4])
1520686350.689496 read(4, "\17X)>\302 \23\207\362\376BcZGJ\235ax\211\274\343\265Z\365\303\362\302ch\5R\365", 8192) = 32
1520686350.689522 getpeername(4, {sa_family=AF_INET, sin_port=htons(22), sin_addr=inet_addr("192.168.122.10")}, [16]) = 0
1520686350.689558 dup(0)                = 5
1520686350.689569 dup(1)                = 6
1520686350.689577 dup(2)                = 7
1520686350.689586 ioctl(5, TCGETS, {B38400 opost isig icanon echo ...}) = 0
1520686350.689599 ioctl(6, TCGETS, {B38400 opost isig icanon echo ...}) = 0
1520686350.689609 ioctl(7, TCGETS, {B38400 opost isig icanon echo ...}) = 0
1520686350.689624 fcntl(5, F_SETFD, FD_CLOEXEC) = 0
1520686350.689634 fcntl(6, F_SETFD, FD_CLOEXEC) = 0
1520686350.689643 fcntl(7, F_SETFD, FD_CLOEXEC) = 0
1520686350.689660 rt_sigaction(SIGHUP, NULL, {SIG_DFL, [], SA_RESTORER, 0x7f090760d250}, 8) = 0
1520686350.689672 rt_sigaction(SIGHUP, {SIG_IGN, [], SA_RESTORER, 0x7f090760d250}, NULL, 8) = 0
1520686350.689682 rt_sigaction(SIGHUP, NULL, {SIG_IGN, [], SA_RESTORER, 0x7f090760d250}, 8) = 0
1520686350.689692 rt_sigaction(SIGHUP, {0x7f0909e34280, [], SA_RESTORER, 0x7f090760d250}, NULL, 8) = 0
1520686350.689702 rt_sigaction(SIGINT, NULL, {SIG_DFL, [], SA_RESTORER, 0x7f090760d250}, 8) = 0
1520686350.689711 rt_sigaction(SIGINT, {SIG_IGN, [], SA_RESTORER, 0x7f090760d250}, NULL, 8) = 0
1520686350.689721 rt_sigaction(SIGINT, NULL, {SIG_IGN, [], SA_RESTORER, 0x7f090760d250}, 8) = 0
1520686350.689730 rt_sigaction(SIGINT, {0x7f0909e34280, [], SA_RESTORER, 0x7f090760d250}, NULL, 8) = 0
1520686350.689740 rt_sigaction(SIGQUIT, NULL, {SIG_DFL, [], SA_RESTORER, 0x7f090760d250}, 8) = 0
1520686350.689765 rt_sigaction(SIGQUIT, {SIG_IGN, [], SA_RESTORER, 0x7f090760d250}, NULL, 8) = 0
1520686350.689775 rt_sigaction(SIGQUIT, NULL, {SIG_IGN, [], SA_RESTORER, 0x7f090760d250}, 8) = 0
1520686350.689785 rt_sigaction(SIGQUIT, {0x7f0909e34280, [], SA_RESTORER, 0x7f090760d250}, NULL, 8) = 0
1520686350.689794 rt_sigaction(SIGTERM, NULL, {SIG_DFL, [], SA_RESTORER, 0x7f090760d250}, 8) = 0
1520686350.689803 rt_sigaction(SIGTERM, {SIG_IGN, [], SA_RESTORER, 0x7f090760d250}, NULL, 8) = 0
1520686350.689813 rt_sigaction(SIGTERM, NULL, {SIG_IGN, [], SA_RESTORER, 0x7f090760d250}, 8) = 0
1520686350.689822 rt_sigaction(SIGTERM, {0x7f0909e34280, [], SA_RESTORER, 0x7f090760d250}, NULL, 8) = 0
1520686350.689832 rt_sigaction(SIGWINCH, NULL, {SIG_DFL, [], 0}, 8) = 0
1520686350.689841 rt_sigaction(SIGWINCH, {0x7f0909e34500, [], SA_RESTORER, 0x7f090760d250}, NULL, 8) = 0
1520686350.689851 ioctl(0, TCGETS, {B38400 opost isig icanon echo ...}) = 0
1520686350.689862 ioctl(0, SNDCTL_TMR_STOP or TCSETSW, {B38400 -opost -isig -icanon -echo ...}) = 0
1520686350.689876 clock_gettime(CLOCK_BOOTTIME, {30957, 280597813}) = 0
1520686350.689895 clock_gettime(CLOCK_BOOTTIME, {30957, 280616847}) = 0
1520686350.689906 select(8, [4], [4], NULL, NULL) = 1 (out [4])
1520686350.689921 clock_gettime(CLOCK_BOOTTIME, {30957, 280641932}) = 0
1520686350.689931 write(4, "\323\224\270\340\r\336-\5?\22\3\244C\271\306\340\372\236\02648\374\277O\257\255\255'\263\314G\27"..., 128) = 128
1520686350.689987 clock_gettime(CLOCK_BOOTTIME, {30957, 280708690}) = 0
1520686350.689998 clock_gettime(CLOCK_BOOTTIME, {30957, 280719197}) = 0
1520686350.690008 select(8, [4], [], NULL, NULL) = 1 (in [4])
1520686350.792145 clock_gettime(CLOCK_BOOTTIME, {30957, 382868530}) = 0
1520686350.792161 read(4, "\2509\374\231u;V@\r\24;\234H\253\215\232\312\311\354g9\1\367\257\267T+m\275[\252\315"..., 8192) = 48
1520686350.792189 getsockopt(4, SOL_TCP, TCP_NODELAY, [0], [4]) = 0
1520686350.792203 setsockopt(4, SOL_TCP, TCP_NODELAY, [1], 4) = 0
1520686350.792213 getsockname(4, {sa_family=AF_INET, sin_port=htons(40606), sin_addr=inet_addr("192.168.122.20")}, [16]) = 0
1520686350.792227 setsockopt(4, SOL_IP, IP_TOS, [16], 4) = 0
1520686350.792244 ioctl(0, TIOCGWINSZ, {ws_row=30, ws_col=179, ws_xpixel=0, ws_ypixel=0}) = 0
1520686350.792281 clock_gettime(CLOCK_BOOTTIME, {30957, 383002783}) = 0
1520686350.792292 clock_gettime(CLOCK_BOOTTIME, {30957, 383012812}) = 0
1520686350.792302 select(8, [4], [4], NULL, NULL) = 1 (out [4])
1520686350.792316 clock_gettime(CLOCK_BOOTTIME, {30957, 383037197}) = 0
1520686350.792328 write(4, "\264f\33\3g\373\263\325\2313\323\23)~\364\f\244\377A\217)\245\35Z\5\245\337G\6A\230\306"..., 448) = 448
1520686350.792403 clock_gettime(CLOCK_BOOTTIME, {30957, 383125075}) = 0
1520686350.792415 clock_gettime(CLOCK_BOOTTIME, {30957, 383135955}) = 0
1520686350.792425 select(8, [4], [], NULL, NULL) = 1 (in [4])
1520686350.796218 clock_gettime(CLOCK_BOOTTIME, {30957, 386939806}) = 0
1520686350.796231 read(4, "\361\260\316\302\316\230 \33\0WR\33\372w\221\25V\244\212`_\1\304N\271x\226\4\343\20`\373"..., 8192) = 112
1520686350.796252 clock_gettime(CLOCK_BOOTTIME, {30957, 386973627}) = 0
1520686350.796262 clock_gettime(CLOCK_BOOTTIME, {30957, 386983424}) = 0
1520686350.796272 select(8, [4 5], [], NULL, NULL) = 1 (in [4])
1520686350.798255 clock_gettime(CLOCK_BOOTTIME, {30957, 388977765}) = 0
1520686350.798268 read(4, "\303[\2427\210y4M\210|\0\n\373\213\307h|\26\351fE\217\321\226\304\250\360\310\224\27\264\341"..., 8192) = 96
1520686350.798335 clock_gettime(CLOCK_BOOTTIME, {30957, 389056549}) = 0
1520686350.798346 clock_gettime(CLOCK_BOOTTIME, {30957, 389066760}) = 0
1520686350.798356 select(8, [4 5], [6], NULL, NULL) = 1 (out [6])
1520686350.798371 clock_gettime(CLOCK_BOOTTIME, {30957, 389092705}) = 0
1520686350.798381 write(6, "Last login: Sat Mar 10 04:51:26 "..., 59) = 59
1520686350.798396 clock_gettime(CLOCK_BOOTTIME, {30957, 389117487}) = 0
1520686350.798406 clock_gettime(CLOCK_BOOTTIME, {30957, 389127019}) = 0
1520686350.798415 select(8, [4 5], [], NULL, NULL) = 1 (in [4])
1520686350.841449 clock_gettime(CLOCK_BOOTTIME, {30957, 432172257}) = 0
1520686350.841465 read(4, "\2166\350\n\10\343|v\277=\"\267\2*\315\275\363\225\226\325\32\327\232^W\305?\21\373 \231\37"..., 8192) = 112
1520686350.841492 clock_gettime(CLOCK_BOOTTIME, {30957, 432213649}) = 0
1520686350.841518 clock_gettime(CLOCK_BOOTTIME, {30957, 432239967}) = 0
1520686350.841530 select(8, [4 5], [6], NULL, NULL) = 1 (out [6])
1520686350.841546 clock_gettime(CLOCK_BOOTTIME, {30957, 432267638}) = 0
1520686350.841557 write(6, "\33]0;root@Breakering-server-00:~\7"..., 71) = 71
1520686350.841572 clock_gettime(CLOCK_BOOTTIME, {30957, 432293254}) = 0
1520686350.841582 clock_gettime(CLOCK_BOOTTIME, {30957, 432302671}) = 0
1520686350.841591 select(8, [4 5], [], NULL, NULL <detached ...>
