1520664270.335947 select(5, [4], NULL, NULL, NULL) = 1 (in [4])
1520664270.343501 read(4, "\0\0\3\274\n!\0\0\1\25\0\0\0\7ssh-rsa\0\0\0\1#\0\0\1\1\0\307"..., 8192) = 976
1520664270.343561 open("/home/Jacob/.ssh/known_hosts", O_RDONLY) = 5
1520664270.343597 fstat(5, {st_mode=S_IFREG|0644, st_size=396, ...}) = 0
1520664270.343616 mmap(NULL, 4096, PROT_READ|PROT_WRITE, MAP_PRIVATE|MAP_ANONYMOUS, -1, 0) = 0x7fe3144bb000
1520664270.343635 read(5, "192.168.122.10 ssh-rsa AAAAB3Nza"..., 4096) = 396
1520664270.343664 read(5, "", 4096)     = 0
1520664270.343675 close(5)              = 0
1520664270.343686 munmap(0x7fe3144bb000, 4096) = 0
1520664270.343707 open("/home/Jacob/.ssh/known_hosts2", O_RDONLY) = -1 ENOENT (No such file or directory)
1520664270.343730 open("/etc/ssh/ssh_known_hosts", O_RDONLY) = -1 ENOENT (No such file or directory)
1520664270.343742 open("/etc/ssh/ssh_known_hosts2", O_RDONLY) = -1 ENOENT (No such file or directory)
1520664270.345077 clock_gettime(CLOCK_BOOTTIME, {27918, 577015901}) = 0
1520664270.345098 write(4, "\0\0\0\f\n\25\0\0\0\0\0\0\0\0\0\0", 16) = 16
1520664270.345178 write(4, "\225\325k+ \262\334\205Mz\fG\362\232\365\37\301=\371\r\252\312u#\367(\326^\344\255\\\16"..., 48) = 48
1520664270.345204 select(5, [4], NULL, NULL, NULL) = 1 (in [4])
1520664270.385648 read(4, "\335\261<\31\246GK\35<\233<R.\372\272\347\22\24106P\"\n\2105\337)Nr \5:"..., 8192) = 48
1520664270.385690 write(4, "\253\245L\367\3]\271\300g\322dNUI\271\v\263\270>\335\347\231\nMcj\224\267\342\226\265\1"..., 64) = 64
1520664270.385739 select(5, [4], NULL, NULL, NULL) = 1 (in [4])
1520664270.387927 read(4, "\370\266\336\322)j\323I,b\273\331\325\303J\343\"\210\17~\24\32\332C\232(\5\334\366\347\5\241"..., 8192) = 80
1520664270.387980 futex(0x7fe3103d4510, FUTEX_WAKE_PRIVATE, 2147483647) = 0
1520664270.388019 futex(0x7fe3103d43b0, FUTEX_WAKE_PRIVATE, 2147483647) = 0
1520664270.388100 futex(0x7fe31299ffa0, FUTEX_WAKE_PRIVATE, 2147483647) = 0
1520664270.388116 lstat("/etc/gss/mech", 0x7ffdc8b273e0) = -1 ENOENT (No such file or directory)
1520664270.388145 openat(AT_FDCWD, "/etc/gss/mech.d", O_RDONLY|O_NONBLOCK|O_DIRECTORY|O_CLOEXEC) = 5
1520664270.388170 getdents(5, /* 2 entries */, 32768) = 48
1520664270.388186 getdents(5, /* 0 entries */, 32768) = 0
1520664270.388196 close(5)              = 0
1520664270.388299 futex(0x7fe312751440, FUTEX_WAKE_PRIVATE, 2147483647) = 0
1520664270.388331 futex(0x7fe3127525d0, FUTEX_WAKE_PRIVATE, 2147483647) = 0
1520664270.388354 stat("/etc/krb5.conf", {st_mode=S_IFREG|0644, st_size=590, ...}) = 0
1520664270.388377 open("/etc/krb5.conf", O_RDONLY) = 5
1520664270.388393 fcntl(5, F_SETFD, FD_CLOEXEC) = 0
1520664270.388413 fstat(5, {st_mode=S_IFREG|0644, st_size=590, ...}) = 0
1520664270.388424 mmap(NULL, 4096, PROT_READ|PROT_WRITE, MAP_PRIVATE|MAP_ANONYMOUS, -1, 0) = 0x7fe3144bb000
1520664270.388439 read(5, "# Configuration snippets may be "..., 4096) = 590
1520664270.388457 openat(AT_FDCWD, "/etc/krb5.conf.d/", O_RDONLY|O_NONBLOCK|O_DIRECTORY|O_CLOEXEC) = 6
1520664270.388473 getdents(6, /* 2 entries */, 32768) = 48
1520664270.388484 getdents(6, /* 0 entries */, 32768) = 0
1520664270.388495 close(6)              = 0
1520664270.388513 read(5, "", 4096)     = 0
1520664270.388526 close(5)              = 0
1520664270.388537 munmap(0x7fe3144bb000, 4096) = 0
1520664270.388573 open("/dev/urandom", O_RDONLY) = 5
1520664270.388592 fcntl(5, F_SETFD, FD_CLOEXEC) = 0
1520664270.388603 fstat(5, {st_mode=S_IFCHR|0666, st_rdev=makedev(1, 9), ...}) = 0
1520664270.388616 read(5, "\324\211?\20\246\342Z\32g\262\362Ho\\\340\271\n\7z2u\304\241\16\325\372\376u:\30_\311"..., 64) = 64
1520664270.388635 close(5)              = 0
1520664270.388670 open("/dev/urandom", O_RDONLY) = 5
1520664270.388682 fcntl(5, F_SETFD, FD_CLOEXEC) = 0
1520664270.388691 fstat(5, {st_mode=S_IFCHR|0666, st_rdev=makedev(1, 9), ...}) = 0
1520664270.388701 read(5, "\312\260\260 \rj\326\4A\277\32\n\3275\346\254bB~\362\"\345\253\335@y\304M\t~\263M"..., 64) = 64
1520664270.388716 close(5)              = 0
1520664270.388734 futex(0x7fe31246a2e0, FUTEX_WAKE_PRIVATE, 2147483647) = 0
1520664270.388826 stat("/etc/krb5.conf", {st_mode=S_IFREG|0644, st_size=590, ...}) = 0
1520664270.388843 open("/etc/krb5.conf", O_RDONLY) = 5
1520664270.388855 fcntl(5, F_SETFD, FD_CLOEXEC) = 0
1520664270.388866 fstat(5, {st_mode=S_IFREG|0644, st_size=590, ...}) = 0
1520664270.388876 mmap(NULL, 4096, PROT_READ|PROT_WRITE, MAP_PRIVATE|MAP_ANONYMOUS, -1, 0) = 0x7fe3144bb000
1520664270.388888 read(5, "# Configuration snippets may be "..., 4096) = 590
1520664270.388902 openat(AT_FDCWD, "/etc/krb5.conf.d/", O_RDONLY|O_NONBLOCK|O_DIRECTORY|O_CLOEXEC) = 6
1520664270.388914 getdents(6, /* 2 entries */, 32768) = 48
1520664270.388925 getdents(6, /* 0 entries */, 32768) = 0
1520664270.388934 close(6)              = 0
1520664270.388951 read(5, "", 4096)     = 0
1520664270.388961 close(5)              = 0
1520664270.388970 munmap(0x7fe3144bb000, 4096) = 0
1520664270.388989 open("/dev/urandom", O_RDONLY) = 5
1520664270.389003 fcntl(5, F_SETFD, FD_CLOEXEC) = 0
1520664270.389012 fstat(5, {st_mode=S_IFCHR|0666, st_rdev=makedev(1, 9), ...}) = 0
1520664270.389023 read(5, "\237\3\241\0252\206\271\6\210\366\260\f\212\f\340\321gv\276q\"\211\363A\17>\210\223\6!\203\225"..., 64) = 64
1520664270.389039 close(5)              = 0
1520664270.389065 access("/etc/krb5.conf", R_OK) = 0
1520664270.389080 stat("/etc/krb5.conf", {st_mode=S_IFREG|0644, st_size=590, ...}) = 0
1520664270.389094 open("/dev/urandom", O_RDONLY) = 5
1520664270.389105 fcntl(5, F_SETFD, FD_CLOEXEC) = 0
1520664270.389114 fstat(5, {st_mode=S_IFCHR|0666, st_rdev=makedev(1, 9), ...}) = 0
1520664270.389124 read(5, "\3411#\264\314c]\252>\2\346Q\202\333\364\365\350X\221\261\366\332\2557\200\207\253\326W\33\264\313"..., 64) = 64
1520664270.389139 close(5)              = 0
1520664270.389163 stat("/etc/sysconfig/64bit_strstr_via_64bit_strstr_sse2_unaligned", 0x7ffdc8b26c90) = -1 ENOENT (No such file or directory)
1520664270.389184 geteuid()             = 1002
1520664270.389212 open("/var/kerberos/krb5/user/1002/client.keytab", O_RDONLY) = -1 ENOENT (No such file or directory)
1520664270.389266 getuid()              = 1002
1520664270.389299 keyctl(KEYCTL_GET_PERSISTENT, 1002, KEY_SPEC_PROCESS_KEYRING) = 4503583
1520664270.389324 keyctl(KEYCTL_SEARCH, 4503583, "keyring", "_krb", KEY_SPEC_PROCESS_KEYRING) = 805520795
1520664270.389339 keyctl(KEYCTL_SEARCH, 805520795, "user", "krb_ccache:primary", 0) = 444782918
1520664270.389354 keyctl(KEYCTL_READ, 444782918, NULL, 0) = 12
1520664270.389366 keyctl(KEYCTL_READ, 444782918, "", 12) = 12
1520664270.389377 keyctl(KEYCTL_READ, 805520795, NULL, 0) = 4
1520664270.389386 keyctl(KEYCTL_READ, 805520795, "F\331\202\32", 4) = 4
1520664270.389396 keyctl(KEYCTL_SEARCH, 805520795, "keyring", "1002", 0) = -1 ENOKEY (Required key not available)
1520664270.389411 keyctl(KEYCTL_DESCRIBE, 444782918, NULL, 0) = 43
1520664270.389423 keyctl(KEYCTL_DESCRIBE, 444782918, "user;1002;1002;3f010000;krb_ccac"..., 43) = 43
1520664270.389461 stat("/etc/krb5.conf", {st_mode=S_IFREG|0644, st_size=590, ...}) = 0
1520664270.389476 open("/etc/krb5.conf", O_RDONLY) = 5
1520664270.389489 fcntl(5, F_SETFD, FD_CLOEXEC) = 0
1520664270.389500 fstat(5, {st_mode=S_IFREG|0644, st_size=590, ...}) = 0
1520664270.389510 mmap(NULL, 4096, PROT_READ|PROT_WRITE, MAP_PRIVATE|MAP_ANONYMOUS, -1, 0) = 0x7fe3144bb000
1520664270.389521 read(5, "# Configuration snippets may be "..., 4096) = 590
1520664270.389535 openat(AT_FDCWD, "/etc/krb5.conf.d/", O_RDONLY|O_NONBLOCK|O_DIRECTORY|O_CLOEXEC) = 6
1520664270.389547 getdents(6, /* 2 entries */, 32768) = 48
1520664270.389559 getdents(6, /* 0 entries */, 32768) = 0
1520664270.389568 close(6)              = 0
1520664270.389584 read(5, "", 4096)     = 0
1520664270.389595 close(5)              = 0
1520664270.389604 munmap(0x7fe3144bb000, 4096) = 0
1520664270.389623 open("/dev/urandom", O_RDONLY) = 5
1520664270.389637 fcntl(5, F_SETFD, FD_CLOEXEC) = 0
1520664270.389646 fstat(5, {st_mode=S_IFCHR|0666, st_rdev=makedev(1, 9), ...}) = 0
1520664270.389657 read(5, "\355\r`\221G\252\351g\223*\36\343V\264\263\376\315\330|q6\273dO\365:!;\243\2047J"..., 64) = 64
1520664270.389677 close(5)              = 0
1520664270.389713 stat("/etc/krb5.conf", {st_mode=S_IFREG|0644, st_size=590, ...}) = 0
1520664270.389728 open("/etc/krb5.conf", O_RDONLY) = 5
1520664270.389740 fcntl(5, F_SETFD, FD_CLOEXEC) = 0
1520664270.389750 fstat(5, {st_mode=S_IFREG|0644, st_size=590, ...}) = 0
1520664270.389760 mmap(NULL, 4096, PROT_READ|PROT_WRITE, MAP_PRIVATE|MAP_ANONYMOUS, -1, 0) = 0x7fe3144bb000
1520664270.389771 read(5, "# Configuration snippets may be "..., 4096) = 590
1520664270.389786 openat(AT_FDCWD, "/etc/krb5.conf.d/", O_RDONLY|O_NONBLOCK|O_DIRECTORY|O_CLOEXEC) = 6
1520664270.389798 getdents(6, /* 2 entries */, 32768) = 48
1520664270.389808 getdents(6, /* 0 entries */, 32768) = 0
1520664270.389817 close(6)              = 0
1520664270.389833 read(5, "", 4096)     = 0
1520664270.389843 close(5)              = 0
1520664270.389852 munmap(0x7fe3144bb000, 4096) = 0
1520664270.389871 open("/dev/urandom", O_RDONLY) = 5
1520664270.389885 fcntl(5, F_SETFD, FD_CLOEXEC) = 0
1520664270.389894 fstat(5, {st_mode=S_IFCHR|0666, st_rdev=makedev(1, 9), ...}) = 0
1520664270.389904 read(5, "L\27\3\225\336&\351\302H\320q\214\236P\223<C\323\tF\377y\27039\362\31\201_\200\346v"..., 64) = 64
1520664270.389919 close(5)              = 0
1520664270.389948 stat("/etc/krb5.conf", {st_mode=S_IFREG|0644, st_size=590, ...}) = 0
1520664270.389963 open("/etc/krb5.conf", O_RDONLY) = 5
1520664270.389974 fcntl(5, F_SETFD, FD_CLOEXEC) = 0
1520664270.389984 fstat(5, {st_mode=S_IFREG|0644, st_size=590, ...}) = 0
1520664270.389994 mmap(NULL, 4096, PROT_READ|PROT_WRITE, MAP_PRIVATE|MAP_ANONYMOUS, -1, 0) = 0x7fe3144bb000
1520664270.390005 read(5, "# Configuration snippets may be "..., 4096) = 590
1520664270.390018 openat(AT_FDCWD, "/etc/krb5.conf.d/", O_RDONLY|O_NONBLOCK|O_DIRECTORY|O_CLOEXEC) = 6
1520664270.390031 getdents(6, /* 2 entries */, 32768) = 48
1520664270.390041 getdents(6, /* 0 entries */, 32768) = 0
1520664270.390050 close(6)              = 0
1520664270.390066 read(5, "", 4096)     = 0
1520664270.390076 close(5)              = 0
1520664270.390085 munmap(0x7fe3144bb000, 4096) = 0
1520664270.390103 open("/dev/urandom", O_RDONLY) = 5
1520664270.390117 fcntl(5, F_SETFD, FD_CLOEXEC) = 0
1520664270.390126 fstat(5, {st_mode=S_IFCHR|0666, st_rdev=makedev(1, 9), ...}) = 0
1520664270.390136 read(5, "\247?\365\216\20\340?J\341\212\\\345[\23\\0\234S@\1\5\256\305\3636\375\10j2\327\377;"..., 64) = 64
1520664270.390151 close(5)              = 0
1520664270.390168 access("/etc/krb5.conf", R_OK) = 0
1520664270.390180 stat("/etc/krb5.conf", {st_mode=S_IFREG|0644, st_size=590, ...}) = 0
1520664270.390193 open("/dev/urandom", O_RDONLY) = 5
1520664270.390204 fcntl(5, F_SETFD, FD_CLOEXEC) = 0
1520664270.390213 fstat(5, {st_mode=S_IFCHR|0666, st_rdev=makedev(1, 9), ...}) = 0
1520664270.390223 read(5, "\226O9oA\240H\357\337\257\372\251\370\211\245r\35\"\333xi.\321\317eY\323\246K\345V\333"..., 64) = 64
1520664270.390238 close(5)              = 0
1520664270.390254 geteuid()             = 1002
1520664270.390293 open("/var/kerberos/krb5/user/1002/client.keytab", O_RDONLY) = -1 ENOENT (No such file or directory)
1520664270.390315 getuid()              = 1002
1520664270.390328 keyctl(KEYCTL_GET_PERSISTENT, 1002, KEY_SPEC_PROCESS_KEYRING) = 4503583
1520664270.390340 keyctl(KEYCTL_SEARCH, 4503583, "keyring", "_krb", KEY_SPEC_PROCESS_KEYRING) = 805520795
1520664270.390354 keyctl(KEYCTL_SEARCH, 805520795, "user", "krb_ccache:primary", 0) = 444782918
1520664270.390365 keyctl(KEYCTL_READ, 444782918, NULL, 0) = 12
1520664270.390374 keyctl(KEYCTL_READ, 444782918, "", 12) = 12
1520664270.390385 keyctl(KEYCTL_READ, 805520795, NULL, 0) = 4
1520664270.390394 keyctl(KEYCTL_READ, 805520795, "F\331\202\32", 4) = 4
1520664270.390404 keyctl(KEYCTL_SEARCH, 805520795, "keyring", "1002", 0) = -1 ENOKEY (Required key not available)
1520664270.390416 keyctl(KEYCTL_DESCRIBE, 444782918, NULL, 0) = 43
1520664270.390426 keyctl(KEYCTL_DESCRIBE, 444782918, "user;1002;1002;3f010000;krb_ccac"..., 43) = 43
1520664270.390448 access("/etc/krb5.conf", R_OK) = 0
1520664270.390460 stat("/etc/krb5.conf", {st_mode=S_IFREG|0644, st_size=590, ...}) = 0
1520664270.390480 open("/dev/urandom", O_RDONLY) = 5
1520664270.390493 fcntl(5, F_SETFD, FD_CLOEXEC) = 0
1520664270.390502 fstat(5, {st_mode=S_IFCHR|0666, st_rdev=makedev(1, 9), ...}) = 0
1520664270.390512 read(5, "\222~{\224\334!&4\225)\3\225\30\247\n\t\10\254o1\313\5\225s\344:\246eH;\v\211"..., 64) = 64
1520664270.390527 close(5)              = 0
1520664270.390555 stat("/etc/krb5.conf", {st_mode=S_IFREG|0644, st_size=590, ...}) = 0
1520664270.390569 open("/etc/krb5.conf", O_RDONLY) = 5
1520664270.390580 fcntl(5, F_SETFD, FD_CLOEXEC) = 0
1520664270.390591 fstat(5, {st_mode=S_IFREG|0644, st_size=590, ...}) = 0
1520664270.390601 mmap(NULL, 4096, PROT_READ|PROT_WRITE, MAP_PRIVATE|MAP_ANONYMOUS, -1, 0) = 0x7fe3144bb000
1520664270.390613 read(5, "# Configuration snippets may be "..., 4096) = 590
1520664270.390626 openat(AT_FDCWD, "/etc/krb5.conf.d/", O_RDONLY|O_NONBLOCK|O_DIRECTORY|O_CLOEXEC) = 6
1520664270.390639 getdents(6, /* 2 entries */, 32768) = 48
1520664270.390650 getdents(6, /* 0 entries */, 32768) = 0
1520664270.390659 close(6)              = 0
1520664270.390675 read(5, "", 4096)     = 0
1520664270.390685 close(5)              = 0
1520664270.390694 munmap(0x7fe3144bb000, 4096) = 0
1520664270.390713 open("/dev/urandom", O_RDONLY) = 5
1520664270.390727 fcntl(5, F_SETFD, FD_CLOEXEC) = 0
1520664270.390735 fstat(5, {st_mode=S_IFCHR|0666, st_rdev=makedev(1, 9), ...}) = 0
1520664270.390746 read(5, "\7\1\316\333Ba\335)\371W\212?\223\321\25\335\2\265[\316\306&\276\21\316\1U\226\222\301\214/"..., 64) = 64
1520664270.390761 close(5)              = 0
1520664270.390785 stat("/home/Jacob/.ssh/id_rsa", 0x7ffdc8b27460) = -1 ENOENT (No such file or directory)
1520664270.390802 stat("/home/Jacob/.ssh/id_dsa", 0x7ffdc8b27460) = -1 ENOENT (No such file or directory)
1520664270.390814 stat("/home/Jacob/.ssh/id_ecdsa", 0x7ffdc8b27460) = -1 ENOENT (No such file or directory)
1520664270.390826 stat("/home/Jacob/.ssh/id_ed25519", 0x7ffdc8b27460) = -1 ENOENT (No such file or directory)
1520664270.390841 open("/dev/tty", O_RDWR) = 5
1520664270.390856 close(5)              = 0
1520664270.390866 open("/dev/tty", O_RDWR) = 5
1520664270.390877 rt_sigaction(SIGALRM, {0x7fe31451c790, [], SA_RESTORER, 0x7fe311caa250}, {SIG_DFL, [], 0}, 8) = 0
1520664270.390892 rt_sigaction(SIGHUP, {0x7fe31451c790, [], SA_RESTORER, 0x7fe311caa250}, {SIG_DFL, [], 0}, 8) = 0
1520664270.390903 rt_sigaction(SIGINT, {0x7fe31451c790, [], SA_RESTORER, 0x7fe311caa250}, {SIG_DFL, [], 0}, 8) = 0
1520664270.390913 rt_sigaction(SIGPIPE, {0x7fe31451c790, [], SA_RESTORER, 0x7fe311caa250}, {SIG_IGN, [], SA_RESTORER, 0x7fe311caa250}, 8) = 0
1520664270.390923 rt_sigaction(SIGQUIT, {0x7fe31451c790, [], SA_RESTORER, 0x7fe311caa250}, {SIG_DFL, [], 0}, 8) = 0
1520664270.390933 rt_sigaction(SIGTERM, {0x7fe31451c790, [], SA_RESTORER, 0x7fe311caa250}, {SIG_DFL, [], 0}, 8) = 0
1520664270.390943 rt_sigaction(SIGTSTP, {0x7fe31451c790, [], SA_RESTORER, 0x7fe311caa250}, {SIG_DFL, [], 0}, 8) = 0
1520664270.390952 rt_sigaction(SIGTTIN, {0x7fe31451c790, [], SA_RESTORER, 0x7fe311caa250}, {SIG_DFL, [], 0}, 8) = 0
1520664270.390962 rt_sigaction(SIGTTOU, {0x7fe31451c790, [], SA_RESTORER, 0x7fe311caa250}, {SIG_DFL, [], 0}, 8) = 0
1520664270.390973 ioctl(5, TCGETS, {B38400 opost isig icanon echo ...}) = 0
1520664270.390992 ioctl(5, SNDCTL_TMR_CONTINUE or TCSETSF, {B38400 opost isig icanon -echo ...}) = 0
1520664270.391005 write(5, "root@192.168.122.10's password: ", 32) = 32
1520664270.391019 read(5, "h", 1)       = 1
1520664270.391061 read(5, "a", 1)       = 1
1520664270.391071 read(5, "d", 1)       = 1
1520664270.391080 read(5, "o", 1)       = 1
1520664270.391090 read(5, "o", 1)       = 1
1520664270.391099 read(5, "p", 1)       = 1
1520664270.391108 read(5, "\n", 1)      = 1
1520664270.391118 write(5, "\n", 1)     = 1
1520664270.391129 ioctl(5, SNDCTL_TMR_CONTINUE or TCSETSF, {B38400 opost isig icanon echo ...}) = 0
1520664270.391142 rt_sigaction(SIGALRM, {SIG_DFL, [], SA_RESTORER, 0x7fe311caa250}, NULL, 8) = 0
1520664270.391157 rt_sigaction(SIGHUP, {SIG_DFL, [], SA_RESTORER, 0x7fe311caa250}, NULL, 8) = 0
1520664270.391177 rt_sigaction(SIGINT, {SIG_DFL, [], SA_RESTORER, 0x7fe311caa250}, NULL, 8) = 0
1520664270.391192 rt_sigaction(SIGQUIT, {SIG_DFL, [], SA_RESTORER, 0x7fe311caa250}, NULL, 8) = 0
1520664270.391205 rt_sigaction(SIGPIPE, {SIG_IGN, [], SA_RESTORER, 0x7fe311caa250}, NULL, 8) = 0
1520664270.391218 rt_sigaction(SIGTERM, {SIG_DFL, [], SA_RESTORER, 0x7fe311caa250}, NULL, 8) = 0
1520664270.391227 rt_sigaction(SIGTSTP, {SIG_DFL, [], SA_RESTORER, 0x7fe311caa250}, NULL, 8) = 0
1520664270.391236 rt_sigaction(SIGTTIN, {SIG_DFL, [], SA_RESTORER, 0x7fe311caa250}, NULL, 8) = 0
1520664270.391246 rt_sigaction(SIGTTOU, {SIG_DFL, [], SA_RESTORER, 0x7fe311caa250}, NULL, 8) = 0
1520664270.391275 close(5)              = 0
1520664270.391297 write(4, "\313\361\277\261\10\303\236\32\322\226\313\335\25\321\211L\227\352\360\3549\351\366\304\250t\350c\347,\237 "..., 144) = 144
1520664270.391361 select(5, [4], NULL, NULL, NULL) = 1 (in [4])
1520664270.399113 read(4, "/\300\300\225\223;\271\313[\337\331\220\6\206\331\311'G\277\255\206\264:\33\23\355\3m\274\2420{", 8192) = 32
1520664270.399142 getpeername(4, {sa_family=AF_INET, sin_port=htons(22), sin_addr=inet_addr("192.168.122.10")}, [16]) = 0
1520664270.399178 dup(0)                = 5
1520664270.399188 dup(1)                = 6
1520664270.399196 dup(2)                = 7
1520664270.399205 ioctl(5, TCGETS, {B38400 opost isig icanon echo ...}) = 0
1520664270.399218 ioctl(6, TCGETS, {B38400 opost isig icanon echo ...}) = 0
1520664270.399228 ioctl(7, TCGETS, {B38400 opost isig icanon echo ...}) = 0
1520664270.399300 fcntl(5, F_SETFD, FD_CLOEXEC) = 0
1520664270.399313 fcntl(6, F_SETFD, FD_CLOEXEC) = 0
1520664270.399321 fcntl(7, F_SETFD, FD_CLOEXEC) = 0
1520664270.399340 rt_sigaction(SIGHUP, NULL, {SIG_DFL, [], SA_RESTORER, 0x7fe311caa250}, 8) = 0
1520664270.399352 rt_sigaction(SIGHUP, {SIG_IGN, [], SA_RESTORER, 0x7fe311caa250}, NULL, 8) = 0
1520664270.399362 rt_sigaction(SIGHUP, NULL, {SIG_IGN, [], SA_RESTORER, 0x7fe311caa250}, 8) = 0
1520664270.399372 rt_sigaction(SIGHUP, {0x7fe3144d1280, [], SA_RESTORER, 0x7fe311caa250}, NULL, 8) = 0
1520664270.399382 rt_sigaction(SIGINT, NULL, {SIG_DFL, [], SA_RESTORER, 0x7fe311caa250}, 8) = 0
1520664270.399391 rt_sigaction(SIGINT, {SIG_IGN, [], SA_RESTORER, 0x7fe311caa250}, NULL, 8) = 0
1520664270.399400 rt_sigaction(SIGINT, NULL, {SIG_IGN, [], SA_RESTORER, 0x7fe311caa250}, 8) = 0
1520664270.399410 rt_sigaction(SIGINT, {0x7fe3144d1280, [], SA_RESTORER, 0x7fe311caa250}, NULL, 8) = 0
1520664270.399419 rt_sigaction(SIGQUIT, NULL, {SIG_DFL, [], SA_RESTORER, 0x7fe311caa250}, 8) = 0
1520664270.399429 rt_sigaction(SIGQUIT, {SIG_IGN, [], SA_RESTORER, 0x7fe311caa250}, NULL, 8) = 0
1520664270.399438 rt_sigaction(SIGQUIT, NULL, {SIG_IGN, [], SA_RESTORER, 0x7fe311caa250}, 8) = 0
1520664270.399447 rt_sigaction(SIGQUIT, {0x7fe3144d1280, [], SA_RESTORER, 0x7fe311caa250}, NULL, 8) = 0
1520664270.399457 rt_sigaction(SIGTERM, NULL, {SIG_DFL, [], SA_RESTORER, 0x7fe311caa250}, 8) = 0
1520664270.399466 rt_sigaction(SIGTERM, {SIG_IGN, [], SA_RESTORER, 0x7fe311caa250}, NULL, 8) = 0
1520664270.399475 rt_sigaction(SIGTERM, NULL, {SIG_IGN, [], SA_RESTORER, 0x7fe311caa250}, 8) = 0
1520664270.399485 rt_sigaction(SIGTERM, {0x7fe3144d1280, [], SA_RESTORER, 0x7fe311caa250}, NULL, 8) = 0
1520664270.399494 rt_sigaction(SIGWINCH, NULL, {SIG_DFL, [], 0}, 8) = 0
1520664270.399504 rt_sigaction(SIGWINCH, {0x7fe3144d1500, [], SA_RESTORER, 0x7fe311caa250}, NULL, 8) = 0
1520664270.399513 ioctl(0, TCGETS, {B38400 opost isig icanon echo ...}) = 0
1520664270.399525 ioctl(0, SNDCTL_TMR_STOP or TCSETSW, {B38400 -opost -isig -icanon -echo ...}) = 0
1520664270.399538 clock_gettime(CLOCK_BOOTTIME, {27918, 631470466}) = 0
1520664270.399550 clock_gettime(CLOCK_BOOTTIME, {27918, 631481119}) = 0
1520664270.399560 select(8, [4], [4], NULL, NULL) = 1 (out [4])
1520664270.399574 clock_gettime(CLOCK_BOOTTIME, {27918, 631505945}) = 0
1520664270.399585 write(4, "'\347~rM\307\201\3061c$\202wH\36\316kNj\327\202dV%\370\330\"\376\372(\357\340"..., 128) = 128
1520664270.399650 clock_gettime(CLOCK_BOOTTIME, {27918, 631582264}) = 0
1520664270.399661 clock_gettime(CLOCK_BOOTTIME, {27918, 631592884}) = 0
1520664270.399671 select(8, [4], [], NULL, NULL) = 1 (in [4])
1520664270.501594 clock_gettime(CLOCK_BOOTTIME, {27918, 733528068}) = 0
1520664270.501625 read(4, "N\36\223-v4\233:\27\f\254\217\26\30]\234a\30\32\255\317:v\237\240\372\24\312I\314\212\304"..., 8192) = 48
1520664270.501655 getsockopt(4, SOL_TCP, TCP_NODELAY, [0], [4]) = 0
1520664270.501668 setsockopt(4, SOL_TCP, TCP_NODELAY, [1], 4) = 0
1520664270.501678 getsockname(4, {sa_family=AF_INET, sin_port=htons(40474), sin_addr=inet_addr("192.168.122.20")}, [16]) = 0
1520664270.501692 setsockopt(4, SOL_IP, IP_TOS, [16], 4) = 0
1520664270.501709 ioctl(0, TIOCGWINSZ, {ws_row=30, ws_col=179, ws_xpixel=0, ws_ypixel=0}) = 0
1520664270.501753 clock_gettime(CLOCK_BOOTTIME, {27918, 733686410}) = 0
1520664270.501766 clock_gettime(CLOCK_BOOTTIME, {27918, 733697059}) = 0
1520664270.501776 select(8, [4], [4], NULL, NULL) = 1 (out [4])
1520664270.501790 clock_gettime(CLOCK_BOOTTIME, {27918, 733721634}) = 0
1520664270.501807 write(4, "\244\255R0}7\245\305\20\364\27\216\302\263\3~\231r?\206\341\25qy\203\325d\10\236\3539r"..., 448) = 448
1520664270.501877 clock_gettime(CLOCK_BOOTTIME, {27918, 733809265}) = 0
1520664270.501889 clock_gettime(CLOCK_BOOTTIME, {27918, 733820008}) = 0
1520664270.501898 select(8, [4], [], NULL, NULL) = 1 (in [4])
1520664270.504350 clock_gettime(CLOCK_BOOTTIME, {27918, 736283303}) = 0
1520664270.504364 read(4, "J\213\300B\315\346\262\361'o,o2g\206yr'\337\36\324\255q5^\333\362\262\270qZ\f"..., 8192) = 112
1520664270.504385 clock_gettime(CLOCK_BOOTTIME, {27918, 736316705}) = 0
1520664270.504395 clock_gettime(CLOCK_BOOTTIME, {27918, 736326384}) = 0
1520664270.504405 select(8, [4 5], [], NULL, NULL) = 1 (in [4])
1520664270.506440 clock_gettime(CLOCK_BOOTTIME, {27918, 738373331}) = 0
1520664270.506454 read(4, "\375c\373^\7\0\323\360Q x\223\216\27g\0340\23\334\0101\222\345\215\3368\342=\346h\370\25"..., 8192) = 96
1520664270.506513 clock_gettime(CLOCK_BOOTTIME, {27918, 738445263}) = 0
1520664270.506524 clock_gettime(CLOCK_BOOTTIME, {27918, 738455316}) = 0
1520664270.506534 select(8, [4 5], [6], NULL, NULL) = 1 (out [6])
1520664270.506550 clock_gettime(CLOCK_BOOTTIME, {27918, 738481278}) = 0
1520664270.506560 write(6, "Last login: Sat Mar 10 04:00:47 "..., 59) = 59
1520664270.506575 clock_gettime(CLOCK_BOOTTIME, {27918, 738506199}) = 0
1520664270.506584 clock_gettime(CLOCK_BOOTTIME, {27918, 738515525}) = 0
1520664270.506607 select(8, [4 5], [], NULL, NULL) = 1 (in [4])
1520664270.545195 clock_gettime(CLOCK_BOOTTIME, {27918, 777130241}) = 0
1520664270.545214 read(4, ".\32\237\17\261\253\332\3569@\30\\'\272\273\254y\303\367\267\261Q\223\250Z \351?\273\340\375\256"..., 8192) = 112
1520664270.545244 clock_gettime(CLOCK_BOOTTIME, {27918, 777175783}) = 0
1520664270.545254 clock_gettime(CLOCK_BOOTTIME, {27918, 777185896}) = 0
1520664270.545265 select(8, [4 5], [6], NULL, NULL) = 1 (out [6])
1520664270.545280 clock_gettime(CLOCK_BOOTTIME, {27918, 777212077}) = 0
1520664270.545290 write(6, "\33]0;root@Breakering-server-00:~\7"..., 71) = 71
1520664270.545306 clock_gettime(CLOCK_BOOTTIME, {27918, 777237912}) = 0
1520664270.545316 clock_gettime(CLOCK_BOOTTIME, {27918, 777247470}) = 0
1520664270.545326 select(8, [4 5], [], NULL, NULL) = 1 (in [5])
1520664271.102252 clock_gettime(CLOCK_BOOTTIME, {27919, 334185378}) = 0
1520664271.102267 read(5, "\4", 16384)  = 1
1520664271.102300 clock_gettime(CLOCK_BOOTTIME, {27919, 334231850}) = 0
1520664271.102310 clock_gettime(CLOCK_BOOTTIME, {27919, 334241948}) = 0
1520664271.102321 select(8, [4 5], [4], NULL, NULL) = 1 (out [4])
1520664271.102336 clock_gettime(CLOCK_BOOTTIME, {27919, 334267297}) = 0
1520664271.102346 write(4, "\261%\255F@{\327\2142\345\237\347\v\346g\214\343\200\355}\354\330\363\361+\3666K\2608\355\257"..., 48) = 48
1520664271.102410 clock_gettime(CLOCK_BOOTTIME, {27919, 334341551}) = 0
1520664271.102420 clock_gettime(CLOCK_BOOTTIME, {27919, 334351885}) = 0
1520664271.102430 select(8, [4 5], [], NULL, NULL) = 1 (in [4])
1520664271.103385 clock_gettime(CLOCK_BOOTTIME, {27919, 335317945}) = 0
1520664271.103398 read(4, "\251\244f\27\274V2cl/4p\23\355\331\227\245\325\3j\365\2120\10\36\373\215N\275\275\25\16"..., 8192) = 48
1520664271.103416 clock_gettime(CLOCK_BOOTTIME, {27919, 335347670}) = 0
1520664271.103426 clock_gettime(CLOCK_BOOTTIME, {27919, 335357395}) = 0
1520664271.103436 select(8, [4 5], [6], NULL, NULL) = 1 (out [6])
1520664271.103450 clock_gettime(CLOCK_BOOTTIME, {27919, 335381690}) = 0
1520664271.103460 write(6, "logout\r\n", 8) = 8
1520664271.103536 clock_gettime(CLOCK_BOOTTIME, {27919, 335467797}) = 0
1520664271.103547 clock_gettime(CLOCK_BOOTTIME, {27919, 335478411}) = 0
1520664271.103557 select(8, [4 5], [], NULL, NULL) = 1 (in [4])
1520664271.103571 clock_gettime(CLOCK_BOOTTIME, {27919, 335502299}) = 0
1520664271.103580 read(4, "\302A\227MTe_4+\260\332\370\250=\213I\340\24\373PG\220%Y\f\312\251\215N\323\277\233", 8192) = 32
1520664271.103596 close(6)              = 0
1520664271.103606 clock_gettime(CLOCK_BOOTTIME, {27919, 335537281}) = 0
1520664271.103615 clock_gettime(CLOCK_BOOTTIME, {27919, 335546559}) = 0
1520664271.103625 select(8, [4 5], [], NULL, NULL) = 1 (in [4])
1520664271.104534 clock_gettime(CLOCK_BOOTTIME, {27919, 336469578}) = 0
1520664271.104555 read(4, "\266\275z\213\221`\23\215\210\321OI\0D\224QN\322}\241\210-\323\4s|,\347P\262\350m"..., 8192) = 160
1520664271.104586 close(5)              = 0
1520664271.104602 clock_gettime(CLOCK_BOOTTIME, {27919, 336534333}) = 0
1520664271.104613 clock_gettime(CLOCK_BOOTTIME, {27919, 336544655}) = 0
1520664271.104625 ioctl(0, SNDCTL_TMR_STOP or TCSETSW, {B38400 opost isig icanon echo ...}) = 0
1520664271.104659 close(7)              = 0
1520664271.104671 select(8, [4], [4], NULL, NULL) = 1 (out [4])
1520664271.104686 clock_gettime(CLOCK_BOOTTIME, {27919, 336617436}) = 0
1520664271.104696 write(4, "ui\204tZ|\264\"}4\217\202d\\_\271\245c \274>\370\325\22*\212`\36\202\213\343\315", 32) = 32
1520664271.104747 rt_sigaction(SIGWINCH, NULL, {0x7fe3144d1500, [], SA_RESTORER, 0x7fe311caa250}, 8) = 0
1520664271.104761 rt_sigaction(SIGWINCH, {SIG_DFL, [], SA_RESTORER, 0x7fe311caa250}, NULL, 8) = 0
1520664271.104774 write(4, "P\252\214\207WC\271F7\222_\317sQ(\200\367\225\203\234X\253g\23\313\263X\323\r\227):"..., 64) = 64
1520664271.104817 ioctl(0, TCGETS, {B38400 opost isig icanon echo ...}) = 0
1520664271.104830 ioctl(1, TCGETS, {B38400 opost isig icanon echo ...}) = 0
1520664271.104840 ioctl(2, TCGETS, {B38400 opost isig icanon echo ...}) = 0
1520664271.104851 write(2, "Connection to 192.168.122.10 clo"..., 38) = 38
1520664271.104872 shutdown(4, SHUT_RDWR) = 0
1520664271.104924 close(4)              = 0
1520664271.105092 exit_group(0)         = ?
1520664271.105436 +++ exited with 0 +++
