1520664271.867249 select(5, [4], NULL, NULL, NULL) = 1 (in [4])
1520664271.874441 read(4, "\0\0\3\274\t!\0\0\1\25\0\0\0\7ssh-rsa\0\0\0\1#\0\0\1\1\0\307"..., 8192) = 976
1520664271.874501 open("/home/Jacob/.ssh/known_hosts", O_RDONLY) = 5
1520664271.874536 fstat(5, {st_mode=S_IFREG|0644, st_size=396, ...}) = 0
1520664271.874554 mmap(NULL, 4096, PROT_READ|PROT_WRITE, MAP_PRIVATE|MAP_ANONYMOUS, -1, 0) = 0x7f6dcb02a000
1520664271.874573 read(5, "192.168.122.10 ssh-rsa AAAAB3Nza"..., 4096) = 396
1520664271.874602 read(5, "", 4096)     = 0
1520664271.874613 close(5)              = 0
1520664271.874623 munmap(0x7f6dcb02a000, 4096) = 0
1520664271.874644 open("/home/Jacob/.ssh/known_hosts2", O_RDONLY) = -1 ENOENT (No such file or directory)
1520664271.874667 open("/etc/ssh/ssh_known_hosts", O_RDONLY) = -1 ENOENT (No such file or directory)
1520664271.874680 open("/etc/ssh/ssh_known_hosts2", O_RDONLY) = -1 ENOENT (No such file or directory)
1520664271.876058 clock_gettime(CLOCK_BOOTTIME, {27920, 107998760}) = 0
1520664271.876081 write(4, "\0\0\0\f\n\25\0\0\0\0\0\0\0\0\0\0", 16) = 16
1520664271.876167 write(4, "\306+\231\342n\372\376g\4\231\25\6\10d\272\25\21J\326\326!\316\221\233\263\263u\325\222\24\226I"..., 48) = 48
1520664271.876183 select(5, [4], NULL, NULL, NULL) = 1 (in [4])
1520664271.916562 read(4, "_\373\247\254\352\303\223>e\341\24)\26\267\224\310\300\340\3\16\232w\217\24GPI/\316\247\307\276"..., 8192) = 48
1520664271.916607 write(4, "\367\350\233\237vSP\327\234by\271\36\253\2504{\361K\212\260\274P\303]\345\v\r\360\274\216\27"..., 64) = 64
1520664271.916659 select(5, [4], NULL, NULL, NULL) = 1 (in [4])
1520664271.918887 read(4, "}*o\35y\326/:Yh\236\323a+\354\371\324*/P\35\342\310\233t\305Pkm\220J\270"..., 8192) = 80
1520664271.918930 futex(0x7f6dc6f43510, FUTEX_WAKE_PRIVATE, 2147483647) = 0
1520664271.918968 futex(0x7f6dc6f433b0, FUTEX_WAKE_PRIVATE, 2147483647) = 0
1520664271.918994 futex(0x7f6dc950efa0, FUTEX_WAKE_PRIVATE, 2147483647) = 0
1520664271.919009 lstat("/etc/gss/mech", 0x7ffd0a2e0d00) = -1 ENOENT (No such file or directory)
1520664271.919035 openat(AT_FDCWD, "/etc/gss/mech.d", O_RDONLY|O_NONBLOCK|O_DIRECTORY|O_CLOEXEC) = 5
1520664271.919069 getdents(5, /* 2 entries */, 32768) = 48
1520664271.919091 getdents(5, /* 0 entries */, 32768) = 0
1520664271.919101 close(5)              = 0
1520664271.919175 futex(0x7f6dc92c0440, FUTEX_WAKE_PRIVATE, 2147483647) = 0
1520664271.919266 futex(0x7f6dc92c15d0, FUTEX_WAKE_PRIVATE, 2147483647) = 0
1520664271.919290 stat("/etc/krb5.conf", {st_mode=S_IFREG|0644, st_size=590, ...}) = 0
1520664271.919312 open("/etc/krb5.conf", O_RDONLY) = 5
1520664271.919330 fcntl(5, F_SETFD, FD_CLOEXEC) = 0
1520664271.919349 fstat(5, {st_mode=S_IFREG|0644, st_size=590, ...}) = 0
1520664271.919360 mmap(NULL, 4096, PROT_READ|PROT_WRITE, MAP_PRIVATE|MAP_ANONYMOUS, -1, 0) = 0x7f6dcb02a000
1520664271.919375 read(5, "# Configuration snippets may be "..., 4096) = 590
1520664271.919394 openat(AT_FDCWD, "/etc/krb5.conf.d/", O_RDONLY|O_NONBLOCK|O_DIRECTORY|O_CLOEXEC) = 6
1520664271.919410 getdents(6, /* 2 entries */, 32768) = 48
1520664271.919421 getdents(6, /* 0 entries */, 32768) = 0
1520664271.919432 close(6)              = 0
1520664271.919451 read(5, "", 4096)     = 0
1520664271.919463 close(5)              = 0
1520664271.919474 munmap(0x7f6dcb02a000, 4096) = 0
1520664271.919512 open("/dev/urandom", O_RDONLY) = 5
1520664271.919531 fcntl(5, F_SETFD, FD_CLOEXEC) = 0
1520664271.919542 fstat(5, {st_mode=S_IFCHR|0666, st_rdev=makedev(1, 9), ...}) = 0
1520664271.919556 read(5, "\6U\226tZ\300a\252s\355,\205\270{\232\343/9a0}\333\332u\272\370\330a\366\20P\366"..., 64) = 64
1520664271.919575 close(5)              = 0
1520664271.919610 open("/dev/urandom", O_RDONLY) = 5
1520664271.919622 fcntl(5, F_SETFD, FD_CLOEXEC) = 0
1520664271.919631 fstat(5, {st_mode=S_IFCHR|0666, st_rdev=makedev(1, 9), ...}) = 0
1520664271.919641 read(5, "\205C\5]]=\311\214\346\200u\232l\253\221\202\10Q\314\334\226\367k\252\4\253\253\251pG\332\204"..., 64) = 64
1520664271.919656 close(5)              = 0
1520664271.919674 futex(0x7f6dc8fd92e0, FUTEX_WAKE_PRIVATE, 2147483647) = 0
1520664271.919764 stat("/etc/krb5.conf", {st_mode=S_IFREG|0644, st_size=590, ...}) = 0
1520664271.919781 open("/etc/krb5.conf", O_RDONLY) = 5
1520664271.919794 fcntl(5, F_SETFD, FD_CLOEXEC) = 0
1520664271.919805 fstat(5, {st_mode=S_IFREG|0644, st_size=590, ...}) = 0
1520664271.919815 mmap(NULL, 4096, PROT_READ|PROT_WRITE, MAP_PRIVATE|MAP_ANONYMOUS, -1, 0) = 0x7f6dcb02a000
1520664271.919827 read(5, "# Configuration snippets may be "..., 4096) = 590
1520664271.919841 openat(AT_FDCWD, "/etc/krb5.conf.d/", O_RDONLY|O_NONBLOCK|O_DIRECTORY|O_CLOEXEC) = 6
1520664271.919853 getdents(6, /* 2 entries */, 32768) = 48
1520664271.919865 getdents(6, /* 0 entries */, 32768) = 0
1520664271.919874 close(6)              = 0
1520664271.919891 read(5, "", 4096)     = 0
1520664271.919902 close(5)              = 0
1520664271.919911 munmap(0x7f6dcb02a000, 4096) = 0
1520664271.919931 open("/dev/urandom", O_RDONLY) = 5
1520664271.919944 fcntl(5, F_SETFD, FD_CLOEXEC) = 0
1520664271.919953 fstat(5, {st_mode=S_IFCHR|0666, st_rdev=makedev(1, 9), ...}) = 0
1520664271.919964 read(5, "\214\353\240\267\222\34\327z\213\377\311\33s\216\232\225,k\375\247\253\32\266\364W\324\364\264\35\206\253\374"..., 64) = 64
1520664271.919979 close(5)              = 0
1520664271.920006 access("/etc/krb5.conf", R_OK) = 0
1520664271.920022 stat("/etc/krb5.conf", {st_mode=S_IFREG|0644, st_size=590, ...}) = 0
1520664271.920036 open("/dev/urandom", O_RDONLY) = 5
1520664271.920061 fcntl(5, F_SETFD, FD_CLOEXEC) = 0
1520664271.920070 fstat(5, {st_mode=S_IFCHR|0666, st_rdev=makedev(1, 9), ...}) = 0
1520664271.920080 read(5, "[\25lG\363\301'\21Q\3009\272\f/w\260\204X\320e\220\347\324\366`W\213\247O\207\337\220"..., 64) = 64
1520664271.920096 close(5)              = 0
1520664271.920122 stat("/etc/sysconfig/64bit_strstr_via_64bit_strstr_sse2_unaligned", 0x7ffd0a2e05b0) = -1 ENOENT (No such file or directory)
1520664271.920144 geteuid()             = 1002
1520664271.920172 open("/var/kerberos/krb5/user/1002/client.keytab", O_RDONLY) = -1 ENOENT (No such file or directory)
1520664271.920206 getuid()              = 1002
1520664271.920231 keyctl(KEYCTL_GET_PERSISTENT, 1002, KEY_SPEC_PROCESS_KEYRING) = 4503583
1520664271.920258 keyctl(KEYCTL_SEARCH, 4503583, "keyring", "_krb", KEY_SPEC_PROCESS_KEYRING) = 805520795
1520664271.920273 keyctl(KEYCTL_SEARCH, 805520795, "user", "krb_ccache:primary", 0) = 444782918
1520664271.920288 keyctl(KEYCTL_READ, 444782918, NULL, 0) = 12
1520664271.920300 keyctl(KEYCTL_READ, 444782918, "", 12) = 12
1520664271.920311 keyctl(KEYCTL_READ, 805520795, NULL, 0) = 4
1520664271.920320 keyctl(KEYCTL_READ, 805520795, "F\331\202\32", 4) = 4
1520664271.920330 keyctl(KEYCTL_SEARCH, 805520795, "keyring", "1002", 0) = -1 ENOKEY (Required key not available)
1520664271.920346 keyctl(KEYCTL_DESCRIBE, 444782918, NULL, 0) = 43
1520664271.920357 keyctl(KEYCTL_DESCRIBE, 444782918, "user;1002;1002;3f010000;krb_ccac"..., 43) = 43
1520664271.920395 stat("/etc/krb5.conf", {st_mode=S_IFREG|0644, st_size=590, ...}) = 0
1520664271.920411 open("/etc/krb5.conf", O_RDONLY) = 5
1520664271.920423 fcntl(5, F_SETFD, FD_CLOEXEC) = 0
1520664271.920434 fstat(5, {st_mode=S_IFREG|0644, st_size=590, ...}) = 0
1520664271.920445 mmap(NULL, 4096, PROT_READ|PROT_WRITE, MAP_PRIVATE|MAP_ANONYMOUS, -1, 0) = 0x7f6dcb02a000
1520664271.920456 read(5, "# Configuration snippets may be "..., 4096) = 590
1520664271.920471 openat(AT_FDCWD, "/etc/krb5.conf.d/", O_RDONLY|O_NONBLOCK|O_DIRECTORY|O_CLOEXEC) = 6
1520664271.920483 getdents(6, /* 2 entries */, 32768) = 48
1520664271.920494 getdents(6, /* 0 entries */, 32768) = 0
1520664271.920504 close(6)              = 0
1520664271.920521 read(5, "", 4096)     = 0
1520664271.920531 close(5)              = 0
1520664271.920541 munmap(0x7f6dcb02a000, 4096) = 0
1520664271.920560 open("/dev/urandom", O_RDONLY) = 5
1520664271.920574 fcntl(5, F_SETFD, FD_CLOEXEC) = 0
1520664271.920583 fstat(5, {st_mode=S_IFCHR|0666, st_rdev=makedev(1, 9), ...}) = 0
1520664271.920594 read(5, "\34\344\325F\357\361\255$_\360]tP\206\361\0S%\212\301Ab\244[\272(\2\211\230\236\20R"..., 64) = 64
1520664271.920613 close(5)              = 0
1520664271.920649 stat("/etc/krb5.conf", {st_mode=S_IFREG|0644, st_size=590, ...}) = 0
1520664271.920665 open("/etc/krb5.conf", O_RDONLY) = 5
1520664271.920678 fcntl(5, F_SETFD, FD_CLOEXEC) = 0
1520664271.920688 fstat(5, {st_mode=S_IFREG|0644, st_size=590, ...}) = 0
1520664271.920698 mmap(NULL, 4096, PROT_READ|PROT_WRITE, MAP_PRIVATE|MAP_ANONYMOUS, -1, 0) = 0x7f6dcb02a000
1520664271.920709 read(5, "# Configuration snippets may be "..., 4096) = 590
1520664271.920723 openat(AT_FDCWD, "/etc/krb5.conf.d/", O_RDONLY|O_NONBLOCK|O_DIRECTORY|O_CLOEXEC) = 6
1520664271.920736 getdents(6, /* 2 entries */, 32768) = 48
1520664271.920747 getdents(6, /* 0 entries */, 32768) = 0
1520664271.920756 close(6)              = 0
1520664271.920772 read(5, "", 4096)     = 0
1520664271.920783 close(5)              = 0
1520664271.920792 munmap(0x7f6dcb02a000, 4096) = 0
1520664271.920811 open("/dev/urandom", O_RDONLY) = 5
1520664271.920824 fcntl(5, F_SETFD, FD_CLOEXEC) = 0
1520664271.920833 fstat(5, {st_mode=S_IFCHR|0666, st_rdev=makedev(1, 9), ...}) = 0
1520664271.920844 read(5, "\10H\36y\200S$M\263\300\262\215b\231\206\366#\265\206\364cw\242\276'\3054\274h,0|"..., 64) = 64
1520664271.920859 close(5)              = 0
1520664271.920888 stat("/etc/krb5.conf", {st_mode=S_IFREG|0644, st_size=590, ...}) = 0
1520664271.920903 open("/etc/krb5.conf", O_RDONLY) = 5
1520664271.920916 fcntl(5, F_SETFD, FD_CLOEXEC) = 0
1520664271.920926 fstat(5, {st_mode=S_IFREG|0644, st_size=590, ...}) = 0
1520664271.920937 mmap(NULL, 4096, PROT_READ|PROT_WRITE, MAP_PRIVATE|MAP_ANONYMOUS, -1, 0) = 0x7f6dcb02a000
1520664271.920948 read(5, "# Configuration snippets may be "..., 4096) = 590
1520664271.920962 openat(AT_FDCWD, "/etc/krb5.conf.d/", O_RDONLY|O_NONBLOCK|O_DIRECTORY|O_CLOEXEC) = 6
1520664271.920974 getdents(6, /* 2 entries */, 32768) = 48
1520664271.920985 getdents(6, /* 0 entries */, 32768) = 0
1520664271.920994 close(6)              = 0
1520664271.921010 read(5, "", 4096)     = 0
1520664271.921021 close(5)              = 0
1520664271.921030 munmap(0x7f6dcb02a000, 4096) = 0
1520664271.921071 open("/dev/urandom", O_RDONLY) = 5
1520664271.921089 fcntl(5, F_SETFD, FD_CLOEXEC) = 0
1520664271.921098 fstat(5, {st_mode=S_IFCHR|0666, st_rdev=makedev(1, 9), ...}) = 0
1520664271.921109 read(5, "B\333$GapY\333\347\214\307'S\243\337\340\220;\264\316\303yy\300Y\20\225\366\243\240\332H"..., 64) = 64
1520664271.921124 close(5)              = 0
1520664271.921141 access("/etc/krb5.conf", R_OK) = 0
1520664271.921154 stat("/etc/krb5.conf", {st_mode=S_IFREG|0644, st_size=590, ...}) = 0
1520664271.921167 open("/dev/urandom", O_RDONLY) = 5
1520664271.921179 fcntl(5, F_SETFD, FD_CLOEXEC) = 0
1520664271.921188 fstat(5, {st_mode=S_IFCHR|0666, st_rdev=makedev(1, 9), ...}) = 0
1520664271.921198 read(5, "\32;M\3\316\337H\355\362\357\236\301\305\27\300\r:]Z\365]\375H2\6\177\364\240\325|\345\t"..., 64) = 64
1520664271.921212 close(5)              = 0
1520664271.921229 geteuid()             = 1002
1520664271.921242 open("/var/kerberos/krb5/user/1002/client.keytab", O_RDONLY) = -1 ENOENT (No such file or directory)
1520664271.921262 getuid()              = 1002
1520664271.921275 keyctl(KEYCTL_GET_PERSISTENT, 1002, KEY_SPEC_PROCESS_KEYRING) = 4503583
1520664271.921287 keyctl(KEYCTL_SEARCH, 4503583, "keyring", "_krb", KEY_SPEC_PROCESS_KEYRING) = 805520795
1520664271.921300 keyctl(KEYCTL_SEARCH, 805520795, "user", "krb_ccache:primary", 0) = 444782918
1520664271.921311 keyctl(KEYCTL_READ, 444782918, NULL, 0) = 12
1520664271.921321 keyctl(KEYCTL_READ, 444782918, "", 12) = 12
1520664271.921332 keyctl(KEYCTL_READ, 805520795, NULL, 0) = 4
1520664271.921341 keyctl(KEYCTL_READ, 805520795, "F\331\202\32", 4) = 4
1520664271.921351 keyctl(KEYCTL_SEARCH, 805520795, "keyring", "1002", 0) = -1 ENOKEY (Required key not available)
1520664271.921363 keyctl(KEYCTL_DESCRIBE, 444782918, NULL, 0) = 43
1520664271.921373 keyctl(KEYCTL_DESCRIBE, 444782918, "user;1002;1002;3f010000;krb_ccac"..., 43) = 43
1520664271.921395 access("/etc/krb5.conf", R_OK) = 0
1520664271.921412 stat("/etc/krb5.conf", {st_mode=S_IFREG|0644, st_size=590, ...}) = 0
1520664271.921427 open("/dev/urandom", O_RDONLY) = 5
1520664271.921439 fcntl(5, F_SETFD, FD_CLOEXEC) = 0
1520664271.921448 fstat(5, {st_mode=S_IFCHR|0666, st_rdev=makedev(1, 9), ...}) = 0
1520664271.921458 read(5, "C\330/\323,\206\23\36|c\347\32\230!\312\234uh\221\321J\357GVNM\277\245y\335FF"..., 64) = 64
1520664271.921473 close(5)              = 0
1520664271.921501 stat("/etc/krb5.conf", {st_mode=S_IFREG|0644, st_size=590, ...}) = 0
1520664271.921515 open("/etc/krb5.conf", O_RDONLY) = 5
1520664271.921527 fcntl(5, F_SETFD, FD_CLOEXEC) = 0
1520664271.921538 fstat(5, {st_mode=S_IFREG|0644, st_size=590, ...}) = 0
1520664271.921548 mmap(NULL, 4096, PROT_READ|PROT_WRITE, MAP_PRIVATE|MAP_ANONYMOUS, -1, 0) = 0x7f6dcb02a000
1520664271.921560 read(5, "# Configuration snippets may be "..., 4096) = 590
1520664271.921574 openat(AT_FDCWD, "/etc/krb5.conf.d/", O_RDONLY|O_NONBLOCK|O_DIRECTORY|O_CLOEXEC) = 6
1520664271.921586 getdents(6, /* 2 entries */, 32768) = 48
1520664271.921597 getdents(6, /* 0 entries */, 32768) = 0
1520664271.921606 close(6)              = 0
1520664271.921623 read(5, "", 4096)     = 0
1520664271.921634 close(5)              = 0
1520664271.921643 munmap(0x7f6dcb02a000, 4096) = 0
1520664271.921662 open("/dev/urandom", O_RDONLY) = 5
1520664271.921676 fcntl(5, F_SETFD, FD_CLOEXEC) = 0
1520664271.921685 fstat(5, {st_mode=S_IFCHR|0666, st_rdev=makedev(1, 9), ...}) = 0
1520664271.921695 read(5, "!\263%xd+n \301\35\333\262\270\226\364\204,\26@\2730,\314\213\2328nU}m\21\4"..., 64) = 64
1520664271.921710 close(5)              = 0
1520664271.921735 stat("/home/Jacob/.ssh/id_rsa", 0x7ffd0a2e0d80) = -1 ENOENT (No such file or directory)
1520664271.921752 stat("/home/Jacob/.ssh/id_dsa", 0x7ffd0a2e0d80) = -1 ENOENT (No such file or directory)
1520664271.921764 stat("/home/Jacob/.ssh/id_ecdsa", 0x7ffd0a2e0d80) = -1 ENOENT (No such file or directory)
1520664271.921776 stat("/home/Jacob/.ssh/id_ed25519", 0x7ffd0a2e0d80) = -1 ENOENT (No such file or directory)
1520664271.921793 open("/dev/tty", O_RDWR) = 5
1520664271.921808 close(5)              = 0
1520664271.921818 open("/dev/tty", O_RDWR) = 5
1520664271.921829 rt_sigaction(SIGALRM, {0x7f6dcb08b790, [], SA_RESTORER, 0x7f6dc8819250}, {SIG_DFL, [], 0}, 8) = 0
1520664271.921845 rt_sigaction(SIGHUP, {0x7f6dcb08b790, [], SA_RESTORER, 0x7f6dc8819250}, {SIG_DFL, [], 0}, 8) = 0
1520664271.921855 rt_sigaction(SIGINT, {0x7f6dcb08b790, [], SA_RESTORER, 0x7f6dc8819250}, {SIG_DFL, [], 0}, 8) = 0
1520664271.921865 rt_sigaction(SIGPIPE, {0x7f6dcb08b790, [], SA_RESTORER, 0x7f6dc8819250}, {SIG_IGN, [], SA_RESTORER, 0x7f6dc8819250}, 8) = 0
1520664271.921875 rt_sigaction(SIGQUIT, {0x7f6dcb08b790, [], SA_RESTORER, 0x7f6dc8819250}, {SIG_DFL, [], 0}, 8) = 0
1520664271.921885 rt_sigaction(SIGTERM, {0x7f6dcb08b790, [], SA_RESTORER, 0x7f6dc8819250}, {SIG_DFL, [], 0}, 8) = 0
1520664271.921895 rt_sigaction(SIGTSTP, {0x7f6dcb08b790, [], SA_RESTORER, 0x7f6dc8819250}, {SIG_DFL, [], 0}, 8) = 0
1520664271.921905 rt_sigaction(SIGTTIN, {0x7f6dcb08b790, [], SA_RESTORER, 0x7f6dc8819250}, {SIG_DFL, [], 0}, 8) = 0
1520664271.921915 rt_sigaction(SIGTTOU, {0x7f6dcb08b790, [], SA_RESTORER, 0x7f6dc8819250}, {SIG_DFL, [], 0}, 8) = 0
1520664271.921925 ioctl(5, TCGETS, {B38400 opost isig icanon echo ...}) = 0
1520664271.921945 ioctl(5, SNDCTL_TMR_CONTINUE or TCSETSF, {B38400 opost isig icanon -echo ...}) = 0
1520664271.921958 write(5, "root@192.168.122.10's password: ", 32) = 32
1520664271.921972 read(5, "h", 1)       = 1
1520664271.922010 read(5, "a", 1)       = 1
1520664271.922020 read(5, "d", 1)       = 1
1520664271.922029 read(5, "o", 1)       = 1
1520664271.922039 read(5, "o", 1)       = 1
1520664271.922074 read(5, "p", 1)       = 1
1520664271.922083 read(5, "\n", 1)      = 1
1520664271.922093 write(5, "\n", 1)     = 1
1520664271.922105 ioctl(5, SNDCTL_TMR_CONTINUE or TCSETSF, {B38400 opost isig icanon echo ...}) = 0
1520664271.922117 rt_sigaction(SIGALRM, {SIG_DFL, [], SA_RESTORER, 0x7f6dc8819250}, NULL, 8) = 0
1520664271.922127 rt_sigaction(SIGHUP, {SIG_DFL, [], SA_RESTORER, 0x7f6dc8819250}, NULL, 8) = 0
1520664271.922141 rt_sigaction(SIGINT, {SIG_DFL, [], SA_RESTORER, 0x7f6dc8819250}, NULL, 8) = 0
1520664271.922150 rt_sigaction(SIGQUIT, {SIG_DFL, [], SA_RESTORER, 0x7f6dc8819250}, NULL, 8) = 0
1520664271.922159 rt_sigaction(SIGPIPE, {SIG_IGN, [], SA_RESTORER, 0x7f6dc8819250}, NULL, 8) = 0
1520664271.922169 rt_sigaction(SIGTERM, {SIG_DFL, [], SA_RESTORER, 0x7f6dc8819250}, NULL, 8) = 0
1520664271.922178 rt_sigaction(SIGTSTP, {SIG_DFL, [], SA_RESTORER, 0x7f6dc8819250}, NULL, 8) = 0
1520664271.922187 rt_sigaction(SIGTTIN, {SIG_DFL, [], SA_RESTORER, 0x7f6dc8819250}, NULL, 8) = 0
1520664271.922196 rt_sigaction(SIGTTOU, {SIG_DFL, [], SA_RESTORER, 0x7f6dc8819250}, NULL, 8) = 0
1520664271.922206 close(5)              = 0
1520664271.922222 write(4, "\245V\245\20\"\342\262\324\177\373,\326\374_\332M\312\221;\312\34e\326T\177\22\245\343\35\3318 "..., 144) = 144
1520664271.922285 select(5, [4], NULL, NULL, NULL) = 1 (in [4])
1520664271.929754 read(4, "\f?]\373\376HZ\357n\205wY\262\365Zmdj\10\v,\25|q\222Q\34\302\"\300\23=", 8192) = 32
1520664271.929784 getpeername(4, {sa_family=AF_INET, sin_port=htons(22), sin_addr=inet_addr("192.168.122.10")}, [16]) = 0
1520664271.929825 dup(0)                = 5
1520664271.929835 dup(1)                = 6
1520664271.929843 dup(2)                = 7
1520664271.929852 ioctl(5, TCGETS, {B38400 opost isig icanon echo ...}) = 0
1520664271.929866 ioctl(6, TCGETS, {B38400 opost isig icanon echo ...}) = 0
1520664271.929876 ioctl(7, TCGETS, {B38400 opost isig icanon echo ...}) = 0
1520664271.929891 fcntl(5, F_SETFD, FD_CLOEXEC) = 0
1520664271.929902 fcntl(6, F_SETFD, FD_CLOEXEC) = 0
1520664271.929910 fcntl(7, F_SETFD, FD_CLOEXEC) = 0
1520664271.929929 rt_sigaction(SIGHUP, NULL, {SIG_DFL, [], SA_RESTORER, 0x7f6dc8819250}, 8) = 0
1520664271.929942 rt_sigaction(SIGHUP, {SIG_IGN, [], SA_RESTORER, 0x7f6dc8819250}, NULL, 8) = 0
1520664271.929951 rt_sigaction(SIGHUP, NULL, {SIG_IGN, [], SA_RESTORER, 0x7f6dc8819250}, 8) = 0
1520664271.929961 rt_sigaction(SIGHUP, {0x7f6dcb040280, [], SA_RESTORER, 0x7f6dc8819250}, NULL, 8) = 0
1520664271.929971 rt_sigaction(SIGINT, NULL, {SIG_DFL, [], SA_RESTORER, 0x7f6dc8819250}, 8) = 0
1520664271.929980 rt_sigaction(SIGINT, {SIG_IGN, [], SA_RESTORER, 0x7f6dc8819250}, NULL, 8) = 0
1520664271.929990 rt_sigaction(SIGINT, NULL, {SIG_IGN, [], SA_RESTORER, 0x7f6dc8819250}, 8) = 0
1520664271.929999 rt_sigaction(SIGINT, {0x7f6dcb040280, [], SA_RESTORER, 0x7f6dc8819250}, NULL, 8) = 0
1520664271.930009 rt_sigaction(SIGQUIT, NULL, {SIG_DFL, [], SA_RESTORER, 0x7f6dc8819250}, 8) = 0
1520664271.930042 rt_sigaction(SIGQUIT, {SIG_IGN, [], SA_RESTORER, 0x7f6dc8819250}, NULL, 8) = 0
1520664271.930053 rt_sigaction(SIGQUIT, NULL, {SIG_IGN, [], SA_RESTORER, 0x7f6dc8819250}, 8) = 0
1520664271.930062 rt_sigaction(SIGQUIT, {0x7f6dcb040280, [], SA_RESTORER, 0x7f6dc8819250}, NULL, 8) = 0
1520664271.930072 rt_sigaction(SIGTERM, NULL, {SIG_DFL, [], SA_RESTORER, 0x7f6dc8819250}, 8) = 0
1520664271.930081 rt_sigaction(SIGTERM, {SIG_IGN, [], SA_RESTORER, 0x7f6dc8819250}, NULL, 8) = 0
1520664271.930091 rt_sigaction(SIGTERM, NULL, {SIG_IGN, [], SA_RESTORER, 0x7f6dc8819250}, 8) = 0
1520664271.930100 rt_sigaction(SIGTERM, {0x7f6dcb040280, [], SA_RESTORER, 0x7f6dc8819250}, NULL, 8) = 0
1520664271.930109 rt_sigaction(SIGWINCH, NULL, {SIG_DFL, [], 0}, 8) = 0
1520664271.930119 rt_sigaction(SIGWINCH, {0x7f6dcb040500, [], SA_RESTORER, 0x7f6dc8819250}, NULL, 8) = 0
1520664271.930129 ioctl(0, TCGETS, {B38400 opost isig icanon echo ...}) = 0
1520664271.930140 ioctl(0, SNDCTL_TMR_STOP or TCSETSW, {B38400 -opost -isig -icanon -echo ...}) = 0
1520664271.930154 clock_gettime(CLOCK_BOOTTIME, {27920, 162086190}) = 0
1520664271.930165 clock_gettime(CLOCK_BOOTTIME, {27920, 162096768}) = 0
1520664271.930176 select(8, [4], [4], NULL, NULL) = 1 (out [4])
1520664271.930191 clock_gettime(CLOCK_BOOTTIME, {27920, 162122280}) = 0
1520664271.930201 write(4, "\35h\rj\250\n\212\341\202\6QO\236V\250\361\254\5\t\344\fo\306\37>\356\204P\37hw\357"..., 128) = 128
1520664271.930283 clock_gettime(CLOCK_BOOTTIME, {27920, 162215752}) = 0
1520664271.930295 clock_gettime(CLOCK_BOOTTIME, {27920, 162226576}) = 0
1520664271.930305 select(8, [4], [], NULL, NULL) = 1 (in [4])
1520664272.033644 clock_gettime(CLOCK_BOOTTIME, {27920, 265582941}) = 0
1520664272.033666 read(4, "\\[hL\3351aE\373>\1$\307\254\vD\310{\323k\20\314\344=\"\346\364L^\203\20\371"..., 8192) = 48
1520664272.033699 getsockopt(4, SOL_TCP, TCP_NODELAY, [0], [4]) = 0
1520664272.033720 setsockopt(4, SOL_TCP, TCP_NODELAY, [1], 4) = 0
1520664272.033746 getsockname(4, {sa_family=AF_INET, sin_port=htons(40476), sin_addr=inet_addr("192.168.122.20")}, [16]) = 0
1520664272.033765 setsockopt(4, SOL_IP, IP_TOS, [16], 4) = 0
1520664272.033782 ioctl(0, TIOCGWINSZ, {ws_row=30, ws_col=179, ws_xpixel=0, ws_ypixel=0}) = 0
1520664272.033821 clock_gettime(CLOCK_BOOTTIME, {27920, 265753155}) = 0
1520664272.033832 clock_gettime(CLOCK_BOOTTIME, {27920, 265763255}) = 0
1520664272.033842 select(8, [4], [4], NULL, NULL) = 1 (out [4])
1520664272.033860 clock_gettime(CLOCK_BOOTTIME, {27920, 265793045}) = 0
1520664272.033878 write(4, "\360\230\253 \236+`\355\221Z]\30^Ry\210\205\340\370F\363\315\5\246pF\314\26\r\f\27\326"..., 448) = 448
1520664272.033953 clock_gettime(CLOCK_BOOTTIME, {27920, 265885006}) = 0
1520664272.033964 clock_gettime(CLOCK_BOOTTIME, {27920, 265895317}) = 0
1520664272.033974 select(8, [4], [], NULL, NULL) = 1 (in [4])
1520664272.035951 clock_gettime(CLOCK_BOOTTIME, {27920, 267883723}) = 0
1520664272.035964 read(4, "d\365\\\20\307'\370\336\260L\333\33\22\10\302\234\360'\223\26\212\335*\30n\253]kf\242\221B"..., 8192) = 112
1520664272.035983 clock_gettime(CLOCK_BOOTTIME, {27920, 267915182}) = 0
1520664272.035993 clock_gettime(CLOCK_BOOTTIME, {27920, 267924648}) = 0
1520664272.036003 select(8, [4 5], [], NULL, NULL) = 1 (in [4])
1520664272.037568 clock_gettime(CLOCK_BOOTTIME, {27920, 269499856}) = 0
1520664272.037579 read(4, "\3<\376\r\27\332\4\325\322\26>\304\265Y\340_Z\27\v,\302=\331\354\257\5\5\253\24\335u\303"..., 8192) = 96
1520664272.037633 clock_gettime(CLOCK_BOOTTIME, {27920, 269564815}) = 0
1520664272.037643 clock_gettime(CLOCK_BOOTTIME, {27920, 269574414}) = 0
1520664272.037653 select(8, [4 5], [6], NULL, NULL) = 1 (out [6])
1520664272.037668 clock_gettime(CLOCK_BOOTTIME, {27920, 269599113}) = 0
1520664272.037677 write(6, "Last login: Sat Mar 10 04:00:49 "..., 59) = 59
1520664272.037693 clock_gettime(CLOCK_BOOTTIME, {27920, 269624173}) = 0
1520664272.037702 clock_gettime(CLOCK_BOOTTIME, {27920, 269633523}) = 0
1520664272.037712 select(8, [4 5], [], NULL, NULL) = 1 (in [4])
1520664272.079496 clock_gettime(CLOCK_BOOTTIME, {27920, 311430154}) = 0
1520664272.079513 read(4, "\275^\37sk\371@\320\2j\324\3471<\322-u\353k\215\317\3u0-^\337]j\331id"..., 8192) = 80
1520664272.079540 clock_gettime(CLOCK_BOOTTIME, {27920, 311472320}) = 0
1520664272.079551 clock_gettime(CLOCK_BOOTTIME, {27920, 311482433}) = 0
1520664272.079561 select(8, [4 5], [6], NULL, NULL) = 1 (out [6])
1520664272.079577 clock_gettime(CLOCK_BOOTTIME, {27920, 311508593}) = 0
1520664272.079587 write(6, "\33]0;root@Breakering-server-00:~\7", 32) = 32
1520664272.079602 clock_gettime(CLOCK_BOOTTIME, {27920, 311533534}) = 0
1520664272.079612 clock_gettime(CLOCK_BOOTTIME, {27920, 311542947}) = 0
1520664272.079621 select(8, [4 5], [], NULL, NULL) = 1 (in [4])
1520664272.080444 clock_gettime(CLOCK_BOOTTIME, {27920, 312378554}) = 0
1520664272.080462 read(4, "l\315g\264;\356|\0\256\211\1`O\31tpRZ\2\230\265\214\217\35;C\260\305\367pmI"..., 8192) = 80
1520664272.080545 clock_gettime(CLOCK_BOOTTIME, {27920, 312482989}) = 0
1520664272.080567 clock_gettime(CLOCK_BOOTTIME, {27920, 312499514}) = 0
1520664272.080582 select(8, [4 5], [6], NULL, NULL) = 1 (out [6])
1520664272.080605 clock_gettime(CLOCK_BOOTTIME, {27920, 312537682}) = 0
1520664272.080620 write(6, "\33[?1034h[root@Breakering-server-"..., 39) = 39
1520664272.080642 clock_gettime(CLOCK_BOOTTIME, {27920, 312575825}) = 0
1520664272.080659 clock_gettime(CLOCK_BOOTTIME, {27920, 312592071}) = 0
1520664272.080675 select(8, [4 5], [], NULL, NULL) = 1 (in [5])
1520664273.185262 clock_gettime(CLOCK_BOOTTIME, {27921, 417195487}) = 0
1520664273.185278 read(5, "\4", 16384)  = 1
1520664273.185330 clock_gettime(CLOCK_BOOTTIME, {27921, 417262102}) = 0
1520664273.185341 clock_gettime(CLOCK_BOOTTIME, {27921, 417272601}) = 0
1520664273.185352 select(8, [4 5], [4], NULL, NULL) = 1 (out [4])
1520664273.185368 clock_gettime(CLOCK_BOOTTIME, {27921, 417299356}) = 0
1520664273.185378 write(4, "\345M\266B'2x\204\374\310\rJ\357K\363hJ\375\263\315\355E\1\214\224\345*\340\362\315\215?"..., 48) = 48
1520664273.185439 clock_gettime(CLOCK_BOOTTIME, {27921, 417371191}) = 0
1520664273.185450 clock_gettime(CLOCK_BOOTTIME, {27921, 417381717}) = 0
1520664273.185460 select(8, [4 5], [], NULL, NULL) = 1 (in [4])
1520664273.186623 clock_gettime(CLOCK_BOOTTIME, {27921, 418555048}) = 0
1520664273.186634 read(4, "\r\tC\34\24\226\362&\303\230\262nxq\16\213\32iW=\262Y\344r\2<bI\27t<d"..., 8192) = 48
1520664273.186651 clock_gettime(CLOCK_BOOTTIME, {27921, 418582569}) = 0
1520664273.186661 clock_gettime(CLOCK_BOOTTIME, {27921, 418591992}) = 0
1520664273.186670 select(8, [4 5], [6], NULL, NULL) = 1 (out [6])
1520664273.186684 clock_gettime(CLOCK_BOOTTIME, {27921, 418615375}) = 0
1520664273.186694 write(6, "logout\r\n", 8) = 8
1520664273.186707 clock_gettime(CLOCK_BOOTTIME, {27921, 418638458}) = 0
1520664273.186716 clock_gettime(CLOCK_BOOTTIME, {27921, 418647719}) = 0
1520664273.186726 select(8, [4 5], [], NULL, NULL) = 1 (in [4])
1520664273.186808 clock_gettime(CLOCK_BOOTTIME, {27921, 418739810}) = 0
1520664273.186819 read(4, "\244\366U\315+\31125h\305/F\366ob\371\350\326\3612>%\200I\263L\206\334\233\0310\243", 8192) = 32
1520664273.186865 close(6)              = 0
1520664273.186875 clock_gettime(CLOCK_BOOTTIME, {27921, 418806673}) = 0
1520664273.186885 clock_gettime(CLOCK_BOOTTIME, {27921, 418816216}) = 0
1520664273.186894 select(8, [4 5], [], NULL, NULL) = 1 (in [4])
1520664273.187652 clock_gettime(CLOCK_BOOTTIME, {27921, 419583817}) = 0
1520664273.187663 read(4, "\261\3725\376i\376Td'\315HtH5\1\205\217\267F\227\n\10e<\376>B\212\35\320$C"..., 8192) = 160
1520664273.187682 close(5)              = 0
1520664273.187693 clock_gettime(CLOCK_BOOTTIME, {27921, 419624648}) = 0
1520664273.187703 clock_gettime(CLOCK_BOOTTIME, {27921, 419634255}) = 0
1520664273.187713 ioctl(0, SNDCTL_TMR_STOP or TCSETSW, {B38400 opost isig icanon echo ...}) = 0
1520664273.187740 close(7)              = 0
1520664273.187752 select(8, [4], [4], NULL, NULL) = 1 (out [4])
1520664273.187766 clock_gettime(CLOCK_BOOTTIME, {27921, 419697008}) = 0
1520664273.187775 write(4, "\302\21\32Wy`\177;\316\315\323\222t\2275\336\1\363\236X\314\3319\252\266Y\222\323\314<\221\217", 32) = 32
1520664273.187823 rt_sigaction(SIGWINCH, NULL, {0x7f6dcb040500, [], SA_RESTORER, 0x7f6dc8819250}, 8) = 0
1520664273.187836 rt_sigaction(SIGWINCH, {SIG_DFL, [], SA_RESTORER, 0x7f6dc8819250}, NULL, 8) = 0
1520664273.187850 write(4, "\215\227=\316\337.\37\35^\310\353Q\305&l\377\302\17U\253D}\35?\252\"\360\363\302RSL"..., 64) = 64
1520664273.187892 ioctl(0, TCGETS, {B38400 opost isig icanon echo ...}) = 0
1520664273.187904 ioctl(1, TCGETS, {B38400 opost isig icanon echo ...}) = 0
1520664273.187914 ioctl(2, TCGETS, {B38400 opost isig icanon echo ...}) = 0
1520664273.187926 write(2, "Connection to 192.168.122.10 clo"..., 38) = 38
1520664273.187945 shutdown(4, SHUT_RDWR) = 0
1520664273.188003 close(4)              = 0
1520664273.188173 exit_group(0)         = ?
1520664273.188596 +++ exited with 0 +++
