1521710283.251412 select(5, [4], NULL, NULL, NULL) = 1 (in [4])
1521710283.282832 read(4, "\320##J\246\"\203M'{Q\237d]wkZ\263\370\37\263\30\2479\3318\256*\316\374V\177"..., 8192) = 44
1521710283.282942 write(4, "\257\fu\224\277|\335c\325\3257\211\305\331\20n~\277\235\210)\274R\335\373\236'<\2\207\3731"..., 68) = 68
1521710283.283005 select(5, [4], NULL, NULL, NULL) = 1 (in [4])
1521710283.283884 read(4, "%\30Z\3211?\373N2}}\245\257\\\336\206F\177f\337$R\245\252\257=\227*k\223hW"..., 8192) = 84
1521710283.283933 futex(0x7f804abce530, FUTEX_WAKE_PRIVATE, 2147483647) = 0
1521710283.283971 futex(0x7f804abce3d0, FUTEX_WAKE_PRIVATE, 2147483647) = 0
1521710283.284001 futex(0x7f804d1abfa0, FUTEX_WAKE_PRIVATE, 2147483647) = 0
1521710283.284019 lstat("/etc/gss/mech", 0x7fff57ba7cd0) = -1 ENOENT (No such file or directory)
1521710283.284121 openat(AT_FDCWD, "/etc/gss/mech.d", O_RDONLY|O_NONBLOCK|O_DIRECTORY|O_CLOEXEC) = 5
1521710283.284185 getdents(5, /* 3 entries */, 32768) = 88
1521710283.284211 open("/usr/lib64/gconv/gconv-modules.cache", O_RDONLY) = 6
1521710283.284238 fstat(6, {st_mode=S_IFREG|0644, st_size=26254, ...}) = 0
1521710283.284291 mmap(NULL, 26254, PROT_READ, MAP_SHARED, 6, 0) = 0x7f804eb22000
1521710283.284310 close(6)              = 0
1521710283.284322 futex(0x7f804c83ba80, FUTEX_WAKE_PRIVATE, 2147483647) = 0
1521710283.284345 getdents(5, /* 0 entries */, 32768) = 0
1521710283.284359 close(5)              = 0
1521710283.284372 lstat("/etc/gss/mech.d/gssproxy.conf", {st_mode=S_IFREG|0644, st_size=189, ...}) = 0
1521710283.284397 open("/etc/gss/mech.d/gssproxy.conf", O_RDONLY) = 5
1521710283.284416 fstat(5, {st_mode=S_IFREG|0644, st_size=189, ...}) = 0
1521710283.284429 mmap(NULL, 4096, PROT_READ|PROT_WRITE, MAP_PRIVATE|MAP_ANONYMOUS, -1, 0) = 0x7f804eb21000
1521710283.284445 read(5, "# GSS-API mechanism plugins\n#\n# "..., 4096) = 189
1521710283.284473 read(5, "", 4096)     = 0
1521710283.284488 close(5)              = 0
1521710283.284501 munmap(0x7f804eb21000, 4096) = 0
1521710283.284526 stat("/usr/lib64/gssproxy/proxymech.so", {st_mode=S_IFREG|0755, st_size=115072, ...}) = 0
1521710283.284552 futex(0x7f804e07d0d0, FUTEX_WAKE_PRIVATE, 2147483647) = 0
1521710283.284574 open("/usr/lib64/gssproxy/proxymech.so", O_RDONLY|O_CLOEXEC) = 5
1521710283.284590 read(5, "\177ELF\2\1\1\0\0\0\0\0\0\0\0\0\3\0>\0\1\0\0\0\320x\0\0\0\0\0\0"..., 832) = 832
1521710283.284603 fstat(5, {st_mode=S_IFREG|0755, st_size=115072, ...}) = 0
1521710283.284618 mmap(NULL, 2208224, PROT_READ|PROT_EXEC, MAP_PRIVATE|MAP_DENYWRITE, 5, 0) = 0x7f8043c5d000
1521710283.284632 mprotect(0x7f8043c78000, 2093056, PROT_NONE) = 0
1521710283.284646 mmap(0x7f8043e77000, 8192, PROT_READ|PROT_WRITE, MAP_PRIVATE|MAP_FIXED|MAP_DENYWRITE, 5, 0x1a000) = 0x7f8043e77000
1521710283.284670 close(5)              = 0
1521710283.284691 open("/etc/ld.so.cache", O_RDONLY|O_CLOEXEC) = 5
1521710283.284709 fstat(5, {st_mode=S_IFREG|0644, st_size=74765, ...}) = 0
1521710283.284721 mmap(NULL, 74765, PROT_READ, MAP_PRIVATE, 5, 0) = 0x7f804eaf4000
1521710283.284748 close(5)              = 0
1521710283.284766 open("/lib64/libgssrpc.so.4", O_RDONLY|O_CLOEXEC) = 5
1521710283.284786 read(5, "\177ELF\2\1\1\0\0\0\0\0\0\0\0\0\3\0>\0\1\0\0\0\340Z\0\0\0\0\0\0"..., 832) = 832
1521710283.284799 fstat(5, {st_mode=S_IFREG|0755, st_size=134368, ...}) = 0
1521710283.284814 mmap(NULL, 2227072, PROT_READ|PROT_EXEC, MAP_PRIVATE|MAP_DENYWRITE, 5, 0) = 0x7f8043a3d000
1521710283.284828 mprotect(0x7f8043a5b000, 2097152, PROT_NONE) = 0
1521710283.284840 mmap(0x7f8043c5b000, 8192, PROT_READ|PROT_WRITE, MAP_PRIVATE|MAP_FIXED|MAP_DENYWRITE, 5, 0x1e000) = 0x7f8043c5b000
1521710283.284864 close(5)              = 0
1521710283.285013 mprotect(0x7f8043c5b000, 4096, PROT_READ) = 0
1521710283.285169 mprotect(0x7f8043e77000, 4096, PROT_READ) = 0
1521710283.285191 munmap(0x7f804eaf4000, 74765) = 0
1521710283.285247 stat("/usr/lib64/gssproxy/proxymech.so", {st_mode=S_IFREG|0755, st_size=115072, ...}) = 0
1521710283.285337 futex(0x7f804cf5e480, FUTEX_WAKE_PRIVATE, 2147483647) = 0
1521710283.285364 futex(0x7f804cf5f6d0, FUTEX_WAKE_PRIVATE, 2147483647) = 0
1521710283.285400 stat("/etc/krb5.conf", {st_mode=S_IFREG|0644, st_size=590, ...}) = 0
1521710283.285608 open("/etc/krb5.conf", O_RDONLY) = 5
1521710283.285631 fcntl(5, F_SETFD, FD_CLOEXEC) = 0
1521710283.285652 fstat(5, {st_mode=S_IFREG|0644, st_size=590, ...}) = 0
1521710283.285665 mmap(NULL, 4096, PROT_READ|PROT_WRITE, MAP_PRIVATE|MAP_ANONYMOUS, -1, 0) = 0x7f804eb21000
1521710283.285680 read(5, "# Configuration snippets may be "..., 4096) = 590
1521710283.285700 openat(AT_FDCWD, "/etc/krb5.conf.d/", O_RDONLY|O_NONBLOCK|O_DIRECTORY|O_CLOEXEC) = 6
1521710283.285721 getdents(6, /* 2 entries */, 32768) = 48
1521710283.285750 getdents(6, /* 0 entries */, 32768) = 0
1521710283.285765 close(6)              = 0
1521710283.285789 read(5, "", 4096)     = 0
1521710283.285804 close(5)              = 0
1521710283.285816 munmap(0x7f804eb21000, 4096) = 0
1521710283.285920 stat("/etc/krb5.conf", {st_mode=S_IFREG|0644, st_size=590, ...}) = 0
1521710283.285942 open("/etc/krb5.conf", O_RDONLY) = 5
1521710283.285957 fcntl(5, F_SETFD, FD_CLOEXEC) = 0
1521710283.285970 fstat(5, {st_mode=S_IFREG|0644, st_size=590, ...}) = 0
1521710283.285983 mmap(NULL, 4096, PROT_READ|PROT_WRITE, MAP_PRIVATE|MAP_ANONYMOUS, -1, 0) = 0x7f804eb21000
1521710283.285997 read(5, "# Configuration snippets may be "..., 4096) = 590
1521710283.286013 openat(AT_FDCWD, "/etc/krb5.conf.d/", O_RDONLY|O_NONBLOCK|O_DIRECTORY|O_CLOEXEC) = 6
1521710283.286030 getdents(6, /* 2 entries */, 32768) = 48
1521710283.286044 getdents(6, /* 0 entries */, 32768) = 0
1521710283.286055 close(6)              = 0
1521710283.286074 read(5, "", 4096)     = 0
1521710283.286086 close(5)              = 0
1521710283.286097 munmap(0x7f804eb21000, 4096) = 0
1521710283.286133 access("/etc/krb5.conf", R_OK) = 0
1521710283.286153 stat("/etc/krb5.conf", {st_mode=S_IFREG|0644, st_size=590, ...}) = 0
1521710283.286184 stat("/etc/sysconfig/64bit_strstr_via_64bit_strstr_sse2_unaligned", 0x7fff57ba7270) = -1 ENOENT (No such file or directory)
1521710283.286210 geteuid()             = 1001
1521710283.286242 open("/var/kerberos/krb5/user/1001/client.keytab", O_RDONLY) = -1 ENOENT (No such file or directory)
1521710283.286282 getuid()              = 1001
1521710283.286309 keyctl(KEYCTL_GET_PERSISTENT, 1001, KEY_SPEC_PROCESS_KEYRING) = 936958775
1521710283.286335 keyctl(KEYCTL_SEARCH, 936958775, "keyring", "_krb", KEY_SPEC_PROCESS_KEYRING) = 183925689
1521710283.286352 keyctl(KEYCTL_SEARCH, 183925689, "user", "krb_ccache:primary", 0) = 714003442
1521710283.286369 keyctl(KEYCTL_READ, 714003442, NULL, 0) = 12
1521710283.286384 keyctl(KEYCTL_READ, 714003442, "", 12) = 12
1521710283.286450 keyctl(KEYCTL_READ, 183925689, NULL, 0) = 4
1521710283.286463 keyctl(KEYCTL_READ, 183925689, "\362\323\216*", 4) = 4
1521710283.286476 keyctl(KEYCTL_SEARCH, 183925689, "keyring", "1001", 0) = -1 ENOKEY (Required key not available)
1521710283.286495 keyctl(KEYCTL_DESCRIBE, 714003442, NULL, 0) = 43
1521710283.286509 keyctl(KEYCTL_DESCRIBE, 714003442, "user;1001;1001;3f010000;krb_ccac"..., 43) = 43
1521710283.286556 stat("/etc/krb5.conf", {st_mode=S_IFREG|0644, st_size=590, ...}) = 0
1521710283.286576 open("/etc/krb5.conf", O_RDONLY) = 5
1521710283.286592 fcntl(5, F_SETFD, FD_CLOEXEC) = 0
1521710283.286605 fstat(5, {st_mode=S_IFREG|0644, st_size=590, ...}) = 0
1521710283.286618 mmap(NULL, 4096, PROT_READ|PROT_WRITE, MAP_PRIVATE|MAP_ANONYMOUS, -1, 0) = 0x7f804eb21000
1521710283.286631 read(5, "# Configuration snippets may be "..., 4096) = 590
1521710283.286648 openat(AT_FDCWD, "/etc/krb5.conf.d/", O_RDONLY|O_NONBLOCK|O_DIRECTORY|O_CLOEXEC) = 6
1521710283.286664 getdents(6, /* 2 entries */, 32768) = 48
1521710283.286677 getdents(6, /* 0 entries */, 32768) = 0
1521710283.286688 close(6)              = 0
1521710283.286708 read(5, "", 4096)     = 0
1521710283.286720 close(5)              = 0
1521710283.286731 munmap(0x7f804eb21000, 4096) = 0
1521710283.286776 stat("/etc/krb5.conf", {st_mode=S_IFREG|0644, st_size=590, ...}) = 0
1521710283.286798 open("/etc/krb5.conf", O_RDONLY) = 5
1521710283.286813 fcntl(5, F_SETFD, FD_CLOEXEC) = 0
1521710283.286831 fstat(5, {st_mode=S_IFREG|0644, st_size=590, ...}) = 0
1521710283.286844 mmap(NULL, 4096, PROT_READ|PROT_WRITE, MAP_PRIVATE|MAP_ANONYMOUS, -1, 0) = 0x7f804eb21000
1521710283.286857 read(5, "# Configuration snippets may be "..., 4096) = 590
1521710283.286873 openat(AT_FDCWD, "/etc/krb5.conf.d/", O_RDONLY|O_NONBLOCK|O_DIRECTORY|O_CLOEXEC) = 6
1521710283.286889 getdents(6, /* 2 entries */, 32768) = 48
1521710283.286902 getdents(6, /* 0 entries */, 32768) = 0
1521710283.286913 close(6)              = 0
1521710283.286932 read(5, "", 4096)     = 0
1521710283.286944 close(5)              = 0
1521710283.286955 munmap(0x7f804eb21000, 4096) = 0
1521710283.286991 stat("/etc/krb5.conf", {st_mode=S_IFREG|0644, st_size=590, ...}) = 0
1521710283.287011 open("/etc/krb5.conf", O_RDONLY) = 5
1521710283.287026 fcntl(5, F_SETFD, FD_CLOEXEC) = 0
1521710283.287038 fstat(5, {st_mode=S_IFREG|0644, st_size=590, ...}) = 0
1521710283.287071 mmap(NULL, 4096, PROT_READ|PROT_WRITE, MAP_PRIVATE|MAP_ANONYMOUS, -1, 0) = 0x7f804eb21000
1521710283.287104 read(5, "# Configuration snippets may be "..., 4096) = 590
1521710283.287122 openat(AT_FDCWD, "/etc/krb5.conf.d/", O_RDONLY|O_NONBLOCK|O_DIRECTORY|O_CLOEXEC) = 6
1521710283.287140 getdents(6, /* 2 entries */, 32768) = 48
1521710283.287153 getdents(6, /* 0 entries */, 32768) = 0
1521710283.287164 close(6)              = 0
1521710283.287182 read(5, "", 4096)     = 0
1521710283.287194 close(5)              = 0
1521710283.287205 munmap(0x7f804eb21000, 4096) = 0
1521710283.287233 access("/etc/krb5.conf", R_OK) = 0
1521710283.287250 stat("/etc/krb5.conf", {st_mode=S_IFREG|0644, st_size=590, ...}) = 0
1521710283.287271 geteuid()             = 1001
1521710283.287287 open("/var/kerberos/krb5/user/1001/client.keytab", O_RDONLY) = -1 ENOENT (No such file or directory)
1521710283.287311 getuid()              = 1001
1521710283.287326 keyctl(KEYCTL_GET_PERSISTENT, 1001, KEY_SPEC_PROCESS_KEYRING) = 936958775
1521710283.287341 keyctl(KEYCTL_SEARCH, 936958775, "keyring", "_krb", KEY_SPEC_PROCESS_KEYRING) = 183925689
1521710283.287356 keyctl(KEYCTL_SEARCH, 183925689, "user", "krb_ccache:primary", 0) = 714003442
1521710283.287369 keyctl(KEYCTL_READ, 714003442, NULL, 0) = 12
1521710283.287381 keyctl(KEYCTL_READ, 714003442, "", 12) = 12
1521710283.287394 keyctl(KEYCTL_READ, 183925689, NULL, 0) = 4
1521710283.287405 keyctl(KEYCTL_READ, 183925689, "\362\323\216*", 4) = 4
1521710283.287417 keyctl(KEYCTL_SEARCH, 183925689, "keyring", "1001", 0) = -1 ENOKEY (Required key not available)
1521710283.287430 keyctl(KEYCTL_DESCRIBE, 714003442, NULL, 0) = 43
1521710283.287443 keyctl(KEYCTL_DESCRIBE, 714003442, "user;1001;1001;3f010000;krb_ccac"..., 43) = 43
1521710283.287464 access("/etc/krb5.conf", R_OK) = 0
1521710283.287480 stat("/etc/krb5.conf", {st_mode=S_IFREG|0644, st_size=590, ...}) = 0
1521710283.287512 stat("/etc/krb5.conf", {st_mode=S_IFREG|0644, st_size=590, ...}) = 0
1521710283.287529 open("/etc/krb5.conf", O_RDONLY) = 5
1521710283.287544 fcntl(5, F_SETFD, FD_CLOEXEC) = 0
1521710283.287557 fstat(5, {st_mode=S_IFREG|0644, st_size=590, ...}) = 0
1521710283.287570 mmap(NULL, 4096, PROT_READ|PROT_WRITE, MAP_PRIVATE|MAP_ANONYMOUS, -1, 0) = 0x7f804eb21000
1521710283.287583 read(5, "# Configuration snippets may be "..., 4096) = 590
1521710283.287600 openat(AT_FDCWD, "/etc/krb5.conf.d/", O_RDONLY|O_NONBLOCK|O_DIRECTORY|O_CLOEXEC) = 6
1521710283.287615 getdents(6, /* 2 entries */, 32768) = 48
1521710283.287629 getdents(6, /* 0 entries */, 32768) = 0
1521710283.287640 close(6)              = 0
1521710283.287658 read(5, "", 4096)     = 0
1521710283.287670 close(5)              = 0
1521710283.287682 munmap(0x7f804eb21000, 4096) = 0
1521710283.287729 stat("/home/king/.ssh/id_rsa", 0x7fff57ba7d50) = -1 ENOENT (No such file or directory)
1521710283.287754 stat("/home/king/.ssh/id_dsa", 0x7fff57ba7d50) = -1 ENOENT (No such file or directory)
1521710283.287769 stat("/home/king/.ssh/id_ecdsa", 0x7fff57ba7d50) = -1 ENOENT (No such file or directory)
1521710283.287783 stat("/home/king/.ssh/id_ed25519", 0x7fff57ba7d50) = -1 ENOENT (No such file or directory)
1521710283.287808 open("/dev/tty", O_RDWR) = 5
1521710283.287829 close(5)              = 0
1521710283.287841 open("/dev/tty", O_RDWR) = 5
1521710283.287855 ioctl(5, TCGETS, {B38400 opost isig icanon echo ...}) = 0
1521710283.287960 ioctl(5, SNDCTL_TMR_CONTINUE or TCSETSF, {B38400 opost isig icanon -echo ...}) = 0
1521710283.287975 rt_sigaction(SIGALRM, {0x55fff83655b0, [], SA_RESTORER, 0x7f804c4b3270}, {SIG_DFL, [], 0}, 8) = 0
1521710283.287992 rt_sigaction(SIGHUP, {0x55fff83655b0, [], SA_RESTORER, 0x7f804c4b3270}, {SIG_DFL, [], 0}, 8) = 0
1521710283.288005 rt_sigaction(SIGINT, {0x55fff83655b0, [], SA_RESTORER, 0x7f804c4b3270}, {SIG_DFL, [], 0}, 8) = 0
1521710283.288018 rt_sigaction(SIGPIPE, {0x55fff83655b0, [], SA_RESTORER, 0x7f804c4b3270}, {SIG_IGN, [], SA_RESTORER, 0x7f804c4b3270}, 8) = 0
1521710283.288031 rt_sigaction(SIGQUIT, {0x55fff83655b0, [], SA_RESTORER, 0x7f804c4b3270}, {SIG_DFL, [], 0}, 8) = 0
1521710283.288043 rt_sigaction(SIGTERM, {0x55fff83655b0, [], SA_RESTORER, 0x7f804c4b3270}, {SIG_DFL, [], 0}, 8) = 0
1521710283.288056 rt_sigaction(SIGTSTP, {0x55fff83655b0, [], SA_RESTORER, 0x7f804c4b3270}, {SIG_DFL, [], 0}, 8) = 0
1521710283.288068 rt_sigaction(SIGTTIN, {0x55fff83655b0, [], SA_RESTORER, 0x7f804c4b3270}, {SIG_DFL, [], 0}, 8) = 0
1521710283.288081 rt_sigaction(SIGTTOU, {0x55fff83655b0, [], SA_RESTORER, 0x7f804c4b3270}, {SIG_DFL, [], 0}, 8) = 0
1521710283.288094 write(5, "jacob@192.168.125.180's password"..., 34) = 34
1521710283.288118 read(5, "b", 1)       = 1
1521710283.289104 read(5, "b", 1)       = 1
1521710283.289117 read(5, "c", 1)       = 1
1521710283.289128 read(5, "0", 1)       = 1
1521710283.289140 read(5, "0", 1)       = 1
1521710283.289152 read(5, "0", 1)       = 1
1521710283.289163 read(5, "7", 1)       = 1
1521710283.289175 read(5, "3", 1)       = 1
1521710283.289187 read(5, "1", 1)       = 1
1521710283.289199 read(5, "\n", 1)      = 1
1521710283.289210 write(5, "\n", 1)     = 1
1521710283.289229 ioctl(5, SNDCTL_TMR_CONTINUE or TCSETSF, {B38400 opost isig icanon echo ...}) = 0
1521710283.289244 rt_sigaction(SIGALRM, {SIG_DFL, [], SA_RESTORER, 0x7f804c4b3270}, NULL, 8) = 0
1521710283.289256 rt_sigaction(SIGHUP, {SIG_DFL, [], SA_RESTORER, 0x7f804c4b3270}, NULL, 8) = 0
1521710283.289268 rt_sigaction(SIGINT, {SIG_DFL, [], SA_RESTORER, 0x7f804c4b3270}, NULL, 8) = 0
1521710283.289280 rt_sigaction(SIGQUIT, {SIG_DFL, [], SA_RESTORER, 0x7f804c4b3270}, NULL, 8) = 0
1521710283.289291 rt_sigaction(SIGPIPE, {SIG_IGN, [], SA_RESTORER, 0x7f804c4b3270}, NULL, 8) = 0
1521710283.289303 rt_sigaction(SIGTERM, {SIG_DFL, [], SA_RESTORER, 0x7f804c4b3270}, NULL, 8) = 0
1521710283.289315 rt_sigaction(SIGTSTP, {SIG_DFL, [], SA_RESTORER, 0x7f804c4b3270}, NULL, 8) = 0
1521710283.289326 rt_sigaction(SIGTTIN, {SIG_DFL, [], SA_RESTORER, 0x7f804c4b3270}, NULL, 8) = 0
1521710283.289338 rt_sigaction(SIGTTOU, {SIG_DFL, [], SA_RESTORER, 0x7f804c4b3270}, NULL, 8) = 0
1521710283.289350 close(5)              = 0
1521710283.289371 write(4, ":\321F\203\277\17\356\266\343\30q\250:\tT9\325sR\214\227\0\373\224\10\245\370\310\332\201\325="..., 148) = 148
1521710283.289457 select(5, [4], NULL, NULL, NULL) = 1 (in [4])
1521710283.306326 read(4, "\274,NQ\216\264_\300\376Hj\264n|\375&\270W\306\2155\231\206?\216\356\2\35", 8192) = 28
1521710283.306533 dup(0)                = 5
1521710283.306550 dup(1)                = 6
1521710283.306560 dup(2)                = 7
1521710283.306570 ioctl(5, TCGETS, {B38400 opost isig icanon echo ...}) = 0
1521710283.306618 ioctl(6, TCGETS, {B38400 opost isig icanon echo ...}) = 0
1521710283.306635 ioctl(7, TCGETS, {B38400 opost isig icanon echo ...}) = 0
1521710283.306653 fcntl(5, F_SETFD, FD_CLOEXEC) = 0
1521710283.306799 fcntl(6, F_SETFD, FD_CLOEXEC) = 0
1521710283.306811 fcntl(7, F_SETFD, FD_CLOEXEC) = 0
1521710283.306838 rt_sigaction(SIGHUP, NULL, {SIG_DFL, [], SA_RESTORER, 0x7f804c4b3270}, 8) = 0
1521710283.307028 rt_sigaction(SIGHUP, {SIG_IGN, [], SA_RESTORER, 0x7f804c4b3270}, NULL, 8) = 0
1521710283.307041 rt_sigaction(SIGHUP, NULL, {SIG_IGN, [], SA_RESTORER, 0x7f804c4b3270}, 8) = 0
1521710283.307062 rt_sigaction(SIGHUP, {0x55fff83081a0, [], SA_RESTORER, 0x7f804c4b3270}, NULL, 8) = 0
1521710283.307075 rt_sigaction(SIGINT, NULL, {SIG_DFL, [], SA_RESTORER, 0x7f804c4b3270}, 8) = 0
1521710283.307086 rt_sigaction(SIGINT, {SIG_IGN, [], SA_RESTORER, 0x7f804c4b3270}, NULL, 8) = 0
1521710283.307098 rt_sigaction(SIGINT, NULL, {SIG_IGN, [], SA_RESTORER, 0x7f804c4b3270}, 8) = 0
1521710283.307109 rt_sigaction(SIGINT, {0x55fff83081a0, [], SA_RESTORER, 0x7f804c4b3270}, NULL, 8) = 0
1521710283.307121 rt_sigaction(SIGQUIT, NULL, {SIG_DFL, [], SA_RESTORER, 0x7f804c4b3270}, 8) = 0
1521710283.307132 rt_sigaction(SIGQUIT, {SIG_IGN, [], SA_RESTORER, 0x7f804c4b3270}, NULL, 8) = 0
1521710283.307144 rt_sigaction(SIGQUIT, NULL, {SIG_IGN, [], SA_RESTORER, 0x7f804c4b3270}, 8) = 0
1521710283.307156 rt_sigaction(SIGQUIT, {0x55fff83081a0, [], SA_RESTORER, 0x7f804c4b3270}, NULL, 8) = 0
1521710283.307167 rt_sigaction(SIGTERM, NULL, {SIG_DFL, [], SA_RESTORER, 0x7f804c4b3270}, 8) = 0
1521710283.307179 rt_sigaction(SIGTERM, {SIG_IGN, [], SA_RESTORER, 0x7f804c4b3270}, NULL, 8) = 0
1521710283.307190 rt_sigaction(SIGTERM, NULL, {SIG_IGN, [], SA_RESTORER, 0x7f804c4b3270}, 8) = 0
1521710283.307202 rt_sigaction(SIGTERM, {0x55fff83081a0, [], SA_RESTORER, 0x7f804c4b3270}, NULL, 8) = 0
1521710283.307214 rt_sigaction(SIGWINCH, NULL, {SIG_DFL, [], 0}, 8) = 0
1521710283.307225 rt_sigaction(SIGWINCH, {0x55fff8308430, [], SA_RESTORER, 0x7f804c4b3270}, NULL, 8) = 0
1521710283.307237 ioctl(0, TCGETS, {B38400 opost isig icanon echo ...}) = 0
1521710283.307252 ioctl(0, SNDCTL_TMR_STOP or TCSETSW, {B38400 -opost -isig -icanon -echo ...}) = 0
1521710283.307269 clock_gettime(CLOCK_BOOTTIME, {29214, 243468158}) = 0
1521710283.307283 clock_gettime(CLOCK_BOOTTIME, {29214, 243481699}) = 0
1521710283.307296 select(8, [4], [4], NULL, NULL) = 1 (out [4])
1521710283.307315 clock_gettime(CLOCK_BOOTTIME, {29214, 243513072}) = 0
1521710283.307327 write(4, "4\276,\247\362\346\"\223\301Z\376\211\235yv\344W\224W\222\303X\325\320\177K\371\241\326\31l~"..., 112) = 112
1521710283.307410 clock_gettime(CLOCK_BOOTTIME, {29214, 243608875}) = 0
1521710283.307424 clock_gettime(CLOCK_BOOTTIME, {29214, 243621974}) = 0
1521710283.307435 select(8, [4], [], NULL, NULL) = 1 (in [4])
1521710283.492986 clock_gettime(CLOCK_BOOTTIME, {29214, 429186944}) = 0
1521710283.493004 read(4, "\303q\336\236\367x4\332B\207Ib\262S\352\242I\343.\256\327\222\207|`\227\270\240\235t\361\364"..., 8192) = 500
1521710283.493041 clock_gettime(CLOCK_BOOTTIME, {29214, 429239981}) = 0
1521710283.493054 clock_gettime(CLOCK_BOOTTIME, {29214, 429252253}) = 0
1521710283.493066 select(8, [4], [], NULL, NULL) = 1 (in [4])
1521710283.532416 clock_gettime(CLOCK_BOOTTIME, {29214, 468616907}) = 0
1521710283.532433 read(4, "=\257\247O\262\373\267\21r\336\314\355\245\303c8<\2052\353\t\201\343\361\17n\37\372\227\30\275S"..., 8192) = 44
1521710283.532464 getsockopt(4, SOL_TCP, TCP_NODELAY, [0], [4]) = 0
1521710283.532485 setsockopt(4, SOL_TCP, TCP_NODELAY, [1], 4) = 0
1521710283.532498 getsockname(4, {sa_family=AF_INET, sin_port=htons(44062), sin_addr=inet_addr("192.168.125.181")}, [16]) = 0
1521710283.532541 setsockopt(4, SOL_IP, IP_TOS, [16], 4) = 0
1521710283.532555 ioctl(0, TIOCGWINSZ, {ws_row=30, ws_col=133, ws_xpixel=0, ws_ypixel=0}) = 0
1521710283.532603 clock_gettime(CLOCK_BOOTTIME, {29214, 468802501}) = 0
1521710283.532617 clock_gettime(CLOCK_BOOTTIME, {29214, 468815102}) = 0
1521710283.532629 select(8, [4], [4], NULL, NULL) = 1 (out [4])
1521710283.532646 clock_gettime(CLOCK_BOOTTIME, {29214, 468844592}) = 0
1521710283.532661 write(4, "\260\303#\247WF\306\34\230V\223\21z\225\236\261\267\360\224i\f\35)\270xws\334\330\362d\33"..., 504) = 504
1521710283.532725 clock_gettime(CLOCK_BOOTTIME, {29214, 468924507}) = 0
1521710283.532739 clock_gettime(CLOCK_BOOTTIME, {29214, 468937504}) = 0
1521710283.532751 select(8, [4], [], NULL, NULL) = 1 (in [4])
1521710283.539046 clock_gettime(CLOCK_BOOTTIME, {29214, 475246857}) = 0
1521710283.539064 read(4, "\253\232\225\351k\364\332\315\360\r;\302\37;@\275\217^\26#jN\375)\253\352\16\333Z\323\260\317"..., 8192) = 108
1521710283.539122 clock_gettime(CLOCK_BOOTTIME, {29214, 475326414}) = 0
1521710283.539142 clock_gettime(CLOCK_BOOTTIME, {29214, 475340661}) = 0
1521710283.539155 select(8, [4 5], [], NULL, NULL) = 1 (in [4])
1521710283.540973 clock_gettime(CLOCK_BOOTTIME, {29214, 477173647}) = 0
1521710283.540991 read(4, ")dX\256\364\352\206+\342\276\322F\376\0\346\260\355k\304\245\7\203*\372O\20\4\tV<\327!"..., 8192) = 100
1521710283.541116 clock_gettime(CLOCK_BOOTTIME, {29214, 477318679}) = 0
1521710283.541134 clock_gettime(CLOCK_BOOTTIME, {29214, 477332316}) = 0
1521710283.541146 select(8, [4 5], [6], NULL, NULL) = 1 (out [6])
1521710283.541167 clock_gettime(CLOCK_BOOTTIME, {29214, 477365509}) = 0
1521710283.541180 write(6, "Last login: Thu Mar 22 17:15:20 "..., 60) = 60
1521710283.541296 clock_gettime(CLOCK_BOOTTIME, {29214, 477494781}) = 0
1521710283.541310 clock_gettime(CLOCK_BOOTTIME, {29214, 477508052}) = 0
1521710283.541322 select(8, [4 5], [], NULL, NULL) = 1 (in [4])
1521710283.717972 clock_gettime(CLOCK_BOOTTIME, {29214, 654173831}) = 0
1521710283.717992 read(4, "\323g\7(\227&L1\330\212:%D\321\4\17yEk|\\\272\344L\374\204\341\265\177\3\207\273"..., 8192) = 84
1521710283.718021 clock_gettime(CLOCK_BOOTTIME, {29214, 654220641}) = 0
1521710283.718035 clock_gettime(CLOCK_BOOTTIME, {29214, 654233256}) = 0
1521710283.718048 select(8, [4 5], [6], NULL, NULL) = 1 (out [6])
1521710283.718067 clock_gettime(CLOCK_BOOTTIME, {29214, 654265806}) = 0
1521710283.718080 write(6, "\33]0;jacob@study:~\7\33[?1034h[jacob"..., 43) = 43
1521710283.718212 clock_gettime(CLOCK_BOOTTIME, {29214, 654411299}) = 0
1521710283.718227 clock_gettime(CLOCK_BOOTTIME, {29214, 654425175}) = 0
1521710283.718239 select(8, [4 5], [], NULL, NULL) = 1 (in [5])
1521710284.128299 clock_gettime(CLOCK_BOOTTIME, {29215, 65384510}) = 0
1521710284.129782 read(5, "a", 16384)   = 1
1521710284.129818 clock_gettime(CLOCK_BOOTTIME, {29215, 66018090}) = 0
1521710284.129832 clock_gettime(CLOCK_BOOTTIME, {29215, 66030478}) = 0
1521710284.129845 select(8, [4 5], [4], NULL, NULL) = 1 (out [4])
1521710284.129865 clock_gettime(CLOCK_BOOTTIME, {29215, 66063209}) = 0
1521710284.129877 write(4, "\242O\16\10C&\312b\356+\215\230\207\343Y\226B\2\20xa\231tB\36\t\251;\300\317&/"..., 36) = 36
1521710284.129968 clock_gettime(CLOCK_BOOTTIME, {29215, 66167426}) = 0
1521710284.129982 clock_gettime(CLOCK_BOOTTIME, {29215, 66180639}) = 0
1521710284.129994 select(8, [4 5], [], NULL, NULL) = 1 (in [4])
1521710284.130545 clock_gettime(CLOCK_BOOTTIME, {29215, 66744831}) = 0
1521710284.130560 read(4, "\353\335\324|;\373\fYQ\246\370T\374\256\307f~w\366\364\214\"g\352\251\373\313\217\250R\372\211"..., 8192) = 36
1521710284.130582 clock_gettime(CLOCK_BOOTTIME, {29215, 66780443}) = 0
1521710284.130594 clock_gettime(CLOCK_BOOTTIME, {29215, 66792357}) = 0
1521710284.130607 select(8, [4 5], [6], NULL, NULL) = 1 (out [6])
1521710284.130624 clock_gettime(CLOCK_BOOTTIME, {29215, 66822668}) = 0
1521710284.130636 write(6, "a", 1)      = 1
1521710284.130734 clock_gettime(CLOCK_BOOTTIME, {29215, 66933010}) = 0
1521710284.130748 clock_gettime(CLOCK_BOOTTIME, {29215, 66955834}) = 0
1521710284.130777 select(8, [4 5], [], NULL, NULL) = 1 (in [5])
1521710284.145459 clock_gettime(CLOCK_BOOTTIME, {29215, 81659515}) = 0
1521710284.145477 read(5, "s", 16384)   = 1
1521710284.145505 clock_gettime(CLOCK_BOOTTIME, {29215, 81704164}) = 0
1521710284.145518 clock_gettime(CLOCK_BOOTTIME, {29215, 81716027}) = 0
1521710284.145530 select(8, [4 5], [4], NULL, NULL) = 1 (out [4])
1521710284.145549 clock_gettime(CLOCK_BOOTTIME, {29215, 81747453}) = 0
1521710284.145561 write(4, ".\361\303r\326\33Q\356:\313\233\367uG\236\246\227\273\271H\357]\16\5\356\346\350\272\0061R("..., 36) = 36
1521710284.145650 clock_gettime(CLOCK_BOOTTIME, {29215, 81848602}) = 0
1521710284.145663 clock_gettime(CLOCK_BOOTTIME, {29215, 81861661}) = 0
1521710284.145675 select(8, [4 5], [], NULL, NULL) = 1 (in [4])
1521710284.148033 clock_gettime(CLOCK_BOOTTIME, {29215, 84233441}) = 0
1521710284.148049 read(4, "\16\16\237\366\24>\341\3240\320b\322n\37\325\275\253op\260\203&\343\233\371m\355OB)yl"..., 8192) = 36
1521710284.148088 clock_gettime(CLOCK_BOOTTIME, {29215, 84286979}) = 0
1521710284.148101 clock_gettime(CLOCK_BOOTTIME, {29215, 84299244}) = 0
1521710284.148113 select(8, [4 5], [6], NULL, NULL) = 1 (out [6])
1521710284.148131 clock_gettime(CLOCK_BOOTTIME, {29215, 84329722}) = 0
1521710284.148143 write(6, "s", 1)      = 1
1521710284.148261 clock_gettime(CLOCK_BOOTTIME, {29215, 84459969}) = 0
1521710284.148275 clock_gettime(CLOCK_BOOTTIME, {29215, 84473168}) = 0
1521710284.148287 select(8, [4 5], [], NULL, NULL) = 1 (in [5])
1521710284.174210 clock_gettime(CLOCK_BOOTTIME, {29215, 110410323}) = 0
1521710284.174227 read(5, "d", 16384)   = 1
1521710284.174254 clock_gettime(CLOCK_BOOTTIME, {29215, 110452719}) = 0
1521710284.174266 clock_gettime(CLOCK_BOOTTIME, {29215, 110464542}) = 0
1521710284.174278 select(8, [4 5], [4], NULL, NULL) = 1 (out [4])
1521710284.174296 clock_gettime(CLOCK_BOOTTIME, {29215, 110494098}) = 0
1521710284.174308 write(4, "*S\301\304{3 ^\233\213\5\17uQ\234t\253\277\23\311\362\7\237\354\376\272\345\263.24\222"..., 36) = 36
1521710284.174380 clock_gettime(CLOCK_BOOTTIME, {29215, 110579308}) = 0
1521710284.174394 clock_gettime(CLOCK_BOOTTIME, {29215, 110592254}) = 0
1521710284.174406 select(8, [4 5], [], NULL, NULL) = 1 (in [4])
1521710284.174709 clock_gettime(CLOCK_BOOTTIME, {29215, 110908723}) = 0
1521710284.174724 read(4, "\34\337\307W\354\177\4\332\366\234\352\375\256C\251\251\231\177\314%\332\320d\361\255\302\306\372\"kW?"..., 8192) = 36
1521710284.174746 clock_gettime(CLOCK_BOOTTIME, {29215, 110945051}) = 0
1521710284.174759 clock_gettime(CLOCK_BOOTTIME, {29215, 110957124}) = 0
1521710284.174771 select(8, [4 5], [6], NULL, NULL) = 1 (out [6])
1521710284.174789 clock_gettime(CLOCK_BOOTTIME, {29215, 110987222}) = 0
1521710284.174801 write(6, "d", 1)      = 1
1521710284.174907 clock_gettime(CLOCK_BOOTTIME, {29215, 111106010}) = 0
1521710284.174921 clock_gettime(CLOCK_BOOTTIME, {29215, 111119128}) = 0
1521710284.174933 select(8, [4 5], [], NULL, NULL) = 1 (in [5])
1521710284.206121 clock_gettime(CLOCK_BOOTTIME, {29215, 142327295}) = 0
1521710284.206152 read(5, "f", 16384)   = 1
1521710284.206183 clock_gettime(CLOCK_BOOTTIME, {29215, 142382785}) = 0
1521710284.206197 clock_gettime(CLOCK_BOOTTIME, {29215, 142395422}) = 0
1521710284.206210 select(8, [4 5], [4], NULL, NULL) = 1 (out [4])
1521710284.206230 clock_gettime(CLOCK_BOOTTIME, {29215, 142441324}) = 0
1521710284.206262 write(4, "\"\f\257\200\2?\350\nq\276I\321\3050\222N\262bC\301U\267\31\17?\303\201\307\337\277k="..., 36) = 36
1521710284.206356 clock_gettime(CLOCK_BOOTTIME, {29215, 142558074}) = 0
1521710284.206377 clock_gettime(CLOCK_BOOTTIME, {29215, 142575086}) = 0
1521710284.206389 select(8, [4 5], [], NULL, NULL) = 1 (in [4])
1521710284.206965 clock_gettime(CLOCK_BOOTTIME, {29215, 143164435}) = 0
1521710284.206979 read(4, "x\313\375\263Q\302\30E\24\242()X#0\331\345EN\5\254h\232\300\2518@3\7\\\212\322"..., 8192) = 36
1521710284.207002 clock_gettime(CLOCK_BOOTTIME, {29215, 143200766}) = 0
1521710284.207014 clock_gettime(CLOCK_BOOTTIME, {29215, 143212565}) = 0
1521710284.207026 select(8, [4 5], [6], NULL, NULL) = 1 (out [6])
1521710284.207044 clock_gettime(CLOCK_BOOTTIME, {29215, 143242312}) = 0
1521710284.207056 write(6, "f", 1)      = 1
1521710284.207155 clock_gettime(CLOCK_BOOTTIME, {29215, 143354450}) = 0
1521710284.207169 clock_gettime(CLOCK_BOOTTIME, {29215, 143367759}) = 0
1521710284.207181 select(8, [4 5], [], NULL, NULL) = 1 (in [5])
1521710284.461879 clock_gettime(CLOCK_BOOTTIME, {29215, 398079087}) = 0
1521710284.461896 read(5, "a", 16384)   = 1
1521710284.461924 clock_gettime(CLOCK_BOOTTIME, {29215, 398122751}) = 0
1521710284.461936 clock_gettime(CLOCK_BOOTTIME, {29215, 398134660}) = 0
1521710284.461949 select(8, [4 5], [4], NULL, NULL) = 1 (out [4])
1521710284.461966 clock_gettime(CLOCK_BOOTTIME, {29215, 398164400}) = 0
1521710284.461978 write(4, "\321\n\360O\202{\210r\16\205\211\362KsI\376-\242\3552\274.\v\300\n\327V\5C\273\224\331"..., 36) = 36
1521710284.462098 clock_gettime(CLOCK_BOOTTIME, {29215, 398300327}) = 0
1521710284.462116 clock_gettime(CLOCK_BOOTTIME, {29215, 398314571}) = 0
1521710284.462129 select(8, [4 5], [], NULL, NULL) = 1 (in [4])
1521710284.464060 clock_gettime(CLOCK_BOOTTIME, {29215, 400260284}) = 0
1521710284.464077 read(4, "\31\361\235(\v&6\334\341RA\250\354sp\0\370)\37L\262\252\273\265q\250s\367\201\252\36\306"..., 8192) = 36
1521710284.464103 clock_gettime(CLOCK_BOOTTIME, {29215, 400302171}) = 0
1521710284.464116 clock_gettime(CLOCK_BOOTTIME, {29215, 400314135}) = 0
1521710284.464128 select(8, [4 5], [6], NULL, NULL) = 1 (out [6])
1521710284.464147 clock_gettime(CLOCK_BOOTTIME, {29215, 400345304}) = 0
1521710284.464159 write(6, "a", 1)      = 1
1521710284.464206 clock_gettime(CLOCK_BOOTTIME, {29215, 400404557}) = 0
1521710284.464219 clock_gettime(CLOCK_BOOTTIME, {29215, 400417437}) = 0
1521710284.464231 select(8, [4 5], [], NULL, NULL) = 1 (in [5])
1521710284.474636 clock_gettime(CLOCK_BOOTTIME, {29215, 410836706}) = 0
1521710284.474654 read(5, "s", 16384)   = 1
1521710284.474682 clock_gettime(CLOCK_BOOTTIME, {29215, 410881454}) = 0
1521710284.474695 clock_gettime(CLOCK_BOOTTIME, {29215, 410893426}) = 0
1521710284.474707 select(8, [4 5], [4], NULL, NULL) = 1 (out [4])
1521710284.474725 clock_gettime(CLOCK_BOOTTIME, {29215, 410923772}) = 0
1521710284.474738 write(4, "r-\377\234M\322kq}X\236\27J%c\320\7\vt]:\242\\\0\201\275\306\347F\0\361#"..., 36) = 36
1521710284.474814 clock_gettime(CLOCK_BOOTTIME, {29215, 411013143}) = 0
1521710284.474828 clock_gettime(CLOCK_BOOTTIME, {29215, 411026559}) = 0
1521710284.474840 select(8, [4 5], [], NULL, NULL) = 1 (in [4])
1521710284.475582 clock_gettime(CLOCK_BOOTTIME, {29215, 411782180}) = 0
1521710284.475597 read(4, "fUI[A\212C(\270?]5\356\350\17\201\35m\267f\310\366\32\304\5A\335\261\3060\240\f"..., 8192) = 36
1521710284.475619 clock_gettime(CLOCK_BOOTTIME, {29215, 411817847}) = 0
1521710284.475631 clock_gettime(CLOCK_BOOTTIME, {29215, 411829826}) = 0
1521710284.475643 select(8, [4 5], [6], NULL, NULL) = 1 (out [6])
1521710284.475661 clock_gettime(CLOCK_BOOTTIME, {29215, 411859343}) = 0
1521710284.475673 write(6, "s", 1)      = 1
1521710284.475761 clock_gettime(CLOCK_BOOTTIME, {29215, 411960233}) = 0
1521710284.475775 clock_gettime(CLOCK_BOOTTIME, {29215, 411973640}) = 0
1521710284.475787 select(8, [4 5], [], NULL, NULL) = 1 (in [5])
1521710284.526043 clock_gettime(CLOCK_BOOTTIME, {29215, 462244863}) = 0
1521710284.526065 read(5, "d", 16384)   = 1
1521710284.526100 clock_gettime(CLOCK_BOOTTIME, {29215, 462299649}) = 0
1521710284.526114 clock_gettime(CLOCK_BOOTTIME, {29215, 462312738}) = 0
1521710284.526128 select(8, [4 5], [4], NULL, NULL) = 1 (out [4])
1521710284.526148 clock_gettime(CLOCK_BOOTTIME, {29215, 462346109}) = 0
1521710284.526161 write(4, "@\303\224\207\344SB2\25\314\342!\365\370*2\321\221T\375\31\23}\1\201\26J\354sW\362\305"..., 36) = 36
1521710284.526247 clock_gettime(CLOCK_BOOTTIME, {29215, 462446588}) = 0
1521710284.526262 clock_gettime(CLOCK_BOOTTIME, {29215, 462460140}) = 0
1521710284.526274 select(8, [4 5], [], NULL, NULL) = 1 (in [4])
1521710284.526705 clock_gettime(CLOCK_BOOTTIME, {29215, 462904714}) = 0
1521710284.526720 read(4, "\330\270\f\21n\n\332\241\253\317\204[9\331u3  \236u~\2\273w%v\5cn\312a\267"..., 8192) = 36
1521710284.526744 clock_gettime(CLOCK_BOOTTIME, {29215, 462943058}) = 0
1521710284.526757 clock_gettime(CLOCK_BOOTTIME, {29215, 462955196}) = 0
1521710284.526769 select(8, [4 5], [6], NULL, NULL) = 1 (out [6])
1521710284.526787 clock_gettime(CLOCK_BOOTTIME, {29215, 462985598}) = 0
1521710284.526799 write(6, "d", 1)      = 1
1521710284.526952 clock_gettime(CLOCK_BOOTTIME, {29215, 463150838}) = 0
1521710284.526966 clock_gettime(CLOCK_BOOTTIME, {29215, 463164648}) = 0
1521710284.526978 select(8, [4 5], [], NULL, NULL) = 1 (in [5])
1521710284.606135 clock_gettime(CLOCK_BOOTTIME, {29215, 542335717}) = 0
1521710284.606153 read(5, "\r", 16384)  = 1
1521710284.606180 clock_gettime(CLOCK_BOOTTIME, {29215, 542378567}) = 0
1521710284.606192 clock_gettime(CLOCK_BOOTTIME, {29215, 542398454}) = 0
1521710284.606213 select(8, [4 5], [4], NULL, NULL) = 1 (out [4])
1521710284.606231 clock_gettime(CLOCK_BOOTTIME, {29215, 542429648}) = 0
1521710284.606244 write(4, "\347Z\201,N\342\337\f\230_\325se\325\310@*\2l+\333\310\17-\27\222\375\316fR^l"..., 36) = 36
1521710284.606317 clock_gettime(CLOCK_BOOTTIME, {29215, 542528625}) = 0
1521710284.606346 clock_gettime(CLOCK_BOOTTIME, {29215, 542544273}) = 0
1521710284.606358 select(8, [4 5], [], NULL, NULL) = 1 (in [4])
1521710284.608769 clock_gettime(CLOCK_BOOTTIME, {29215, 544970006}) = 0
1521710284.608786 read(4, "\347(\345\367\231\241f\226\34\223\234hU\233X\232\334\315\207ij\0\0\3070?=s\371\354\264k"..., 8192) = 36
1521710284.608813 clock_gettime(CLOCK_BOOTTIME, {29215, 545012233}) = 0
1521710284.608826 clock_gettime(CLOCK_BOOTTIME, {29215, 545024370}) = 0
1521710284.608838 select(8, [4 5], [6], NULL, NULL) = 1 (out [6])
1521710284.608857 clock_gettime(CLOCK_BOOTTIME, {29215, 545055670}) = 0
1521710284.608869 write(6, "\r\n", 2)   = 2
1521710284.608983 clock_gettime(CLOCK_BOOTTIME, {29215, 545182535}) = 0
1521710284.608998 clock_gettime(CLOCK_BOOTTIME, {29215, 545196190}) = 0
1521710284.609010 select(8, [4 5], [], NULL, NULL) = 1 (in [4])
1521710284.667006 clock_gettime(CLOCK_BOOTTIME, {29215, 603206849}) = 0
1521710284.667024 read(4, "\331e@#\372\r\1\\\372\34\353po\0\37@\324\363UJ{X\20\226\377\303\304\257\3142\312#"..., 8192) = 76
1521710284.667053 clock_gettime(CLOCK_BOOTTIME, {29215, 603251851}) = 0
1521710284.667066 clock_gettime(CLOCK_BOOTTIME, {29215, 603263835}) = 0
1521710284.667078 select(8, [4 5], [6], NULL, NULL) = 1 (out [6])
1521710284.667097 clock_gettime(CLOCK_BOOTTIME, {29215, 603294932}) = 0
1521710284.667109 write(6, "bash: asdfasd: command not found"..., 37) = 37
1521710284.667223 clock_gettime(CLOCK_BOOTTIME, {29215, 603422471}) = 0
1521710284.667238 clock_gettime(CLOCK_BOOTTIME, {29215, 603436221}) = 0
1521710284.667250 select(8, [4 5], [], NULL, NULL) = 1 (in [4])
1521710284.689061 clock_gettime(CLOCK_BOOTTIME, {29215, 625263801}) = 0
1521710284.689084 read(4, "\257\275\214\247W \273\344}{\351\320\263~\333=h\3301\207x\210\30\234r\10\f\257\371\333\331x"..., 8192) = 76
1521710284.689115 clock_gettime(CLOCK_BOOTTIME, {29215, 625314999}) = 0
1521710284.689129 clock_gettime(CLOCK_BOOTTIME, {29215, 625328127}) = 0
1521710284.689143 select(8, [4 5], [6], NULL, NULL) = 1 (out [6])
1521710284.689164 clock_gettime(CLOCK_BOOTTIME, {29215, 625362243}) = 0
1521710284.689177 write(6, "\33]0;jacob@study:~\7[jacob@study ~"..., 35) = 35
1521710284.689256 clock_gettime(CLOCK_BOOTTIME, {29215, 625455156}) = 0
1521710284.689270 clock_gettime(CLOCK_BOOTTIME, {29215, 625468996}) = 0
1521710284.689283 select(8, [4 5], [], NULL, NULL) = 1 (in [5])
1521710284.807527 clock_gettime(CLOCK_BOOTTIME, {29215, 743727896}) = 0
1521710284.807544 read(5, "s", 16384)   = 1
1521710284.807572 clock_gettime(CLOCK_BOOTTIME, {29215, 743770723}) = 0
1521710284.807584 clock_gettime(CLOCK_BOOTTIME, {29215, 743782678}) = 0
1521710284.807597 select(8, [4 5], [4], NULL, NULL) = 1 (out [4])
1521710284.807614 clock_gettime(CLOCK_BOOTTIME, {29215, 743812393}) = 0
1521710284.807626 write(4, "\21&\220[\352M\252\3263:\222\344\344W\222p\0379\177\v1GS\23\240\217\376JL\206\256\232"..., 36) = 36
1521710284.807708 clock_gettime(CLOCK_BOOTTIME, {29215, 743907124}) = 0
1521710284.807722 clock_gettime(CLOCK_BOOTTIME, {29215, 743920236}) = 0
1521710284.807734 select(8, [4 5], [], NULL, NULL) = 1 (in [4])
1521710284.808587 clock_gettime(CLOCK_BOOTTIME, {29215, 744787488}) = 0
1521710284.808603 read(4, "\246e\244\370M)\226n\320\233/\0332q\36O\266\233t\263\341\271\335\253;\366|\33x9\204\6"..., 8192) = 36
1521710284.808624 clock_gettime(CLOCK_BOOTTIME, {29215, 744822930}) = 0
1521710284.808637 clock_gettime(CLOCK_BOOTTIME, {29215, 744834868}) = 0
1521710284.808649 select(8, [4 5], [6], NULL, NULL) = 1 (out [6])
1521710284.808666 clock_gettime(CLOCK_BOOTTIME, {29215, 744864516}) = 0
1521710284.808678 write(6, "s", 1)      = 1
1521710284.808762 clock_gettime(CLOCK_BOOTTIME, {29215, 744968665}) = 0
1521710284.808785 clock_gettime(CLOCK_BOOTTIME, {29215, 744982926}) = 0
1521710284.808796 select(8, [4 5], [], NULL, NULL) = 1 (in [5])
1521710284.817172 clock_gettime(CLOCK_BOOTTIME, {29215, 753372193}) = 0
1521710284.817189 read(5, "a", 16384)   = 1
1521710284.817217 clock_gettime(CLOCK_BOOTTIME, {29215, 753415604}) = 0
1521710284.817229 clock_gettime(CLOCK_BOOTTIME, {29215, 753427597}) = 0
1521710284.817242 select(8, [4 5], [4], NULL, NULL) = 1 (out [4])
1521710284.817259 clock_gettime(CLOCK_BOOTTIME, {29215, 753457164}) = 0
1521710284.817271 write(4, "H\33\331\370kt\310\2451\342&[S\rH\34,\3301\36\323\303\336L\r\311\237j\2662\301D"..., 36) = 36
1521710284.817346 clock_gettime(CLOCK_BOOTTIME, {29215, 753545239}) = 0
1521710284.817360 clock_gettime(CLOCK_BOOTTIME, {29215, 753558277}) = 0
1521710284.817372 select(8, [4 5], [], NULL, NULL) = 1 (in [4])
1521710284.817783 clock_gettime(CLOCK_BOOTTIME, {29215, 753982959}) = 0
1521710284.817798 read(4, "\25K\273l\20\36=/\334\335\332\252d4!\177\226V\6\335\266J\375A\350S\271 \376S}\372"..., 8192) = 36
1521710284.817819 clock_gettime(CLOCK_BOOTTIME, {29215, 754018407}) = 0
1521710284.817832 clock_gettime(CLOCK_BOOTTIME, {29215, 754030529}) = 0
1521710284.817844 select(8, [4 5], [6], NULL, NULL) = 1 (out [6])
1521710284.817862 clock_gettime(CLOCK_BOOTTIME, {29215, 754060493}) = 0
1521710284.817874 write(6, "a", 1)      = 1
1521710284.817968 clock_gettime(CLOCK_BOOTTIME, {29215, 754167133}) = 0
1521710284.817982 clock_gettime(CLOCK_BOOTTIME, {29215, 754180717}) = 0
1521710284.817994 select(8, [4 5], [], NULL, NULL) = 1 (in [5])
1521710284.862114 clock_gettime(CLOCK_BOOTTIME, {29215, 798314797}) = 0
1521710284.862132 read(5, "d", 16384)   = 1
1521710284.862160 clock_gettime(CLOCK_BOOTTIME, {29215, 798359251}) = 0
1521710284.862173 clock_gettime(CLOCK_BOOTTIME, {29215, 798371244}) = 0
1521710284.862185 select(8, [4 5], [4], NULL, NULL) = 1 (out [4])
1521710284.862202 clock_gettime(CLOCK_BOOTTIME, {29215, 798400844}) = 0
1521710284.862215 write(4, "\323\275\32\1}\214\27\200.\200\222\260y\355\272->S\351\346\2420\315\243\307\f\242\0323\324\212\20"..., 36) = 36
1521710284.862285 clock_gettime(CLOCK_BOOTTIME, {29215, 798484195}) = 0
1521710284.862299 clock_gettime(CLOCK_BOOTTIME, {29215, 798497117}) = 0
1521710284.862311 select(8, [4 5], [], NULL, NULL) = 1 (in [4])
1521710284.862671 clock_gettime(CLOCK_BOOTTIME, {29215, 798871656}) = 0
1521710284.862687 read(4, "\350n\356\213\326\253X\\\3043\332\377\254a\7\37b\352\363\2773\253\335x\2503\225\36f\276\177\225"..., 8192) = 36
1521710284.862754 clock_gettime(CLOCK_BOOTTIME, {29215, 798953616}) = 0
1521710284.862768 clock_gettime(CLOCK_BOOTTIME, {29215, 798965969}) = 0
1521710284.862780 select(8, [4 5], [6], NULL, NULL) = 1 (out [6])
1521710284.862799 clock_gettime(CLOCK_BOOTTIME, {29215, 798997824}) = 0
1521710284.862811 write(6, "d", 1)      = 1
1521710284.862902 clock_gettime(CLOCK_BOOTTIME, {29215, 799100906}) = 0
1521710284.862916 clock_gettime(CLOCK_BOOTTIME, {29215, 799114357}) = 0
1521710284.862928 select(8, [4 5], [], NULL, NULL) = 1 (in [5])
1521710284.933921 clock_gettime(CLOCK_BOOTTIME, {29215, 870121299}) = 0
1521710284.933938 read(5, "f", 16384)   = 1
1521710284.933966 clock_gettime(CLOCK_BOOTTIME, {29215, 870165490}) = 0
1521710284.933979 clock_gettime(CLOCK_BOOTTIME, {29215, 870177425}) = 0
1521710284.933991 select(8, [4 5], [4], NULL, NULL) = 1 (out [4])
1521710284.934009 clock_gettime(CLOCK_BOOTTIME, {29215, 870207421}) = 0
1521710284.934021 write(4, "\325T\325DKh\352Q3cq\343qZM\3422\32\326\334\236\20j\fO\375\20sN\223\341\6"..., 36) = 36
1521710284.934100 clock_gettime(CLOCK_BOOTTIME, {29215, 870300764}) = 0
1521710284.934122 clock_gettime(CLOCK_BOOTTIME, {29215, 870320697}) = 0
1521710284.934135 select(8, [4 5], [], NULL, NULL) = 1 (in [4])
1521710284.936176 clock_gettime(CLOCK_BOOTTIME, {29215, 872380440}) = 0
1521710284.936198 read(4, "\212\233\242\212\227\2055j=hd\322D\235\2158\336\330\374(z\364\320\210\205g\205\3011\325{\204"..., 8192) = 36
1521710284.936261 clock_gettime(CLOCK_BOOTTIME, {29215, 872460124}) = 0
1521710284.936283 clock_gettime(CLOCK_BOOTTIME, {29215, 872481479}) = 0
1521710284.936296 select(8, [4 5], [6], NULL, NULL) = 1 (out [6])
1521710284.936315 clock_gettime(CLOCK_BOOTTIME, {29215, 872513948}) = 0
1521710284.936328 write(6, "f", 1)      = 1
1521710284.936411 clock_gettime(CLOCK_BOOTTIME, {29215, 872609893}) = 0
1521710284.936425 clock_gettime(CLOCK_BOOTTIME, {29215, 872623249}) = 0
1521710284.936437 select(8, [4 5], [], NULL, NULL) = 1 (in [5])
1521710285.037861 clock_gettime(CLOCK_BOOTTIME, {29215, 974064762}) = 0
1521710285.037882 read(5, "\r", 16384)  = 1
1521710285.037911 clock_gettime(CLOCK_BOOTTIME, {29215, 974110347}) = 0
1521710285.037924 clock_gettime(CLOCK_BOOTTIME, {29215, 974122345}) = 0
1521710285.037936 select(8, [4 5], [4], NULL, NULL) = 1 (out [4])
1521710285.037954 clock_gettime(CLOCK_BOOTTIME, {29215, 974152026}) = 0
1521710285.037966 write(4, "\325t\373\210JYk\203\5c\314\354\302V\5e\22 vu\274\3669\22\23b\226\6#%bI"..., 36) = 36
1521710285.038071 clock_gettime(CLOCK_BOOTTIME, {29215, 974271931}) = 0
1521710285.038092 clock_gettime(CLOCK_BOOTTIME, {29215, 974290975}) = 0
1521710285.038105 select(8, [4 5], [], NULL, NULL) = 1 (in [4])
1521710285.038938 clock_gettime(CLOCK_BOOTTIME, {29215, 975138072}) = 0
1521710285.038954 read(4, "B\353!\0064\220WjR\241\21119\233\314e\2760\256\321\331;K{\233\307~\0303\335z\23"..., 8192) = 36
1521710285.039019 clock_gettime(CLOCK_BOOTTIME, {29215, 975218426}) = 0
1521710285.039033 clock_gettime(CLOCK_BOOTTIME, {29215, 975231185}) = 0
1521710285.039045 select(8, [4 5], [6], NULL, NULL) = 1 (out [6])
1521710285.039064 clock_gettime(CLOCK_BOOTTIME, {29215, 975262463}) = 0
1521710285.039076 write(6, "\r\n", 2)   = 2
1521710285.039171 clock_gettime(CLOCK_BOOTTIME, {29215, 975370008}) = 0
1521710285.039185 clock_gettime(CLOCK_BOOTTIME, {29215, 975383463}) = 0
1521710285.039197 select(8, [4 5], [], NULL, NULL) = 1 (in [4])
1521710285.073153 clock_gettime(CLOCK_BOOTTIME, {29216, 9358659}) = 0
1521710285.073177 read(4, "y4\2567\327\0213^\270\263\1\313X\207'\23}\332\30\214\322\211.\200\207\327<\311;\33\3340"..., 8192) = 8192
1521710285.073514 clock_gettime(CLOCK_BOOTTIME, {29216, 9718670}) = 0
1521710285.073664 clock_gettime(CLOCK_BOOTTIME, {29216, 9867135}) = 0
1521710285.073683 select(8, [4 5], [6], NULL, NULL) = 2 (in [4], out [6])
1521710285.073704 clock_gettime(CLOCK_BOOTTIME, {29216, 9902844}) = 0
1521710285.073717 write(6, "study.centos7.Jacob\t-1\t2018-03-2"..., 4095) = 4095
1521710285.073756 read(4, "Y\0240\233\344\203\36\237wj\346\271\343\203\245\314\217\246\341\341\315_g\355C\343\251\2\5\241P\36"..., 8192) = 8192
1521710285.073814 clock_gettime(CLOCK_BOOTTIME, {29216, 10014009}) = 0
1521710285.073828 clock_gettime(CLOCK_BOOTTIME, {29216, 10026316}) = 0
1521710285.073840 select(8, [4 5], [6], NULL, NULL) = 2 (in [4], out [6])
1521710285.073857 clock_gettime(CLOCK_BOOTTIME, {29216, 10055364}) = 0
1521710285.073869 write(6, ".centos7.Jacob\t600\t2018-03-22 03"..., 8190) = 8190
1521710285.073885 read(4, "j\321\243\336\206/\232p\5_\317\241A\33&=\331\31i\246\1A\336\346P\252\20\3470\221\10W"..., 8192) = 2228
1521710285.073931 clock_gettime(CLOCK_BOOTTIME, {29216, 10130426}) = 0
1521710285.073964 clock_gettime(CLOCK_BOOTTIME, {29216, 10163604}) = 0
1521710285.073978 select(8, [4 5], [6], NULL, NULL) = 1 (out [6])
1521710285.075780 clock_gettime(CLOCK_BOOTTIME, {29216, 11980171}) = 0
1521710285.075796 write(6, ".centos7.Jacob\t600\t2018-03-22 06"..., 6142) = 6142
1521710285.075822 clock_gettime(CLOCK_BOOTTIME, {29216, 12020650}) = 0
1521710285.075834 clock_gettime(CLOCK_BOOTTIME, {29216, 12032843}) = 0
1521710285.075847 select(8, [4 5], [], NULL, NULL) = 1 (in [5])
1521710285.183148 clock_gettime(CLOCK_BOOTTIME, {29216, 119349798}) = 0
1521710285.183167 read(5, "a", 16384)   = 1
1521710285.183197 clock_gettime(CLOCK_BOOTTIME, {29216, 119396314}) = 0
1521710285.183210 clock_gettime(CLOCK_BOOTTIME, {29216, 119408813}) = 0
1521710285.183223 select(8, [4 5], [4], NULL, NULL) = 1 (out [4])
1521710285.183243 clock_gettime(CLOCK_BOOTTIME, {29216, 119441505}) = 0
1521710285.183267 write(4, "\260<8\302\370{\344\3\10\220\0000t\271\327`\355\25\216\37\252\6\323\331\212D\340\226\32\227\207O"..., 36) = 36
1521710285.183337 clock_gettime(CLOCK_BOOTTIME, {29216, 119536578}) = 0
1521710285.183352 clock_gettime(CLOCK_BOOTTIME, {29216, 119550300}) = 0
1521710285.183364 select(8, [4 5], [], NULL, NULL) = 1 (in [4])
1521710285.184152 clock_gettime(CLOCK_BOOTTIME, {29216, 120352108}) = 0
1521710285.184168 read(4, "\306Qg\217tW!\207\3048\25+a3\211S/\333\7\262\22\361\221\3l\351\23\275\364P~\17"..., 8192) = 36
1521710285.184237 clock_gettime(CLOCK_BOOTTIME, {29216, 120436246}) = 0
1521710285.184250 clock_gettime(CLOCK_BOOTTIME, {29216, 120448460}) = 0
1521710285.184262 select(8, [4 5], [6], NULL, NULL) = 1 (out [6])
1521710285.184281 clock_gettime(CLOCK_BOOTTIME, {29216, 120479594}) = 0
1521710285.184294 write(6, "a", 1)      = 1
1521710285.184400 clock_gettime(CLOCK_BOOTTIME, {29216, 120599741}) = 0
1521710285.184415 clock_gettime(CLOCK_BOOTTIME, {29216, 120613227}) = 0
1521710285.184427 select(8, [4 5], [], NULL, NULL) = 1 (in [5])
1521710285.214159 clock_gettime(CLOCK_BOOTTIME, {29216, 150360201}) = 0
1521710285.214177 read(5, "s", 16384)   = 1
1521710285.214205 clock_gettime(CLOCK_BOOTTIME, {29216, 150404106}) = 0
1521710285.214218 clock_gettime(CLOCK_BOOTTIME, {29216, 150416167}) = 0
1521710285.214230 select(8, [4 5], [4], NULL, NULL) = 1 (out [4])
1521710285.214248 clock_gettime(CLOCK_BOOTTIME, {29216, 150446327}) = 0
1521710285.214260 write(4, "7\312\343\6\353\236\333\201U\216\303\201\221\377\350/\212\267\341\312\313\223\"\335\30\333\244\256&\223\372a"..., 36) = 36
1521710285.214340 clock_gettime(CLOCK_BOOTTIME, {29216, 150539085}) = 0
1521710285.214354 clock_gettime(CLOCK_BOOTTIME, {29216, 150552104}) = 0
1521710285.214366 select(8, [4 5], [], NULL, NULL) = 1 (in [4])
1521710285.215086 clock_gettime(CLOCK_BOOTTIME, {29216, 151285805}) = 0
1521710285.215101 read(4, "h2\v\243\313\224\35\247\271\376_H\25\235SIJG16Js\320\355\340\347Es4\260#q"..., 8192) = 36
1521710285.215123 clock_gettime(CLOCK_BOOTTIME, {29216, 151321649}) = 0
1521710285.215135 clock_gettime(CLOCK_BOOTTIME, {29216, 151333728}) = 0
1521710285.215148 select(8, [4 5], [6], NULL, NULL) = 1 (out [6])
1521710285.215165 clock_gettime(CLOCK_BOOTTIME, {29216, 151363934}) = 0
1521710285.215177 write(6, "s", 1)      = 1
1521710285.215250 clock_gettime(CLOCK_BOOTTIME, {29216, 151449389}) = 0
1521710285.215264 clock_gettime(CLOCK_BOOTTIME, {29216, 151462558}) = 0
1521710285.215276 select(8, [4 5], [], NULL, NULL) = 1 (in [5])
1521710285.238952 clock_gettime(CLOCK_BOOTTIME, {29216, 175152423}) = 0
1521710285.238969 read(5, "d", 16384)   = 1
1521710285.238997 clock_gettime(CLOCK_BOOTTIME, {29216, 175195756}) = 0
1521710285.239009 clock_gettime(CLOCK_BOOTTIME, {29216, 175207802}) = 0
1521710285.239022 select(8, [4 5], [4], NULL, NULL) = 1 (out [4])
1521710285.239040 clock_gettime(CLOCK_BOOTTIME, {29216, 175238006}) = 0
1521710285.239052 write(4, "\3037\7`\364+\360\370\2529\\\34=\30(\242\267\34\324\317\202\225\5\31>\237\316QD\16\277\263"..., 36) = 36
1521710285.239136 clock_gettime(CLOCK_BOOTTIME, {29216, 175334807}) = 0
1521710285.239150 clock_gettime(CLOCK_BOOTTIME, {29216, 175348194}) = 0
1521710285.239162 select(8, [4 5], [], NULL, NULL) = 1 (in [4])
1521710285.239966 clock_gettime(CLOCK_BOOTTIME, {29216, 176165693}) = 0
1521710285.239981 read(4, "\233jV\246\325C!h\237\362F\374\313\244\10\30Nt\205\264\201\310\320\\\2245hC\216r\0\235"..., 8192) = 36
1521710285.240002 clock_gettime(CLOCK_BOOTTIME, {29216, 176200660}) = 0
1521710285.240014 clock_gettime(CLOCK_BOOTTIME, {29216, 176212785}) = 0
1521710285.240026 select(8, [4 5], [6], NULL, NULL) = 1 (out [6])
1521710285.240044 clock_gettime(CLOCK_BOOTTIME, {29216, 176242282}) = 0
1521710285.240056 write(6, "d", 1)      = 1
1521710285.240143 clock_gettime(CLOCK_BOOTTIME, {29216, 176342131}) = 0
1521710285.240157 clock_gettime(CLOCK_BOOTTIME, {29216, 176355646}) = 0
1521710285.240169 select(8, [4 5], [], NULL, NULL) = 1 (in [5])
1521710285.318193 clock_gettime(CLOCK_BOOTTIME, {29216, 254393110}) = 0
1521710285.318218 read(5, "f", 16384)   = 1
1521710285.318246 clock_gettime(CLOCK_BOOTTIME, {29216, 254445276}) = 0
1521710285.318259 clock_gettime(CLOCK_BOOTTIME, {29216, 254457261}) = 0
1521710285.318271 select(8, [4 5], [4], NULL, NULL) = 1 (out [4])
1521710285.318289 clock_gettime(CLOCK_BOOTTIME, {29216, 254487113}) = 0
1521710285.318301 write(4, "S\"\314\200\353d\355p`\272\324\205;\366BV\260\276\23\270\243<V}\r\303Jx\0017\375\2"..., 36) = 36
1521710285.318374 clock_gettime(CLOCK_BOOTTIME, {29216, 254573316}) = 0
1521710285.318388 clock_gettime(CLOCK_BOOTTIME, {29216, 254586553}) = 0
1521710285.318413 select(8, [4 5], [], NULL, NULL) = 1 (in [4])
1521710285.318759 clock_gettime(CLOCK_BOOTTIME, {29216, 254959181}) = 0
1521710285.318774 read(4, "\t.\261ffs\221\363\307\201\260Qz\232E\340\353\2\22\264`\246\236am\346f\6H\23;M"..., 8192) = 36
1521710285.318837 clock_gettime(CLOCK_BOOTTIME, {29216, 255036455}) = 0
1521710285.318850 clock_gettime(CLOCK_BOOTTIME, {29216, 255048761}) = 0
1521710285.318862 select(8, [4 5], [6], NULL, NULL) = 1 (out [6])
1521710285.318881 clock_gettime(CLOCK_BOOTTIME, {29216, 255079747}) = 0
1521710285.318893 write(6, "f", 1)      = 1
1521710285.318982 clock_gettime(CLOCK_BOOTTIME, {29216, 255181396}) = 0
1521710285.318996 clock_gettime(CLOCK_BOOTTIME, {29216, 255194621}) = 0
1521710285.319008 select(8, [4 5], [], NULL, NULL) = 1 (in [5])
1521710285.438998 clock_gettime(CLOCK_BOOTTIME, {29216, 375199281}) = 0
1521710285.439018 read(5, "\r", 16384)  = 1
1521710285.439055 clock_gettime(CLOCK_BOOTTIME, {29216, 375255902}) = 0
1521710285.439070 clock_gettime(CLOCK_BOOTTIME, {29216, 375280240}) = 0
1521710285.439104 select(8, [4 5], [4], NULL, NULL) = 1 (out [4])
1521710285.439126 clock_gettime(CLOCK_BOOTTIME, {29216, 375324304}) = 0
1521710285.439139 write(4, "\221\203\7\353\320\16\361W\262\36\r\272@\36\354\366\274M\1\273\353\303CR\354\10\263\203\240\342\251\252"..., 36) = 36
1521710285.439246 clock_gettime(CLOCK_BOOTTIME, {29216, 375445738}) = 0
1521710285.439261 clock_gettime(CLOCK_BOOTTIME, {29216, 375459502}) = 0
1521710285.439274 select(8, [4 5], [], NULL, NULL) = 1 (in [4])
1521710285.441055 clock_gettime(CLOCK_BOOTTIME, {29216, 377299642}) = 0
1521710285.441123 read(4, "9m\234\336\226\274\2\271\346\375\234RL\347V\306:#S\306E\216@<\20\1\24\226x\357\221\355"..., 8192) = 36
1521710285.441242 clock_gettime(CLOCK_BOOTTIME, {29216, 377442152}) = 0
1521710285.441258 clock_gettime(CLOCK_BOOTTIME, {29216, 377456007}) = 0
1521710285.441271 select(8, [4 5], [6], NULL, NULL) = 1 (out [6])
1521710285.441295 clock_gettime(CLOCK_BOOTTIME, {29216, 377493653}) = 0
1521710285.441309 write(6, "\r\n", 2)   = 2
1521710285.441475 clock_gettime(CLOCK_BOOTTIME, {29216, 377674829}) = 0
1521710285.441491 clock_gettime(CLOCK_BOOTTIME, {29216, 377689153}) = 0
1521710285.441503 select(8, [4 5], [], NULL, NULL) = 1 (in [4])
1521710285.444344 clock_gettime(CLOCK_BOOTTIME, {29216, 380545043}) = 0
1521710285.444376 read(4, "\2467\6\250\205P\34\216T\20\262\227\3651\350\220`\215e,\23mZC\244!\200Z\213\254\351\16"..., 8192) = 100
1521710285.444474 clock_gettime(CLOCK_BOOTTIME, {29216, 380673794}) = 0
1521710285.444488 clock_gettime(CLOCK_BOOTTIME, {29216, 380686749}) = 0
1521710285.444501 select(8, [4 5], [6], NULL, NULL) = 1 (out [6])
1521710285.444522 clock_gettime(CLOCK_BOOTTIME, {29216, 380720680}) = 0
1521710285.444534 write(6, "bash: asdf: command not found..."..., 62) = 62
1521710285.444664 clock_gettime(CLOCK_BOOTTIME, {29216, 380862951}) = 0
1521710285.444678 clock_gettime(CLOCK_BOOTTIME, {29216, 380876167}) = 0
1521710285.444690 select(8, [4 5], [], NULL, NULL) = 1 (in [4])
1521710285.445218 clock_gettime(CLOCK_BOOTTIME, {29216, 381419307}) = 0
1521710285.445235 read(4, "\304q\233u6O\233\216e\357qbj\7`AHF\211\261\323\317\20E0\226\30R\354f\232\r"..., 8192) = 76
1521710285.445308 clock_gettime(CLOCK_BOOTTIME, {29216, 381507736}) = 0
1521710285.445322 clock_gettime(CLOCK_BOOTTIME, {29216, 381520439}) = 0
1521710285.445335 select(8, [4 5], [6], NULL, NULL) = 1 (out [6])
1521710285.445355 clock_gettime(CLOCK_BOOTTIME, {29216, 381568016}) = 0
1521710285.445383 write(6, "\33]0;jacob@study:~\7[jacob@study ~"..., 35) = 35
1521710285.445487 clock_gettime(CLOCK_BOOTTIME, {29216, 381686763}) = 0
1521710285.445502 clock_gettime(CLOCK_BOOTTIME, {29216, 381700553}) = 0
1521710285.445514 select(8, [4 5], [], NULL, NULL) = 1 (in [5])
1521710285.550210 clock_gettime(CLOCK_BOOTTIME, {29216, 486410430}) = 0
1521710285.550228 read(5, "a", 16384)   = 1
1521710285.550271 clock_gettime(CLOCK_BOOTTIME, {29216, 486470716}) = 0
1521710285.550285 clock_gettime(CLOCK_BOOTTIME, {29216, 486482908}) = 0
1521710285.550297 select(8, [4 5], [4], NULL, NULL) = 1 (out [4])
1521710285.550475 clock_gettime(CLOCK_BOOTTIME, {29216, 486673990}) = 0
1521710285.550489 write(4, "\255\237\224\251bK\327V\345\310\16\3274\7\266\323\6\317C4\355\363vin9\243\325\6X\3765"..., 36) = 36
1521710285.550578 clock_gettime(CLOCK_BOOTTIME, {29216, 486778690}) = 0
1521710285.550599 clock_gettime(CLOCK_BOOTTIME, {29216, 486798906}) = 0
1521710285.550613 select(8, [4 5], [], NULL, NULL) = 1 (in [4])
1521710285.550998 clock_gettime(CLOCK_BOOTTIME, {29216, 487197959}) = 0
1521710285.551013 read(4, "\227\210\316h\313\2344\367\300\36\367\222!F\27d\245\266\223c\17\313\21e\264M\273\231\245\20\351,"..., 8192) = 36
1521710285.551088 clock_gettime(CLOCK_BOOTTIME, {29216, 487287398}) = 0
1521710285.551101 clock_gettime(CLOCK_BOOTTIME, {29216, 487299730}) = 0
1521710285.551113 select(8, [4 5], [6], NULL, NULL) = 1 (out [6])
1521710285.551132 clock_gettime(CLOCK_BOOTTIME, {29216, 487330831}) = 0
1521710285.551144 write(6, "a", 1)      = 1
1521710285.551179 clock_gettime(CLOCK_BOOTTIME, {29216, 487378067}) = 0
1521710285.551192 clock_gettime(CLOCK_BOOTTIME, {29216, 487390726}) = 0
1521710285.551204 select(8, [4 5], [], NULL, NULL) = 1 (in [5])
1521710285.590069 clock_gettime(CLOCK_BOOTTIME, {29216, 526273761}) = 0
1521710285.590111 read(5, "s", 16384)   = 1
1521710285.590160 clock_gettime(CLOCK_BOOTTIME, {29216, 526361187}) = 0
1521710285.590177 clock_gettime(CLOCK_BOOTTIME, {29216, 526375995}) = 0
1521710285.590192 select(8, [4 5], [4], NULL, NULL) = 1 (out [4])
1521710285.590216 clock_gettime(CLOCK_BOOTTIME, {29216, 526415079}) = 0
1521710285.590231 write(4, "\\\260\31\31\360\36\315\340\323\271k\5 \0272\227\320\364\331\232\354\1\330\337\344\244\374P\266qR\224"..., 36) = 36
1521710285.590325 clock_gettime(CLOCK_BOOTTIME, {29216, 526524465}) = 0
1521710285.590341 clock_gettime(CLOCK_BOOTTIME, {29216, 526539229}) = 0
1521710285.590354 select(8, [4 5], [], NULL, NULL) = 1 (in [4])
1521710285.590905 clock_gettime(CLOCK_BOOTTIME, {29216, 527104652}) = 0
1521710285.590920 read(4, ")\232\373\7\366c\7\362\277P'\373}\3665\261\327\333\0073\324\21\r\270C\220\271\7\10Y.\342"..., 8192) = 36
1521710285.590948 clock_gettime(CLOCK_BOOTTIME, {29216, 527146901}) = 0
1521710285.590961 clock_gettime(CLOCK_BOOTTIME, {29216, 527158992}) = 0
1521710285.590973 select(8, [4 5], [6], NULL, NULL) = 1 (out [6])
1521710285.590993 clock_gettime(CLOCK_BOOTTIME, {29216, 527191103}) = 0
1521710285.591005 write(6, "s", 1)      = 1
1521710285.591215 clock_gettime(CLOCK_BOOTTIME, {29216, 527414735}) = 0
1521710285.591231 clock_gettime(CLOCK_BOOTTIME, {29216, 527429025}) = 0
1521710285.591243 select(8, [4 5], [], NULL, NULL) = 1 (in [5])
1521710285.646012 clock_gettime(CLOCK_BOOTTIME, {29216, 582212419}) = 0
1521710285.646030 read(5, "d", 16384)   = 1
1521710285.646062 clock_gettime(CLOCK_BOOTTIME, {29216, 582261311}) = 0
1521710285.646075 clock_gettime(CLOCK_BOOTTIME, {29216, 582273260}) = 0
1521710285.646088 select(8, [4 5], [4], NULL, NULL) = 1 (out [4])
1521710285.646105 clock_gettime(CLOCK_BOOTTIME, {29216, 582303708}) = 0
1521710285.646118 write(4, "FP\23\27\370\3659$\223\340\356\205\230\301 \324\251S}\257\26\375\20(\35)\373\247\215\333\3639"..., 36) = 36
1521710285.646212 clock_gettime(CLOCK_BOOTTIME, {29216, 582410779}) = 0
1521710285.646228 clock_gettime(CLOCK_BOOTTIME, {29216, 582428908}) = 0
1521710285.646248 select(8, [4 5], [], NULL, NULL) = 1 (in [4])
1521710285.646705 clock_gettime(CLOCK_BOOTTIME, {29216, 582904823}) = 0
1521710285.646728 read(4, "\324h\325\366\10\215:25\355\1K\327\364i\215\354\203\336\333\234\6\6\23\242\33\314\33\17\4\236\207"..., 8192) = 36
1521710285.646796 clock_gettime(CLOCK_BOOTTIME, {29216, 582995664}) = 0
1521710285.646810 clock_gettime(CLOCK_BOOTTIME, {29216, 583008169}) = 0
1521710285.646822 select(8, [4 5], [6], NULL, NULL) = 1 (out [6])
1521710285.646842 clock_gettime(CLOCK_BOOTTIME, {29216, 583040046}) = 0
1521710285.646854 write(6, "d", 1)      = 1
1521710285.646948 clock_gettime(CLOCK_BOOTTIME, {29216, 583147172}) = 0
1521710285.646963 clock_gettime(CLOCK_BOOTTIME, {29216, 583160868}) = 0
1521710285.646974 select(8, [4 5], [], NULL, NULL) = 1 (in [5])
1521710285.719326 clock_gettime(CLOCK_BOOTTIME, {29216, 655526575}) = 0
1521710285.719344 read(5, "f", 16384)   = 1
1521710285.719372 clock_gettime(CLOCK_BOOTTIME, {29216, 655570817}) = 0
1521710285.719384 clock_gettime(CLOCK_BOOTTIME, {29216, 655582818}) = 0
1521710285.719397 select(8, [4 5], [4], NULL, NULL) = 1 (out [4])
1521710285.719415 clock_gettime(CLOCK_BOOTTIME, {29216, 655613471}) = 0
1521710285.719428 write(4, "\353\30z\16\362_\222\207\223\273\326\234\327J\234\202\255\305\251\37\231\277\203\"\240\234\235\264Nl\346\302"..., 36) = 36
1521710285.719502 clock_gettime(CLOCK_BOOTTIME, {29216, 655701229}) = 0
1521710285.719516 clock_gettime(CLOCK_BOOTTIME, {29216, 655714534}) = 0
1521710285.719528 select(8, [4 5], [], NULL, NULL) = 1 (in [4])
1521710285.720027 clock_gettime(CLOCK_BOOTTIME, {29216, 656227067}) = 0
1521710285.720043 read(4, "\17PJ\310\234>\331p\367+\336\26XZ9\270\200`E\371\37\3m\264t\236\364\31\262\205\312\266"..., 8192) = 36
1521710285.720106 clock_gettime(CLOCK_BOOTTIME, {29216, 656305585}) = 0
1521710285.720120 clock_gettime(CLOCK_BOOTTIME, {29216, 656318014}) = 0
1521710285.720132 select(8, [4 5], [6], NULL, NULL) = 1 (out [6])
1521710285.720151 clock_gettime(CLOCK_BOOTTIME, {29216, 656349114}) = 0
1521710285.720163 write(6, "f", 1)      = 1
1521710285.720259 clock_gettime(CLOCK_BOOTTIME, {29216, 656458312}) = 0
1521710285.720273 clock_gettime(CLOCK_BOOTTIME, {29216, 656471738}) = 0
1521710285.720285 select(8, [4 5], [], NULL, NULL) = 1 (in [5])
1521710285.974094 clock_gettime(CLOCK_BOOTTIME, {29216, 910294295}) = 0
1521710285.974111 read(5, "\r", 16384)  = 1
1521710285.974139 clock_gettime(CLOCK_BOOTTIME, {29216, 910338241}) = 0
1521710285.974152 clock_gettime(CLOCK_BOOTTIME, {29216, 910350380}) = 0
1521710285.974165 select(8, [4 5], [4], NULL, NULL) = 1 (out [4])
1521710285.974182 clock_gettime(CLOCK_BOOTTIME, {29216, 910380734}) = 0
1521710285.974195 write(4, "D\21 \230\316{\316\231\26;c\fkOcc\4[\32\nP\355\337\3\255\3M\34\262s\367\214"..., 36) = 36
1521710285.974282 clock_gettime(CLOCK_BOOTTIME, {29216, 910482842}) = 0
1521710285.974303 clock_gettime(CLOCK_BOOTTIME, {29216, 910502200}) = 0
1521710285.974316 select(8, [4 5], [], NULL, NULL) = 1 (in [4])
1521710285.976092 clock_gettime(CLOCK_BOOTTIME, {29216, 912297659}) = 0
1521710285.976128 read(4, "\267G\216\226\0172\313k\332\330\356\267\260\301.\300u\314\237\371\222\306t\234\2h\224'\305Kq\6"..., 8192) = 36
1521710285.976189 clock_gettime(CLOCK_BOOTTIME, {29216, 912391955}) = 0
1521710285.976213 clock_gettime(CLOCK_BOOTTIME, {29216, 912414638}) = 0
1521710285.976235 select(8, [4 5], [6], NULL, NULL) = 1 (out [6])
1521710285.976270 clock_gettime(CLOCK_BOOTTIME, {29216, 912470427}) = 0
1521710285.976289 write(6, "\r\n", 2)   = 2
1521710285.976458 clock_gettime(CLOCK_BOOTTIME, {29216, 912657500}) = 0
1521710285.976473 clock_gettime(CLOCK_BOOTTIME, {29216, 912671322}) = 0
1521710285.976485 select(8, [4 5], [], NULL, NULL) = 1 (in [4])
1521710285.980573 clock_gettime(CLOCK_BOOTTIME, {29216, 916775051}) = 0
1521710285.980593 read(4, "\264\216\225?I\327|[f\322\311\311*\34\240~\350\215r\323\10 \0309\10`i\354\362\312\227S"..., 8192) = 176
1521710285.980625 clock_gettime(CLOCK_BOOTTIME, {29216, 916824021}) = 0
1521710285.980638 clock_gettime(CLOCK_BOOTTIME, {29216, 916836225}) = 0
1521710285.980650 select(8, [4 5], [6], NULL, NULL) = 1 (out [6])
1521710285.980670 clock_gettime(CLOCK_BOOTTIME, {29216, 916878347}) = 0
1521710285.980693 write(6, "bash: asdf: command not found..."..., 97) = 97
1521710285.980905 clock_gettime(CLOCK_BOOTTIME, {29216, 917104764}) = 0
1521710285.980921 clock_gettime(CLOCK_BOOTTIME, {29216, 917118874}) = 0
1521710285.980933 select(8, [4 5], [], NULL, NULL) = 1 (in [5])
1521710289.022558 clock_gettime(CLOCK_BOOTTIME, {29219, 958759803}) = 0
1521710289.022578 read(5, "\4", 16384)  = 1
1521710289.022607 clock_gettime(CLOCK_BOOTTIME, {29219, 958806356}) = 0
1521710289.022621 clock_gettime(CLOCK_BOOTTIME, {29219, 958819062}) = 0
1521710289.022634 select(8, [4 5], [4], NULL, NULL) = 1 (out [4])
1521710289.022653 clock_gettime(CLOCK_BOOTTIME, {29219, 958851331}) = 0
1521710289.022666 write(4, "z\216Xr_1\7c\256&\2457x\261\320q\332\23\236i\30\32\20\355\r\312\2218\346I\f{"..., 36) = 36
1521710289.022764 clock_gettime(CLOCK_BOOTTIME, {29219, 958963299}) = 0
1521710289.022779 clock_gettime(CLOCK_BOOTTIME, {29219, 958977306}) = 0
1521710289.022791 select(8, [4 5], [], NULL, NULL) = 1 (in [4])
1521710289.024215 clock_gettime(CLOCK_BOOTTIME, {29219, 960417689}) = 0
1521710289.024238 read(4, "\352Y\2200.\20\32\35$`)\325\3603c\f\22JHD\26\331{\4\356\344\233\312L\3\270\222"..., 8192) = 220
1521710289.024277 close(5)              = 0
1521710289.024306 clock_gettime(CLOCK_BOOTTIME, {29219, 960506554}) = 0
1521710289.024325 clock_gettime(CLOCK_BOOTTIME, {29219, 960525824}) = 0
1521710289.024344 select(8, [4], [6], NULL, NULL) = 1 (out [6])
1521710289.024372 clock_gettime(CLOCK_BOOTTIME, {29219, 960571937}) = 0
1521710289.024390 write(6, "logout\r\n", 8) = 8
1521710289.024517 clock_gettime(CLOCK_BOOTTIME, {29219, 960718745}) = 0
1521710289.024538 clock_gettime(CLOCK_BOOTTIME, {29219, 960738978}) = 0
1521710289.024561 close(6)              = 0
1521710289.024581 ioctl(0, SNDCTL_TMR_STOP or TCSETSW, {B38400 opost isig icanon echo ...}) = 0
1521710289.024628 close(7)              = 0
1521710289.024652 select(8, [4], [4], NULL, NULL) = 1 (out [4])
1521710289.024705 clock_gettime(CLOCK_BOOTTIME, {29219, 960910837}) = 0
1521710289.024733 write(4, "\336H$\351\225\210@\256u=\245\5\340\243\303o\211e\0303\246j<\273\17\361t\326pW\262\313"..., 36) = 36
1521710289.024815 rt_sigaction(SIGWINCH, NULL, {0x55fff8308430, [], SA_RESTORER, 0x7f804c4b3270}, 8) = 0
1521710289.024843 rt_sigaction(SIGWINCH, {SIG_DFL, [], SA_RESTORER, 0x7f804c4b3270}, NULL, 8) = 0
1521710289.024870 write(4, "\372\212\255\336\331\250c\t\222)\250s\257:6\307f>\\v\3056nI\276\206l.\35Bt\342"..., 60) = 60
1521710289.024947 ioctl(0, TCGETS, {B38400 opost isig icanon echo ...}) = 0
1521710289.024975 ioctl(1, TCGETS, {B38400 opost isig icanon echo ...}) = 0
1521710289.024996 ioctl(2, TCGETS, {B38400 opost isig icanon echo ...}) = 0
1521710289.025019 write(2, "Connection to 192.168.125.180 cl"..., 39) = 39
1521710289.025145 shutdown(4, SHUT_RDWR) = 0
1521710289.025208 close(4)              = 0
1521710289.025654 exit_group(127)       = ?
1521710289.026405 +++ exited with 127 +++
